93 const SCANNER_ACTION_TASK_PREFIX: &str = "s07-scanner-action:";
96 const SCANNER_ACTION_START_ERROR: &str = "Scanner action could not be started.";
99 struct PreparedScannerScan {
105 struct ScannerActionExecution {
172 result_rows: Vec<ScannerResultUiRow>,
189 file_list_rows: Vec<ScannerFileListUiRow>,
1443 ) -> Option<PreparedScannerScan> {
1478 Some(PreparedScannerScan { request, settings })
1782 let feedback = ScannerActionFeedback::failed(scan_id, action, SCANNER_ACTION_START_ERROR)
1817 "{SCANNER_ACTION_TASK_PREFIX}{scan_label}:{}",
1828 let rest = task_id.as_str().strip_prefix(SCANNER_ACTION_TASK_PREFIX)?;
2736 ) -> Vec<ScannerResultUiRow> {
2741 rows.push(ScannerResultUiRow {
2752 rows.push(ScannerResultUiRow {
2792 fn format_scanner_file_list_rows(file_list: &ScannerFileList) -> Vec<ScannerFileListUiRow> {
2796 .map(|entry| ScannerFileListUiRow {
3673 assert!(SCANNER_SLINT.contains("export struct ScannerResultUiRow"));
3674 assert!(SCANNER_SLINT.contains("export struct ScannerFileListUiRow"));
3783 "import { ScannerTab, ScannerResultUiRow, ScannerFileListUiRow }",
3799 "in-out property <[ScannerResultUiRow]> scanner-result-rows",
3802 "in-out property <[ScannerFileListUiRow]> scanner-file-list-rows",
