error: mismatched closing delimiter: `}`
   --> /mnt/j/cmt-rs/src/services/autofix.rs:698:47
    |
692 | ...   let completion = AutoFixCompletion {
    |                                          - closing delimiter possibly meant for this
...
698 | ...       status: AutoFixStatus::new(
    |                                     ^ unclosed delimiter
...
706 | ...   };
    |       ^ mismatched closing delimiter

error: unexpected closing delimiter: `}`
   --> /mnt/j/cmt-rs/src/services/autofix.rs:804:1
    |
538 |     ) -> AutoFixServiceResult {
    |                               - this delimiter might not be properly closed...
...
643 |         }
    |         - ...as it matches this but it has different indentation
...
804 | }
    | ^ unexpected closing delimiter

Error writing files: failed to resolve mod `autofix`: cannot parse /mnt/j/cmt-rs/src/services/autofix.rs
