
running 36 tests
test app::tools_controller::tests::s05_actions_tools_controller_ignores_about_worker_payloads ... ok
test tests::s05_runtime_wiring_callback_id_mapping_fails_closed_before_workers ... ok
test tests::s05_runtime_wiring_worker_failure_payloads_map_by_surface_task_prefix ... ok
test app::f4se_controller::tests::f4se_controller_failed_worker_event_with_unmatched_task_id_is_ignored ... ok
test app::overview_controller::tests::overview_controller_worker_panic_failure_event_maps_to_safe_refresh_error ... ok
test app::f4se_controller::tests::f4se_controller_worker_failure_event_surfaces_safe_message_without_diagnostic ... ok
test app::about_controller::tests::s05_actions_about_controller_ignores_tools_worker_payloads_and_unknown_resets ... ok
test app::f4se_controller::tests::f4se_controller_worker_payload_applies_latest_ready_rows ... ok
test app::overview_controller::tests::overview_controller_worker_overview_payload_applies_refresh ... ok
test tests::s06_f4se_runtime_wiring_worker_completion_application_and_unrelated_ignore ... ok
test tests::s05_runtime_wiring_worker_payloads_apply_and_unrelated_payloads_are_ignored ... ok
test tests::s07_scanner_runtime_wiring_action_worker_failure_event_maps_to_safe_feedback ... ok
test app::scanner_controller::tests::scanner_controller_worker_events_apply_only_scanner_scan_payloads ... ok
test app::downgrader_controller::tests::downgrader_controller_worker_failure_recovers_with_safe_error_and_allows_close ... ok
test workers::events::tests::cancellation_request_acknowledgement_and_final_cancelled_are_distinct_events ... ok
test workers::events::tests::f4se_worker_payload_round_trips_owned_scan_snapshot ... ok
test workers::events::tests::event_envelope_carries_task_status_and_typed_payload ... ok
test workers::events::tests::s05_actions_worker_payload_round_trips_tools_and_about_feedback ... ok
test workers::events::tests::desktop_action_results_flow_through_external_action_payloads ... ok
test workers::events::tests::progress_supports_optional_text_and_counts_without_percentage_requirements ... ok
test workers::events::tests::scanner_worker_payload_round_trips_owned_scan_snapshot_and_action_feedback ... ok
test workers::events::tests::downgrader_worker_payload_round_trips_owned_status_plan_log_progress_run_and_failure ... ok
test workers::handoff::tests::recording_sink_stores_owned_events ... ok
test workers::events::tests::scanner_worker_payload_autofix_round_trips_owned_completion ... ok
test workers::handoff::tests::slint_event_loop_sink_is_constructible_without_a_window ... ok
test workers::events::tests::overview_payload_carries_owned_snapshot_and_update_state ... ok
test workers::events::tests::task_kinds_cover_required_background_categories ... ok
test services::overview::overview_diagnostics::overview_diagnostics_update_banner_states_follow_settings_and_worker_result ... ok
test app::scanner_controller::tests::scanner_controller_autofix_worker_failure_maps_safe_message_without_diagnostics ... ok
test tests::s08_scanner_autofix_runtime_wiring_fake_worker_failure_shows_safe_inline_results ... ok
test workers::tests::spawning_without_tokio_runtime_returns_typed_error ... ok
test tests::s08_scanner_autofix_runtime_wiring_worker_spawn_and_failure_feedback_are_safe ... ok
test workers::tests::worker_failures_emit_safe_failure_events ... ok
test workers::tests::blocking_facade_runs_work_off_calling_thread_and_records_events ... ok
test workers::tests::cancellation_request_acknowledgement_and_final_cancelled_flow_through_facade ... ok
test tests::s08_scanner_autofix_runtime_wiring_fake_worker_success_shows_inline_results ... ok

test result: ok. 36 passed; 0 failed; 0 ignored; 0 measured; 288 filtered out; finished in 0.02s

