Diff in /mnt/j/cmt-rs/src/main.rs:727:
     )
 }
 
[31m-fn about_action_matches_callback(action: AboutActionKind, callback_kind: AboutCallbackKind) -> bool {
(B[m[32m+fn about_action_matches_callback(
(B[m[32m+    action: AboutActionKind,
(B[m[32m+    callback_kind: AboutCallbackKind,
(B[m[32m+) -> bool {
(B[m     matches!(
         (action, callback_kind),
         (AboutActionKind::Open { .. }, AboutCallbackKind::Open)
Diff in /mnt/j/cmt-rs/src/main.rs:1214:
 }
 
 fn apply_current_tools_state(app: &MainWindow, controller: &Arc<Mutex<ToolsController>>) {
[31m-    let Some(projection) =
(B[m[31m-        with_tools_controller_mut(controller, |controller| project_tools_state(controller.state()))
(B[m[31m-    else {
(B[m[32m+    let Some(projection) = with_tools_controller_mut(controller, |controller| {
(B[m[32m+        project_tools_state(controller.state())
(B[m[32m+    }) else {
(B[m         return;
     };
     apply_tools_projection(app, &projection);
Diff in /mnt/j/cmt-rs/src/main.rs:1223:
 }
 
 fn apply_current_about_state(app: &MainWindow, controller: &Arc<Mutex<AboutController>>) {
[31m-    let Some(projection) =
(B[m[31m-        with_about_controller_mut(controller, |controller| project_about_state(controller.state()))
(B[m[31m-    else {
(B[m[32m+    let Some(projection) = with_about_controller_mut(controller, |controller| {
(B[m[32m+        project_about_state(controller.state())
(B[m[32m+    }) else {
(B[m         return;
     };
     apply_about_projection(app, &projection);
Diff in /mnt/j/cmt-rs/src/main.rs:1971:
             failed.last_action_error,
             "URL open is not supported on this platform."
         );
[31m-        assert_eq!(failed.disabled_utility_status, TOOLS_DEFAULT_DISABLED_UTILITY_STATUS);
(B[m[32m+        assert_eq!(
(B[m[32m+            failed.disabled_utility_status,
(B[m[32m+            TOOLS_DEFAULT_DISABLED_UTILITY_STATUS
(B[m[32m+        );
(B[m         assert!(!failed.last_action_error.contains("raw OS"));
     }
 
Diff in /mnt/j/cmt-rs/src/main.rs:2015:
             tools_unknown.outcome,
             crate::services::tools::ActionOutcome::Rejected(ActionRejectionKind::UnknownAction)
         );
[31m-        assert_eq!(tools_unknown.safe_message(), "Tools action is not available.");
(B[m[32m+        assert_eq!(
(B[m[32m+            tools_unknown.safe_message(),
(B[m[32m+            "Tools action is not available."
(B[m[32m+        );
(B[m 
         let tools_deferred = tools_action_for_id(ToolActionId::DowngradeManager.as_str())
             .expect_err("deferred Tools utilities should fail closed");
