## CMT/src/tabs/_scanner.py
31: from enums import ProblemType, SolutionType, Tab
35: from scan_settings import (
41: ScanSetting,
42: ScanSettings,
53: class ScannerTab(CMCTabFrame):
54: def __init__(self, cmc: CMCheckerInterface, notebook: ttk.Notebook) -> None:
55: super().__init__(cmc, notebook, "Scanner")
61: self.details_pane: ResultDetailsPane | None = None
63: self.scan_results: list[ProblemInfo | SimpleProblemInfo] = []
65: self.thread_scan: threading.Thread | None = None
68: self.sv_scanning_text = StringVar()
69: self.label_scanning_text: ttk.Label | None = None
70: self.scan_folders: tuple[str, ...] = ("",)
76: def on_focus(self, _event: Event[Misc]) -> None:
82: def on_configure(self, _event: Event[Misc]) -> None:
88: def _switch_to(self) -> None:
95: def switch_from(self) -> None:
108: def _load(self) -> bool:
114: def set_expanded(self, *, expanded: bool) -> None:
118: def _build_gui(self) -> None:
175: def start_threaded_scan(self) -> None:
179: self.side_pane.button_scan.configure(state=DISABLED, text="Scanning...")
184: self.scan_results.clear()
190: if self.label_scanning_text is None:
191: self.label_scanning_text = ttk.Label(
193: textvariable=self.sv_scanning_text,
198: self.label_scanning_text.grid(column=0, row=3, sticky=EW, padx=5, pady=5)
199: self.sv_scanning_text.set("Refreshing Overview...")
200: self.cmc.refresh_tab(Tab.Overview)
202: scan_settings = ScanSettings(self.side_pane)
203: if scan_settings[ScanSetting.OverviewIssues] and self.cmc.overview_problems:
204: self.scan_results.extend(self.cmc.overview_problems)
206: if not scan_settings.skip_data_scan:
207: self.sv_scanning_text.set("Building mod file index...")
208: self.thread_scan = threading.Thread(target=self.scan_data_files, args=(scan_settings,))
209: self.thread_scan.start()
210: self.cmc.root.after(self.progress_check_delay, self.check_scan_progress, scan_settings)
212: def check_scan_progress(self, scan_settings: ScanSettings) -> None:
220: self.scan_folders = update
225: current_index = self.scan_folders.index(current_folder)
229: self.sv_scanning_text.set(f"Scanning... {current_index}/{max(1, len(self.scan_folders))}: {current_folder}")
230: self.dv_progress.set((current_index / len(self.scan_folders)) * 100)
233: self.scan_results.extend(update)
235: if self.thread_scan is None:
237: self.populate_results(scan_settings)
239: self.cmc.root.after(self.progress_check_delay, self.check_scan_progress, scan_settings)
241: def populate_results(self, scan_settings: ScanSettings) -> None:
245: if self.label_scanning_text is not None:
246: self.label_scanning_text.grid_forget()
247: self.label_scanning_text.destroy()
248: self.label_scanning_text = None
249: self.sv_scanning_text.set("")
250: self.sv_results_info.set(f"{len(self.scan_results)} Results ~ Select an item for details")
252: if scan_settings[ScanSetting.OverviewIssues] and self.cmc.overview_problems and scan_settings.mod_files:
255: problem.mod = scan_settings.mod_files.files.get(Path(problem.relative_path), [""])[0]
261: groups = {p.type for p in self.scan_results}
265: for problem_info in sorted(self.scan_results, key=lambda p: p.type + p.mod):
287: self.side_pane.button_scan.configure(state=NORMAL, text="Scan Game")
291: def on_row_select(self, _event: Event[ttk.Treeview]) -> bool:
298: self.details_pane = ResultDetailsPane(self)
303: def get_stage_paths(self, scan_settings: ScanSettings) -> list[Path]:  # noqa: PLR6301
304: manager = scan_settings.manager
335: def build_mod_file_list(self, scan_settings: ScanSettings) -> ModFiles:
337: if not scan_settings.using_stage or not scan_settings.manager or scan_settings.manager.name != "Mod Organizer":
340: for mod_path in self.get_stage_paths(scan_settings):
348: if folder_lower in scan_settings.skip_directories:
359: if file_lower.endswith(scan_settings.skip_file_suffixes):
372: scan_settings.mod_files = mod_files
375: def scan_data_files(self, scan_settings: ScanSettings) -> None:
380: self.thread_scan = None
383: if scan_settings[ScanSetting.RaceSubgraphs]:
403: INFO_SCAN_RACE_SUBGRAPHS,
409: if scan_settings.skip_data_scan:
410: self.thread_scan = None
414: mod_files = self.build_mod_file_list(scan_settings)
427: if scan_settings[ScanSetting.JunkFiles] and data_root_lower == "fomod":
430: ProblemType.JunkFile,
435: SolutionType.DeleteOrIgnoreFolder,
445: if scan_settings[ScanSetting.LoosePrevis] and data_root_lower == "vis":
448: ProblemType.LoosePrevis,
453: SolutionType.ArchiveFolder,
463: if folder_lower in scan_settings.skip_directories:
472: if scan_settings[ScanSetting.LoosePrevis] and folder_lower == "precombined":
475: ProblemType.LoosePrevis,
480: SolutionType.ArchiveFolder,
486: if scan_settings[ScanSetting.ProblemOverrides] and folder_lower == "animtextdata":
489: ProblemType.AnimTextDataFolder,
494: SolutionType.ArchiveFolder,
503: if scan_settings.skip_file_suffixes and file_lower.endswith(scan_settings.skip_file_suffixes):
510: if scan_settings[ScanSetting.JunkFiles] and (file_lower in JUNK_FILES or file_lower.endswith(JUNK_FILE_SUFFIXES)):
513: ProblemType.JunkFile,
518: SolutionType.DeleteOrIgnoreFile,
524: if mod_name_file and scan_settings[ScanSetting.ProblemOverrides] and file_lower in F4SE_CRC:
527: ProblemType.F4SEOverride,
543: if scan_settings[ScanSetting.WrongFormat]:
554: solution = SolutionType.DeleteOrIgnoreFile
557: solution = SolutionType.ConvertDeleteOrIgnoreFile
560: solution = SolutionType.UnknownFormat
564: ProblemType.UnexpectedFormat,
584: ProblemType.InvalidArchiveName,
589: SolutionType.RenameArchive,
598: self.thread_scan = None
602: class SidePane(Toplevel):
603: def __init__(
605: scanner_tab: ScannerTab,
607: super().__init__(scanner_tab.cmc.root, bd=2, relief=GROOVE)
608: self.scanner_tab = scanner_tab
614: frame_scan_settings = ttk.Labelframe(self, text="Scan Settings", labelanchor=N, padding=5)
615: frame_scan_settings.pack(expand=True, fill=BOTH, padx=5, pady=5)
617: self.bool_vars: dict[ScanSetting, BooleanVar] = {}
618: for setting in ScanSetting:
621: frame_scan_settings,
630: self.button_scan = ttk.Button(
632: text="Scan Game",
634: command=scanner_tab.start_threaded_scan,
637: self.button_scan.pack(side=BOTTOM, padx=10, pady=10)
642: def on_checkbox_toggle(self) -> None:
643: self.button_scan.configure(state=NORMAL if any(bv.get() for bv in self.bool_vars.values()) else DISABLED)
644: self.scanner_tab.cmc.root.update()
646: def on_focus(self, _event: Event[Misc]) -> None:
647: self.scanner_tab.cmc.root.tkraise()
648: if self.scanner_tab.details_pane:
649: self.scanner_tab.details_pane.tkraise()
651: def update_geometry(self, _event: Event[Misc] | None = None) -> None:
652: root_x = self.scanner_tab.cmc.root.winfo_rootx()
653: root_y = self.scanner_tab.cmc.root.winfo_rooty()
654: root_width = self.scanner_tab.cmc.root.winfo_width()
655: root_height = self.scanner_tab.cmc.root.winfo_height()
662: class ResultDetailsPane(Toplevel):
663: def __init__(
665: scanner_tab: ScannerTab,
667: super().__init__(scanner_tab.cmc.root, bd=2, relief=GROOVE)
668: self.scanner_tab = scanner_tab
692: if scanner_tab.cmc.game.manager and scanner_tab.cmc.game.manager.stage_path:
696: text="Mod:",
711: text="Problem:",
718: text="Summary:",
725: text="Solution:",
767: def copy_details(self) -> None:
771: if self.scanner_tab.cmc.game.manager and self.scanner_tab.cmc.game.manager.stage_path:
772: mod = f"Mod: {self.sv_mod_name.get()}\n"
777: f"{mod}Problem: {self.sv_file_path.get()}\nSummary: {self.sv_problem.get()}\nSolution: {self.sv_solution.get()}\n"
781: def set_info(self, selection: str, *, using_stage: bool) -> None:
782: self.problem_info = self.scanner_tab.tree_results_data[selection]
814: self.label_solution.bind("<Button-3>", lambda _: copy_text(self.scanner_tab, url))
846: text="Copy Details",
856: tree_text = INFO_SCAN_RACE_SUBGRAPHS.replace("\n", " ").replace(". ", ".\n", 1)
863: text="File List",
865: self.scanner_tab.cmc.root,
866: self.scanner_tab.cmc,
898: def on_focus(self, _event: Event[Misc]) -> None:
899: self.scanner_tab.cmc.root.tkraise()
900: if self.scanner_tab.side_pane:
901: self.scanner_tab.side_pane.tkraise()
903: def update_geometry(self, _event: Event[Misc] | None = None) -> None:
904: root_x = self.scanner_tab.cmc.root.winfo_rootx()
905: root_y = self.scanner_tab.cmc.root.winfo_rooty()
906: root_width = self.scanner_tab.cmc.root.winfo_width()
907: root_height = self.scanner_tab.cmc.root.winfo_height()
912: def close(self) -> None:
... truncated
## CMT/src/scan_settings.py
29: from tabs._scanner import SidePane
98: class ScanSetting(Enum):
99: OverviewIssues = ("Overview Issues", TOOLTIP_SCAN_OVERVIEW)
100: Errors = ("Errors", TOOLTIP_SCAN_ERRORS)
101: WrongFormat = ("Wrong File Formats", TOOLTIP_SCAN_FORMATS)
102: LoosePrevis = ("Loose Previs", TOOLTIP_SCAN_PREVIS)
103: JunkFiles = ("Junk Files", TOOLTIP_SCAN_JUNK)
104: ProblemOverrides = ("Problem Overrides", TOOLTIP_SCAN_BAD_OVERRIDES)
105: RaceSubgraphs = ("Race Subgraphs", TOOLTIP_SCAN_RACE_SUBGRAPHS)
108: class ModFiles:
109: def __init__(self) -> None:
116: class ScanSettings(dict[ScanSetting, bool]):
117: def __init__(self, side_pane: SidePane) -> None:
120: self.skip_data_scan = True
124: ScanSetting.OverviewIssues,
125: ScanSetting.RaceSubgraphs,
128: settings = side_pane.scanner_tab.cmc.settings
130: for setting in ScanSetting:
133: self.skip_data_scan = False
135: name = str(f"scanner_{setting.name}")
142: self.manager = side_pane.scanner_tab.cmc.game.manager
143: self.using_stage = side_pane.scanner_tab.using_stage
## CMT/src/enums.py
23: class Tool(tuple[str, ...], Enum):
28: class CSIDL(IntEnum):
35: class InstallType(StrEnum):
46: class Magic(bytes, Enum):
55: class Tab(StrEnum):
56: Overview = "Overview"
58: Scanner = "Scanner"
64: class LogType(StrEnum):
70: class ArchiveVersion(IntEnum):
76: class ModuleFlag(IntFlag):
80: class ProblemType(StrEnum):
94: class SolutionType(StrEnum):
110: class Language(StrEnum):
## CMT/src/globals.py
280: TOOLTIP_SCAN_OVERVIEW = "Report details of issues from Overview"
281: TOOLTIP_SCAN_ERRORS = """Check for errors in mod configuration or files."""
282: TOOLTIP_SCAN_FORMATS = "Check file types against a whitelist per Data folder.\ne.g. MP3 instead of XWM/WAV in Data/Sound/."
283: TOOLTIP_SCAN_PREVIS = "Report loose Data/Vis/ and Data/Meshes/Precombined/ folders."
284: TOOLTIP_SCAN_JUNK = """Report junk files such as desktop.ini, Thumbs.db,
286: TOOLTIP_SCAN_BAD_OVERRIDES = """Check for overrides that typically cause issues
288: INFO_SCAN_RACE_SUBGRAPHS = """Counts race animation subgraph records (RACE \\ SADD).
291: TOOLTIP_SCAN_RACE_SUBGRAPHS = f"""{INFO_SCAN_RACE_SUBGRAPHS}
296: TOOLTIP_SCAN_DDS = "Check dimensions and formats of DDS files for issues."
297: TOOLTIP_SCAN_BA2 = "Scan inside BA2 archives.\nNote: Checks may be limited for compressed archives."
298: TOOLTIP_SCAN_CONFLICTS = "Detect conflicting mods and mod settings."
299: TOOLTIP_SCAN_SUGGEST = "Make suggestions for changes to your mod setup."
