COLOR_OG = "dodger blue"
PATCH_URL_BASE = "https://github.com/wxMichael/Collective-Modding-Toolkit/releases/download/delta-patches/"

Reference file groups and CRC mappings:
- Fallout4.exe: first occurrence at char 1516
- Fallout4Launcher.exe: first occurrence at char 2113
- steam_api64.dll: first occurrence at char 2497
- CreationKit.exe: first occurrence at char 2623
- Tools\Archive2\Archive2.exe: first occurrence at char -1
- Tools\Archive2\Archive2Interop.dll: first occurrence at char -1

Reference log string literals containing Skipped/Patched/Failed:
self.logger.log_message(LogType.Info, "Patches will be downloaded and applied as-needed.", skip_logging=True)
self.logger.log_message(LogType.Info, f"Skipped {file_path.name}: Already {desired_version}.")
self.logger.log_message(LogType.Info, f"Skipped {file_path.name}: Not Found.")
self.logger.log_message(LogType.Info, f"Skipped {file_path.name}: Unsupported Version.")
self.logger.log_message(LogType.Info, f"Skipped {file_path.name}: Unsupported Version.")
self.logger.log_message(LogType.Info, f"Skipped {file_path.name}: Unsupported Version.")
self.logger.log_message(LogType.Info, f"Skipped {file_path.name}: Unsupported Version.")
self.logger.log_message(LogType.Good, f"Patched {file_path.name}")
self.logger.log_message(LogType.Bad, f"Failed patching {file_path.name}")
self.logger.log_message(LogType.Good, f"Patched {outfile.name}")
self.logger.log_message(LogType.Bad, f"Failed patching {outfile.name}")

Reference backup/delta lines:
self.download_queue: queue.Queue[tuple[str, Path, Path]] = queue.Queue()
self.bv_keep_backups = BooleanVar(value=cmc.settings.dict["downgrader_keep_backups"])
self.bv_delete_deltas = BooleanVar(value=cmc.settings.dict["downgrader_delete_deltas"])
self.check_keep_backups = ttk.Checkbutton(
variable=self.bv_keep_backups,
self.check_keep_backups.grid(column=0, row=0, sticky=W, pady=5)
ToolTip(self.check_keep_backups, TOOLTIP_DOWNGRADER_BACKUPS)
self.check_delete_deltas = ttk.Checkbutton(
variable=self.bv_delete_deltas,
self.check_delete_deltas.grid(column=0, row=1, sticky=W, pady=5)
ToolTip(self.check_delete_deltas, TOOLTIP_DOWNGRADER_DELTAS)
if settings.dict["downgrader_keep_backups"] != self.bv_keep_backups.get():
settings.dict["downgrader_keep_backups"] = self.bv_keep_backups.get()
if settings.dict["downgrader_delete_deltas"] != self.bv_delete_deltas.get():
settings.dict["downgrader_delete_deltas"] = self.bv_delete_deltas.get()
backup_name_og = f"{file_path.stem}_upgradeBackup{file_path.suffix}"
backup_name_ng = f"{file_path.stem}_downgradeBackup{file_path.suffix}"
patch_direction = "NG-to-OG-"
backup_file_name_desired = backup_name_og
backup_file_name_current = backup_name_ng
patch_direction = "OG-to-NG-"
backup_file_name_desired = backup_name_ng
backup_file_name_current = backup_name_og
if self.bv_keep_backups.get():
url = f"{PATCH_URL_BASE}{patch_direction}{file_path.name}.xdelta"
self.download_queue.put((url, backup_file_path_current, file_path))
elif not self.bv_keep_backups.get():
self.check_download_queue()
def check_download_queue(self) -> None:
next_download = self.download_queue.get_nowait()
if not self.bv_keep_backups.get():
if self.bv_delete_deltas.get():
self.check_download_queue()
