    Checking cmt-rs v0.1.0 (/mnt/j/cmt-rs)
warning: this `impl` can be derived
  --> src/domain/discovery.rs:82:1
   |
82 | / impl...
83 | |     ...
84 | |     ...
85 | |     }
86 | | }
   | |_^
   |
   = help: for further information visit https://rust-lang.github.io/rust-clippy/rust-1.95.0/index.html#derivable_impls
   = note: `#[warn(clippy::derivable_impls)]` on by default
help: replace the manual implementation with a derive attribute and mark the default variant
   |
63 + #[derive(Default)]
64 | pub enum Fallout4InstallType {
65 |     /// Reference `Obsolete` state.
...
77 |     /// Reference default state before binary classification runs.
78 ~     #[default]
79 ~     Unknown,
   |

warning: large size difference between variants
   --> src/domain/mod_manager.rs:348:1
    |
348 | / pub enum ModManagerContext {
349 | |     /// Parsed Mod Organizer context.
350 | |  ...nizerContext),
    | |  ...------------- the largest variant contains at least 352 bytes
351 | |     /// Detected Vortex context.
352 | |  ...ortexContext),
    | |  ...------------- the second-largest variant contains at least 56 bytes
353 | | }
    | |_^ the entire enum is at least 352 bytes
    |
    = help: for further information visit https://rust-lang.github.io/rust-clippy/rust-1.95.0/index.html#large_enum_variant
    = note: `#[warn(clippy::large_enum_variant)]` on by default
help: consider boxing the large fields or introducing indirection in some other way to reduce the total size of the enum
    |
350 -     ModOrganizer(ModOrganizerContext),
350 +     ModOrganizer(Box<ModOrganizerContext>),
    |

warning: used `expect()` on `Ok` value
   --> src/domain/mod_manager.rs:720:29
    |
720 | ... = result.expect("inline MO2 configuration should be valid");
    |       ^^^^^^^^^^^^^^^^^^^^^^^^^^^^^^^^^^^^^^^^^^^^^^^^^^^^^^^^^
    |
help: remove the `Ok` and `expect()`
   --> src/domain/mod_manager.rs:719:46
    |
719 | ... = Ok(configuration);
    |       ^^^^^^^^^^^^^^^^^
    = help: for further information visit https://rust-lang.github.io/rust-clippy/rust-1.95.0/index.html#unnecessary_literal_unwrap
    = note: `#[warn(clippy::unnecessary_literal_unwrap)]` on by default

warning: this function has too many arguments (12/7)
  --> src/domain/mod.rs:22:9
   |
22 | /         fn a...
23 | |             ...
24 | |             ...
25 | |             ...
...  |
34 | |             ...
35 | |         ) {
   | |_________^
   |
   = help: for further information visit https://rust-lang.github.io/rust-clippy/rust-1.95.0/index.html#too_many_arguments
   = note: `#[warn(clippy::too_many_arguments)]` on by default

warning: `cmt-rs` (bin "cmt-rs") generated 2 warnings (run `cargo clippy --fix --bin "cmt-rs" -p cmt-rs -- ` to apply 1 suggestion)
warning: `cmt-rs` (bin "cmt-rs" test) generated 4 warnings (2 duplicates)
    Finished `dev` profile [unoptimized + debuginfo] target(s) in 11.05s
