## ui/tools_tab.slint
lines=20
1: export component ToolsTab inherits Rectangle {

## ui/about_tab.slint
lines=20
1: export component AboutTab inherits Rectangle {

## ui/main.slint
lines=127
2: import { OverviewTab, OverviewUiRow } from "overview_tab.slint";
9: export component MainWindow inherits Window {
10:     in-out property <string> update-source: "nexus";
11:     in-out property <string> log-level: "info";
12:     in-out property <string> overview-refresh-message: "Overview has not been refreshed.";
13:     in-out property <bool> overview-refresh-busy: false;
14:     in-out property <[OverviewUiRow]> overview-top-rows;
15:     in-out property <[OverviewUiRow]> overview-binary-rows;
16:     in-out property <[OverviewUiRow]> overview-archive-rows;
17:     in-out property <[OverviewUiRow]> overview-module-rows;
18:     in-out property <string> overview-problems-summary: "Problems: 0";
19:     in-out property <[OverviewUiRow]> overview-problem-rows;
20:     in-out property <string> overview-update-heading: "";
21:     in-out property <string> overview-nexus-update-label: "Nexus Mods";
22:     in-out property <bool> overview-nexus-update-enabled: false;
23:     in-out property <string> overview-github-update-label: "GitHub";
24:     in-out property <bool> overview-github-update-enabled: false;
25:     in-out property <bool> overview-game-path-enabled: false;
26:     in-out property <string> overview-downgrade-label: "Downgrade Manager...";
27:     in-out property <bool> overview-downgrade-enabled: false;
28:     in-out property <string> overview-downgrade-status: "Deferred until the Downgrade Manager workflow is ported.";
29:     in-out property <string> overview-archive-patcher-label: "Archive Patcher...";
30:     in-out property <bool> overview-archive-patcher-enabled: false;
31:     in-out property <string> overview-archive-patcher-status: "Deferred until the Archive Patcher workflow is ported.";
32:     in-out property <string> overview-last-action-error: "";
33:     callback update-source-selected(string);
34:     callback log-level-selected(string);
35:     callback overview-refresh-requested();
36:     callback overview-open-game-path-requested();
37:     callback overview-open-nexus-update-requested();
38:     callback overview-open-github-update-requested();
39:     callback overview-open-downgrade-manager-requested();
40:     callback overview-open-archive-patcher-requested();
49:             title: "Overview";
50:             OverviewTab {

## ui/overview_tab.slint
lines=317
3: export struct OverviewUiRow {
10: component SeverityText inherits Text {
11:     in property <string> severity: "neutral";
21: component OverviewRows inherits Rectangle {
22:     in property <[OverviewUiRow]> rows;
23:     in property <length> label-width: 118px;
79: component OverviewPanel inherits Rectangle {
80:     in property <string> title;
81:     in property <[OverviewUiRow]> rows;
82:     in property <length> label-width: 118px;
83:     in property <string> action-label: "";
84:     in property <bool> action-enabled: false;
85:     in property <string> action-status: "";
87:     callback action-requested();
99:             OverviewRows {
133: export component OverviewTab inherits Rectangle {
134:     in-out property <string> overview-refresh-message: "Overview has not been refreshed.";
135:     in-out property <bool> overview-refresh-busy: false;
136:     in-out property <[OverviewUiRow]> overview-top-rows;
137:     in-out property <[OverviewUiRow]> overview-binary-rows;
138:     in-out property <[OverviewUiRow]> overview-archive-rows;
139:     in-out property <[OverviewUiRow]> overview-module-rows;
140:     in-out property <string> overview-problems-summary: "Problems: 0";
141:     in-out property <[OverviewUiRow]> overview-problem-rows;
142:     in-out property <string> overview-update-heading: "";
143:     in-out property <string> overview-nexus-update-label: "Nexus Mods";
144:     in-out property <bool> overview-nexus-update-enabled: false;
145:     in-out property <string> overview-github-update-label: "GitHub";
146:     in-out property <bool> overview-github-update-enabled: false;
147:     in-out property <bool> overview-game-path-enabled: false;
148:     in-out property <string> overview-downgrade-label: "Downgrade Manager...";
149:     in-out property <bool> overview-downgrade-enabled: false;
150:     in-out property <string> overview-downgrade-status: "Deferred until the Downgrade Manager workflow is ported.";
151:     in-out property <string> overview-archive-patcher-label: "Archive Patcher...";
152:     in-out property <bool> overview-archive-patcher-enabled: false;
153:     in-out property <string> overview-archive-patcher-status: "Deferred until the Archive Patcher workflow is ported.";
154:     in-out property <string> overview-last-action-error: "";
156:     callback refresh-requested();
157:     callback open-game-path-requested();
158:     callback open-nexus-update-requested();
159:     callback open-github-update-requested();
160:     callback open-downgrade-manager-requested();
161:     callback open-archive-patcher-requested();
176:                     text: "Overview";
262:             OverviewPanel {
272:                 OverviewPanel {
284:                 OverviewPanel {
296:                 OverviewPanel {
310:             OverviewPanel {

## src/platform/desktop.rs
lines=290
3: //! UI callbacks should receive [`DesktopActionResult`] values from this module
13: pub struct DesktopActionResult {
15:     pub operation: PlatformOperation,
17:     pub target: String,
19:     pub outcome: DesktopActionOutcome,
23: impl DesktopActionResult {
25:     pub fn success(operation: PlatformOperation, target: impl Into<String>) -> Self {
29:             outcome: DesktopActionOutcome::Succeeded,
35:     pub fn failure(error: PlatformError) -> Self {
39:             outcome: DesktopActionOutcome::Failed(error.kind),
45:     pub const fn is_success(&self) -> bool {
46:         matches!(self.outcome, DesktopActionOutcome::Succeeded)
50:     pub const fn failure_kind(&self) -> Option<PlatformErrorKind> {
52:             DesktopActionOutcome::Succeeded => None,
53:             DesktopActionOutcome::Failed(kind) => Some(kind),
58:     pub fn safe_message(&self) -> &str {
65: pub enum DesktopActionOutcome {
73: pub trait DesktopActions {
75:     fn open_url(&self, url: &str) -> DesktopActionResult;
78:     fn open_path(&self, path: &Path) -> DesktopActionResult;
81:     fn launch_tool(&self, executable: &Path, args: &[String]) -> DesktopActionResult;
86: pub struct RealDesktopActions;
88: impl RealDesktopActions {
90:     pub const fn new() -> Self {
95: impl DesktopActions for RealDesktopActions {
96:     fn open_url(&self, url: &str) -> DesktopActionResult {
100:     fn open_path(&self, path: &Path) -> DesktopActionResult {
104:     fn launch_tool(&self, executable: &Path, args: &[String]) -> DesktopActionResult {
110: fn open_real_url(url: &str) -> DesktopActionResult {
111:     DesktopActionResult::failure(PlatformError::unsupported(
118: fn open_real_path(path: &Path) -> DesktopActionResult {
119:     DesktopActionResult::failure(PlatformError::unsupported(
126: fn launch_real_tool(executable: &Path, _args: &[String]) -> DesktopActionResult {
127:     DesktopActionResult::failure(PlatformError::unsupported(
134: fn open_real_url(url: &str) -> DesktopActionResult {
139: fn open_real_path(path: &Path) -> DesktopActionResult {
144: fn hand_to_windows_shell(operation: PlatformOperation, target: &str) -> DesktopActionResult {
155:         DesktopActionResult::success(operation, target.to_owned())
157:         DesktopActionResult::failure(PlatformError::command_failed(
166: fn launch_real_tool(executable: &Path, args: &[String]) -> DesktopActionResult {
170:         Ok(_) => DesktopActionResult::success(
174:         Err(error) => DesktopActionResult::failure(PlatformError::from_io(
189:     struct FakeDesktopActions {
193:     impl FakeDesktopActions {
194:         fn fail(
197:             target: impl Into<String>,
204:         fn run(&self, operation: PlatformOperation, target: String) -> DesktopActionResult {
206:                 DesktopActionResult::failure(PlatformError::new(
213:                 DesktopActionResult::success(operation, target)
218:     impl DesktopActions for FakeDesktopActions {
219:         fn open_url(&self, url: &str) -> DesktopActionResult {
223:         fn open_path(&self, path: &Path) -> DesktopActionResult {
227:         fn launch_tool(&self, executable: &Path, _args: &[String]) -> DesktopActionResult {
236:     fn fake_desktop_actions_return_typed_success_values() {
237:         let desktop = FakeDesktopActions::default();
249:     fn fake_desktop_actions_return_typed_failures_without_launching() {
250:         let desktop = FakeDesktopActions::default().fail(
266:     fn real_desktop_actions_are_explicitly_unsupported_off_windows() {
267:         let desktop = RealDesktopActions::new();

## src/main.rs
lines=1341
1: pub mod app;
2: pub mod domain;
3: pub mod platform;
4: pub mod services;
5: pub mod workers;
16:         OverviewController, action_target_label, overview_desktop_action_payload,
24:         OverviewActionError, OverviewCountRow, OverviewDeferredAction, OverviewDeferredActionKind,
25:         OverviewDeferredActionTarget, OverviewProblem, OverviewRefreshState, OverviewSnapshot,
26:         OverviewTopStatusRow, StatusSeverity, UpdateBannerState, UpdateCheckFailure,
32:     desktop::RealDesktopActions,
41:         OverviewDesktopActionFeedback, OverviewDesktopActionOutcome, OverviewDiagnostics,
42:         OverviewDiagnosticsInput, OverviewUpdateCheckState,
45:         OverviewCollectedFacts, OverviewCollectionEnvironment, OverviewCollectionRequest,
46:         OverviewCollector,
48:     update::{OverviewLinkService, RealUpdateCheckClient, UpdateCheckService},
50: use slint::{ComponentHandle, ModelRc, SharedString, VecModel};
52:     BlockingWorkerResult, SlintEventLoopSink, WorkerEvent, WorkerEventSink, WorkerFailure,
58: fn main() -> Result<(), Box<dyn std::error::Error>> {
68:     let overview_controller = Arc::new(Mutex::new(OverviewController::new()));
98: fn load_settings_controller() -> SettingsController<FileAssetResolver> {
105: fn bind_settings_callbacks(
136: fn bind_overview_worker_sink(
138:     controller: Arc<Mutex<OverviewController>>,
145:                 "Overview worker event arrived after the Slint window was gone"
163: fn bind_overview_callbacks(
165:     overview_controller: Arc<Mutex<OverviewController>>,
204:                     OverviewDeferredActionKind::OpenGamePath,
206:                     OverviewController::game_path_action,
224:                     OverviewDeferredActionKind::OpenUpdateProvider(UpdateProvider::NexusMods),
244:                     OverviewDeferredActionKind::OpenUpdateProvider(UpdateProvider::Github),
261:                     OverviewDeferredActionKind::OpenDowngradeManager,
277:                     OverviewDeferredActionKind::OpenArchivePatcher,
285: fn request_overview_refresh(
287:     overview_controller: &Arc<Mutex<OverviewController>>,
305:         "Scheduling Overview refresh worker"
317:             "Overview refresh worker could not be scheduled"
329: fn build_overview_refresh_payload(refresh_id: u64, settings: AppSettings) -> BlockingWorkerResult {
331:         WorkerTaskOutcome::Completed(WorkerPayload::Overview(
332:             workers::OverviewWorkerPayload::refresh_completed(refresh_id, snapshot),
337: fn build_overview_snapshot(settings: AppSettings) -> Result<OverviewSnapshot, WorkerFailure> {
345:         "Overview refresh started"
366:             "Overview discovery did not find a usable Fallout 4 installation"
373:             "Overview mod-manager discovery failed safely"
377:     let mut collection_environment = OverviewCollectionEnvironment::new();
384:             let collector = OverviewCollector::new(&filesystem, &process);
385:             collector.collect(OverviewCollectionRequest::new(
390:         Err(_) => OverviewCollectedFacts::default(),
402:         "Overview filesystem collection completed"
406:         OverviewUpdateCheckState::NotChecked
408:         OverviewUpdateCheckState::Checking
410:     let snapshot = OverviewDiagnostics::build(OverviewDiagnosticsInput {
425:         "Overview refresh snapshot built"
430: fn current_working_directory() -> PathBuf {
444: fn schedule_overview_update_check(
445:     request: app::overview_controller::OverviewRefreshRequest,
454:             "Overview update check skipped by settings"
460:     emit_worker_event_or_log(&overview_sink, WorkerEvent::running(task.clone()));
473:                     "Overview update client could not be created; failing silently"
479:         let event = WorkerEvent::completed(
481:             WorkerPayload::Overview(workers::OverviewWorkerPayload::update_check_completed(
490: fn update_failure_banner(update_source: UpdateSource, summary: &str) -> UpdateBannerState {
498: fn update_providers(update_source: UpdateSource) -> Vec<UpdateProvider> {
507: fn schedule_overview_action(
509:     overview_controller: &Arc<Mutex<OverviewController>>,
512:     action_kind: OverviewDeferredActionKind,
514:     action_lookup: impl FnOnce(&OverviewController) -> Option<OverviewDeferredAction>,
534:         "Scheduling Overview desktop action"
545:             "Overview desktop action worker could not be scheduled"
551:             "Desktop action could not be started.".to_owned(),
556: fn execute_overview_action_payload(action: OverviewDeferredAction) -> BlockingWorkerResult {
558:     let service = OverviewLinkService::new(RealDesktopActions::new());
567: fn action_error_from_feedback(
568:     feedback: OverviewDesktopActionFeedback,
569: ) -> (OverviewDeferredActionKind, Option<OverviewActionError>) {
571:         OverviewDesktopActionOutcome::Succeeded => (feedback.action, None),
572:         OverviewDesktopActionOutcome::Failed { safe_message } => (
574:             Some(OverviewActionError::new(feedback.action, safe_message)),
579: fn apply_action_error(
581:     overview_controller: &Arc<Mutex<OverviewController>>,
582:     action: OverviewDeferredActionKind,
592: fn emit_worker_event_or_log<S>(sink: &S, event: WorkerEvent)
594:     S: WorkerEventSink,
607:             "Overview worker event could not be handed to the UI"
612: fn with_overview_controller_mut<T>(
613:     controller: &Arc<Mutex<OverviewController>>,
614:     action: impl FnOnce(&mut OverviewController) -> T,
622:                 "Overview controller state is unavailable"
629: fn apply_current_overview_snapshot(app: &MainWindow, controller: &Arc<Mutex<OverviewController>>) {
638: fn apply_overview_snapshot(app: &MainWindow, snapshot: &OverviewSnapshot) {
653:         domain::overview::OverviewGamePathStatus::Found(_)
656:         deferred_action_label(
658:             OverviewDeferredActionKind::OpenDowngradeManager,
665:         deferred_action_status(
667:             OverviewDeferredActionKind::OpenDowngradeManager,
673:         deferred_action_label(
675:             OverviewDeferredActionKind::OpenArchivePatcher,
682:         deferred_action_status(
684:             OverviewDeferredActionKind::OpenArchivePatcher,
700: fn model_from_vec<T: Clone + 'static>(rows: Vec<T>) -> ModelRc<T> {
701:     ModelRc::new(VecModel::from(rows))
704: fn refresh_message(refresh: &OverviewRefreshState) -> String {
709:             domain::overview::OverviewRefreshPhase::Idle => {
710:                 "Overview has not been refreshed.".to_owned()
712:             domain::overview::OverviewRefreshPhase::Loading => "Refreshing Overview...".to_owned(),
713:             domain::overview::OverviewRefreshPhase::Ready => "Overview refreshed.".to_owned(),
714:             domain::overview::OverviewRefreshPhase::Partial => {
715:                 "Overview refreshed with recoverable issues.".to_owned()
717:             domain::overview::OverviewRefreshPhase::Error => "Overview refresh failed.".to_owned(),
721: fn format_top_rows(snapshot: &OverviewSnapshot) -> Vec<OverviewUiRow> {
730: fn format_top_row(row: OverviewTopStatusRow) -> OverviewUiRow {
734: fn format_binary_rows(snapshot: &OverviewSnapshot) -> Vec<OverviewUiRow> {
760: fn format_binary_row(row: &BinaryStatusRow) -> OverviewUiRow {
769: fn binary_detail(row: &BinaryStatusRow) -> String {
780: fn format_count_panel_rows(rows: &[OverviewCountRow]) -> Vec<OverviewUiRow> {
804: fn format_problem_summary(snapshot: &OverviewSnapshot) -> String {
808: fn format_problem_rows(snapshot: &OverviewSnapshot) -> Vec<OverviewUiRow> {
835: fn format_problem_row(problem: &OverviewProblem) -> OverviewUiRow {
844: fn overview_ui_row(
845:     label: impl Into<SharedString>,
846:     value: impl Into<SharedString>,
847:     detail: impl Into<SharedString>,
849: ) -> OverviewUiRow {
850:     OverviewUiRow {
858: fn severity_label(severity: StatusSeverity) -> &'static str {
869: fn deferred_action_label(
870:     actions: &[OverviewDeferredAction],
871:     kind: OverviewDeferredActionKind,
881: fn deferred_action_status(
882:     actions: &[OverviewDeferredAction],
883:     kind: OverviewDeferredActionKind,
887:         return "Not available for the current Overview state.".to_owned();
891:         OverviewDeferredActionTarget::Internal => {
894:         OverviewDeferredActionTarget::Path(_) | OverviewDeferredActionTarget::Url(_) => {
898:                 "Action is disabled for the current Overview state.".to_owned()
904: fn apply_update_banner(app: &MainWindow, update_banner: &UpdateBannerState) {
921: fn update_release_label(
955:             "OverviewTab",
956:             "Overview",
997:     fn slint_string_property_values(source: &str, property: &str) -> Vec<String> {
1009:     fn assert_source_contains_in_order(source: &str, expected: &[&str]) {
1021:     fn shell_tab_labels_match_reference_order() {
1024:             ["Overview", "F4SE", "Scanner", "Tools", "Settings", "About"]
1029:     fn shell_tab_labels_count_is_reference_count() {
1034:     fn shell_contract_main_slint_title_and_tabs_match_rust_contract() {
1052:     fn shell_contract_inert_tab_components_are_static_placeholders() {
1073:                 source.matches("export component ").count(),
1075:                 "{file} should export exactly one component"
1078:                 source.contains(&format!("export component {component}")),
1079:                 "{file} should export {component}"
1102:     fn overview_tab_exposes_refresh_action_status_panels_and_safe_error_state() {
1106:                 "export struct OverviewUiRow",
1107:                 "in-out property <[OverviewUiRow]> overview-top-rows",
1108:                 "in-out property <[OverviewUiRow]> overview-binary-rows",
1109:                 "in-out property <[OverviewUiRow]> overview-archive-rows",
1110:                 "in-out property <[OverviewUiRow]> overview-module-rows",
1111:                 "in-out property <[OverviewUiRow]> overview-problem-rows",
1112:                 "callback refresh-requested()",
1113:                 "callback open-game-path-requested()",
1114:                 "callback open-nexus-update-requested()",
1115:                 "callback open-github-update-requested()",
1116:                 "callback open-downgrade-manager-requested()",
1117:                 "callback open-archive-patcher-requested()",
1135:         assert!(!OVERVIEW_SLINT.contains("Overview behavior is reserved for a later port phase."));
1139:     fn overview_projection_rows_lock_reference_order_and_deferred_status() {
1140:         let snapshot = OverviewSnapshot::empty();
1173:             deferred_action_label(
1175:                 OverviewDeferredActionKind::OpenDowngradeManager,
1181:             deferred_action_label(
1183:                 OverviewDeferredActionKind::OpenArchivePatcher,
1189:             deferred_action_status(
1191:                 OverviewDeferredActionKind::OpenDowngradeManager,
1204:     fn settings_tab_labels_are_exact_and_in_display_order() {
1229:     fn settings_tab_update_channel_labels() {
1249:         assert!(SETTINGS_SLINT.contains("in-out property <string> update-source"));
1250:         assert!(SETTINGS_SLINT.contains("callback update-source-selected(string)"));
1254:     fn settings_tab_log_level_labels() {
1274:         assert!(SETTINGS_SLINT.contains("in-out property <string> log-level"));
1275:         assert!(SETTINGS_SLINT.contains("callback log-level-selected(string)"));
1279:     fn settings_tab_uses_dark_mode_palette() {
1286:     fn main_window_forwards_settings_and_overview_tab_api() {
1290:                 "in-out property <string> update-source",
1291:                 "in-out property <string> log-level",
1292:                 "in-out property <string> overview-refresh-message",
1293:                 "in-out property <[OverviewUiRow]> overview-top-rows",
1294:                 "in-out property <[OverviewUiRow]> overview-binary-rows",
1295:                 "in-out property <[OverviewUiRow]> overview-archive-rows",
1296:                 "in-out property <[OverviewUiRow]> overview-module-rows",
1297:                 "in-out property <[OverviewUiRow]> overview-problem-rows",
1298:                 "callback update-source-selected(string)",
1299:                 "callback log-level-selected(string)",
1300:                 "callback overview-refresh-requested()",
1301:                 "callback overview-open-downgrade-manager-requested()",
1302:                 "callback overview-open-archive-patcher-requested()",
1313:                 "OverviewTab {",
1334:     fn shell_contract_boundary_markers_construct_as_no_ops() {

## src/app/overview_controller.rs
lines=711
1: //! Testable Overview-tab controller and worker payload reducer.
5: //! events into a current [`OverviewSnapshot`](crate::domain::overview::OverviewSnapshot)
12:             OverviewActionError, OverviewDeferredAction, OverviewDeferredActionKind,
13:             OverviewDeferredActionTarget, OverviewGamePathStatus, OverviewSnapshot,
19:         OverviewWorkerPayload, WorkerEvent, WorkerFailure, WorkerPayload, WorkerSpawnError,
24: /// Stable prefix for Overview refresh worker task identifiers.
25: pub const OVERVIEW_REFRESH_TASK_PREFIX: &str = "overview-refresh";
26: /// Stable prefix for Overview update-check worker task identifiers.
27: pub const OVERVIEW_UPDATE_TASK_PREFIX: &str = "overview-update";
28: /// Stable prefix for Overview desktop-action worker task identifiers.
29: pub const OVERVIEW_DESKTOP_TASK_PREFIX: &str = "overview-desktop";
31: /// Monotonic identity assigned to each Overview refresh request.
32: pub type OverviewRefreshId = u64;
36: pub enum OverviewTransitionResult {
41:     /// The event was not an Overview event or was not relevant to this reducer.
45: impl OverviewTransitionResult {
47:     pub const fn is_applied(self) -> bool {
54: pub struct OverviewRefreshRequest {
56:     pub refresh_id: OverviewRefreshId,
58:     pub update_source: UpdateSource,
61: impl OverviewRefreshRequest {
63:     pub const fn should_check_updates(self) -> bool {
68:     pub fn refresh_task(self) -> WorkerTask {
73:     pub fn update_task(self) -> WorkerTask {
78: /// Pure reducer for Overview UI state and owned worker events.
80: pub struct OverviewController {
81:     snapshot: OverviewSnapshot,
82:     next_refresh_id: OverviewRefreshId,
83:     latest_refresh_id: Option<OverviewRefreshId>,
84:     pending_update_banner: Option<(OverviewRefreshId, UpdateBannerState)>,
87: impl Default for OverviewController {
88:     fn default() -> Self {
93: impl OverviewController {
94:     /// Creates an idle controller with an empty Overview snapshot.
95:     pub fn new() -> Self {
97:             snapshot: OverviewSnapshot::empty(),
104:     /// Returns the current render-ready Overview snapshot.
105:     pub fn snapshot(&self) -> &OverviewSnapshot {
110:     pub fn last_safe_action_error(&self) -> Option<&OverviewActionError> {
115:     pub fn initial_loading(&mut self, update_source: UpdateSource) -> OverviewRefreshRequest {
120:     pub fn request_refresh(&mut self, update_source: UpdateSource) -> OverviewRefreshRequest {
127:         self.snapshot = OverviewSnapshot::loading("Refreshing Overview...");
135:             "Overview refresh requested"
138:         OverviewRefreshRequest {
145:     pub fn refresh_completed(
147:         refresh_id: OverviewRefreshId,
148:         mut snapshot: OverviewSnapshot,
149:     ) -> OverviewTransitionResult {
155:                 "Ignoring stale Overview refresh result"
157:             return OverviewTransitionResult::StaleIgnored;
174:             "Overview refresh completed"
177:         OverviewTransitionResult::Applied
181:     pub fn refresh_failed(
183:         refresh_id: OverviewRefreshId,
185:     ) -> OverviewTransitionResult {
191:                 "Ignoring stale Overview refresh failure"
193:             return OverviewTransitionResult::StaleIgnored;
201:             "Overview refresh failed"
205:         self.snapshot = OverviewSnapshot::error(failure.safe_message().to_owned());
208:         OverviewTransitionResult::Applied
212:     pub fn refresh_spawn_failed(
214:         refresh_id: OverviewRefreshId,
216:     ) -> OverviewTransitionResult {
217:         let failure = WorkerFailure::new("Overview refresh could not be started.")
223:     pub fn update_check_completed(
225:         refresh_id: OverviewRefreshId,
227:     ) -> OverviewTransitionResult {
233:                 "Ignoring stale Overview update-check result"
235:             return OverviewTransitionResult::StaleIgnored;
242:             "Overview update check completed"
250:         OverviewTransitionResult::Applied
254:     pub fn desktop_action_completed(
256:         action: OverviewDeferredActionKind,
257:         error: Option<OverviewActionError>,
258:     ) -> OverviewTransitionResult {
264:                 "Overview desktop action failed"
271:                 "Overview desktop action completed"
275:         OverviewTransitionResult::Applied
278:     /// Applies an owned worker event if it carries an Overview payload.
279:     pub fn handle_worker_event(&mut self, event: WorkerEvent) -> OverviewTransitionResult {
281:             WorkerPayload::Overview(payload) => self.handle_overview_payload(payload),
283:                 if event.task.kind == WorkerTaskKind::Overview
291:             _ => OverviewTransitionResult::Ignored,
296:     pub fn game_path_action(&self) -> Option<OverviewDeferredAction> {
298:             OverviewGamePathStatus::Found(path) => Some(OverviewDeferredAction::open_path(
299:                 OverviewDeferredActionKind::OpenGamePath,
303:             OverviewGamePathStatus::NotFound => None,
308:     pub fn update_provider_action(
311:     ) -> Option<OverviewDeferredAction> {
325:     fn handle_overview_payload(
327:         payload: OverviewWorkerPayload,
328:     ) -> OverviewTransitionResult {
330:             OverviewWorkerPayload::RefreshCompleted {
334:             OverviewWorkerPayload::UpdateCheckCompleted {
338:             OverviewWorkerPayload::DesktopActionCompleted { action, error } => {
344:     fn is_latest_refresh(&self, refresh_id: OverviewRefreshId) -> bool {
349: /// Builds worker metadata for a blocking Overview refresh.
350: pub fn overview_refresh_task(refresh_id: OverviewRefreshId) -> WorkerTask {
353:         WorkerTaskKind::Overview,
355:     .with_label("Refresh Overview")
358: /// Builds worker metadata for an Overview update check.
359: pub fn overview_update_task(refresh_id: OverviewRefreshId) -> WorkerTask {
362:         WorkerTaskKind::Overview,
364:     .with_label("Check Overview updates")
367: /// Builds worker metadata for an Overview desktop action.
368: pub fn overview_desktop_task(action: OverviewDeferredActionKind) -> WorkerTask {
371:         WorkerTaskKind::DesktopAction,
373:     .with_label("Open Overview link")
376: /// Converts desktop-action worker output into the Overview payload shape.
377: pub fn overview_desktop_action_payload(
378:     action: OverviewDeferredActionKind,
379:     error: Option<OverviewActionError>,
381:     WorkerPayload::Overview(OverviewWorkerPayload::desktop_action_completed(
387: pub fn unavailable_action_error(
388:     action: OverviewDeferredActionKind,
389:     message: impl Into<String>,
390: ) -> OverviewActionError {
391:     OverviewActionError::new(action, message)
395: pub fn action_target_label(action: &OverviewDeferredAction) -> String {
397:         OverviewDeferredActionTarget::Internal => "internal action".to_owned(),
398:         OverviewDeferredActionTarget::Path(path) => path.display().to_string(),
399:         OverviewDeferredActionTarget::Url(url) => url.clone(),
403: fn initial_update_banner(update_source: UpdateSource) -> UpdateBannerState {
413: fn refresh_id_from_task_id(task_id: &WorkerTaskId) -> Option<OverviewRefreshId> {
418:         .and_then(|value| value.parse::<OverviewRefreshId>().ok())
421: fn action_label(action: OverviewDeferredActionKind) -> &'static str {
423:         OverviewDeferredActionKind::OpenGamePath => "game-path",
424:         OverviewDeferredActionKind::OpenModManagerDetails => "mod-manager-details",
425:         OverviewDeferredActionKind::OpenUpdateProvider(UpdateProvider::NexusMods) => "nexus-update",
426:         OverviewDeferredActionKind::OpenUpdateProvider(UpdateProvider::Github) => "github-update",
427:         OverviewDeferredActionKind::OpenDowngradeManager => "downgrade-manager",
428:         OverviewDeferredActionKind::OpenArchivePatcher => "archive-patcher",
429:         OverviewDeferredActionKind::ShowInvalidModuleVersions => "invalid-module-versions",
430:         OverviewDeferredActionKind::OpenProblemLink => "problem-link",
441:         overview::{OverviewRefreshPhase, OverviewRefreshState, UpdateRelease},
444:     fn ready_snapshot(message: &str) -> OverviewSnapshot {
445:         let mut snapshot = OverviewSnapshot::empty();
446:         snapshot.refresh = OverviewRefreshState::ready(Some(message.to_owned()));
452:     fn overview_controller_initial_loading_sets_busy_snapshot_and_update_check_request() {
453:         let mut controller = OverviewController::new();
461:             OverviewRefreshPhase::Loading
472:     fn overview_controller_refresh_success_applies_latest_snapshot() {
473:         let mut controller = OverviewController::new();
478:         assert_eq!(result, OverviewTransitionResult::Applied);
481:             OverviewRefreshPhase::Ready
490:     fn overview_controller_refresh_failure_maps_to_safe_error_snapshot() {
491:         let mut controller = OverviewController::new();
496:             WorkerFailure::new("Overview refresh failed.").with_diagnostic("raw detail"),
499:         assert_eq!(result, OverviewTransitionResult::Applied);
502:             OverviewRefreshPhase::Error
506:             Some("Overview refresh failed.")
511:     fn overview_controller_update_source_none_skips_update_work() {
512:         let mut controller = OverviewController::new();
524:     fn overview_controller_ignores_stale_refresh_when_second_request_is_newer() {
525:         let mut controller = OverviewController::new();
532:         assert_eq!(stale, OverviewTransitionResult::StaleIgnored);
533:         assert_eq!(latest, OverviewTransitionResult::Applied);
541:     fn overview_controller_update_completed_before_refresh_is_applied_after_refresh() {
542:         let mut controller = OverviewController::new();
550:         assert_eq!(update_result, OverviewTransitionResult::Applied);
565:     fn overview_controller_desktop_action_success_clears_last_safe_error() {
566:         let mut controller = OverviewController::new();
568:             OverviewDeferredActionKind::OpenGamePath,
569:             Some(OverviewActionError::new(
570:                 OverviewDeferredActionKind::OpenGamePath,
576:             controller.desktop_action_completed(OverviewDeferredActionKind::OpenGamePath, None);
578:         assert_eq!(result, OverviewTransitionResult::Applied);
583:     fn overview_controller_desktop_action_failure_updates_last_safe_error() {
584:         let mut controller = OverviewController::new();
587:             OverviewDeferredActionKind::OpenUpdateProvider(UpdateProvider::NexusMods),
588:             Some(OverviewActionError::new(
589:                 OverviewDeferredActionKind::OpenUpdateProvider(UpdateProvider::NexusMods),
594:         assert_eq!(result, OverviewTransitionResult::Applied);
604:     fn overview_controller_spawn_failure_maps_to_safe_refresh_error() {
605:         let mut controller = OverviewController::new();
615:         assert_eq!(result, OverviewTransitionResult::Applied);
618:             OverviewRefreshPhase::Error
622:             Some("Overview refresh could not be started.")
627:     fn overview_controller_worker_panic_failure_event_maps_to_safe_refresh_error() {
628:         let mut controller = OverviewController::new();
630:         let event = WorkerEvent::failed(
637:         assert_eq!(result, OverviewTransitionResult::Applied);
640:             OverviewRefreshPhase::Error
649:     fn overview_controller_worker_overview_payload_applies_refresh() {
650:         let mut controller = OverviewController::new();
652:         let event = WorkerEvent::completed(
654:             WorkerPayload::Overview(OverviewWorkerPayload::refresh_completed(
662:         assert_eq!(result, OverviewTransitionResult::Applied);
670:     fn overview_controller_game_path_action_is_available_only_after_path_discovery() {
671:         let mut controller = OverviewController::new();
675:             OverviewGamePathStatus::found(PathBuf::from(r"C:\Games\Fallout 4"));
682:         assert_eq!(action.kind, OverviewDeferredActionKind::OpenGamePath);
685:             OverviewDeferredActionTarget::Path(_)
690:     fn overview_controller_update_provider_action_tracks_visible_banner() {
691:         let mut controller = OverviewController::new();

## src/workers/events.rs
lines=758
18:         OverviewActionError, OverviewDeferredActionKind, OverviewSnapshot, UpdateBannerState,
22:         desktop::{DesktopActionOutcome, DesktopActionResult},
28: pub struct WorkerTaskId(String);
30: impl WorkerTaskId {
32:     pub fn new(id: impl Into<String>) -> Self {
37:     pub fn as_str(&self) -> &str {
42: impl From<&str> for WorkerTaskId {
43:     fn from(value: &str) -> Self {
48: impl From<String> for WorkerTaskId {
49:     fn from(value: String) -> Self {
54: impl fmt::Display for WorkerTaskId {
55:     fn fmt(&self, formatter: &mut fmt::Formatter<'_>) -> fmt::Result {
62: pub enum WorkerTaskKind {
63:     /// Complete Overview refresh, update-check, or Overview-specific orchestration work.
64:     Overview,
75:     /// Desktop handoff such as opening a URL or path.
76:     DesktopAction,
83: impl WorkerTaskKind {
85:     pub const fn label(self) -> &'static str {
87:             Self::Overview => "overview",
93:             Self::DesktopAction => "desktop-action",
100: impl fmt::Display for WorkerTaskKind {
101:     fn fmt(&self, formatter: &mut fmt::Formatter<'_>) -> fmt::Result {
108: pub struct WorkerTask {
110:     pub id: WorkerTaskId,
112:     pub kind: WorkerTaskKind,
114:     pub label: Option<String>,
117: impl WorkerTask {
119:     pub fn new(id: impl Into<WorkerTaskId>, kind: WorkerTaskKind) -> Self {
128:     pub fn with_label(mut self, label: impl Into<String>) -> Self {
136: pub enum WorkerTaskStatus {
155: impl WorkerTaskStatus {
157:     pub const fn label(self) -> &'static str {
171:     pub const fn is_terminal(self) -> bool {
176: impl fmt::Display for WorkerTaskStatus {
177:     fn fmt(&self, formatter: &mut fmt::Formatter<'_>) -> fmt::Result {
184: pub struct WorkerEvent {
186:     pub task: WorkerTask,
188:     pub status: WorkerTaskStatus,
190:     pub payload: WorkerPayload,
193: impl WorkerEvent {
195:     pub fn new(task: WorkerTask, status: WorkerTaskStatus, payload: WorkerPayload) -> Self {
204:     pub fn running(task: WorkerTask) -> Self {
209:     pub fn progress(task: WorkerTask, progress: WorkerProgress) -> Self {
218:     pub fn completed(task: WorkerTask, payload: WorkerPayload) -> Self {
223:     pub fn failed(task: WorkerTask, failure: WorkerFailure) -> Self {
232:     pub fn cancellation_requested(task: WorkerTask, cancellation: WorkerCancellation) -> Self {
241:     pub fn cancellation_acknowledged(task: WorkerTask, cancellation: WorkerCancellation) -> Self {
250:     pub fn cancelled(task: WorkerTask, cancellation: WorkerCancellation) -> Self {
261: pub struct WorkerProgress {
263:     pub message: Option<String>,
265:     pub current: Option<u64>,
267:     pub total: Option<u64>,
270: impl WorkerProgress {
272:     pub fn new() -> Self {
277:     pub fn with_message(mut self, message: impl Into<String>) -> Self {
283:     pub const fn with_counts(mut self, current: Option<u64>, total: Option<u64>) -> Self {
290:     pub const fn is_empty(&self) -> bool {
297: pub struct WorkerMessage {
299:     pub safe_message: String,
302: impl WorkerMessage {
304:     pub fn new(safe_message: impl Into<String>) -> Self {
313: pub struct WorkerFailure {
315:     pub safe_message: String,
317:     pub diagnostic: Option<String>,
320: impl WorkerFailure {
322:     pub fn new(safe_message: impl Into<String>) -> Self {
330:     pub fn with_diagnostic(mut self, diagnostic: impl Into<String>) -> Self {
336:     pub fn safe_message(&self) -> &str {
341:     pub fn diagnostic(&self) -> Option<&str> {
348: pub struct WorkerCancellation {
350:     pub message: Option<String>,
353: impl WorkerCancellation {
355:     pub fn new(message: Option<String>) -> Self {
360:     pub fn empty() -> Self {
365:     pub fn with_message(message: impl Into<String>) -> Self {
374: pub enum WorkerPayload {
387:     /// Overview-specific snapshot, update, or desktop-action result.
388:     Overview(OverviewWorkerPayload),
399: /// Overview-specific worker payloads that must cross the UI handoff boundary intact.
401: pub enum OverviewWorkerPayload {
402:     /// A full Overview refresh produced a render-ready snapshot.
407:         snapshot: Box<OverviewSnapshot>,
413:         /// Banner state safe for the Overview UI.
417:     DesktopActionCompleted {
419:         action: OverviewDeferredActionKind,
421:         error: Option<OverviewActionError>,
425: impl OverviewWorkerPayload {
427:     pub fn refresh_completed(refresh_id: u64, snapshot: OverviewSnapshot) -> Self {
435:     pub fn update_check_completed(refresh_id: u64, update_banner: UpdateBannerState) -> Self {
443:     pub fn desktop_action_completed(
444:         action: OverviewDeferredActionKind,
445:         error: Option<OverviewActionError>,
447:         Self::DesktopActionCompleted { action, error }
453: pub enum ExternalActionKind {
454:     /// Desktop shell action such as opening a URL or path.
455:     Desktop,
464: impl ExternalActionKind {
466:     pub const fn label(self) -> &'static str {
468:             Self::Desktop => "desktop",
478: pub enum ExternalActionOutcome {
487: pub struct ExternalActionPayload {
489:     pub action_kind: ExternalActionKind,
491:     pub operation: PlatformOperation,
493:     pub target: String,
495:     pub outcome: ExternalActionOutcome,
497:     pub safe_message: String,
500: impl ExternalActionPayload {
502:     pub fn succeeded(
505:         target: impl Into<String>,
506:         safe_message: impl Into<String>,
518:     pub fn failed(
521:         target: impl Into<String>,
523:         safe_message: impl Into<String>,
535:     pub fn from_platform_error(action_kind: ExternalActionKind, error: PlatformError) -> Self {
547:     pub const fn is_success(&self) -> bool {
552:     pub const fn failure_kind(&self) -> Option<PlatformErrorKind> {
560: impl From<DesktopActionResult> for ExternalActionPayload {
561:     fn from(result: DesktopActionResult) -> Self {
563:             PlatformOperation::OpenUrl | PlatformOperation::OpenPath => ExternalActionKind::Desktop,
568:             DesktopActionOutcome::Succeeded => ExternalActionOutcome::Succeeded,
569:             DesktopActionOutcome::Failed(kind) => ExternalActionOutcome::Failed(kind),
588: pub struct CancellationToken {
592: impl CancellationToken {
594:     pub fn new() -> Self {
599:     pub fn request_cancellation(&self) {
604:     pub fn is_cancellation_requested(&self) -> bool {
614:     fn task_kinds_cover_required_background_categories() {
616:             WorkerTaskKind::Overview,
642:     fn event_envelope_carries_task_status_and_typed_payload() {
645:         let event = WorkerEvent::completed(
657:     fn overview_payload_carries_owned_snapshot_and_update_state() {
658:         let task = WorkerTask::new("overview-refresh-1", WorkerTaskKind::Overview);
659:         let snapshot = OverviewSnapshot::loading("Refreshing Overview...");
660:         let refresh = WorkerEvent::completed(
662:             WorkerPayload::Overview(OverviewWorkerPayload::refresh_completed(
667:         let update = WorkerEvent::completed(
669:             WorkerPayload::Overview(OverviewWorkerPayload::update_check_completed(
677:             WorkerPayload::Overview(OverviewWorkerPayload::RefreshCompleted {
684:             WorkerPayload::Overview(OverviewWorkerPayload::UpdateCheckCompleted {
692:     fn progress_supports_optional_text_and_counts_without_percentage_requirements() {
706:     fn cancellation_request_acknowledgement_and_final_cancelled_are_distinct_events() {
708:         let requested = WorkerEvent::cancellation_requested(
712:         let acknowledged = WorkerEvent::cancellation_acknowledged(
716:         let cancelled = WorkerEvent::cancelled(task, WorkerCancellation::with_message("Stopped."));
730:     fn desktop_action_results_flow_through_external_action_payloads() {
732:             DesktopActionResult::success(PlatformOperation::OpenUrl, "https://example.invalid/cmt");
735:         assert_eq!(success_payload.action_kind, ExternalActionKind::Desktop);
741:         let failure = DesktopActionResult::failure(PlatformError::command_failed(

## src/workers/handoff.rs
lines=209
3: //! Background workers emit owned [`WorkerEvent`](crate::workers::events::WorkerEvent)
6: //! component handles directly.
13: use crate::workers::events::WorkerEvent;
16: pub type WorkerHandoffResult<T = ()> = Result<T, WorkerHandoffError>;
20: pub enum WorkerHandoffErrorKind {
27: impl WorkerHandoffErrorKind {
29:     pub const fn label(self) -> &'static str {
39: pub struct WorkerHandoffError {
41:     pub kind: WorkerHandoffErrorKind,
43:     pub safe_message: String,
45:     pub diagnostic: Option<String>,
48: impl WorkerHandoffError {
50:     pub fn new(kind: WorkerHandoffErrorKind, safe_message: impl Into<String>) -> Self {
59:     pub fn with_diagnostic(mut self, diagnostic: impl Into<String>) -> Self {
64:     fn recording_poisoned(diagnostic: impl Into<String>) -> Self {
72:     fn slint_event_loop(diagnostic: impl Into<String>) -> Self {
81: impl fmt::Display for WorkerHandoffError {
82:     fn fmt(&self, formatter: &mut fmt::Formatter<'_>) -> fmt::Result {
87: impl std::error::Error for WorkerHandoffError {}
89: /// Sink trait used by worker code to emit owned events.
90: pub trait WorkerEventSink: Clone + Send + Sync + 'static {
92:     fn emit(&self, event: WorkerEvent) -> WorkerHandoffResult;
97: pub struct RecordingEventSink {
98:     events: Arc<Mutex<Vec<WorkerEvent>>>,
101: impl RecordingEventSink {
103:     pub fn new() -> Self {
108:     pub fn events(&self) -> WorkerHandoffResult<Vec<WorkerEvent>> {
116:     pub fn len(&self) -> WorkerHandoffResult<usize> {
124:     pub fn is_empty(&self) -> WorkerHandoffResult<bool> {
129: impl WorkerEventSink for RecordingEventSink {
130:     fn emit(&self, event: WorkerEvent) -> WorkerHandoffResult {
141: /// owned [`WorkerEvent`](crate::workers::events::WorkerEvent) values; it never
142: /// receives Slint component handles or model references.
144: pub struct SlintEventLoopSink {
145:     handler: Arc<dyn Fn(WorkerEvent) + Send + Sync + 'static>,
148: impl SlintEventLoopSink {
150:     pub fn new(handler: impl Fn(WorkerEvent) + Send + Sync + 'static) -> Self {
157: impl fmt::Debug for SlintEventLoopSink {
158:     fn fmt(&self, formatter: &mut fmt::Formatter<'_>) -> fmt::Result {
166: impl WorkerEventSink for SlintEventLoopSink {
167:     fn emit(&self, event: WorkerEvent) -> WorkerHandoffResult {
179:     use crate::workers::events::{WorkerEvent, WorkerTask, WorkerTaskKind};
181:     fn assert_sink<T: WorkerEventSink>() {}
184:     fn recording_sink_stores_owned_events() {
186:         let event = WorkerEvent::running(WorkerTask::new("discover", WorkerTaskKind::Discovery));
200:     fn slint_event_loop_sink_is_constructible_without_a_window() {

## src/workers/mod.rs
lines=476
14: pub mod events;
15: pub mod handoff;
17: pub use events::{
19:     OverviewWorkerPayload, WorkerCancellation, WorkerEvent, WorkerFailure, WorkerMessage,
22: pub use handoff::{
23:     RecordingEventSink, SlintEventLoopSink, WorkerEventSink, WorkerHandoffError,
28: pub type BlockingWorkerResult = Result<WorkerTaskOutcome, WorkerFailure>;
32: pub enum WorkerTaskOutcome {
41: /// The facade does not own a Tokio runtime. Callers must construct or enter a
45: pub struct WorkerRuntime;
47: impl WorkerRuntime {
49:     pub const fn new() -> Self {
54:     pub fn spawn_blocking_task<S, F>(
61:         S: WorkerEventSink,
95:             emit_or_log(&worker_sink, WorkerEvent::running(worker_task.clone()));
106:                     emit_or_log(&worker_sink, WorkerEvent::completed(worker_task, payload));
118:                         WorkerEvent::cancelled(worker_task, cancellation),
131:                     emit_or_log(&worker_sink, WorkerEvent::failed(worker_task, failure));
149:                     emit_or_log(&worker_sink, WorkerEvent::failed(worker_task, failure));
165: pub enum WorkerSpawnError {
173: impl fmt::Display for WorkerSpawnError {
174:     fn fmt(&self, formatter: &mut fmt::Formatter<'_>) -> fmt::Result {
184: impl std::error::Error for WorkerSpawnError {}
188: pub struct WorkerTaskContext<S>
190:     S: WorkerEventSink,
199:     S: WorkerEventSink,
201:     fn new(task: WorkerTask, sink: S, cancellation: CancellationToken) -> Self {
210:     pub fn task(&self) -> &WorkerTask {
215:     pub fn cancellation_token(&self) -> CancellationToken {
220:     pub fn is_cancellation_requested(&self) -> bool {
225:     pub fn emit_payload(
231:             .emit(WorkerEvent::new(self.task.clone(), status, payload))
235:     pub fn emit_progress(&self, progress: WorkerProgress) -> WorkerHandoffResult {
237:             .emit(WorkerEvent::progress(self.task.clone(), progress))
241:     pub fn acknowledge_cancellation(
245:         self.sink.emit(WorkerEvent::cancellation_acknowledged(
253: pub struct WorkerTaskHandle<S>
255:     S: WorkerEventSink,
265:     S: WorkerEventSink,
268:     pub fn task(&self) -> &WorkerTask {
273:     pub fn request_cancellation(&self, cancellation: WorkerCancellation) -> WorkerHandoffResult {
275:         self.sink.emit(WorkerEvent::cancellation_requested(
282:     pub fn cancellation_token(&self) -> CancellationToken {
287:     pub async fn join(self) -> Result<(), tokio::task::JoinError> {
292: fn emit_or_log<S>(sink: &S, event: WorkerEvent)
294:     S: WorkerEventSink,
313: fn panic_payload_message(payload: &(dyn std::any::Any + Send)) -> Option<String> {
332:     async fn blocking_facade_runs_work_off_calling_thread_and_records_events() {
391:     async fn cancellation_request_acknowledgement_and_final_cancelled_flow_through_facade() {
428:     async fn worker_failures_emit_safe_failure_events() {
457:     fn spawning_without_tokio_runtime_returns_typed_error() {

## src/domain/mod.rs
lines=41
7: pub mod discovery;
8: pub mod mod_manager;
9: pub mod overview;
10: pub mod settings;
17: pub struct DomainState;
22:     fn settings_domain_types_are_publicly_importable() {
23:         fn assert_type<T>() {}
37:         assert_type::<crate::domain::overview::OverviewSnapshot>();
38:         assert_type::<crate::domain::overview::OverviewProblem>();

## src/app/mod.rs
lines=30
3: //! The labels below are copied from the reference `Tab` enum in
8: pub mod overview_controller;
9: pub mod settings_controller;
12: pub const SHELL_TAB_LABELS: [&str; 6] =
13:     ["Overview", "F4SE", "Scanner", "Tools", "Settings", "About"];
20: pub const fn shell_tab_labels() -> [&'static str; 6] {
27: /// adapters, worker handles, or Slint component references, and constructing it
30: pub struct ShellController;

## src/platform/mod.rs
lines=282
12: pub mod desktop;
13: pub mod filesystem;
14: pub mod process;
15: pub mod registry;
16: pub mod settings_store;
19: pub type PlatformResult<T> = Result<T, PlatformError>;
23: pub enum PlatformOperation {
48: impl PlatformOperation {
50:     pub const fn label(self) -> &'static str {
67:     pub const fn success_message(self) -> &'static str {
77: impl fmt::Display for PlatformOperation {
78:     fn fmt(&self, formatter: &mut fmt::Formatter<'_>) -> fmt::Result {
85: pub enum PlatformErrorKind {
102: impl PlatformErrorKind {
104:     pub fn from_io_error(error: &io::Error) -> Self {
116: pub struct PlatformError {
118:     pub operation: PlatformOperation,
120:     pub target: String,
122:     pub kind: PlatformErrorKind,
127: impl PlatformError {
129:     pub fn new(
131:         target: impl Into<String>,
133:         user_message: impl Into<String>,
145:     pub fn unsupported(operation: PlatformOperation, target: impl Into<String>) -> Self {
155:     pub fn from_io(
157:         target: impl Into<String>,
180:     pub fn command_failed(
182:         target: impl Into<String>,
183:         diagnostic: impl Into<String>,
195:     pub fn parse_error(
197:         target: impl Into<String>,
198:         diagnostic: impl Into<String>,
213:     pub fn with_diagnostic(mut self, diagnostic: impl Into<String>) -> Self {
219:     pub fn user_message(&self) -> &str {
224:     pub fn diagnostic(&self) -> Option<&str> {
229: impl fmt::Display for PlatformError {
230:     fn fmt(&self, formatter: &mut fmt::Formatter<'_>) -> fmt::Result {
239: impl std::error::Error for PlatformError {}
246: pub struct PlatformServices;
253:     fn platform_error_keeps_user_message_separate_from_diagnostics() {
270:     fn platform_adapter_types_are_publicly_importable() {
271:         fn assert_type<T>() {}
279:         assert_type::<crate::platform::desktop::RealDesktopActions>();
280:         assert_type::<crate::platform::desktop::DesktopActionResult>();

## Cargo.toml
lines=28

