1818:                 bytes.truncate(BA2_HEADER_LEN);
1819:                 bytes.extend_from_slice(&[0x40, 0x5a, 0x64, 0x4c]);
1820:                 bytes
1821:             })
1822:             .with_file(
1823:                 "C:/Games/Fallout 4/Fallout4Launcher.exe",
1824:                 [0x0e, 0x27, 0x0c, 0xb3],
1825:             );
1826:         let process = FakeProcessInspector::default()
1827:             .with_raw_version("C:/Games/Fallout 4/Fallout4.exe", "1.10.163.0")
1828:             .with_raw_version("C:/Games/Fallout 4/steam_api64.dll", "7.40.51.27")
1829:             .with_raw_version("C:/Games/Fallout 4/f4se_loader.exe", "9.9.9.9");
1830: 
1831:         let facts = collect(&fs, &process, &installation(), &environment());
1832: 
1833:         assert_eq!(
1834:             row(&facts.binaries, "Fallout4.exe").install_type,
1835:             Fallout4InstallType::DownGrade
1836:         );
1837:         assert_eq!(
1838:             row(&facts.binaries, "Fallout4Launcher.exe").install_type,
