Occurrences of ini_files and Fallout4Installation construction:
src/main.rs:268:    app.on_overview_open_archive_patcher_requested({
src/main.rs:396:        archives = collected.diagnostics.archive_count,
src/main.rs:398:        enabled_archives = collected.diagnostics.enabled_archive_count,
src/main.rs:414:        archives: &collected.archives,
src/main.rs:643:    app.set_overview_archive_rows(model_from_vec(format_count_panel_rows(
src/main.rs:644:        &snapshot.archives.rows,
src/main.rs:672:    app.set_overview_archive_patcher_label(
src/main.rs:674:            &snapshot.archives.actions,
src/main.rs:680:    app.set_overview_archive_patcher_enabled(false);
src/main.rs:681:    app.set_overview_archive_patcher_status(
src/main.rs:683:            &snapshot.archives.actions,
src/main.rs:1109:                "in-out property <[OverviewUiRow]> overview-archive-rows",
src/main.rs:1117:                "callback open-archive-patcher-requested()",
src/main.rs:1130:        assert!(OVERVIEW_SLINT.contains("overview-archive-patcher-enabled: false"));
src/main.rs:1148:        let archive_labels = format_count_panel_rows(&snapshot.archives.rows)
src/main.rs:1153:            archive_labels,
src/main.rs:1182:                &snapshot.archives.actions,
src/main.rs:1295:                "in-out property <[OverviewUiRow]> overview-archive-rows",
src/main.rs:1302:                "callback overview-open-archive-patcher-requested()",
src/main.rs:1317:                "overview-archive-rows <=> root.overview-archive-rows",
src/main.rs:1321:                "overview-archive-patcher-enabled <=> root.overview-archive-patcher-enabled",
src/main.rs:1328:                "root.overview-open-archive-patcher-requested()",
src/domain/discovery.rs:112:pub struct Fallout4Installation {
src/domain/discovery.rs:122:    pub archives: Vec<ArchiveRecord>,
src/domain/discovery.rs:126:    pub ini_files: Fallout4IniFiles,
src/domain/discovery.rs:129:impl Fallout4Installation {
src/domain/discovery.rs:141:            archives: Vec::new(),
src/domain/discovery.rs:143:            ini_files: Fallout4IniFiles::default(),
src/domain/discovery.rs:178:    /// General BA2 archive (`GNRL`).
src/domain/discovery.rs:180:    /// DirectX 10 texture BA2 archive (`DX10`).
src/domain/discovery.rs:182:    /// Any other archive format marker retained for diagnostics.
src/domain/discovery.rs:197:/// BA2 version classes used by the archive overview and patcher workflows.
src/domain/discovery.rs:202:    /// v7, initial Next-Gen archive version.
src/domain/discovery.rs:204:    /// v8, current Next-Gen archive version.
src/domain/discovery.rs:211:    /// Converts the typed archive version into the numeric value in the BA2 header.
src/domain/discovery.rs:222:/// Single archive record carried by scanner and overview workflows.
src/domain/discovery.rs:227:    /// Parsed archive format marker.
src/domain/discovery.rs:229:    /// Parsed archive version.
src/domain/discovery.rs:231:    /// Whether later enablement parsing found this archive active.
src/domain/discovery.rs:233:    /// Whether the scanner could read enough bytes to classify the archive.
src/domain/discovery.rs:238:    /// Creates a readable archive record with an explicit enabled state.
src/domain/discovery.rs:254:    /// Creates an unreadable archive record while preserving its path.
src/domain/discovery.rs:370:pub struct Fallout4IniFiles {
src/domain/discovery.rs:548:    fn archive_module_and_ini_records_are_pure_domain_state() {
src/domain/discovery.rs:550:        installation.archives.push(ArchiveRecord::new(
src/domain/discovery.rs:563:            .ini_files
src/domain/discovery.rs:571:            installation.archives[0].format.as_reference_magic(),
src/domain/discovery.rs:574:        assert_eq!(installation.archives[0].version.as_header_value(), 8);
src/domain/discovery.rs:580:            installation.ini_files.fallout4.get("general", "slanguage"),
src/domain/overview.rs:4://! checks, binary/archive/module summaries, and scanner problem records. This
src/domain/overview.rs:41:/// User-facing title for the archive summary panel.
src/domain/overview.rs:48:/// User-facing archive row label for General/GNRL archives.
src/domain/overview.rs:50:/// User-facing archive row label for Texture/DX10 archives.
src/domain/overview.rs:52:/// User-facing total row label used by archive and module panels.
src/domain/overview.rs:54:/// User-facing unreadable row label used by archive and module panels.
src/domain/overview.rs:56:/// User-facing archive-version row label for v1 BA2 files.
src/domain/overview.rs:58:/// User-facing archive-version row label for v7/v8 BA2 files.
src/domain/overview.rs:60:/// Reference archive count row order, excluding visual separators.
src/domain/overview.rs:102:/// Deferred utility button label in the archive panel.
src/domain/overview.rs:580:/// Count row used by archive and module Overview panels.
src/domain/overview.rs:615:/// Archive panel summary generated from typed archive records or fake test data.
src/domain/overview.rs:627:    /// Creates an archive panel with zero counts and reference row order.
src/domain/overview.rs:632:    /// Creates an archive panel from explicit counts.
src/domain/overview.rs:675:    /// Creates an archive panel by counting supplied archive records.
src/domain/overview.rs:714:/// Explicit archive counts used by pure tests and future projection code.
src/domain/overview.rs:1087:    /// Problem originated in archive classification.
src/domain/overview.rs:1304:    pub archives: ArchivePanelSummary,
src/domain/overview.rs:1375:            snapshot.archives = ArchivePanelSummary::from_records(&installation.archives);
src/domain/overview.rs:1412:            .chain(self.archives.actions.iter())
src/domain/overview.rs:1508:        assert_eq!(snapshot.archives.title, "Archives (BA2)");
src/domain/overview.rs:1510:        assert_eq!(row_labels(&snapshot.archives.rows), ARCHIVE_COUNT_LABELS);
src/domain/overview.rs:1564:        installation.archives.push(ArchiveRecord::new(
src/domain/overview.rs:1592:        assert_eq!(snapshot.archives.rows[1].value, 1);
src/domain/overview.rs:1750:    fn archive_and_module_record_counts_keep_reference_order_and_severity() {
src/domain/overview.rs:1751:        let archives = ArchivePanelSummary::from_counts(ArchivePanelCounts {
src/domain/overview.rs:1758:        assert_eq!(row_labels(&archives.rows), ARCHIVE_COUNT_LABELS);
src/domain/overview.rs:1759:        assert_eq!(archives.rows[0].severity, StatusSeverity::Warning);
src/domain/overview.rs:1760:        assert_eq!(archives.rows[1].severity, StatusSeverity::Error);
src/domain/overview.rs:1761:        assert_eq!(archives.rows[3].severity, StatusSeverity::Error);
src/domain/overview.rs:1762:        assert_eq!(archives.rows[4].value, 2);
src/domain/overview.rs:1763:        assert_eq!(archives.rows[5].value, 3);
src/domain/mod.rs:4://! typed settings, scan results, game metadata, archive information, and other
src/services/discovery.rs:1096:    fn installation_for_game_path(&self, game_path: PathBuf) -> Fallout4Installation {
src/services/overview.rs:3://! The reference Overview tab gathers discovery, binary, archive, module,
src/services/overview.rs:41:    "The version of this archive does not match your installed game version.";
src/services/overview.rs:44:const MISSING_CCC_SUMMARY: &str = "The CC list file was not found in your game install path.\nThis is used to detect which CC modules/archives may be enabled.";
src/services/overview.rs:46:    "plugins.txt was not found.\nThis is used to detect which modules/archives are enabled.";
src/services/overview.rs:48:    "Failed to read archive due to permissions or the file is missing.";
src/services/overview.rs:54:const ARCHIVE_LIMIT_SOLUTION: &str = "Archives can be unpacked or merged to reduce your total.\nNote: Do not mix texture and non-texture archives when merging.\nUnpacking is only suggested for small non-texture archives for performance reasons.\nYou can use Unpackrr to quickly unpack small archives:";
src/services/overview.rs:72:    /// Classified BA2 archive facts.
src/services/overview.rs:73:    pub archives: &'a [ArchiveRecord],
src/services/overview.rs:107:        let archives = ArchivePanelSummary::from_records(input.archives);
src/services/overview.rs:115:        append_archive_problems(input.archives, effective_install_type, &mut problems);
src/services/overview.rs:117:        append_count_limit_problems(&archives, &modules, &mut problems);
src/services/overview.rs:137:            archives,
src/services/overview.rs:282:    /// Fallout4.ccc state for Creation Club module/archive enablement.
src/services/overview.rs:718:fn append_archive_problems(
src/services/overview.rs:729:                archive_problem(
src/services/overview.rs:742:                    archive_problem(
src/services/overview.rs:756:                if archive_version_mismatches_game(record.version, install_type) =>
src/services/overview.rs:759:                    archive_problem(
src/services/overview.rs:776:                archive_problem(
src/services/overview.rs:788:fn archive_version_mismatches_game(
src/services/overview.rs:799:fn archive_problem(
src/services/overview.rs:893:    archives: &ArchivePanelSummary,
src/services/overview.rs:897:    for row in archives.rows.iter().filter(|row| {
src/services/overview.rs:1105:        archives: &'a [ArchiveRecord],
src/services/overview.rs:1114:            archives,
src/services/overview.rs:1158:    fn installation(install_type: Fallout4InstallType) -> Fallout4Installation {
src/services/overview.rs:1168:    fn installation_without_data(install_type: Fallout4InstallType) -> Fallout4Installation {
src/services/overview.rs:1243:        let archives = vec![
src/services/overview.rs:1278:            &archives,
src/services/overview.rs:1292:        assert_eq!(row_value(&snapshot.archives.rows, ARCHIVE_GENERAL_LABEL), 1);
src/services/overview.rs:1293:        assert_eq!(row_value(&snapshot.archives.rows, ARCHIVE_TEXTURE_LABEL), 1);
src/services/overview.rs:1295:            row_value(&snapshot.archives.rows, ARCHIVE_OLD_GEN_VERSION_LABEL),
src/services/overview.rs:1323:        let archives = vec![ArchiveRecord::new(
src/services/overview.rs:1337:            &archives,
src/services/overview.rs:1347:            row_value(&snapshot.archives.rows, ARCHIVE_NEXT_GEN_VERSION_LABEL),
src/services/overview.rs:1371:        let archives = Vec::new();
src/services/overview.rs:1382:            &archives,
src/services/overview.rs:1416:        let archives = Vec::new();
src/services/overview.rs:1425:            &archives,
src/services/overview.rs:1457:        let archives = Vec::new();
src/services/overview.rs:1475:            &archives,
src/services/overview.rs:1514:        let archives = vec![
src/services/overview.rs:1551:            &archives,
src/services/overview.rs:1565:            row_value(&snapshot.archives.rows, COUNT_UNREADABLE_LABEL),
src/services/overview.rs:1588:    fn overview_diagnostics_old_gen_rejects_next_gen_archive_versions() {
src/services/overview.rs:1599:        let archives = vec![ArchiveRecord::new(
src/services/overview.rs:1613:            &archives,
src/services/overview.rs:1620:        let archive_problem = snapshot
src/services/overview.rs:1624:            .expect("known Old-Gen installs should reject v7/v8 archives");
src/services/overview.rs:1625:        assert_eq!(archive_problem.summary, WRONG_ARCHIVE_VERSION_SUMMARY);
src/services/overview.rs:1627:            archive_problem.relative_path.as_deref(),
src/services/overview.rs:1644:        let archives = (0..=MAX_ARCHIVES_GENERAL)
src/services/overview.rs:1671:            &archives,
src/services/overview.rs:1688:        assert_eq!(row_value(&snapshot.archives.rows, COUNT_TOTAL_LABEL), 257);
src/services/overview.rs:1704:        let archives = Vec::new();
src/services/overview.rs:1713:            &archives,
src/services/overview.rs:1741:        let archives = Vec::new();
src/services/overview.rs:1750:            &archives,
src/services/overview.rs:1774:        let archives = Vec::new();
src/services/overview.rs:1783:            &archives,
src/services/overview.rs:1800:            &archives,
src/services/overview.rs:1816:            &archives,
src/services/overview.rs:1837:        let archives = Vec::new();
src/services/overview.rs:1850:            archives: &archives,
src/services/overview.rs:1894:        let archives = (0..MAX_ARCHIVES_GENERAL)
src/services/overview.rs:1912:            &archives,
src/services/overview.rs:1920:            row_value(&snapshot.archives.rows, ARCHIVE_GENERAL_LABEL),
src/services/overview_collector.rs:4://! binary, archive, module, and enablement facts. This module performs the
src/services/overview_collector.rs:18:        ArchiveFormat, ArchiveRecord, ArchiveVersion, Fallout4IniFiles, Fallout4InstallType,
src/services/overview_collector.rs:39:    "sresourcestartuparchivelist",
src/services/overview_collector.rs:40:    "sresourcearchivelist",
src/services/overview_collector.rs:41:    "sresourcearchivelist2",
src/services/overview_collector.rs:239:    pub archives: Vec<ArchiveRecord>,
src/services/overview_collector.rs:273:            Self::Archives => "archives",
src/services/overview_collector.rs:321:    /// Number of archive records emitted.
src/services/overview_collector.rs:322:    pub archive_count: usize,
src/services/overview_collector.rs:325:    /// Number of archive records marked enabled.
src/services/overview_collector.rs:326:    pub enabled_archive_count: usize,
src/services/overview_collector.rs:419:        let archives = self.collect_archives(
src/services/overview_collector.rs:421:            &enablement_inputs.enabled_archives,
src/services/overview_collector.rs:431:        diagnostics.archive_count = archives.len();
src/services/overview_collector.rs:433:        diagnostics.enabled_archive_count = archives.iter().filter(|record| record.enabled).count();
src/services/overview_collector.rs:436:        diagnostics.record_phase(OverviewCollectionPhase::Archives, archives.len());
src/services/overview_collector.rs:443:            archive_count = diagnostics.archive_count,
src/services/overview_collector.rs:445:            enabled_archive_count = diagnostics.enabled_archive_count,
src/services/overview_collector.rs:454:            archives,
src/services/overview_collector.rs:707:        self.collect_ini_enabled_archives(
src/services/overview_collector.rs:717:            collection.enabled_modules.len() + collection.enabled_archives.len(),
src/services/overview_collector.rs:919:    fn collect_ini_enabled_archives(
src/services/overview_collector.rs:931:        for archive_name in ini_archive_names(&installation.ini_files) {
src/services/overview_collector.rs:932:            match index.resolve_relative(&archive_name) {
src/services/overview_collector.rs:933:                Some(path) if is_archive_path(&path) => {
src/services/overview_collector.rs:934:                    collection.enabled_archives.insert(path_key(&path));
src/services/overview_collector.rs:940:                    Some(index.root.join(&archive_name)),
src/services/overview_collector.rs:941:                    "INI archive list references a file that was not found in Data.",
src/services/overview_collector.rs:946:        let suffixes = ba2_suffixes(&installation.ini_files);
src/services/overview_collector.rs:958:                let archive_name = format!("{stem} - {suffix}.ba2");
src/services/overview_collector.rs:959:                if let Some(path) = index.resolve_sibling(&module_path, &archive_name) {
src/services/overview_collector.rs:960:                    collection.enabled_archives.insert(path_key(&path));
src/services/overview_collector.rs:965:        if ini_value(&installation.ini_files.prefs, "nvflex", "bnvflexenable") == Some("1") {
src/services/overview_collector.rs:966:            self.add_hardcoded_archive(
src/services/overview_collector.rs:976:            self.add_hardcoded_archive(
src/services/overview_collector.rs:986:    fn add_hardcoded_archive(
src/services/overview_collector.rs:995:            collection.enabled_archives.insert(path_key(&path));
src/services/overview_collector.rs:1006:    fn collect_archives(
src/services/overview_collector.rs:1009:        enabled_archives: &BTreeSet<String>,
src/services/overview_collector.rs:1019:            .filter(|path| is_archive_path(path))
src/services/overview_collector.rs:1021:                self.collect_archive(
src/services/overview_collector.rs:1023:                    enabled_archives.contains(&path_key(path)),
src/services/overview_collector.rs:1030:    fn collect_archive(
src/services/overview_collector.rs:1044:                return unreadable_archive(path, enabled);
src/services/overview_collector.rs:1055:            return unreadable_archive(path, enabled);
src/services/overview_collector.rs:1064:            return unreadable_archive(path, enabled);
src/services/overview_collector.rs:1068:        let archive_version = match version {
src/services/overview_collector.rs:1100:            version: archive_version,
src/services/overview_collector.rs:1208:    enabled_archives: BTreeSet<String>,
src/services/overview_collector.rs:1349:fn ini_archive_names(ini_files: &Fallout4IniFiles) -> Vec<String> {
