23:scanner_controller::{
25:ScannerScanWorkerRequest, ScannerTransitionResult, any_scanner_category_enabled,
26:scanner_action_completed_payload, scanner_scan_completed_payload,
47:ScannerActionKind, ScannerActionTarget, ScannerCategoryKind, ScannerCategoryProjection,
204:let scanner_controller = Arc::new(Mutex::new(ScannerController::new(
207:.current_scanner_settings()
218:apply_current_scanner_state(&app, &scanner_controller);
2501:fn apply_current_scanner_state(app: &MainWindow, controller: &Arc<Mutex<ScannerController>>) {
2503:with_scanner_controller_mut(controller, |controller| project_scanner_state(controller))
2507:apply_scanner_projection(app, projection);
2577:fn project_scanner_state(controller: &ScannerController) -> ScannerUiProjection {
2578:let categories = scanner_category_toggles(controller.category_projection());
2579:let detail = project_scanner_detail(controller.selected_detail());
2591:result_rows: format_scanner_result_rows(controller.groups(), controller.results()),
2623:.map(format_scanner_file_list_rows)
2628:fn scanner_category_toggles(
2673:fn project_scanner_detail(
2674:detail: Option<&app::scanner_controller::ScannerSelectedDetail>,
2692:mod_name: scanner_detail_value(&detail.records, DETAIL_LABEL_MOD),
2693:problem: scanner_detail_value(&detail.records, DETAIL_LABEL_PROBLEM),
2694:summary: scanner_detail_value(&detail.records, DETAIL_LABEL_SUMMARY),
2695:solution: scanner_detail_value(&detail.records, DETAIL_LABEL_SOLUTION),
2696:open_path_enabled: scanner_detail_has_enabled_action(
2698:ScannerActionKind::OpenLocation,
2700:open_url_enabled: scanner_detail_has_enabled_action(
2702:ScannerActionKind::OpenSolutionUrl,
2704:copy_url_enabled: scanner_detail_has_enabled_action(
2706:ScannerActionKind::CopySolutionUrl,
2708:file_list_enabled: scanner_detail_has_enabled_action(
2710:ScannerActionKind::ShowFileList,
2715:fn scanner_detail_value(records: &[domain::scanner::ScannerDetailRecord], label: &str) -> String {
2723:fn scanner_detail_has_enabled_action(
2724:detail: &app::scanner_controller::ScannerSelectedDetail,
2725:action: ScannerActionKind,
2733:fn format_scanner_result_rows(
2751:scanner_flat_result_index(result, flat_results, &mut used_flat_indices);
2770:fn scanner_flat_result_index(
2792:fn format_scanner_file_list_rows(file_list: &ScannerFileList) -> Vec<ScannerFileListUiRow> {
2803:fn apply_scanner_projection(app: &MainWindow, projection: ScannerUiProjection) {
2804:app.set_scanner_overview_issues_enabled(projection.categories.overview_issues);
2805:app.set_scanner_errors_enabled(projection.categories.errors);
2806:app.set_scanner_wrong_file_formats_enabled(projection.categories.wrong_file_formats);
2807:app.set_scanner_loose_previs_enabled(projection.categories.loose_previs);
2808:app.set_scanner_junk_files_enabled(projection.categories.junk_files);
2809:app.set_scanner_problem_overrides_enabled(projection.categories.problem_overrides);
2810:app.set_scanner_race_subgraphs_enabled(projection.categories.race_subgraphs);
2811:app.set_scanner_settings_read_only(projection.categories.read_only);
2812:app.set_scanner_scan_button_text(projection.scan_button_text.as_str().into());
2813:app.set_scanner_scan_button_enabled(projection.scan_button_enabled);
2814:app.set_scanner_busy(projection.busy);
2815:app.set_scanner_status_text(projection.status_text.as_str().into());
2816:app.set_scanner_progress_text(projection.progress_text.as_str().into());
2817:app.set_scanner_progress_percent(projection.progress_percent);
2818:app.set_scanner_result_count_text(projection.result_count_text.as_str().into());
2819:app.set_scanner_result_rows(model_from_vec(projection.result_rows));
2820:app.set_scanner_show_mod_column(projection.show_mod_column);
2821:app.set_scanner_detail_visible(projection.detail_visible);
2822:app.set_scanner_detail_mod(projection.detail_mod.as_str().into());
2823:app.set_scanner_detail_problem(projection.detail_problem.as_str().into());
2824:app.set_scanner_detail_summary(projection.detail_summary.as_str().into());
2825:app.set_scanner_detail_solution(projection.detail_solution.as_str().into());
2826:app.set_scanner_action_feedback(projection.action_feedback.as_str().into());
2827:app.set_scanner_open_path_enabled(projection.open_path_enabled);
2828:app.set_scanner_open_url_enabled(projection.open_url_enabled);
2829:app.set_scanner_copy_url_enabled(projection.copy_url_enabled);
2830:app.set_scanner_file_list_enabled(projection.file_list_enabled);
2831:app.set_scanner_file_list_visible(projection.file_list_visible);
2832:app.set_scanner_file_list_title(projection.file_list_title.as_str().into());
2833:app.set_scanner_file_list_description(projection.file_list_description.as_str().into());
2834:app.set_scanner_file_list_first_column(projection.file_list_first_column.as_str().into());
2835:app.set_scanner_file_list_second_column(projection.file_list_second_column.as_str().into());
2836:app.set_scanner_file_list_rows(model_from_vec(projection.file_list_rows));
3672:fn s07_scanner_slint_contract_replaces_placeholder_with_read_only_surface() {
