--- execute_confirmed ---
line 1144: execute_confirmed<D, A>(
--- DeltaDownloader ---
line 193: DeltaDownloader {
--- DeltaApplier ---
line 324: DeltaApplier {
--- Pinned ---
not found
--- sha ---
not found
--- local patch ---
not found
--- oversized ---
not found
--- expansion ---
not found
--- No active ---
not found
--- symlink ---
not found
--- canonical ---
not found

Tests containing executor/safety keywords:
149:     TooLarge {
168:         Self::TooLarge {
177:             Self::Request { safe_message, .. } | Self::TooLarge { safe_message, .. } => {
187:             Self::TooLarge { .. } => Some("delta patch exceeds configured size limit"),
1144:     pub fn execute_confirmed<D, A>(
1155:             "downgrader.execute_confirmed",
2939:     fn downgrader_executor_restores_valid_desired_backup_and_respects_keep_backups() {
2947:             .execute_confirmed(executor_request(30, true, false), &downloader, &applier)
2976:             .execute_confirmed(executor_request(31, false, false), &downloader, &applier)
3000:     fn downgrader_executor_deletes_invalid_backups_downloads_applies_and_cleans_deltas() {
3008:             .execute_confirmed(executor_request(32, false, true), &downloader, &applier)
3040:     fn downgrader_executor_reuses_existing_patch_and_does_not_download_for_skipped_rows() {
3051:             .execute_confirmed(executor_request(33, true, false), &downloader, &applier)
3066:             .execute_confirmed(executor_request(34, true, true), &downloader, &applier)
3080:     fn downgrader_executor_preserves_source_backup_after_download_or_apply_failures() {
3086:             .execute_confirmed(executor_request(35, false, true), &downloader, &applier)
3101:             .execute_confirmed(executor_request(36, false, true), &downloader, &applier)
3113:     fn downgrader_executor_logs_permission_failures_and_continues_safely() {
3126:             .execute_confirmed(executor_request(37, false, false), &downloader, &applier)
3145:     fn downgrader_executor_vcdiff_applier_fixture_decodes_source_patch() {
