GATE verify_all exit=0 durationMs=137
tail:
requirements ok: 54 records, 54 validated, 0 active
artifacts ok: 6 required files present, non-empty, and caveated
provenance ok: traceability references existing completed-slice summary IDs and S07 dependency attribution
GATE fmt exit=0 durationMs=1500
GATE check exit=0 durationMs=7509
tail:
Finished `dev` profile [unoptimized + debuginfo] target(s) in 7.45s
GATE test exit=0 durationMs=590
tail:
test workers::handoff::tests::slint_event_loop_sink_is_constructible_without_a_window ... ok
test workers::tests::spawning_without_tokio_runtime_returns_typed_error ... ok
test workers::tests::blocking_facade_runs_work_off_calling_thread_and_records_events ... ok
test workers::tests::cancellation_request_acknowledgement_and_final_cancelled_flow_through_facade ... ok
test workers::tests::worker_failures_emit_safe_failure_events ... ok
test tests::s07_scanner_runtime_wiring_scan_scheduling_persists_and_clears_old_state ... ok

test result: ok. 361 passed; 0 failed; 0 ignored; 0 measured; 0 filtered out; finished in 0.03s


    Finished `test` profile [unoptimized + debuginfo] target(s) in 0.49s
     Running unittests src\main.rs (target\debug\deps\cmt_rs-fb809204803a5fa1.exe)
GATE clippy exit=0 durationMs=681
tail:
                  keep_backups: false,
                  delete_deltas: true,
              }, ..Default::default() }` and removing relevant reassignments
    --> src\main.rs:7534:9
     |
7534 |         let mut settings = AppSettings::default();
     |         ^^^^^^^^^^^^^^^^^^^^^^^^^^^^^^^^^^^^^^^^^^
     = help: for further information visit https://rust-lang.github.io/rust-clippy/rust-1.95.0/index.html#field_reassign_with_default

warning: `cmt-rs` (bin "cmt-rs") generated 17 warnings (run `cargo clippy --fix --bin "cmt-rs" -p cmt-rs -- ` to apply 1 suggestion)
warning: `cmt-rs` (bin "cmt-rs" test) generated 19 warnings (17 duplicates)
    Finished `dev` profile [unoptimized + debuginfo] target(s) in 0.55s
OVERALL PASS
