Diff in /mnt/j/cmt-rs/src/main.rs:1128:
         assert!(OVERVIEW_SLINT.contains("overview-refresh-busy"));
         assert!(OVERVIEW_SLINT.contains("overview-downgrade-enabled: false"));
         assert!(OVERVIEW_SLINT.contains("overview-archive-patcher-enabled: false"));
[31m-        assert!(OVERVIEW_SLINT.contains(
(B[m[31m-            "Deferred until the Downgrade Manager workflow is ported."
(B[m[31m-        ));
(B[m[31m-        assert!(OVERVIEW_SLINT.contains(
(B[m[31m-            "Deferred until the Archive Patcher workflow is ported."
(B[m[31m-        ));
(B[m[31m-        assert!(!OVERVIEW_SLINT.contains(
(B[m[31m-            "Overview behavior is reserved for a later port phase."
(B[m[31m-        ));
(B[m[32m+        assert!(
(B[m[32m+            OVERVIEW_SLINT.contains("Deferred until the Downgrade Manager workflow is ported.")
(B[m[32m+        );
(B[m[32m+        assert!(OVERVIEW_SLINT.contains("Deferred until the Archive Patcher workflow is ported."));
(B[m[32m+        assert!(!OVERVIEW_SLINT.contains("Overview behavior is reserved for a later port phase."));
(B[m     }
 
     #[test]
Diff in /mnt/j/cmt-rs/src/main.rs:1153:
             .iter()
             .map(|row| row.label.as_str())
             .collect::<Vec<_>>();
[31m-        assert_eq!(archive_labels, domain::overview::ARCHIVE_COUNT_LABELS.to_vec());
(B[m[32m+        assert_eq!(
(B[m[32m+            archive_labels,
(B[m[32m+            domain::overview::ARCHIVE_COUNT_LABELS.to_vec()
(B[m[32m+        );
(B[m 
         let module_labels = format_count_panel_rows(&snapshot.modules.rows)
             .iter()
Diff in /mnt/j/cmt-rs/src/main.rs:1160:
             .map(|row| row.label.as_str())
             .collect::<Vec<_>>();
[31m-        assert_eq!(module_labels, domain::overview::MODULE_COUNT_LABELS.to_vec());
(B[m[32m+        assert_eq!(
(B[m[32m+            module_labels,
(B[m[32m+            domain::overview::MODULE_COUNT_LABELS.to_vec()
(B[m[32m+        );
(B[m 
         let binary_rows = format_binary_rows(&snapshot);
         assert!(
Diff in /mnt/j/cmt-rs/src/main.rs:1192:
             "Deferred until the Downgrade Manager workflow is ported."
         );
         assert_eq!(format_problem_summary(&snapshot), "Problems: 0");
[31m-        assert_eq!(format_problem_rows(&snapshot)[0].detail.as_str(), "No problems detected.");
(B[m[32m+        assert_eq!(
(B[m[32m+            format_problem_rows(&snapshot)[0].detail.as_str(),
(B[m[32m+            "No problems detected."
(B[m[32m+        );
(B[m     }
 
     #[test]
