## request_f4se_initial_scan
-- line 632
620:     app: &MainWindow,
621:     controller: Arc<Mutex<F4seController>>,
622:     worker_runtime: WorkerRuntime,
623:     f4se_sink: SlintEventLoopSink,
624: ) {
625:     app.on_f4se_tab_activated({
626:         let app = app.as_weak();
627:         let controller = Arc::clone(&controller);
628:         let f4se_sink = f4se_sink.clone();
629: 
630:         move || {
631:             if let Some(app) = app.upgrade() {
632:                 request_f4se_initial_scan(&app, &controller, worker_runtime, f4se_sink.clone());
633:             }
634:         }
635:     });
636: }
637: 
638: fn request_f4se_initial_scan(
639:     app: &MainWindow,
640:     controller: &Arc<Mutex<F4seController>>,
641:     worker_runtime: WorkerRuntime,
642:     f4se_sink: SlintEventLoopSink,
643: ) {
644:     let Some(request) = take_f4se_initial_scan_request(controller) else {
645:         tracing::debug!(
646:             event = "s06-f4se-lazy-activation-ignored",
647:             "F4SE tab activation did not schedule a duplicate scan"
648:         );
649:         return;
650:     };
651: 
652:     let scan_id = request.scan_id;
653:     let task = request.task.clone();
654:     tracing::info!(
655:         event = "s06-f4se-scan-schedule",
656:         scan_id,
657:         task_id = %task.id,
658:         "Scheduling lazy F4SE DLL scan worker"
659:     );
660: 
661:     if let Err(error) = worker_runtime.spawn_blocking_task(task, f4se_sink, move |_context| {
662:         build_f4se_scan_payload(scan_id)
663:     }) {
664:         tracing::error!(
665:             event = "s06-f4se-scan-spawn-failed",
666:             scan_id,
667:             error = %error,
668:             "F4SE scan worker could not be scheduled"
669:         );
670:         with_f4se_controller_mut(controller, |controller| {
671:             controller.spawn_failed(scan_id, error);
672:         });
673:         apply_current_f4se_snapshot(app, controller);
674:         return;
675:     }
676: 
677:     with_f4se_controller_mut(controller, |controller| {
678:         controller.scan_started(scan_id);
679:     });
680:     apply_current_f4se_snapshot(app, controller);
681: }
682: 
683: fn take_f4se_initial_scan_request(
684:     controller: &Arc<Mutex<F4seController>>,
685: ) -> Option<F4seScanWorkerRequest> {
686:     with_f4se_controller_mut(controller, F4seController::request_initial_scan).flatten()
687: }
688: 
689: fn build_f4se_scan_payload(scan_id: u64) -> BlockingWorkerResult {
690:     let snapshot = build_f4se_scan_snapshot(scan_id);
691:     Ok(WorkerTaskOutcome::Completed(f4se_scan_completed_payload(
692:         scan_id, snapshot,
693:     )))
694: }
695: 
696: fn build_f4se_scan_snapshot(scan_id: u64) -> F4seScanSnapshot {
697:     let span = tracing::info_span!("f4se_scan_worker", scan_id);
698:     let _guard = span.enter();
699:     tracing::info!(
700:         event = "s06-f4se-scan-started",
701:         scan_id,

-- line 638
626:         let app = app.as_weak();
627:         let controller = Arc::clone(&controller);
628:         let f4se_sink = f4se_sink.clone();
629: 
630:         move || {
631:             if let Some(app) = app.upgrade() {
632:                 request_f4se_initial_scan(&app, &controller, worker_runtime, f4se_sink.clone());
633:             }
634:         }
635:     });
636: }
637: 
638: fn request_f4se_initial_scan(
639:     app: &MainWindow,
640:     controller: &Arc<Mutex<F4seController>>,
641:     worker_runtime: WorkerRuntime,
642:     f4se_sink: SlintEventLoopSink,
643: ) {
644:     let Some(request) = take_f4se_initial_scan_request(controller) else {
645:         tracing::debug!(
646:             event = "s06-f4se-lazy-activation-ignored",
647:             "F4SE tab activation did not schedule a duplicate scan"
648:         );
649:         return;
650:     };
651: 
652:     let scan_id = request.scan_id;
653:     let task = request.task.clone();
654:     tracing::info!(
655:         event = "s06-f4se-scan-schedule",
656:         scan_id,
657:         task_id = %task.id,
658:         "Scheduling lazy F4SE DLL scan worker"
659:     );
660: 
661:     if let Err(error) = worker_runtime.spawn_blocking_task(task, f4se_sink, move |_context| {
662:         build_f4se_scan_payload(scan_id)
663:     }) {
664:         tracing::error!(
665:             event = "s06-f4se-scan-spawn-failed",
666:             scan_id,
667:             error = %error,
668:             "F4SE scan worker could not be scheduled"
669:         );
670:         with_f4se_controller_mut(controller, |controller| {
671:             controller.spawn_failed(scan_id, error);
672:         });
673:         apply_current_f4se_snapshot(app, controller);
674:         return;
675:     }
676: 
677:     with_f4se_controller_mut(controller, |controller| {
678:         controller.scan_started(scan_id);
679:     });
680:     apply_current_f4se_snapshot(app, controller);
681: }
682: 
683: fn take_f4se_initial_scan_request(
684:     controller: &Arc<Mutex<F4seController>>,
685: ) -> Option<F4seScanWorkerRequest> {
686:     with_f4se_controller_mut(controller, F4seController::request_initial_scan).flatten()
687: }
688: 
689: fn build_f4se_scan_payload(scan_id: u64) -> BlockingWorkerResult {
690:     let snapshot = build_f4se_scan_snapshot(scan_id);
691:     Ok(WorkerTaskOutcome::Completed(f4se_scan_completed_payload(
692:         scan_id, snapshot,
693:     )))
694: }
695: 
696: fn build_f4se_scan_snapshot(scan_id: u64) -> F4seScanSnapshot {
697:     let span = tracing::info_span!("f4se_scan_worker", scan_id);
698:     let _guard = span.enter();
699:     tracing::info!(
700:         event = "s06-f4se-scan-started",
701:         scan_id,
702:         "F4SE scan worker started"
703:     );
704: 
705:     let filesystem = RealFilesystem::new();
706:     let registry = RealRegistry::new();
707:     let process = RealProcessInspector::new();

## handle_f4se_worker_event
-- line 594
582:         let Some(app) = app.upgrade() else {
583:             tracing::warn!(
584:                 event = "s06-f4se-worker-event-dropped",
585:                 task_id = %task_id,
586:                 task_kind,
587:                 status,
588:                 "F4SE worker event arrived after the Slint window was gone"
589:             );
590:             return;
591:         };
592: 
593:         let Some(result) = with_f4se_controller_mut(&controller, |controller| {
594:             handle_f4se_worker_event(controller, event)
595:         }) else {
596:             return;
597:         };
598: 
599:         match result {
600:             F4seTransitionResult::Applied => apply_current_f4se_snapshot(&app, &controller),
601:             F4seTransitionResult::StaleIgnored => tracing::debug!(
602:                 event = "s06-f4se-worker-stale-ignored",
603:                 task_id = %task_id,
604:                 task_kind,
605:                 status,
606:                 "F4SE worker event was stale and ignored"
607:             ),
608:             F4seTransitionResult::Ignored => tracing::debug!(
609:                 event = "s06-f4se-worker-event-ignored",
610:                 task_id = %task_id,
611:                 task_kind,
612:                 status,
613:                 "Ignoring non-F4SE worker event on F4SE sink"
614:             ),
615:         }
616:     })
617: }
618: 
619: fn bind_f4se_callbacks(
620:     app: &MainWindow,
621:     controller: Arc<Mutex<F4seController>>,
622:     worker_runtime: WorkerRuntime,
623:     f4se_sink: SlintEventLoopSink,
624: ) {
625:     app.on_f4se_tab_activated({
626:         let app = app.as_weak();
627:         let controller = Arc::clone(&controller);
628:         let f4se_sink = f4se_sink.clone();
629: 
630:         move || {
631:             if let Some(app) = app.upgrade() {
632:                 request_f4se_initial_scan(&app, &controller, worker_runtime, f4se_sink.clone());
633:             }
634:         }
635:     });
636: }
637: 
638: fn request_f4se_initial_scan(
639:     app: &MainWindow,
640:     controller: &Arc<Mutex<F4seController>>,
641:     worker_runtime: WorkerRuntime,
642:     f4se_sink: SlintEventLoopSink,
643: ) {
644:     let Some(request) = take_f4se_initial_scan_request(controller) else {
645:         tracing::debug!(
646:             event = "s06-f4se-lazy-activation-ignored",
647:             "F4SE tab activation did not schedule a duplicate scan"
648:         );
649:         return;
650:     };
651: 
652:     let scan_id = request.scan_id;
653:     let task = request.task.clone();
654:     tracing::info!(
655:         event = "s06-f4se-scan-schedule",
656:         scan_id,
657:         task_id = %task.id,
658:         "Scheduling lazy F4SE DLL scan worker"
659:     );
660: 
661:     if let Err(error) = worker_runtime.spawn_blocking_task(task, f4se_sink, move |_context| {
662:         build_f4se_scan_payload(scan_id)
663:     }) {

-- line 1409
1397: 
1398: fn apply_about_feedback(
1399:     app: &MainWindow,
1400:     controller: &Arc<Mutex<AboutController>>,
1401:     feedback: AboutActionFeedback,
1402: ) {
1403:     with_about_controller_mut(controller, |controller| {
1404:         controller.handle_feedback(feedback);
1405:     });
1406:     apply_current_about_state(app, controller);
1407: }
1408: 
1409: fn handle_f4se_worker_event(
1410:     controller: &mut F4seController,
1411:     event: WorkerEvent,
1412: ) -> F4seTransitionResult {
1413:     controller.handle_worker_event(event)
1414: }
1415: 
1416: fn handle_tools_worker_event(
1417:     controller: &mut ToolsController,
1418:     event: WorkerEvent,
1419: ) -> ToolsTransitionResult {
1420:     if let Some(feedback) = tools_worker_failure_feedback_from_event(&event) {
1421:         return controller.handle_feedback(feedback);
1422:     }
1423: 
1424:     controller.handle_worker_event(event)
1425: }
1426: 
1427: fn handle_about_worker_event(
1428:     controller: &mut AboutController,
1429:     event: WorkerEvent,
1430: ) -> AboutTransitionResult {
1431:     if let Some(feedback) = about_worker_failure_feedback_from_event(&event) {
1432:         return controller.handle_feedback(feedback);
1433:     }
1434: 
1435:     controller.handle_worker_event(event)
1436: }
1437: 
1438: fn tools_worker_failure_feedback_from_event(event: &WorkerEvent) -> Option<ToolsActionFeedback> {
1439:     let WorkerPayload::Error(failure) = &event.payload else {
1440:         return None;
1441:     };
1442:     let action_id = tools_action_id_from_task(&event.task)?;
1443: 
1444:     Some(ToolsActionFeedback::rejected(
1445:         action_id,
1446:         tools_action_for_id(action_id).ok(),
1447:         ActionRejectionKind::WorkerUnavailable,
1448:         failure.safe_message.clone(),
1449:         failure.diagnostic.clone(),
1450:     ))
1451: }
1452: 
1453: fn about_worker_failure_feedback_from_event(event: &WorkerEvent) -> Option<AboutActionFeedback> {
1454:     let WorkerPayload::Error(failure) = &event.payload else {
1455:         return None;
1456:     };
1457:     let action_id = about_action_id_from_task(&event.task)?;
1458: 
1459:     Some(AboutActionFeedback::rejected(
1460:         action_id,
1461:         about_action_for_id(action_id).ok(),
1462:         ActionRejectionKind::WorkerUnavailable,
1463:         failure.safe_message.clone(),
1464:         failure.diagnostic.clone(),
1465:     ))
1466: }
1467: 
1468: fn tools_action_id_from_task(task: &WorkerTask) -> Option<&str> {
1469:     task.id.as_str().strip_prefix(TOOLS_WORKER_TASK_PREFIX)
1470: }
1471: 
1472: fn about_action_id_from_task(task: &WorkerTask) -> Option<&str> {
1473:     task.id.as_str().strip_prefix(ABOUT_WORKER_TASK_PREFIX)
1474: }
1475: 
1476: fn emit_worker_event_or_log<S>(sink: &S, event: WorkerEvent)
1477: where
1478:     S: WorkerEventSink,

-- line 2412
2400: 
2401:         let facts = F4seDllFacts::f4se("complete.dll", true, true, Some(true), Some(true));
2402:         let snapshot = F4seScanSnapshot::ready(vec![render_f4se_dll_row(
2403:             &facts,
2404:             F4seGameTarget::Anniversary,
2405:         )]);
2406:         let event = WorkerEvent::completed(
2407:             request.task.clone(),
2408:             f4se_scan_completed_payload(request.scan_id, snapshot),
2409:         );
2410: 
2411:         assert_eq!(
2412:             handle_f4se_worker_event(&mut controller, event),
2413:             F4seTransitionResult::Applied
2414:         );
2415:         let projection = project_f4se_snapshot(controller.snapshot());
2416:         assert_eq!(projection.status_text, "F4SE scan complete. DLLs: 1");
2417:         assert!(!projection.busy);
2418:         assert_eq!(projection.rows[0].dll.as_str(), "complete.dll");
2419:         assert_eq!(projection.rows[0].your_game.as_str(), "✔");
2420: 
2421:         let before = controller.snapshot().clone();
2422:         let unrelated = WorkerEvent::completed(
2423:             WorkerTask::new("other-worker", WorkerTaskKind::Generic),
2424:             WorkerPayload::Generic(workers::WorkerMessage::new("Other complete.")),
2425:         );
2426:         assert_eq!(
2427:             handle_f4se_worker_event(&mut controller, unrelated),
2428:             F4seTransitionResult::Ignored
2429:         );
2430:         assert_eq!(controller.snapshot(), &before);
2431:     }
2432: 
2433:     #[test]
2434:     fn s06_f4se_runtime_wiring_error_empty_and_unknown_game_warning_states_are_visible() {
2435:         let idle_projection = project_f4se_snapshot(&F4seScanSnapshot::idle());
2436:         assert_eq!(idle_projection.status_text, "F4SE scan has not run yet.");
2437:         assert!(idle_projection.rows.is_empty());
2438: 
2439:         let error_projection =
2440:             project_f4se_snapshot(&F4seScanSnapshot::missing_plugins_folder(false));
2441:         assert_eq!(error_projection.status_text, "F4SE scan failed.");
2442:         assert!(
2443:             error_projection
2444:                 .loading_or_error_text
2445:                 .contains("Data/F4SE/Plugins folder not found")
2446:         );
2447:         assert!(
2448:             error_projection
2449:                 .loading_or_error_text
2450:                 .contains("Try launching via your mod manager.")
2451:         );
2452:         assert!(error_projection.rows.is_empty());
2453: 
2454:         let facts = F4seDllFacts::f4se("unknown-game.dll", false, true, Some(true), Some(true));
2455:         let warning =
2456:             F4seScanSnapshot::ready(vec![render_f4se_dll_row(&facts, F4seGameTarget::Unknown)]);
2457:         let warning_projection = project_f4se_snapshot(&warning);
2458:         assert_eq!(warning_projection.rows[0].dll.as_str(), "unknown-game.dll");
2459:         assert_eq!(warning_projection.rows[0].your_game.as_str(), "⚠");
2460:         assert_eq!(warning_projection.rows[0].severity.as_str(), "warning");
2461:         assert!(
2462:             warning_projection
2463:                 .unknown_game_detail
2464:                 .contains("could not be classified")
2465:         );
2466:     }
2467: 
2468:     #[test]
2469:     fn s05_slint_contract_tools_tab_replaces_placeholder_with_reference_groups() {
2470:         assert!(TOOLS_SLINT.contains("export component ToolsTab"));
2471:         assert!(TOOLS_SLINT.contains("background: #202020;"));
2472:         assert!(TOOLS_SLINT.contains("in-out property <string> tools-last-action-error"));
2473:         assert!(TOOLS_SLINT.contains("in-out property <string> tools-disabled-utility-status"));
2474:         assert!(TOOLS_SLINT.contains("callback tool-action-requested(string)"));
2475:         assert!(TOOLS_SLINT.contains("SafeErrorBanner"));
2476:         assert!(!TOOLS_SLINT.contains("Tools behavior is reserved for a later port phase."));
2477: 
2478:         let mut expected = Vec::new();
2479:         for group in TOOL_GROUPS {
2480:             expected.push(slint_assignment("title", group.label));
2481:             for entry in group.entries {

## build_f4se_scan_payload
-- line 662
650:     };
651: 
652:     let scan_id = request.scan_id;
653:     let task = request.task.clone();
654:     tracing::info!(
655:         event = "s06-f4se-scan-schedule",
656:         scan_id,
657:         task_id = %task.id,
658:         "Scheduling lazy F4SE DLL scan worker"
659:     );
660: 
661:     if let Err(error) = worker_runtime.spawn_blocking_task(task, f4se_sink, move |_context| {
662:         build_f4se_scan_payload(scan_id)
663:     }) {
664:         tracing::error!(
665:             event = "s06-f4se-scan-spawn-failed",
666:             scan_id,
667:             error = %error,
668:             "F4SE scan worker could not be scheduled"
669:         );
670:         with_f4se_controller_mut(controller, |controller| {
671:             controller.spawn_failed(scan_id, error);
672:         });
673:         apply_current_f4se_snapshot(app, controller);
674:         return;
675:     }
676: 
677:     with_f4se_controller_mut(controller, |controller| {
678:         controller.scan_started(scan_id);
679:     });
680:     apply_current_f4se_snapshot(app, controller);
681: }
682: 
683: fn take_f4se_initial_scan_request(
684:     controller: &Arc<Mutex<F4seController>>,
685: ) -> Option<F4seScanWorkerRequest> {
686:     with_f4se_controller_mut(controller, F4seController::request_initial_scan).flatten()
687: }
688: 
689: fn build_f4se_scan_payload(scan_id: u64) -> BlockingWorkerResult {
690:     let snapshot = build_f4se_scan_snapshot(scan_id);
691:     Ok(WorkerTaskOutcome::Completed(f4se_scan_completed_payload(
692:         scan_id, snapshot,
693:     )))
694: }
695: 
696: fn build_f4se_scan_snapshot(scan_id: u64) -> F4seScanSnapshot {
697:     let span = tracing::info_span!("f4se_scan_worker", scan_id);
698:     let _guard = span.enter();
699:     tracing::info!(
700:         event = "s06-f4se-scan-started",
701:         scan_id,
702:         "F4SE scan worker started"
703:     );
704: 
705:     let filesystem = RealFilesystem::new();
706:     let registry = RealRegistry::new();
707:     let process = RealProcessInspector::new();
708:     let current_working_directory = current_working_directory();
709:     let local_appdata = std::env::var_os("LOCALAPPDATA").map(PathBuf::from);
710: 
711:     let mut discovery_request = DiscoveryRequest::new(current_working_directory);
712:     discovery_request = discovery_request.with_current_process_id(std::process::id());
713:     if let Some(path) = local_appdata.clone() {
714:         discovery_request = discovery_request.with_local_appdata(path);
715:     }
716: 
717:     let discovery =
718:         DiscoveryService::new(&filesystem, &registry, &process).discover(&discovery_request);
719:     if let Err(error) = &discovery.game {
720:         tracing::warn!(
721:             event = "s06-f4se-discovery-failure",
722:             scan_id,
723:             safe_message = %error.user_message(),
724:             "F4SE discovery did not find a usable Fallout 4 installation"
725:         );
726:     }
727:     if let Err(error) = &discovery.mod_manager {
728:         tracing::warn!(
729:             event = "s06-f4se-manager-discovery-failure",
730:             scan_id,
731:             safe_message = %error.user_message(),

-- line 689
677:     with_f4se_controller_mut(controller, |controller| {
678:         controller.scan_started(scan_id);
679:     });
680:     apply_current_f4se_snapshot(app, controller);
681: }
682: 
683: fn take_f4se_initial_scan_request(
684:     controller: &Arc<Mutex<F4seController>>,
685: ) -> Option<F4seScanWorkerRequest> {
686:     with_f4se_controller_mut(controller, F4seController::request_initial_scan).flatten()
687: }
688: 
689: fn build_f4se_scan_payload(scan_id: u64) -> BlockingWorkerResult {
690:     let snapshot = build_f4se_scan_snapshot(scan_id);
691:     Ok(WorkerTaskOutcome::Completed(f4se_scan_completed_payload(
692:         scan_id, snapshot,
693:     )))
694: }
695: 
696: fn build_f4se_scan_snapshot(scan_id: u64) -> F4seScanSnapshot {
697:     let span = tracing::info_span!("f4se_scan_worker", scan_id);
698:     let _guard = span.enter();
699:     tracing::info!(
700:         event = "s06-f4se-scan-started",
701:         scan_id,
702:         "F4SE scan worker started"
703:     );
704: 
705:     let filesystem = RealFilesystem::new();
706:     let registry = RealRegistry::new();
707:     let process = RealProcessInspector::new();
708:     let current_working_directory = current_working_directory();
709:     let local_appdata = std::env::var_os("LOCALAPPDATA").map(PathBuf::from);
710: 
711:     let mut discovery_request = DiscoveryRequest::new(current_working_directory);
712:     discovery_request = discovery_request.with_current_process_id(std::process::id());
713:     if let Some(path) = local_appdata.clone() {
714:         discovery_request = discovery_request.with_local_appdata(path);
715:     }
716: 
717:     let discovery =
718:         DiscoveryService::new(&filesystem, &registry, &process).discover(&discovery_request);
719:     if let Err(error) = &discovery.game {
720:         tracing::warn!(
721:             event = "s06-f4se-discovery-failure",
722:             scan_id,
723:             safe_message = %error.user_message(),
724:             "F4SE discovery did not find a usable Fallout 4 installation"
725:         );
726:     }
727:     if let Err(error) = &discovery.mod_manager {
728:         tracing::warn!(
729:             event = "s06-f4se-manager-discovery-failure",
730:             scan_id,
731:             safe_message = %error.user_message(),
732:             "F4SE mod-manager discovery failed safely"
733:         );
734:     }
735: 
736:     let mut collection_environment = OverviewCollectionEnvironment::new();
737:     if let Some(path) = local_appdata {
738:         collection_environment = collection_environment.with_local_appdata(path);
739:     }
740: 
741:     let collected = match &discovery.game {
742:         Ok(installation) => {
743:             let collector = OverviewCollector::new(&filesystem, &process);
744:             collector.collect(OverviewCollectionRequest::new(
745:                 installation,
746:                 &collection_environment,
747:             ))
748:         }
749:         Err(_) => OverviewCollectedFacts::default(),
750:     };
751:     let current_game = f4se_current_game_from_overview_facts(&collected);
752:     tracing::info!(
753:         event = "s06-f4se-current-game-classified",
754:         scan_id,
755:         current_game = ?current_game,
756:         binaries = collected.binaries.len(),
757:         "F4SE current-game target classified from Overview Fallout4.exe facts"
758:     );

## project_f4se_snapshot
-- line 1584
1572: 
1573: fn apply_current_about_state(app: &MainWindow, controller: &Arc<Mutex<AboutController>>) {
1574:     let Some(projection) = with_about_controller_mut(controller, |controller| {
1575:         project_about_state(controller.state())
1576:     }) else {
1577:         return;
1578:     };
1579:     apply_about_projection(app, &projection);
1580: }
1581: 
1582: fn apply_current_f4se_snapshot(app: &MainWindow, controller: &Arc<Mutex<F4seController>>) {
1583:     let Some(projection) = with_f4se_controller_mut(controller, |controller| {
1584:         project_f4se_snapshot(controller.snapshot())
1585:     }) else {
1586:         return;
1587:     };
1588:     apply_f4se_projection(app, projection);
1589: }
1590: 
1591: fn project_f4se_snapshot(snapshot: &F4seScanSnapshot) -> F4seUiProjection {
1592:     F4seUiProjection {
1593:         status_text: f4se_status_text(snapshot),
1594:         busy: snapshot.status == F4seScanStatus::Loading,
1595:         loading_or_error_text: f4se_loading_or_error_text(snapshot),
1596:         unknown_game_detail: f4se_unknown_game_detail(&snapshot.rows),
1597:         rows: format_f4se_rows(&snapshot.rows),
1598:     }
1599: }
1600: 
1601: fn f4se_status_text(snapshot: &F4seScanSnapshot) -> String {
1602:     match snapshot.status {
1603:         F4seScanStatus::Idle => "F4SE scan has not run yet.".to_owned(),
1604:         F4seScanStatus::Loading => "Scanning DLLs...".to_owned(),
1605:         F4seScanStatus::Ready => format!("F4SE scan complete. DLLs: {}", snapshot.rows.len()),
1606:         F4seScanStatus::Error => "F4SE scan failed.".to_owned(),
1607:     }
1608: }
1609: 
1610: fn f4se_loading_or_error_text(snapshot: &F4seScanSnapshot) -> String {
1611:     match snapshot.status {
1612:         F4seScanStatus::Loading | F4seScanStatus::Error => snapshot.status_message.clone(),
1613:         F4seScanStatus::Idle | F4seScanStatus::Ready => String::new(),
1614:     }
1615: }
1616: 
1617: fn f4se_unknown_game_detail(rows: &[F4seDllRow]) -> String {
1618:     rows.iter()
1619:         .flat_map(|row| row.details.iter())
1620:         .find(|detail| detail.contains("could not be classified"))
1621:         .cloned()
1622:         .unwrap_or_default()
1623: }
1624: 
1625: fn format_f4se_rows(rows: &[F4seDllRow]) -> Vec<F4seUiRow> {
1626:     rows.iter().map(format_f4se_row).collect()
1627: }
1628: 
1629: fn format_f4se_row(row: &F4seDllRow) -> F4seUiRow {
1630:     F4seUiRow {
1631:         dll: row.dll_name.as_str().into(),
1632:         og: row.og.icon.as_reference_str().into(),
1633:         ng: row.ng.icon.as_reference_str().into(),
1634:         ae: row.ae.icon.as_reference_str().into(),
1635:         your_game: row.your_game.icon.as_reference_str().into(),
1636:         severity: f4se_severity_label(row.severity).into(),
1637:         detail: row.details.join(" ").into(),
1638:     }
1639: }
1640: 
1641: fn f4se_severity_label(severity: F4seRowSeverity) -> &'static str {
1642:     match severity {
1643:         F4seRowSeverity::Neutral => "neutral",
1644:         F4seRowSeverity::Compatible => "compatible",
1645:         F4seRowSeverity::Incompatible => "incompatible",
1646:         F4seRowSeverity::Warning => "warning",
1647:     }
1648: }
1649: 
1650: fn apply_f4se_projection(app: &MainWindow, projection: F4seUiProjection) {
1651:     app.set_f4se_status_text(projection.status_text.as_str().into());
1652:     app.set_f4se_busy(projection.busy);
1653:     app.set_f4se_loading_or_error_text(projection.loading_or_error_text.as_str().into());

-- line 1591
1579:     apply_about_projection(app, &projection);
1580: }
1581: 
1582: fn apply_current_f4se_snapshot(app: &MainWindow, controller: &Arc<Mutex<F4seController>>) {
1583:     let Some(projection) = with_f4se_controller_mut(controller, |controller| {
1584:         project_f4se_snapshot(controller.snapshot())
1585:     }) else {
1586:         return;
1587:     };
1588:     apply_f4se_projection(app, projection);
1589: }
1590: 
1591: fn project_f4se_snapshot(snapshot: &F4seScanSnapshot) -> F4seUiProjection {
1592:     F4seUiProjection {
1593:         status_text: f4se_status_text(snapshot),
1594:         busy: snapshot.status == F4seScanStatus::Loading,
1595:         loading_or_error_text: f4se_loading_or_error_text(snapshot),
1596:         unknown_game_detail: f4se_unknown_game_detail(&snapshot.rows),
1597:         rows: format_f4se_rows(&snapshot.rows),
1598:     }
1599: }
1600: 
1601: fn f4se_status_text(snapshot: &F4seScanSnapshot) -> String {
1602:     match snapshot.status {
1603:         F4seScanStatus::Idle => "F4SE scan has not run yet.".to_owned(),
1604:         F4seScanStatus::Loading => "Scanning DLLs...".to_owned(),
1605:         F4seScanStatus::Ready => format!("F4SE scan complete. DLLs: {}", snapshot.rows.len()),
1606:         F4seScanStatus::Error => "F4SE scan failed.".to_owned(),
1607:     }
1608: }
1609: 
1610: fn f4se_loading_or_error_text(snapshot: &F4seScanSnapshot) -> String {
1611:     match snapshot.status {
1612:         F4seScanStatus::Loading | F4seScanStatus::Error => snapshot.status_message.clone(),
1613:         F4seScanStatus::Idle | F4seScanStatus::Ready => String::new(),
1614:     }
1615: }
1616: 
1617: fn f4se_unknown_game_detail(rows: &[F4seDllRow]) -> String {
1618:     rows.iter()
1619:         .flat_map(|row| row.details.iter())
1620:         .find(|detail| detail.contains("could not be classified"))
1621:         .cloned()
1622:         .unwrap_or_default()
1623: }
1624: 
1625: fn format_f4se_rows(rows: &[F4seDllRow]) -> Vec<F4seUiRow> {
1626:     rows.iter().map(format_f4se_row).collect()
1627: }
1628: 
1629: fn format_f4se_row(row: &F4seDllRow) -> F4seUiRow {
1630:     F4seUiRow {
1631:         dll: row.dll_name.as_str().into(),
1632:         og: row.og.icon.as_reference_str().into(),
1633:         ng: row.ng.icon.as_reference_str().into(),
1634:         ae: row.ae.icon.as_reference_str().into(),
1635:         your_game: row.your_game.icon.as_reference_str().into(),
1636:         severity: f4se_severity_label(row.severity).into(),
1637:         detail: row.details.join(" ").into(),
1638:     }
1639: }
1640: 
1641: fn f4se_severity_label(severity: F4seRowSeverity) -> &'static str {
1642:     match severity {
1643:         F4seRowSeverity::Neutral => "neutral",
1644:         F4seRowSeverity::Compatible => "compatible",
1645:         F4seRowSeverity::Incompatible => "incompatible",
1646:         F4seRowSeverity::Warning => "warning",
1647:     }
1648: }
1649: 
1650: fn apply_f4se_projection(app: &MainWindow, projection: F4seUiProjection) {
1651:     app.set_f4se_status_text(projection.status_text.as_str().into());
1652:     app.set_f4se_busy(projection.busy);
1653:     app.set_f4se_loading_or_error_text(projection.loading_or_error_text.as_str().into());
1654:     app.set_f4se_unknown_game_detail(projection.unknown_game_detail.as_str().into());
1655:     app.set_f4se_rows(model_from_vec(projection.rows));
1656: }
1657: 
1658: fn project_tools_state(state: &ToolsState) -> ToolsUiProjection {
1659:     ToolsUiProjection {
1660:         last_action_error: state

-- line 2330
2318:         assert_eq!(
2319:             shell_tab_labels(),
2320:             ["Overview", "F4SE", "Scanner", "Tools", "Settings", "About"]
2321:         );
2322:     }
2323: 
2324:     #[test]
2325:     fn s06_f4se_runtime_wiring_projects_controller_snapshots_to_slint_rows() {
2326:         let facts = F4seDllFacts::f4se("modern.dll", true, true, Some(true), Some(false));
2327:         let row = render_f4se_dll_row(&facts, F4seGameTarget::NextGen);
2328:         let snapshot = F4seScanSnapshot::ready(vec![row]);
2329: 
2330:         let projection = project_f4se_snapshot(&snapshot);
2331: 
2332:         assert_eq!(projection.status_text, "F4SE scan complete. DLLs: 1");
2333:         assert!(!projection.busy);
2334:         assert_eq!(projection.loading_or_error_text, "");
2335:         assert_eq!(projection.unknown_game_detail, "");
2336:         assert_eq!(projection.rows.len(), 1);
2337:         assert_eq!(projection.rows[0].dll.as_str(), "modern.dll");
2338:         assert_eq!(projection.rows[0].og.as_str(), "✔");
2339:         assert_eq!(projection.rows[0].ng.as_str(), "✔");
2340:         assert_eq!(projection.rows[0].ae.as_str(), "");
2341:         assert_eq!(projection.rows[0].your_game.as_str(), "✔");
2342:         assert_eq!(projection.rows[0].severity.as_str(), "compatible");
2343:         assert!(
2344:             projection.rows[0]
2345:                 .detail
2346:                 .as_str()
2347:                 .contains("Version is supported")
2348:         );
2349:     }
2350: 
2351:     #[test]
2352:     fn s06_f4se_runtime_wiring_first_activation_schedules_once() {
2353:         let controller = Arc::new(Mutex::new(F4seController::new()));
2354: 
2355:         let first = take_f4se_initial_scan_request(&controller)
2356:             .expect("first F4SE tab activation should request a worker");
2357:         let second = take_f4se_initial_scan_request(&controller);
2358: 
2359:         assert_eq!(first.scan_id, 1);
2360:         assert_eq!(first.task.kind, WorkerTaskKind::Scan);
2361:         assert_eq!(first.task.id.as_str(), "s06-f4se-scan:1");
2362:         assert!(second.is_none());
2363:     }
2364: 
2365:     #[test]
2366:     fn s06_f4se_runtime_wiring_spawn_failure_maps_to_safe_projection() {
2367:         let mut controller = F4seController::new();
2368:         let request = controller
2369:             .request_initial_scan()
2370:             .expect("initial activation should produce work");
2371: 
2372:         let result = controller.spawn_failed(
2373:             request.scan_id,
2374:             WorkerSpawnError::NoActiveRuntime {
2375:                 task_id: request.task.id.clone(),
2376:             },
2377:         );
2378:         let projection = project_f4se_snapshot(controller.snapshot());
2379: 
2380:         assert_eq!(result, F4seTransitionResult::Applied);
2381:         assert_eq!(projection.status_text, "F4SE scan failed.");
2382:         assert!(!projection.busy);
2383:         assert_eq!(
2384:             projection.loading_or_error_text,
2385:             "F4SE scan could not be started."
2386:         );
2387:         assert!(!projection.loading_or_error_text.contains("Tokio"));
2388:         assert!(projection.rows.is_empty());
2389:     }
2390: 
2391:     #[test]
2392:     fn s06_f4se_runtime_wiring_worker_completion_application_and_unrelated_ignore() {
2393:         let mut controller = F4seController::new();
2394:         let request = controller.request_scan();
2395:         assert_eq!(
2396:             controller.scan_started(request.scan_id),
2397:             F4seTransitionResult::Applied
2398:         );
2399:         assert!(project_f4se_snapshot(controller.snapshot()).busy);

## apply_f4se_projection
-- line 1588
1576:     }) else {
1577:         return;
1578:     };
1579:     apply_about_projection(app, &projection);
1580: }
1581: 
1582: fn apply_current_f4se_snapshot(app: &MainWindow, controller: &Arc<Mutex<F4seController>>) {
1583:     let Some(projection) = with_f4se_controller_mut(controller, |controller| {
1584:         project_f4se_snapshot(controller.snapshot())
1585:     }) else {
1586:         return;
1587:     };
1588:     apply_f4se_projection(app, projection);
1589: }
1590: 
1591: fn project_f4se_snapshot(snapshot: &F4seScanSnapshot) -> F4seUiProjection {
1592:     F4seUiProjection {
1593:         status_text: f4se_status_text(snapshot),
1594:         busy: snapshot.status == F4seScanStatus::Loading,
1595:         loading_or_error_text: f4se_loading_or_error_text(snapshot),
1596:         unknown_game_detail: f4se_unknown_game_detail(&snapshot.rows),
1597:         rows: format_f4se_rows(&snapshot.rows),
1598:     }
1599: }
1600: 
1601: fn f4se_status_text(snapshot: &F4seScanSnapshot) -> String {
1602:     match snapshot.status {
1603:         F4seScanStatus::Idle => "F4SE scan has not run yet.".to_owned(),
1604:         F4seScanStatus::Loading => "Scanning DLLs...".to_owned(),
1605:         F4seScanStatus::Ready => format!("F4SE scan complete. DLLs: {}", snapshot.rows.len()),
1606:         F4seScanStatus::Error => "F4SE scan failed.".to_owned(),
1607:     }
1608: }
1609: 
1610: fn f4se_loading_or_error_text(snapshot: &F4seScanSnapshot) -> String {
1611:     match snapshot.status {
1612:         F4seScanStatus::Loading | F4seScanStatus::Error => snapshot.status_message.clone(),
1613:         F4seScanStatus::Idle | F4seScanStatus::Ready => String::new(),
1614:     }
1615: }
1616: 
1617: fn f4se_unknown_game_detail(rows: &[F4seDllRow]) -> String {
1618:     rows.iter()
1619:         .flat_map(|row| row.details.iter())
1620:         .find(|detail| detail.contains("could not be classified"))
1621:         .cloned()
1622:         .unwrap_or_default()
1623: }
1624: 
1625: fn format_f4se_rows(rows: &[F4seDllRow]) -> Vec<F4seUiRow> {
1626:     rows.iter().map(format_f4se_row).collect()
1627: }
1628: 
1629: fn format_f4se_row(row: &F4seDllRow) -> F4seUiRow {
1630:     F4seUiRow {
1631:         dll: row.dll_name.as_str().into(),
1632:         og: row.og.icon.as_reference_str().into(),
1633:         ng: row.ng.icon.as_reference_str().into(),
1634:         ae: row.ae.icon.as_reference_str().into(),
1635:         your_game: row.your_game.icon.as_reference_str().into(),
1636:         severity: f4se_severity_label(row.severity).into(),
1637:         detail: row.details.join(" ").into(),
1638:     }
1639: }
1640: 
1641: fn f4se_severity_label(severity: F4seRowSeverity) -> &'static str {
1642:     match severity {
1643:         F4seRowSeverity::Neutral => "neutral",
1644:         F4seRowSeverity::Compatible => "compatible",
1645:         F4seRowSeverity::Incompatible => "incompatible",
1646:         F4seRowSeverity::Warning => "warning",
1647:     }
1648: }
1649: 
1650: fn apply_f4se_projection(app: &MainWindow, projection: F4seUiProjection) {
1651:     app.set_f4se_status_text(projection.status_text.as_str().into());
1652:     app.set_f4se_busy(projection.busy);
1653:     app.set_f4se_loading_or_error_text(projection.loading_or_error_text.as_str().into());
1654:     app.set_f4se_unknown_game_detail(projection.unknown_game_detail.as_str().into());
1655:     app.set_f4se_rows(model_from_vec(projection.rows));
1656: }
1657: 

-- line 1650
1638:     }
1639: }
1640: 
1641: fn f4se_severity_label(severity: F4seRowSeverity) -> &'static str {
1642:     match severity {
1643:         F4seRowSeverity::Neutral => "neutral",
1644:         F4seRowSeverity::Compatible => "compatible",
1645:         F4seRowSeverity::Incompatible => "incompatible",
1646:         F4seRowSeverity::Warning => "warning",
1647:     }
1648: }
1649: 
1650: fn apply_f4se_projection(app: &MainWindow, projection: F4seUiProjection) {
1651:     app.set_f4se_status_text(projection.status_text.as_str().into());
1652:     app.set_f4se_busy(projection.busy);
1653:     app.set_f4se_loading_or_error_text(projection.loading_or_error_text.as_str().into());
1654:     app.set_f4se_unknown_game_detail(projection.unknown_game_detail.as_str().into());
1655:     app.set_f4se_rows(model_from_vec(projection.rows));
1656: }
1657: 
1658: fn project_tools_state(state: &ToolsState) -> ToolsUiProjection {
1659:     ToolsUiProjection {
1660:         last_action_error: state
1661:             .last_safe_error
1662:             .as_ref()
1663:             .map(|error| error.summary.clone())
1664:             .unwrap_or_default(),
1665:         disabled_utility_status: state
1666:             .disabled_utility_status
1667:             .clone()
1668:             .unwrap_or_else(|| TOOLS_DEFAULT_DISABLED_UTILITY_STATUS.to_owned()),
1669:     }
1670: }
1671: 
1672: fn project_about_state(state: &AboutState) -> AboutUiProjection {
1673:     let nexus = about_copy_projection(state, AboutLinkId::Nexus);
1674:     let discord = about_copy_projection(state, AboutLinkId::Discord);
1675:     let github = about_copy_projection(state, AboutLinkId::Github);
1676: 
1677:     AboutUiProjection {
1678:         last_action_error: state
1679:             .last_safe_error
1680:             .as_ref()
1681:             .map(|error| error.summary.clone())
1682:             .unwrap_or_default(),
1683:         nexus_copy_label: nexus.0,
1684:         nexus_copy_enabled: nexus.1,
1685:         discord_copy_label: discord.0,
1686:         discord_copy_enabled: discord.1,
1687:         github_copy_label: github.0,
1688:         github_copy_enabled: github.1,
1689:     }
1690: }
1691: 
1692: fn about_copy_projection(state: &AboutState, link_id: AboutLinkId) -> (String, bool) {
1693:     if let Some(button) = state
1694:         .copy_buttons
1695:         .iter()
1696:         .find(|button| button.link_id == link_id)
1697:     {
1698:         return (button.label.clone(), button.enabled);
1699:     }
1700: 
1701:     let fallback_label = ABOUT_LINKS
1702:         .iter()
1703:         .find(|link| link.id == link_id)
1704:         .map(|link| link.copy_button_label)
1705:         .unwrap_or_default();
1706:     (fallback_label.to_owned(), true)
1707: }
1708: 
1709: fn apply_tools_projection(app: &MainWindow, projection: &ToolsUiProjection) {
1710:     app.set_tools_last_action_error(projection.last_action_error.as_str().into());
1711:     app.set_tools_disabled_utility_status(projection.disabled_utility_status.as_str().into());
1712: }
1713: 
1714: fn apply_about_projection(app: &MainWindow, projection: &AboutUiProjection) {
1715:     app.set_about_last_action_error(projection.last_action_error.as_str().into());
1716:     app.set_about_nexus_copy_label(projection.nexus_copy_label.as_str().into());
1717:     app.set_about_nexus_copy_enabled(projection.nexus_copy_enabled);
1718:     app.set_about_discord_copy_label(projection.discord_copy_label.as_str().into());
1719:     app.set_about_discord_copy_enabled(projection.discord_copy_enabled);

## f4se_scan_request
