src/domain/discovery.rs:126:    pub ini_files: Fallout4IniFiles,
src/domain/discovery.rs:143:            ini_files: Fallout4IniFiles::default(),
src/domain/discovery.rs:343:pub struct IniDocument {
src/domain/discovery.rs:350:impl IniDocument {
src/domain/discovery.rs:370:pub struct Fallout4IniFiles {
src/domain/discovery.rs:372:    pub fallout4: IniDocument,
src/domain/discovery.rs:374:    pub prefs: IniDocument,
src/domain/discovery.rs:376:    pub custom: IniDocument,
src/domain/discovery.rs:563:            .ini_files
src/domain/discovery.rs:580:            installation.ini_files.fallout4.get("general", "slanguage"),
src/services/overview_collector.rs:18:        ArchiveFormat, ArchiveRecord, ArchiveVersion, Fallout4IniFiles, Fallout4InstallType,
src/services/overview_collector.rs:931:        for archive_name in ini_archive_names(&installation.ini_files) {
src/services/overview_collector.rs:946:        let suffixes = ba2_suffixes(&installation.ini_files);
src/services/overview_collector.rs:965:        if ini_value(&installation.ini_files.prefs, "nvflex", "bnvflexenable") == Some("1") {
src/services/overview_collector.rs:1349:fn ini_archive_names(ini_files: &Fallout4IniFiles) -> Vec<String> {
src/services/overview_collector.rs:1365:fn ba2_suffixes(ini_files: &Fallout4IniFiles) -> Vec<String> {
src/services/overview_collector.rs:1383:    document: &'a crate::domain::discovery::IniDocument,
src/services/overview_collector.rs:1903:            .ini_files
src/services/overview_collector.rs:2046:            .ini_files
src/services/overview_collector.rs:2056:            .ini_files
src/services/overview_collector.rs:2063:            .ini_files
