src/main.rs:66:use services::{
src/main.rs:3500:        services::ServiceLayer,
src/main.rs:3525:    use crate::services::autofix::{
src/main.rs:5300:            crate::services::tools::ActionOutcome::Rejected(ActionRejectionKind::UnknownAction)
src/main.rs:5311:            crate::services::tools::ActionOutcome::Rejected(ActionRejectionKind::DisabledUtility)
src/main.rs:5335:            crate::services::tools::ActionOutcome::Rejected(ActionRejectionKind::InvalidInput)
src/main.rs:5353:            crate::services::tools::ActionOutcome::Rejected(ActionRejectionKind::WorkerUnavailable)
src/main.rs:5369:            crate::services::tools::ActionOutcome::Rejected(ActionRejectionKind::WorkerUnavailable)
src/main.rs:5748:        let _services = ServiceLayer;
src/app/tools_controller.rs:8:    services::tools::{ActionOutcome, ActionRejectionKind, ToolsActionFeedback, ToolsActionKind},
src/app/tools_controller.rs:166:        services::tools::{AboutActionFeedback, AboutActionKind},
src/app/scanner_controller.rs:27:    services::autofix::AutoFixSupportCatalog,
src/app/scanner_controller.rs:1515:        services::autofix::{
src/services/update.rs:24:    services::overview::{OverviewDesktopActionFeedback, OverviewDesktopActionOutcome},
src/services/update.rs:378:    pub fn overview_state(&self) -> crate::services::overview::OverviewUpdateCheckState {
src/services/update.rs:380:            return crate::services::overview::OverviewUpdateCheckState::NotChecked;
src/services/update.rs:385:            return crate::services::overview::OverviewUpdateCheckState::Completed { releases };
src/services/update.rs:390:            crate::services::overview::OverviewUpdateCheckState::Completed {
src/services/update.rs:394:            crate::services::overview::OverviewUpdateCheckState::FailedSilently { failures }
src/services/update.rs:405:            crate::services::overview::OverviewUpdateCheckState::NotChecked => {
src/services/update.rs:410:            crate::services::overview::OverviewUpdateCheckState::Checking => {
src/services/update.rs:415:            crate::services::overview::OverviewUpdateCheckState::Completed { releases } => {
src/services/update.rs:418:            crate::services::overview::OverviewUpdateCheckState::FailedSilently { failures } => {
src/services/overview.rs:30:    services::discovery::{DiscoveredModManager, DiscoveryReport},
src/services/overview.rs:1091:        services::discovery::{ModManagerDiscoveryError, ModManagerDiscoveryStep},
src/services/overview_collector.rs:3://! The pure diagnostics service in [`crate::services::overview`] expects typed
src/services/overview_collector.rs:26:    services::overview::{
src/app/about_controller.rs:9:    services::tools::{AboutActionFeedback, AboutActionKind, ActionOutcome},
src/app/about_controller.rs:243:        services::tools::{ActionPlatformFailure, ToolsActionFeedback, ToolsActionKind},
src/app/about_controller.rs:345:            surface: crate::services::tools::ActionSurface::Tools,
src/workers/events.rs:29:    services::tools::{AboutActionFeedback, ToolsActionFeedback},
src/workers/events.rs:979:            services::tools::{
src/services/mod.rs:21:pub struct ServiceLayer;
src/domain/overview.rs:20:    services::discovery::DiscoveredModManager,
