==> cargo test archive_patcher_domain --quiet
running 4 tests
....
test result: ok. 4 passed; 0 failed; 0 ignored; 0 measured; 357 filtered out; finished in 0.00s
<== exit=0 duration=0.5s command=cargo test archive_patcher_domain --quiet
==> cargo test archive_patcher_service_plan --quiet
running 8 tests
........
test result: ok. 8 passed; 0 failed; 0 ignored; 0 measured; 353 filtered out; finished in 0.00s
<== exit=0 duration=0.5s command=cargo test archive_patcher_service_plan --quiet
==> cargo test archive_patcher_executor --quiet
running 9 tests
.........
test result: ok. 9 passed; 0 failed; 0 ignored; 0 measured; 352 filtered out; finished in 0.00s
<== exit=0 duration=0.6s command=cargo test archive_patcher_executor --quiet
==> cargo test archive_patcher_controller --quiet
running 7 tests
.......
test result: ok. 7 passed; 0 failed; 0 ignored; 0 measured; 354 filtered out; finished in 0.00s
<== exit=0 duration=0.5s command=cargo test archive_patcher_controller --quiet
==> cargo test archive_patcher_worker_payload --quiet
running 1 test
.
test result: ok. 1 passed; 0 failed; 0 ignored; 0 measured; 360 filtered out; finished in 0.00s
<== exit=0 duration=0.5s command=cargo test archive_patcher_worker_payload --quiet
==> cargo test s10_archive_patcher_slint_contract --quiet
running 4 tests
....
test result: ok. 4 passed; 0 failed; 0 ignored; 0 measured; 357 filtered out; finished in 0.00s
<== exit=0 duration=0.6s command=cargo test s10_archive_patcher_slint_contract --quiet
==> cargo test s10_archive_patcher_runtime_wiring --quiet
running 1 test
.
test result: ok. 1 passed; 0 failed; 0 ignored; 0 measured; 360 filtered out; finished in 0.00s
<== exit=0 duration=0.5s command=cargo test s10_archive_patcher_runtime_wiring --quiet
==> cargo test overview --quiet
running 60 tests
............................................................
test result: ok. 60 passed; 0 failed; 0 ignored; 0 measured; 301 filtered out; finished in 0.00s
<== exit=0 duration=0.5s command=cargo test overview --quiet
==> cargo test tools --quiet
running 21 tests
.....................
test result: ok. 21 passed; 0 failed; 0 ignored; 0 measured; 340 filtered out; finished in 0.00s
<== exit=0 duration=0.5s command=cargo test tools --quiet
==> cargo test worker --quiet
running 38 tests
......................................
test result: ok. 38 passed; 0 failed; 0 ignored; 0 measured; 323 filtered out; finished in 0.00s
<== exit=0 duration=0.5s command=cargo test worker --quiet
==> cargo fmt --check
<== exit=0 duration=0.5s command=cargo fmt --check
==> cargo check --quiet
<== exit=0 duration=21.2s command=cargo check --quiet
==> cargo test --quiet
running 361 tests
....................................................................................... 87/361
....................................................................................... 174/361
....................................................................................... 261/361
....................................................................................... 348/361
.............
test result: ok. 361 passed; 0 failed; 0 ignored; 0 measured; 0 filtered out; finished in 0.03s
<== exit=0 duration=0.6s command=cargo test --quiet
==> cargo clippy --all-targets --all-features --quiet
<== exit=0 duration=32.7s command=cargo clippy --all-targets --all-features --quiet
SUMMARY:
PASS exit=0 duration=0.5s :: cargo test archive_patcher_domain --quiet
PASS exit=0 duration=0.5s :: cargo test archive_patcher_service_plan --quiet
PASS exit=0 duration=0.6s :: cargo test archive_patcher_executor --quiet
PASS exit=0 duration=0.5s :: cargo test archive_patcher_controller --quiet
PASS exit=0 duration=0.5s :: cargo test archive_patcher_worker_payload --quiet
PASS exit=0 duration=0.6s :: cargo test s10_archive_patcher_slint_contract --quiet
PASS exit=0 duration=0.5s :: cargo test s10_archive_patcher_runtime_wiring --quiet
PASS exit=0 duration=0.5s :: cargo test overview --quiet
PASS exit=0 duration=0.5s :: cargo test tools --quiet
PASS exit=0 duration=0.5s :: cargo test worker --quiet
PASS exit=0 duration=0.5s :: cargo fmt --check
PASS exit=0 duration=21.2s :: cargo check --quiet
PASS exit=0 duration=0.6s :: cargo test --quiet
PASS exit=0 duration=32.7s :: cargo clippy --all-targets --all-features --quiet
