[WARNING] Failed to read unmanaged installs: expected str, bytes or os.PathLike object, not NoneType
2220 | | ) {
     | |_^
     |
     = help: for further information visit https://rust-lang.github.io/rust-clippy/rust-1.95.0/index.html#too_many_arguments

warning: field assignment outside of initializer for an instance created with Default::default()
    --> src\main.rs:7421:9
     |
7421 | /         settings.downgrader = DowngraderSettings {
7422 | |             keep_backups: true,
7423 | |             delete_deltas: false,
7424 | |         };
     | |__________^
     |
note: consider initializing the variable with `domain::settings::AppSettings { downgrader: DowngraderSettings {
                  keep_backups: true,
                  delete_deltas: false,
              }, ..Default::default() }` and removing relevant reassignments
    --> src\main.rs:7420:9
     |
7420 |         let mut settings = AppSettings::default();
     |         ^^^^^^^^^^^^^^^^^^^^^^^^^^^^^^^^^^^^^^^^^^
     = help: for further information visit https://rust-lang.github.io/rust-clippy/rust-1.95.0/index.html#field_reassign_with_default
     = note: `#[warn(clippy::field_reassign_with_default)]` on by default

warning: field assignment outside of initializer for an instance created with Default::default()
    --> src\main.rs:7535:9
     |
7535 |         settings.update_source = UpdateSource::Github;
     |         ^^^^^^^^^^^^^^^^^^^^^^^^^^^^^^^^^^^^^^^^^^^^^^
     |
note: consider initializing the variable with `domain::settings::AppSettings { update_source: UpdateSource::Github, log_level: LogLevel::Warning, downgrader: DowngraderSettings {
                  keep_backups: false,
                  delete_deltas: true,
              }, ..Default::default() }` and removing relevant reassignments
    --> src\main.rs:7534:9
     |
7534 |         let mut settings = AppSettings::default();
     |         ^^^^^^^^^^^^^^^^^^^^^^^^^^^^^^^^^^^^^^^^^^
     = help: for further information visit https://rust-lang.github.io/rust-clippy/rust-1.95.0/index.html#field_reassign_with_default
