## src/app/downgrader_controller.rs
  29: pub const DOWNGRADER_STATUS_TASK_PREFIX: &str = "s09-downgrader-status:";
  31: pub const DOWNGRADER_PLAN_TASK_PREFIX: &str = "s09-downgrader-plan:";
  33: pub const DOWNGRADER_RUN_TASK_PREFIX: &str = "s09-downgrader-run:";
  36: pub const DOWNGRADER_STATUS_LOADING_MESSAGE: &str = "Loading Downgrader status...";
  38: pub const DOWNGRADER_PLANNING_MESSAGE: &str = "Preparing Downgrader plan...";
  40: pub const DOWNGRADER_PLAN_READY_MESSAGE: &str =
  43: pub const DOWNGRADER_RUNNING_MESSAGE: &str = "Patching files...";
  45: pub const DOWNGRADER_COMPLETED_MESSAGE: &str = "Patching complete.";
  47: pub const DOWNGRADER_STATUS_START_FAILED_MESSAGE: &str = "Downgrader status could not be started.";
  49: pub const DOWNGRADER_PLAN_START_FAILED_MESSAGE: &str = "Downgrader plan could not be started.";
  51: pub const DOWNGRADER_RUN_START_FAILED_MESSAGE: &str = "Downgrader patching could not be started.";
  53: pub const DOWNGRADER_PLAN_NOT_EXECUTABLE_MESSAGE: &str =
  61: pub enum DowngraderControllerPhase {
  83: pub enum DowngraderTransitionResult {
  98:     pub const fn is_applied(self) -> bool {
 105: pub enum DowngraderWorkerRequestKind {
 115:     const fn stage(self) -> DowngraderWorkerStage {
 123:     const fn start_failed_message(self) -> &'static str {
 134: pub struct DowngraderStatusWorkerRequest {
 147:     pub fn new(
 163: pub struct DowngraderPlanWorkerRequest {
 176:     pub fn new(
 192: pub struct DowngraderRunWorkerRequest {
 196:     pub confirmed_plan_request_id: DowngraderRequestId,
 205: impl DowngraderRunWorkerRequest {
 207:     pub fn new(
 209:         confirmed_plan_request_id: DowngraderRequestId,
 215:             confirmed_plan_request_id,
 225: pub enum DowngraderPatchWorkerRequest {
 229:     ConfirmedRun(DowngraderRunWorkerRequest),
 234: pub struct DowngraderController {
 248:     progress: DowngraderProgress,
 255:     fn default() -> Self {
 262:     pub fn new() -> Self {
 280:             progress: DowngraderProgress::idle(),
 288:     pub const fn phase(&self) -> DowngraderControllerPhase {
 293:     pub const fn is_open(&self) -> bool {
 298:     pub const fn next_request_id(&self) -> DowngraderRequestId {
 303:     pub const fn active_status_request_id(&self) -> Option<DowngraderRequestId> {
 308:     pub const fn active_plan_request_id(&self) -> Option<DowngraderRequestId> {
 313:     pub const fn active_run_request_id(&self) -> Option<DowngraderRequestId> {
 318:     pub const fn latest_status_request_id(&self) -> Option<DowngraderRequestId> {
 323:     pub const fn latest_plan_request_id(&self) -> Option<DowngraderRequestId> {
 328:     pub const fn latest_run_request_id(&self) -> Option<DowngraderRequestId> {
 333:     pub const fn options(&self) -> DowngraderOptionsSnapshot {
 338:     pub fn status(&self) -> Option<&DowngraderStatusSnapshot> {
 343:     pub fn plan(&self) -> Option<&DowngraderPreviewPlan> {
 348:     pub fn status_rows(&self) -> Vec<DowngraderStatusRow> {
 356:     pub fn log_rows(&self) -> &[DowngraderExecutionLogRow] {
 361:     pub const fn progress(&self) -> DowngraderProgress {
 362:         self.progress
 366:     pub fn safe_error(&self) -> Option<&str> {
 371:     pub fn status_text(&self) -> &str {
 388:     pub fn patch_button_enabled(&self) -> bool {
 405:     pub const fn close_enabled(&self) -> bool {
 410:     pub fn open(
 436:         self.progress = DowngraderProgress::idle();
 453:     pub fn status_loaded(
 501:     pub fn set_target_from_ui_value(&mut self, value: &str) -> DowngraderTransitionResult {
 514:     pub fn set_target(&mut self, target: DowngraderTarget) -> DowngraderTransitionResult {
 538:     pub fn set_option_from_ui_value(
 559:     pub fn set_keep_backups(&mut self, keep_backups: bool) -> DowngraderTransitionResult {
 578:     pub fn set_delete_deltas(&mut self, delete_deltas: bool) -> DowngraderTransitionResult {
 597:     pub fn request_patch_all(&mut self) -> Option<DowngraderPatchWorkerRequest> {
 607:                 self.progress = DowngraderProgress::idle();
 632:                         "Downgrader confirmed run rejected because plan cannot execute"
 636:                 let confirmed_plan_request_id = plan.request_id;
 643:                 self.progress = DowngraderProgress::idle();
 645:                 let request = DowngraderRunWorkerRequest::new(
 647:                     confirmed_plan_request_id,
 652:                     event = "s09-downgrader-run-confirmed",
 654:                     confirmed_plan_request_id,
 659:                     "Downgrader confirmed run requested"
 672:     pub fn plan_ready(
 707:         self.progress = DowngraderProgress::idle();
 721:     pub fn run_log_row(
 750:     pub fn run_progress(
 753:         progress: DowngraderProgress,
 757:                 event = "s09-downgrader-progress-stale-ignored",
 760:                 "Ignoring stale Downgrader progress"
 764:         self.progress = progress;
 766:             event = "s09-downgrader-progress-applied",
 768:             percent = self.progress.percent,
 769:             "Downgrader progress applied"
 775:     pub fn run_completed(
 816:         self.progress = DowngraderProgress::complete();
 832:     pub fn spawn_failed(
 854:     pub fn handle_worker_event(&mut self, event: WorkerEvent) -> DowngraderTransitionResult {
 899:     pub fn take_pending_status_refresh(&mut self) -> Option<DowngraderStatusWorkerRequest> {
 904:     pub fn request_close(&mut self) -> DowngraderTransitionResult {
 923:         self.progress = DowngraderProgress::idle();
 929:     fn handle_downgrader_payload(
 946:                 progress,
 947:             } => self.run_progress(request_id, progress),
 960:     fn worker_failed(
 998:         self.progress = DowngraderProgress::idle();
1007:     fn controls_can_change(&self) -> bool {
1018:     fn invalidate_plan_after_option_change(&mut self, field: &'static str) {
1035:     fn is_active_request(
1047:     fn assign_request_id(&mut self) -> DowngraderRequestId {
1053:     fn queue_completion_status_refresh(&mut self) {
1070: pub fn downgrader_status_task(request_id: DowngraderRequestId) -> WorkerTask {
1079: pub fn downgrader_plan_task(request_id: DowngraderRequestId) -> WorkerTask {
1088: pub fn downgrader_run_task(request_id: DowngraderRequestId) -> WorkerTask {
1097: pub fn downgrader_status_loaded_payload(
1105: pub fn downgrader_plan_ready_payload(
1113: pub fn downgrader_log_row_payload(
1121: pub fn downgrader_progress_payload(
1123:     progress: DowngraderProgress,
1125:     WorkerPayload::Downgrader(DowngraderWorkerPayload::progress(request_id, progress))
1129: pub fn downgrader_run_completed_payload(
1137: pub fn downgrader_request_id_from_task_id(task_id: &WorkerTaskId) -> Option<DowngraderRequestId> {
1142: pub fn downgrader_stage_from_task_id(task_id: &WorkerTaskId) -> Option<DowngraderWorkerStage> {
1146: fn downgrader_stage_and_request_id(
1171: fn downgrader_payload_matches_status(
1186: fn options_from_settings(
1193: fn parse_target_value(value: &str) -> Option<DowngraderTarget> {
1202: enum DowngraderOptionField {
1207: fn parse_option_value(value: &str) -> Option<DowngraderOptionField> {
1217: fn normalized_ui_value(value: &str) -> String {
1238:     fn settings(keep_backups: bool, delete_deltas: bool) -> DowngraderSettings {
1245:     fn installation() -> Fallout4Installation {
1249:     fn status_snapshot(
1273:     fn plan(
1294:     fn execution_result(
1312:             progress_events: Vec::new(),
1317:     fn recorded_event(event: WorkerEvent) -> WorkerEvent {
1326:     fn downgrader_controller_open_requests_status_and_loading_state() {
1356:     fn downgrader_controller_status_loaded_default_target_through_recording_sink() {
1379:     fn downgrader_controller_option_changes_invalidate_plan_and_reject_malformed_values() {
1423:     fn downgrader_controller_first_patch_click_plans_and_second_click_runs() {
1466:         assert_eq!(run_request.confirmed_plan_request_id, 2);
1473:     fn downgrader_controller_close_is_blocked_while_running() {
1507:     fn downgrader_controller_stale_status_plan_and_run_events_are_ignored() {
1572:     fn downgrader_controller_worker_failure_recovers_with_safe_error_and_allows_close() {
1618:     fn downgrader_controller_completion_reenables_patch_and_queues_status_refresh() {
1643:                 downgrader_progress_payload(run_request.request_id, DowngraderProgress::new(55.0)),
1647:         assert_eq!(controller.progress().percent, 55.0);
1665:         assert_eq!(controller.progress().percent, 100.0);
1696:     fn downgrader_controller_safe_failure_payload_uses_safe_text_without_diagnostic() {
1726:     fn downgrader_task_id_parsing_and_payload_helpers_are_stable() {

## src/services/downgrader.rs
  40: const UNSAFE_ROOT_MESSAGE: &str = "Fallout 4 installation path is unsafe.";
  41: const UNSAFE_MANAGED_PATH_MESSAGE: &str = "Downgrader managed file path is unsafe.";
  42: const ROOT_NOT_DIRECTORY_MESSAGE: &str = "Fallout 4 installation path is not a folder.";
  43: const CURRENT_FILE_READ_FAILURE_MESSAGE: &str =
  45: const BACKUP_READ_FAILURE_MESSAGE: &str =
  47: const DOWNLOAD_FAILURE_MESSAGE: &str = "Delta patch could not be downloaded.";
  48: const APPLY_FAILURE_MESSAGE: &str = "Delta patch could not be applied.";
  49: const PATCH_INTEGRITY_FAILURE_MESSAGE: &str = "Delta patch failed integrity verification.";
  50: const OUTPUT_INTEGRITY_FAILURE_MESSAGE: &str = "Patched output failed integrity verification.";
  51: const MAX_DELTA_PATCH_BYTES: u64 = 128 * 1024 * 1024;
  52: const DOWNLOAD_TIMEOUT: Duration = Duration::from_secs(10);
  53: const DOWNLOAD_CHUNK_BYTES: usize = 64 * 1024;
  54: const MIN_PROGRESS_DELTA_PERCENT: f32 = 1.0;
  57: struct DowngraderPatchIntegrity {
  67: const PATCH_INTEGRITY_MANIFEST: [DowngraderPatchIntegrity; 12] = [
 144: pub struct DowngraderStatusRequest<'a> {
 153:     pub const fn new(request_id: u64, installation: Option<&'a Fallout4Installation>) -> Self {
 163: pub struct DowngraderPlanRequest<'a> {
 174:     pub const fn new(
 189: pub enum DowngraderServiceError {
 216:     pub fn user_message(&self) -> &str {
 227: pub enum DowngraderDownloadError {
 248:     pub fn request(diagnostic: impl Into<String>) -> Self {
 256:     pub fn too_large(limit_bytes: u64) -> Self {
 264:     pub fn user_message(&self) -> &str {
 273:     pub fn diagnostic(&self) -> Option<&str> {
 284:     fn download_delta(
 287:         progress: &mut dyn FnMut(DowngraderProgress),
 293: pub struct ReqwestDeltaDownloader {
 300:     pub fn new() -> Result<Self, DowngraderDownloadError> {
 305:     pub fn with_limits(timeout: Duration, max_bytes: u64) -> Result<Self, DowngraderDownloadError> {
 315:     fn download_delta(
 318:         progress: &mut dyn FnMut(DowngraderProgress),
 320:         progress(DowngraderProgress::idle());
 345:         let mut last_progress = 0.0_f32;
 362:                 if percent >= 100.0 || percent - last_progress >= MIN_PROGRESS_DELTA_PERCENT {
 363:                     let progress_value = DowngraderProgress::new(percent);
 364:                     last_progress = progress_value.percent;
 365:                     progress(progress_value);
 370:         progress(DowngraderProgress::complete());
 377: pub enum DowngraderDeltaApplyError {
 390:     pub fn failed(diagnostic: impl Into<String>) -> Self {
 398:     pub fn user_message(&self) -> &str {
 405:     pub fn diagnostic(&self) -> &str {
 415:     fn apply_delta(
 425: pub struct VcdiffDeltaApplier;
 428:     fn apply_delta(
 446: struct BoundedVecWriter {
 452:     fn new(max_len: usize) -> Self {
 459:     fn into_inner(self) -> Vec<u8> {
 465:     fn write(&mut self, buf: &[u8]) -> std::io::Result<usize> {
 476:     fn flush(&mut self) -> std::io::Result<()> {
 483: pub struct DowngraderExecutionRequest<'a> {
 494:     pub const fn new(
 509: pub enum DowngraderExecutionOutcome {
 520: pub struct DowngraderExecutionProgressEvent {
 528:     pub progress: DowngraderProgress,
 533: pub struct DowngraderExecutionFileResult {
 548: pub struct DowngraderExecutionResult {
 560:     pub progress_events: Vec<DowngraderExecutionProgressEvent>,
 567: pub struct DowngraderStatusDiagnostic {
 576: pub struct DowngraderStatusFile {
 597:     pub fn display_row(&self) -> DowngraderStatusRow {
 607:     pub fn detected_row(&self) -> DowngraderStatusRow {
 619: pub struct DowngraderStatusSnapshot {
 638:     pub fn status_for(&self, file_name_or_path: &str) -> Option<&DowngraderStatusFile> {
 648: pub struct DowngraderBackupProbe {
 662:     fn missing(path: PathBuf, file_name: impl Into<String>) -> Self {
 675: pub struct DowngraderPreviewPlanRow {
 696:     pub fn can_execute(&self) -> bool {
 701:     pub fn requires_download(&self) -> bool {
 708:     pub fn restores_from_backup(&self) -> bool {
 717: pub struct DowngraderPreviewPlanCounts {
 732: pub struct DowngraderPreviewPlan {
 750:     fn from_rows(
 799: pub struct DowngraderService<'a, F: Filesystem + ?Sized> {
 806:     pub const fn new(filesystem: &'a F) -> Self {
 814:     const fn with_patch_integrity_manifest(
 825:     pub fn status_snapshot(
 915:     pub fn preview_plan(
 965:     fn validated_game_root(
1007:     fn read_managed_file(
1038:     fn plan_row(
1236:     fn probe_backup(&self, path: PathBuf, file_name: String) -> DowngraderBackupProbe {
1256:     fn read_crc(&self, path: &Path) -> CrcProbe {
1267:     fn read_crc_bytes(&self, path: &Path) -> CrcProbe {
1283:     fn validated_execution_game_root(
1326:     pub fn execute_confirmed<D, A>(
1337:             "downgrader.execute_confirmed",
1347:             "Downgrader confirmed execution requested"
1362:             progress_events: Vec::new(),
1373:                 &mut result.progress_events,
1409:             progress_event_count = result.progress_events.len(),
1411:             "Downgrader confirmed execution completed"
1417:     fn execute_row<D, A>(
1424:         progress_events: &mut Vec<DowngraderExecutionProgressEvent>,
1449:             progress_events,
1471:     fn execute_mutating_row<D, A>(
1478:         progress_events: &mut Vec<DowngraderExecutionProgressEvent>,
1575:                         progress_events,
1591:                     progress_events,
1603:     fn revalidated_execution_paths(
1646:     fn ensure_existing_or_parent_within_root(
1677:     fn ensure_existing_file_within_root(
1700:     fn ensure_directory_within_root(
1723:     fn ensure_metadata_path_within_root(
1769:     fn prepare_current_backup(
1819:     fn create_current_backup(
1859:     fn restore_desired_backup(
1939:     fn download_apply_and_cleanup<D, A>(
1978:             context.progress_events,
2100:     fn read_or_download_patch<D>(
2107:         progress_events: &mut Vec<DowngraderExecutionProgressEvent>,
2145:                 let mut progress = |progress: DowngraderProgress| {
2146:                     progress_events.push(DowngraderExecutionProgressEvent {
2150:                         progress,
2154:                     .download_delta(&row.plan.patch_url, &mut progress)
2190:     fn patch_integrity_for(&self, patch_name: &str) -> Option<DowngraderPatchIntegrity> {
2197:     fn remove_file_under_root(
2208:     fn remove_file_with_context(
2219:     fn read_required_crc(&self, path: &Path) -> Result<String, String> {
2228: struct ManagedExecutionPaths {
2236: struct PatchApplyContext<'a> {
2244:     progress_events: &'a mut Vec<DowngraderExecutionProgressEvent>,
2249: enum RowExecutionStatus {
2255: fn execution_file_result(
2270: fn failed_execution_file_result(
2288: fn verify_patch_bytes(
2316: fn sha256_hex(bytes: &[u8]) -> String {
2317:     format!("{:x}", Sha256::digest(bytes))
2320: fn mutation_diagnostic(
2333:     fn options(&self) -> DowngraderOptionsSnapshot;
2337:     fn options(&self) -> DowngraderOptionsSnapshot {
2351: enum CrcProbe {
2357: fn fail_row(row: &mut DowngraderPreviewPlanRow, safe_message: impl Into<String>) {
2372: fn definition_for_status_row(
2385: fn default_target_from_fallout4(status: DowngraderInstallStatus) -> DowngraderTarget {
2393: fn display_status_for(
2411: fn crc_is_supported_source_for_target(crc32: &str, target: DowngraderTarget) -> bool {
2417: fn crc_is_desired_target_for_plan(crc32: &str, target: DowngraderTarget) -> bool {
2423: fn accepted_source_crcs(target: DowngraderTarget) -> &'static Vec<&'static str> {
2434: fn desired_target_crcs(target: DowngraderTarget) -> &'static Vec<&'static str> {
2447: fn backup_path_for(current_path: &Path, backup_name: &str) -> PathBuf {
2454: fn crc32_hex(bytes: &[u8]) -> String {
2458: fn validate_game_root_path(root: &Path) -> Result<(), DowngraderServiceError> {
2477: fn validate_managed_definitions(root: &Path) -> Result<(), DowngraderServiceError> {
2484: fn resolve_managed_relative_path(
2515: fn unsafe_managed_path(relative_path: &'static str) -> Result<PathBuf, DowngraderServiceError> {
2551:     enum FakeNode {
2560:     struct FakeFilesystem {
2567:         fn with_dir(mut self, path: impl Into<PathBuf>) -> Self {
2572:         fn with_file(mut self, path: impl Into<PathBuf>, bytes: impl Into<Vec<u8>>) -> Self {
2579:         fn with_crc_file(self, path: impl Into<PathBuf>, crc32: &str) -> Self {
2583:         fn with_unreadable_file(mut self, path: impl Into<PathBuf>) -> Self {
2590:         fn ensure_parent_dirs(&mut self, path: &Path) {
2605:         fn node(
2621:     fn safe_platform_error(
2638:         fn metadata(&self, path: &Path) -> Result<FileMetadata, PlatformError> {
2653:         fn read_bytes(&self, path: &Path) -> Result<Vec<u8>, PlatformError> {
2673:         fn read_to_string(&self, path: &Path) -> Result<String, PlatformError> {
2683:         fn read_dir(&self, path: &Path) -> Result<Vec<DirectoryEntry>, PlatformError> {
2688:         fn walk_dir(&self, path: &Path) -> Result<Vec<DirectoryEntry>, PlatformError> {
2694:     fn installation() -> Fallout4Installation {
2698:     fn game_root() -> PathBuf {
2702:     fn options(
2710:     fn full_status_fs(fallout4_crc: &str) -> FakeFilesystem {
2721:     fn fallout4_next_gen_others_old_gen_fs() -> FakeFilesystem {
2732:     fn row_steps(row: &DowngraderPreviewPlanRow) -> Vec<DowngraderPlanStepKind> {
2736:     fn bytes_with_crc(hex: &str) -> Vec<u8> {
2788:     fn downgrader_service_plan_status_classifies_rows_and_default_target() {
2851:     fn downgrader_service_plan_marks_missing_unknown_obsolete_and_anniversary_rows_safely() {
2903:     fn downgrader_service_plan_builds_restore_from_valid_desired_backup() {
2945:     fn downgrader_service_plan_builds_invalid_backup_cleanup_download_patch_and_optional_cleanup() {
2992:     fn downgrader_service_plan_skips_reference_rows_in_order() {
3047:     fn downgrader_service_plan_fails_row_when_current_or_backup_cannot_be_read() {
3092:     fn downgrader_service_plan_rejects_missing_and_unsafe_roots() {
3118:     fn downgrader_service_plan_rejects_escaping_managed_paths_before_output() {
3134:     enum RecordedWriteOp {
3142:     struct RecordingWritableFilesystem {
3149:         fn with_dir(self, path: impl Into<PathBuf>) -> Self {
3156:         fn with_file(self, path: impl Into<PathBuf>, bytes: impl Into<Vec<u8>>) -> Self {
3165:         fn with_crc_file(self, path: impl Into<PathBuf>, crc32: &str) -> Self {
3169:         fn with_failure(
3181:         fn ensure_parent_dirs(&self, path: &Path) {
3197:         fn maybe_fail(
3221:         fn node(
3236:         fn has_file(&self, path: impl AsRef<Path>) -> bool {
3243:         fn file_crc(&self, path: impl AsRef<Path>) -> Option<String> {
3254:         fn operations(&self) -> Vec<RecordedWriteOp> {
3260:         fn metadata(&self, path: &Path) -> Result<FileMetadata, PlatformError> {
3275:         fn symlink_metadata(&self, path: &Path) -> Result<FileMetadata, PlatformError> {
3291:         fn read_bytes(&self, path: &Path) -> Result<Vec<u8>, PlatformError> {
3311:         fn read_to_string(&self, path: &Path) -> Result<String, PlatformError> {
3321:         fn read_dir(&self, path: &Path) -> Result<Vec<DirectoryEntry>, PlatformError> {
3326:         fn walk_dir(&self, path: &Path) -> Result<Vec<DirectoryEntry>, PlatformError> {
3333:         fn write_bytes(&self, path: &Path, bytes: &[u8]) -> PlatformResult<()> {
3345:         fn replace_file_bytes(&self, path: &Path, bytes: &[u8]) -> PlatformResult<()> {
3365:         fn copy_file(&self, from: &Path, to: &Path) -> PlatformResult<()> {
3392:         fn rename_file(&self, from: &Path, to: &Path) -> PlatformResult<()> {
3414:         fn remove_file(&self, path: &Path) -> PlatformResult<()> {
3443:     struct RecordingDownloader {
3446:         progress: Vec<f32>,
3450:         fn ok(bytes: impl Into<Vec<u8>>) -> Self {
3454:                 progress: vec![0.0, 50.0, 100.0],
3458:         fn failing() -> Self {
3462:                 progress: vec![0.0],
3466:         fn calls(&self) -> Vec<String> {
3472:         fn download_delta(
3475:             progress: &mut dyn FnMut(DowngraderProgress),
3478:             for percent in &self.progress {
3479:                 progress(DowngraderProgress::new(*percent));
3486:     struct RecordingApplier {
3492:         fn ok(bytes: impl Into<Vec<u8>>) -> Self {
3499:         fn failing() -> Self {
3506:         fn calls(&self) -> Vec<(Vec<u8>, Vec<u8>)> {
3512:         fn apply_delta(
3525:     fn executor_request(
3538:     fn next_gen_fallout4_executor_fs() -> RecordingWritableFilesystem {
3544:     fn test_patch_integrity(
3558:     fn downgrader_executor_restores_valid_desired_backup_and_respects_keep_backups() {
3566:             .execute_confirmed(executor_request(30, true, false), &downloader, &applier)
3589:             .execute_confirmed(executor_request(31, false, false), &downloader, &applier)
3610:     fn downgrader_executor_deletes_invalid_backups_downloads_applies_and_cleans_deltas() {
3620:             .execute_confirmed(executor_request(32, false, true), &downloader, &applier)
3627:         assert_eq!(result.progress_events.len(), 3);
3652:     fn downgrader_executor_reuses_existing_patch_and_does_not_download_for_skipped_rows() {
3662:             .execute_confirmed(executor_request(33, true, false), &downloader, &applier)
3677:             .execute_confirmed(executor_request(34, true, true), &downloader, &applier)
3691:     fn downgrader_executor_preserves_source_backup_after_download_or_apply_failures() {
3697:             .execute_confirmed(executor_request(35, false, true), &downloader, &applier)
3714:             .execute_confirmed(executor_request(36, false, true), &downloader, &applier)
3726:     fn downgrader_executor_logs_permission_failures_and_continues_safely() {
3742:             .execute_confirmed(executor_request(37, false, false), &downloader, &applier)
3761:     fn downgrader_executor_vcdiff_applier_fixture_decodes_source_patch() {

## src/main.rs
  15:     about_controller::{AboutController, AboutState, AboutTransitionResult},
  18:         DowngraderPlanWorkerRequest, DowngraderRunWorkerRequest, DowngraderStatusWorkerRequest,
  20:         downgrader_plan_ready_payload, downgrader_progress_payload,
  67:     tools::{ABOUT_LINKS, AboutLinkId, ToolActionId},
  98:         AboutActionFeedback, AboutActionKind, ActionRejectionKind, ToolsActionFeedback,
  99:         ToolsActionKind, ToolsActionService, about_action_for_id, tools_action_for_id,
 105:     AboutActionWorkerPayload, BlockingWorkerResult, SlintEventLoopSink, ToolsActionWorkerPayload,
 112: const TOOLS_WORKER_TASK_PREFIX: &str = "s05-tools-action:";
 113: const ABOUT_WORKER_TASK_PREFIX: &str = "s05-about-action:";
 114: const SCANNER_ACTION_TASK_PREFIX: &str = "s07-scanner-action:";
 115: const TOOLS_ACTION_START_ERROR: &str = "Tools action could not be started.";
 116: const ABOUT_ACTION_START_ERROR: &str = "About action could not be started.";
 117: const SCANNER_ACTION_START_ERROR: &str = "Scanner action could not be started.";
 120: struct PreparedScannerScan {
 126: struct PreparedScannerAutoFix {
 132: struct ScannerActionExecution {
 139: enum AboutCallbackKind {
 144: impl AboutCallbackKind {
 145:     const fn label(self) -> &'static str {
 154: struct ToolsUiProjection {
 160: struct AboutUiProjection {
 170: struct F4seUiProjection {
 179: struct ScannerCategoryToggleProjection {
 190: struct ScannerUiProjection {
 196:     progress_text: String,
 197:     progress_percent: f32,
 227: struct DowngraderUiProjection {
 239:     progress_percent: f32,
 240:     progress_text: String,
 242:     about_enabled: bool,
 248: enum DowngraderOpenSource {
 254:     const fn label(self) -> &'static str {
 262: fn main() -> Result<(), Box<dyn std::error::Error>> {
 281:     let about_controller = Arc::new(Mutex::new(AboutController::new()));
 292:     apply_current_about_state(&app, &about_controller);
 299:     let about_sink = bind_about_worker_sink(&app, Arc::clone(&about_controller));
 327:     bind_about_callbacks(
 329:         Arc::clone(&about_controller),
 331:         about_sink,
 370: fn load_settings_controller() -> SettingsController<FileAssetResolver> {
 377: fn bind_settings_callbacks(
 408: fn bind_downgrader_worker_sink(
 495: fn bind_downgrader_callbacks(
 570:     window.on_about_requested(|| {
 572:             event = "s09-downgrader-about-requested",
 573:             "Downgrader About dialog is deferred; main About tab remains available"
 604: fn bind_tools_worker_sink(
 651: fn bind_about_worker_sink(
 653:     controller: Arc<Mutex<AboutController>>,
 662:                 event = "s05-about-worker-event-dropped",
 666:                 "About worker event arrived after the Slint window was gone"
 671:         let Some(result) = with_about_controller_mut(&controller, |controller| {
 672:             handle_about_worker_event(controller, event)
 679:                 event = "s05-about-worker-event-applied",
 683:                 "About worker event applied to render state"
 685:             apply_current_about_state(&app, &controller);
 688:                 event = "s05-about-worker-event-ignored",
 692:                 "About worker event ignored because it belongs to another surface"
 698: fn bind_tools_callbacks(
 765: fn bind_about_callbacks(
 767:     controller: Arc<Mutex<AboutController>>,
 769:     about_sink: SlintEventLoopSink,
 771:     app.on_about_open_requested({
 774:         let about_sink = about_sink.clone();
 778:                 request_about_action(
 782:                     about_sink.clone(),
 784:                     AboutCallbackKind::Open,
 790:     app.on_about_copy_requested({
 793:         let about_sink = about_sink.clone();
 797:                 request_about_action(
 801:                     about_sink.clone(),
 803:                     AboutCallbackKind::Copy,
 809:     app.on_about_copy_label_reset_requested({
 817:                     event = "s05-about-copy-label-reset-dropped",
 819:                     "About copy-label reset arrived after the Slint window was gone"
 824:             let Some(result) = with_about_controller_mut(&controller, |controller| {
 831:                 apply_current_about_state(&app, &controller);
 834:                     event = "s05-about-copy-label-reset-ignored-at-runtime",
 836:                     "About copy-label reset id was not applied"
 843: fn bind_scanner_worker_sink(
 905: fn bind_scanner_callbacks(
1083: fn bind_overview_worker_sink(
1110: fn bind_overview_callbacks(
1239: fn bind_f4se_worker_sink(
1285: fn bind_f4se_callbacks(
1304: fn request_f4se_initial_scan(
1349: fn take_f4se_initial_scan_request(
1355: fn build_f4se_scan_payload(scan_id: u64) -> BlockingWorkerResult {
1362: fn build_f4se_scan_snapshot(scan_id: u64) -> F4seScanSnapshot {
1439: fn f4se_current_game_from_overview_facts(collected: &OverviewCollectedFacts) -> F4seGameTarget {
1449: fn is_fallout4_executable_fact(file_name: &str) -> bool {
1457: fn trace_f4se_scan_diagnostics(
1534: fn request_open_downgrader_modal<R: AssetResolver>(
1579: fn request_downgrader_patch_or_run<R: AssetResolver>(
1639: fn schedule_downgrader_status_request(
1672: fn schedule_downgrader_plan_request(
1705: fn schedule_downgrader_run_request(
1710:     request: DowngraderRunWorkerRequest,
1718:         confirmed_plan_request_id = request.confirmed_plan_request_id,
1720:         "Scheduling Downgrader confirmed run worker"
1739: fn schedule_downgrader_completion_refresh(
1778: fn bind_downgrader_worker_sink_for_status_only(
1798: fn build_downgrader_status_payload(request: DowngraderStatusWorkerRequest) -> BlockingWorkerResult {
1820: fn build_downgrader_plan_payload(request: DowngraderPlanWorkerRequest) -> BlockingWorkerResult {
1844: fn build_downgrader_run_payload<S>(
1846:     request: DowngraderRunWorkerRequest,
1868:         .execute_confirmed(
1883:         &result.progress_events,
1890: fn emit_downgrader_run_intermediate_events<S>(
1894:     progress_events: &[DowngraderExecutionProgressEvent],
1898:     for progress in progress_events {
1901:             downgrader_progress_payload(request_id, progress.progress),
1904:                 event = "s09-downgrader-progress-handoff-failed",
1907:                 "Downgrader progress event could not be handed to UI"
1926: fn downgrader_service_failure(
1932: fn discover_fallout4_installation_for_downgrader() -> Option<domain::discovery::Fallout4Installation>
1958: fn downgrader_settings_from_options(options: DowngraderOptionsSnapshot) -> DowngraderSettings {
1965: fn close_downgrader_modal(
1985: fn handle_downgrader_worker_event(
1992: fn request_tools_action(
2060: fn request_about_action(
2062:     controller: &Arc<Mutex<AboutController>>,
2064:     about_sink: SlintEventLoopSink,
2066:     callback_kind: AboutCallbackKind,
2068:     let action = match about_action_for_id(&action_id) {
2069:         Ok(action) if about_action_matches_callback(action, callback_kind) => action,
2071:             let feedback = about_callback_mismatch_feedback(&action_id, action, callback_kind);
2073:                 event = "s05-about-action-callback-mismatch",
2077:                 "About action failed closed because it arrived through the wrong callback"
2079:             apply_about_feedback(app, controller, feedback);
2084:                 event = "s05-about-action-preflight-rejected",
2089:                 "About action failed closed before worker scheduling"
2091:             apply_about_feedback(app, controller, feedback);
2097:         event = "s05-about-action-schedule",
2101:         "Scheduling About action worker"
2104:     let task = about_action_worker_task(&action_id);
2106:     if let Err(error) = worker_runtime.spawn_blocking_task(task, about_sink, move |_context| {
2107:         build_about_action_payload(worker_action_id)
2110:             event = "s05-about-action-spawn-failed",
2114:             "About action worker could not be scheduled"
2116:         apply_about_feedback(
2119:             about_spawn_failed_feedback(&action_id, Some(action), error),
2124: fn build_tools_action_payload(action_id: String) -> BlockingWorkerResult {
2132: fn build_about_action_payload(action_id: String) -> BlockingWorkerResult {
2134:     let feedback = service.execute_about_action(&action_id);
2135:     Ok(WorkerTaskOutcome::Completed(WorkerPayload::AboutAction(
2136:         AboutActionWorkerPayload::action_completed(feedback),
2140: fn tools_action_worker_task(action_id: &str) -> WorkerTask {
2148: fn about_action_worker_task(action_id: &str) -> WorkerTask {
2153:     .with_label(format!("About action {action_id}"))
2156: fn tools_spawn_failed_feedback(
2170: fn about_spawn_failed_feedback(
2172:     action: Option<AboutActionKind>,
2174: ) -> AboutActionFeedback {
2175:     AboutActionFeedback::rejected(
2184: fn about_action_matches_callback(
2185:     action: AboutActionKind,
2186:     callback_kind: AboutCallbackKind,
2190:         (AboutActionKind::Open { .. }, AboutCallbackKind::Open)
2191:             | (AboutActionKind::Copy { .. }, AboutCallbackKind::Copy)
2195: fn about_callback_mismatch_feedback(
2197:     action: AboutActionKind,
2198:     callback_kind: AboutCallbackKind,
2199: ) -> AboutActionFeedback {
2200:     AboutActionFeedback::rejected(
2204:         "About action is not available.",
2206:             "About {} callback received a {} action id",
2213: fn request_scanner_scan(
2261: fn prepare_scanner_scan_request<R: AssetResolver>(
2302: fn build_scanner_scan_payload<S>(
2318:     emit_scanner_progress_message(
2419:     let output = service.scan_with_progress(scan_request, |progress| {
2420:         trace_scanner_progress_event(progress);
2421:         emit_scanner_progress_event(&context, progress);
2436: fn scanner_manager_context(manager: Option<&DiscoveredModManager>) -> Option<ModManagerContext> {
2448: fn emit_scanner_progress_event<S>(
2450:     progress: &ScannerProgressEvent,
2454:     emit_scanner_progress_message(
2456:         progress.scan_id,
2457:         &progress.safe_message,
2458:         scanner_progress_current(progress),
2459:         scanner_progress_total(progress),
2463: fn emit_scanner_progress_message<S>(
2472:     let progress = workers::WorkerProgress::new()
2475:     if let Err(error) = context.emit_progress(progress) {
2477:             event = "s07-scanner-progress-handoff-failed",
2482:             "Scanner progress could not be handed to the UI"
2487: fn scanner_progress_current(progress: &ScannerProgressEvent) -> Option<u64> {
2488:     progress
2491:         .or_else(|| scanner_percent_as_count(progress.percent))
2494: fn scanner_progress_total(progress: &ScannerProgressEvent) -> Option<u64> {
2495:     progress
2498:         .or_else(|| scanner_percent_as_count(progress.percent).map(|_| 100))
2501: fn scanner_percent_as_count(percent: f32) -> Option<u64> {
2509: fn trace_scanner_progress_event(progress: &ScannerProgressEvent) {
2511:         event = "s07-scanner-progress-emitted",
2512:         scan_id = progress.scan_id,
2513:         phase = progress.phase.as_str(),
2514:         percent = progress.percent,
2515:         folder = progress.folder.as_deref().unwrap_or(""),
2516:         folder_index = ?progress.folder_index,
2517:         folder_total = ?progress.folder_total,
2518:         safe_message = progress.safe_message.as_str(),
2519:         "Scanner progress emitted from worker"
2523: fn trace_scanner_scan_output(output: &ScannerScanOutput) {
2558: fn toggle_scanner_file_list(app: &MainWindow, controller: &Arc<Mutex<ScannerController>>) {
2569: fn request_scanner_auto_fix(
2616: fn prepare_scanner_auto_fix_request(
2632: fn build_scanner_auto_fix_payload(
2641: fn execute_scanner_auto_fix_with_service(
2713: fn auto_fix_completion_from_rejection(
2751: fn request_scanner_action(
2794: fn prepare_scanner_action_execution(
2814: fn scanner_action_task(action: ScannerActionKind, scan_id: Option<u64>) -> WorkerTask {
2828: fn scanner_action_from_task_id(
2841: fn execute_scanner_action_payload(execution: ScannerActionExecution) -> BlockingWorkerResult {
2852: fn execute_scanner_action_with_adapters<D, C>(
2891: fn scanner_feedback_from_desktop_result(
2908: fn scanner_feedback_from_clipboard_result(
2925: fn scanner_category_from_ui_id(category_id: &str) -> Option<ScannerCategoryKind> {
2938: fn i32_to_usize(value: i32) -> Option<usize> {
2946: fn request_overview_refresh(
2965: fn request_overview_refresh_from_settings(
3008: fn build_overview_refresh_payload(refresh_id: u64, settings: AppSettings) -> BlockingWorkerResult {
3016: fn build_overview_snapshot(settings: AppSettings) -> Result<OverviewSnapshot, WorkerFailure> {
3109: fn current_working_directory() -> PathBuf {
3123: fn schedule_overview_update_check(
3169: fn update_failure_banner(update_source: UpdateSource, summary: &str) -> UpdateBannerState {
3177: fn update_providers(update_source: UpdateSource) -> Vec<UpdateProvider> {
3186: fn schedule_overview_action(
3235: fn execute_overview_action_payload(action: OverviewDeferredAction) -> BlockingWorkerResult {
3246: fn action_error_from_feedback(
3258: fn apply_action_error(
3271: fn apply_tools_feedback(
3282: fn apply_about_feedback(
3284:     controller: &Arc<Mutex<AboutController>>,
3285:     feedback: AboutActionFeedback,
3287:     with_about_controller_mut(controller, |controller| {
3290:     apply_current_about_state(app, controller);
3293: fn handle_f4se_worker_event(
3300: fn handle_scanner_worker_event(
3311: fn handle_tools_worker_event(
3322: fn handle_about_worker_event(
3323:     controller: &mut AboutController,
3325: ) -> AboutTransitionResult {
3326:     if let Some(feedback) = about_worker_failure_feedback_from_event(&event) {
3333: fn scanner_worker_failure_feedback_from_event(
3352: fn tools_worker_failure_feedback_from_event(event: &WorkerEvent) -> Option<ToolsActionFeedback> {
3367: fn about_worker_failure_feedback_from_event(event: &WorkerEvent) -> Option<AboutActionFeedback> {
3371:     let action_id = about_action_id_from_task(&event.task)?;
3373:     Some(AboutActionFeedback::rejected(
3375:         about_action_for_id(action_id).ok(),
3382: fn tools_action_id_from_task(task: &WorkerTask) -> Option<&str> {
3386: fn about_action_id_from_task(task: &WorkerTask) -> Option<&str> {
3390: fn emit_worker_event_or_log<S>(sink: &S, event: WorkerEvent)
3410: fn with_overview_controller_mut<T>(
3427: fn with_f4se_controller_mut<T>(
3444: fn with_scanner_controller_mut<T>(
3461: fn with_tools_controller_mut<T>(
3478: fn with_about_controller_mut<T>(
3479:     controller: &Arc<Mutex<AboutController>>,
3480:     action: impl FnOnce(&mut AboutController) -> T,
3486:                 event = "s05-about-controller-lock-poisoned",
3488:                 "About controller state is unavailable"
3495: fn with_downgrader_controller_mut<T>(
3512: fn apply_current_downgrader_state(
3524: fn project_downgrader_state(controller: &DowngraderController) -> DowngraderUiProjection {
3559:         progress_percent: controller.progress().percent,
3560:         progress_text: controller.status_text().to_owned(),
3562:         about_enabled: !matches!(
3576: fn apply_downgrader_projection(window: &DowngraderWindow, projection: DowngraderUiProjection) {
3590:     window.set_progress_percent(projection.progress_percent);
3591:     window.set_progress_text(projection.progress_text.as_str().into());
3593:     window.set_about_enabled(projection.about_enabled);
3598: fn format_downgrader_status_rows(
3614: fn format_downgrader_plan_row(
3646: fn format_downgrader_log_row(row: &DowngraderExecutionLogRow) -> DowngraderLogUiRow {
3653: fn downgrader_target_ui_value(target: DowngraderTarget) -> &'static str {
3660: fn downgrader_status_severity(status: DowngraderInstallStatus) -> &'static str {
3672: fn apply_current_tools_state(app: &MainWindow, controller: &Arc<Mutex<ToolsController>>) {
3681: fn apply_current_about_state(app: &MainWindow, controller: &Arc<Mutex<AboutController>>) {
3682:     let Some(projection) = with_about_controller_mut(controller, |controller| {
3683:         project_about_state(controller.state())
3687:     apply_about_projection(app, &projection);
3690: fn apply_current_f4se_snapshot(app: &MainWindow, controller: &Arc<Mutex<F4seController>>) {
3699: fn apply_current_scanner_state(app: &MainWindow, controller: &Arc<Mutex<ScannerController>>) {
3708: fn project_f4se_snapshot(snapshot: &F4seScanSnapshot) -> F4seUiProjection {
3718: fn f4se_status_text(snapshot: &F4seScanSnapshot) -> String {
3727: fn f4se_loading_or_error_text(snapshot: &F4seScanSnapshot) -> String {
3734: fn f4se_unknown_game_detail(rows: &[F4seDllRow]) -> String {
3742: fn format_f4se_rows(rows: &[F4seDllRow]) -> Vec<F4seUiRow> {
3746: fn format_f4se_row(row: &F4seDllRow) -> F4seUiRow {
3758: fn f4se_severity_label(severity: F4seRowSeverity) -> &'static str {
3767: fn apply_f4se_projection(app: &MainWindow, projection: F4seUiProjection) {
3775: fn project_scanner_state(controller: &ScannerController) -> ScannerUiProjection {
3786:         progress_text: controller.progress_text().to_owned(),
3787:         progress_percent: controller.progress_percent(),
3838: fn scanner_category_toggles(
3871: struct ScannerDetailProjection {
3891: fn project_scanner_detail(
3964: fn scanner_detail_value(records: &[domain::scanner::ScannerDetailRecord], label: &str) -> String {
3972: fn scanner_detail_has_enabled_action(
3982: fn format_scanner_result_rows(
4025: fn scanner_flat_result_index(
4039: fn usize_to_i32(value: usize) -> i32 {
4047: fn format_scanner_file_list_rows(file_list: &ScannerFileList) -> Vec<ScannerFileListUiRow> {
4058: fn apply_scanner_projection(app: &MainWindow, projection: ScannerUiProjection) {
4071:     app.set_scanner_progress_text(projection.progress_text.as_str().into());
4072:     app.set_scanner_progress_percent(projection.progress_percent);
4102: fn project_tools_state(state: &ToolsState) -> ToolsUiProjection {
4116: fn project_about_state(state: &AboutState) -> AboutUiProjection {
4117:     let nexus = about_copy_projection(state, AboutLinkId::Nexus);
4118:     let discord = about_copy_projection(state, AboutLinkId::Discord);
4119:     let github = about_copy_projection(state, AboutLinkId::Github);
4121:     AboutUiProjection {
4136: fn about_copy_projection(state: &AboutState, link_id: AboutLinkId) -> (String, bool) {
4153: fn apply_tools_projection(app: &MainWindow, projection: &ToolsUiProjection) {
4158: fn apply_about_projection(app: &MainWindow, projection: &AboutUiProjection) {
4159:     app.set_about_last_action_error(projection.last_action_error.as_str().into());
4160:     app.set_about_nexus_copy_label(projection.nexus_copy_label.as_str().into());
4161:     app.set_about_nexus_copy_enabled(projection.nexus_copy_enabled);
4162:     app.set_about_discord_copy_label(projection.discord_copy_label.as_str().into());
4163:     app.set_about_discord_copy_enabled(projection.discord_copy_enabled);
4164:     app.set_about_github_copy_label(projection.github_copy_label.as_str().into());
4165:     app.set_about_github_copy_enabled(projection.github_copy_enabled);
4168: fn apply_current_overview_snapshot(app: &MainWindow, controller: &Arc<Mutex<OverviewController>>) {
4177: fn apply_overview_snapshot(app: &MainWindow, snapshot: &OverviewSnapshot) {
4241: fn model_from_vec<T: Clone + 'static>(rows: Vec<T>) -> ModelRc<T> {
4245: fn refresh_message(refresh: &OverviewRefreshState) -> String {
4262: fn format_top_rows(snapshot: &OverviewSnapshot) -> Vec<OverviewUiRow> {
4271: fn format_top_row(row: OverviewTopStatusRow) -> OverviewUiRow {
4275: fn format_binary_rows(snapshot: &OverviewSnapshot) -> Vec<OverviewUiRow> {
4301: fn format_binary_row(row: &BinaryStatusRow) -> OverviewUiRow {
4310: fn binary_detail(row: &BinaryStatusRow) -> String {
4321: fn format_count_panel_rows(rows: &[OverviewCountRow]) -> Vec<OverviewUiRow> {
4345: fn format_problem_summary(snapshot: &OverviewSnapshot) -> String {
4349: fn format_problem_rows(snapshot: &OverviewSnapshot) -> Vec<OverviewUiRow> {
4376: fn format_problem_row(problem: &OverviewProblem) -> OverviewUiRow {
4385: fn overview_ui_row(
4399: fn severity_label(severity: StatusSeverity) -> &'static str {
4410: fn deferred_action_label(
4422: fn overview_downgrade_action_status(actions: &[OverviewDeferredAction]) -> String {
4437: fn deferred_action_status(
4460: fn apply_update_banner(app: &MainWindow, update_banner: &UpdateBannerState) {
4477: fn update_release_label(
4529:             ABOUT_CREDIT_LABEL, ABOUT_LINKS, ABOUT_TITLE_LABEL, AboutActionId, AboutLinkId,
4538:     const MAIN_SLINT: &str = include_str!("../ui/main.slint");
4539:     const SETTINGS_SLINT: &str = include_str!("../ui/settings_tab.slint");
4540:     const OVERVIEW_SLINT: &str = include_str!("../ui/overview_tab.slint");
4541:     const F4SE_SLINT: &str = include_str!("../ui/f4se_tab.slint");
4542:     const SCANNER_SLINT: &str = include_str!("../ui/scanner_tab.slint");
4543:     const DOWNGRADER_SLINT: &str = include_str!("../ui/downgrader_window.slint");
4544:     const TOOLS_SLINT: &str = include_str!("../ui/tools_tab.slint");
4545:     const ABOUT_SLINT: &str = include_str!("../ui/about_tab.slint");
4546:     const TAB_COMPONENTS: [(&str, &str, &str, &str); 6] = [
4567:         ("ui/about_tab.slint", "AboutTab", "About", ABOUT_SLINT),
4569:     const INERT_TAB_COMPONENTS: [(&str, &str, &str, &str); 0] = [];
4571:     fn slint_string_property_values(source: &str, property: &str) -> Vec<String> {
4583:     fn assert_source_contains_in_order(source: &str, expected: &[&str]) {
4594:     fn assert_source_contains_strings_in_order(source: &str, expected: &[String]) {
4605:     fn slint_string_literal(value: &str) -> String {
4612:     fn slint_assignment(property: &str, value: &str) -> String {
4616:     fn slint_image_reference(resource_path: &str) -> String {
4620:     fn assert_no_direct_urls_or_reference_tree(source_name: &str, source: &str) {
4636:     fn shell_tab_labels_match_reference_order() {
4639:             ["Overview", "F4SE", "Scanner", "Tools", "Settings", "About"]
4644:     fn shell_tab_labels_count_is_reference_count() {
4649:     fn shell_contract_main_slint_title_and_tabs_match_rust_contract() {
4667:     fn shell_contract_tab_component_files_export_expected_components() {
4681:     fn shell_contract_inert_tab_components_are_static_placeholders() {
4731:     fn s06_f4se_slint_contract_replaces_placeholder_with_reference_table_and_legend() {
4732:         assert!(F4SE_SLINT.contains("export struct F4seUiRow"));
4778:     fn s06_f4se_slint_contract_main_window_forwards_properties_and_lazy_activation() {
4813:                 "title: \"About\"",
4819:             ["Overview", "F4SE", "Scanner", "Tools", "Settings", "About"]
4824:     fn s06_f4se_runtime_wiring_projects_controller_snapshots_to_slint_rows() {
4851:     fn s06_f4se_runtime_wiring_first_activation_schedules_once() {
4865:     fn s06_f4se_runtime_wiring_spawn_failure_maps_to_safe_projection() {
4891:     fn s06_f4se_runtime_wiring_worker_completion_application_and_unrelated_ignore() {
4933:     fn s06_f4se_runtime_wiring_error_empty_and_unknown_game_warning_states_are_visible() {
4968:     fn s08_scanner_autofix_slint_contract_replaces_placeholder_with_gated_auto_fix_surface() {
4969:         assert!(SCANNER_SLINT.contains("export struct ScannerResultUiRow"));
4970:         assert!(SCANNER_SLINT.contains("export struct ScannerFileListUiRow"));
5085:     fn s08_scanner_autofix_slint_contract_main_window_forwards_properties_models_and_callbacks() {
5102:                 "in-out property <string> scanner-progress-text",
5103:                 "in-out property <float> scanner-progress-percent",
5165:     fn s07_scanner_slint_contract_runtime_projection_uses_controller_snapshot() {
5273:     fn s07_scanner_runtime_wiring_startup_projection_uses_persisted_settings() {
5301:     fn s07_scanner_runtime_wiring_scan_scheduling_persists_and_clears_old_state() {
5343:         assert_eq!(projection.progress_text, PROGRESS_REFRESHING_OVERVIEW_TEXT);
5350:     fn s07_scanner_runtime_wiring_does_not_schedule_when_save_reverts_or_toggles_off() {
5407:     fn s07_scanner_runtime_wiring_applies_progress_completion_stale_and_zero_results() {
5421:                 WorkerEvent::progress(
5430:         let progressing = project_scanner_state(&controller);
5431:         assert!(progressing.busy);
5432:         assert_eq!(progressing.progress_text, "Scanning... 1/3: Meshes");
5433:         assert!(progressing.progress_percent > 33.0 && progressing.progress_percent < 34.0);
5450:         assert_eq!(completed.progress_percent, 100.0);
5475:     fn s07_scanner_runtime_wiring_selected_detail_actions_and_failure_feedback_are_safe() {
5529:     fn s07_scanner_runtime_wiring_action_worker_failure_event_maps_to_safe_feedback() {
5562:     fn s08_scanner_autofix_runtime_wiring_empty_production_hidden_state_and_tampered_callback_rejected()
5602:     fn s08_scanner_autofix_runtime_wiring_fake_projection_shows_button_and_rejects_repeated_fixing_click()
5648:     async fn s08_scanner_autofix_runtime_wiring_fake_worker_success_shows_inline_results() {
5716:     fn s08_scanner_autofix_runtime_wiring_fake_worker_failure_shows_safe_inline_results() {
5770:     fn s08_scanner_autofix_runtime_wiring_worker_spawn_and_failure_feedback_are_safe() {
5837:     fn s08_scanner_autofix_runtime_wiring_stale_completion_is_ignored() {
5897:     fn scanner_runtime_result() -> ScannerResult {
5913:     enum RuntimeAutoFixOutcome {
5918:     struct RuntimeAutoFixRunner {
5923:         fn execute(
5946:     fn scanner_autofix_runtime_registry(outcome: RuntimeAutoFixOutcome) -> AutoFixRegistry {
5959:     fn scanner_autofix_runtime_controller() -> ScannerController {
5978:     fn scanner_autofix_runtime_result(name: &str) -> ScannerResult {
5989:     fn main_test_settings_controller(
6011:     fn unique_main_test_root(name: &str) -> PathBuf {
6020:     struct RuntimeFakeDesktopActions {
6026:         fn open_url(&self, url: &str) -> crate::platform::desktop::DesktopActionResult {
6043:         fn open_path(
6063:         fn launch_tool(
6076:     struct RuntimeFakeClipboardActions {
6081:         fn copy_text(&self, _text: &str) -> crate::platform::clipboard::ClipboardActionResult {
6097:     fn s09_downgrader_slint_contract_modal_source_exposes_reference_shape_and_labels() {
6098:         assert!(DOWNGRADER_SLINT.contains("export struct DowngraderStatusUiRow"));
6099:         assert!(DOWNGRADER_SLINT.contains("export struct DowngraderPlanUiRow"));
6100:         assert!(DOWNGRADER_SLINT.contains("export struct DowngraderLogUiRow"));
6153:                 "text: \"About\"",
6172:                 "in-out property <float> progress-percent",
6173:                 "in-out property <string> progress-text",
6175:                 "in-out property <bool> about-enabled",
6181:                 "callback about-requested()",
6194:     fn s09_downgrader_slint_contract_entrypoints_forward_downgrader_but_keep_archive_patcher_deferred()
6243:     fn s05_slint_contract_tools_tab_replaces_placeholder_with_reference_groups() {
6283:     fn s05_slint_contract_about_tab_replaces_placeholder_with_reference_assets_and_copy_state() {
6284:         assert!(ABOUT_SLINT.contains("export component AboutTab"));
6286:         assert!(ABOUT_SLINT.contains("in-out property <string> about-last-action-error"));
6287:         assert!(ABOUT_SLINT.contains("callback about-open-requested(string)"));
6288:         assert!(ABOUT_SLINT.contains("callback about-copy-requested(string)"));
6289:         assert!(ABOUT_SLINT.contains("callback about-copy-label-reset-requested(string)"));
6291:         assert!(!ABOUT_SLINT.contains("About behavior is reserved for a later port phase."));
6298:                 "About tab should use Rust-owned image resource {resource_path}"
6303:             "in-out property <string> about-nexus-copy-label: \"{}\"",
6307:             "in-out property <string> about-discord-copy-label: \"{}\"",
6311:             "in-out property <string> about-github-copy-label: \"{}\"",
6314:         assert!(ABOUT_SLINT.contains("in-out property <bool> about-nexus-copy-enabled: true"));
6315:         assert!(ABOUT_SLINT.contains("in-out property <bool> about-discord-copy-enabled: true"));
6316:         assert!(ABOUT_SLINT.contains("in-out property <bool> about-github-copy-enabled: true"));
6329:                 "root.about-copy-label-reset-requested(\"{}\")",
6336:         assert!(ABOUT_SLINT.contains("root.about-open-requested(action_id)"));
6337:         assert!(ABOUT_SLINT.contains("root.about-copy-requested(action_id)"));
6338:         assert_no_direct_urls_or_reference_tree("ui/about_tab.slint", ABOUT_SLINT);
6342:     fn s05_slint_contract_main_window_forwards_tools_and_about_properties_and_callbacks() {
6348:                 "in-out property <string> about-last-action-error",
6349:                 "in-out property <string> about-nexus-copy-label",
6350:                 "in-out property <bool> about-nexus-copy-enabled",
6351:                 "in-out property <string> about-discord-copy-label",
6352:                 "in-out property <bool> about-discord-copy-enabled",
6353:                 "in-out property <string> about-github-copy-label",
6354:                 "in-out property <bool> about-github-copy-enabled",
6356:                 "callback about-open-requested(string)",
6357:                 "callback about-copy-requested(string)",
6358:                 "callback about-copy-label-reset-requested(string)",
6368:                 "AboutTab {",
6369:                 "about-last-action-error <=> root.about-last-action-error",
6370:                 "about-nexus-copy-label <=> root.about-nexus-copy-label",
6371:                 "about-nexus-copy-enabled <=> root.about-nexus-copy-enabled",
6372:                 "about-discord-copy-label <=> root.about-discord-copy-label",
6373:                 "about-discord-copy-enabled <=> root.about-discord-copy-enabled",
6374:                 "about-github-copy-label <=> root.about-github-copy-label",
6375:                 "about-github-copy-enabled <=> root.about-github-copy-enabled",
6376:                 "root.about-open-requested(action_id)",
6377:                 "root.about-copy-requested(action_id)",
6378:                 "root.about-copy-label-reset-requested(action_id)",
6385:     fn s05_runtime_wiring_tools_projection_uses_initial_status_and_safe_errors() {
6419:     fn s05_runtime_wiring_about_projection_tracks_copy_success_and_reset() {
6420:         let mut controller = AboutController::new();
6422:         controller.handle_feedback(AboutActionFeedback::succeeded(
6423:             AboutActionId::CopyDiscord.as_str(),
6424:             AboutActionKind::Copy {
6425:                 link_id: AboutLinkId::Discord,
6426:                 action_id: AboutActionId::CopyDiscord,
6431:         let copied = project_about_state(controller.state());
6441:             controller.reset_copy_label(AboutActionId::CopyDiscord.as_str()),
6442:             AboutTransitionResult::Applied
6444:         let reset = project_about_state(controller.state());
6451:     fn s05_runtime_wiring_callback_id_mapping_fails_closed_before_workers() {
6477:         let open_action = about_action_for_id(AboutActionId::OpenGithub.as_str())
6478:             .expect("known About open action should parse");
6479:         assert!(about_action_matches_callback(
6481:             AboutCallbackKind::Open
6483:         assert!(!about_action_matches_callback(
6485:             AboutCallbackKind::Copy
6488:         let copy_action = about_action_for_id(AboutActionId::CopyGithub.as_str())
6489:             .expect("known About copy action should parse");
6490:         let mismatch = about_callback_mismatch_feedback(
6491:             AboutActionId::CopyGithub.as_str(),
6493:             AboutCallbackKind::Open,
6500:         assert_eq!(mismatch.safe_message(), "About action is not available.");
6504:     fn s05_runtime_wiring_spawn_failure_feedback_maps_to_safe_errors() {
6521:         let about_error = WorkerSpawnError::NoActiveRuntime {
6522:             task_id: workers::WorkerTaskId::new("about-no-runtime"),
6524:         let about_feedback = about_spawn_failed_feedback(
6525:             AboutActionId::CopyNexus.as_str(),
6526:             about_action_for_id(AboutActionId::CopyNexus.as_str()).ok(),
6527:             about_error,
6531:             about_feedback.outcome,
6534:         assert_eq!(about_feedback.safe_message(), ABOUT_ACTION_START_ERROR);
6535:         assert!(about_feedback.diagnostic().is_some());
6539:     fn s05_runtime_wiring_worker_payloads_apply_and_unrelated_payloads_are_ignored() {
6564:         let about_success = AboutActionFeedback::succeeded(
6565:             AboutActionId::CopyGithub.as_str(),
6566:             AboutActionKind::Copy {
6567:                 link_id: AboutLinkId::Github,
6568:                 action_id: AboutActionId::CopyGithub,
6573:             about_action_worker_task(AboutActionId::CopyGithub.as_str()),
6574:             WorkerPayload::AboutAction(AboutActionWorkerPayload::action_completed(
6575:                 about_success.clone(),
6584:         let mut about = AboutController::new();
6585:         let about_event = WorkerEvent::completed(
6586:             about_action_worker_task(AboutActionId::CopyGithub.as_str()),
6587:             WorkerPayload::AboutAction(AboutActionWorkerPayload::action_completed(about_success)),
6591:             handle_about_worker_event(&mut about, about_event),
6592:             AboutTransitionResult::Applied
6594:         let about_projection = project_about_state(about.state());
6595:         assert_eq!(about_projection.github_copy_label, ABOUT_COPY_SUCCESS_LABEL);
6596:         assert!(!about_projection.github_copy_enabled);
6598:         let unrelated_for_about = WorkerEvent::completed(
6610:             handle_about_worker_event(&mut about, unrelated_for_about),
6611:             AboutTransitionResult::Ignored
6616:     fn s05_runtime_wiring_worker_failure_payloads_map_by_surface_task_prefix() {
6632:         let mut about = AboutController::new();
6633:         let about_failure = WorkerEvent::failed(
6634:             about_action_worker_task(AboutActionId::OpenNexus.as_str()),
6639:             handle_about_worker_event(&mut about, about_failure),
6640:             AboutTransitionResult::Applied
6643:             project_about_state(about.state()).last_action_error,
6652:             handle_about_worker_event(&mut about, unrelated_failure),
6653:             AboutTransitionResult::Ignored
6659:     fn s05_runtime_wiring_non_windows_real_desktop_actions_fail_safely() {
6675:     fn overview_tab_exposes_refresh_action_status_panels_and_safe_error_state() {
6679:                 "export struct OverviewUiRow",
6710:     fn overview_projection_rows_lock_reference_order_and_deferred_status() {
6775:     fn settings_tab_labels_are_exact_and_in_display_order() {
6800:     fn settings_tab_update_channel_labels() {
6825:     fn settings_tab_log_level_labels() {
6850:     fn settings_tab_uses_dark_mode_palette() {
6857:     fn main_window_forwards_settings_and_overview_tab_api() {
6905:     fn shell_contract_boundary_markers_construct_as_no_ops() {

## src/domain/downgrader.rs
  12: pub const DOWNGRADER_MODAL_TITLE: &str = "Downgrader";
  14: pub const DOWNGRADER_MODAL_WIDTH: i32 = 600;
  16: pub const DOWNGRADER_MODAL_HEIGHT: i32 = 334;
  19: pub const CURRENT_GAME_GROUP_LABEL: &str = "Current Game";
  21: pub const CURRENT_CREATION_KIT_GROUP_LABEL: &str = "Current Creation Kit";
  23: pub const DESIRED_VERSION_GROUP_LABEL: &str = "Desired Version";
  25: pub const OPTIONS_GROUP_LABEL: &str = "Options";
  28: pub const TARGET_OLD_GEN_LABEL: &str = "Old-Gen";
  30: pub const TARGET_NEXT_GEN_LABEL: &str = "Next-Gen";
  32: pub const KEEP_BACKUPS_CHECKBOX_LABEL: &str = "Keep Backups";
  34: pub const DELETE_PATCHES_CHECKBOX_LABEL: &str = "Delete Patches";
  36: pub const PATCH_ALL_BUTTON_LABEL: &str = "Patch\n All";
  38: pub const ABOUT_BUTTON_LABEL: &str = "About";
  40: pub const INITIAL_LOG_LINE: &str = "Patches will be downloaded and applied as-needed.";
  43: pub const ABOUT_DOWNGRADING_TITLE: &str = "About Downgrading Fallout 4 & Creation Kit";
  45: pub const ABOUT_DOWNGRADING_BODY: &str = "This downgrader makes use of delta patches which are downloaded as-needed from the CMT GitHub page.\nPatches range in size from 23KB to 63
  48: pub const TOOLTIP_DOWNGRADER_BACKUPS: &str = "Backups are created prior to patching, and will be used instead of patches if present.\nSimple Downgrader's backups will also be used.
  50: pub const TOOLTIP_DOWNGRADER_DELTAS: &str = "Delta patches are downloaded as-needed and used to patch from one version to another.\nIf backups are present, they will be used instea
  53: pub const PATCH_URL_BASE: &str =
  56: pub const PATCH_DIRECTION_NEXT_GEN_TO_OLD_GEN: &str = "NG-to-OG-";
  58: pub const PATCH_DIRECTION_OLD_GEN_TO_NEXT_GEN: &str = "OG-to-NG-";
  60: const UPGRADE_BACKUP_MARKER: &str = "_upgradeBackup";
  61: const DOWNGRADE_BACKUP_MARKER: &str = "_downgradeBackup";
  65: pub enum DowngraderLogLevel {
  76:     pub const fn as_reference_str(self) -> &'static str {
  87: pub enum DowngraderInstallStatus {
 107:     pub const fn as_reference_str(self) -> &'static str {
 123:     pub const fn counts_as_next_gen_crc(self) -> bool {
 131:     pub const fn counts_as_anniversary_crc(self) -> bool {
 137:     fn fmt(&self, formatter: &mut fmt::Formatter<'_>) -> fmt::Result {
 144: pub enum DowngraderTarget {
 153:     pub const fn as_reference_str(self) -> &'static str {
 161:     pub const fn desired_status(self) -> DowngraderInstallStatus {
 169:     pub const fn patch_direction(self) -> &'static str {
 177:     pub fn patch_name_for(self, file_name_or_path: &str) -> String {
 186:     pub fn patch_url_for(self, file_name_or_path: &str) -> String {
 197:     pub fn desired_backup_name_for(self, file_name_or_path: &str) -> String {
 207:     pub fn current_backup_name_for(self, file_name_or_path: &str) -> String {
 216:     fn fmt(&self, formatter: &mut fmt::Formatter<'_>) -> fmt::Result {
 223: pub enum DowngraderFileGroup {
 232:     pub const fn as_reference_str(self) -> &'static str {
 242: pub struct DowngraderCrcMapping {
 250:     const fn new(crc32: &'static str, status: DowngraderInstallStatus) -> Self {
 257: pub struct DowngraderFileDefinition {
 270:     pub fn status_for_crc(self, crc32: &str) -> Option<DowngraderInstallStatus> {
 278:     pub const fn status_row(self, status: DowngraderInstallStatus) -> DowngraderStatusRow {
 290: pub struct DowngraderStatusRow {
 303:     pub const fn status_label(self) -> &'static str {
 310: pub struct DowngraderOptionsSnapshot {
 321:     pub const fn new(target: DowngraderTarget, keep_backups: bool, delete_deltas: bool) -> Self {
 332: pub enum DowngraderPlanAction {
 345:     pub const fn from_status(
 368:     pub const fn requires_worker(self) -> bool {
 375: pub enum DowngraderPlanStepKind {
 406:     pub const fn as_str(self) -> &'static str {
 425:     pub const fn is_mutating_execution_step(self) -> bool {
 438: pub struct DowngraderPlanStep {
 447:     pub fn new(kind: DowngraderPlanStepKind, message: impl Into<String>) -> Self {
 457: pub struct DowngraderPlanRow {
 482:     pub fn from_definition(
 503:     pub fn skip_log_row(&self) -> Option<DowngraderExecutionLogRow> {
 522: pub struct DowngraderExecutionLogRow {
 531:     pub fn new(level: DowngraderLogLevel, message: impl Into<String>) -> Self {
 539:     pub fn initial() -> Self {
 546: pub struct DowngraderProgress {
 553:     pub fn new(percent: f32) -> Self {
 560:     pub const fn idle() -> Self {
 565:     pub const fn complete() -> Self {
 570: const FALLOUT4_EXE_CRCS: [DowngraderCrcMapping; 12] = [
 585: const FALLOUT4_LAUNCHER_EXE_CRCS: [DowngraderCrcMapping; 7] = [
 595: const STEAM_API64_DLL_CRCS: [DowngraderCrcMapping; 2] = [
 600: const CREATION_KIT_EXE_CRCS: [DowngraderCrcMapping; 3] = [
 606: const ARCHIVE2_EXE_CRCS: [DowngraderCrcMapping; 3] = [
 612: const ARCHIVE2_INTEROP_DLL_CRCS: [DowngraderCrcMapping; 3] = [
 619: pub const DOWNGRADER_FILE_DEFINITIONS: [DowngraderFileDefinition; 6] = [
 659: pub fn game_file_definitions() -> &'static [DowngraderFileDefinition] {
 664: pub fn creation_kit_file_definitions() -> &'static [DowngraderFileDefinition] {
 669: pub fn find_file_definition(file_name_or_path: &str) -> Option<DowngraderFileDefinition> {
 688: pub fn crcs_for_status(status: DowngraderInstallStatus) -> Vec<&'static str> {
 704: pub fn accepted_source_crcs_for_target(target: DowngraderTarget) -> Vec<&'static str> {
 712: pub fn upgrade_backup_name(file_name_or_path: &str) -> String {
 717: pub fn downgrade_backup_name(file_name_or_path: &str) -> String {
 722: pub fn reference_file_name(file_name_or_path: &str) -> &str {
 730: pub fn skipped_already_message(
 742: pub fn skipped_not_found_message(file_name_or_path: &str) -> String {
 750: pub fn skipped_unsupported_message(file_name_or_path: &str) -> String {
 758: pub fn patched_message(file_name_or_path: &str) -> String {
 763: pub fn failed_patching_message(file_name_or_path: &str) -> String {
 768: pub fn skipped_already_log_row(
 779: pub fn skipped_not_found_log_row(file_name_or_path: &str) -> DowngraderExecutionLogRow {
 787: pub fn skipped_unsupported_log_row(file_name_or_path: &str) -> DowngraderExecutionLogRow {
 795: pub fn patched_log_row(file_name_or_path: &str) -> DowngraderExecutionLogRow {
 800: pub fn failed_patching_log_row(file_name_or_path: &str) -> DowngraderExecutionLogRow {
 807: fn backup_name(file_name_or_path: &str, marker: &str) -> String {
 820:     fn downgrader_domain_reference_strings_match_python_modal() {
 833:         assert_eq!(ABOUT_BUTTON_LABEL, "About");
 840:             "About Downgrading Fallout 4 & Creation Kit"
 854:     fn downgrader_domain_file_definitions_preserve_reference_order_and_groups() {
 891:     fn downgrader_domain_crc_mappings_match_reference() {
 983:     fn downgrader_domain_reference_crc_buckets_include_ngae_for_ng_and_ae() {
1004:     fn downgrader_domain_status_and_target_labels_match_reference() {
1046:     fn downgrader_domain_backup_and_patch_helpers_match_reference() {
1096:     fn downgrader_domain_plan_and_log_rows_use_reference_vocabulary() {
1188:     fn downgrader_domain_progress_values_are_clamped_to_reference_range() {

## src/workers/events.rs
  32:         tools::{AboutActionFeedback, ToolsActionFeedback},
  38: pub struct WorkerTaskId(String);
  42:     pub fn new(id: impl Into<String>) -> Self {
  47:     pub fn as_str(&self) -> &str {
  53:     fn from(value: &str) -> Self {
  59:     fn from(value: String) -> Self {
  65:     fn fmt(&self, formatter: &mut fmt::Formatter<'_>) -> fmt::Result {
  72: pub enum WorkerTaskKind {
  95:     pub const fn label(self) -> &'static str {
 111:     fn fmt(&self, formatter: &mut fmt::Formatter<'_>) -> fmt::Result {
 118: pub struct WorkerTask {
 129:     pub fn new(id: impl Into<WorkerTaskId>, kind: WorkerTaskKind) -> Self {
 138:     pub fn with_label(mut self, label: impl Into<String>) -> Self {
 146: pub enum WorkerTaskStatus {
 167:     pub const fn label(self) -> &'static str {
 171:             Self::Progress => "progress",
 181:     pub const fn is_terminal(self) -> bool {
 187:     fn fmt(&self, formatter: &mut fmt::Formatter<'_>) -> fmt::Result {
 194: pub struct WorkerEvent {
 205:     pub fn new(task: WorkerTask, status: WorkerTaskStatus, payload: WorkerPayload) -> Self {
 214:     pub fn running(task: WorkerTask) -> Self {
 219:     pub fn progress(task: WorkerTask, progress: WorkerProgress) -> Self {
 223:             WorkerPayload::Progress(progress),
 228:     pub fn completed(task: WorkerTask, payload: WorkerPayload) -> Self {
 233:     pub fn failed(task: WorkerTask, failure: WorkerFailure) -> Self {
 242:     pub fn cancellation_requested(task: WorkerTask, cancellation: WorkerCancellation) -> Self {
 251:     pub fn cancellation_acknowledged(task: WorkerTask, cancellation: WorkerCancellation) -> Self {
 260:     pub fn cancelled(task: WorkerTask, cancellation: WorkerCancellation) -> Self {
 271: pub struct WorkerProgress {
 282:     pub fn new() -> Self {
 287:     pub fn with_message(mut self, message: impl Into<String>) -> Self {
 293:     pub const fn with_counts(mut self, current: Option<u64>, total: Option<u64>) -> Self {
 300:     pub const fn is_empty(&self) -> bool {
 307: pub struct WorkerMessage {
 314:     pub fn new(safe_message: impl Into<String>) -> Self {
 323: pub struct WorkerFailure {
 332:     pub fn new(safe_message: impl Into<String>) -> Self {
 340:     pub fn with_diagnostic(mut self, diagnostic: impl Into<String>) -> Self {
 346:     pub fn safe_message(&self) -> &str {
 351:     pub fn diagnostic(&self) -> Option<&str> {
 358: pub struct WorkerCancellation {
 365:     pub fn new(message: Option<String>) -> Self {
 370:     pub fn empty() -> Self {
 375:     pub fn with_message(message: impl Into<String>) -> Self {
 384: pub enum WorkerPayload {
 406:     AboutAction(AboutActionWorkerPayload),
 421: pub enum ScannerWorkerPayload {
 443:     pub fn scan_completed(scan_id: u64, snapshot: ScannerScanSnapshot) -> Self {
 451:     pub fn action_completed(feedback: ScannerActionFeedback) -> Self {
 456:     pub fn auto_fix_completed(completion: AutoFixCompletion) -> Self {
 463:     pub fn scan_id(&self) -> Option<u64> {
 472:     pub fn snapshot(&self) -> Option<&ScannerScanSnapshot> {
 480:     pub fn auto_fix_completion(&self) -> Option<&AutoFixCompletion> {
 490: pub enum F4seWorkerPayload {
 502:     pub fn scan_completed(scan_id: u64, snapshot: F4seScanSnapshot) -> Self {
 510:     pub const fn scan_id(&self) -> u64 {
 517:     pub fn snapshot(&self) -> &F4seScanSnapshot {
 526: pub enum OverviewWorkerPayload {
 552:     pub fn refresh_completed(refresh_id: u64, snapshot: OverviewSnapshot) -> Self {
 560:     pub fn update_check_completed(refresh_id: u64, update_banner: UpdateBannerState) -> Self {
 568:     pub fn desktop_action_completed(
 578: pub struct ToolsActionWorkerPayload {
 585:     pub fn action_completed(feedback: ToolsActionFeedback) -> Self {
 592: pub struct AboutActionWorkerPayload {
 594:     pub feedback: AboutActionFeedback,
 597: impl AboutActionWorkerPayload {
 599:     pub fn action_completed(feedback: AboutActionFeedback) -> Self {
 606: pub enum DowngraderWorkerStage {
 617:     pub const fn label(self) -> &'static str {
 628: pub enum DowngraderWorkerPayload {
 655:         progress: DowngraderProgress,
 679:     pub fn status_loaded(request_id: u64, snapshot: DowngraderStatusSnapshot) -> Self {
 687:     pub fn plan_ready(request_id: u64, plan: DowngraderPreviewPlan) -> Self {
 695:     pub fn log_row(request_id: u64, row: DowngraderExecutionLogRow) -> Self {
 700:     pub fn progress(request_id: u64, progress: DowngraderProgress) -> Self {
 703:             progress,
 708:     pub fn run_completed(request_id: u64, result: DowngraderExecutionResult) -> Self {
 716:     pub fn safe_failure(
 731:     pub const fn request_id(&self) -> u64 {
 743:     pub const fn stage(&self) -> DowngraderWorkerStage {
 757: pub enum ExternalActionKind {
 770:     pub const fn label(self) -> &'static str {
 782: pub enum ExternalActionOutcome {
 791: pub struct ExternalActionPayload {
 806:     pub fn succeeded(
 822:     pub fn failed(
 839:     pub fn from_platform_error(action_kind: ExternalActionKind, error: PlatformError) -> Self {
 851:     pub const fn is_success(&self) -> bool {
 856:     pub const fn failure_kind(&self) -> Option<PlatformErrorKind> {
 865:     fn from(result: DesktopActionResult) -> Self {
 892: pub struct CancellationToken {
 898:     pub fn new() -> Self {
 903:     pub fn request_cancellation(&self) {
 908:     pub fn is_cancellation_requested(&self) -> bool {
 918:     fn task_kinds_cover_required_background_categories() {
 946:     fn event_envelope_carries_task_status_and_typed_payload() {
 961:     fn overview_payload_carries_owned_snapshot_and_update_state() {
 996:     fn f4se_worker_payload_round_trips_owned_scan_snapshot() {
1014:     fn scanner_worker_payload_round_trips_owned_scan_snapshot_and_action_feedback() {
1057:     fn scanner_worker_payload_autofix_round_trips_owned_completion() {
1095:     fn downgrader_worker_payload_round_trips_owned_status_plan_log_progress_run_and_failure() {
1137:             progress_events: Vec::new(),
1163:                 WorkerPayload::Downgrader(DowngraderWorkerPayload::progress(
1212:             WorkerPayload::Downgrader(DowngraderWorkerPayload::Progress { request_id: 12, progress })
1213:                 if progress.percent == 42.5
1233:     fn progress_supports_optional_text_and_counts_without_percentage_requirements() {
1247:     fn cancellation_request_acknowledgement_and_final_cancelled_are_distinct_events() {
1271:     fn s05_actions_worker_payload_round_trips_tools_and_about_feedback() {
1273:             domain::tools::{AboutActionId, AboutLinkId, ToolActionId},
1275:                 AboutActionFeedback, AboutActionKind, ActionRejectionKind, ToolsActionFeedback,
1286:         let about_feedback = AboutActionFeedback::succeeded(
1287:             AboutActionId::CopyGithub.as_str(),
1288:             AboutActionKind::Copy {
1289:                 link_id: AboutLinkId::Github,
1290:                 action_id: AboutActionId::CopyGithub,
1301:         let about_event = WorkerEvent::completed(
1302:             WorkerTask::new("about-action", WorkerTaskKind::DesktopAction),
1303:             WorkerPayload::AboutAction(AboutActionWorkerPayload::action_completed(
1304:                 about_feedback.clone(),
1314:             about_event.payload,
1315:             WorkerPayload::AboutAction(AboutActionWorkerPayload { ref feedback })
1316:                 if feedback == &about_feedback
1321:     fn desktop_action_results_flow_through_external_action_payloads() {

