## src/app
src/app/f4se_controller.rs
src/app/overview_controller.rs
src/app/settings_controller.rs
src/app/tools_controller.rs
## src/domain
src/domain/discovery.rs
src/domain/f4se.rs
src/domain/mod_manager.rs
src/domain/overview.rs
src/domain/settings.rs
src/domain/tools.rs
## src/services
src/services/discovery.rs
src/services/f4se.rs
src/services/overview.rs
src/services/overview_collector.rs
src/services/tools.rs
## src/platform
src/platform/clipboard.rs
src/platform/desktop.rs
src/platform/filesystem.rs
src/platform/settings_store.rs
## src/workers
src/workers/events.rs
src/workers/handoff.rs
## ui
ui/f4se_tab.slint
ui/overview_tab.slint
ui/scanner_tab.slint
ui/settings_tab.slint
ui/tools_tab.slint
## CMT/src
CMT/src/app_settings.py
CMT/src/mod_manager_info.py
CMT/src/scan_settings.py
CMT/src/tabs/_f4se.py
CMT/src/tabs/_overview.py
CMT/src/tabs/_scanner.py
CMT/src/tabs/_settings.py
CMT/src/tabs/_tools.py
