   Compiling proc-macro2 v1.0.106
    Checking portable-atomic v1.13.1
   Compiling serde_core v1.0.228
    Checking libc v0.2.186
    Checking libm v0.2.16
    Checking crossbeam-utils v0.8.21
    Checking icu_properties_data v2.2.0
   Compiling crc32fast v1.5.0
    Checking icu_normalizer_data v2.2.0
   Compiling quote v1.0.45
   Compiling gl_generator v0.14.0
    Checking concurrent-queue v2.5.0
    Checking once_cell v1.21.4
   Compiling flate2 v1.1.9
   Compiling yeslogic-fontconfig-sys v6.0.1
   Compiling syn v2.0.117
    Checking core_maths v0.1.1
    Checking wayland-sys v0.31.11
    Checking tracing-core v0.1.36
   Compiling num-traits v0.2.19
    Checking event-listener v5.4.1
    Checking memmap2 v0.9.10
    Checking ttf-parser v0.25.1
    Checking wayland-backend v0.3.15
    Checking event-listener-strategy v0.5.4
    Checking errno v0.3.14
    Checking async-io v2.6.0
    Checking slotmap v1.1.1
   Compiling rayon v1.12.0
    Checking async-channel v2.5.0
    Checking signal-hook-registry v1.4.8
   Compiling num-integer v0.1.46
    Checking async-lock v3.4.2
   Compiling anyhow v1.0.102
   Compiling pulldown-cmark v0.13.3
    Checking blocking v1.6.2
    Checking rustix v0.38.44
    Checking euclid v0.22.14
    Checking uuid v1.23.1
    Checking async-signal v0.2.14
   Compiling num-bigint v0.4.6
    Checking wayland-csd-frame v0.3.0
    Checking async-broadcast v0.7.2
    Checking async-executor v1.14.0
    Checking async-process v2.5.0
    Checking x11rb v0.13.2
   Compiling png v0.18.1
    Checking lyon_geom v1.0.19
    Checking memoffset v0.9.1
    Checking icu_locale_data v2.2.0
   Compiling simd_helpers v0.1.0
    Checking field-offset v0.3.6
    Checking fontdb v0.23.0
    Checking owned_ttf_parser v0.25.1
    Checking x11-dl v2.21.0
    Checking lyon_path v1.0.19
    Checking icu_segmenter_data v2.2.0
   Compiling num-rational v0.4.2
   Compiling maybe-rayon v0.1.1
   Compiling zmij v1.0.21
   Compiling synstructure v0.13.2
   Compiling moxcms v0.8.1
   Compiling serde_json v1.0.149
   Compiling derive_utils v0.15.1
    Checking ab_glyph v0.2.32
    Checking getrandom v0.3.4
    Checking zerocopy v0.8.48
   Compiling glutin_egl_sys v0.7.1
   Compiling glutin_glx_sys v0.6.1
    Checking chrono v0.4.44
    Checking lyon_algorithms v1.0.20
    Checking taffy v0.9.2
    Checking xkbcommon-dl v0.4.2
    Checking x11-clipboard v0.9.3
    Checking integer-sqrt v0.1.5
    Checking dirs-sys v0.5.0
    Checking serde_spanned v1.1.1
    Checking toml_datetime v1.1.1+spec-1.1.0
    Checking tracing-log v0.2.0
    Checking directories v6.0.0
    Checking toml v1.1.2+spec-1.1.0
   Compiling bytemuck_derive v1.10.2
   Compiling serde_derive v1.0.228
   Compiling zerofrom-derive v0.1.7
   Compiling yoke-derive v0.8.2
   Compiling zerovec-derive v0.11.3
   Compiling displaydoc v0.2.5
   Compiling thiserror-impl v2.0.18
   Compiling enumflags2_derive v0.7.12
   Compiling tracing-attributes v0.1.31
   Compiling derive_more-impl v2.1.1
   Compiling equator-macro v0.4.2
   Compiling strum_macros v0.28.0
   Compiling thiserror-impl v1.0.69
   Compiling zerocopy-derive v0.8.48
   Compiling arg_enum_proc_macro v0.3.4
   Compiling async-recursion v1.1.1
   Compiling serde_repr v0.1.20
   Compiling equator v0.4.2
    Checking bytemuck v1.25.0
   Compiling async-trait v0.1.89
   Compiling thiserror v2.0.18
    Checking tracing v0.1.44
    Checking zerofrom v0.1.8
    Checking font-types v0.11.3
    Checking yoke v0.8.2
   Compiling aligned-vec v0.6.4
    Checking read-fonts v0.37.0
    Checking zerovec v0.11.6
    Checking zerotrie v0.2.4
   Compiling v_frame v0.3.9
    Checking thiserror v1.0.69
   Compiling profiling-procmacros v1.0.18
   Compiling av-scenechange v0.14.1
   Compiling tinystr v0.8.3
   Compiling potential_utf v0.1.5
   Compiling serde v1.0.228
    Checking calloop v0.13.0
   Compiling av1-grain v0.2.5
    Checking tiny-skia-path v0.12.0
    Checking icu_collections v2.2.0
    Checking icu_locale_core v2.2.0
   Compiling quick-xml v0.39.4
   Compiling zvariant_utils v3.3.1
   Compiling enumflags2 v0.7.12
   Compiling derive_more v2.1.1
   Compiling rgb v0.8.53
   Compiling num-derive v0.4.2
    Checking tiny-skia-path v0.11.4
    Checking icu_provider v2.2.0
    Checking rustybuzz v0.20.1
   Compiling zvariant_derive v5.11.0
   Compiling profiling v1.0.18
   Compiling snafu-derive v0.8.9
   Compiling futures-macro v0.3.32
   Compiling icu_normalizer v2.2.0
   Compiling icu_properties v2.2.0
    Checking icu_locale v2.2.0
   Compiling const-field-offset-macro v0.2.0
   Compiling wayland-scanner v0.31.10
    Checking tiny-skia v0.11.4
    Checking skrifa v0.40.0
    Checking fontique v0.8.0
    Checking icu_segmenter v2.2.0
    Checking usvg v0.47.0
   Compiling idna_adapter v1.2.2
   Compiling half v2.7.1
   Compiling rav1e v0.8.1
   Compiling idna v1.1.0
    Checking futures-util v0.3.32
    Checking const-field-offset v0.2.0
   Compiling tiff v0.11.3
   Compiling exr v1.74.0
    Checking parley_data v0.8.0
   Compiling zvariant v5.11.0
    Checking swash v0.2.7
    Checking harfrust v0.5.2
   Compiling tiny-skia v0.12.0
   Compiling snafu v0.8.9
    Checking calloop v0.14.4
    Checking wayland-client v0.31.14
   Compiling i-slint-common v1.16.1
   Compiling qoi v0.4.1
   Compiling num_enum_derive v0.7.6
   Compiling pin-project-internal v1.1.13
   Compiling vtable-macro v0.4.0
    Checking zbus_names v4.3.2
    Checking resvg v0.47.0
    Checking parley v0.8.0
    Checking wayland-protocols v0.32.12
    Checking wayland-cursor v0.31.14
    Checking calloop-wayland-source v0.3.0
   Compiling zbus_xml v5.1.1
    Checking calloop-wayland-source v0.4.1
   Compiling zbus_macros v5.15.0
   Compiling rspolib v0.1.2
   Compiling url v2.5.8
    Checking strum v0.28.0
   Compiling ravif v0.13.0
    Checking zbus-lockstep v0.5.2
    Checking lyon_extra v1.1.0
    Checking image v0.25.10
    Checking ahash v0.8.12
    Checking vtable v0.4.0
   Compiling auto_enums v0.8.8
    Checking pin-project v1.1.13
   Compiling i-slint-core-macros v1.16.1
    Checking femtovg v0.23.2
    Checking futures-executor v0.3.32
    Checking tiny-xlib v0.2.5
   Compiling zbus-lockstep-macros v0.5.2
   Compiling num_enum v0.7.6
    Checking futures v0.3.32
   Compiling i-slint-backend-selector v1.16.1
    Checking softbuffer v0.4.8
   Compiling tokio-macros v2.7.0
    Checking tracing-subscriber v0.3.23
    Checking wayland-protocols-wlr v0.3.12
    Checking wayland-protocols-experimental v20250721.0.1
    Checking wayland-protocols-plasma v0.3.12
    Checking wayland-protocols-misc v0.3.12
    Checking webbrowser v1.2.1
    Checking glutin v0.32.3
    Checking smithay-client-toolkit v0.19.2
    Checking smithay-client-toolkit v0.20.0
    Checking i-slint-core v1.16.1
    Checking tokio v1.52.3
    Checking zbus v5.15.0
    Checking sctk-adwaita v0.10.1
    Checking smithay-clipboard v0.7.3
    Checking copypasta v0.10.2
    Checking winit v0.30.13
   Compiling i-slint-compiler v1.16.1
    Checking glutin-winit v0.5.0
    Checking i-slint-renderer-femtovg v1.16.1
    Checking i-slint-renderer-software v1.16.1
    Checking atspi-common v0.13.0
    Checking atspi-proxies v0.13.0
    Checking accesskit_atspi_common v0.15.0
    Checking atspi v0.29.0
    Checking accesskit_unix v0.18.0
   Compiling slint-build v1.16.1
    Checking accesskit_winit v0.30.0
   Compiling cmt-rs v0.1.0 (/mnt/j/cmt-rs)
   Compiling slint-macros v1.16.1
    Checking i-slint-backend-winit v1.16.1
    Checking slint v1.16.1
    Finished `dev` profile [unoptimized + debuginfo] target(s) in 51.63s
