Rust modules public/domain/service/controller symbols:

## 

## 

## 

## 

## 

## 

## 

## 

## 

## 

## 

## 

## 

## 

## 

## 

Tests mentioning existing S04-S08 source contracts:
src/services/f4se.rs:6://! fakeable service that callers can run inside a worker. The production
src/services/autofix.rs:14:            AutoFixCompletion, AutoFixConfirmation, AutoFixOperationKey, AutoFixPlanPreview,
src/services/autofix.rs:15:            AutoFixRejection, AutoFixRejectionReason, AutoFixRequest, AutoFixResultDetail,
src/services/autofix.rs:16:            AutoFixRevalidationPlan, AutoFixSelectionIdentity, AutoFixStatus, AutoFixStatusKind,
src/services/autofix.rs:39:pub struct AutoFixPlanRequest {
src/services/autofix.rs:45:    pub selection_identity: AutoFixSelectionIdentity,
src/services/autofix.rs:48:impl AutoFixPlanRequest {
src/services/autofix.rs:53:        selection_identity: AutoFixSelectionIdentity,
src/services/autofix.rs:65:pub enum AutoFixPlanResult {
src/services/autofix.rs:67:    Planned(AutoFixPlanPreview),
src/services/autofix.rs:69:    Rejected(AutoFixRejection),
src/services/autofix.rs:74:pub enum AutoFixServiceResult {
src/services/autofix.rs:76:    Completed(AutoFixCompletion),
src/services/autofix.rs:78:    Rejected(AutoFixRejection),
src/services/autofix.rs:85:/// private to [`AutoFixService`].
src/services/autofix.rs:87:pub struct AutoFixOperationSupport {
src/services/autofix.rs:89:    pub operation_key: AutoFixOperationKey,
src/services/autofix.rs:102:impl AutoFixOperationSupport {
src/services/autofix.rs:105:        operation_key: AutoFixOperationKey,
src/services/autofix.rs:140:pub struct AutoFixSupportCatalog {
src/services/autofix.rs:141:    operations: BTreeMap<AutoFixOperationKey, AutoFixOperationSupport>,
src/services/autofix.rs:144:impl AutoFixSupportCatalog {
src/services/autofix.rs:161:    pub fn entries(&self) -> impl Iterator<Item = &AutoFixOperationSupport> {
src/services/autofix.rs:168:        operation_key: AutoFixOperationKey,
src/services/autofix.rs:169:    ) -> Option<&AutoFixOperationSupport> {
src/services/autofix.rs:177:    ) -> Option<&AutoFixOperationSupport> {
src/services/autofix.rs:184:    pub fn support_for_result(&self, result: &ScannerResult) -> Option<&AutoFixOperationSupport> {
src/services/autofix.rs:190:    fn from_registry(registry: &AutoFixRegistry) -> Self {
src/services/autofix.rs:203:pub struct AutoFixOperationSuccess {
src/services/autofix.rs:212:impl AutoFixOperationSuccess {
src/services/autofix.rs:231:pub struct AutoFixOperationFailure {
src/services/autofix.rs:240:impl AutoFixOperationFailure {
src/services/autofix.rs:261:pub struct AutoFixOperationContext<'a> {
src/services/autofix.rs:267:    pub operation_key: AutoFixOperationKey,
src/services/autofix.rs:269:    pub selection_identity: &'a AutoFixSelectionIdentity,
src/services/autofix.rs:277:    pub confirmation: Option<&'a AutoFixConfirmation>,
src/services/autofix.rs:284:pub trait AutoFixOperationRunner: Send + Sync {
src/services/autofix.rs:288:        _context: &AutoFixOperationContext<'_>,
src/services/autofix.rs:289:    ) -> Result<(), AutoFixOperationFailure> {
src/services/autofix.rs:296:        context: &AutoFixOperationContext<'_>,
src/services/autofix.rs:297:    ) -> Result<AutoFixOperationSuccess, AutoFixOperationFailure>;
src/services/autofix.rs:300:struct AutoFixOperation {
src/services/autofix.rs:301:    support: AutoFixOperationSupport,
src/services/autofix.rs:302:    runner: Box<dyn AutoFixOperationRunner>,
src/services/autofix.rs:309:pub struct AutoFixRegistry {
src/services/autofix.rs:310:    operations: BTreeMap<AutoFixOperationKey, AutoFixOperation>,
src/services/autofix.rs:313:impl AutoFixRegistry {
src/services/autofix.rs:327:        support: AutoFixOperationSupport,
src/services/autofix.rs:329:    ) -> Option<AutoFixOperationSupport>
src/services/autofix.rs:331:        R: AutoFixOperationRunner + 'static,
src/services/autofix.rs:337:                AutoFixOperation {
src/services/autofix.rs:351:    pub fn support_catalog(&self) -> AutoFixSupportCatalog {
src/services/autofix.rs:352:        AutoFixSupportCatalog::from_registry(self)
src/services/autofix.rs:355:    fn operation(&self, operation_key: AutoFixOperationKey) -> Option<&AutoFixOperation> {
src/services/autofix.rs:360:impl fmt::Debug for AutoFixRegistry {
src/services/autofix.rs:363:            .debug_struct("AutoFixRegistry")
src/services/autofix.rs:376:pub struct AutoFixService<'a> {
src/services/autofix.rs:378:    registry: AutoFixRegistry,
src/services/autofix.rs:381:impl<'a> AutoFixService<'a> {
src/services/autofix.rs:386:            registry: AutoFixRegistry::production(),
src/services/autofix.rs:391:    pub fn with_registry(filesystem: &'a dyn Filesystem, registry: AutoFixRegistry) -> Self {
src/services/autofix.rs:399:    pub fn support_catalog(&self) -> AutoFixSupportCatalog {
src/services/autofix.rs:407:        request: AutoFixPlanRequest,
src/services/autofix.rs:408:    ) -> AutoFixPlanResult {
src/services/autofix.rs:435:                AutoFixRejectionReason::UnsupportedSolution,
src/services/autofix.rs:448:                AutoFixRejectionReason::NoRegisteredHandler,
src/services/autofix.rs:464:                AutoFixRejectionReason::MissingTargetPath,
src/services/autofix.rs:475:        let preview = AutoFixPlanPreview {
src/services/autofix.rs:482:            revalidation: AutoFixRevalidationPlan::required(selection.current_identity),
src/services/autofix.rs:492:        AutoFixPlanResult::Planned(preview)
src/services/autofix.rs:500:        request: AutoFixRequest,
src/services/autofix.rs:501:    ) -> AutoFixServiceResult {
src/services/autofix.rs:519:                AutoFixRejectionReason::ScanMismatch,
src/services/autofix.rs:543:                AutoFixRejectionReason::UnsupportedSolution,
src/services/autofix.rs:556:                AutoFixRejectionReason::OperationMismatch,
src/services/autofix.rs:573:                AutoFixRejectionReason::NoRegisteredHandler,
src/services/autofix.rs:612:        let context = AutoFixOperationContext {
src/services/autofix.rs:625:                AutoFixRejectionReason::ValidationFailed,
src/services/autofix.rs:650:                let completion = AutoFixCompletion {
src/services/autofix.rs:657:                        AutoFixStatusKind::Fixed,
src/services/autofix.rs:671:                AutoFixServiceResult::Completed(completion)
src/services/autofix.rs:674:                let completion = AutoFixCompletion {
src/services/autofix.rs:681:                        AutoFixStatusKind::Failed,
src/services/autofix.rs:695:                AutoFixServiceResult::Completed(completion)
src/services/autofix.rs:707:        expected_identity: &AutoFixSelectionIdentity,
src/services/autofix.rs:708:        operation_key: Option<AutoFixOperationKey>,
src/services/autofix.rs:709:    ) -> Result<ResolvedSelection<'snapshot>, AutoFixRejection> {
src/services/autofix.rs:712:                AutoFixRejectionReason::ScanMismatch,
src/services/autofix.rs:727:                AutoFixRejectionReason::ResultNotFound,
src/services/autofix.rs:744:                AutoFixRejectionReason::StaleSelection,
src/services/autofix.rs:764:    current_identity: AutoFixSelectionIdentity,
src/services/autofix.rs:770:    request: &AutoFixRequest,
src/services/autofix.rs:772:    support: &AutoFixOperationSupport,
src/services/autofix.rs:775:    identity: &AutoFixSelectionIdentity,
src/services/autofix.rs:776:) -> Result<(), AutoFixRejection> {
src/services/autofix.rs:780:                AutoFixRejectionReason::MissingTargetPath,
src/services/autofix.rs:792:                AutoFixRejectionReason::MissingTargetPath,
src/services/autofix.rs:804:                AutoFixRejectionReason::TargetMismatch,
src/services/autofix.rs:822:            AutoFixRejectionReason::TargetMismatch,
src/services/autofix.rs:838:    request: &AutoFixRequest,
src/services/autofix.rs:841:    current_identity: &AutoFixSelectionIdentity,
src/services/autofix.rs:842:) -> Result<(), AutoFixRejection> {
src/services/autofix.rs:845:            AutoFixRejectionReason::ValidationFailed,
src/services/autofix.rs:857:            AutoFixRejectionReason::ValidationFailed,
src/services/autofix.rs:871:            AutoFixRejectionReason::StaleSelection,
src/services/autofix.rs:887:    request: &AutoFixRequest,
src/services/autofix.rs:888:    support: &AutoFixOperationSupport,
src/services/autofix.rs:891:    current_identity: &AutoFixSelectionIdentity,
src/services/autofix.rs:892:) -> Result<(), AutoFixRejection> {
src/services/autofix.rs:895:            AutoFixRejectionReason::ConfirmationRequired,
src/services/autofix.rs:910:            AutoFixRejectionReason::OperationMismatch,
src/services/autofix.rs:922:            AutoFixRejectionReason::StaleSelection,
src/services/autofix.rs:934:            AutoFixRejectionReason::ConfirmationDeclined,
src/services/autofix.rs:948:            AutoFixRejectionReason::ValidationFailed,
src/services/autofix.rs:962:    kind: AutoFixStatusKind,
src/services/autofix.rs:965:) -> AutoFixStatus {
src/services/autofix.rs:966:    let status = AutoFixStatus::new(kind, safe_message);
src/services/autofix.rs:977:) -> AutoFixResultDetail {
src/services/autofix.rs:978:    let detail = AutoFixResultDetail::new(safe_summary, details);
src/services/autofix.rs:988:    reason: AutoFixRejectionReason,
src/services/autofix.rs:992:    operation_key: Option<AutoFixOperationKey>,
src/services/autofix.rs:993:    selection_identity: Option<AutoFixSelectionIdentity>,
src/services/autofix.rs:994:    observed_identity: Option<AutoFixSelectionIdentity>,
src/services/autofix.rs:996:) -> AutoFixRejection {
src/services/autofix.rs:997:    let mut rejection = AutoFixRejection::new(reason, safe_message);
src/services/autofix.rs:1007:fn rejected_plan(rejection: AutoFixRejection) -> AutoFixPlanResult {
src/services/autofix.rs:1009:    AutoFixPlanResult::Rejected(rejection)
src/services/autofix.rs:1012:fn rejected_execution(rejection: AutoFixRejection) -> AutoFixServiceResult {
src/services/autofix.rs:1014:    AutoFixServiceResult::Rejected(rejection)
src/services/autofix.rs:1017:fn log_rejection(rejection: &AutoFixRejection) {
src/services/autofix.rs:1020:        .map(AutoFixOperationKey::as_id)
src/services/autofix.rs:1031:    if matches!(rejection.reason, AutoFixRejectionReason::StaleSelection) {
src/services/autofix.rs:1055:            autofix::AutoFixConfirmation,
src/services/autofix.rs:1160:    impl AutoFixOperationRunner for FakeOperation {
src/services/autofix.rs:1163:            context: &AutoFixOperationContext<'_>,
src/services/autofix.rs:1164:        ) -> Result<(), AutoFixOperationFailure> {
src/services/autofix.rs:1170:                        return Err(AutoFixOperationFailure::new(
src/services/autofix.rs:1181:                            AutoFixOperationFailure::new(
src/services/autofix.rs:1197:            context: &AutoFixOperationContext<'_>,
src/services/autofix.rs:1198:        ) -> Result<AutoFixOperationSuccess, AutoFixOperationFailure> {
src/services/autofix.rs:1201:                FakeExecution::Succeed => Ok(AutoFixOperationSuccess::new(
src/services/autofix.rs:1210:                FakeExecution::Fail => Err(AutoFixOperationFailure::new(
src/services/autofix.rs:1219:    fn support(operation_key: AutoFixOperationKey) -> AutoFixOperationSupport {
src/services/autofix.rs:1220:        AutoFixOperationSupport::new(operation_key, "Fake Fix", "Fake preview")
src/services/autofix.rs:1225:        support: AutoFixOperationSupport,
src/services/autofix.rs:1227:    ) -> AutoFixService<'_> {
src/services/autofix.rs:1228:        let mut registry = AutoFixRegistry::empty();
src/services/autofix.rs:1230:        AutoFixService::with_registry(filesystem, registry)
src/services/autofix.rs:1271:    fn plan_request(snapshot: &ScannerScanSnapshot) -> AutoFixPlanRequest {
src/services/autofix.rs:1272:        AutoFixPlanRequest::new(42, 0, snapshot.results[0].selection_identity())
src/services/autofix.rs:1275:    fn request_from_preview(preview: AutoFixPlanPreview) -> AutoFixRequest {
src/services/autofix.rs:1276:        AutoFixRequest {
src/services/autofix.rs:1286:    fn confirmation_for(preview: &AutoFixPlanPreview, accepted: bool) -> AutoFixConfirmation {
src/services/autofix.rs:1287:        AutoFixConfirmation {
src/services/autofix.rs:1300:        let service = AutoFixService::new(&filesystem);
src/services/autofix.rs:1311:        let AutoFixPlanResult::Rejected(rejection) =
src/services/autofix.rs:1318:            AutoFixRejectionReason::NoRegisteredHandler
src/services/autofix.rs:1324:            Some(AutoFixOperationKey::DeleteFile)
src/services/autofix.rs:1336:            support(AutoFixOperationKey::DeleteFile),
src/services/autofix.rs:1352:        let AutoFixPlanResult::Rejected(unsupported) =
src/services/autofix.rs:1359:            AutoFixRejectionReason::UnsupportedSolution
src/services/autofix.rs:1362:        let AutoFixPlanResult::Rejected(scan_mismatch) =
src/services/autofix.rs:1363:            service.plan(&supported, AutoFixPlanRequest::new(99, 0, identity.clone()))
src/services/autofix.rs:1367:        assert_eq!(scan_mismatch.reason, AutoFixRejectionReason::ScanMismatch);
src/services/autofix.rs:1369:        let AutoFixPlanResult::Rejected(missing_index) =
src/services/autofix.rs:1370:            service.plan(&supported, AutoFixPlanRequest::new(42, 2, identity.clone()))
src/services/autofix.rs:1374:        assert_eq!(missing_index.reason, AutoFixRejectionReason::ResultNotFound);
src/services/autofix.rs:1376:        let AutoFixPlanResult::Rejected(stale) = service.plan(
src/services/autofix.rs:1378:            AutoFixPlanRequest::new(
src/services/autofix.rs:1381:                AutoFixSelectionIdentity::from_fingerprint("scanner-result:v1:stale"),
src/services/autofix.rs:1386:        assert_eq!(stale.reason, AutoFixRejectionReason::StaleSelection);
src/services/autofix.rs:1397:            support(AutoFixOperationKey::DeleteFile),
src/services/autofix.rs:1401:        let AutoFixPlanResult::Planned(success_preview) =
src/services/autofix.rs:1407:        let AutoFixServiceResult::Completed(success) =
src/services/autofix.rs:1412:        assert_eq!(success.status.kind, AutoFixStatusKind::Fixed);
src/services/autofix.rs:1423:            support(AutoFixOperationKey::DeleteFile),
src/services/autofix.rs:1427:        let AutoFixPlanResult::Planned(fail_preview) =
src/services/autofix.rs:1433:        let AutoFixServiceResult::Completed(failure) =
src/services/autofix.rs:1438:        assert_eq!(failure.status.kind, AutoFixStatusKind::Failed);
src/services/autofix.rs:1462:            support(AutoFixOperationKey::DeleteFile).with_required_target_path(),
src/services/autofix.rs:1467:        let AutoFixPlanResult::Rejected(missing_target) =
src/services/autofix.rs:1474:            AutoFixRejectionReason::MissingTargetPath
src/services/autofix.rs:1482:            support(AutoFixOperationKey::DeleteFile)
src/services/autofix.rs:1491:        let AutoFixPlanResult::Planned(preview) =
src/services/autofix.rs:1497:        let AutoFixServiceResult::Rejected(required) =
src/services/autofix.rs:1504:            AutoFixRejectionReason::ConfirmationRequired
src/services/autofix.rs:1510:        let AutoFixServiceResult::Rejected(declined) =
src/services/autofix.rs:1517:            AutoFixRejectionReason::ConfirmationDeclined
src/services/autofix.rs:1531:            support(AutoFixOperationKey::DeleteFile).with_required_target_path(),
src/services/autofix.rs:1538:        let AutoFixPlanResult::Planned(preview) = service.plan(&snapshot, plan_request(&snapshot))
src/services/autofix.rs:1543:        let AutoFixServiceResult::Rejected(rejection) =
src/services/autofix.rs:1548:        assert_eq!(rejection.reason, AutoFixRejectionReason::ValidationFailed);
src/services/tools.rs:106:    /// The background worker boundary could not accept or finish the action.
src/services/tools.rs:961:        let feedback = service.execute_tools_action(ToolActionId::DowngradeManager.as_str());
src/services/tools.rs:970:                ToolActionId::DowngradeManager
src/services/tools.rs:975:            "Downgrade Manager is not available in this Rust port yet."
src/services/update.rs:377:    /// Converts the report into the worker state consumed by Overview diagnostics.
src/services/discovery.rs:1158:                "[Settings]" => Some("Settings"),
src/services/discovery.rs:1176:            "Settings" if is_supported_mo2_setting(setting) => {
src/services/discovery.rs:1589:             [Settings]\n\
src/services/discovery.rs:1797:                       [Settings]\n\
src/services/scanner.rs:32:        settings::ScannerSettings,
src/services/scanner.rs:138:/// callers can build it from discovery/overview workers without giving this
src/services/scanner.rs:145:    pub settings: &'a ScannerSettings,
src/services/scanner.rs:162:    pub const fn new(scan_id: u64, settings: &'a ScannerSettings) -> Self {
src/services/scanner.rs:222:/// A scanner progress phase safe to expose in logs or worker events.
src/services/scanner.rs:884:        settings: &ScannerSettings,
src/services/scanner.rs:1019:        settings: &ScannerSettings,
src/services/scanner.rs:1799:fn any_category_enabled(settings: &ScannerSettings) -> bool {
src/services/scanner.rs:1809:fn data_scan_enabled(settings: &ScannerSettings) -> bool {
src/services/scanner.rs:1972:            autofix::AutoFixOperationKey,
src/services/scanner.rs:2164:        _settings: &'a ScannerSettings,
src/services/scanner.rs:2201:    fn settings_with_all_data_rules_off() -> ScannerSettings {
src/services/scanner.rs:2202:        ScannerSettings {
src/services/scanner.rs:2245:        let settings = ScannerSettings {
src/services/scanner.rs:2280:        let settings = ScannerSettings {
src/services/scanner.rs:2317:        let settings = ScannerSettings {
src/services/scanner.rs:2320:            ..ScannerSettings::default()
src/services/scanner.rs:2379:        let settings = ScannerSettings {
src/services/scanner.rs:2403:            Some(AutoFixOperationKey::DeleteOrIgnoreFile)
src/services/scanner.rs:2424:        let settings = ScannerSettings {
src/services/scanner.rs:2427:            ..ScannerSettings::default()
src/services/scanner.rs:2455:        let settings = ScannerSettings::default();
src/services/scanner.rs:2477:        let settings = ScannerSettings {
src/services/scanner.rs:2480:            ..ScannerSettings::default()
src/services/scanner.rs:2537:        let settings = ScannerSettings {
src/services/scanner.rs:2563:        let settings = ScannerSettings {
src/services/scanner.rs:2566:            ..ScannerSettings::default()
src/services/scanner.rs:2608:        let settings = ScannerSettings {
src/services/scanner.rs:2644:        let settings = ScannerSettings {
src/services/scanner.rs:2647:            ..ScannerSettings::default()
src/services/scanner.rs:2689:        let settings = ScannerSettings {
src/services/scanner.rs:2728:        let settings = ScannerSettings {
src/services/scanner.rs:2754:        let settings = ScannerSettings {
src/services/overview.rs:27:        settings::{AppSettings, UpdateSource},
src/services/overview.rs:69:    pub settings: &'a AppSettings,
src/services/overview.rs:78:    /// Update-check state supplied by a worker or test.
src/services/overview.rs:296:    /// A worker is checking the configured source.
src/services/overview.rs:521:            OverviewDeferredActionKind::OpenDowngradeManager,
src/services/overview.rs:1094:    fn settings(update_source: UpdateSource) -> AppSettings {
src/services/overview.rs:1095:        AppSettings {
src/services/overview.rs:1097:            ..AppSettings::default()
src/services/overview.rs:1103:        settings: &'a AppSettings,
src/services/overview.rs:1764:    fn overview_diagnostics_update_banner_states_follow_settings_and_worker_result() {
src/workers/mod.rs:28:/// Result returned by blocking worker closures.
src/workers/mod.rs:31:/// Final result state returned by a blocking worker closure.
src/workers/mod.rs:49:    /// Creates the worker facade without spawning any work.
src/workers/mod.rs:67:                event = "worker-spawn-failed",
src/workers/mod.rs:80:            event = "worker-spawn-scheduled",
src/workers/mod.rs:83:            "Blocking worker task scheduled"
src/workers/mod.rs:87:        let worker_task = task.clone();
src/workers/mod.rs:88:        let worker_sink = sink.clone();
src/workers/mod.rs:89:        let worker_cancellation = cancellation.clone();
src/workers/mod.rs:92:                worker_task.clone(),
src/workers/mod.rs:93:                worker_sink.clone(),
src/workers/mod.rs:94:                worker_cancellation,
src/workers/mod.rs:96:            emit_or_log(&worker_sink, WorkerEvent::running(worker_task.clone()));
src/workers/mod.rs:101:                        event = "worker-completed",
src/workers/mod.rs:102:                        task_id = %worker_task.id,
src/workers/mod.rs:103:                        task_kind = worker_task.kind.label(),
