===== RUN cargo test scanner_domain =====
    Finished `test` profile [unoptimized + debuginfo] target(s) in 0.51s
test result: ok. 7 passed; 0 failed; 0 ignored; 0 measured; 250 filtered out; finished in 0.00s
===== RESULT command='cargo test scanner_domain' exit=0 durationMs=597 =====
===== RUN cargo test scanner_scan_service =====
    Finished `test` profile [unoptimized + debuginfo] target(s) in 0.52s
test result: ok. 15 passed; 0 failed; 0 ignored; 0 measured; 242 filtered out; finished in 0.00s
===== RESULT command='cargo test scanner_scan_service' exit=0 durationMs=600 =====
===== RUN cargo test scanner_controller =====
    Finished `test` profile [unoptimized + debuginfo] target(s) in 0.49s
test result: ok. 12 passed; 0 failed; 0 ignored; 0 measured; 245 filtered out; finished in 0.00s
===== RESULT command='cargo test scanner_controller' exit=0 durationMs=608 =====
===== RUN cargo test scanner_worker_payload =====
    Finished `test` profile [unoptimized + debuginfo] target(s) in 0.51s
test result: ok. 1 passed; 0 failed; 0 ignored; 0 measured; 256 filtered out; finished in 0.00s
===== RESULT command='cargo test scanner_worker_payload' exit=0 durationMs=601 =====
===== RUN cargo test settings_controller_saves_scanner =====
    Finished `test` profile [unoptimized + debuginfo] target(s) in 0.54s
test result: ok. 2 passed; 0 failed; 0 ignored; 0 measured; 255 filtered out; finished in 0.01s
===== RESULT command='cargo test settings_controller_saves_scanner' exit=0 durationMs=629 =====
===== RUN cargo test s07_scanner_slint_contract =====
    Finished `test` profile [unoptimized + debuginfo] target(s) in 0.57s
test result: ok. 3 passed; 0 failed; 0 ignored; 0 measured; 254 filtered out; finished in 0.00s
===== RESULT command='cargo test s07_scanner_slint_contract' exit=0 durationMs=677 =====
===== RUN cargo test s07_scanner_runtime_wiring =====
    Finished `test` profile [unoptimized + debuginfo] target(s) in 0.52s
test result: ok. 6 passed; 0 failed; 0 ignored; 0 measured; 251 filtered out; finished in 0.00s
===== RESULT command='cargo test s07_scanner_runtime_wiring' exit=0 durationMs=641 =====
===== RUN cargo fmt --check =====
===== RESULT command='cargo fmt --check' exit=0 durationMs=367 =====
===== RUN cargo check =====
    Checking hyper v1.9.0
    Checking tower v0.5.3
    Checking tower-http v0.6.10
    Checking hyper-util v0.1.20
   Compiling aws-lc-rs v1.17.0
   Compiling rustls v0.23.40
    Checking rustls-webpki v0.103.13
    Checking tokio-rustls v0.26.4
    Checking rustls-platform-verifier v0.7.0
    Checking hyper-rustls v0.27.9
    Checking reqwest v0.13.3
    Finished `dev` profile [unoptimized + debuginfo] target(s) in 34.07s
===== RESULT command='cargo check' exit=0 durationMs=34138 =====
===== RUN cargo test =====
ll_hedr_and_unreadable ... ok
test services::overview::overview_diagnostics::overview_diagnostics_exceeded_limits_create_reference_problem_feed_entries ... ok
test services::overview_collector::overview_collector_tests::overview_collector_parses_enablement_files_ini_archives_and_plugins_fallback ... ok
test services::scanner::scanner_scan_service::scanner_scan_service_errors_toggle_gates_scanner_generated_error_rows ... ok
test platform::settings_store::tests::file_asset_resolver_reads_valid_download_source_file_values ... ok
test services::scanner::scanner_scan_service::scanner_scan_service_malformed_modlist_surfaces_safe_error_without_panic ... ok
test services::scanner::scanner_scan_service::scanner_scan_service_missing_data_returns_safe_visible_row_and_no_traversal ... ok
test services::scanner::scanner_scan_service::scanner_scan_service_detects_reference_rule_categories_and_stable_group_order ... ok
test services::scanner::scanner_scan_service::scanner_scan_service_missing_mo2_modlist_is_error_row_and_data_scan_continues ... ok
test services::scanner::scanner_scan_service::scanner_scan_service_non_english_ini_suffix_allows_language_voice_archive ... ok
test services::scanner::scanner_scan_service::scanner_scan_service_public_context_accepts_mod_manager_kind_imports ... ok
test services::scanner::scanner_scan_service::scanner_scan_service_mo2_attribution_uses_modlist_order_and_reports_f4se_overrides ... ok
test services::scanner::scanner_scan_service::scanner_scan_service_overview_handoff_can_use_mo2_file_index_for_overview_placeholder_mod ... ok
test services::scanner::scanner_scan_service::scanner_scan_service_race_subgraph_threshold_counts_enabled_readable_modules_only ... ok
test services::scanner::scanner_scan_service::scanner_scan_service_unexpected_format_replacement_absent_and_archive_enabled_cases ... ok
test services::scanner::scanner_scan_service::scanner_scan_service_unreadable_child_directory_reports_error_and_continues_siblings ... ok
test services::scanner::scanner_scan_service::scanner_scan_service_vortex_scans_data_only_without_mod_attribution ... ok
test services::scanner::scanner_scan_service::scanner_scan_service_zero_results_complete_with_empty_groups ... ok
test services::tools::tests::s05_actions_about_clipboard_failure_returns_safe_message_and_diagnostic ... ok
test services::tools::tests::s05_actions_about_clipboard_success_copies_only_reference_url ... ok
test services::tools::tests::s05_actions_disabled_utilities_are_rejected_without_launching ... ok
test services::tools::tests::s05_actions_tools_desktop_open_failure_returns_safe_message_and_diagnostic ... ok
test services::tools::tests::s05_actions_tools_open_success_uses_static_url ... ok
test services::tools::tests::s05_actions_unknown_action_ids_are_rejected_without_adapter_calls ... ok
test services::tools::tests::s05_actions_unsupported_clipboard_adapter_failure_is_safe ... ok
test services::update::overview_update_tests::overview_update_desktop_action_failure_feedback_is_safe_for_links_and_paths ... ok
test services::update::overview_update_tests::overview_update_both_sources_checks_nexus_then_github_without_retries ... ok
test services::update::overview_update_tests::overview_update_malformed_github_json_is_silent_with_diagnostics ... ok
test services::update::overview_update_tests::overview_update_equal_or_older_versions_are_silent_no_update ... ok
test services::update::overview_update_tests::overview_update_invalid_version_string_is_silent_with_diagnostics ... ok
test services::update::overview_update_tests::overview_update_github_only_calls_github_and_reports_newer_version ... ok
test services::update::overview_update_tests::overview_update_newer_version_creates_visible_banner_metadata ... ok
test services::update::overview_update_tests::overview_update_nexus_only_calls_nexus_and_reports_newer_version ... ok
test services::update::overview_update_tests::overview_update_nexus_page_without_version_meta_is_silent_with_diagnostics ... ok
test services::update::overview_update_tests::overview_update_source_none_skips_all_clients ... ok
test services::update::overview_update_tests::overview_update_version_parser_normalizes_and_compares_numeric_parts ... ok
test services::update::overview_update_tests::overview_update_timeout_and_http_failure_are_silent_with_diagnostics ... ok
test tests::main_window_forwards_settings_and_overview_tab_api ... ok
test tests::overview_projection_rows_lock_reference_order_and_deferred_status ... ok
test tests::s05_runtime_wiring_about_projection_tracks_copy_success_and_reset ... ok
test tests::s05_runtime_wiring_callback_id_mapping_fails_closed_before_workers ... ok
test tests::overview_tab_exposes_refresh_action_status_panels_and_safe_error_state ... ok
test tests::s05_runtime_wiring_spawn_failure_feedback_maps_to_safe_errors ... ok
test tests::s05_runtime_wiring_tools_projection_uses_initial_status_and_safe_errors ... ok
test tests::s05_runtime_wiring_worker_failure_payloads_map_by_surface_task_prefix ... ok
test tests::s05_runtime_wiring_worker_payloads_apply_and_unrelated_payloads_are_ignored ... ok
test platform::settings_store::tests::settings_repair_malformed_json_resets_to_defaults ... ok
test tests::s06_f4se_runtime_wiring_error_empty_and_unknown_game_warning_states_are_visible ... ok
test tests::s06_f4se_runtime_wiring_first_activation_schedules_once ... ok
test tests::s06_f4se_runtime_wiring_projects_controller_snapshots_to_slint_rows ... ok
test tests::s06_f4se_runtime_wiring_spawn_failure_maps_to_safe_projection ... ok
test tests::s06_f4se_runtime_wiring_worker_completion_application_and_unrelated_ignore ... ok
test tests::s05_slint_contract_tools_tab_replaces_placeholder_with_reference_groups ... ok
test tests::s07_scanner_runtime_wiring_action_worker_failure_event_maps_to_safe_feedback ... ok
test tests::s05_slint_contract_about_tab_replaces_placeholder_with_reference_assets_and_copy_state ... ok
test tests::s05_slint_contract_main_window_forwards_tools_and_about_properties_and_callbacks ... ok
test tests::s06_f4se_slint_contract_main_window_forwards_properties_and_lazy_activation ... ok
test tests::s07_scanner_runtime_wiring_applies_progress_completion_stale_and_zero_results ... ok
test tests::s06_f4se_slint_contract_replaces_placeholder_with_reference_table_and_legend ... ok
test platform::settings_store::tests::settings_repair_partial_json_preserves_valid_fields_and_removes_unknown_keys ... ok
test tests::s07_scanner_runtime_wiring_selected_detail_actions_and_failure_feedback_are_safe ... ok
test tests::s07_scanner_runtime_wiring_startup_projection_uses_persisted_settings ... ok
test tests::s07_scanner_slint_contract_main_window_forwards_properties_models_and_callbacks ... ok
test tests::settings_tab_log_level_labels ... ok
test tests::s07_scanner_slint_contract_runtime_projection_uses_controller_snapshot ... ok
test tests::settings_tab_update_channel_labels ... ok
test tests::settings_tab_uses_dark_mode_palette ... ok
test tests::settings_tab_labels_are_exact_and_in_display_order ... ok
test tests::shell_contract_boundary_markers_construct_as_no_ops ... ok
test tests::shell_contract_inert_tab_components_are_static_placeholders ... ok
test tests::shell_tab_labels_count_is_reference_count ... ok
test tests::shell_tab_labels_match_reference_order ... ok
test tests::shell_contract_tab_component_files_export_expected_components ... ok
test tests::shell_contract_main_slint_title_and_tabs_match_rust_contract ... ok
test workers::events::tests::cancellation_request_acknowledgement_and_final_cancelled_are_distinct_events ... ok
test workers::events::tests::desktop_action_results_flow_through_external_action_payloads ... ok
test workers::events::tests::event_envelope_carries_task_status_and_typed_payload ... ok
test workers::events::tests::f4se_worker_payload_round_trips_owned_scan_snapshot ... ok
test workers::events::tests::overview_payload_carries_owned_snapshot_and_update_state ... ok
test workers::events::tests::progress_supports_optional_text_and_counts_without_percentage_requirements ... ok
test workers::events::tests::s05_actions_worker_payload_round_trips_tools_and_about_feedback ... ok
test workers::events::tests::scanner_worker_payload_round_trips_owned_scan_snapshot_and_action_feedback ... ok
test tests::s07_scanner_runtime_wiring_does_not_schedule_when_save_reverts_or_toggles_off ... ok
test workers::events::tests::task_kinds_cover_required_background_categories ... ok
test workers::handoff::tests::recording_sink_stores_owned_events ... ok
test workers::handoff::tests::slint_event_loop_sink_is_constructible_without_a_window ... ok
test tests::s07_scanner_runtime_wiring_scan_scheduling_persists_and_clears_old_state ... ok
test workers::tests::spawning_without_tokio_runtime_returns_typed_error ... ok
test workers::tests::blocking_facade_runs_work_off_calling_thread_and_records_events ... ok
test workers::tests::cancellation_request_acknowledgement_and_final_cancelled_flow_through_facade ... ok
test workers::tests::worker_failures_emit_safe_failure_events ... ok
test tests::s07_scanner_slint_contract_replaces_placeholder_with_read_only_surface ... ok

failures:

---- services::discovery::tests::mo2_non_fallout_game_name_returns_typed_manager_error stdout ----

thread 'services::discovery::tests::mo2_non_fallout_game_name_returns_typed_manager_error' (36208) panicked at src\services\discovery.rs:1961:9:
assertion `left == right` failed
  left: "Only Fallout 4 is supported.\ngameName is 'Skyrim Special Edition' in INI: \nC:/MO2\\ModOrganizer.ini"
 right: "Only Fallout 4 is supported.\ngameName is 'Skyrim Special Edition' in INI: \nC:/MO2/ModOrganizer.ini"
note: run with `RUST_BACKTRACE=1` environment variable to display a backtrace


failures:
    services::discovery::tests::mo2_non_fallout_game_name_returns_typed_manager_error

test result: FAILED. 256 passed; 1 failed; 0 ignored; 0 measured; 0 filtered out; finished in 0.03s

error: test failed, to rerun pass `--bin cmt-rs`

===== RESULT command='cargo test' exit=101 durationMs=605 =====
===== SUMMARY =====
1|cargo test scanner_domain|0|597
2|cargo test scanner_scan_service|0|600
3|cargo test scanner_controller|0|608
4|cargo test scanner_worker_payload|0|601
5|cargo test settings_controller_saves_scanner|0|629
6|cargo test s07_scanner_slint_contract|0|677
7|cargo test s07_scanner_runtime_wiring|0|641
8|cargo fmt --check|0|367
9|cargo check|0|34138
10|cargo test|101|605
