src/domain/discovery.rs:135:    pub fn new(game_path: impl Into<PathBuf>) -> Self {
src/domain/discovery.rs:224:pub struct ArchiveRecord {
src/domain/discovery.rs:237:impl ArchiveRecord {
src/domain/discovery.rs:239:    pub fn new(
src/domain/discovery.rs:314:    pub fn new(
src/domain/discovery.rs:352:    pub fn new(source_path: Option<impl Into<PathBuf>>) -> Self {
src/domain/discovery.rs:135:    pub fn new(game_path: impl Into<PathBuf>) -> Self {
src/domain/discovery.rs:224:pub struct ArchiveRecord {
src/domain/discovery.rs:237:impl ArchiveRecord {
src/domain/discovery.rs:239:    pub fn new(
src/domain/discovery.rs:314:    pub fn new(
src/domain/discovery.rs:352:    pub fn new(source_path: Option<impl Into<PathBuf>>) -> Self {
src/domain/archive_patcher.rs:243:    pub fn new(level: ArchivePatcherLogLevel, message: impl Into<String>) -> Self {
src/domain/archive_patcher.rs:278:    pub fn new(
src/domain/archive_patcher.rs:312:    pub fn new(
src/domain/archive_patcher.rs:374:    pub fn new(
src/domain/archive_patcher.rs:639:    pub fn new(
src/domain/archive_patcher.rs:664:    pub fn new(text: impl Into<String>, percent: f32) -> Self {
src/domain/scanner.rs:498:    pub fn new(name: impl Into<String>) -> Option<Self> {
src/domain/scanner.rs:598:    pub fn new(value: impl ToString, path: impl Into<PathBuf>) -> Self {
src/domain/downgrader.rs:447:    pub fn new(kind: DowngraderPlanStepKind, message: impl Into<String>) -> Self {
src/domain/downgrader.rs:531:    pub fn new(level: DowngraderLogLevel, message: impl Into<String>) -> Self {
src/domain/downgrader.rs:553:    pub fn new(percent: f32) -> Self {
src/domain/mod_manager.rs:61:    pub fn new(
src/domain/mod_manager.rs:111:    pub fn new(executable_path: impl Into<PathBuf>, version: Option<SemanticVersion>) -> Self {
src/domain/mod_manager.rs:161:    pub fn new(
src/domain/mod_manager.rs:213:    pub fn new(
src/domain/mod_manager.rs:257:    pub fn new(
src/domain/mod_manager.rs:335:    pub fn new(context: ModOrganizerContext) -> Self {
src/domain/overview.rs:369:    pub fn new(
src/domain/overview.rs:517:    pub fn new(label: impl Into<String>, install_type: Fallout4InstallType) -> Self {
src/domain/overview.rs:875:    pub fn new(provider: UpdateProvider, version: impl Into<String>) -> Self {
src/domain/overview.rs:905:    pub fn new(provider: UpdateProvider, summary: impl Into<String>) -> Self {
src/domain/overview.rs:1147:    pub fn new(label: impl Into<Option<String>>, url: impl Into<String>) -> Self {
src/domain/overview.rs:1166:    pub fn new(name: impl Into<String>, value: impl Into<String>) -> Self {
src/domain/overview.rs:1286:    pub fn new(action: OverviewDeferredActionKind, summary: impl Into<String>) -> Self {
src/domain/autofix.rs:183:    pub fn new(kind: AutoFixStatusKind, safe_message: impl Into<String>) -> Self {
src/domain/autofix.rs:238:    pub fn new(safe_summary: impl Into<String>, details: impl Into<String>) -> Self {
src/domain/autofix.rs:408:    pub fn new(reason: AutoFixRejectionReason, safe_message: impl Into<String>) -> Self {
