--- .gsd/milestones/M001/slices/S02/S02-ASSESSMENT.md exists=True size=2256
# S02 Assessment
**Milestone:** M001
## Assessment
first lines: # S02 Assessment /  / **Milestone:** M001 / **Slice:** S02 / **Completed Slice:** S02
--- .gsd/milestones/M001/slices/S02/S02-UAT.md exists=True size=2816
# S02: Settings Defaults Parity — UAT
**Milestone:** M001
**Written:** 2026-05-17T08:48:30.938Z
# UAT: S02 Settings Defaults Parity
## UAT Type
## Preconditions
## Steps and Expected Outcomes
## Edge Cases
## Not Proven By This UAT
first lines: # S02: Settings Defaults Parity — UAT /  / **Milestone:** M001 / **Written:** 2026-05-17T08:48:30.938Z / 
--- .gsd/milestones/M001/slices/S04/S04-ASSESSMENT.md exists=True size=2483
# S04 Assessment
**Milestone:** M001
## Assessment
first lines: # S04 Assessment /  / **Milestone:** M001 / **Slice:** S04 / **Completed Slice:** S04
--- .gsd/milestones/M001/slices/S04/S04-UAT.md exists=True size=4981
# S04: Overview Diagnostics & Updates — UAT
**Milestone:** M001
**Written:** 2026-05-18T00:23:25.036Z
## UAT Type
## Preconditions
## Steps and Expected Outcomes
## Edge Cases to Try
## Expected Operational Signals
## Not Proven By This UAT
first lines: # S04: Overview Diagnostics & Updates — UAT /  / **Milestone:** M001 / **Written:** 2026-05-18T00:23:25.036Z / 
--- .gsd/milestones/M001/slices/S07/S07-ASSESSMENT.md exists=True size=3196
# S07 Assessment
**Milestone:** M001
## Assessment
# Roadmap Reassessment after S07
## Success-Criterion Coverage Check
## Assessment
first lines: # S07 Assessment /  / **Milestone:** M001 / **Slice:** S07 / **Completed Slice:** S07
--- .gsd/milestones/M001/slices/S07/S07-UAT.md exists=True size=3145
# S07: Scanner Read Only Results — UAT
**Milestone:** M001
**Written:** 2026-05-18T07:33:53.636Z
## UAT Type
## Preconditions
## Steps and Expected Outcomes
## Edge Cases Covered
## Not Proven By This UAT
first lines: # S07: Scanner Read Only Results — UAT /  / **Milestone:** M001 / **Written:** 2026-05-18T07:33:53.636Z / 
--- .gsd/milestones/M001/slices/S10/S10-ASSESSMENT.md exists=True size=610
# S10 Assessment
**Milestone:** M001
## Assessment
first lines: # S10 Assessment /  / **Milestone:** M001 / **Slice:** S10 / **Completed Slice:** S10
--- .gsd/milestones/M001/slices/S10/S10-UAT.md exists=True size=4037
# S10: Archive Patcher Workflow — UAT
**Milestone:** M001
**Written:** 2026-05-19T04:10:12.536Z
## UAT: S10 Archive Patcher Workflow
### Preconditions
### Steps and Expected Outcomes
### Edge Cases to Exercise
### Not Proven By This UAT
first lines: # S10: Archive Patcher Workflow — UAT /  / **Milestone:** M001 / **Written:** 2026-05-19T04:10:12.536Z / 
