   Compiling cmt-rs v0.1.0 (/mnt/j/cmt-rs)
error[E0425]: cannot find value `F4SE_TAB_TITLE` in this scope
  --> src/domain/f4se.rs:14:20
   |
14 | ...q!(F4SE_TAB_TITL......
   |       ^^^^^^^^^^^^^...t found in this scope

error[E0425]: cannot find value `F4SE_LOADING_TEXT` in this scope
  --> src/domain/f4se.rs:15:20
   |
15 | ...q!(F4SE_LOADING_......
   |       ^^^^^^^^^^^^^...t found in this scope

error[E0425]: cannot find value `F4SE_TABLE_COLUMNS` in this scope
  --> src/domain/f4se.rs:16:20
   |
16 | ...q!(F4SE_TABLE_CO......
   |       ^^^^^^^^^^^^^...t found in this scope


thread 'rustc' (117494) panicked at /rustc-dev/59807616e1fa2540724bfbac14d7976d7e4a3860/library/core/src/slice/index.rs:1031:55:
slice index starts at 24 but ends at 23
stack backtrace:
   0:     0x79765479314b - <<std[e28293b1aa0f68bd]::sys::backtrace::BacktraceLock>::print::DisplayBacktrace as core[c1f1a4ba060b9bfa]::fmt::Display>::fmt
   1:     0x797654e1f408 - core[c1f1a4ba060b9bfa]::fmt::write
   2:     0x7976563683b6 - <std[e28293b1aa0f68bd]::sys::stdio::unix::Stderr as std[e28293b1aa0f68bd]::io::Write>::write_fmt
   3:     0x797654769238 - std[e28293b1aa0f68bd]::panicking::default_hook::{closure#0}
   4:     0x7976547865b3 - std[e28293b1aa0f68bd]::panicking::default_hook
   5:     0x79765375cc30 - std[e28293b1aa0f68bd]::panicking::update_hook::<alloc[fdfd2bd8633a6659]::boxed::Box<rustc_driver_impl[e4ca9dd5dd6cf2a8]::install_ice_hook::{closure#1}>>::{closure#0}
   6:     0x797654786892 - std[e28293b1aa0f68bd]::panicking::panic_with_hook
   7:     0x7976547692f8 - std[e28293b1aa0f68bd]::panicking::panic_handler::{closure#0}
   8:     0x797654760029 - std[e28293b1aa0f68bd]::sys::backtrace::__rust_end_short_backtrace::<std[e28293b1aa0f68bd]::panicking::panic_handler::{closure#0}, !>
   9:     0x79765476ad5d - __rustc[b7974e8690430dd9]::rust_begin_unwind
  10:     0x7976514de82c - core[c1f1a4ba060b9bfa]::panicking::panic_fmt
  11:     0x79765250875d - core[c1f1a4ba060b9bfa]::slice::index::slice_index_fail
  12:     0x79765307fae5 - <annotate_snippets[7d52211d2f32161f]::renderer::styled_buffer::StyledBuffer>::replace
  13:     0x7976561337b7 - annotate_snippets[7d52211d2f32161f]::renderer::render::render
  14:     0x797656381e06 - <rustc_errors[795cd5cf46ddce51]::annotate_snippet_emitter_writer::AnnotateSnippetEmitter>::emit_messages_default
  15:     0x797656379420 - <rustc_errors[795cd5cf46ddce51]::annotate_snippet_emitter_writer::AnnotateSnippetEmitter as rustc_errors[795cd5cf46ddce51]::emitter::Emitter>::emit_diagnostic
  16:     0x79765637c976 - <rustc_errors[795cd5cf46ddce51]::json::Diagnostic>::from_errors_diagnostic
  17:     0x79765637c0ef - <rustc_errors[795cd5cf46ddce51]::json::JsonEmitter as rustc_errors[795cd5cf46ddce51]::emitter::Emitter>::emit_diagnostic
  18:     0x797656371661 - <rustc_errors[795cd5cf46ddce51]::DiagCtxtInner>::emit_diagnostic::{closure#3}
  19:     0x79765636f440 - rustc_interface[c8170c4b7b680ee8]::callbacks::track_diagnostic::<core[c1f1a4ba060b9bfa]::option::Option<rustc_span[e3c9a1967c4921fd]::ErrorGuaranteed>>
  20:     0x79765636e4ee - <rustc_errors[795cd5cf46ddce51]::DiagCtxtInner>::emit_diagnostic
  21:     0x79765636e39d - <rustc_errors[795cd5cf46ddce51]::DiagCtxtHandle>::emit_diagnostic
  22:     0x79765636b168 - <rustc_span[e3c9a1967c4921fd]::ErrorGuaranteed as rustc_errors[795cd5cf46ddce51]::diagnostic::EmissionGuarantee>::emit_producing_guarantee
  23:     0x797655677b0a - <rustc_resolve[c606e9479b95042d]::Resolver>::resolve_crate::{closure#0}
  24:     0x79765566cb17 - <rustc_resolve[c606e9479b95042d]::Resolver>::resolve_crate
  25:     0x7976556c945c - rustc_interface[c8170c4b7b680ee8]::passes::resolver_for_lowering_raw
  26:     0x7976556c8463 - rustc_query_impl[b21371cac9e22a84]::query_impl::resolver_for_lowering_raw::invoke_provider_fn::__rust_begin_short_backtrace
  27:     0x797656236e11 - rustc_query_impl[b21371cac9e22a84]::execution::try_execute_query::<rustc_middle[9956b31dc9b62104]::query::caches::SingleCache<rustc_middle[9956b31dc9b62104]::query::erase::ErasedData<[u8; 16usize]>>, true>
  28:     0x7976562367bb - rustc_query_impl[b21371cac9e22a84]::query_impl::resolver_for_lowering_raw::execute_query_incr::__rust_end_short_backtrace
  29:     0x797656056257 - rustc_interface[c8170c4b7b680ee8]::interface::run_compiler::<(), rustc_driver_impl[e4ca9dd5dd6cf2a8]::run_compiler::{closure#0}>::{closure#1}
  30:     0x79765602663e - std[e28293b1aa0f68bd]::sys::backtrace::__rust_begin_short_backtrace::<rustc_interface[c8170c4b7b680ee8]::util::run_in_thread_with_globals<rustc_interface[c8170c4b7b680ee8]::util::run_in_thread_pool_with_globals<rustc_interface[c8170c4b7b680ee8]::interface::run_compiler<(), rustc_driver_impl[e4ca9dd5dd6cf2a8]::run_compiler::{closure#0}>::{closure#1}, ()>::{closure#0}, ()>::{closure#0}::{closure#0}, ()>
  31:     0x797656026ca0 - <std[e28293b1aa0f68bd]::thread::lifecycle::spawn_unchecked<rustc_interface[c8170c4b7b680ee8]::util::run_in_thread_with_globals<rustc_interface[c8170c4b7b680ee8]::util::run_in_thread_pool_with_globals<rustc_interface[c8170c4b7b680ee8]::interface::run_compiler<(), rustc_driver_impl[e4ca9dd5dd6cf2a8]::run_compiler::{closure#0}>::{closure#1}, ()>::{closure#0}, ()>::{closure#0}::{closure#0}, ()>::{closure#1} as core[c1f1a4ba060b9bfa]::ops::function::FnOnce<()>>::call_once::{shim:vtable#0}
  32:     0x797656027b2c - <std[e28293b1aa0f68bd]::sys::thread::unix::Thread>::new::thread_start
  33:     0x79764f89caa4 - <unknown>
  34:     0x79764f929c6c - <unknown>
  35:                0x0 - <unknown>

error: the compiler unexpectedly panicked. This is a bug

note: we would appreciate a bug report: https://github.com/rust-lang/rust/issues/new?labels=C-bug%2C+I-ICE%2C+T-compiler&template=ice.md

note: rustc 1.95.0 (59807616e 2026-04-14) running on x86_64-unknown-linux-gnu

note: compiler flags: -C embed-bitcode=no -C debuginfo=2 -C incremental=[REDACTED]

note: some of the compiler flags provided by cargo are hidden

query stack during panic:
#0 [resolver_for_lowering_raw] getting the resolver for lowering
end of query stack
error[E0433]: cannot find type `F4seCompatibilityIcon` in this scope
  --> src/domain/f4se.rs:34:20
   |
34 | ...q!(F4seCompatibi......
   |       ^^^^^^^^^^^^^...e of undeclared type `F4seCompatibilityIcon`

error[E0433]: cannot find type `F4seCompatibilityIcon` in this scope
  --> src/domain/f4se.rs:35:20
   |
35 | ...q!(F4seCompatibi......
   |       ^^^^^^^^^^^^^...e of undeclared type `F4seCompatibilityIcon`

error[E0433]: cannot find type `F4seCompatibilityIcon` in this scope
  --> src/domain/f4se.rs:36:20
   |
36 | ...q!(F4seCompatibi......
   |       ^^^^^^^^^^^^^...e of undeclared type `F4seCompatibilityIcon`

error[E0433]: cannot find type `F4seCompatibilityIcon` in this scope
  --> src/domain/f4se.rs:37:20
   |
37 | ...q!(F4seCompatibi......
   |       ^^^^^^^^^^^^^...e of undeclared type `F4seCompatibilityIcon`

error[E0433]: cannot find type `F4seCompatibilityIcon` in this scope
  --> src/domain/f4se.rs:38:20
   |
38 | ...q!(F4seCompatibi......
   |       ^^^^^^^^^^^^^...e of undeclared type `F4seCompatibilityIcon`

error[E0433]: cannot find type `F4seRowTag` in this scope
  --> src/domain/f4se.rs:39:20
   |
39 | ...q!(F4seRowTag::N...
   |       ^^^^^^^^^^ use of undeclared type `F4seRowTag`

error[E0433]: cannot find type `F4seRowTag` in this scope
  --> src/domain/f4se.rs:40:20
   |
40 | ...q!(F4seRowTag::G...
   |       ^^^^^^^^^^ use of undeclared type `F4seRowTag`

error[E0433]: cannot find type `F4seRowTag` in this scope
  --> src/domain/f4se.rs:41:20
   |
41 | ...q!(F4seRowTag::B...
   |       ^^^^^^^^^^ use of undeclared type `F4seRowTag`

error[E0433]: cannot find type `F4seRowTag` in this scope
  --> src/domain/f4se.rs:42:20
   |
42 | ...q!(F4seRowTag::N...
   |       ^^^^^^^^^^ use of undeclared type `F4seRowTag`


thread 'rustc' (117494) panicked at /rustc-dev/59807616e1fa2540724bfbac14d7976d7e4a3860/library/core/src/slice/index.rs:1031:55:
slice index starts at 25 but ends at 24
stack backtrace:
   0:     0x79765479314b - <<std[e28293b1aa0f68bd]::sys::backtrace::BacktraceLock>::print::DisplayBacktrace as core[c1f1a4ba060b9bfa]::fmt::Display>::fmt
   1:     0x797654e1f408 - core[c1f1a4ba060b9bfa]::fmt::write
   2:     0x7976563683b6 - <std[e28293b1aa0f68bd]::sys::stdio::unix::Stderr as std[e28293b1aa0f68bd]::io::Write>::write_fmt
   3:     0x797654769238 - std[e28293b1aa0f68bd]::panicking::default_hook::{closure#0}
   4:     0x7976547865b3 - std[e28293b1aa0f68bd]::panicking::default_hook
   5:     0x79765375cc30 - std[e28293b1aa0f68bd]::panicking::update_hook::<alloc[fdfd2bd8633a6659]::boxed::Box<rustc_driver_impl[e4ca9dd5dd6cf2a8]::install_ice_hook::{closure#1}>>::{closure#0}
   6:     0x797654786892 - std[e28293b1aa0f68bd]::panicking::panic_with_hook
   7:     0x7976547692f8 - std[e28293b1aa0f68bd]::panicking::panic_handler::{closure#0}
   8:     0x797654760029 - std[e28293b1aa0f68bd]::sys::backtrace::__rust_end_short_backtrace::<std[e28293b1aa0f68bd]::panicking::panic_handler::{closure#0}, !>
   9:     0x79765476ad5d - __rustc[b7974e8690430dd9]::rust_begin_unwind
  10:     0x7976514de82c - core[c1f1a4ba060b9bfa]::panicking::panic_fmt
  11:     0x79765250875d - core[c1f1a4ba060b9bfa]::slice::index::slice_index_fail
  12:     0x79765307fae5 - <annotate_snippets[7d52211d2f32161f]::renderer::styled_buffer::StyledBuffer>::replace
  13:     0x7976561337b7 - annotate_snippets[7d52211d2f32161f]::renderer::render::render
  14:     0x797656381e06 - <rustc_errors[795cd5cf46ddce51]::annotate_snippet_emitter_writer::AnnotateSnippetEmitter>::emit_messages_default
  15:     0x797656379420 - <rustc_errors[795cd5cf46ddce51]::annotate_snippet_emitter_writer::AnnotateSnippetEmitter as rustc_errors[795cd5cf46ddce51]::emitter::Emitter>::emit_diagnostic
  16:     0x79765637c976 - <rustc_errors[795cd5cf46ddce51]::json::Diagnostic>::from_errors_diagnostic
  17:     0x79765637c0ef - <rustc_errors[795cd5cf46ddce51]::json::JsonEmitter as rustc_errors[795cd5cf46ddce51]::emitter::Emitter>::emit_diagnostic
  18:     0x797656371661 - <rustc_errors[795cd5cf46ddce51]::DiagCtxtInner>::emit_diagnostic::{closure#3}
  19:     0x79765636f46b - rustc_interface[c8170c4b7b680ee8]::callbacks::track_diagnostic::<core[c1f1a4ba060b9bfa]::option::Option<rustc_span[e3c9a1967c4921fd]::ErrorGuaranteed>>
  20:     0x79765636e4ee - <rustc_errors[795cd5cf46ddce51]::DiagCtxtInner>::emit_diagnostic
  21:     0x797655e98e1e - <rustc_errors[795cd5cf46ddce51]::DiagCtxtInner>::emit_stashed_diagnostics
  22:     0x797656059ff5 - <rustc_errors[795cd5cf46ddce51]::DiagCtxtHandle>::emit_stashed_diagnostics
  23:     0x797656059c75 - <rustc_session[2d52553df4796ba3]::session::Session>::finish_diagnostics
  24:     0x79765605652a - rustc_interface[c8170c4b7b680ee8]::interface::run_compiler::<(), rustc_driver_impl[e4ca9dd5dd6cf2a8]::run_compiler::{closure#0}>::{closure#1}
  25:     0x79765602663e - std[e28293b1aa0f68bd]::sys::backtrace::__rust_begin_short_backtrace::<rustc_interface[c8170c4b7b680ee8]::util::run_in_thread_with_globals<rustc_interface[c8170c4b7b680ee8]::util::run_in_thread_pool_with_globals<rustc_interface[c8170c4b7b680ee8]::interface::run_compiler<(), rustc_driver_impl[e4ca9dd5dd6cf2a8]::run_compiler::{closure#0}>::{closure#1}, ()>::{closure#0}, ()>::{closure#0}::{closure#0}, ()>
  26:     0x797656026ca0 - <std[e28293b1aa0f68bd]::thread::lifecycle::spawn_unchecked<rustc_interface[c8170c4b7b680ee8]::util::run_in_thread_with_globals<rustc_interface[c8170c4b7b680ee8]::util::run_in_thread_pool_with_globals<rustc_interface[c8170c4b7b680ee8]::interface::run_compiler<(), rustc_driver_impl[e4ca9dd5dd6cf2a8]::run_compiler::{closure#0}>::{closure#1}, ()>::{closure#0}, ()>::{closure#0}::{closure#0}, ()>::{closure#1} as core[c1f1a4ba060b9bfa]::ops::function::FnOnce<()>>::call_once::{shim:vtable#0}
  27:     0x797656027b2c - <std[e28293b1aa0f68bd]::sys::thread::unix::Thread>::new::thread_start
  28:     0x79764f89caa4 - <unknown>
  29:     0x79764f929c6c - <unknown>
  30:                0x0 - <unknown>

error: the compiler unexpectedly panicked. This is a bug

note: we would appreciate a bug report: https://github.com/rust-lang/rust/issues/new?labels=C-bug%2C+I-ICE%2C+T-compiler&template=ice.md

note: rustc 1.95.0 (59807616e 2026-04-14) running on x86_64-unknown-linux-gnu

note: compiler flags: -C embed-bitcode=no -C debuginfo=2 -C incremental=[REDACTED]

note: some of the compiler flags provided by cargo are hidden

query stack during panic:
end of query stack
error: could not compile `cmt-rs` (bin "cmt-rs" test) due to 12 previous errors
