src/main.rs:163:struct ScannerUiProjection {
src/main.rs:180:    open_path_enabled: bool,
src/main.rs:183:    file_list_enabled: bool,
src/main.rs:218:    apply_current_scanner_state(&app, &scanner_controller);
src/main.rs:543:                apply_current_scanner_state(&app, &controller);
src/main.rs:602:                apply_current_scanner_state(&app, &controller);
src/main.rs:647:                apply_current_scanner_state(&app, &controller);
src/main.rs:1400:        apply_current_scanner_state(app, controller);
src/main.rs:1404:    apply_current_scanner_state(app, controller);
src/main.rs:1430:        apply_current_scanner_state(app, controller);
src/main.rs:1437:    apply_current_scanner_state(app, controller);
src/main.rs:1744:        apply_current_scanner_state(app, controller);
src/main.rs:1756:        apply_current_scanner_state(app, controller);
src/main.rs:1787:        apply_current_scanner_state(app, controller);
src/main.rs:2501:fn apply_current_scanner_state(app: &MainWindow, controller: &Arc<Mutex<ScannerController>>) {
src/main.rs:2503:        with_scanner_controller_mut(controller, |controller| project_scanner_state(controller))
src/main.rs:2577:fn project_scanner_state(controller: &ScannerController) -> ScannerUiProjection {
src/main.rs:2579:    let detail = project_scanner_detail(controller.selected_detail());
src/main.rs:2582:    ScannerUiProjection {
src/main.rs:2605:        open_path_enabled: detail.open_path_enabled,
src/main.rs:2608:        file_list_enabled: detail.file_list_enabled,
src/main.rs:2667:    open_path_enabled: bool,
src/main.rs:2670:    file_list_enabled: bool,
src/main.rs:2673:fn project_scanner_detail(
src/main.rs:2683:            open_path_enabled: false,
src/main.rs:2686:            file_list_enabled: false,
src/main.rs:2696:        open_path_enabled: scanner_detail_has_enabled_action(
src/main.rs:2708:        file_list_enabled: scanner_detail_has_enabled_action(
src/main.rs:2803:fn apply_scanner_projection(app: &MainWindow, projection: ScannerUiProjection) {
src/main.rs:2827:    app.set_scanner_open_path_enabled(projection.open_path_enabled);
src/main.rs:2830:    app.set_scanner_file_list_enabled(projection.file_list_enabled);
src/main.rs:3386:        let prohibited_markers = [
src/main.rs:3425:            for marker in prohibited_markers {
src/main.rs:3672:    fn s07_scanner_slint_contract_replaces_placeholder_with_read_only_surface() {
src/main.rs:3755:        for prohibited in ["Auto-Fix", "Fixed!", "Fix Failed", "auto-fix"] {
src/main.rs:3757:                !SCANNER_SLINT.contains(prohibited),
src/main.rs:3758:                "Scanner UI must not expose deferred write action marker {prohibited:?}"
src/main.rs:3761:                !MAIN_SLINT.contains(prohibited),
src/main.rs:3762:                "MainWindow must not forward deferred write action marker {prohibited:?}"
src/main.rs:3779:    fn s07_scanner_slint_contract_main_window_forwards_properties_models_and_callbacks() {
src/main.rs:3841:    fn s07_scanner_slint_contract_runtime_projection_uses_controller_snapshot() {
src/main.rs:3843:        let idle = project_scanner_state(&controller);
src/main.rs:3888:        let selected = project_scanner_state(&controller);
src/main.rs:3919:        assert!(selected.open_path_enabled);
src/main.rs:3922:        assert!(selected.file_list_enabled);
src/main.rs:3926:        let file_list = project_scanner_state(&controller);
src/main.rs:3942:    fn s07_scanner_runtime_wiring_startup_projection_uses_persisted_settings() {
src/main.rs:3954:        let projection = project_scanner_state(&controller);
src/main.rs:3970:    fn s07_scanner_runtime_wiring_scan_scheduling_persists_and_clears_old_state() {
src/main.rs:3989:                vec![scanner_runtime_result()],
src/main.rs:3999:            project_scanner_state(controller)
src/main.rs:4019:    fn s07_scanner_runtime_wiring_does_not_schedule_when_save_reverts_or_toggles_off() {
src/main.rs:4039:            project_scanner_state(controller)
src/main.rs:4064:            project_scanner_state(controller)
src/main.rs:4076:    fn s07_scanner_runtime_wiring_applies_progress_completion_stale_and_zero_results() {
src/main.rs:4099:        let progressing = project_scanner_state(&controller);
src/main.rs:4116:        let completed = project_scanner_state(&controller);
src/main.rs:4144:    fn s07_scanner_runtime_wiring_selected_detail_actions_and_failure_feedback_are_safe() {
src/main.rs:4151:                vec![scanner_runtime_result()],
src/main.rs:4190:            project_scanner_state(controller)
src/main.rs:4198:    fn s07_scanner_runtime_wiring_action_worker_failure_event_maps_to_safe_feedback() {
src/main.rs:4225:        let projection = project_scanner_state(&controller);
src/main.rs:4230:    fn scanner_runtime_result() -> ScannerResult {
