Cargo deps containing crc/tracing/thiserror:
11:crc32fast = "1.5.0"
19:thiserror = "2.0.18"
22:tracing = "0.1.44"
23:tracing-subscriber = {version = "0.3.23", features = ["env-filter"]}

Service tests with fake filesystem snippets:
src/services/tools.rs:700:    struct FakeDesktopActions {
src/services/tools.rs:763:    struct FakeClipboardActions {
src/services/tools.rs:809:        let service = ToolsActionService::new(desktop.clone(), clipboard.clone());
src/services/tools.rs:841:        let service = ToolsActionService::new(desktop, FakeClipboardActions::default());
src/services/tools.rs:861:        let service = ToolsActionService::new(desktop.clone(), clipboard.clone());
src/services/tools.rs:887:        let service = ToolsActionService::new(FakeDesktopActions::default(), clipboard);
src/services/tools.rs:909:        let service = ToolsActionService::new(FakeDesktopActions::default(), clipboard);
src/services/tools.rs:930:        let service = ToolsActionService::new(desktop.clone(), clipboard.clone());
src/services/tools.rs:959:        let service = ToolsActionService::new(desktop.clone(), clipboard.clone());
src/services/update.rs:450:        let span = info_span!(
src/services/update.rs:825:    struct FakeUpdateCheckClient {
src/services/update.rs:888:    struct FakeDesktopActions {
src/services/update.rs:1150:        let service = OverviewLinkService::new(desktop);
src/services/scanner.rs:508:        let span = info_span!(
src/services/scanner.rs:1997:    struct FakeFilesystem {
src/services/scanner.rs:2075:    impl Filesystem for FakeFilesystem {
src/services/scanner.rs:2167:        let service = ScannerScanService::new(fs);
src/services/scanner.rs:2457:        let service = ScannerScanService::new(&fs);
src/services/scanner.rs:2583:        let service = ScannerScanService::new(&fs);
src/services/scanner.rs:2738:        let service = ScannerScanService::new(&fs);
src/services/discovery.rs:1346:    struct FakeFilesystem {
src/services/discovery.rs:1384:    impl Filesystem for FakeFilesystem {
src/services/discovery.rs:1438:    struct FakeRegistry {
src/services/discovery.rs:1476:    struct FakeProcessInspector {
src/services/discovery.rs:1542:        DiscoveryService::new(filesystem, registry, process).discover(&request)
src/services/autofix.rs:409:        let span = info_span!(
src/services/autofix.rs:502:        let span = info_span!(
src/services/autofix.rs:1067:    struct FakeFilesystem {
src/services/autofix.rs:1078:    impl Filesystem for FakeFilesystem {
src/services/autofix.rs:1133:    struct FakeOperation {
src/services/autofix.rs:1300:        let service = AutoFixService::new(&filesystem);
src/services/overview_collector.rs:401:        let span = info_span!(
src/services/overview_collector.rs:1507:    struct FakeFilesystem {
src/services/overview_collector.rs:1577:    impl Filesystem for FakeFilesystem {
src/services/overview_collector.rs:1681:    struct FakeProcessInspector {
src/services/f4se.rs:385:        let span = info_span!(
src/services/f4se.rs:812:    struct FakeFilesystem {
src/services/f4se.rs:890:    impl Filesystem for FakeFilesystem {
src/services/f4se.rs:978:    struct FakeInspector {
src/services/f4se.rs:1049:        F4seScanService::new(fs, inspector).scan(F4seScanRequest::new(
src/platform/filesystem.rs:151:impl Filesystem for RealFilesystem {
src/platform/filesystem.rs:290:    struct FakeFilesystem {
src/platform/filesystem.rs:333:    impl Filesystem for FakeFilesystem {
src/platform/process.rs:288:    struct FakeProcessInspector {
src/platform/registry.rs:157:    struct FakeRegistry {
src/platform/desktop.rs:197:    struct FakeDesktopActions {
