
running 13 tests
test services::overview::overview_diagnostics::overview_diagnostics_imports_reference_mod_manager_kind_for_public_surface ... ok
test services::overview::overview_diagnostics::overview_diagnostics_discovery_manager_and_system_errors_degrade_to_safe_snapshot ... ok
test services::overview::overview_diagnostics::overview_diagnostics_missing_enablement_files_and_address_library_are_reported ... ok
test services::overview::overview_diagnostics::overview_diagnostics_update_banner_states_follow_settings_and_worker_result ... ok
test services::overview::overview_diagnostics::overview_diagnostics_boundary_counts_do_not_create_limit_problems ... ok
test services::overview::overview_diagnostics::overview_diagnostics_successful_old_gen_snapshot_has_reference_counts_and_no_problems ... ok
test services::overview::overview_diagnostics::overview_diagnostics_vortex_identity_only_is_detected_with_partial_support_warning ... ok
test services::overview::overview_diagnostics::overview_diagnostics_next_gen_allows_missing_steam_loader_and_missing_f4se_path ... ok
test services::overview::overview_diagnostics::overview_diagnostics_anniversary_snapshot_projects_version_and_available_update ... ok
test services::overview::overview_diagnostics::overview_diagnostics_missing_data_is_partial_not_fatal_even_without_f4se_path ... ok
test services::overview::overview_diagnostics::overview_diagnostics_mo2_windows_11_24h2_warning_matches_reference_threshold ... ok
test services::overview::overview_diagnostics::overview_diagnostics_exceeded_limits_create_reference_problem_feed_entries ... ok
test services::overview::overview_diagnostics::overview_diagnostics_unreadable_invalid_and_wrong_version_records_create_problems ... FAILED

failures:

---- services::overview::overview_diagnostics::overview_diagnostics_unreadable_invalid_and_wrong_version_records_create_problems stdout ----

thread 'services::overview::overview_diagnostics::overview_diagnostics_unreadable_invalid_and_wrong_version_records_create_problems' (66031) panicked at src/services/overview.rs:1581:9:
assertion failed: snapshot.problems.iter().any(|problem|
        {
            problem.problem == OverviewProblemType::WrongVersion &&
                problem.summary == WRONG_ARCHIVE_VERSION_SUMMARY
        })
note: run with `RUST_BACKTRACE=1` environment variable to display a backtrace


failures:
    services::overview::overview_diagnostics::overview_diagnostics_unreadable_invalid_and_wrong_version_records_create_problems

test result: FAILED. 12 passed; 1 failed; 0 ignored; 0 measured; 94 filtered out; finished in 0.01s

