--- changed
tests/syntax/callbacks/property-changes.slint 17 changed zoo => { }
tests/syntax/callbacks/property-changes.slint 18 changed clou => { }
tests/syntax/callbacks/property-changes.slint 20 changed zoo => { }
tests/syntax/callbacks/property-changes.slint 23 changed not-exist => {}
tests/syntax/callbacks/property-changes.slint 26 changed clicked => { }
tests/syntax/callbacks/property-changes.slint 29 changed hello => { }
tests/syntax/callbacks/property-changes.slint 32 changed invalid => { }
tests/syntax/callbacks/property-changes.slint 37 changed invalid2 => { }
tests/syntax/callbacks/property-changes.slint 42 changed invalid3 => { }
tests/syntax/callbacks/property-changes.slint 48 changed xyz => { }
tests/syntax/accessibility/accessible_properties.slint 13 //          >                                        <error{The property must be known at compile time and cannot be changed at runtime}
tests/syntax/basic/states_transitions3.slint 24 //                  ><error{The property is not changed as part of this transition}
tests/syntax/basic/states_transitions3.slint 28 //                  >  <error{The property is not changed as part of this transition}
tests/syntax/basic/dialog.slint 55 //      >                                            <error{The property must be known at compile time and cannot be changed at runtime}
tests/syntax/basic/unknown_item.slint 18 changed efgh => { self.foo(); }
tests/syntax/elements/popup.slint 41 //          >                      <error{The property must be known at compile time and cannot be changed at runtime}
tests/syntax/elements/popup.slint 44 //          >                                               <error{The property must be known at compile time and cannot be changed at runtime}
tests/syntax/elements/popup3.slint 11 //          >                                               <error{The property must be known at compile time and cannot be changed at runtime}
--- change
tests/syntax/focus/initial_focus_non_input.slint 10 callback trigger_focus_change();
tests/syntax/focus/initial_focus_non_input.slint 11 trigger_focus_change => {
tests/syntax/focus/initial_focus_non_input.slint 21 callback trigger_focus_change_2();
tests/syntax/focus/initial_focus_non_input.slint 22 trigger_focus_change_2 => {
tests/syntax/analysis/binding_loop_text.slint 37 //             >     <warning{Window elements as children do not create separate windows (this may change in the future)↵Consider using a PopupWindow instead}
tests/syntax/callbacks/property-changes.slint 17 changed zoo => { }
tests/syntax/callbacks/property-changes.slint 18 changed clou => { }
tests/syntax/callbacks/property-changes.slint 20 changed zoo => { }
tests/syntax/callbacks/property-changes.slint 21 //              > <error{Duplicated change callback on 'zoo'}
tests/syntax/callbacks/property-changes.slint 23 changed not-exist => {}
tests/syntax/callbacks/property-changes.slint 26 changed clicked => { }
tests/syntax/callbacks/property-changes.slint 29 changed hello => { }
tests/syntax/callbacks/property-changes.slint 32 changed invalid => { }
tests/syntax/callbacks/property-changes.slint 37 changed invalid2 => { }
tests/syntax/callbacks/property-changes.slint 42 changed invalid3 => { }
tests/syntax/callbacks/property-changes.slint 48 changed xyz => { }
tests/syntax/accessibility/accessible_properties.slint 13 //          >                                        <error{The property must be known at compile time and cannot be changed at runtime}
tests/syntax/basic/states_transitions3.slint 24 //                  ><error{The property is not changed as part of this transition}
tests/syntax/basic/states_transitions3.slint 28 //                  >  <error{The property is not changed as part of this transition}
tests/syntax/basic/dialog.slint 55 //      >                                            <error{The property must be known at compile time and cannot be changed at runtime}
tests/syntax/basic/unknown_item.slint 18 changed efgh => { self.foo(); }
tests/syntax/basic/states_two_way.slint 21 //          >error{Cannot change the property 'y' in a state because it is initialized with a two-way binding}
tests/syntax/basic/states_two_way.slint 23 //         <error{Cannot change the property 'y' in a state because it is initialized with a two-way binding}
tests/syntax/basic/states_two_way.slint 24 //          >^error{Cannot change the property 'some-prop' in a state because it is initialized with a two-way binding}
tests/syntax/basic/states_two_way.slint 26 //     <error{Cannot change the property 'some-prop' in a state because it is initialized with a two-way binding}
tests/syntax/elements/popup.slint 41 //          >                      <error{The property must be known at compile time and cannot be changed at runtime}
tests/syntax/elements/popup.slint 44 //          >                                               <error{The property must be known at compile time and cannot be changed at runtime}
tests/syntax/elements/popup3.slint 11 //          >                                               <error{The property must be known at compile time and cannot be changed at runtime}
tests/syntax/elements/sub-windows.slint 9 //  >          <warning{Window elements as children do not create separate windows (this may change in the future)↵Consider using a PopupWindow instead↵(Note: MyComponent inherits Window)}
tests/syntax/elements/sub-windows.slint 12 //  >     <warning{Window elements as children do not create separate windows (this may change in the future)↵Consider using a PopupWindow instead}
tests/syntax/lookup/enum.slint 9 callback change_alignment();
tests/syntax/lookup/enum.slint 10 change_alignment => {
