def copy_text_button 7648

def get_registry_value(key: int, subkey: str, value_name: str) -> str | None:
	try:
		with winreg.OpenKey(key, subkey) as reg_handle:
			value, value_type = winreg.QueryValueEx(reg_handle, value_name)

		if value and value_type == winreg.REG_SZ and isinstance(value, str):
			return value

	except OSError:
		pass

	return None


def copy_text(widget: ttk.Widget, text: str) -> None:
	widget.clipboard_clear()
	widget.clipboard_append(text)


def copy_text_button(button: ttk.Button, text: str) -> None:
	button.master.clipboard_clear()
	button.master.clipboard_append(text)
	original_text = button.cget("text")
	button.config(text="Copied!", state=DISABLED)
	button.master.after(3000, lambda: button.config(text=original_text, state=NORMAL))


def add_separator(master: Misc, orient: Literal["horizontal", "vertical"], column: int, row: int, span: int) -> None:
	separator = ttk.Separator(master, orient=orient)
	if orient == HORIZONTAL:
		separator.grid(column=column, row=row, columnspan=span, padx=10, pady=10, ipady=1, sticky=EW)
	else:
		separator.grid(column=column, row=row, rowspan=span, padx=10, pady=10, ipadx=1, sticky=NS)


def set_titlebar_style(window: Misc) -> None:
	window.update()
	hwnd = windll.user32.GetParent(window.winfo_id())
	windll.dwmapi.DwmSetWindowAttribute(hwnd, 19, byref(c_int(1)), sizeof(c_int))
	windll.dwmap
def copy_text 7535

	if isinstance(version, str):
		return version

	return ".".join(map(str, version))


def get_registry_value(key: int, subkey: str, value_name: str) -> str | None:
	try:
		with winreg.OpenKey(key, subkey) as reg_handle:
			value, value_type = winreg.QueryValueEx(reg_handle, value_name)

		if value and value_type == winreg.REG_SZ and isinstance(value, str):
			return value

	except OSError:
		pass

	return None


def copy_text(widget: ttk.Widget, text: str) -> None:
	widget.clipboard_clear()
	widget.clipboard_append(text)


def copy_text_button(button: ttk.Button, text: str) -> None:
	button.master.clipboard_clear()
	button.master.clipboard_append(text)
	original_text = button.cget("text")
	button.config(text="Copied!", state=DISABLED)
	button.master.after(3000, lambda: button.config(text=original_text, state=NORMAL))


def add_separator(master: Misc, orient: Literal["horizontal", "vertical"], column: int, row: int, span: int) -> None:
	separator = ttk.Separator(master, orient=orient)
	if orient == HORIZONTAL:
		separator.grid(column=column, row=row, columnspan=span, padx=10, pady=10, ipady=1, sticky=EW)
	else:
		separator.grid(column=column, row=row, rowspan=span, padx=10, pady=10, ipadx=1, sticky=NS)


def set_titlebar_style(window: Misc) -> None:
	window.update()
	hwnd = windll.user32.GetParen
