src/main.rs:3755:        for prohibited in ["Auto-Fix", "Fixed!", "Fix Failed", "auto-fix"] {
src/domain/scanner.rs:45:/// S07 read-only status for write-capable Auto-Fix behavior deferred to a later slice.
src/domain/scanner.rs:46:pub const AUTO_FIX_DEFERRED_STATUS: &str = "Auto-Fix is reserved for a later port phase.";
src/domain/scanner.rs:86:/// Reference Auto-Fix button label for future write-capable scanner actions.
src/domain/scanner.rs:87:pub const ACTION_AUTO_FIX_LABEL: &str = "Auto-Fix";
src/domain/scanner.rs:648:    /// Write-capable Auto-Fix action reserved for future slices.
src/domain/scanner.rs:814:    /// Whether a future Auto-Fix action exists but is deferred by this slice.
src/domain/scanner.rs:888:    /// Marks this result as having a future Auto-Fix action that is disabled in S07.
src/domain/scanner.rs:1529:            .expect("deferred Auto-Fix metadata should be present when requested");
CMT/src/helpers.py:42:	from autofixes import AutoFixResult
CMT/src/helpers.py:257:		self.autofix_result: AutoFixResult | None = None
CMT/src/helpers.py:280:		self.autofix_result: AutoFixResult | None = None
CMT/src/autofixes.py:42:AUTO_FIXES: dict[SolutionType, Callable[..., AutoFixResult]] = {
CMT/src/autofixes.py:47:def do_autofix(results_pane: tabs.ResultDetailsPane, selection: str) -> None:
CMT/src/autofixes.py:48:	if results_pane.problem_info.autofix_result is None:
CMT/src/autofixes.py:51:			assert results_pane.button_autofix is not None
CMT/src/autofixes.py:52:		solution_func = AUTO_FIXES[results_pane.problem_info.solution]
CMT/src/autofixes.py:53:		results_pane.button_autofix.configure(text="Fixing...", state=DISABLED)
CMT/src/autofixes.py:54:		logger.info("Auto-Fix : Running %s", solution_func.__name__)
CMT/src/autofixes.py:55:		results_pane.problem_info.autofix_result = solution_func(results_pane.problem_info)
CMT/src/autofixes.py:56:		if results_pane.problem_info.autofix_result.success:
CMT/src/autofixes.py:57:			results_pane.button_autofix.configure(text="Fixed!", style="TButton", state=NORMAL)
CMT/src/autofixes.py:63:			results_pane.button_autofix.configure(text="Fix Failed", style="TButton", state=NORMAL)
CMT/src/autofixes.py:70:		"Auto-Fix Results",
CMT/src/autofixes.py:71:		results_pane.problem_info.autofix_result.details,
CMT/src/tabs/_scanner.py:30:from autofixes import AUTO_FIXES, do_autofix
CMT/src/tabs/_scanner.py:61:		self.details_pane: ResultDetailsPane | None = None
CMT/src/tabs/_scanner.py:298:				self.details_pane = ResultDetailsPane(self)
CMT/src/tabs/_scanner.py:662:class ResultDetailsPane(Toplevel):
CMT/src/tabs/_scanner.py:686:		self.button_autofix: ttk.Button | None = None
CMT/src/tabs/_scanner.py:839:		if self.button_autofix:
CMT/src/tabs/_scanner.py:840:			self.button_autofix.destroy()
CMT/src/tabs/_scanner.py:841:			self.button_autofix = None
CMT/src/tabs/_scanner.py:878:		if self.problem_info.solution in AUTO_FIXES:
CMT/src/tabs/_scanner.py:879:			if self.problem_info.autofix_result is None:
CMT/src/tabs/_scanner.py:880:				text = "Auto-Fix"
CMT/src/tabs/_scanner.py:882:			elif self.problem_info.autofix_result.success:
CMT/src/tabs/_scanner.py:883:				text = "Fixed!"
CMT/src/tabs/_scanner.py:886:				text = "Fix Failed"
CMT/src/tabs/_scanner.py:889:			self.button_autofix = ttk.Button(
CMT/src/tabs/_scanner.py:892:				command=lambda: do_autofix(self, selection),
CMT/src/tabs/_scanner.py:896:			self.button_autofix.pack(side=TOP, anchor=E, fill=X, padx=5, pady=(5, 0))
CMT/src/tabs/__init__.py:23:from ._scanner import ResultDetailsPane, ScannerTab
CMT/src/tabs/__init__.py:31:	"ResultDetailsPane",
