    Checking serde_core v1.0.228
    Checking bytemuck v1.25.0
    Checking zerofrom v0.1.8
    Checking yoke v0.8.2
    Checking font-types v0.11.3
    Checking zerovec v0.11.6
    Checking zerotrie v0.2.4
    Checking tiny-skia-path v0.12.0
    Checking read-fonts v0.37.0
    Checking tracing v0.1.44
    Checking thiserror v2.0.18
    Checking rgb v0.8.53
    Checking vtable v0.4.0
    Checking lyon_extra v1.1.0
    Checking glutin_wgl_sys v0.6.1
    Checking softbuffer v0.4.8
    Checking tinystr v0.8.3
    Checking potential_utf v0.1.5
   Compiling i-slint-backend-selector v1.16.1
    Checking bitflags v2.11.1
    Checking serde v1.0.228
    Checking serde_spanned v1.1.1
    Checking toml_datetime v1.1.1+spec-1.1.0
    Checking tokio v1.52.3
    Checking tracing-subscriber v0.3.23
    Checking serde_json v1.0.149
   Compiling cmt-rs v0.1.0 (/mnt/j/cmt-rs)
    Checking icu_collections v2.2.0
    Checking png v0.18.1
    Checking rustybuzz v0.20.1
    Checking pulldown-cmark v0.13.3
    Checking winit v0.30.13
    Checking glutin v0.32.3
    Checking icu_locale_core v2.2.0
    Checking toml v1.1.2+spec-1.1.0
    Checking keyboard-types v0.7.0
    Checking tiny-skia v0.12.0
    Checking image v0.25.10
    Checking icu_provider v2.2.0
    Checking muda v0.18.0
    Checking icu_properties v2.2.0
    Checking icu_normalizer v2.2.0
    Checking icu_locale v2.2.0
    Checking glutin-winit v0.5.0
    Checking accesskit_winit v0.30.0
    Checking usvg v0.47.0
   Compiling i-slint-core-macros v1.16.1
    Checking icu_segmenter v2.2.0
    Checking parley_data v0.8.0
    Checking idna_adapter v1.2.2
    Checking idna v1.1.0
    Checking skrifa v0.40.0
    Checking fontique v0.8.0
    Checking harfrust v0.5.2
    Checking resvg v0.47.0
    Checking url v2.5.8
    Checking webbrowser v1.2.1
    Checking swash v0.2.7
    Checking i-slint-common v1.16.1
    Checking parley v0.8.0
    Checking i-slint-core v1.16.1
    Checking femtovg v0.23.2
    Checking i-slint-renderer-software v1.16.1
    Checking i-slint-renderer-femtovg v1.16.1
    Checking i-slint-backend-winit v1.16.1
    Checking slint v1.16.1
    Finished `dev` profile [unoptimized + debuginfo] target(s) in 22.11s
