[90m|[39m
[90m|[39m    - lsp-manager
[90m|[39m
[90m|[39m    - rust-cli-tui-developer
[90m|[39m
[90m|[39m    - skill-map
[90m|[39m
[90m|[39m    - uv-expert
[90m|[39m
[90m|[39m    - code-auditor
[90m|[39m
[90m|[39m    - commit-daily-summary
[90m|[39m
[90m|[39m    - improve-codebase-architecture
[90m|[39m
[90m|[39m    - project-daily-summary
[90m|[39m
[90m|[39m    - session-wrap
[90m|[39m
[90m|[39m    - academic-slides
[90m|[39m
[90m|[39m    - bidwriter
[90m|[39m
[90m|[39m    - document-writer
[90m|[39m
[90m|[39m    - latex-document-skill
[90m|[39m
[90m|[39m    - tech-blog
[90m|[39m
[90m|[39m    - tech-design-doc
[90m|[39m
[90m|[39m    - touying
[90m|[39m
[90m|[39m    - typst
[90m|[39m
[90m|[39m    - gh-address-comments
[90m|[39m
[90m|[39m    - gh-bootstrap
[90m|[39m
[90m|[39m    - gh-fix-ci
[90m|[39m
[90m|[39m    - git-commit
[90m|[39m
[90m|[39m    - deep-research-pro
[90m|[39m
[90m|[39m    - knowledge-absorber
[90m|[39m
[90m|[39m    - learn
[90m|[39m
[90m|[39m    - memory-system
[90m|[39m
[90m|[39m    - paper-workbench
[90m|[39m
[90m|[39m    - paper2code
[90m|[39m
[90m|[39m    - plain
[90m|[39m
[90m|[39m    - rank
[90m|[39m
[90m|[39m    - roundtable
[90m|[39m
[90m|[39m    - word
[90m|[39m
[90m|[39m    - word-flow
[90m|[39m
[90m|[39m    - architecture-diagram
[90m|[39m
[90m|[39m    - article-cover
[90m|[39m
[90m|[39m    - brand-design-md
[90m|[39m
[90m|[39m    - card
[90m|[39m
[90m|[39m    - design-artifact
[90m|[39m
[90m|[39m    - fireworks-tech-graph
[90m|[39m
[90m|[39m    - screenshot
[90m|[39m
[90m|[39m    - yt-dlp
