    Checking cmt-rs v0.1.0 (/mnt/j/cmt-rs)
warning: the `Err`-variant returned from this function is very large
   --> src/services/autofix.rs:707:10
    |
707 | ...-> Re...jection> {
    |       ^^...^^^^^^^^ the `Err`-variant is at least 160 bytes
    |
    = help: try reducing the size of `domain::autofix::AutoFixRejection`, for example by boxing large elements or replacing it with `Box<domain::autofix::AutoFixRejection>`
    = help: for further information visit https://rust-lang.github.io/rust-clippy/rust-1.95.0/index.html#result_large_err
    = note: `#[warn(clippy::result_large_err)]` on by default

warning: the `Err`-variant returned from this function is very large
   --> src/services/autofix.rs:772:6
    |
772 | ) ->...xRejection> {
    |     ...^^^^^^^^^^^ the `Err`-variant is at least 160 bytes
    |
    = help: try reducing the size of `domain::autofix::AutoFixRejection`, for example by boxing large elements or replacing it with `Box<domain::autofix::AutoFixRejection>`
    = help: for further information visit https://rust-lang.github.io/rust-clippy/rust-1.95.0/index.html#result_large_err

warning: the `Err`-variant returned from this function is very large
   --> src/services/autofix.rs:836:6
    |
836 | ) ->...xRejection> {
    |     ...^^^^^^^^^^^ the `Err`-variant is at least 160 bytes
    |
    = help: try reducing the size of `domain::autofix::AutoFixRejection`, for example by boxing large elements or replacing it with `Box<domain::autofix::AutoFixRejection>`
    = help: for further information visit https://rust-lang.github.io/rust-clippy/rust-1.95.0/index.html#result_large_err

warning: this function has too many arguments (8/7)
    --> src/services/scanner.rs:1118:5
     |
1118 | /     fn scan_data_tree<P>(
1119 | |         &self,
1120 | |         data_path: &Path,
1121 | |         request: &ScannerScanRequest<'_>,
...    |
1127 | |     ) where
1128 | |         P: FnMut(&ScannerProgressEvent),
     | |________________________________________^
     |
     = help: for further information visit https://rust-lang.github.io/rust-clippy/rust-1.95.0/index.html#too_many_arguments
     = note: `#[warn(clippy::too_many_arguments)]` on by default

warning: `cmt-rs` (bin "cmt-rs") generated 4 warnings
warning: `cmt-rs` (bin "cmt-rs" test) generated 4 warnings (4 duplicates)
    Finished `dev` profile [unoptimized + debuginfo] target(s) in 22.65s
