   Compiling wayland-backend v0.3.15
   Compiling aws-lc-sys v0.41.0
    Checking wayland-client v0.31.14
    Checking wayland-csd-frame v0.3.0
    Checking wayland-protocols v0.32.12
    Checking wayland-cursor v0.31.14
    Checking calloop-wayland-source v0.3.0
    Checking calloop-wayland-source v0.4.1
    Checking softbuffer v0.4.8
    Checking wayland-protocols-wlr v0.3.12
    Checking wayland-protocols-misc v0.3.12
    Checking wayland-protocols-plasma v0.3.12
    Checking wayland-protocols-experimental v20250721.0.1
    Checking smithay-client-toolkit v0.19.2
    Checking smithay-client-toolkit v0.20.0
    Checking sctk-adwaita v0.10.1
    Checking smithay-clipboard v0.7.3
    Checking copypasta v0.10.2
    Checking winit v0.30.13
    Checking accesskit_winit v0.30.0
    Checking glutin-winit v0.5.0
    Checking i-slint-backend-winit v1.16.1
    Checking i-slint-backend-selector v1.16.1
    Checking slint v1.16.1
   Compiling aws-lc-rs v1.17.0
   Compiling rustls v0.23.40
    Checking rustls-webpki v0.103.13
    Checking tokio-rustls v0.26.4
    Checking rustls-platform-verifier v0.7.0
    Checking hyper-rustls v0.27.9
    Checking reqwest v0.13.3
    Checking cmt-rs v0.1.0 (/mnt/j/cmt-rs)

thread 'rustc' (102297) panicked at /rustc-dev/59807616e1fa2540724bfbac14d7976d7e4a3860/library/core/src/slice/index.rs:1031:55:
slice index starts at 17 but ends at 15
stack backtrace:
   0:     0x70d7d279314b - <<std[e28293b1aa0f68bd]::sys::backtrace::BacktraceLock>::print::DisplayBacktrace as core[c1f1a4ba060b9bfa]::fmt::Display>::fmt
   1:     0x70d7d2e1f408 - core[c1f1a4ba060b9bfa]::fmt::write
   2:     0x70d7d43683b6 - <std[e28293b1aa0f68bd]::sys::stdio::unix::Stderr as std[e28293b1aa0f68bd]::io::Write>::write_fmt
   3:     0x70d7d2769238 - std[e28293b1aa0f68bd]::panicking::default_hook::{closure#0}
   4:     0x70d7d27865b3 - std[e28293b1aa0f68bd]::panicking::default_hook
   5:     0x70d7d175cc30 - std[e28293b1aa0f68bd]::panicking::update_hook::<alloc[fdfd2bd8633a6659]::boxed::Box<rustc_driver_impl[e4ca9dd5dd6cf2a8]::install_ice_hook::{closure#1}>>::{closure#0}
   6:     0x70d7d2786892 - std[e28293b1aa0f68bd]::panicking::panic_with_hook
   7:     0x70d7d27692f8 - std[e28293b1aa0f68bd]::panicking::panic_handler::{closure#0}
   8:     0x70d7d2760029 - std[e28293b1aa0f68bd]::sys::backtrace::__rust_end_short_backtrace::<std[e28293b1aa0f68bd]::panicking::panic_handler::{closure#0}, !>
   9:     0x70d7d276ad5d - __rustc[b7974e8690430dd9]::rust_begin_unwind
  10:     0x70d7cf4de82c - core[c1f1a4ba060b9bfa]::panicking::panic_fmt
  11:     0x70d7d050875d - core[c1f1a4ba060b9bfa]::slice::index::slice_index_fail
  12:     0x70d7d107fae5 - <annotate_snippets[7d52211d2f32161f]::renderer::styled_buffer::StyledBuffer>::replace
  13:     0x70d7d41337b7 - annotate_snippets[7d52211d2f32161f]::renderer::render::render
  14:     0x70d7d4381e06 - <rustc_errors[795cd5cf46ddce51]::annotate_snippet_emitter_writer::AnnotateSnippetEmitter>::emit_messages_default
  15:     0x70d7d4379420 - <rustc_errors[795cd5cf46ddce51]::annotate_snippet_emitter_writer::AnnotateSnippetEmitter as rustc_errors[795cd5cf46ddce51]::emitter::Emitter>::emit_diagnostic
  16:     0x70d7d437c976 - <rustc_errors[795cd5cf46ddce51]::json::Diagnostic>::from_errors_diagnostic
  17:     0x70d7d437c0ef - <rustc_errors[795cd5cf46ddce51]::json::JsonEmitter as rustc_errors[795cd5cf46ddce51]::emitter::Emitter>::emit_diagnostic
  18:     0x70d7d4371661 - <rustc_errors[795cd5cf46ddce51]::DiagCtxtInner>::emit_diagnostic::{closure#3}
  19:     0x70d7d436f440 - rustc_interface[c8170c4b7b680ee8]::callbacks::track_diagnostic::<core[c1f1a4ba060b9bfa]::option::Option<rustc_span[e3c9a1967c4921fd]::ErrorGuaranteed>>
  20:     0x70d7d436e4ee - <rustc_errors[795cd5cf46ddce51]::DiagCtxtInner>::emit_diagnostic
  21:     0x70d7d436e39d - <rustc_errors[795cd5cf46ddce51]::DiagCtxtHandle>::emit_diagnostic
  22:     0x70d7d436e25b - <() as rustc_errors[795cd5cf46ddce51]::diagnostic::EmissionGuarantee>::emit_producing_guarantee
  23:     0x70d7d3e7f229 - rustc_middle[9956b31dc9b62104]::lint::lint_level::lint_level_impl
  24:     0x70d7d2f6f495 - rustc_ast[462537f8c1e2763b]::visit::walk_item_inner::<rustc_ast[462537f8c1e2763b]::ast::ItemKind, rustc_lint[754bcbf59f34f28d]::early::EarlyContextAndPass<rustc_lint[754bcbf59f34f28d]::BuiltinCombinedEarlyLintPass>>
  25:     0x70d7d2f6ec1c - rustc_ast[462537f8c1e2763b]::visit::walk_item_inner::<rustc_ast[462537f8c1e2763b]::ast::ItemKind, rustc_lint[754bcbf59f34f28d]::early::EarlyContextAndPass<rustc_lint[754bcbf59f34f28d]::BuiltinCombinedEarlyLintPass>>
  26:     0x70d7d2f6ec1c - rustc_ast[462537f8c1e2763b]::visit::walk_item_inner::<rustc_ast[462537f8c1e2763b]::ast::ItemKind, rustc_lint[754bcbf59f34f28d]::early::EarlyContextAndPass<rustc_lint[754bcbf59f34f28d]::BuiltinCombinedEarlyLintPass>>
  27:     0x70d7d2f6e1d1 - <rustc_lint[754bcbf59f34f28d]::early::EarlyContextAndPass<rustc_lint[754bcbf59f34f28d]::BuiltinCombinedEarlyLintPass> as rustc_ast[462537f8c1e2763b]::visit::Visitor>::visit_item
  28:     0x70d7d366b2a2 - rustc_interface[c8170c4b7b680ee8]::passes::early_lint_checks
  29:     0x70d7d43ec392 - rustc_query_impl[b21371cac9e22a84]::execution::try_execute_query::<rustc_middle[9956b31dc9b62104]::query::caches::SingleCache<rustc_middle[9956b31dc9b62104]::query::erase::ErasedData<[u8; 0usize]>>, true>
  30:     0x70d7d43ebee4 - rustc_query_impl[b21371cac9e22a84]::query_impl::early_lint_checks::execute_query_incr::__rust_end_short_backtrace
  31:     0x70d7d352b74b - rustc_ast_lowering[9c68caf19a3ce1e4]::lower_to_hir
  32:     0x70d7d4043068 - rustc_query_impl[b21371cac9e22a84]::query_impl::hir_crate::invoke_provider_fn::__rust_begin_short_backtrace
  33:     0x70d7d4047169 - rustc_query_impl[b21371cac9e22a84]::execution::try_execute_query::<rustc_middle[9956b31dc9b62104]::query::caches::SingleCache<rustc_middle[9956b31dc9b62104]::query::erase::ErasedData<[u8; 8usize]>>, true>
  34:     0x70d7d4424ccc - rustc_query_impl[b21371cac9e22a84]::query_impl::hir_crate::execute_query_incr::__rust_end_short_backtrace
  35:     0x70d7d2f3abf5 - rustc_query_impl[b21371cac9e22a84]::query_impl::opt_hir_owner_nodes::invoke_provider_fn::__rust_begin_short_backtrace
  36:     0x70d7d2f3c2dd - rustc_query_impl[b21371cac9e22a84]::execution::try_execute_query::<rustc_data_structures[2c167692117eb14d]::vec_cache::VecCache<rustc_span[e3c9a1967c4921fd]::def_id::LocalDefId, rustc_middle[9956b31dc9b62104]::query::erase::ErasedData<[u8; 8usize]>, rustc_middle[9956b31dc9b62104]::dep_graph::graph::DepNodeIndex>, true>
  37:     0x70d7d2fa8e7c - rustc_query_impl[b21371cac9e22a84]::query_impl::opt_hir_owner_nodes::execute_query_incr::__rust_end_short_backtrace
  38:     0x70d7d36b2ae2 - <rustc_middle[9956b31dc9b62104]::ty::context::TyCtxt>::hir_owner_node
  39:     0x70d7d40483d1 - rustc_middle[9956b31dc9b62104]::hir::map::hir_crate_items
  40:     0x70d7d4043d5d - rustc_query_impl[b21371cac9e22a84]::query_impl::hir_crate_items::invoke_provider_fn::__rust_begin_short_backtrace
  41:     0x70d7d4047169 - rustc_query_impl[b21371cac9e22a84]::execution::try_execute_query::<rustc_middle[9956b31dc9b62104]::query::caches::SingleCache<rustc_middle[9956b31dc9b62104]::query::erase::ErasedData<[u8; 8usize]>>, true>
  42:     0x70d7d43bfa2e - rustc_query_impl[b21371cac9e22a84]::query_impl::hir_crate_items::execute_query_incr::__rust_end_short_backtrace
  43:     0x70d7d2f36718 - rustc_interface[c8170c4b7b680ee8]::passes::analysis
  44:     0x70d7d43ec447 - rustc_query_impl[b21371cac9e22a84]::execution::try_execute_query::<rustc_middle[9956b31dc9b62104]::query::caches::SingleCache<rustc_middle[9956b31dc9b62104]::query::erase::ErasedData<[u8; 0usize]>>, true>
  45:     0x70d7d43ebdb4 - rustc_query_impl[b21371cac9e22a84]::query_impl::analysis::execute_query_incr::__rust_end_short_backtrace
  46:     0x70d7d405632d - rustc_interface[c8170c4b7b680ee8]::interface::run_compiler::<(), rustc_driver_impl[e4ca9dd5dd6cf2a8]::run_compiler::{closure#0}>::{closure#1}
  47:     0x70d7d402663e - std[e28293b1aa0f68bd]::sys::backtrace::__rust_begin_short_backtrace::<rustc_interface[c8170c4b7b680ee8]::util::run_in_thread_with_globals<rustc_interface[c8170c4b7b680ee8]::util::run_in_thread_pool_with_globals<rustc_interface[c8170c4b7b680ee8]::interface::run_compiler<(), rustc_driver_impl[e4ca9dd5dd6cf2a8]::run_compiler::{closure#0}>::{closure#1}, ()>::{closure#0}, ()>::{closure#0}::{closure#0}, ()>
  48:     0x70d7d4026ca0 - <std[e28293b1aa0f68bd]::thread::lifecycle::spawn_unchecked<rustc_interface[c8170c4b7b680ee8]::util::run_in_thread_with_globals<rustc_interface[c8170c4b7b680ee8]::util::run_in_thread_pool_with_globals<rustc_interface[c8170c4b7b680ee8]::interface::run_compiler<(), rustc_driver_impl[e4ca9dd5dd6cf2a8]::run_compiler::{closure#0}>::{closure#1}, ()>::{closure#0}, ()>::{closure#0}::{closure#0}, ()>::{closure#1} as core[c1f1a4ba060b9bfa]::ops::function::FnOnce<()>>::call_once::{shim:vtable#0}
  49:     0x70d7d4027b2c - <std[e28293b1aa0f68bd]::sys::thread::unix::Thread>::new::thread_start
  50:     0x70d7cd89caa4 - <unknown>
  51:     0x70d7cd929c6c - <unknown>
  52:                0x0 - <unknown>

error: the compiler unexpectedly panicked. This is a bug

note: we would appreciate a bug report: https://github.com/rust-lang/rust/issues/new?labels=C-bug%2C+I-ICE%2C+T-compiler&template=ice.md

note: rustc 1.95.0 (59807616e 2026-04-14) running on x86_64-unknown-linux-gnu

note: compiler flags: --crate-type bin -C embed-bitcode=no -C debuginfo=2 -C incremental=[REDACTED]

note: some of the compiler flags provided by cargo are hidden

query stack during panic:
#0 [early_lint_checks] perform lints prior to AST lowering
#1 [hir_crate] getting the crate HIR
... and 3 other queries... use `env RUST_BACKTRACE=1` to see the full query stack
error: could not compile `cmt-rs` (bin "cmt-rs")

Caused by:
  process didn't exit successfully: `/home/evild/.rustup/toolchains/stable-x86_64-unknown-linux-gnu/bin/rustc --crate-name cmt_rs --edition=2024 src/main.rs --error-format=json --json=diagnostic-rendered-ansi,artifacts,future-incompat --crate-type bin --emit=dep-info,metadata -C embed-bitcode=no -C debuginfo=2 --check-cfg 'cfg(docsrs,test)' --check-cfg 'cfg(feature, values())' -C metadata=ae78e7255eb417a7 -C extra-filename=-c1c9332e08306cca --out-dir /mnt/j/cmt-rs/target/debug/deps -C incremental=/mnt/j/cmt-rs/target/debug/incremental -L dependency=/mnt/j/cmt-rs/target/debug/deps --extern anyhow=/mnt/j/cmt-rs/target/debug/deps/libanyhow-92fb6e1611400dd1.rmeta --extern crc32fast=/mnt/j/cmt-rs/target/debug/deps/libcrc32fast-0f138e043592fefb.rmeta --extern directories=/mnt/j/cmt-rs/target/debug/deps/libdirectories-cdcf914a4ded118e.rmeta --extern reqwest=/mnt/j/cmt-rs/target/debug/deps/libreqwest-0ac3a72246bb7c5a.rmeta --extern serde=/mnt/j/cmt-rs/target/debug/deps/libserde-ac32d9a5b99343fc.rmeta --extern serde_json=/mnt/j/cmt-rs/target/debug/deps/libserde_json-502e3c1c76fd9c29.rmeta --extern slint=/mnt/j/cmt-rs/target/debug/deps/libslint-3caf8f590ad02970.rmeta --extern sysinfo=/mnt/j/cmt-rs/target/debug/deps/libsysinfo-60650aa7082adb82.rmeta --extern thiserror=/mnt/j/cmt-rs/target/debug/deps/libthiserror-74e0ffa7b26b64cc.rmeta --extern tokio=/mnt/j/cmt-rs/target/debug/deps/libtokio-d10b4932edac1233.rmeta --extern toml=/mnt/j/cmt-rs/target/debug/deps/libtoml-0048dc8f526f784b.rmeta --extern tracing=/mnt/j/cmt-rs/target/debug/deps/libtracing-b66f48270e059d04.rmeta --extern tracing_subscriber=/mnt/j/cmt-rs/target/debug/deps/libtracing_subscriber-51514242161fd409.rmeta --extern walkdir=/mnt/j/cmt-rs/target/debug/deps/libwalkdir-c5232dc7e0a3d7d7.rmeta -L native=/mnt/j/cmt-rs/target/debug/build/aws-lc-sys-fedc3b95e0428a5c/out -L native=/usr/lib/x86_64-linux-gnu` (exit status: 101)
