    Updating crates.io index
 Downloading crates ...
  Downloaded arg_enum_proc_macro v0.3.4
  Downloaded ab_glyph_rasterizer v0.1.10
  Downloaded aligned-vec v0.6.4
  Downloaded anstyle v1.0.14
  Downloaded arrayref v0.3.9
  Downloaded annotate-snippets v0.12.16
  Downloaded drm-ffi v0.9.1
  Downloaded gethostname v1.1.0
  Downloaded icu_locale v2.2.0
  Downloaded field-offset v0.3.6
  Downloaded gbm-sys v0.4.0
  Downloaded futures-macro v0.3.32
  Downloaded futures-core v0.3.32
  Downloaded glutin_glx_sys v0.6.1
  Downloaded accesskit_consumer v0.32.0
  Downloaded raw-window-handle v0.6.2
  Downloaded quote v1.0.45
  Downloaded rgb v0.8.53
  Downloaded rowan v0.16.1
  Downloaded scoped-tls-hkt v0.1.5
  Downloaded semver v1.0.28
  Downloaded sys-locale v0.3.2
  Downloaded strum_macros v0.28.0
  Downloaded strict-num v0.1.1
  Downloaded svgtypes v0.16.1
  Downloaded softbuffer v0.4.8
  Downloaded pulldown-cmark-escape v0.11.0
  Downloaded pico-args v0.5.0
  Downloaded tiny-skia-path v0.11.4
  Downloaded tokio-macros v2.7.0
  Downloaded rav1e v0.8.1
  Downloaded toml_writer v1.1.1+spec-1.1.0
  Downloaded yoke-derive v0.8.2
  Downloaded windows-interface v0.59.3
  Downloaded xkbcommon-dl v0.4.2
  Downloaded zerofrom-derive v0.1.7
  Downloaded xmlwriter v0.1.0
  Downloaded zbus-lockstep v0.5.2
  Downloaded zeno v0.3.3
  Downloaded zune-inflate v0.2.54
  Downloaded ttf-parser v0.25.1
  Downloaded typed-index-collections v3.5.0
  Downloaded zvariant_utils v3.3.1
  Downloaded wayland-protocols-plasma v0.3.12
  Downloaded wayland-protocols v0.32.12
  Downloaded zmij v1.0.21
  Downloaded icu_properties v2.2.0
  Downloaded indexmap v2.14.0
  Downloaded icu_locale_data v2.2.0
  Downloaded parley v0.8.0
  Downloaded i-slint-backend-winit v1.16.1
  Downloaded num-bigint v0.4.6
  Downloaded png v0.18.1
  Downloaded nom v8.0.0
  Downloaded pulldown-cmark v0.13.3
  Downloaded zerotrie v0.2.4
  Downloaded zerocopy-derive v0.8.48
  Downloaded zerovec v0.11.6
  Downloaded quick-xml v0.39.4
  Downloaded moxcms v0.8.1
  Downloaded kurbo v0.13.1
  Downloaded tiny-skia v0.12.0
  Downloaded image v0.25.10
  Downloaded harfrust v0.5.2
  Downloaded icu_properties_data v2.2.0
  Downloaded zerocopy v0.8.48
  Downloaded nix v0.30.1
  Downloaded i-slint-core v1.16.1
  Downloaded hashbrown v0.17.1
  Downloaded itertools v0.13.0
  Downloaded icu_normalizer_data v2.2.0
  Downloaded i-slint-common v1.16.1
  Downloaded icu_normalizer v2.2.0
  Downloaded zerovec-derive v0.11.3
  Downloaded yoke v0.8.2
  Downloaded qoi v0.4.1
  Downloaded prettyplease v0.2.37
  Downloaded memchr v2.8.0
  Downloaded usvg v0.47.0
  Downloaded khronos_api v3.1.0
  Downloaded x11-dl v2.21.0
  Downloaded xkeysym v0.2.1
  Downloaded winnow v1.0.3
  Downloaded zbus v5.15.0
  Downloaded winnow v0.7.15
  Downloaded i-slint-compiler v1.16.1
  Downloaded x11rb v0.13.2
  Downloaded wayland-client v0.31.14
  Downloaded zune-jpeg v0.5.15
  Downloaded input-sys v1.19.0
  Downloaded wayland-backend v0.3.15
  Downloaded wasm-bindgen-macro-support v0.2.121
  Downloaded wasm-bindgen v0.2.121
  Downloaded unicode-segmentation v1.13.2
  Downloaded libc v0.2.186
  Downloaded winit v0.30.13
  Downloaded pxfm v0.1.29
  Downloaded x11rb-protocol v0.13.2
  Downloaded tokio v1.52.3
  Downloaded zvariant_derive v5.11.0
  Downloaded tracing-subscriber v0.3.23
  Downloaded image-webp v0.2.4
  Downloaded icu_collections v2.2.0
  Downloaded toml_edit v0.25.11+spec-1.1.0
  Downloaded tiny-skia v0.11.4
  Downloaded tiff v0.11.3
  Downloaded zvariant v5.11.0
  Downloaded zune-core v0.5.1
  Downloaded tar v0.4.45
  Downloaded zbus_names v4.3.2
  Downloaded zbus_macros v5.15.0
  Downloaded zbus-lockstep-macros v0.5.2
  Downloaded yazi v0.2.1
  Downloaded y4m v0.8.0
  Downloaded xml-rs v0.8.28
  Downloaded icu_locale_core v2.2.0
  Downloaded i-slint-backend-linuxkms v1.16.1
  Downloaded zerofrom v0.1.8
  Downloaded zbus_xml v5.1.1
  Downloaded xkbcommon v0.9.0
  Downloaded writeable v0.6.3
  Downloaded syn v2.0.117
  Downloaded swash v0.2.7
  Downloaded xcursor v0.3.10
  Downloaded x11-clipboard v0.9.3
  Downloaded windows-result v0.4.1
  Downloaded windows-numerics v0.3.1
  Downloaded windows-link v0.2.1
  Downloaded taffy v0.9.2
  Downloaded snafu v0.8.9
  Downloaded smithay-client-toolkit v0.20.0
  Downloaded smithay-client-toolkit v0.19.2
  Downloaded slint v1.16.1
  Downloaded skrifa v0.40.0
  Downloaded skia-safe v0.90.0
  Downloaded once_cell v1.21.4
  Downloaded windows-implement v0.60.2
  Downloaded windows-future v0.3.2
  Downloaded windows-core v0.62.2
  Downloaded windows-collections v0.3.2
  Downloaded weezl v0.1.12
  Downloaded webbrowser v1.2.1
  Downloaded wayland-sys v0.31.11
  Downloaded icu_segmenter v2.2.0
  Downloaded wayland-scanner v0.31.10
  Downloaded wayland-protocols-wlr v0.3.12
  Downloaded wayland-protocols-misc v0.3.12
  Downloaded wayland-protocols-experimental v20250721.0.1
  Downloaded wayland-cursor v0.31.14
  Downloaded wayland-csd-frame v0.3.0
  Downloaded skia-bindings v0.90.0
  Downloaded rustybuzz v0.20.1
  Downloaded rustix v1.1.4
  Downloaded pin-project v1.1.13
  Downloaded no_std_io2 v0.9.4
  Downloaded lyon_geom v1.0.19
  Downloaded io-lifetimes v1.0.11
  Downloaded input v0.9.1
  Downloaded icu_provider v2.2.0
  Downloaded i-slint-renderer-software v1.16.1
  Downloaded i-slint-backend-selector v1.16.1
  Downloaded half v2.7.1
  Downloaded yeslogic-fontconfig-sys v6.0.1
  Downloaded windows-threading v0.2.1
  Downloaded windows-strings v0.5.1
  Downloaded wasm-bindgen-shared v0.2.121
  Downloaded wasm-bindgen-macro v0.2.121
  Downloaded vtable-macro v0.4.0
  Downloaded vtable v0.4.0
  Downloaded linux-raw-sys v0.9.4
  Downloaded v_frame v0.3.9
  Downloaded uuid v1.23.1
  Downloaded unty v0.0.4
  Downloaded unicode-vo v0.1.0
  Downloaded unicode-script v0.5.8
  Downloaded unicode-properties v0.1.4
  Downloaded unicode-ident v1.0.24
  Downloaded unicode-ccc v0.4.0
  Downloaded unicode-bidi-mirroring v0.4.0
  Downloaded unicode-bidi v0.3.18
  Downloaded unicase v2.9.0
  Downloaded udev v0.9.3
  Downloaded tinyvec v1.11.0
  Downloaded resvg v0.47.0
  Downloaded regex-syntax v0.8.10
  Downloaded read-fonts v0.37.0
  Downloaded polycool v0.4.0
  Downloaded parlance v0.1.0
  Downloaded num_enum_derive v0.7.6
  Downloaded num-integer v0.1.46
  Downloaded memmap2 v0.9.10
  Downloaded lyon_path v1.0.19
  Downloaded lyon_algorithms v1.0.20
  Downloaded litemap v0.8.2
  Downloaded libloading v0.8.9
  Downloaded imgref v1.12.1
  Downloaded imagesize v0.14.0
  Downloaded i-slint-renderer-femtovg v1.16.1
  Downloaded i-slint-core-macros v1.16.1
  Downloaded htmlparser v0.2.1
  Downloaded grid v1.0.1
  Downloaded glob v0.3.3
  Downloaded toml_parser v1.1.2+spec-1.1.0
  Downloaded toml_datetime v1.1.1+spec-1.1.0
  Downloaded toml v1.1.2+spec-1.1.0
  Downloaded toml v0.9.12+spec-1.1.0
  Downloaded tinystr v0.8.3
  Downloaded tiny-xlib v0.2.5
  Downloaded rustc-hash v1.1.0
  Downloaded quick-error v2.0.1
  Downloaded linux-raw-sys v0.12.1
  Downloaded profiling v1.0.18
  Downloaded pkg-config v0.3.33
  Downloaded piper v0.2.5
  Downloaded pin-weak v1.1.0
  Downloaded pin-project-lite v0.2.17
  Downloaded pin-project-internal v1.1.13
  Downloaded pastey v0.1.1
  Downloaded parley_data v0.8.0
  Downloaded ordered-stream v0.2.0
  Downloaded num_enum v0.7.6
  Downloaded num-rational v0.4.2
  Downloaded natord v1.0.9
  Downloaded linked_hash_set v0.1.6
  Downloaded linebender_resource_handle v0.1.1
  Downloaded icu_segmenter_data v2.2.0
  Downloaded proc-macro-crate v3.5.0
  Downloaded potential_utf v0.1.5
  Downloaded owned_ttf_parser v0.25.1
  Downloaded maybe-rayon v0.1.1
  Downloaded tiny-skia-path v0.12.0
  Downloaded rayon v1.12.0
  Downloaded text-size v1.1.1
  Downloaded noop_proc_macro v0.3.0
  Downloaded windows v0.62.2
  Downloaded new_debug_unreachable v1.0.6
  Downloaded lyon_extra v1.1.0
  Downloaded loop9 v0.1.5
  Downloaded lebe v0.5.3
  Downloaded integer-sqrt v0.1.5
  Downloaded av-scenechange v0.14.1
  Downloaded slotmap v1.1.1
  Downloaded matchers v0.2.0
  Downloaded smol_str v0.3.6
  Downloaded slint-macros v1.16.1
  Downloaded spin_on v0.1.1
  Downloaded snafu-derive v0.8.9
  Downloaded smithay-clipboard v0.7.3
  Downloaded libudev-sys v0.1.4
  Downloaded itoa v1.0.18
  Downloaded i-slint-renderer-skia v1.16.1
  Downloaded slint-build v1.16.1
  Downloaded siphasher v1.0.3
  Downloaded simplecss v0.2.2
  Downloaded simd_helpers v0.1.0
  Downloaded simd-adler32 v0.3.9
  Downloaded serde_spanned v1.1.1
  Downloaded serde_repr v0.1.20
  Downloaded femtovg v0.23.2
  Downloaded exr v1.74.0
  Downloaded chrono v0.4.44
  Downloaded bindgen v0.72.1
  Downloaded strum v0.28.0
  Downloaded smol_str v0.2.2
  Downloaded profiling-procmacros v1.0.18
  Downloaded idna_adapter v1.2.2
  Downloaded sctk-adwaita v0.10.1
  Downloaded glow v0.17.0
  Downloaded futures-util v0.3.32
  Downloaded atspi-common v0.13.0
  Downloaded scoped-tls v1.0.1
  Downloaded rustc-hash v2.1.2
  Downloaded rspolib v0.1.2
  Downloaded roxmltree v0.21.1
  Downloaded glutin v0.32.3
  Downloaded fontdb v0.23.0
  Downloaded flate2 v1.1.9
  Downloaded euclid v0.22.14
  Downloaded cc v1.2.62
  Downloaded calloop v0.13.0
  Downloaded borsh v1.6.1
  Downloaded bincode v2.0.1
  Downloaded futures v0.3.32
  Downloaded calloop v0.14.4
  Downloaded bumpalo v3.20.2
  Downloaded gif v0.14.2
  Downloaded fontique v0.8.0
  Downloaded fdeflate v0.3.7
  Downloaded enumflags2 v0.7.12
  Downloaded drm v0.14.1
  Downloaded clang-sys v1.8.1
  Downloaded cexpr v0.6.0
  Downloaded bytemuck_derive v1.10.2
  Downloaded built v0.8.0
  Downloaded bitstream-io v4.10.0
  Downloaded bitflags v2.11.1
  Downloaded av1-grain v0.2.5
  Downloaded auto_enums v0.8.8
  Downloaded async-executor v1.14.0
  Downloaded accesskit_winit v0.30.0
  Downloaded ravif v0.13.0
  Downloaded glutin_egl_sys v0.7.1
  Downloaded gl_generator v0.14.0
  Downloaded getopts v0.2.24
  Downloaded futures-executor v0.3.32
  Downloaded font-types v0.11.3
  Downloaded filetime v0.2.29
  Downloaded fax v0.2.7
  Downloaded fastrand v2.4.1
  Downloaded directories v6.0.0
  Downloaded data-url v0.3.2
  Downloaded convert_case v0.10.0
  Downloaded clru v0.6.3
  Downloaded accesskit v0.22.0
  Downloaded glutin-winit v0.5.0
  Downloaded futures-sink v0.3.32
  Downloaded futures-channel v0.3.32
  Downloaded accesskit_unix v0.18.0
  Downloaded float-cmp v0.9.0
  Downloaded dtor v0.8.1
  Downloaded dpi v0.1.2
  Downloaded copypasta v0.10.2
  Downloaded calloop-wayland-source v0.4.1
  Downloaded byteorder-lite v0.1.0
  Downloaded avif-serialize v0.8.9
  Downloaded atspi-proxies v0.13.0
  Downloaded async-signal v0.2.14
  Downloaded async-broadcast v0.7.2
  Downloaded equator-macro v0.4.2
  Downloaded equator v0.4.2
  Downloaded endi v1.1.1
  Downloaded gbm v0.18.0
  Downloaded futures-task v0.3.32
  Downloaded futures-io v0.3.32
  Downloaded drm-sys v0.8.1
  Downloaded drm-fourcc v2.2.0
  Downloaded dlib v0.5.3
  Downloaded const-field-offset-macro v0.2.0
  Downloaded const-field-offset v0.2.0
  Downloaded color_quant v1.1.0
  Downloaded atspi v0.29.0
  Downloaded anyhow v1.0.102
  Downloaded accesskit_atspi_common v0.15.0
  Downloaded enumflags2_derive v0.7.12
  Downloaded downcast-rs v1.2.1
  Downloaded derive_utils v0.15.1
  Downloaded cursor-icon v1.2.0
  Downloaded ctor v0.10.1
  Downloaded countme v3.0.1
  Downloaded core_maths v0.1.1
  Downloaded calloop-wayland-source v0.3.0
  Downloaded by_address v1.2.1
  Downloaded bit_field v0.10.3
  Downloaded async-recursion v1.1.1
  Downloaded as-slice v0.2.1
  Downloaded as-raw-xcb-connection v1.0.1
  Downloaded ab_glyph v0.2.32
  Downloaded aligned v0.4.3
   Compiling proc-macro2 v1.0.106
   Compiling quote v1.0.45
   Compiling unicode-ident v1.0.24
   Compiling libm v0.2.16
    Checking cfg-if v1.0.4
   Compiling autocfg v1.5.0
    Checking bitflags v2.11.1
   Compiling memchr v2.8.0
   Compiling pkg-config v0.3.33
   Compiling libc v0.2.186
   Compiling portable-atomic v1.13.1
    Checking critical-section v1.2.0
    Checking log v0.4.29
   Compiling serde_core v1.0.228
   Compiling serde v1.0.228
    Checking smallvec v1.15.1
   Compiling rustix v1.1.4
    Checking linux-raw-sys v0.12.1
    Checking libloading v0.8.9
    Checking pin-project-lite v0.2.17
   Compiling winnow v1.0.3
   Compiling hashbrown v0.17.1
   Compiling version_check v0.9.5
    Checking dlib v0.5.3
    Checking slab v0.4.12
   Compiling equivalent v1.0.2
   Compiling toml_writer v1.1.1+spec-1.1.0
   Compiling toml_datetime v1.1.1+spec-1.1.0
   Compiling crc32fast v1.5.0
   Compiling indexmap v2.14.0
   Compiling wayland-sys v0.31.11
   Compiling find-msvc-tools v0.1.9
   Compiling shlex v1.3.0
    Checking stable_deref_trait v1.2.1
   Compiling toml_parser v1.1.2+spec-1.1.0
   Compiling cc v1.2.62
   Compiling icu_properties_data v2.2.0
   Compiling toml_edit v0.25.11+spec-1.1.0
   Compiling icu_normalizer_data v2.2.0
    Checking futures-core v0.3.32
   Compiling thiserror v2.0.18
    Checking downcast-rs v1.2.1
    Checking once_cell v1.21.4
   Compiling crossbeam-utils v0.8.21
    Checking scoped-tls v1.0.1
   Compiling proc-macro-crate v3.5.0
    Checking core_maths v0.1.1
   Compiling syn v2.0.117
    Checking tracing-core v0.1.36
   Compiling num-traits v0.2.19
    Checking arrayvec v0.7.6
   Compiling wayland-client v0.31.14
   Compiling wayland-backend v0.3.15
    Checking parking v2.2.1
    Checking futures-io v0.3.32
    Checking writeable v0.6.3
   Compiling unicode-segmentation v1.13.2
    Checking memmap2 v0.9.10
    Checking fastrand v2.4.1
   Compiling pulldown-cmark v0.13.3
   Compiling unicode-xid v0.2.6
    Checking litemap v0.8.2
   Compiling convert_case v0.10.0
    Checking float-cmp v0.9.0
   Compiling heck v0.5.0
    Checking utf8_iter v1.0.4
    Checking concurrent-queue v2.5.0
   Compiling simd-adler32 v0.3.9
    Checking strict-num v0.1.1
    Checking ttf-parser v0.25.1
   Compiling endi v1.1.1
    Checking arrayref v0.3.9
    Checking event-listener v5.4.1
    Checking futures-lite v2.6.1
   Compiling adler2 v2.0.1
   Compiling cfg_aliases v0.2.1
    Checking event-listener-strategy v0.5.4
    Checking allocator-api2 v0.2.21
   Compiling rayon-core v1.13.0
    Checking foldhash v0.2.0
   Compiling miniz_oxide v0.8.9
   Compiling async-io v2.6.0
   Compiling khronos_api v3.1.0
   Compiling anyhow v1.0.102
    Checking hashbrown v0.16.1
    Checking polling v3.11.0
   Compiling unicode-width v0.2.2
   Compiling crossbeam-epoch v0.9.18
   Compiling num-integer v0.1.46
    Checking errno v0.3.14
   Compiling slotmap v1.1.1
   Compiling yeslogic-fontconfig-sys v6.0.1
   Compiling synstructure v0.13.2
   Compiling crossbeam-deque v0.8.6
    Checking async-task v4.7.1
   Compiling either v1.15.0
    Checking signal-hook-registry v1.4.8
   Compiling num-bigint v0.4.6
   Compiling flate2 v1.1.9
    Checking async-channel v2.5.0
   Compiling thiserror v1.0.69
   Compiling zerocopy v0.8.48
   Compiling semver v1.0.28
    Checking xkeysym v0.2.1
    Checking atomic-waker v1.1.2
   Compiling zmij v1.0.21
   Compiling xml-rs v0.8.28
    Checking cursor-icon v1.2.0
   Compiling rustix v0.38.44
    Checking xcursor v0.3.10
    Checking wayland-csd-frame v0.3.0
    Checking piper v0.2.5
   Compiling rustc_version v0.4.1
   Compiling rayon v1.12.0
   Compiling num-rational v0.4.2
    Checking async-signal v0.2.14
   Compiling gl_generator v0.14.0
   Compiling getopts v0.2.24
   Compiling bytemuck_derive v1.10.2
   Compiling serde_derive v1.0.228
   Compiling zerofrom-derive v0.1.7
   Compiling yoke-derive v0.8.2
   Compiling zerovec-derive v0.11.3
   Compiling displaydoc v0.2.5
   Compiling thiserror-impl v2.0.18
   Compiling enumflags2_derive v0.7.12
   Compiling tracing-attributes v0.1.31
   Compiling derive_more-impl v2.1.1
   Compiling equator-macro v0.4.2
   Compiling strum_macros v0.28.0
   Compiling zerocopy-derive v0.8.48
   Compiling thiserror-impl v1.0.69
    Checking async-lock v3.4.2
   Compiling as-slice v0.2.1
   Compiling memoffset v0.9.1
   Compiling parlance v0.1.0
   Compiling equator v0.4.2
    Checking bytemuck v1.25.0
   Compiling aligned-vec v0.6.4
    Checking linux-raw-sys v0.4.15
   Compiling quick-error v2.0.1
    Checking zerofrom v0.1.8
   Compiling font-types v0.11.3
    Checking tracing v0.1.44
   Compiling v_frame v0.3.9
    Checking yoke v0.8.2
   Compiling icu_locale_data v2.2.0
   Compiling pulldown-cmark-escape v0.11.0
   Compiling paste v1.0.15
   Compiling unicase v2.9.0
   Compiling read-fonts v0.37.0
   Compiling zerovec v0.11.6
    Checking zerotrie v0.2.4
   Compiling av-scenechange v0.14.1
   Compiling linebender_resource_handle v0.1.1
   Compiling built v0.8.0
    Checking as-raw-xcb-connection v1.0.1
   Compiling tinystr v0.8.3
   Compiling potential_utf v0.1.5
   Compiling rav1e v0.8.1
   Compiling icu_locale_core v2.2.0
   Compiling quick-xml v0.39.4
   Compiling zvariant_utils v3.3.1
   Compiling enumflags2 v0.7.12
    Checking icu_collections v2.2.0
   Compiling derive_more v2.1.1
   Compiling aligned v0.4.3
    Checking async-process v2.5.0
   Compiling zvariant_derive v5.11.0
   Compiling arg_enum_proc_macro v0.3.4
   Compiling icu_provider v2.2.0
   Compiling async-trait v0.1.89
   Compiling async-recursion v1.1.1
   Compiling profiling-procmacros v1.0.18
   Compiling serde_repr v0.1.20
   Compiling field-offset v0.3.6
    Checking blocking v1.6.2
    Checking async-executor v1.14.0
    Checking icu_properties v2.2.0
   Compiling wayland-scanner v0.31.10
    Checking icu_normalizer v2.2.0
    Checking euclid v0.22.14
    Checking fdeflate v0.3.7
    Checking gethostname v1.1.0
    Checking async-broadcast v0.7.2
    Checking uuid v1.23.1
    Checking skrifa v0.40.0
   Compiling polycool v0.4.0
    Checking ordered-stream v0.2.0
   Compiling x11-dl v2.21.0
   Compiling no_std_io2 v0.9.4
   Compiling nom v8.0.0
   Compiling weezl v0.1.12
   Compiling zune-core v0.5.1
   Compiling icu_segmenter_data v2.2.0
    Checking tinyvec_macros v0.1.1
   Compiling serde_json v1.0.149
   Compiling fontique v0.8.0
    Checking hex v0.4.3
   Compiling pastey v0.1.1
   Compiling htmlparser v0.2.1
   Compiling y4m v0.8.0
    Checking x11rb-protocol v0.13.2
   Compiling zvariant v5.11.0
   Compiling tinyvec v1.11.0
   Compiling tiny-skia-path v0.12.0
   Compiling zune-jpeg v0.5.15
   Compiling bitstream-io v4.10.0
   Compiling profiling v1.0.18
    Checking kurbo v0.13.1
   Compiling png v0.18.1
   Compiling half v2.7.1
    Checking lyon_geom v1.0.19
   Compiling av1-grain v0.2.5
   Compiling i-slint-common v1.16.1
    Checking zbus_names v4.3.2
    Checking calloop v0.13.0
    Checking wayland-protocols v0.32.12
    Checking wayland-cursor v0.31.14
    Checking zbus_xml v5.1.1
   Compiling rgb v0.8.53
   Compiling maybe-rayon v0.1.1
   Compiling num-derive v0.4.2
   Compiling itertools v0.14.0
   Compiling simd_helpers v0.1.0
   Compiling imgref v1.12.1
    Checking unicode-ccc v0.4.0
   Compiling zbus_macros v5.15.0
    Checking unicode-properties v0.1.4
    Checking zbus-lockstep v0.5.2
   Compiling rustversion v1.0.22
    Checking unicode-script v0.5.8
   Compiling unicode-bidi-mirroring v0.4.0
    Checking byteorder-lite v0.1.0
   Compiling getrandom v0.3.4
    Checking static_assertions v1.1.0
   Compiling smithay-client-toolkit v0.19.2
   Compiling color_quant v1.1.0
    Checking futures-sink v0.3.32
    Checking siphasher v1.0.3
   Compiling noop_proc_macro v0.3.0
   Compiling zbus-lockstep-macros v0.5.2
    Checking percent-encoding v2.3.2
   Compiling new_debug_unreachable v1.0.6
    Checking rustybuzz v0.20.1
    Checking svgtypes v0.16.1
   Compiling image-webp v0.2.4
    Checking futures-channel v0.3.32
   Compiling gif v0.14.2
   Compiling loop9 v0.1.5
   Compiling fontdb v0.23.0
    Checking icu_locale v2.2.0
    Checking calloop-wayland-source v0.3.0
   Compiling idna_adapter v1.2.2
    Checking lyon_path v1.0.19
    Checking tiny-skia-path v0.11.4
   Compiling snafu-derive v0.8.9
   Compiling futures-macro v0.3.32
    Checking wayland-protocols-wlr v0.3.12
   Compiling const-field-offset-macro v0.2.0
    Checking owned_ttf_parser v0.25.1
   Compiling zune-inflate v0.2.54
   Compiling avif-serialize v0.8.9
    Checking roxmltree v0.21.1
   Compiling simplecss v0.2.2
   Compiling ahash v0.8.12
    Checking x11rb v0.13.2
    Checking imagesize v0.14.0
    Checking unicode-bidi v0.3.18
    Checking unicode-vo v0.1.0
   Compiling fax v0.2.7
    Checking pxfm v0.1.29
   Compiling data-url v0.3.2
    Checking zeno v0.3.3
   Compiling rspolib v0.1.2
   Compiling itoa v1.0.18
   Compiling xmlwriter v0.1.0
    Checking ab_glyph_rasterizer v0.1.10
   Compiling lebe v0.5.3
    Checking zbus v5.15.0
   Compiling base64 v0.22.1
   Compiling pico-args v0.5.0
    Checking yazi v0.2.1
    Checking futures-task v0.3.32
   Compiling bit_field v0.10.3
    Checking raw-window-handle v0.6.2
   Compiling usvg v0.47.0
    Checking swash v0.2.7
   Compiling exr v1.74.0
    Checking futures-util v0.3.32
    Checking const-field-offset v0.2.0
    Checking ab_glyph v0.2.32
   Compiling form_urlencoded v1.2.2
    Checking moxcms v0.8.1
   Compiling tiff v0.11.3
    Checking icu_segmenter v2.2.0
    Checking tiny-skia v0.11.4
   Compiling snafu v0.8.9
   Compiling idna v1.1.0
   Compiling ravif v0.13.0
    Checking tiny-skia v0.12.0
    Checking parley_data v0.8.0
    Checking harfrust v0.5.2
    Checking calloop v0.14.4
   Compiling qoi v0.4.1
   Compiling glutin_glx_sys v0.6.1
   Compiling glutin_egl_sys v0.7.1
   Compiling pin-project-internal v1.1.13
   Compiling num_enum_derive v0.7.6
   Compiling vtable-macro v0.4.0
   Compiling derive_utils v0.15.1
   Compiling winit v0.30.13
   Compiling unicode-linebreak v0.1.5
   Compiling countme v3.0.1
   Compiling linked-hash-map v0.5.6
   Compiling natord v1.0.9
   Compiling i-slint-compiler v1.16.1
   Compiling rustc-hash v1.1.0
    Checking accesskit v0.22.0
    Checking iana-time-zone v0.1.65
   Compiling hashbrown v0.14.5
   Compiling text-size v1.1.1
   Compiling smithay-client-toolkit v0.20.0
   Compiling lazy_static v1.5.0
    Checking atspi-common v0.13.0
   Compiling anstyle v1.0.14
   Compiling annotate-snippets v0.12.16
   Compiling rowan v0.16.1
    Checking vtable v0.4.0
    Checking accesskit_consumer v0.32.0
    Checking parley v0.8.0
    Checking chrono v0.4.44
    Checking pin-project v1.1.13
   Compiling image v0.25.10
   Compiling linked_hash_set v0.1.6
   Compiling auto_enums v0.8.8
   Compiling resvg v0.47.0
   Compiling num_enum v0.7.6
    Checking calloop-wayland-source v0.4.1
   Compiling url v2.5.8
   Compiling lyon_extra v1.1.0
    Checking sctk-adwaita v0.10.1
   Compiling i-slint-core-macros v1.16.1
    Checking lyon_algorithms v1.0.20
    Checking wayland-protocols-misc v0.3.12
    Checking wayland-protocols-plasma v0.3.12
    Checking wayland-protocols-experimental v20250721.0.1
    Checking strum v0.28.0
    Checking taffy v0.9.2
    Checking xkbcommon-dl v0.4.2
    Checking clru v0.6.3
   Compiling glutin v0.32.3
   Compiling tiny-xlib v0.2.5
    Checking sys-locale v0.3.2
    Checking scopeguard v1.2.0
   Compiling smol_str v0.3.6
    Checking smol_str v0.2.2
   Compiling pin-utils v0.1.0
   Compiling by_address v1.2.1
    Checking pin-weak v1.1.0
    Checking dpi v0.1.2
    Checking scoped-tls-hkt v0.1.5
   Compiling typed-index-collections v3.5.0
   Compiling spin_on v0.1.1
   Compiling glutin-winit v0.5.0
    Checking fnv v1.0.7
    Checking glow v0.17.0
    Checking ctor v0.10.1
    Checking futures-executor v0.3.32
    Checking x11-clipboard v0.9.3
    Checking integer-sqrt v0.1.5
   Compiling i-slint-backend-winit v1.16.1
   Compiling i-slint-backend-selector v1.16.1
    Checking i-slint-core v1.16.1
    Checking futures v0.3.32
    Checking regex-syntax v0.8.10
    Checking atspi-proxies v0.13.0
    Checking accesskit_atspi_common v0.15.0
    Checking option-ext v0.2.0
    Checking softbuffer v0.4.8
    Checking femtovg v0.23.2
    Checking dirs-sys v0.5.0
    Checking smithay-clipboard v0.7.3
    Checking sharded-slab v0.1.7
    Checking webbrowser v1.2.1
    Checking regex-automata v0.4.14
   Compiling tokio-macros v2.7.0
    Checking copypasta v0.10.2
    Checking serde_spanned v1.1.1
    Checking tracing-log v0.2.0
    Checking thread_local v1.1.9
    Checking nu-ansi-term v0.50.3
    Checking directories v6.0.0
    Checking toml v1.1.2+spec-1.1.0
    Checking atspi v0.29.0
    Checking matchers v0.2.0
    Checking tracing-subscriber v0.3.23
    Checking accesskit_unix v0.18.0
    Checking tokio v1.52.3
    Checking accesskit_winit v0.30.0
    Checking i-slint-renderer-software v1.16.1
    Checking i-slint-renderer-femtovg v1.16.1
   Compiling slint-build v1.16.1
   Compiling slint-macros v1.16.1
   Compiling cmt-rs v0.1.0 (/mnt/j/cmt-rs)
    Checking slint v1.16.1
    Finished `dev` profile [unoptimized + debuginfo] target(s) in 1m 09s
