target/debug/build/aws-lc-sys-725a0b107a23568f/out/04eeec89e42d55d6-base64.o
target/debug/build/aws-lc-sys-725a0b107a23568f/out/0c3804045166d4da-engine.o
target/debug/build/aws-lc-sys-725a0b107a23568f/out/1422d04bdd67fc71-conf.o
target/debug/build/aws-lc-sys-725a0b107a23568f/out/14b7a8907924f363-crypto.o
target/debug/build/aws-lc-sys-725a0b107a23568f/out/14b7a8907924f363-ex_data.o
target/debug/build/aws-lc-sys-725a0b107a23568f/out/14b7a8907924f363-mem.o
target/debug/build/aws-lc-sys-725a0b107a23568f/out/14b7a8907924f363-refcount_c11.o
target/debug/build/aws-lc-sys-725a0b107a23568f/out/14b7a8907924f363-refcount_lock.o
target/debug/build/aws-lc-sys-725a0b107a23568f/out/14b7a8907924f363-refcount_win.o
target/debug/build/aws-lc-sys-725a0b107a23568f/out/14b7a8907924f363-thread.o
target/debug/build/aws-lc-sys-725a0b107a23568f/out/14b7a8907924f363-thread_none.o
target/debug/build/aws-lc-sys-725a0b107a23568f/out/14b7a8907924f363-thread_pthread.o
target/debug/build/aws-lc-sys-725a0b107a23568f/out/14b7a8907924f363-thread_win.o
target/debug/build/aws-lc-sys-725a0b107a23568f/out/15dfd8dd175c17b6-jitterentropy-base.o
target/debug/build/aws-lc-sys-725a0b107a23568f/out/15dfd8dd175c17b6-jitterentropy-gcd.o
target/debug/build/aws-lc-sys-725a0b107a23568f/out/15dfd8dd175c17b6-jitterentropy-health.o
target/debug/build/aws-lc-sys-725a0b107a23568f/out/15dfd8dd175c17b6-jitterentropy-noise.o
target/debug/build/aws-lc-sys-725a0b107a23568f/out/15dfd8dd175c17b6-jitterentropy-sha3.o
target/debug/build/aws-lc-sys-725a0b107a23568f/out/15dfd8dd175c17b6-jitterentropy-timer.o
target/debug/build/aws-lc-sys-725a0b107a23568f/out/16b05057636fa661-des.o
target/debug/build/aws-lc-sys-725a0b107a23568f/out/16bd12b83b917f08-obj_decrepit.o
target/debug/build/aws-lc-sys-725a0b107a23568f/out/1a7a477ca732f05d-dsa.o
target/debug/build/aws-lc-sys-725a0b107a23568f/out/1a7a477ca732f05d-dsa_asn1.o
target/debug/build/aws-lc-sys-725a0b107a23568f/out/2167aa265d401c52-bio.o
target/debug/build/aws-lc-sys-725a0b107a23568f/out/2167aa265d401c52-bio_addr.o
target/debug/build/aws-lc-sys-725a0b107a23568f/out/2167aa265d401c52-bio_mem.o
target/debug/build/aws-lc-sys-725a0b107a23568f/out/2167aa265d401c52-connect.o
target/debug/build/aws-lc-sys-725a0b107a23568f/out/2167aa265d401c52-dgram.o
target/debug/build/aws-lc-sys-725a0b107a23568f/out/2167aa265d401c52-errno.o
target/debug/build/aws-lc-sys-725a0b107a23568f/out/2167aa265d401c52-fd.o
target/debug/build/aws-lc-sys-725a0b107a23568f/out/2167aa265d401c52-file.o
target/debug/build/aws-lc-sys-725a0b107a23568f/out/2167aa265d401c52-hexdump.o
target/debug/build/aws-lc-sys-725a0b107a23568f/out/2167aa265d401c52-md.o
target/debug/build/aws-lc-sys-725a0b107a23568f/out/2167aa265d401c52-pair.o
target/debug/build/aws-lc-sys-725a0b107a23568f/out/2167aa265d401c52-printf.o
target/debug/build/aws-lc-sys-725a0b107a23568f/out/2167aa265d401c52-socket.o
target/debug/build/aws-lc-sys-725a0b107a23568f/out/2167aa265d401c52-socket_helper.o
target/debug/build/aws-lc-sys-725a0b107a23568f/out/22d71d51e59b749a-ecdh_extra.o
target/debug/build/aws-lc-sys-725a0b107a23568f/out/289700bda93b1eb7-blowfish.o
target/debug/build/aws-lc-sys-725a0b107a23568f/out/29db78809f947df5-fork_ube_detect.o
target/debug/build/aws-lc-sys-725a0b107a23568f/out/29db78809f947df5-ube.o
target/debug/build/aws-lc-sys-725a0b107a23568f/out/29db78809f947df5-vm_ube_detect.o
target/debug/build/aws-lc-sys-725a0b107a23568f/out/2dc981f17842f739-chacha.o
target/debug/build/aws-lc-sys-725a0b107a23568f/out/2e00b12a1a1cbcfb-asn1_lib.o
target/debug/build/aws-lc-sys-725a0b107a23568f/out/2e00b12a1a1cbcfb-asn1_par.o
target/debug/build/aws-lc-sys-725a0b107a23568f/out/2e00b12a1a1cbcfb-asn_pack.o
target/debug/build/aws-lc-sys-725a0b107a23568f/out/2e00b12a1a1cbcfb-a_bitstr.o
target/debug/build/aws-lc-sys-725a0b107a23568f/out/2e00b12a1a1cbcfb-a_bool.o
target/debug/build/aws-lc-sys-725a0b107a23568f/out/2e00b12a1a1cbcfb-a_d2i_fp.o
target/debug/build/aws-lc-sys-725a0b107a23568f/out/2e00b12a1a1cbcfb-a_dup.o
target/debug/build/aws-lc-sys-725a0b107a23568f/out/2e00b12a1a1cbcfb-a_gentm.o
target/debug/build/aws-lc-sys-725a0b107a23568f/out/2e00b12a1a1cbcfb-a_i2d_fp.o
target/debug/build/aws-lc-sys-725a0b107a23568f/out/2e00b12a1a1cbcfb-a_int.o
target/debug/build/aws-lc-sys-725a0b107a23568f/out/2e00b12a1a1cbcfb-a_mbstr.o
target/debug/build/aws-lc-sys-725a0b107a23568f/out/2e00b12a1a1cbcfb-a_object.o
target/debug/build/aws-lc-sys-725a0b107a23568f/out/2e00b12a1a1cbcfb-a_octet.o
target/debug/build/aws-lc-sys-725a0b107a23568f/out/2e00b12a1a1cbcfb-a_strex.o
target/debug/build/aws-lc-sys-725a0b107a23568f/out/2e00b12a1a1cbcfb-a_strnid.o
target/debug/build/aws-lc-sys-725a0b107a23568f/out/2e00b12a1a1cbcfb-a_time.o
target/debug/build/aws-lc-sys-725a0b107a23568f/out/2e00b12a1a1cbcfb-a_type.o
target/debug/build/aws-lc-sys-725a0b107a23568f/out/2e00b12a1a1cbcfb-a_utctm.o
target/debug/build/aws-lc-sys-725a0b107a23568f/out/2e00b12a1a1cbcfb-a_utf8.o
target/debug/build/aws-lc-sys-725a0b107a23568f/out/2e00b12a1a1cbcfb-f_int.o
target/debug/build/aws-lc-sys-725a0b107a23568f/out/2e00b12a1a1cbcfb-f_string.o
target/debug/build/aws-lc-sys-725a0b107a23568f/out/2e00b12a1a1cbcfb-posix_time.o
target/debug/build/aws-lc-sys-725a0b107a23568f/out/2e00b12a1a1cbcfb-tasn_dec.o
target/debug/build/aws-lc-sys-725a0b107a23568f/out/2e00b12a1a1cbcfb-tasn_enc.o
target/debug/build/aws-lc-sys-725a0b107a23568f/out/2e00b12a1a1cbcfb-tasn_fre.o
target/debug/build/aws-lc-sys-725a0b107a23568f/out/2e00b12a1a1cbcfb-tasn_new.o
target/debug/build/aws-lc-sys-725a0b107a23568f/out/2e00b12a1a1cbcfb-tasn_typ.o
target/debug/build/aws-lc-sys-725a0b107a23568f/out/2e00b12a1a1cbcfb-tasn_utl.o
target/debug/build/aws-lc-sys-725a0b107a23568f/out/2e1032cddf34bfa2-cast.o
target/debug/build/aws-lc-sys-725a0b107a23568f/out/2e1032cddf34bfa2-cast_tables.o
target/debug/build/aws-lc-sys-725a0b107a23568f/out/3633e99593d58d82-lhash.o
target/debug/build/aws-lc-sys-725a0b107a23568f/out/38c97449c114b302-pool.o
target/debug/build/aws-lc-sys-725a0b107a23568f/out/3de4f04d73cb93bc-dh_decrepit.o
target/debug/build/aws-lc-sys-725a0b107a23568f/out/3f1e270424ed3abe-bn_asn1.o
target/debug/build/aws-lc-sys-725a0b107a23568f/out/3f1e270424ed3abe-convert.o
target/debug/build/aws-lc-sys-725a0b107a23568f/out/4d61d2bf489db7df-cfb.o
target/debug/build/aws-lc-sys-725a0b107a23568f/out/4e6aa09f0a157b83-bcm.o
target/debug/build/aws-lc-sys-725a0b107a23568f/out/56102794278baadd-digest_extra.o
target/debug/build/aws-lc-sys-725a0b107a23568f/out/5a726c2e0b4a834a-p5_pbev2.o
target/debug/build/aws-lc-sys-725a0b107a23568f/out/5a726c2e0b4a834a-pkcs8.o
target/debug/build/aws-lc-sys-725a0b107a23568f/out/5a726c2e0b4a834a-pkcs8_x509.o
target/debug/build/aws-lc-sys-725a0b107a23568f/out/5ae2c9fa78f1a2a5-ecdsa_asn1.o
target/debug/build/aws-lc-sys-725a0b107a23568f/out/66b4af10886a55c0-err_data.o
target/debug/build/aws-lc-sys-725a0b107a23568f/out/6bea553339a5302d-pem_all.o
target/debug/build/aws-lc-sys-725a0b107a23568f/out/6bea553339a5302d-pem_info.o
target/debug/build/aws-lc-sys-725a0b107a23568f/out/6bea553339a5302d-pem_lib.o
target/debug/build/aws-lc-sys-725a0b107a23568f/out/6bea553339a5302d-pem_oth.o
target/debug/build/aws-lc-sys-725a0b107a23568f/out/6bea553339a5302d-pem_pk8.o
target/debug/build/aws-lc-sys-725a0b107a23568f/out/6bea553339a5302d-pem_pkey.o
target/debug/build/aws-lc-sys-725a0b107a23568f/out/6bea553339a5302d-pem_x509.o
target/debug/build/aws-lc-sys-725a0b107a23568f/out/6bea553339a5302d-pem_xaux.o
target/debug/build/aws-lc-sys-725a0b107a23568f/out/6f5ece45c5beba49-hpke.o
target/debug/build/aws-lc-sys-725a0b107a23568f/out/7057f1abe5b9b7c1-stack.o
target/debug/build/aws-lc-sys-725a0b107a23568f/out/71a528213f652904-rsa_decrepit.o
target/debug/build/aws-lc-sys-725a0b107a23568f/out/753dc0dc1ca67c94-siphash.o
target/debug/build/aws-lc-sys-725a0b107a23568f/out/7cf32099c4e118b2-cipher_extra.o
target/debug/build/aws-lc-sys-725a0b107a23568f/out/7cf32099c4e118b2-derive_key.o
target/debug/build/aws-lc-sys-725a0b107a23568f/out/7cf32099c4e118b2-e_aesctrhmac.o
target/debug/build/aws-lc-sys-725a0b107a23568f/out/7cf32099c4e118b2-e_aesgcmsiv.o
target/debug/build/aws-lc-sys-725a0b107a23568f/out/7cf32099c4e118b2-e_aes_cbc_hmac_sha1.o
target/debug/build/aws-lc-sys-725a0b107a23568f/out/7cf32099c4e118b2-e_aes_cbc_hmac_sha256.o
target/debug/build/aws-lc-sys-725a0b107a23568f/out/7cf32099c4e118b2-e_chacha20poly1305.o
target/debug/build/aws-lc-sys-725a0b107a23568f/out/7cf32099c4e118b2-e_des.o
target/debug/build/aws-lc-sys-725a0b107a23568f/out/7cf32099c4e118b2-e_null.o
target/debug/build/aws-lc-sys-725a0b107a23568f/out/7cf32099c4e118b2-e_rc2.o
target/debug/build/aws-lc-sys-725a0b107a23568f/out/7cf32099c4e118b2-e_rc4.o
target/debug/build/aws-lc-sys-725a0b107a23568f/out/7cf32099c4e118b2-e_tls.o
target/debug/build/aws-lc-sys-725a0b107a23568f/out/7cf32099c4e118b2-tls_cbc.o
target/debug/build/aws-lc-sys-725a0b107a23568f/out/7d4a773604914b6c-rc4.o
target/debug/build/aws-lc-sys-725a0b107a23568f/out/80aba5fbbed02ac0-rsassa_pss_asn1.o
target/debug/build/aws-lc-sys-725a0b107a23568f/out/80aba5fbbed02ac0-rsa_asn1.o
target/debug/build/aws-lc-sys-725a0b107a23568f/out/80aba5fbbed02ac0-rsa_crypt.o
target/debug/build/aws-lc-sys-725a0b107a23568f/out/80aba5fbbed02ac0-rsa_print.o
target/debug/build/aws-lc-sys-725a0b107a23568f/out/88a329989fee7284-pmbtoken.o
target/debug/build/aws-lc-sys-725a0b107a23568f/out/88a329989fee7284-trust_token.o
target/debug/build/aws-lc-sys-725a0b107a23568f/out/88a329989fee7284-voprf.o
target/debug/build/aws-lc-sys-725a0b107a23568f/out/8ab4758af3716d9b-x509_decrepit.o
target/debug/build/aws-lc-sys-725a0b107a23568f/out/916121d4f01ba371-md4.o
target/debug/build/aws-lc-sys-725a0b107a23568f/out/9c35020ea36803cd-ui.o
target/debug/build/aws-lc-sys-725a0b107a23568f/out/9e81c530cb2bc272-poly1305.o
target/debug/build/aws-lc-sys-725a0b107a23568f/out/9e81c530cb2bc272-poly1305_arm.o
target/debug/build/aws-lc-sys-725a0b107a23568f/out/9e81c530cb2bc272-poly1305_vec.o
target/debug/build/aws-lc-sys-725a0b107a23568f/out/a07b873717ca57a6-cpucap.o
target/debug/build/aws-lc-sys-725a0b107a23568f/out/a216d63cb7a7d183-err.o
target/debug/build/aws-lc-sys-725a0b107a23568f/out/a4986d73780ac6e4-evp_do_all.o
target/debug/build/aws-lc-sys-725a0b107a23568f/out/ae31bd7821aeab3c-asn1_compat.o
target/debug/build/aws-lc-sys-725a0b107a23568f/out/ae31bd7821aeab3c-ber.o
target/debug/build/aws-lc-sys-725a0b107a23568f/out/ae31bd7821aeab3c-cbb.o
target/debug/build/aws-lc-sys-725a0b107a23568f/out/ae31bd7821aeab3c-cbs.o
target/debug/build/aws-lc-sys-725a0b107a23568f/out/ae31bd7821aeab3c-unicode.o
target/debug/build/aws-lc-sys-725a0b107a23568f/out/aes128gcmsiv-x86_64.obj
target/debug/build/aws-lc-sys-725a0b107a23568f/out/aesni-gcm-avx512.obj
target/debug/build/aws-lc-sys-725a0b107a23568f/out/aesni-gcm-x86_64.obj
target/debug/build/aws-lc-sys-725a0b107a23568f/out/aesni-sha1-x86_64.obj
target/debug/build/aws-lc-sys-725a0b107a23568f/out/aesni-sha256-x86_64.obj
target/debug/build/aws-lc-sys-725a0b107a23568f/out/aesni-x86_64.obj
target/debug/build/aws-lc-sys-725a0b107a23568f/out/aesni-xts-avx512.obj
target/debug/build/aws-lc-sys-725a0b107a23568f/out/aws_lc_0_41_0_crypto.lib
target/debug/build/aws-lc-sys-725a0b107a23568f/out/b429259011229334-ripemd.o
target/debug/build/aws-lc-sys-725a0b107a23568f/out/b6b9af4577765577-dh_asn1.o
target/debug/build/aws-lc-sys-725a0b107a23568f/out/b6b9af4577765577-params.o
target/debug/build/aws-lc-sys-725a0b107a23568f/out/ba37a3a89dc8f9db-buf.o
target/debug/build/aws-lc-sys-725a0b107a23568f/out/c35d6d85751f7618-ccrandomgeneratebytes.o
target/debug/build/aws-lc-sys-725a0b107a23568f/out/c35d6d85751f7618-deterministic.o
target/debug/build/aws-lc-sys-725a0b107a23568f/out/c35d6d85751f7618-getentropy.o
target/debug/build/aws-lc-sys-725a0b107a23568f/out/c35d6d85751f7618-rand_extra.o
target/debug/build/aws-lc-sys-725a0b107a23568f/out/c35d6d85751f7618-urandom.o
target/debug/build/aws-lc-sys-725a0b107a23568f/out/c35d6d85751f7618-vm_ube_fallback.o
target/debug/build/aws-lc-sys-725a0b107a23568f/out/c35d6d85751f7618-windows.o
target/debug/build/aws-lc-sys-725a0b107a23568f/out/c72abdc0ee961a35-algorithm.o
target/debug/build/aws-lc-sys-725a0b107a23568f/out/c72abdc0ee961a35-asn1_gen.o
target/debug/build/aws-lc-sys-725a0b107a23568f/out/c72abdc0ee961a35-a_digest.o
target/debug/build/aws-lc-sys-725a0b107a23568f/out/c72abdc0ee961a35-a_sign.o
target/debug/build/aws-lc-sys-725a0b107a23568f/out/c72abdc0ee961a35-a_verify.o
target/debug/build/aws-lc-sys-725a0b107a23568f/out/c72abdc0ee961a35-by_dir.o
target/debug/build/aws-lc-sys-725a0b107a23568f/out/c72abdc0ee961a35-by_file.o
target/debug/build/aws-lc-sys-725a0b107a23568f/out/c72abdc0ee961a35-i2d_pr.o
target/debug/build/aws-lc-sys-725a0b107a23568f/out/c72abdc0ee961a35-name_print.o
target/debug/build/aws-lc-sys-725a0b107a23568f/out/c72abdc0ee961a35-policy.o
target/debug/build/aws-lc-sys-725a0b107a23568f/out/c72abdc0ee961a35-rsa_pss.o
target/debug/build/aws-lc-sys-725a0b107a23568f/out/c72abdc0ee961a35-t_crl.o
target/debug/build/aws-lc-sys-725a0b107a23568f/out/c72abdc0ee961a35-t_req.o
target/debug/build/aws-lc-sys-725a0b107a23568f/out/c72abdc0ee961a35-t_x509.o
target/debug/build/aws-lc-sys-725a0b107a23568f/out/c72abdc0ee961a35-t_x509a.o
target/debug/build/aws-lc-sys-725a0b107a23568f/out/c72abdc0ee961a35-v3_akey.o
target/debug/build/aws-lc-sys-725a0b107a23568f/out/c72abdc0ee961a35-v3_akeya.o
target/debug/build/aws-lc-sys-725a0b107a23568f/out/c72abdc0ee961a35-v3_alt.o
target/debug/build/aws-lc-sys-725a0b107a23568f/out/c72abdc0ee961a35-v3_bcons.o
target/debug/build/aws-lc-sys-725a0b107a23568f/out/c72abdc0ee961a35-v3_bitst.o
target/debug/build/aws-lc-sys-725a0b107a23568f/out/c72abdc0ee961a35-v3_conf.o
target/debug/build/aws-lc-sys-725a0b107a23568f/out/c72abdc0ee961a35-v3_cpols.o
target/debug/build/aws-lc-sys-725a0b107a23568f/out/c72abdc0ee961a35-v3_crld.o
target/debug/build/aws-lc-sys-725a0b107a23568f/out/c72abdc0ee961a35-v3_enum.o
target/debug/build/aws-lc-sys-725a0b107a23568f/out/c72abdc0ee961a35-v3_extku.o
target/debug/build/aws-lc-sys-725a0b107a23568f/out/c72abdc0ee961a35-v3_genn.o
target/debug/build/aws-lc-sys-725a0b107a23568f/out/c72abdc0ee961a35-v3_ia5.o
target/debug/build/aws-lc-sys-725a0b107a23568f/out/c72abdc0ee961a35-v3_info.o
target/debug/build/aws-lc-sys-725a0b107a23568f/out/c72abdc0ee961a35-v3_int.o
target/debug/build/aws-lc-sys-725a0b107a23568f/out/c72abdc0ee961a35-v3_lib.o
target/debug/build/aws-lc-sys-725a0b107a23568f/out/c72abdc0ee961a35-v3_ncons.o
target/debug/build/aws-lc-sys-725a0b107a23568f/out/c72abdc0ee961a35-v3_ocsp.o
target/debug/build/aws-lc-sys-725a0b107a23568f/out/c72abdc0ee961a35-v3_pcons.o
target/debug/build/aws-lc-sys-725a0b107a23568f/out/c72abdc0ee961a35-v3_pmaps.o
target/debug/build/aws-lc-sys-725a0b107a23568f/out/c72abdc0ee961a35-v3_prn.o
target/debug/build/aws-lc-sys-725a0b107a23568f/out/c72abdc0ee961a35-v3_purp.o
target/debug/build/aws-lc-sys-725a0b107a23568f/out/c72abdc0ee961a35-v3_skey.o
target/debug/build/aws-lc-sys-725a0b107a23568f/out/c72abdc0ee961a35-v3_utl.o
target/debug/build/aws-lc-sys-725a0b107a23568f/out/c72abdc0ee961a35-x509.o
target/debug/build/aws-lc-sys-725a0b107a23568f/out/c72abdc0ee961a35-x509cset.o
target/debug/build/aws-lc-sys-725a0b107a23568f/out/c72abdc0ee961a35-x509name.o
target/debug/build/aws-lc-sys-725a0b107a23568f/out/c72abdc0ee961a35-x509rset.o
target/debug/build/aws-lc-sys-725a0b107a23568f/out/c72abdc0ee961a35-x509spki.o
target/debug/build/aws-lc-sys-725a0b107a23568f/out/c72abdc0ee961a35-x509_att.o
target/debug/build/aws-lc-sys-725a0b107a23568f/out/c72abdc0ee961a35-x509_cmp.o
target/debug/build/aws-lc-sys-725a0b107a23568f/out/c72abdc0ee961a35-x509_d2.o
target/debug/build/aws-lc-sys-725a0b107a23568f/out/c72abdc0ee961a35-x509_def.o
target/debug/build/aws-lc-sys-725a0b107a23568f/out/c72abdc0ee961a35-x509_ext.o
target/debug/build/aws-lc-sys-725a0b107a23568f/out/c72abdc0ee961a35-x509_lu.o
target/debug/build/aws-lc-sys-725a0b107a23568f/out/c72abdc0ee961a35-x509_obj.o
target/debug/build/aws-lc-sys-725a0b107a23568f/out/c72abdc0ee961a35-x509_req.o
target/debug/build/aws-lc-sys-725a0b107a23568f/out/c72abdc0ee961a35-x509_set.o
target/debug/build/aws-lc-sys-725a0b107a23568f/out/c72abdc0ee961a35-x509_trs.o
target/debug/build/aws-lc-sys-725a0b107a23568f/out/c72abdc0ee961a35-x509_txt.o
target/debug/build/aws-lc-sys-725a0b107a23568f/out/c72abdc0ee961a35-x509_v3.o
target/debug/build/aws-lc-sys-725a0b107a23568f/out/c72abdc0ee961a35-x509_vfy.o
target/debug/build/aws-lc-sys-725a0b107a23568f/out/c72abdc0ee961a35-x509_vpm.o
target/debug/build/aws-lc-sys-725a0b107a23568f/out/c72abdc0ee961a35-x_algor.o
target/debug/build/aws-lc-sys-725a0b107a23568f/out/c72abdc0ee961a35-x_all.o
target/debug/build/aws-lc-sys-725a0b107a23568f/out/c72abdc0ee961a35-x_attrib.o
target/debug/build/aws-lc-sys-725a0b107a23568f/out/c72abdc0ee961a35-x_crl.o
target/debug/build/aws-lc-sys-725a0b107a23568f/out/c72abdc0ee961a35-x_exten.o
target/debug/build/aws-lc-sys-725a0b107a23568f/out/c72abdc0ee961a35-x_name.o
target/debug/build/aws-lc-sys-725a0b107a23568f/out/c72abdc0ee961a35-x_pubkey.o
target/debug/build/aws-lc-sys-725a0b107a23568f/out/c72abdc0ee961a35-x_req.o
target/debug/build/aws-lc-sys-725a0b107a23568f/out/c72abdc0ee961a35-x_sig.o
target/debug/build/aws-lc-sys-725a0b107a23568f/out/c72abdc0ee961a35-x_spki.o
target/debug/build/aws-lc-sys-725a0b107a23568f/out/c72abdc0ee961a35-x_val.o
target/debug/build/aws-lc-sys-725a0b107a23568f/out/c72abdc0ee961a35-x_x509.o
target/debug/build/aws-lc-sys-725a0b107a23568f/out/c72abdc0ee961a35-x_x509a.o
target/debug/build/aws-lc-sys-725a0b107a23568f/out/chacha-x86_64.obj
target/debug/build/aws-lc-sys-725a0b107a23568f/out/chacha20_poly1305_x86_64.obj
target/debug/build/aws-lc-sys-725a0b107a23568f/out/d12b22aa92fa2c12-obj.o
target/debug/build/aws-lc-sys-725a0b107a23568f/out/d12b22aa92fa2c12-obj_xref.o
target/debug/build/aws-lc-sys-725a0b107a23568f/out/d12c6229a54a94bf-spake25519.o
target/debug/build/aws-lc-sys-725a0b107a23568f/out/d587398a6cffdebf-blake2.o
target/debug/build/aws-lc-sys-725a0b107a23568f/out/d6ad26e793fcad34-hrss.o
target/debug/build/aws-lc-sys-725a0b107a23568f/out/d9c4f390c2f4ca12-ec_asn1.o
target/debug/build/aws-lc-sys-725a0b107a23568f/out/d9c4f390c2f4ca12-ec_derive.o
target/debug/build/aws-lc-sys-725a0b107a23568f/out/d9c4f390c2f4ca12-hash_to_curve.o
target/debug/build/aws-lc-sys-725a0b107a23568f/out/da5e9043c5956406-base64_bio.o
target/debug/build/aws-lc-sys-725a0b107a23568f/out/eb8406f3d82c9137-ocsp_asn.o
target/debug/build/aws-lc-sys-725a0b107a23568f/out/eb8406f3d82c9137-ocsp_client.o
target/debug/build/aws-lc-sys-725a0b107a23568f/out/eb8406f3d82c9137-ocsp_extension.o
target/debug/build/aws-lc-sys-725a0b107a23568f/out/eb8406f3d82c9137-ocsp_http.o
target/debug/build/aws-lc-sys-725a0b107a23568f/out/eb8406f3d82c9137-ocsp_lib.o
target/debug/build/aws-lc-sys-725a0b107a23568f/out/eb8406f3d82c9137-ocsp_print.o
target/debug/build/aws-lc-sys-725a0b107a23568f/out/eb8406f3d82c9137-ocsp_server.o
target/debug/build/aws-lc-sys-725a0b107a23568f/out/eb8406f3d82c9137-ocsp_verify.o
target/debug/build/aws-lc-sys-725a0b107a23568f/out/ecbf60e7f501c627-cipher.o
target/debug/build/aws-lc-sys-725a0b107a23568f/out/f4179f5d62aeb517-console.o
target/debug/build/aws-lc-sys-725a0b107a23568f/out/f7abf28ab7152ae0-evp_asn1.o
target/debug/build/aws-lc-sys-725a0b107a23568f/out/f7abf28ab7152ae0-print.o
target/debug/build/aws-lc-sys-725a0b107a23568f/out/f7abf28ab7152ae0-p_dh.o
target/debug/build/aws-lc-sys-725a0b107a23568f/out/f7abf28ab7152ae0-p_dh_asn1.o
target/debug/build/aws-lc-sys-725a0b107a23568f/out/f7abf28ab7152ae0-p_dsa.o
target/debug/build/aws-lc-sys-725a0b107a23568f/out/f7abf28ab7152ae0-p_dsa_asn1.o
target/debug/build/aws-lc-sys-725a0b107a23568f/out/f7abf28ab7152ae0-p_ec_asn1.o
target/debug/build/aws-lc-sys-725a0b107a23568f/out/f7abf28ab7152ae0-p_ed25519_asn1.o
target/debug/build/aws-lc-sys-725a0b107a23568f/out/f7abf28ab7152ae0-p_hmac_asn1.o
target/debug/build/aws-lc-sys-725a0b107a23568f/out/f7abf28ab7152ae0-p_kem_asn1.o
target/debug/build/aws-lc-sys-725a0b107a23568f/out/f7abf28ab7152ae0-p_methods.o
target/debug/build/aws-lc-sys-725a0b107a23568f/out/f7abf28ab7152ae0-p_pqdsa_asn1.o
target/debug/build/aws-lc-sys-725a0b107a23568f/out/f7abf28ab7152ae0-p_rsa_asn1.o
target/debug/build/aws-lc-sys-725a0b107a23568f/out/f7abf28ab7152ae0-p_x25519.o
target/debug/build/aws-lc-sys-725a0b107a23568f/out/f7abf28ab7152ae0-p_x25519_asn1.o
target/debug/build/aws-lc-sys-725a0b107a23568f/out/f7abf28ab7152ae0-scrypt.o
target/debug/build/aws-lc-sys-725a0b107a23568f/out/f7abf28ab7152ae0-sign.o
target/debug/build/aws-lc-sys-725a0b107a23568f/out/f8cd4cd5af0de706-pkcs7.o
target/debug/build/aws-lc-sys-725a0b107a23568f/out/f8cd4cd5af0de706-pkcs7_asn1.o
target/debug/build/aws-lc-sys-725a0b107a23568f/out/f8cd4cd5af0de706-pkcs7_x509.o
target/debug/build/aws-lc-sys-725a0b107a23568f/out/ghash-ssse3-x86_64.obj
target/debug/build/aws-lc-sys-725a0b107a23568f/out/ghash-x86_64.obj
target/debug/build/aws-lc-sys-725a0b107a23568f/out/include
target/debug/build/aws-lc-sys-725a0b107a23568f/out/libaws_lc_0_41_0_crypto.a
target/debug/build/aws-lc-sys-725a0b107a23568f/out/md5-x86_64.obj
target/debug/build/aws-lc-sys-725a0b107a23568f/out/p256-x86_64-asm.obj
target/debug/build/aws-lc-sys-725a0b107a23568f/out/p256_beeu-x86_64-asm.obj
target/debug/build/aws-lc-sys-725a0b107a23568f/out/rdrand-x86_64.obj
target/debug/build/aws-lc-sys-725a0b107a23568f/out/rsaz-2k-avx512.obj
target/debug/build/aws-lc-sys-725a0b107a23568f/out/rsaz-3k-avx512.obj
target/debug/build/aws-lc-sys-725a0b107a23568f/out/rsaz-4k-avx512.obj
target/debug/build/aws-lc-sys-725a0b107a23568f/out/rsaz-avx2.obj
target/debug/build/aws-lc-sys-725a0b107a23568f/out/sha1-x86_64.obj
target/debug/build/aws-lc-sys-725a0b107a23568f/out/sha256-x86_64.obj
target/debug/build/aws-lc-sys-725a0b107a23568f/out/sha512-x86_64.obj
target/debug/build/aws-lc-sys-725a0b107a23568f/out/trampoline-x86_64.obj
target/debug/build/aws-lc-sys-725a0b107a23568f/out/vpaes-x86_64.obj
target/debug/build/aws-lc-sys-725a0b107a23568f/out/x86_64-mont.obj
target/debug/build/aws-lc-sys-725a0b107a23568f/out/x86_64-mont5.obj
target/debug/build/aws-lc-sys-e380ed0b203560c5/out/001247bc65c2f5e5-cpucap.o
target/debug/build/aws-lc-sys-e380ed0b203560c5/out/020bc241f4dae036-bignum_madd_n25519.o
target/debug/build/aws-lc-sys-e380ed0b203560c5/out/020bc241f4dae036-bignum_madd_n25519_alt.o
target/debug/build/aws-lc-sys-e380ed0b203560c5/out/020bc241f4dae036-bignum_mod_n25519.o
target/debug/build/aws-lc-sys-e380ed0b203560c5/out/020bc241f4dae036-bignum_neg_p25519.o
target/debug/build/aws-lc-sys-e380ed0b203560c5/out/020bc241f4dae036-curve25519_x25519.o
target/debug/build/aws-lc-sys-e380ed0b203560c5/out/020bc241f4dae036-curve25519_x25519base.o
target/debug/build/aws-lc-sys-e380ed0b203560c5/out/020bc241f4dae036-curve25519_x25519base_alt.o
target/debug/build/aws-lc-sys-e380ed0b203560c5/out/020bc241f4dae036-curve25519_x25519_alt.o
target/debug/build/aws-lc-sys-e380ed0b203560c5/out/020bc241f4dae036-edwards25519_decode.o
target/debug/build/aws-lc-sys-e380ed0b203560c5/out/020bc241f4dae036-edwards25519_decode_alt.o
target/debug/build/aws-lc-sys-e380ed0b203560c5/out/020bc241f4dae036-edwards25519_encode.o
target/debug/build/aws-lc-sys-e380ed0b203560c5/out/020bc241f4dae036-edwards25519_scalarmulbase.o
target/debug/build/aws-lc-sys-e380ed0b203560c5/out/020bc241f4dae036-edwards25519_scalarmulbase_alt.o
target/debug/build/aws-lc-sys-e380ed0b203560c5/out/020bc241f4dae036-edwards25519_scalarmuldouble.o
target/debug/build/aws-lc-sys-e380ed0b203560c5/out/020bc241f4dae036-edwards25519_scalarmuldouble_alt.o
target/debug/build/aws-lc-sys-e380ed0b203560c5/out/056c1e7192c7090b-p5_pbev2.o
target/debug/build/aws-lc-sys-e380ed0b203560c5/out/056c1e7192c7090b-pkcs8.o
target/debug/build/aws-lc-sys-e380ed0b203560c5/out/056c1e7192c7090b-pkcs8_x509.o
target/debug/build/aws-lc-sys-e380ed0b203560c5/out/0a404614a98ad4aa-ui.o
target/debug/build/aws-lc-sys-e380ed0b203560c5/out/0c919c82d61b4518-ecdsa_asn1.o
target/debug/build/aws-lc-sys-e380ed0b203560c5/out/11289f19be935446-rsa_decrepit.o
target/debug/build/aws-lc-sys-e380ed0b203560c5/out/175e87304cd4663c-cfb.o
target/debug/build/aws-lc-sys-e380ed0b203560c5/out/199386740f3660f1-ripemd.o
target/debug/build/aws-lc-sys-e380ed0b203560c5/out/1eca0b6fab589d4a-chacha-x86_64.o
target/debug/build/aws-lc-sys-e380ed0b203560c5/out/27a075eab3d35364-pem_all.o
target/debug/build/aws-lc-sys-e380ed0b203560c5/out/27a075eab3d35364-pem_info.o
target/debug/build/aws-lc-sys-e380ed0b203560c5/out/27a075eab3d35364-pem_lib.o
target/debug/build/aws-lc-sys-e380ed0b203560c5/out/27a075eab3d35364-pem_oth.o
target/debug/build/aws-lc-sys-e380ed0b203560c5/out/27a075eab3d35364-pem_pk8.o
target/debug/build/aws-lc-sys-e380ed0b203560c5/out/27a075eab3d35364-pem_pkey.o
target/debug/build/aws-lc-sys-e380ed0b203560c5/out/27a075eab3d35364-pem_x509.o
target/debug/build/aws-lc-sys-e380ed0b203560c5/out/27a075eab3d35364-pem_xaux.o
target/debug/build/aws-lc-sys-e380ed0b203560c5/out/2d40dbbd793ef942-jitterentropy-base.o
target/debug/build/aws-lc-sys-e380ed0b203560c5/out/2d40dbbd793ef942-jitterentropy-gcd.o
target/debug/build/aws-lc-sys-e380ed0b203560c5/out/2d40dbbd793ef942-jitterentropy-health.o
target/debug/build/aws-lc-sys-e380ed0b203560c5/out/2d40dbbd793ef942-jitterentropy-noise.o
target/debug/build/aws-lc-sys-e380ed0b203560c5/out/2d40dbbd793ef942-jitterentropy-sha3.o
target/debug/build/aws-lc-sys-e380ed0b203560c5/out/2d40dbbd793ef942-jitterentropy-timer.o
target/debug/build/aws-lc-sys-e380ed0b203560c5/out/30a9a10d3f98970e-crypto.o
target/debug/build/aws-lc-sys-e380ed0b203560c5/out/30a9a10d3f98970e-ex_data.o
target/debug/build/aws-lc-sys-e380ed0b203560c5/out/30a9a10d3f98970e-mem.o
target/debug/build/aws-lc-sys-e380ed0b203560c5/out/30a9a10d3f98970e-refcount_c11.o
target/debug/build/aws-lc-sys-e380ed0b203560c5/out/30a9a10d3f98970e-refcount_lock.o
target/debug/build/aws-lc-sys-e380ed0b203560c5/out/30a9a10d3f98970e-refcount_win.o
target/debug/build/aws-lc-sys-e380ed0b203560c5/out/30a9a10d3f98970e-thread.o
target/debug/build/aws-lc-sys-e380ed0b203560c5/out/30a9a10d3f98970e-thread_none.o
target/debug/build/aws-lc-sys-e380ed0b203560c5/out/30a9a10d3f98970e-thread_pthread.o
target/debug/build/aws-lc-sys-e380ed0b203560c5/out/30a9a10d3f98970e-thread_win.o
target/debug/build/aws-lc-sys-e380ed0b203560c5/out/3f2f442030472042-base64_bio.o
target/debug/build/aws-lc-sys-e380ed0b203560c5/out/4433246e317b5e42-bignum_add_p384.o
target/debug/build/aws-lc-sys-e380ed0b203560c5/out/4433246e317b5e42-bignum_deamont_p384.o
target/debug/build/aws-lc-sys-e380ed0b203560c5/out/4433246e317b5e42-bignum_deamont_p384_alt.o
target/debug/build/aws-lc-sys-e380ed0b203560c5/out/4433246e317b5e42-bignum_littleendian_6.o
target/debug/build/aws-lc-sys-e380ed0b203560c5/out/4433246e317b5e42-bignum_montinv_p384.o
target/debug/build/aws-lc-sys-e380ed0b203560c5/out/4433246e317b5e42-bignum_montmul_p384.o
target/debug/build/aws-lc-sys-e380ed0b203560c5/out/4433246e317b5e42-bignum_montmul_p384_alt.o
target/debug/build/aws-lc-sys-e380ed0b203560c5/out/4433246e317b5e42-bignum_montsqr_p384.o
target/debug/build/aws-lc-sys-e380ed0b203560c5/out/4433246e317b5e42-bignum_montsqr_p384_alt.o
target/debug/build/aws-lc-sys-e380ed0b203560c5/out/4433246e317b5e42-bignum_neg_p384.o
target/debug/build/aws-lc-sys-e380ed0b203560c5/out/4433246e317b5e42-bignum_nonzero_6.o
target/debug/build/aws-lc-sys-e380ed0b203560c5/out/4433246e317b5e42-bignum_sub_p384.o
target/debug/build/aws-lc-sys-e380ed0b203560c5/out/4433246e317b5e42-bignum_tomont_p384.o
target/debug/build/aws-lc-sys-e380ed0b203560c5/out/4433246e317b5e42-bignum_tomont_p384_alt.o
target/debug/build/aws-lc-sys-e380ed0b203560c5/out/4433246e317b5e42-p384_montjdouble.o
target/debug/build/aws-lc-sys-e380ed0b203560c5/out/4433246e317b5e42-p384_montjdouble_alt.o
target/debug/build/aws-lc-sys-e380ed0b203560c5/out/4433246e317b5e42-p384_montjscalarmul.o
target/debug/build/aws-lc-sys-e380ed0b203560c5/out/4433246e317b5e42-p384_montjscalarmul_alt.o
target/debug/build/aws-lc-sys-e380ed0b203560c5/out/45070f5a112d041b-fork_ube_detect.o
target/debug/build/aws-lc-sys-e380ed0b203560c5/out/45070f5a112d041b-ube.o
target/debug/build/aws-lc-sys-e380ed0b203560c5/out/45070f5a112d041b-vm_ube_detect.o
target/debug/build/aws-lc-sys-e380ed0b203560c5/out/4696e3d2cc941c84-pmbtoken.o
target/debug/build/aws-lc-sys-e380ed0b203560c5/out/4696e3d2cc941c84-trust_token.o
target/debug/build/aws-lc-sys-e380ed0b203560c5/out/4696e3d2cc941c84-voprf.o
target/debug/build/aws-lc-sys-e380ed0b203560c5/out/46ab76b5467ff2b0-obj_decrepit.o
target/debug/build/aws-lc-sys-e380ed0b203560c5/out/48649240ed88c783-siphash.o
target/debug/build/aws-lc-sys-e380ed0b203560c5/out/4a91b32c84b73ad7-ecdh_extra.o
target/debug/build/aws-lc-sys-e380ed0b203560c5/out/564c5311b313cdb2-aes128gcmsiv-x86_64.o
target/debug/build/aws-lc-sys-e380ed0b203560c5/out/564c5311b313cdb2-aesni-sha1-x86_64.o
target/debug/build/aws-lc-sys-e380ed0b203560c5/out/564c5311b313cdb2-aesni-sha256-x86_64.o
target/debug/build/aws-lc-sys-e380ed0b203560c5/out/564c5311b313cdb2-chacha20_poly1305_x86_64.o
target/debug/build/aws-lc-sys-e380ed0b203560c5/out/57454e98e6b3bf86-sha3_keccak4_f1600.o
target/debug/build/aws-lc-sys-e380ed0b203560c5/out/57454e98e6b3bf86-sha3_keccak4_f1600_alt.o
target/debug/build/aws-lc-sys-e380ed0b203560c5/out/57454e98e6b3bf86-sha3_keccak_f1600.o
target/debug/build/aws-lc-sys-e380ed0b203560c5/out/5d4700fda13603f0-poly1305.o
target/debug/build/aws-lc-sys-e380ed0b203560c5/out/5d4700fda13603f0-poly1305_arm.o
target/debug/build/aws-lc-sys-e380ed0b203560c5/out/5d4700fda13603f0-poly1305_vec.o
target/debug/build/aws-lc-sys-e380ed0b203560c5/out/5da2666a73fb65eb-hrss.o
target/debug/build/aws-lc-sys-e380ed0b203560c5/out/60df219e9fcbc210-stack.o
target/debug/build/aws-lc-sys-e380ed0b203560c5/out/62e235b24f99f4ff-blake2.o
target/debug/build/aws-lc-sys-e380ed0b203560c5/out/646586a52b9aa845-mldsa_intt.o
target/debug/build/aws-lc-sys-e380ed0b203560c5/out/646586a52b9aa845-mldsa_ntt.o
target/debug/build/aws-lc-sys-e380ed0b203560c5/out/646586a52b9aa845-mldsa_reduce.o
target/debug/build/aws-lc-sys-e380ed0b203560c5/out/65fbbb68d007b209-hpke.o
target/debug/build/aws-lc-sys-e380ed0b203560c5/out/6e6559d38d003e66-spake25519.o
target/debug/build/aws-lc-sys-e380ed0b203560c5/out/6e8bb48415b74ed4-dh_decrepit.o
target/debug/build/aws-lc-sys-e380ed0b203560c5/out/6e985d8b17b56a49-md4.o
target/debug/build/aws-lc-sys-e380ed0b203560c5/out/6f8e1f92835a38cb-x509_decrepit.o
target/debug/build/aws-lc-sys-e380ed0b203560c5/out/7510312e0f5aa0be-evp_asn1.o
target/debug/build/aws-lc-sys-e380ed0b203560c5/out/7510312e0f5aa0be-print.o
target/debug/build/aws-lc-sys-e380ed0b203560c5/out/7510312e0f5aa0be-p_dh.o
target/debug/build/aws-lc-sys-e380ed0b203560c5/out/7510312e0f5aa0be-p_dh_asn1.o
target/debug/build/aws-lc-sys-e380ed0b203560c5/out/7510312e0f5aa0be-p_dsa.o
target/debug/build/aws-lc-sys-e380ed0b203560c5/out/7510312e0f5aa0be-p_dsa_asn1.o
target/debug/build/aws-lc-sys-e380ed0b203560c5/out/7510312e0f5aa0be-p_ec_asn1.o
target/debug/build/aws-lc-sys-e380ed0b203560c5/out/7510312e0f5aa0be-p_ed25519_asn1.o
target/debug/build/aws-lc-sys-e380ed0b203560c5/out/7510312e0f5aa0be-p_hmac_asn1.o
target/debug/build/aws-lc-sys-e380ed0b203560c5/out/7510312e0f5aa0be-p_kem_asn1.o
target/debug/build/aws-lc-sys-e380ed0b203560c5/out/7510312e0f5aa0be-p_methods.o
target/debug/build/aws-lc-sys-e380ed0b203560c5/out/7510312e0f5aa0be-p_pqdsa_asn1.o
target/debug/build/aws-lc-sys-e380ed0b203560c5/out/7510312e0f5aa0be-p_rsa_asn1.o
target/debug/build/aws-lc-sys-e380ed0b203560c5/out/7510312e0f5aa0be-p_x25519.o
target/debug/build/aws-lc-sys-e380ed0b203560c5/out/7510312e0f5aa0be-p_x25519_asn1.o
target/debug/build/aws-lc-sys-e380ed0b203560c5/out/7510312e0f5aa0be-scrypt.o
target/debug/build/aws-lc-sys-e380ed0b203560c5/out/7510312e0f5aa0be-sign.o
target/debug/build/aws-lc-sys-e380ed0b203560c5/out/76322f89f5cc2d96-bio.o
target/debug/build/aws-lc-sys-e380ed0b203560c5/out/76322f89f5cc2d96-bio_addr.o
target/debug/build/aws-lc-sys-e380ed0b203560c5/out/76322f89f5cc2d96-bio_mem.o
target/debug/build/aws-lc-sys-e380ed0b203560c5/out/76322f89f5cc2d96-connect.o
target/debug/build/aws-lc-sys-e380ed0b203560c5/out/76322f89f5cc2d96-dgram.o
target/debug/build/aws-lc-sys-e380ed0b203560c5/out/76322f89f5cc2d96-errno.o
target/debug/build/aws-lc-sys-e380ed0b203560c5/out/76322f89f5cc2d96-fd.o
target/debug/build/aws-lc-sys-e380ed0b203560c5/out/76322f89f5cc2d96-file.o
target/debug/build/aws-lc-sys-e380ed0b203560c5/out/76322f89f5cc2d96-hexdump.o
target/debug/build/aws-lc-sys-e380ed0b203560c5/out/76322f89f5cc2d96-md.o
target/debug/build/aws-lc-sys-e380ed0b203560c5/out/76322f89f5cc2d96-pair.o
target/debug/build/aws-lc-sys-e380ed0b203560c5/out/76322f89f5cc2d96-printf.o
target/debug/build/aws-lc-sys-e380ed0b203560c5/out/76322f89f5cc2d96-socket.o
target/debug/build/aws-lc-sys-e380ed0b203560c5/out/76322f89f5cc2d96-socket_helper.o
target/debug/build/aws-lc-sys-e380ed0b203560c5/out/763c374fde874a6d-console.o
target/debug/build/aws-lc-sys-e380ed0b203560c5/out/7a596fe31a02c0e2-bn_asn1.o
target/debug/build/aws-lc-sys-e380ed0b203560c5/out/7a596fe31a02c0e2-convert.o
target/debug/build/aws-lc-sys-e380ed0b203560c5/out/7ac4c9359514b807-obj.o
target/debug/build/aws-lc-sys-e380ed0b203560c5/out/7ac4c9359514b807-obj_xref.o
target/debug/build/aws-lc-sys-e380ed0b203560c5/out/7bf3e571b6558a6b-ccrandomgeneratebytes.o
target/debug/build/aws-lc-sys-e380ed0b203560c5/out/7bf3e571b6558a6b-deterministic.o
target/debug/build/aws-lc-sys-e380ed0b203560c5/out/7bf3e571b6558a6b-getentropy.o
target/debug/build/aws-lc-sys-e380ed0b203560c5/out/7bf3e571b6558a6b-rand_extra.o
target/debug/build/aws-lc-sys-e380ed0b203560c5/out/7bf3e571b6558a6b-urandom.o
target/debug/build/aws-lc-sys-e380ed0b203560c5/out/7bf3e571b6558a6b-vm_ube_fallback.o
target/debug/build/aws-lc-sys-e380ed0b203560c5/out/7bf3e571b6558a6b-windows.o
target/debug/build/aws-lc-sys-e380ed0b203560c5/out/81d9a39ddc6b1c4e-aesni-gcm-avx512.o
target/debug/build/aws-lc-sys-e380ed0b203560c5/out/81d9a39ddc6b1c4e-aesni-gcm-x86_64.o
target/debug/build/aws-lc-sys-e380ed0b203560c5/out/81d9a39ddc6b1c4e-aesni-x86_64.o
target/debug/build/aws-lc-sys-e380ed0b203560c5/out/81d9a39ddc6b1c4e-aesni-xts-avx512.o
target/debug/build/aws-lc-sys-e380ed0b203560c5/out/81d9a39ddc6b1c4e-ghash-ssse3-x86_64.o
target/debug/build/aws-lc-sys-e380ed0b203560c5/out/81d9a39ddc6b1c4e-ghash-x86_64.o
target/debug/build/aws-lc-sys-e380ed0b203560c5/out/81d9a39ddc6b1c4e-md5-x86_64.o
target/debug/build/aws-lc-sys-e380ed0b203560c5/out/81d9a39ddc6b1c4e-p256-x86_64-asm.o
target/debug/build/aws-lc-sys-e380ed0b203560c5/out/81d9a39ddc6b1c4e-p256_beeu-x86_64-asm.o
target/debug/build/aws-lc-sys-e380ed0b203560c5/out/81d9a39ddc6b1c4e-rdrand-x86_64.o
target/debug/build/aws-lc-sys-e380ed0b203560c5/out/81d9a39ddc6b1c4e-rsaz-2k-avx512.o
target/debug/build/aws-lc-sys-e380ed0b203560c5/out/81d9a39ddc6b1c4e-rsaz-3k-avx512.o
target/debug/build/aws-lc-sys-e380ed0b203560c5/out/81d9a39ddc6b1c4e-rsaz-4k-avx512.o
target/debug/build/aws-lc-sys-e380ed0b203560c5/out/81d9a39ddc6b1c4e-rsaz-avx2.o
target/debug/build/aws-lc-sys-e380ed0b203560c5/out/81d9a39ddc6b1c4e-sha1-x86_64.o
target/debug/build/aws-lc-sys-e380ed0b203560c5/out/81d9a39ddc6b1c4e-sha256-x86_64.o
target/debug/build/aws-lc-sys-e380ed0b203560c5/out/81d9a39ddc6b1c4e-sha512-x86_64.o
target/debug/build/aws-lc-sys-e380ed0b203560c5/out/81d9a39ddc6b1c4e-vpaes-x86_64.o
target/debug/build/aws-lc-sys-e380ed0b203560c5/out/81d9a39ddc6b1c4e-x86_64-mont.o
target/debug/build/aws-lc-sys-e380ed0b203560c5/out/81d9a39ddc6b1c4e-x86_64-mont5.o
target/debug/build/aws-lc-sys-e380ed0b203560c5/out/86cc0a4f50e0e3bd-evp_do_all.o
target/debug/build/aws-lc-sys-e380ed0b203560c5/out/88572c8521602bd1-bignum_add_p521.o
target/debug/build/aws-lc-sys-e380ed0b203560c5/out/88572c8521602bd1-bignum_fromlebytes_p521.o
target/debug/build/aws-lc-sys-e380ed0b203560c5/out/88572c8521602bd1-bignum_inv_p521.o
target/debug/build/aws-lc-sys-e380ed0b203560c5/out/88572c8521602bd1-bignum_mul_p521.o
target/debug/build/aws-lc-sys-e380ed0b203560c5/out/88572c8521602bd1-bignum_mul_p521_alt.o
target/debug/build/aws-lc-sys-e380ed0b203560c5/out/88572c8521602bd1-bignum_neg_p521.o
target/debug/build/aws-lc-sys-e380ed0b203560c5/out/88572c8521602bd1-bignum_sqr_p521.o
target/debug/build/aws-lc-sys-e380ed0b203560c5/out/88572c8521602bd1-bignum_sqr_p521_alt.o
target/debug/build/aws-lc-sys-e380ed0b203560c5/out/88572c8521602bd1-bignum_sub_p521.o
target/debug/build/aws-lc-sys-e380ed0b203560c5/out/88572c8521602bd1-bignum_tolebytes_p521.o
target/debug/build/aws-lc-sys-e380ed0b203560c5/out/88572c8521602bd1-p521_jdouble.o
target/debug/build/aws-lc-sys-e380ed0b203560c5/out/88572c8521602bd1-p521_jdouble_alt.o
target/debug/build/aws-lc-sys-e380ed0b203560c5/out/88572c8521602bd1-p521_jscalarmul.o
target/debug/build/aws-lc-sys-e380ed0b203560c5/out/88572c8521602bd1-p521_jscalarmul_alt.o
target/debug/build/aws-lc-sys-e380ed0b203560c5/out/89981633f66afe17-cipher_extra.o
target/debug/build/aws-lc-sys-e380ed0b203560c5/out/89981633f66afe17-derive_key.o
target/debug/build/aws-lc-sys-e380ed0b203560c5/out/89981633f66afe17-e_aesctrhmac.o
target/debug/build/aws-lc-sys-e380ed0b203560c5/out/89981633f66afe17-e_aesgcmsiv.o
target/debug/build/aws-lc-sys-e380ed0b203560c5/out/89981633f66afe17-e_aes_cbc_hmac_sha1.o
target/debug/build/aws-lc-sys-e380ed0b203560c5/out/89981633f66afe17-e_aes_cbc_hmac_sha256.o
target/debug/build/aws-lc-sys-e380ed0b203560c5/out/89981633f66afe17-e_chacha20poly1305.o
target/debug/build/aws-lc-sys-e380ed0b203560c5/out/89981633f66afe17-e_des.o
target/debug/build/aws-lc-sys-e380ed0b203560c5/out/89981633f66afe17-e_null.o
target/debug/build/aws-lc-sys-e380ed0b203560c5/out/89981633f66afe17-e_rc2.o
target/debug/build/aws-lc-sys-e380ed0b203560c5/out/89981633f66afe17-e_rc4.o
target/debug/build/aws-lc-sys-e380ed0b203560c5/out/89981633f66afe17-e_tls.o
target/debug/build/aws-lc-sys-e380ed0b203560c5/out/89981633f66afe17-tls_cbc.o
target/debug/build/aws-lc-sys-e380ed0b203560c5/out/8f1694c3e3041570-bignum_montinv_p256.o
target/debug/build/aws-lc-sys-e380ed0b203560c5/out/8f1694c3e3041570-p256_montjscalarmul.o
target/debug/build/aws-lc-sys-e380ed0b203560c5/out/8f1694c3e3041570-p256_montjscalarmul_alt.o
target/debug/build/aws-lc-sys-e380ed0b203560c5/out/904ef411c1476e9d-cipher.o
target/debug/build/aws-lc-sys-e380ed0b203560c5/out/925ae38753d351a6-pool.o
target/debug/build/aws-lc-sys-e380ed0b203560c5/out/a3e95cd5f24d649a-err.o
target/debug/build/aws-lc-sys-e380ed0b203560c5/out/a4677c68e4880270-buf.o
target/debug/build/aws-lc-sys-e380ed0b203560c5/out/a4a065efb8ac7b35-cast.o
target/debug/build/aws-lc-sys-e380ed0b203560c5/out/a4a065efb8ac7b35-cast_tables.o
target/debug/build/aws-lc-sys-e380ed0b203560c5/out/a6455f51a2435c3f-chacha.o
target/debug/build/aws-lc-sys-e380ed0b203560c5/out/ad45968d24b0237e-base64.o
target/debug/build/aws-lc-sys-e380ed0b203560c5/out/b0fd2550ab09b04e-rsassa_pss_asn1.o
target/debug/build/aws-lc-sys-e380ed0b203560c5/out/b0fd2550ab09b04e-rsa_asn1.o
target/debug/build/aws-lc-sys-e380ed0b203560c5/out/b0fd2550ab09b04e-rsa_crypt.o
target/debug/build/aws-lc-sys-e380ed0b203560c5/out/b0fd2550ab09b04e-rsa_print.o
target/debug/build/aws-lc-sys-e380ed0b203560c5/out/b129d77c83f8bbf0-trampoline-x86_64.o
target/debug/build/aws-lc-sys-e380ed0b203560c5/out/bc1b343226bc6a17-asn1_lib.o
target/debug/build/aws-lc-sys-e380ed0b203560c5/out/bc1b343226bc6a17-asn1_par.o
target/debug/build/aws-lc-sys-e380ed0b203560c5/out/bc1b343226bc6a17-asn_pack.o
target/debug/build/aws-lc-sys-e380ed0b203560c5/out/bc1b343226bc6a17-a_bitstr.o
target/debug/build/aws-lc-sys-e380ed0b203560c5/out/bc1b343226bc6a17-a_bool.o
target/debug/build/aws-lc-sys-e380ed0b203560c5/out/bc1b343226bc6a17-a_d2i_fp.o
target/debug/build/aws-lc-sys-e380ed0b203560c5/out/bc1b343226bc6a17-a_dup.o
target/debug/build/aws-lc-sys-e380ed0b203560c5/out/bc1b343226bc6a17-a_gentm.o
target/debug/build/aws-lc-sys-e380ed0b203560c5/out/bc1b343226bc6a17-a_i2d_fp.o
target/debug/build/aws-lc-sys-e380ed0b203560c5/out/bc1b343226bc6a17-a_int.o
target/debug/build/aws-lc-sys-e380ed0b203560c5/out/bc1b343226bc6a17-a_mbstr.o
target/debug/build/aws-lc-sys-e380ed0b203560c5/out/bc1b343226bc6a17-a_object.o
target/debug/build/aws-lc-sys-e380ed0b203560c5/out/bc1b343226bc6a17-a_octet.o
target/debug/build/aws-lc-sys-e380ed0b203560c5/out/bc1b343226bc6a17-a_strex.o
target/debug/build/aws-lc-sys-e380ed0b203560c5/out/bc1b343226bc6a17-a_strnid.o
target/debug/build/aws-lc-sys-e380ed0b203560c5/out/bc1b343226bc6a17-a_time.o
target/debug/build/aws-lc-sys-e380ed0b203560c5/out/bc1b343226bc6a17-a_type.o
target/debug/build/aws-lc-sys-e380ed0b203560c5/out/bc1b343226bc6a17-a_utctm.o
target/debug/build/aws-lc-sys-e380ed0b203560c5/out/bc1b343226bc6a17-a_utf8.o
target/debug/build/aws-lc-sys-e380ed0b203560c5/out/bc1b343226bc6a17-f_int.o
target/debug/build/aws-lc-sys-e380ed0b203560c5/out/bc1b343226bc6a17-f_string.o
target/debug/build/aws-lc-sys-e380ed0b203560c5/out/bc1b343226bc6a17-posix_time.o
target/debug/build/aws-lc-sys-e380ed0b203560c5/out/bc1b343226bc6a17-tasn_dec.o
target/debug/build/aws-lc-sys-e380ed0b203560c5/out/bc1b343226bc6a17-tasn_enc.o
target/debug/build/aws-lc-sys-e380ed0b203560c5/out/bc1b343226bc6a17-tasn_fre.o
target/debug/build/aws-lc-sys-e380ed0b203560c5/out/bc1b343226bc6a17-tasn_new.o
target/debug/build/aws-lc-sys-e380ed0b203560c5/out/bc1b343226bc6a17-tasn_typ.o
target/debug/build/aws-lc-sys-e380ed0b203560c5/out/bc1b343226bc6a17-tasn_utl.o
target/debug/build/aws-lc-sys-e380ed0b203560c5/out/c1300545a7d60e2b-dh_asn1.o
target/debug/build/aws-lc-sys-e380ed0b203560c5/out/c1300545a7d60e2b-params.o
target/debug/build/aws-lc-sys-e380ed0b203560c5/out/c2f744a0f6403e0c-err_data.o
target/debug/build/aws-lc-sys-e380ed0b203560c5/out/c4fcddba145918af-asn1_compat.o
target/debug/build/aws-lc-sys-e380ed0b203560c5/out/c4fcddba145918af-ber.o
target/debug/build/aws-lc-sys-e380ed0b203560c5/out/c4fcddba145918af-cbb.o
target/debug/build/aws-lc-sys-e380ed0b203560c5/out/c4fcddba145918af-cbs.o
target/debug/build/aws-lc-sys-e380ed0b203560c5/out/c4fcddba145918af-unicode.o
target/debug/build/aws-lc-sys-e380ed0b203560c5/out/c7e9326d9b5d7de8-blowfish.o
target/debug/build/aws-lc-sys-e380ed0b203560c5/out/caa8b30982b4915c-ocsp_asn.o
target/debug/build/aws-lc-sys-e380ed0b203560c5/out/caa8b30982b4915c-ocsp_client.o
target/debug/build/aws-lc-sys-e380ed0b203560c5/out/caa8b30982b4915c-ocsp_extension.o
target/debug/build/aws-lc-sys-e380ed0b203560c5/out/caa8b30982b4915c-ocsp_http.o
target/debug/build/aws-lc-sys-e380ed0b203560c5/out/caa8b30982b4915c-ocsp_lib.o
target/debug/build/aws-lc-sys-e380ed0b203560c5/out/caa8b30982b4915c-ocsp_print.o
target/debug/build/aws-lc-sys-e380ed0b203560c5/out/caa8b30982b4915c-ocsp_server.o
target/debug/build/aws-lc-sys-e380ed0b203560c5/out/caa8b30982b4915c-ocsp_verify.o
target/debug/build/aws-lc-sys-e380ed0b203560c5/out/d7fed99e8aa5a9b1-rc4.o
target/debug/build/aws-lc-sys-e380ed0b203560c5/out/da5030c6f3330e8d-des.o
target/debug/build/aws-lc-sys-e380ed0b203560c5/out/dcb7d53a9be33b0c-engine.o
target/debug/build/aws-lc-sys-e380ed0b203560c5/out/dfe446faf29f8012-ec_asn1.o
target/debug/build/aws-lc-sys-e380ed0b203560c5/out/dfe446faf29f8012-ec_derive.o
target/debug/build/aws-lc-sys-e380ed0b203560c5/out/dfe446faf29f8012-hash_to_curve.o
target/debug/build/aws-lc-sys-e380ed0b203560c5/out/e3caa0b8b118742c-pkcs7.o
target/debug/build/aws-lc-sys-e380ed0b203560c5/out/e3caa0b8b118742c-pkcs7_asn1.o
target/debug/build/aws-lc-sys-e380ed0b203560c5/out/e3caa0b8b118742c-pkcs7_x509.o
target/debug/build/aws-lc-sys-e380ed0b203560c5/out/e4ecb171c489b811-conf.o
target/debug/build/aws-lc-sys-e380ed0b203560c5/out/e616dc00b7af72b9-intt.o
target/debug/build/aws-lc-sys-e380ed0b203560c5/out/e616dc00b7af72b9-mulcache_compute.o
target/debug/build/aws-lc-sys-e380ed0b203560c5/out/e616dc00b7af72b9-ntt.o
target/debug/build/aws-lc-sys-e380ed0b203560c5/out/e616dc00b7af72b9-nttfrombytes.o
target/debug/build/aws-lc-sys-e380ed0b203560c5/out/e616dc00b7af72b9-ntttobytes.o
target/debug/build/aws-lc-sys-e380ed0b203560c5/out/e616dc00b7af72b9-nttunpack.o
target/debug/build/aws-lc-sys-e380ed0b203560c5/out/e616dc00b7af72b9-polyvec_basemul_acc_montgomery_cached_asm_k2.o
target/debug/build/aws-lc-sys-e380ed0b203560c5/out/e616dc00b7af72b9-polyvec_basemul_acc_montgomery_cached_asm_k3.o
target/debug/build/aws-lc-sys-e380ed0b203560c5/out/e616dc00b7af72b9-polyvec_basemul_acc_montgomery_cached_asm_k4.o
target/debug/build/aws-lc-sys-e380ed0b203560c5/out/e616dc00b7af72b9-poly_compress_d10.o
target/debug/build/aws-lc-sys-e380ed0b203560c5/out/e616dc00b7af72b9-poly_compress_d11.o
target/debug/build/aws-lc-sys-e380ed0b203560c5/out/e616dc00b7af72b9-poly_compress_d4.o
target/debug/build/aws-lc-sys-e380ed0b203560c5/out/e616dc00b7af72b9-poly_compress_d5.o
target/debug/build/aws-lc-sys-e380ed0b203560c5/out/e616dc00b7af72b9-poly_decompress_d10.o
target/debug/build/aws-lc-sys-e380ed0b203560c5/out/e616dc00b7af72b9-poly_decompress_d11.o
target/debug/build/aws-lc-sys-e380ed0b203560c5/out/e616dc00b7af72b9-poly_decompress_d4.o
target/debug/build/aws-lc-sys-e380ed0b203560c5/out/e616dc00b7af72b9-poly_decompress_d5.o
target/debug/build/aws-lc-sys-e380ed0b203560c5/out/e616dc00b7af72b9-reduce.o
target/debug/build/aws-lc-sys-e380ed0b203560c5/out/e616dc00b7af72b9-rej_uniform_asm.o
target/debug/build/aws-lc-sys-e380ed0b203560c5/out/e616dc00b7af72b9-tomont.o
target/debug/build/aws-lc-sys-e380ed0b203560c5/out/e71c6558e17b1ce7-digest_extra.o
target/debug/build/aws-lc-sys-e380ed0b203560c5/out/ea2b51a0b6630529-lhash.o
target/debug/build/aws-lc-sys-e380ed0b203560c5/out/ebcd52e9457b6221-algorithm.o
target/debug/build/aws-lc-sys-e380ed0b203560c5/out/ebcd52e9457b6221-asn1_gen.o
target/debug/build/aws-lc-sys-e380ed0b203560c5/out/ebcd52e9457b6221-a_digest.o
target/debug/build/aws-lc-sys-e380ed0b203560c5/out/ebcd52e9457b6221-a_sign.o
target/debug/build/aws-lc-sys-e380ed0b203560c5/out/ebcd52e9457b6221-a_verify.o
target/debug/build/aws-lc-sys-e380ed0b203560c5/out/ebcd52e9457b6221-by_dir.o
target/debug/build/aws-lc-sys-e380ed0b203560c5/out/ebcd52e9457b6221-by_file.o
target/debug/build/aws-lc-sys-e380ed0b203560c5/out/ebcd52e9457b6221-i2d_pr.o
target/debug/build/aws-lc-sys-e380ed0b203560c5/out/ebcd52e9457b6221-name_print.o
target/debug/build/aws-lc-sys-e380ed0b203560c5/out/ebcd52e9457b6221-policy.o
target/debug/build/aws-lc-sys-e380ed0b203560c5/out/ebcd52e9457b6221-rsa_pss.o
target/debug/build/aws-lc-sys-e380ed0b203560c5/out/ebcd52e9457b6221-t_crl.o
target/debug/build/aws-lc-sys-e380ed0b203560c5/out/ebcd52e9457b6221-t_req.o
target/debug/build/aws-lc-sys-e380ed0b203560c5/out/ebcd52e9457b6221-t_x509.o
target/debug/build/aws-lc-sys-e380ed0b203560c5/out/ebcd52e9457b6221-t_x509a.o
target/debug/build/aws-lc-sys-e380ed0b203560c5/out/ebcd52e9457b6221-v3_akey.o
target/debug/build/aws-lc-sys-e380ed0b203560c5/out/ebcd52e9457b6221-v3_akeya.o
target/debug/build/aws-lc-sys-e380ed0b203560c5/out/ebcd52e9457b6221-v3_alt.o
target/debug/build/aws-lc-sys-e380ed0b203560c5/out/ebcd52e9457b6221-v3_bcons.o
target/debug/build/aws-lc-sys-e380ed0b203560c5/out/ebcd52e9457b6221-v3_bitst.o
target/debug/build/aws-lc-sys-e380ed0b203560c5/out/ebcd52e9457b6221-v3_conf.o
target/debug/build/aws-lc-sys-e380ed0b203560c5/out/ebcd52e9457b6221-v3_cpols.o
target/debug/build/aws-lc-sys-e380ed0b203560c5/out/ebcd52e9457b6221-v3_crld.o
target/debug/build/aws-lc-sys-e380ed0b203560c5/out/ebcd52e9457b6221-v3_enum.o
target/debug/build/aws-lc-sys-e380ed0b203560c5/out/ebcd52e9457b6221-v3_extku.o
target/debug/build/aws-lc-sys-e380ed0b203560c5/out/ebcd52e9457b6221-v3_genn.o
target/debug/build/aws-lc-sys-e380ed0b203560c5/out/ebcd52e9457b6221-v3_ia5.o
target/debug/build/aws-lc-sys-e380ed0b203560c5/out/ebcd52e9457b6221-v3_info.o
target/debug/build/aws-lc-sys-e380ed0b203560c5/out/ebcd52e9457b6221-v3_int.o
target/debug/build/aws-lc-sys-e380ed0b203560c5/out/ebcd52e9457b6221-v3_lib.o
target/debug/build/aws-lc-sys-e380ed0b203560c5/out/ebcd52e9457b6221-v3_ncons.o
target/debug/build/aws-lc-sys-e380ed0b203560c5/out/ebcd52e9457b6221-v3_ocsp.o
target/debug/build/aws-lc-sys-e380ed0b203560c5/out/ebcd52e9457b6221-v3_pcons.o
target/debug/build/aws-lc-sys-e380ed0b203560c5/out/ebcd52e9457b6221-v3_pmaps.o
target/debug/build/aws-lc-sys-e380ed0b203560c5/out/ebcd52e9457b6221-v3_prn.o
target/debug/build/aws-lc-sys-e380ed0b203560c5/out/ebcd52e9457b6221-v3_purp.o
target/debug/build/aws-lc-sys-e380ed0b203560c5/out/ebcd52e9457b6221-v3_skey.o
target/debug/build/aws-lc-sys-e380ed0b203560c5/out/ebcd52e9457b6221-v3_utl.o
target/debug/build/aws-lc-sys-e380ed0b203560c5/out/ebcd52e9457b6221-x509.o
target/debug/build/aws-lc-sys-e380ed0b203560c5/out/ebcd52e9457b6221-x509cset.o
target/debug/build/aws-lc-sys-e380ed0b203560c5/out/ebcd52e9457b6221-x509name.o
target/debug/build/aws-lc-sys-e380ed0b203560c5/out/ebcd52e9457b6221-x509rset.o
target/debug/build/aws-lc-sys-e380ed0b203560c5/out/ebcd52e9457b6221-x509spki.o
target/debug/build/aws-lc-sys-e380ed0b203560c5/out/ebcd52e9457b6221-x509_att.o
target/debug/build/aws-lc-sys-e380ed0b203560c5/out/ebcd52e9457b6221-x509_cmp.o
target/debug/build/aws-lc-sys-e380ed0b203560c5/out/ebcd52e9457b6221-x509_d2.o
target/debug/build/aws-lc-sys-e380ed0b203560c5/out/ebcd52e9457b6221-x509_def.o
target/debug/build/aws-lc-sys-e380ed0b203560c5/out/ebcd52e9457b6221-x509_ext.o
target/debug/build/aws-lc-sys-e380ed0b203560c5/out/ebcd52e9457b6221-x509_lu.o
target/debug/build/aws-lc-sys-e380ed0b203560c5/out/ebcd52e9457b6221-x509_obj.o
target/debug/build/aws-lc-sys-e380ed0b203560c5/out/ebcd52e9457b6221-x509_req.o
target/debug/build/aws-lc-sys-e380ed0b203560c5/out/ebcd52e9457b6221-x509_set.o
target/debug/build/aws-lc-sys-e380ed0b203560c5/out/ebcd52e9457b6221-x509_trs.o
target/debug/build/aws-lc-sys-e380ed0b203560c5/out/ebcd52e9457b6221-x509_txt.o
target/debug/build/aws-lc-sys-e380ed0b203560c5/out/ebcd52e9457b6221-x509_v3.o
target/debug/build/aws-lc-sys-e380ed0b203560c5/out/ebcd52e9457b6221-x509_vfy.o
target/debug/build/aws-lc-sys-e380ed0b203560c5/out/ebcd52e9457b6221-x509_vpm.o
target/debug/build/aws-lc-sys-e380ed0b203560c5/out/ebcd52e9457b6221-x_algor.o
target/debug/build/aws-lc-sys-e380ed0b203560c5/out/ebcd52e9457b6221-x_all.o
target/debug/build/aws-lc-sys-e380ed0b203560c5/out/ebcd52e9457b6221-x_attrib.o
target/debug/build/aws-lc-sys-e380ed0b203560c5/out/ebcd52e9457b6221-x_crl.o
target/debug/build/aws-lc-sys-e380ed0b203560c5/out/ebcd52e9457b6221-x_exten.o
target/debug/build/aws-lc-sys-e380ed0b203560c5/out/ebcd52e9457b6221-x_name.o
target/debug/build/aws-lc-sys-e380ed0b203560c5/out/ebcd52e9457b6221-x_pubkey.o
target/debug/build/aws-lc-sys-e380ed0b203560c5/out/ebcd52e9457b6221-x_req.o
target/debug/build/aws-lc-sys-e380ed0b203560c5/out/ebcd52e9457b6221-x_sig.o
target/debug/build/aws-lc-sys-e380ed0b203560c5/out/ebcd52e9457b6221-x_spki.o
target/debug/build/aws-lc-sys-e380ed0b203560c5/out/ebcd52e9457b6221-x_val.o
target/debug/build/aws-lc-sys-e380ed0b203560c5/out/ebcd52e9457b6221-x_x509.o
target/debug/build/aws-lc-sys-e380ed0b203560c5/out/ebcd52e9457b6221-x_x509a.o
target/debug/build/aws-lc-sys-e380ed0b203560c5/out/f8e4fd781484bd36-bcm.o
target/debug/build/aws-lc-sys-e380ed0b203560c5/out/fb1f39df2ea6f08f-dsa.o
target/debug/build/aws-lc-sys-e380ed0b203560c5/out/fb1f39df2ea6f08f-dsa_asn1.o
target/debug/build/aws-lc-sys-e380ed0b203560c5/out/include
target/debug/build/aws-lc-sys-e380ed0b203560c5/out/libaws_lc_0_41_0_crypto.a
target/debug/build/aws-lc-sys-fedc3b95e0428a5c/out/001247bc65c2f5e5-cpucap.o
target/debug/build/aws-lc-sys-fedc3b95e0428a5c/out/020bc241f4dae036-bignum_madd_n25519.o
target/debug/build/aws-lc-sys-fedc3b95e0428a5c/out/020bc241f4dae036-bignum_madd_n25519_alt.o
target/debug/build/aws-lc-sys-fedc3b95e0428a5c/out/020bc241f4dae036-bignum_mod_n25519.o
target/debug/build/aws-lc-sys-fedc3b95e0428a5c/out/020bc241f4dae036-bignum_neg_p25519.o
target/debug/build/aws-lc-sys-fedc3b95e0428a5c/out/020bc241f4dae036-curve25519_x25519.o
target/debug/build/aws-lc-sys-fedc3b95e0428a5c/out/020bc241f4dae036-curve25519_x25519base.o
target/debug/build/aws-lc-sys-fedc3b95e0428a5c/out/020bc241f4dae036-curve25519_x25519base_alt.o
target/debug/build/aws-lc-sys-fedc3b95e0428a5c/out/020bc241f4dae036-curve25519_x25519_alt.o
target/debug/build/aws-lc-sys-fedc3b95e0428a5c/out/020bc241f4dae036-edwards25519_decode.o
target/debug/build/aws-lc-sys-fedc3b95e0428a5c/out/020bc241f4dae036-edwards25519_decode_alt.o
target/debug/build/aws-lc-sys-fedc3b95e0428a5c/out/020bc241f4dae036-edwards25519_encode.o
target/debug/build/aws-lc-sys-fedc3b95e0428a5c/out/020bc241f4dae036-edwards25519_scalarmulbase.o
target/debug/build/aws-lc-sys-fedc3b95e0428a5c/out/020bc241f4dae036-edwards25519_scalarmulbase_alt.o
target/debug/build/aws-lc-sys-fedc3b95e0428a5c/out/020bc241f4dae036-edwards25519_scalarmuldouble.o
target/debug/build/aws-lc-sys-fedc3b95e0428a5c/out/020bc241f4dae036-edwards25519_scalarmuldouble_alt.o
target/debug/build/aws-lc-sys-fedc3b95e0428a5c/out/056c1e7192c7090b-p5_pbev2.o
target/debug/build/aws-lc-sys-fedc3b95e0428a5c/out/056c1e7192c7090b-pkcs8.o
target/debug/build/aws-lc-sys-fedc3b95e0428a5c/out/056c1e7192c7090b-pkcs8_x509.o
target/debug/build/aws-lc-sys-fedc3b95e0428a5c/out/0a404614a98ad4aa-ui.o
target/debug/build/aws-lc-sys-fedc3b95e0428a5c/out/0c919c82d61b4518-ecdsa_asn1.o
target/debug/build/aws-lc-sys-fedc3b95e0428a5c/out/11289f19be935446-rsa_decrepit.o
target/debug/build/aws-lc-sys-fedc3b95e0428a5c/out/175e87304cd4663c-cfb.o
target/debug/build/aws-lc-sys-fedc3b95e0428a5c/out/199386740f3660f1-ripemd.o
target/debug/build/aws-lc-sys-fedc3b95e0428a5c/out/1eca0b6fab589d4a-chacha-x86_64.o
target/debug/build/aws-lc-sys-fedc3b95e0428a5c/out/27a075eab3d35364-pem_all.o
target/debug/build/aws-lc-sys-fedc3b95e0428a5c/out/27a075eab3d35364-pem_info.o
target/debug/build/aws-lc-sys-fedc3b95e0428a5c/out/27a075eab3d35364-pem_lib.o
target/debug/build/aws-lc-sys-fedc3b95e0428a5c/out/27a075eab3d35364-pem_oth.o
target/debug/build/aws-lc-sys-fedc3b95e0428a5c/out/27a075eab3d35364-pem_pk8.o
target/debug/build/aws-lc-sys-fedc3b95e0428a5c/out/27a075eab3d35364-pem_pkey.o
target/debug/build/aws-lc-sys-fedc3b95e0428a5c/out/27a075eab3d35364-pem_x509.o
target/debug/build/aws-lc-sys-fedc3b95e0428a5c/out/27a075eab3d35364-pem_xaux.o
target/debug/build/aws-lc-sys-fedc3b95e0428a5c/out/2d40dbbd793ef942-jitterentropy-base.o
target/debug/build/aws-lc-sys-fedc3b95e0428a5c/out/2d40dbbd793ef942-jitterentropy-gcd.o
target/debug/build/aws-lc-sys-fedc3b95e0428a5c/out/2d40dbbd793ef942-jitterentropy-health.o
target/debug/build/aws-lc-sys-fedc3b95e0428a5c/out/2d40dbbd793ef942-jitterentropy-noise.o
target/debug/build/aws-lc-sys-fedc3b95e0428a5c/out/2d40dbbd793ef942-jitterentropy-sha3.o
target/debug/build/aws-lc-sys-fedc3b95e0428a5c/out/2d40dbbd793ef942-jitterentropy-timer.o
target/debug/build/aws-lc-sys-fedc3b95e0428a5c/out/30a9a10d3f98970e-crypto.o
target/debug/build/aws-lc-sys-fedc3b95e0428a5c/out/30a9a10d3f98970e-ex_data.o
target/debug/build/aws-lc-sys-fedc3b95e0428a5c/out/30a9a10d3f98970e-mem.o
target/debug/build/aws-lc-sys-fedc3b95e0428a5c/out/30a9a10d3f98970e-refcount_c11.o
target/debug/build/aws-lc-sys-fedc3b95e0428a5c/out/30a9a10d3f98970e-refcount_lock.o
target/debug/build/aws-lc-sys-fedc3b95e0428a5c/out/30a9a10d3f98970e-refcount_win.o
target/debug/build/aws-lc-sys-fedc3b95e0428a5c/out/30a9a10d3f98970e-thread.o
target/debug/build/aws-lc-sys-fedc3b95e0428a5c/out/30a9a10d3f98970e-thread_none.o
target/debug/build/aws-lc-sys-fedc3b95e0428a5c/out/30a9a10d3f98970e-thread_pthread.o
target/debug/build/aws-lc-sys-fedc3b95e0428a5c/out/30a9a10d3f98970e-thread_win.o
target/debug/build/aws-lc-sys-fedc3b95e0428a5c/out/3f2f442030472042-base64_bio.o
target/debug/build/aws-lc-sys-fedc3b95e0428a5c/out/4433246e317b5e42-bignum_add_p384.o
target/debug/build/aws-lc-sys-fedc3b95e0428a5c/out/4433246e317b5e42-bignum_deamont_p384.o
target/debug/build/aws-lc-sys-fedc3b95e0428a5c/out/4433246e317b5e42-bignum_deamont_p384_alt.o
target/debug/build/aws-lc-sys-fedc3b95e0428a5c/out/4433246e317b5e42-bignum_littleendian_6.o
target/debug/build/aws-lc-sys-fedc3b95e0428a5c/out/4433246e317b5e42-bignum_montinv_p384.o
target/debug/build/aws-lc-sys-fedc3b95e0428a5c/out/4433246e317b5e42-bignum_montmul_p384.o
target/debug/build/aws-lc-sys-fedc3b95e0428a5c/out/4433246e317b5e42-bignum_montmul_p384_alt.o
target/debug/build/aws-lc-sys-fedc3b95e0428a5c/out/4433246e317b5e42-bignum_montsqr_p384.o
target/debug/build/aws-lc-sys-fedc3b95e0428a5c/out/4433246e317b5e42-bignum_montsqr_p384_alt.o
target/debug/build/aws-lc-sys-fedc3b95e0428a5c/out/4433246e317b5e42-bignum_neg_p384.o
target/debug/build/aws-lc-sys-fedc3b95e0428a5c/out/4433246e317b5e42-bignum_nonzero_6.o
target/debug/build/aws-lc-sys-fedc3b95e0428a5c/out/4433246e317b5e42-bignum_sub_p384.o
target/debug/build/aws-lc-sys-fedc3b95e0428a5c/out/4433246e317b5e42-bignum_tomont_p384.o
target/debug/build/aws-lc-sys-fedc3b95e0428a5c/out/4433246e317b5e42-bignum_tomont_p384_alt.o
target/debug/build/aws-lc-sys-fedc3b95e0428a5c/out/4433246e317b5e42-p384_montjdouble.o
target/debug/build/aws-lc-sys-fedc3b95e0428a5c/out/4433246e317b5e42-p384_montjdouble_alt.o
target/debug/build/aws-lc-sys-fedc3b95e0428a5c/out/4433246e317b5e42-p384_montjscalarmul.o
target/debug/build/aws-lc-sys-fedc3b95e0428a5c/out/4433246e317b5e42-p384_montjscalarmul_alt.o
target/debug/build/aws-lc-sys-fedc3b95e0428a5c/out/45070f5a112d041b-fork_ube_detect.o
target/debug/build/aws-lc-sys-fedc3b95e0428a5c/out/45070f5a112d041b-ube.o
target/debug/build/aws-lc-sys-fedc3b95e0428a5c/out/45070f5a112d041b-vm_ube_detect.o
target/debug/build/aws-lc-sys-fedc3b95e0428a5c/out/4696e3d2cc941c84-pmbtoken.o
target/debug/build/aws-lc-sys-fedc3b95e0428a5c/out/4696e3d2cc941c84-trust_token.o
target/debug/build/aws-lc-sys-fedc3b95e0428a5c/out/4696e3d2cc941c84-voprf.o
target/debug/build/aws-lc-sys-fedc3b95e0428a5c/out/46ab76b5467ff2b0-obj_decrepit.o
target/debug/build/aws-lc-sys-fedc3b95e0428a5c/out/48649240ed88c783-siphash.o
target/debug/build/aws-lc-sys-fedc3b95e0428a5c/out/4a91b32c84b73ad7-ecdh_extra.o
target/debug/build/aws-lc-sys-fedc3b95e0428a5c/out/564c5311b313cdb2-aes128gcmsiv-x86_64.o
target/debug/build/aws-lc-sys-fedc3b95e0428a5c/out/564c5311b313cdb2-aesni-sha1-x86_64.o
target/debug/build/aws-lc-sys-fedc3b95e0428a5c/out/564c5311b313cdb2-aesni-sha256-x86_64.o
target/debug/build/aws-lc-sys-fedc3b95e0428a5c/out/564c5311b313cdb2-chacha20_poly1305_x86_64.o
target/debug/build/aws-lc-sys-fedc3b95e0428a5c/out/57454e98e6b3bf86-sha3_keccak4_f1600.o
target/debug/build/aws-lc-sys-fedc3b95e0428a5c/out/57454e98e6b3bf86-sha3_keccak4_f1600_alt.o
target/debug/build/aws-lc-sys-fedc3b95e0428a5c/out/57454e98e6b3bf86-sha3_keccak_f1600.o
target/debug/build/aws-lc-sys-fedc3b95e0428a5c/out/5d4700fda13603f0-poly1305.o
target/debug/build/aws-lc-sys-fedc3b95e0428a5c/out/5d4700fda13603f0-poly1305_arm.o
target/debug/build/aws-lc-sys-fedc3b95e0428a5c/out/5d4700fda13603f0-poly1305_vec.o
target/debug/build/aws-lc-sys-fedc3b95e0428a5c/out/5da2666a73fb65eb-hrss.o
target/debug/build/aws-lc-sys-fedc3b95e0428a5c/out/60df219e9fcbc210-stack.o
target/debug/build/aws-lc-sys-fedc3b95e0428a5c/out/62e235b24f99f4ff-blake2.o
target/debug/build/aws-lc-sys-fedc3b95e0428a5c/out/646586a52b9aa845-mldsa_intt.o
target/debug/build/aws-lc-sys-fedc3b95e0428a5c/out/646586a52b9aa845-mldsa_ntt.o
target/debug/build/aws-lc-sys-fedc3b95e0428a5c/out/646586a52b9aa845-mldsa_reduce.o
target/debug/build/aws-lc-sys-fedc3b95e0428a5c/out/65fbbb68d007b209-hpke.o
target/debug/build/aws-lc-sys-fedc3b95e0428a5c/out/6e6559d38d003e66-spake25519.o
target/debug/build/aws-lc-sys-fedc3b95e0428a5c/out/6e8bb48415b74ed4-dh_decrepit.o
target/debug/build/aws-lc-sys-fedc3b95e0428a5c/out/6e985d8b17b56a49-md4.o
target/debug/build/aws-lc-sys-fedc3b95e0428a5c/out/6f8e1f92835a38cb-x509_decrepit.o
target/debug/build/aws-lc-sys-fedc3b95e0428a5c/out/7510312e0f5aa0be-evp_asn1.o
target/debug/build/aws-lc-sys-fedc3b95e0428a5c/out/7510312e0f5aa0be-print.o
target/debug/build/aws-lc-sys-fedc3b95e0428a5c/out/7510312e0f5aa0be-p_dh.o
target/debug/build/aws-lc-sys-fedc3b95e0428a5c/out/7510312e0f5aa0be-p_dh_asn1.o
target/debug/build/aws-lc-sys-fedc3b95e0428a5c/out/7510312e0f5aa0be-p_dsa.o
target/debug/build/aws-lc-sys-fedc3b95e0428a5c/out/7510312e0f5aa0be-p_dsa_asn1.o
target/debug/build/aws-lc-sys-fedc3b95e0428a5c/out/7510312e0f5aa0be-p_ec_asn1.o
target/debug/build/aws-lc-sys-fedc3b95e0428a5c/out/7510312e0f5aa0be-p_ed25519_asn1.o
target/debug/build/aws-lc-sys-fedc3b95e0428a5c/out/7510312e0f5aa0be-p_hmac_asn1.o
target/debug/build/aws-lc-sys-fedc3b95e0428a5c/out/7510312e0f5aa0be-p_kem_asn1.o
target/debug/build/aws-lc-sys-fedc3b95e0428a5c/out/7510312e0f5aa0be-p_methods.o
target/debug/build/aws-lc-sys-fedc3b95e0428a5c/out/7510312e0f5aa0be-p_pqdsa_asn1.o
target/debug/build/aws-lc-sys-fedc3b95e0428a5c/out/7510312e0f5aa0be-p_rsa_asn1.o
target/debug/build/aws-lc-sys-fedc3b95e0428a5c/out/7510312e0f5aa0be-p_x25519.o
target/debug/build/aws-lc-sys-fedc3b95e0428a5c/out/7510312e0f5aa0be-p_x25519_asn1.o
target/debug/build/aws-lc-sys-fedc3b95e0428a5c/out/7510312e0f5aa0be-scrypt.o
target/debug/build/aws-lc-sys-fedc3b95e0428a5c/out/7510312e0f5aa0be-sign.o
target/debug/build/aws-lc-sys-fedc3b95e0428a5c/out/76322f89f5cc2d96-bio.o
target/debug/build/aws-lc-sys-fedc3b95e0428a5c/out/76322f89f5cc2d96-bio_addr.o
target/debug/build/aws-lc-sys-fedc3b95e0428a5c/out/76322f89f5cc2d96-bio_mem.o
target/debug/build/aws-lc-sys-fedc3b95e0428a5c/out/76322f89f5cc2d96-connect.o
target/debug/build/aws-lc-sys-fedc3b95e0428a5c/out/76322f89f5cc2d96-dgram.o
target/debug/build/aws-lc-sys-fedc3b95e0428a5c/out/76322f89f5cc2d96-errno.o
target/debug/build/aws-lc-sys-fedc3b95e0428a5c/out/76322f89f5cc2d96-fd.o
target/debug/build/aws-lc-sys-fedc3b95e0428a5c/out/76322f89f5cc2d96-file.o
target/debug/build/aws-lc-sys-fedc3b95e0428a5c/out/76322f89f5cc2d96-hexdump.o
target/debug/build/aws-lc-sys-fedc3b95e0428a5c/out/76322f89f5cc2d96-md.o
target/debug/build/aws-lc-sys-fedc3b95e0428a5c/out/76322f89f5cc2d96-pair.o
target/debug/build/aws-lc-sys-fedc3b95e0428a5c/out/76322f89f5cc2d96-printf.o
target/debug/build/aws-lc-sys-fedc3b95e0428a5c/out/76322f89f5cc2d96-socket.o
target/debug/build/aws-lc-sys-fedc3b95e0428a5c/out/76322f89f5cc2d96-socket_helper.o
target/debug/build/aws-lc-sys-fedc3b95e0428a5c/out/763c374fde874a6d-console.o
target/debug/build/aws-lc-sys-fedc3b95e0428a5c/out/7a596fe31a02c0e2-bn_asn1.o
target/debug/build/aws-lc-sys-fedc3b95e0428a5c/out/7a596fe31a02c0e2-convert.o
target/debug/build/aws-lc-sys-fedc3b95e0428a5c/out/7ac4c9359514b807-obj.o
target/debug/build/aws-lc-sys-fedc3b95e0428a5c/out/7ac4c9359514b807-obj_xref.o
target/debug/build/aws-lc-sys-fedc3b95e0428a5c/out/7bf3e571b6558a6b-ccrandomgeneratebytes.o
target/debug/build/aws-lc-sys-fedc3b95e0428a5c/out/7bf3e571b6558a6b-deterministic.o
target/debug/build/aws-lc-sys-fedc3b95e0428a5c/out/7bf3e571b6558a6b-getentropy.o
target/debug/build/aws-lc-sys-fedc3b95e0428a5c/out/7bf3e571b6558a6b-rand_extra.o
target/debug/build/aws-lc-sys-fedc3b95e0428a5c/out/7bf3e571b6558a6b-urandom.o
target/debug/build/aws-lc-sys-fedc3b95e0428a5c/out/7bf3e571b6558a6b-vm_ube_fallback.o
target/debug/build/aws-lc-sys-fedc3b95e0428a5c/out/7bf3e571b6558a6b-windows.o
target/debug/build/aws-lc-sys-fedc3b95e0428a5c/out/81d9a39ddc6b1c4e-aesni-gcm-avx512.o
target/debug/build/aws-lc-sys-fedc3b95e0428a5c/out/81d9a39ddc6b1c4e-aesni-gcm-x86_64.o
target/debug/build/aws-lc-sys-fedc3b95e0428a5c/out/81d9a39ddc6b1c4e-aesni-x86_64.o
target/debug/build/aws-lc-sys-fedc3b95e0428a5c/out/81d9a39ddc6b1c4e-aesni-xts-avx512.o
target/debug/build/aws-lc-sys-fedc3b95e0428a5c/out/81d9a39ddc6b1c4e-ghash-ssse3-x86_64.o
target/debug/build/aws-lc-sys-fedc3b95e0428a5c/out/81d9a39ddc6b1c4e-ghash-x86_64.o
target/debug/build/aws-lc-sys-fedc3b95e0428a5c/out/81d9a39ddc6b1c4e-md5-x86_64.o
target/debug/build/aws-lc-sys-fedc3b95e0428a5c/out/81d9a39ddc6b1c4e-p256-x86_64-asm.o
target/debug/build/aws-lc-sys-fedc3b95e0428a5c/out/81d9a39ddc6b1c4e-p256_beeu-x86_64-asm.o
target/debug/build/aws-lc-sys-fedc3b95e0428a5c/out/81d9a39ddc6b1c4e-rdrand-x86_64.o
target/debug/build/aws-lc-sys-fedc3b95e0428a5c/out/81d9a39ddc6b1c4e-rsaz-2k-avx512.o
target/debug/build/aws-lc-sys-fedc3b95e0428a5c/out/81d9a39ddc6b1c4e-rsaz-3k-avx512.o
target/debug/build/aws-lc-sys-fedc3b95e0428a5c/out/81d9a39ddc6b1c4e-rsaz-4k-avx512.o
target/debug/build/aws-lc-sys-fedc3b95e0428a5c/out/81d9a39ddc6b1c4e-rsaz-avx2.o
target/debug/build/aws-lc-sys-fedc3b95e0428a5c/out/81d9a39ddc6b1c4e-sha1-x86_64.o
target/debug/build/aws-lc-sys-fedc3b95e0428a5c/out/81d9a39ddc6b1c4e-sha256-x86_64.o
target/debug/build/aws-lc-sys-fedc3b95e0428a5c/out/81d9a39ddc6b1c4e-sha512-x86_64.o
target/debug/build/aws-lc-sys-fedc3b95e0428a5c/out/81d9a39ddc6b1c4e-vpaes-x86_64.o
target/debug/build/aws-lc-sys-fedc3b95e0428a5c/out/81d9a39ddc6b1c4e-x86_64-mont.o
target/debug/build/aws-lc-sys-fedc3b95e0428a5c/out/81d9a39ddc6b1c4e-x86_64-mont5.o
target/debug/build/aws-lc-sys-fedc3b95e0428a5c/out/86cc0a4f50e0e3bd-evp_do_all.o
target/debug/build/aws-lc-sys-fedc3b95e0428a5c/out/88572c8521602bd1-bignum_add_p521.o
target/debug/build/aws-lc-sys-fedc3b95e0428a5c/out/88572c8521602bd1-bignum_fromlebytes_p521.o
target/debug/build/aws-lc-sys-fedc3b95e0428a5c/out/88572c8521602bd1-bignum_inv_p521.o
target/debug/build/aws-lc-sys-fedc3b95e0428a5c/out/88572c8521602bd1-bignum_mul_p521.o
target/debug/build/aws-lc-sys-fedc3b95e0428a5c/out/88572c8521602bd1-bignum_mul_p521_alt.o
target/debug/build/aws-lc-sys-fedc3b95e0428a5c/out/88572c8521602bd1-bignum_neg_p521.o
target/debug/build/aws-lc-sys-fedc3b95e0428a5c/out/88572c8521602bd1-bignum_sqr_p521.o
target/debug/build/aws-lc-sys-fedc3b95e0428a5c/out/88572c8521602bd1-bignum_sqr_p521_alt.o
target/debug/build/aws-lc-sys-fedc3b95e0428a5c/out/88572c8521602bd1-bignum_sub_p521.o
target/debug/build/aws-lc-sys-fedc3b95e0428a5c/out/88572c8521602bd1-bignum_tolebytes_p521.o
target/debug/build/aws-lc-sys-fedc3b95e0428a5c/out/88572c8521602bd1-p521_jdouble.o
target/debug/build/aws-lc-sys-fedc3b95e0428a5c/out/88572c8521602bd1-p521_jdouble_alt.o
target/debug/build/aws-lc-sys-fedc3b95e0428a5c/out/88572c8521602bd1-p521_jscalarmul.o
target/debug/build/aws-lc-sys-fedc3b95e0428a5c/out/88572c8521602bd1-p521_jscalarmul_alt.o
target/debug/build/aws-lc-sys-fedc3b95e0428a5c/out/89981633f66afe17-cipher_extra.o
target/debug/build/aws-lc-sys-fedc3b95e0428a5c/out/89981633f66afe17-derive_key.o
target/debug/build/aws-lc-sys-fedc3b95e0428a5c/out/89981633f66afe17-e_aesctrhmac.o
target/debug/build/aws-lc-sys-fedc3b95e0428a5c/out/89981633f66afe17-e_aesgcmsiv.o
target/debug/build/aws-lc-sys-fedc3b95e0428a5c/out/89981633f66afe17-e_aes_cbc_hmac_sha1.o
target/debug/build/aws-lc-sys-fedc3b95e0428a5c/out/89981633f66afe17-e_aes_cbc_hmac_sha256.o
target/debug/build/aws-lc-sys-fedc3b95e0428a5c/out/89981633f66afe17-e_chacha20poly1305.o
target/debug/build/aws-lc-sys-fedc3b95e0428a5c/out/89981633f66afe17-e_des.o
target/debug/build/aws-lc-sys-fedc3b95e0428a5c/out/89981633f66afe17-e_null.o
target/debug/build/aws-lc-sys-fedc3b95e0428a5c/out/89981633f66afe17-e_rc2.o
target/debug/build/aws-lc-sys-fedc3b95e0428a5c/out/89981633f66afe17-e_rc4.o
target/debug/build/aws-lc-sys-fedc3b95e0428a5c/out/89981633f66afe17-e_tls.o
target/debug/build/aws-lc-sys-fedc3b95e0428a5c/out/89981633f66afe17-tls_cbc.o
target/debug/build/aws-lc-sys-fedc3b95e0428a5c/out/8f1694c3e3041570-bignum_montinv_p256.o
target/debug/build/aws-lc-sys-fedc3b95e0428a5c/out/8f1694c3e3041570-p256_montjscalarmul.o
target/debug/build/aws-lc-sys-fedc3b95e0428a5c/out/8f1694c3e3041570-p256_montjscalarmul_alt.o
target/debug/build/aws-lc-sys-fedc3b95e0428a5c/out/904ef411c1476e9d-cipher.o
target/debug/build/aws-lc-sys-fedc3b95e0428a5c/out/925ae38753d351a6-pool.o
target/debug/build/aws-lc-sys-fedc3b95e0428a5c/out/a3e95cd5f24d649a-err.o
target/debug/build/aws-lc-sys-fedc3b95e0428a5c/out/a4677c68e4880270-buf.o
target/debug/build/aws-lc-sys-fedc3b95e0428a5c/out/a4a065efb8ac7b35-cast.o
target/debug/build/aws-lc-sys-fedc3b95e0428a5c/out/a4a065efb8ac7b35-cast_tables.o
target/debug/build/aws-lc-sys-fedc3b95e0428a5c/out/a6455f51a2435c3f-chacha.o
target/debug/build/aws-lc-sys-fedc3b95e0428a5c/out/ad45968d24b0237e-base64.o
target/debug/build/aws-lc-sys-fedc3b95e0428a5c/out/b0fd2550ab09b04e-rsassa_pss_asn1.o
target/debug/build/aws-lc-sys-fedc3b95e0428a5c/out/b0fd2550ab09b04e-rsa_asn1.o
target/debug/build/aws-lc-sys-fedc3b95e0428a5c/out/b0fd2550ab09b04e-rsa_crypt.o
target/debug/build/aws-lc-sys-fedc3b95e0428a5c/out/b0fd2550ab09b04e-rsa_print.o
target/debug/build/aws-lc-sys-fedc3b95e0428a5c/out/b129d77c83f8bbf0-trampoline-x86_64.o
target/debug/build/aws-lc-sys-fedc3b95e0428a5c/out/bc1b343226bc6a17-asn1_lib.o
target/debug/build/aws-lc-sys-fedc3b95e0428a5c/out/bc1b343226bc6a17-asn1_par.o
target/debug/build/aws-lc-sys-fedc3b95e0428a5c/out/bc1b343226bc6a17-asn_pack.o
target/debug/build/aws-lc-sys-fedc3b95e0428a5c/out/bc1b343226bc6a17-a_bitstr.o
target/debug/build/aws-lc-sys-fedc3b95e0428a5c/out/bc1b343226bc6a17-a_bool.o
target/debug/build/aws-lc-sys-fedc3b95e0428a5c/out/bc1b343226bc6a17-a_d2i_fp.o
target/debug/build/aws-lc-sys-fedc3b95e0428a5c/out/bc1b343226bc6a17-a_dup.o
target/debug/build/aws-lc-sys-fedc3b95e0428a5c/out/bc1b343226bc6a17-a_gentm.o
target/debug/build/aws-lc-sys-fedc3b95e0428a5c/out/bc1b343226bc6a17-a_i2d_fp.o
target/debug/build/aws-lc-sys-fedc3b95e0428a5c/out/bc1b343226bc6a17-a_int.o
target/debug/build/aws-lc-sys-fedc3b95e0428a5c/out/bc1b343226bc6a17-a_mbstr.o
target/debug/build/aws-lc-sys-fedc3b95e0428a5c/out/bc1b343226bc6a17-a_object.o
target/debug/build/aws-lc-sys-fedc3b95e0428a5c/out/bc1b343226bc6a17-a_octet.o
target/debug/build/aws-lc-sys-fedc3b95e0428a5c/out/bc1b343226bc6a17-a_strex.o
target/debug/build/aws-lc-sys-fedc3b95e0428a5c/out/bc1b343226bc6a17-a_strnid.o
target/debug/build/aws-lc-sys-fedc3b95e0428a5c/out/bc1b343226bc6a17-a_time.o
target/debug/build/aws-lc-sys-fedc3b95e0428a5c/out/bc1b343226bc6a17-a_type.o
target/debug/build/aws-lc-sys-fedc3b95e0428a5c/out/bc1b343226bc6a17-a_utctm.o
target/debug/build/aws-lc-sys-fedc3b95e0428a5c/out/bc1b343226bc6a17-a_utf8.o
target/debug/build/aws-lc-sys-fedc3b95e0428a5c/out/bc1b343226bc6a17-f_int.o
target/debug/build/aws-lc-sys-fedc3b95e0428a5c/out/bc1b343226bc6a17-f_string.o
target/debug/build/aws-lc-sys-fedc3b95e0428a5c/out/bc1b343226bc6a17-posix_time.o
target/debug/build/aws-lc-sys-fedc3b95e0428a5c/out/bc1b343226bc6a17-tasn_dec.o
target/debug/build/aws-lc-sys-fedc3b95e0428a5c/out/bc1b343226bc6a17-tasn_enc.o
target/debug/build/aws-lc-sys-fedc3b95e0428a5c/out/bc1b343226bc6a17-tasn_fre.o
target/debug/build/aws-lc-sys-fedc3b95e0428a5c/out/bc1b343226bc6a17-tasn_new.o
target/debug/build/aws-lc-sys-fedc3b95e0428a5c/out/bc1b343226bc6a17-tasn_typ.o
target/debug/build/aws-lc-sys-fedc3b95e0428a5c/out/bc1b343226bc6a17-tasn_utl.o
target/debug/build/aws-lc-sys-fedc3b95e0428a5c/out/c1300545a7d60e2b-dh_asn1.o
target/debug/build/aws-lc-sys-fedc3b95e0428a5c/out/c1300545a7d60e2b-params.o
target/debug/build/aws-lc-sys-fedc3b95e0428a5c/out/c2f744a0f6403e0c-err_data.o
target/debug/build/aws-lc-sys-fedc3b95e0428a5c/out/c4fcddba145918af-asn1_compat.o
target/debug/build/aws-lc-sys-fedc3b95e0428a5c/out/c4fcddba145918af-ber.o
target/debug/build/aws-lc-sys-fedc3b95e0428a5c/out/c4fcddba145918af-cbb.o
target/debug/build/aws-lc-sys-fedc3b95e0428a5c/out/c4fcddba145918af-cbs.o
target/debug/build/aws-lc-sys-fedc3b95e0428a5c/out/c4fcddba145918af-unicode.o
target/debug/build/aws-lc-sys-fedc3b95e0428a5c/out/c7e9326d9b5d7de8-blowfish.o
target/debug/build/aws-lc-sys-fedc3b95e0428a5c/out/caa8b30982b4915c-ocsp_asn.o
target/debug/build/aws-lc-sys-fedc3b95e0428a5c/out/caa8b30982b4915c-ocsp_client.o
target/debug/build/aws-lc-sys-fedc3b95e0428a5c/out/caa8b30982b4915c-ocsp_extension.o
target/debug/build/aws-lc-sys-fedc3b95e0428a5c/out/caa8b30982b4915c-ocsp_http.o
target/debug/build/aws-lc-sys-fedc3b95e0428a5c/out/caa8b30982b4915c-ocsp_lib.o
target/debug/build/aws-lc-sys-fedc3b95e0428a5c/out/caa8b30982b4915c-ocsp_print.o
target/debug/build/aws-lc-sys-fedc3b95e0428a5c/out/caa8b30982b4915c-ocsp_server.o
target/debug/build/aws-lc-sys-fedc3b95e0428a5c/out/caa8b30982b4915c-ocsp_verify.o
target/debug/build/aws-lc-sys-fedc3b95e0428a5c/out/d7fed99e8aa5a9b1-rc4.o
target/debug/build/aws-lc-sys-fedc3b95e0428a5c/out/da5030c6f3330e8d-des.o
target/debug/build/aws-lc-sys-fedc3b95e0428a5c/out/dcb7d53a9be33b0c-engine.o
target/debug/build/aws-lc-sys-fedc3b95e0428a5c/out/dfe446faf29f8012-ec_asn1.o
target/debug/build/aws-lc-sys-fedc3b95e0428a5c/out/dfe446faf29f8012-ec_derive.o
target/debug/build/aws-lc-sys-fedc3b95e0428a5c/out/dfe446faf29f8012-hash_to_curve.o
target/debug/build/aws-lc-sys-fedc3b95e0428a5c/out/e3caa0b8b118742c-pkcs7.o
target/debug/build/aws-lc-sys-fedc3b95e0428a5c/out/e3caa0b8b118742c-pkcs7_asn1.o
target/debug/build/aws-lc-sys-fedc3b95e0428a5c/out/e3caa0b8b118742c-pkcs7_x509.o
target/debug/build/aws-lc-sys-fedc3b95e0428a5c/out/e4ecb171c489b811-conf.o
target/debug/build/aws-lc-sys-fedc3b95e0428a5c/out/e616dc00b7af72b9-intt.o
target/debug/build/aws-lc-sys-fedc3b95e0428a5c/out/e616dc00b7af72b9-mulcache_compute.o
target/debug/build/aws-lc-sys-fedc3b95e0428a5c/out/e616dc00b7af72b9-ntt.o
target/debug/build/aws-lc-sys-fedc3b95e0428a5c/out/e616dc00b7af72b9-nttfrombytes.o
target/debug/build/aws-lc-sys-fedc3b95e0428a5c/out/e616dc00b7af72b9-ntttobytes.o
target/debug/build/aws-lc-sys-fedc3b95e0428a5c/out/e616dc00b7af72b9-nttunpack.o
target/debug/build/aws-lc-sys-fedc3b95e0428a5c/out/e616dc00b7af72b9-polyvec_basemul_acc_montgomery_cached_asm_k2.o
target/debug/build/aws-lc-sys-fedc3b95e0428a5c/out/e616dc00b7af72b9-polyvec_basemul_acc_montgomery_cached_asm_k3.o
target/debug/build/aws-lc-sys-fedc3b95e0428a5c/out/e616dc00b7af72b9-polyvec_basemul_acc_montgomery_cached_asm_k4.o
target/debug/build/aws-lc-sys-fedc3b95e0428a5c/out/e616dc00b7af72b9-poly_compress_d10.o
target/debug/build/aws-lc-sys-fedc3b95e0428a5c/out/e616dc00b7af72b9-poly_compress_d11.o
target/debug/build/aws-lc-sys-fedc3b95e0428a5c/out/e616dc00b7af72b9-poly_compress_d4.o
target/debug/build/aws-lc-sys-fedc3b95e0428a5c/out/e616dc00b7af72b9-poly_compress_d5.o
target/debug/build/aws-lc-sys-fedc3b95e0428a5c/out/e616dc00b7af72b9-poly_decompress_d10.o
target/debug/build/aws-lc-sys-fedc3b95e0428a5c/out/e616dc00b7af72b9-poly_decompress_d11.o
target/debug/build/aws-lc-sys-fedc3b95e0428a5c/out/e616dc00b7af72b9-poly_decompress_d4.o
target/debug/build/aws-lc-sys-fedc3b95e0428a5c/out/e616dc00b7af72b9-poly_decompress_d5.o
target/debug/build/aws-lc-sys-fedc3b95e0428a5c/out/e616dc00b7af72b9-reduce.o
target/debug/build/aws-lc-sys-fedc3b95e0428a5c/out/e616dc00b7af72b9-rej_uniform_asm.o
target/debug/build/aws-lc-sys-fedc3b95e0428a5c/out/e616dc00b7af72b9-tomont.o
target/debug/build/aws-lc-sys-fedc3b95e0428a5c/out/e71c6558e17b1ce7-digest_extra.o
target/debug/build/aws-lc-sys-fedc3b95e0428a5c/out/ea2b51a0b6630529-lhash.o
target/debug/build/aws-lc-sys-fedc3b95e0428a5c/out/ebcd52e9457b6221-algorithm.o
target/debug/build/aws-lc-sys-fedc3b95e0428a5c/out/ebcd52e9457b6221-asn1_gen.o
target/debug/build/aws-lc-sys-fedc3b95e0428a5c/out/ebcd52e9457b6221-a_digest.o
target/debug/build/aws-lc-sys-fedc3b95e0428a5c/out/ebcd52e9457b6221-a_sign.o
target/debug/build/aws-lc-sys-fedc3b95e0428a5c/out/ebcd52e9457b6221-a_verify.o
target/debug/build/aws-lc-sys-fedc3b95e0428a5c/out/ebcd52e9457b6221-by_dir.o
target/debug/build/aws-lc-sys-fedc3b95e0428a5c/out/ebcd52e9457b6221-by_file.o
target/debug/build/aws-lc-sys-fedc3b95e0428a5c/out/ebcd52e9457b6221-i2d_pr.o
target/debug/build/aws-lc-sys-fedc3b95e0428a5c/out/ebcd52e9457b6221-name_print.o
target/debug/build/aws-lc-sys-fedc3b95e0428a5c/out/ebcd52e9457b6221-policy.o
target/debug/build/aws-lc-sys-fedc3b95e0428a5c/out/ebcd52e9457b6221-rsa_pss.o
target/debug/build/aws-lc-sys-fedc3b95e0428a5c/out/ebcd52e9457b6221-t_crl.o
target/debug/build/aws-lc-sys-fedc3b95e0428a5c/out/ebcd52e9457b6221-t_req.o
target/debug/build/aws-lc-sys-fedc3b95e0428a5c/out/ebcd52e9457b6221-t_x509.o
target/debug/build/aws-lc-sys-fedc3b95e0428a5c/out/ebcd52e9457b6221-t_x509a.o
target/debug/build/aws-lc-sys-fedc3b95e0428a5c/out/ebcd52e9457b6221-v3_akey.o
target/debug/build/aws-lc-sys-fedc3b95e0428a5c/out/ebcd52e9457b6221-v3_akeya.o
target/debug/build/aws-lc-sys-fedc3b95e0428a5c/out/ebcd52e9457b6221-v3_alt.o
target/debug/build/aws-lc-sys-fedc3b95e0428a5c/out/ebcd52e9457b6221-v3_bcons.o
target/debug/build/aws-lc-sys-fedc3b95e0428a5c/out/ebcd52e9457b6221-v3_bitst.o
target/debug/build/aws-lc-sys-fedc3b95e0428a5c/out/ebcd52e9457b6221-v3_conf.o
target/debug/build/aws-lc-sys-fedc3b95e0428a5c/out/ebcd52e9457b6221-v3_cpols.o
target/debug/build/aws-lc-sys-fedc3b95e0428a5c/out/ebcd52e9457b6221-v3_crld.o
target/debug/build/aws-lc-sys-fedc3b95e0428a5c/out/ebcd52e9457b6221-v3_enum.o
target/debug/build/aws-lc-sys-fedc3b95e0428a5c/out/ebcd52e9457b6221-v3_extku.o
target/debug/build/aws-lc-sys-fedc3b95e0428a5c/out/ebcd52e9457b6221-v3_genn.o
target/debug/build/aws-lc-sys-fedc3b95e0428a5c/out/ebcd52e9457b6221-v3_ia5.o
target/debug/build/aws-lc-sys-fedc3b95e0428a5c/out/ebcd52e9457b6221-v3_info.o
target/debug/build/aws-lc-sys-fedc3b95e0428a5c/out/ebcd52e9457b6221-v3_int.o
target/debug/build/aws-lc-sys-fedc3b95e0428a5c/out/ebcd52e9457b6221-v3_lib.o
target/debug/build/aws-lc-sys-fedc3b95e0428a5c/out/ebcd52e9457b6221-v3_ncons.o
target/debug/build/aws-lc-sys-fedc3b95e0428a5c/out/ebcd52e9457b6221-v3_ocsp.o
target/debug/build/aws-lc-sys-fedc3b95e0428a5c/out/ebcd52e9457b6221-v3_pcons.o
target/debug/build/aws-lc-sys-fedc3b95e0428a5c/out/ebcd52e9457b6221-v3_pmaps.o
target/debug/build/aws-lc-sys-fedc3b95e0428a5c/out/ebcd52e9457b6221-v3_prn.o
target/debug/build/aws-lc-sys-fedc3b95e0428a5c/out/ebcd52e9457b6221-v3_purp.o
target/debug/build/aws-lc-sys-fedc3b95e0428a5c/out/ebcd52e9457b6221-v3_skey.o
target/debug/build/aws-lc-sys-fedc3b95e0428a5c/out/ebcd52e9457b6221-v3_utl.o
target/debug/build/aws-lc-sys-fedc3b95e0428a5c/out/ebcd52e9457b6221-x509.o
target/debug/build/aws-lc-sys-fedc3b95e0428a5c/out/ebcd52e9457b6221-x509cset.o
target/debug/build/aws-lc-sys-fedc3b95e0428a5c/out/ebcd52e9457b6221-x509name.o
target/debug/build/aws-lc-sys-fedc3b95e0428a5c/out/ebcd52e9457b6221-x509rset.o
target/debug/build/aws-lc-sys-fedc3b95e0428a5c/out/ebcd52e9457b6221-x509spki.o
target/debug/build/aws-lc-sys-fedc3b95e0428a5c/out/ebcd52e9457b6221-x509_att.o
target/debug/build/aws-lc-sys-fedc3b95e0428a5c/out/ebcd52e9457b6221-x509_cmp.o
target/debug/build/aws-lc-sys-fedc3b95e0428a5c/out/ebcd52e9457b6221-x509_d2.o
target/debug/build/aws-lc-sys-fedc3b95e0428a5c/out/ebcd52e9457b6221-x509_def.o
target/debug/build/aws-lc-sys-fedc3b95e0428a5c/out/ebcd52e9457b6221-x509_ext.o
target/debug/build/aws-lc-sys-fedc3b95e0428a5c/out/ebcd52e9457b6221-x509_lu.o
target/debug/build/aws-lc-sys-fedc3b95e0428a5c/out/ebcd52e9457b6221-x509_obj.o
target/debug/build/aws-lc-sys-fedc3b95e0428a5c/out/ebcd52e9457b6221-x509_req.o
target/debug/build/aws-lc-sys-fedc3b95e0428a5c/out/ebcd52e9457b6221-x509_set.o
target/debug/build/aws-lc-sys-fedc3b95e0428a5c/out/ebcd52e9457b6221-x509_trs.o
target/debug/build/aws-lc-sys-fedc3b95e0428a5c/out/ebcd52e9457b6221-x509_txt.o
target/debug/build/aws-lc-sys-fedc3b95e0428a5c/out/ebcd52e9457b6221-x509_v3.o
target/debug/build/aws-lc-sys-fedc3b95e0428a5c/out/ebcd52e9457b6221-x509_vfy.o
target/debug/build/aws-lc-sys-fedc3b95e0428a5c/out/ebcd52e9457b6221-x509_vpm.o
target/debug/build/aws-lc-sys-fedc3b95e0428a5c/out/ebcd52e9457b6221-x_algor.o
target/debug/build/aws-lc-sys-fedc3b95e0428a5c/out/ebcd52e9457b6221-x_all.o
target/debug/build/aws-lc-sys-fedc3b95e0428a5c/out/ebcd52e9457b6221-x_attrib.o
target/debug/build/aws-lc-sys-fedc3b95e0428a5c/out/ebcd52e9457b6221-x_crl.o
target/debug/build/aws-lc-sys-fedc3b95e0428a5c/out/ebcd52e9457b6221-x_exten.o
target/debug/build/aws-lc-sys-fedc3b95e0428a5c/out/ebcd52e9457b6221-x_name.o
target/debug/build/aws-lc-sys-fedc3b95e0428a5c/out/ebcd52e9457b6221-x_pubkey.o
target/debug/build/aws-lc-sys-fedc3b95e0428a5c/out/ebcd52e9457b6221-x_req.o
target/debug/build/aws-lc-sys-fedc3b95e0428a5c/out/ebcd52e9457b6221-x_sig.o
target/debug/build/aws-lc-sys-fedc3b95e0428a5c/out/ebcd52e9457b6221-x_spki.o
target/debug/build/aws-lc-sys-fedc3b95e0428a5c/out/ebcd52e9457b6221-x_val.o
target/debug/build/aws-lc-sys-fedc3b95e0428a5c/out/ebcd52e9457b6221-x_x509.o
target/debug/build/aws-lc-sys-fedc3b95e0428a5c/out/ebcd52e9457b6221-x_x509a.o
target/debug/build/aws-lc-sys-fedc3b95e0428a5c/out/f8e4fd781484bd36-bcm.o
target/debug/build/aws-lc-sys-fedc3b95e0428a5c/out/fb1f39df2ea6f08f-dsa.o
target/debug/build/aws-lc-sys-fedc3b95e0428a5c/out/fb1f39df2ea6f08f-dsa_asn1.o
target/debug/build/aws-lc-sys-fedc3b95e0428a5c/out/include
target/debug/build/aws-lc-sys-fedc3b95e0428a5c/out/libaws_lc_0_41_0_crypto.a
target/debug/build/cmt-rs-0a34f30f61aa408e/out/main.rs
target/debug/build/cmt-rs-3265b7ed7c3386d3/out/main.rs
target/debug/build/cmt-rs-5b3e3e97f3ce260a/out/main.rs
target/debug/build/cmt-rs-784e19c07541753b/out/main.rs
target/debug/build/cmt-rs-7ef17aabc87162fb/out/main.rs
target/debug/build/cmt-rs-91553681382d4c4c/out/main.rs
target/debug/build/cmt-rs-9bb74d737d3d8579/out/main.rs
target/debug/build/cmt-rs-9c128a3a8783d001/out/main.rs
target/debug/build/cmt-rs-d2d124836b5d3933/out/main.rs
target/debug/build/cmt-rs-d339c0fe35863cc5/out/main.rs
target/debug/build/cmt-rs-ec999d786f866fdf/out/main.rs
target/debug/build/cmt-rs-f016333f60b9d059/out/main.rs
target/debug/build/cmt-rs-f5637efc5c0cce8e/out/main.rs
target/debug/build/glutin_egl_sys-32a118e33b21fc63/out/egl_bindings.rs
target/debug/build/glutin_egl_sys-5708bf054ded0018/out/egl_bindings.rs
target/debug/build/glutin_egl_sys-a077a78916d92243/out/egl_bindings.rs
target/debug/build/glutin_egl_sys-bd7394bb1a9c8cf0/out/egl_bindings.rs
target/debug/build/glutin_egl_sys-d68af5e547a43fdf/out/egl_bindings.rs
target/debug/build/glutin_egl_sys-d898e74ff83bdac3/out/egl_bindings.rs
target/debug/build/glutin_glx_sys-0e9c56411c39f3e8/out/glx_bindings.rs
target/debug/build/glutin_glx_sys-0e9c56411c39f3e8/out/glx_extra_bindings.rs
target/debug/build/glutin_glx_sys-300a632bf3d921d7/out/glx_bindings.rs
target/debug/build/glutin_glx_sys-300a632bf3d921d7/out/glx_extra_bindings.rs
target/debug/build/glutin_glx_sys-db83333abe4bcacd/out/glx_bindings.rs
target/debug/build/glutin_glx_sys-db83333abe4bcacd/out/glx_extra_bindings.rs
target/debug/build/glutin_glx_sys-ef3b12c26424c41b/out/glx_bindings.rs
target/debug/build/glutin_glx_sys-ef3b12c26424c41b/out/glx_extra_bindings.rs
target/debug/build/glutin_wgl_sys-0cabbc7a6eec75f7/out/wgl_bindings.rs
target/debug/build/glutin_wgl_sys-0cabbc7a6eec75f7/out/wgl_extra_bindings.rs
target/debug/build/glutin_wgl_sys-f9652a5ee868089e/out/wgl_bindings.rs
target/debug/build/glutin_wgl_sys-f9652a5ee868089e/out/wgl_extra_bindings.rs
target/debug/build/i-slint-compiler-06336dc7eb221b09/out/included_library.rs
target/debug/build/i-slint-compiler-5d8a9c14377d2fac/out/included_library.rs
target/debug/build/i-slint-compiler-8d0d4721d0d55379/out/included_library.rs
target/debug/build/i-slint-compiler-cff439c8a5529572/out/included_library.rs
target/debug/build/i-slint-compiler-fa28927e29c6ffe7/out/included_library.rs
target/debug/build/khronos_api-0ac9c0c528e4373d/out/webgl_exts.rs
target/debug/build/khronos_api-2775874ed2f945f8/out/webgl_exts.rs
target/debug/build/khronos_api-47905eae1474e8b9/out/webgl_exts.rs
target/debug/build/khronos_api-c8c5f7b456071539/out/webgl_exts.rs
target/debug/build/khronos_api-d5a726c220d31477/out/webgl_exts.rs
target/debug/build/rav1e-3b8de4274cfc05d4/out/built.rs
target/debug/build/rav1e-935e2c264fd327d9/out/built.rs
target/debug/build/rav1e-9470eeacdc1a3e1f/out/built.rs
target/debug/build/rav1e-a00fa7375313735d/out/built.rs
target/debug/build/rav1e-ab38252dcf1d2853/out/built.rs
target/debug/build/rspolib-0b46b8c2f133e66a/out/poparser-transitions.rs
target/debug/build/rspolib-2ddaec2ccf87c74c/out/poparser-transitions.rs
target/debug/build/rspolib-341a03361bb64dbc/out/poparser-transitions.rs
target/debug/build/rspolib-3f996f2b7e6ca05f/out/poparser-transitions.rs
target/debug/build/rspolib-a4203b81a4c9464c/out/poparser-transitions.rs
target/debug/build/rustix-a547d18606d4e73e/out/rustix_test_can_compile
target/debug/build/rustix-fe7e38f5af9a281f/out/rustix_test_can_compile
target/debug/build/rustversion-9908dd7c44fb9fc4/out/version.expr
target/debug/build/rustversion-a59729f7bbf58ab1/out/version.expr
target/debug/build/rustversion-ae31d18d69c199b9/out/version.expr
target/debug/build/rustversion-bf691010d2c30e87/out/version.expr
target/debug/build/rustversion-e1f31af5ef4de076/out/version.expr
target/debug/build/serde-17ef7af06b3ebf7c/out/private.rs
target/debug/build/serde-58ff6ab5bf28e202/out/private.rs
target/debug/build/serde-5a628724e3f8f487/out/private.rs
target/debug/build/serde-be62b92d4562b0f4/out/private.rs
target/debug/build/serde_core-47e681a18aa65bc2/out/private.rs
target/debug/build/serde_core-5c82d6a13c3a5fd2/out/private.rs
target/debug/build/serde_core-773c1216d428e16c/out/private.rs
target/debug/build/serde_core-90c83258d0fc0e9e/out/private.rs
target/debug/build/serde_core-946c15305fd42f94/out/private.rs
target/debug/build/serde_core-993104bd19c72ee5/out/private.rs
target/debug/build/serde_core-9e3ae251cc7d6330/out/private.rs
target/debug/build/serde_core-b94dc720bc31394a/out/private.rs
target/debug/build/serde_core-bcc8aa696bf0250b/out/private.rs
target/debug/build/thiserror-2d968b5c7ad9a1bf/out/private.rs
target/debug/build/thiserror-37cefd41f94cd1fd/out/private.rs
target/debug/build/thiserror-3c4c74f89f7ba513/out/private.rs
target/debug/build/thiserror-7cce77d4abe17f7c/out/private.rs
target/debug/build/thiserror-c9153a49fdbda7b3/out/private.rs
target/debug/build/tiny-xlib-8996d1c61f1d994a/out/libdir.rs
target/debug/build/tiny-xlib-e305a3489f001360/out/libdir.rs
target/debug/build/tiny-xlib-e840cea721f74ef5/out/libdir.rs
target/debug/build/x11-dl-1fd2461c21ae6dfe/out/config.rs
target/debug/build/x11-dl-3181bd568b1f836b/out/config.rs
target/debug/build/x11-dl-a9d595457b5146e5/out/config.rs
