DIFF Cargo.toml
DIFF src/app/about_controller.rs
DIFF src/app/archive_patcher_controller.rs
DIFF src/app/downgrader_controller.rs
DIFF src/app/f4se_controller.rs
DIFF src/app/mod.rs
DIFF src/app/overview_controller.rs
DIFF src/app/scanner_controller.rs
DIFF src/app/settings_controller.rs
DIFF src/app/tools_controller.rs
DIFF src/domain/archive_patcher.rs
DIFF src/domain/autofix.rs
DIFF src/domain/discovery.rs
DIFF src/domain/downgrader.rs
DIFF src/domain/f4se.rs
DIFF src/domain/mod.rs
DIFF src/domain/mod_manager.rs
DIFF src/domain/overview.rs
DIFF src/domain/scanner.rs
DIFF src/domain/settings.rs
DIFF src/domain/tools.rs
DIFF src/main.rs
DIFF src/platform/clipboard.rs
DIFF src/platform/desktop.rs
DIFF src/platform/filesystem.rs
DIFF src/platform/mod.rs
DIFF src/platform/process.rs
DIFF src/platform/registry.rs
DIFF src/platform/settings_store.rs
DIFF src/services/archive_patcher.rs
DIFF src/services/autofix.rs
DIFF src/services/discovery.rs
DIFF src/services/downgrader.rs
DIFF src/services/f4se.rs
DIFF src/services/mod.rs
DIFF src/services/overview.rs
DIFF src/services/overview_collector.rs
DIFF src/services/scanner.rs
DIFF src/services/tools.rs
DIFF src/services/update.rs
DIFF src/workers/events.rs
DIFF src/workers/handoff.rs
DIFF src/workers/mod.rs
DIFF ui/about_tab.slint
DIFF ui/archive_patcher_window.slint
DIFF ui/downgrader_window.slint
DIFF ui/f4se_tab.slint
DIFF ui/main.slint
DIFF ui/overview_tab.slint
DIFF ui/scanner_tab.slint
DIFF ui/settings_tab.slint
DIFF ui/tools_tab.slint
