## CMT\src\helpers.py
252: self.mod = mod or ("<Unmanaged>" if problem != ProblemType.FileNotFound else "")
## CMT\src\tabs\_overview.py
258: ProblemInfo(
259: ProblemType.WrongVersion,
276: ProblemInfo(
277: ProblemType.FileNotFound,
289: ProblemInfo(
290: ProblemType.WrongVersion,
589: SimpleProblemInfo(
645: SimpleProblemInfo(
664: SimpleProblemInfo(
680: ProblemInfo(
681: ProblemType.FileNotFound,
700: ProblemInfo(
701: ProblemType.FileNotFound,
751: SimpleProblemInfo(
753: ProblemType.FileNotFound,
765: SimpleProblemInfo(
767: ProblemType.FileNotFound,
782: ProblemInfo(
783: ProblemType.InvalidArchive,
796: ProblemInfo(
797: ProblemType.InvalidArchive,
818: ProblemInfo(
819: ProblemType.InvalidArchive,
839: ProblemInfo(
840: ProblemType.InvalidArchive,
862: SimpleProblemInfo(
864: ProblemType.FileNotFound,
880: SimpleProblemInfo(
882: ProblemType.FileNotFound,
898: SimpleProblemInfo(
900: ProblemType.FileNotFound,
928: ProblemInfo(
929: ProblemType.InvalidModule,
942: ProblemInfo(
943: ProblemType.InvalidModule,
968: ProblemInfo(
969: ProblemType.InvalidModule,
## CMT\src\tabs\_scanner.py
400: SimpleProblemInfo(
429: ProblemInfo(
430: ProblemType.JunkFile,
447: ProblemInfo(
448: ProblemType.LoosePrevis,
474: ProblemInfo(
475: ProblemType.LoosePrevis,
488: ProblemInfo(
489: ProblemType.AnimTextDataFolder,
512: ProblemInfo(
513: ProblemType.JunkFile,
526: ProblemInfo(
527: ProblemType.F4SEOverride,
563: ProblemInfo(
564: ProblemType.UnexpectedFormat,
583: ProblemInfo(
584: ProblemType.InvalidArchiveName,
