downgrader.py lines 466
54: class Downgrader(ModalWindow):
115: def __init__(self, parent: Wm, cmc: CMCheckerInterface) -> None:
137: def get_info(self) -> None:
154: def build_gui(self) -> None:
231: def draw_versions(self) -> None:
275: def patch_files(self) -> None:
321: def patch_file(self, file_path: Path, desired_version: InstallType) -> None:
394: def check_download_queue(self) -> None:
417: def _threaded_download(self, url: str) -> None:
431: def check_download_progress(self, url: str, infile: Path, outfile: Path) -> None:
446: def apply_patch(self, url: str, infile: Path, outfile: Path) -> None:

selected constants/usages
51: PATCH_URL_BASE = "https://github.com/wxMichael/Collective-Modding-Toolkit/releases/download/delta-patches/"
55: 	CRCs_game = MappingProxyType({
84: 	CRCs_ck = MappingProxyType({
107: 	for CRCs in list(CRCs_game.values()) + list(CRCs_ck.values()):
140: 		for file_name, file_crcs in list(Downgrader.CRCs_game.items()) + list(Downgrader.CRCs_ck.items()):
149: 				if file_name in self.CRCs_game:
163: 		file_names_game = "\n".join([f"{Path(f).name}:" for f in self.CRCs_game])
164: 		file_names_ck = "\n".join([f"{Path(f).name}:" for f in self.CRCs_ck])
167: 		label_file_names_game.grid(column=0, row=0, rowspan=len(self.CRCs_game), sticky=E, padx=5)
170: 		label_file_names_ck.grid(column=0, row=0, rowspan=len(self.CRCs_ck), sticky=E, padx=5)
299: 					self.logger.log_message(LogType.Info, f"Skipped {file_path.name}: Already {desired_version}.")
303: 					self.logger.log_message(LogType.Info, f"Skipped {file_path.name}: Not Found.")
307: 					self.logger.log_message(LogType.Info, f"Skipped {file_path.name}: Unsupported Version.")
311: 					self.logger.log_message(LogType.Info, f"Skipped {file_path.name}: Unsupported Version.")
322: 		backup_name_og = f"{file_path.stem}_upgradeBackup{file_path.suffix}"
323: 		backup_name_ng = f"{file_path.stem}_downgradeBackup{file_path.suffix}"
329: 				self.logger.log_message(LogType.Info, f"Skipped {file_path.name}: Unsupported Version.")
332: 			patch_direction = "NG-to-OG-"
337: 				self.logger.log_message(LogType.Info, f"Skipped {file_path.name}: Unsupported Version.")
340: 			patch_direction = "OG-to-NG-"
372: 					self.logger.log_message(LogType.Good, f"Patched {file_path.name}")
387: 			self.logger.log_message(LogType.Bad, f"Failed patching {file_path.name}")
456: 			self.logger.log_message(LogType.Good, f"Patched {outfile.name}")
458: 			self.logger.log_message(LogType.Bad, f"Failed patching {outfile.name}")
