## matches for ArchivePatcher
-- 37 --
29: from packaging.version import Version
30: from tktooltip import ToolTip  # type: ignore[reportMissingTypeStubs]
31: 
32: from downgrader import Downgrader
33: from enums import CSIDL, ArchiveVersion, Magic, ModuleFlag, ProblemType, SolutionType
34: from globals import *
35: from helpers import CMCheckerInterface, CMCTabFrame, FileInfo, ProblemInfo, SimpleProblemInfo
36: from modal_window import AboutWindow, TreeWindow
37: from patcher import ArchivePatcher
38: from utils import (
39: 	add_separator,
40: 	exists,
41: 	get_crc32,
42: 	get_environment_path,
43: 	get_file_version,
44: 	is_file,
45: 	ver_to_str,
46: )
47: 
48: logger = logging.getLogger(__name__)
49: 
50: 
51: class OverviewTab(CMCTabFrame):
52: 	def __init__(self, cmc: CMCheckerInterface, notebook: ttk.Notebook) -> None:
53: 		super().__init__(cmc, notebook, "Overview")
54: 
55: 	def _load(self) -> bool:
56: 		self.cmc.overview_problems.clear()
57: 		self.get_info_binaries()
58: 		self.get_info_modules()
59: 		self.get_info_archives()
60: 		return True
61: 

-- 408 --
400: 		ToolTip(label_archives_max, TOOLTIP_BA2_FORMATS)
401: 
402: 		# Column 0
403: 		size = self.frame_info_archives.grid_size()
404: 		ttk.Button(
405: 			self.frame_info_archives,
406: 			text="Archive Patcher...",
407: 			padding=5,
408: 			command=lambda: ArchivePatcher(self.cmc.root, self.cmc),
409: 		).grid(column=0, row=size[1], columnspan=size[0], sticky=S, pady=10)
410: 		self.frame_info_archives.grid_rowconfigure(size[1], weight=2)
411: 		self.frame_info_archives.grid_columnconfigure(2, weight=1)
412: 
413: 	def build_gui_modules(self) -> None:
414: 		self.frame_info_modules = ttk.Labelframe(self, text="Modules (ESM/ESL/ESP)")
415: 		self.frame_info_modules.pack(anchor=N, fill=BOTH, side=LEFT, expand=True)
416: 
417: 		# Column 0
418: 		label_module_types = ttk.Label(
419: 			self.frame_info_modules,
420: 			text="Full:\nLight:\nTotal:",
421: 			font=FONT,
422: 			foreground=COLOR_DEFAULT,
423: 			justify=RIGHT,
424: 		)
425: 		label_module_types.grid(column=0, row=0, rowspan=3, sticky=E, padx=(5, 0))
426: 		ToolTip(label_module_types, TOOLTIP_MODULE_TYPES)
427: 
428: 		color_unreadable = COLOR_BAD if self.cmc.game.modules_unreadable else COLOR_NEUTRAL_1
429: 		label_unreadable = ttk.Label(
430: 			self.frame_info_modules,
431: 			text="Unreadable:",
432: 			font=FONT,

## matches for archives_og
-- 380 --
372: 			self.frame_info_archives,
373: 			text=len(self.cmc.game.archives_unreadable),
374: 			font=FONT,
375: 			foreground=color_unreadable,
376: 		).grid(column=1, row=3, sticky=E, padx=(5, 0))
377: 
378: 		ttk.Label(
379: 			self.frame_info_archives,
380: 			text=len(self.cmc.game.archives_og),
381: 			font=FONT,
382: 			foreground=COLOR_DEFAULT,
383: 		).grid(column=1, row=5, sticky=E, padx=(5, 0))
384: 
385: 		ttk.Label(
386: 			self.frame_info_archives,
387: 			text=len(self.cmc.game.archives_ng),
388: 			font=FONT,
389: 			foreground=COLOR_DEFAULT,
390: 		).grid(column=1, row=6, sticky=E, padx=(5, 0))
391: 
392: 		# Column 2
393: 		label_archives_max = ttk.Label(
394: 			self.frame_info_archives,
395: 			text=f" / {MAX_ARCHIVES_GNRL}\n / {MAX_ARCHIVES_DX10}\n / {MAX_ARCHIVES_GNRL + MAX_ARCHIVES_DX10}",
396: 			font=FONT,
397: 			foreground=COLOR_DEFAULT,
398: 		)
399: 		label_archives_max.grid(column=2, row=0, rowspan=3, sticky=EW)
400: 		ToolTip(label_archives_max, TOOLTIP_BA2_FORMATS)
401: 
402: 		# Column 0
403: 		size = self.frame_info_archives.grid_size()
404: 		ttk.Button(

-- 853 --
845: 							None,
846: 						),
847: 					)
848: 					continue
849: 
850: 			if is_ng:
851: 				self.cmc.game.archives_ng.add(ba2_file)
852: 			else:
853: 				self.cmc.game.archives_og.add(ba2_file)
854: 
855: 	def get_info_modules(self, *, refresh: bool = False) -> None:
856: 		logger.debug("Gathering Info: Modules")
857: 		self.cmc.game.reset_modules()
858: 
859: 		data_path = self.cmc.game.data_path
860: 		if data_path is None:
861: 			self.cmc.overview_problems.append(
862: 				SimpleProblemInfo(
863: 					"Data",
864: 					ProblemType.FileNotFound,
865: 					"The Data folder was not found in your game install path.",
866: 					SolutionType.VerifyFiles,
867: 				),
868: 			)
869: 			return
870: 
871: 		self.cmc.game.modules_enabled = [master_path for master in GAME_MASTERS if exists(master_path := data_path / master)]
872: 
873: 		ccc_path = self.cmc.game.game_path / "Fallout4.ccc"
874: 		if is_file(ccc_path):
875: 			self.cmc.game.modules_enabled.extend([
876: 				cc_path for cc in ccc_path.read_text("utf-8").splitlines() if is_file(cc_path := data_path / cc)
877: 			])

## matches for archives_ng
-- 387 --
379: 			self.frame_info_archives,
380: 			text=len(self.cmc.game.archives_og),
381: 			font=FONT,
382: 			foreground=COLOR_DEFAULT,
383: 		).grid(column=1, row=5, sticky=E, padx=(5, 0))
384: 
385: 		ttk.Label(
386: 			self.frame_info_archives,
387: 			text=len(self.cmc.game.archives_ng),
388: 			font=FONT,
389: 			foreground=COLOR_DEFAULT,
390: 		).grid(column=1, row=6, sticky=E, padx=(5, 0))
391: 
392: 		# Column 2
393: 		label_archives_max = ttk.Label(
394: 			self.frame_info_archives,
395: 			text=f" / {MAX_ARCHIVES_GNRL}\n / {MAX_ARCHIVES_DX10}\n / {MAX_ARCHIVES_GNRL + MAX_ARCHIVES_DX10}",
396: 			font=FONT,
397: 			foreground=COLOR_DEFAULT,
398: 		)
399: 		label_archives_max.grid(column=2, row=0, rowspan=3, sticky=EW)
400: 		ToolTip(label_archives_max, TOOLTIP_BA2_FORMATS)
401: 
402: 		# Column 0
403: 		size = self.frame_info_archives.grid_size()
404: 		ttk.Button(
405: 			self.frame_info_archives,
406: 			text="Archive Patcher...",
407: 			padding=5,
408: 			command=lambda: ArchivePatcher(self.cmc.root, self.cmc),
409: 		).grid(column=0, row=size[1], columnspan=size[0], sticky=S, pady=10)
410: 		self.frame_info_archives.grid_rowconfigure(size[1], weight=2)
411: 		self.frame_info_archives.grid_columnconfigure(2, weight=1)

-- 851 --
843: 							"OVERVIEW",
844: 							f"Archive format ({head[8:].decode('utf-8')}) is not valid for Fallout 4.",
845: 							None,
846: 						),
847: 					)
848: 					continue
849: 
850: 			if is_ng:
851: 				self.cmc.game.archives_ng.add(ba2_file)
852: 			else:
853: 				self.cmc.game.archives_og.add(ba2_file)
854: 
855: 	def get_info_modules(self, *, refresh: bool = False) -> None:
856: 		logger.debug("Gathering Info: Modules")
857: 		self.cmc.game.reset_modules()
858: 
859: 		data_path = self.cmc.game.data_path
860: 		if data_path is None:
861: 			self.cmc.overview_problems.append(
862: 				SimpleProblemInfo(
863: 					"Data",
864: 					ProblemType.FileNotFound,
865: 					"The Data folder was not found in your game install path.",
866: 					SolutionType.VerifyFiles,
867: 				),
868: 			)
869: 			return
870: 
871: 		self.cmc.game.modules_enabled = [master_path for master in GAME_MASTERS if exists(master_path := data_path / master)]
872: 
873: 		ccc_path = self.cmc.game.game_path / "Fallout4.ccc"
874: 		if is_file(ccc_path):
875: 			self.cmc.game.modules_enabled.extend([

## matches for build_gui_archives
-- 71 --
63: 		self.cmc.overview_problems.clear()
64: 		self.get_info_binaries()
65: 		self.get_info_modules(refresh=True)
66: 		self.get_info_archives()
67: 		self.frame_info_binaries.destroy()
68: 		self.frame_info_archives.destroy()
69: 		self.frame_info_modules.destroy()
70: 		self.build_gui_binaries()
71: 		self.build_gui_archives()
72: 		self.build_gui_modules()
73: 
74: 	def _build_gui(self) -> None:
75: 		frame_top = ttk.Frame(self)
76: 		frame_top.pack(anchor=W, fill=X, pady=5)
77: 		frame_top.grid_columnconfigure(2, weight=1)
78: 
79: 		ttk.Label(
80: 			frame_top,
81: 			text="Mod Manager:\nGame Path:\nVersion:\nPC Specs:\n",
82: 			font=FONT,
83: 			justify=RIGHT,
84: 			foreground=COLOR_DEFAULT,
85: 		).grid(column=0, row=0, rowspan=4, sticky=E, padx=5)
86: 
87: 		manager = self.cmc.game.manager
88: 		if manager:
89: 			if manager.name == "Mod Organizer":
90: 				label_mod_manager_icon = ttk.Label(
91: 					frame_top,
92: 					compound="image",
93: 					image=self.cmc.get_image("images/info-16.png"),
94: 					cursor="hand2",
95: 				)

-- 208 --
200: 			image=self.cmc.get_image("images/refresh-32.png"),
201: 			command=self.refresh,
202: 			padding=0,
203: 		)
204: 		button_refresh.grid(column=3, row=0, rowspan=2, sticky=E, padx=10)
205: 		ToolTip(button_refresh, TOOLTIP_REFRESH)
206: 
207: 		self.build_gui_binaries()
208: 		self.build_gui_archives()
209: 		self.build_gui_modules()
210: 
211: 	def build_gui_binaries(self) -> None:
212: 		self.frame_info_binaries = ttk.Labelframe(self, text="Binaries (EXE/DLL/BIN)")
213: 		self.frame_info_binaries.pack(anchor=N, fill=BOTH, side=LEFT, expand=True)
214: 
215: 		file_names = "\n".join([f.rsplit(".", 1)[0] + ":" for f in self.cmc.game.file_info])
216: 		rows = len(self.cmc.game.file_info)
217: 
218: 		label_file_names = ttk.Label(
219: 			self.frame_info_binaries,
220: 			text=file_names,
221: 			font=FONT,
222: 			foreground=COLOR_DEFAULT,
223: 			justify=RIGHT,
224: 		)
225: 		label_file_names.grid(column=0, row=0, rowspan=rows, sticky=E, padx=5)
226: 
227: 		ttk.Label(
228: 			self.frame_info_binaries,
229: 			text="Address Library:",
230: 			font=FONT,
231: 			foreground=COLOR_DEFAULT,
232: 			justify=RIGHT,

-- 329 --
321: 		ttk.Button(
322: 			self.frame_info_binaries,
323: 			text="Downgrade Manager...",
324: 			padding=5,
325: 			command=lambda: Downgrader(self.cmc.root, self.cmc),
326: 		).grid(column=0, row=size[1], columnspan=size[0], sticky=S, pady=10)
327: 		self.frame_info_binaries.grid_rowconfigure(size[1], weight=2)
328: 
329: 	def build_gui_archives(self) -> None:
330: 		self.frame_info_archives = ttk.Labelframe(self, text="Archives (BA2)")
331: 		self.frame_info_archives.pack(anchor=N, fill=BOTH, side=LEFT, expand=True)
332: 
333: 		# Column 0
334: 		label_ba2_formats = ttk.Label(
335: 			self.frame_info_archives,
336: 			text="General:\nTexture:\nTotal:",
337: 			font=FONT,
338: 			foreground=COLOR_DEFAULT,
339: 			justify=RIGHT,
340: 		)
341: 		label_ba2_formats.grid(column=0, row=0, rowspan=3, sticky=E, padx=(5, 0))
342: 		ToolTip(label_ba2_formats, TOOLTIP_BA2_FORMATS)
343: 
344: 		color_unreadable = COLOR_BAD if self.cmc.game.archives_unreadable else COLOR_NEUTRAL_1
345: 		label_unreadable = ttk.Label(
346: 			self.frame_info_archives,
347: 			text="Unreadable:",
348: 			font=FONT,
349: 			foreground=color_unreadable,
350: 		)
351: 		label_unreadable.grid(column=0, row=3, sticky=E, padx=(5, 0))
352: 		ToolTip(label_unreadable, TOOLTIP_UNREADABLE)
353: 

## matches for Archive Version
