275:     /// Adjacent `ModOrganizer.ini` in the manager executable directory.
281:     /// `LOCALAPPDATA/ModOrganizer/<CurrentInstance>/ModOrganizer.ini` lookup.
434:                     manager.executable_path.display().to_string(),
498:                     format!("pid {pid} {}", executable_path.display()),
504:                     executable_path = %executable_path.display(),
554:         let portable_ini_path = manager_directory.join("ModOrganizer.ini");
579:                     .join("ModOrganizer.ini");
604:                 portable_ini_path.display().to_string(),
612:             portable_ini_path.display().to_string(),
628:                     path.display().to_string(),
640:                     path.display().to_string(),
706:             .get("gameName")
807:             ini_path = %ini_path.display(),
1022:             candidate = %candidate.display(),
1031:                     candidate.display(),
1047:                     game_path = %installation.game_path.display(),
1066:                     normalized.display(),
1171:             "General" if matches!(setting, "gameName" | "gamePath" | "selected_profile") => {
1376:                     path.display().to_string(),
1403:                     path.display().to_string(),
1414:                     path.display().to_string(),
1586:              gameName=Fallout 4\n\
1599:             .with_file("C:/MO2/ModOrganizer.ini", valid_mo2_ini("C:/Games/Managed"))
1794:                        gameName=Fallout 4\n\
1809:             .with_file("C:/MO2/ModOrganizer.ini", mo2_ini)
1862:                 "C:/Users/Example/AppData/Local/ModOrganizer/Fallout4/ModOrganizer.ini",
1935:             "C:/MO2/ModOrganizer.ini",
1937:              gameName=Skyrim Special Edition\n\
1963:             "Only Fallout 4 is supported.\ngameName is 'Skyrim Special Edition' in INI: \nC:/MO2/ModOrganizer.ini"
1970:             "C:/MO2/ModOrganizer.ini",
1972:              gameName=Fallout 4\n\
1996:             "Profile is not set in ModOrganizer.ini."
