exit: 0
app::downgrader_controller::tests::downgrader_controller_close_is_blocked_while_running: test
app::downgrader_controller::tests::downgrader_controller_completion_reenables_patch_and_queues_status_refresh: test
app::downgrader_controller::tests::downgrader_controller_first_patch_click_plans_and_second_click_runs: test
app::downgrader_controller::tests::downgrader_controller_open_requests_status_and_loading_state: test
app::downgrader_controller::tests::downgrader_controller_option_changes_invalidate_plan_and_reject_malformed_values: test
app::downgrader_controller::tests::downgrader_controller_safe_failure_payload_uses_safe_text_without_diagnostic: test
app::downgrader_controller::tests::downgrader_controller_stale_status_plan_and_run_events_are_ignored: test
app::downgrader_controller::tests::downgrader_controller_status_loaded_default_target_through_recording_sink: test
app::downgrader_controller::tests::downgrader_controller_worker_failure_recovers_with_safe_error_and_allows_close: test
app::downgrader_controller::tests::downgrader_task_id_parsing_and_payload_helpers_are_stable: test
app::settings_controller::tests::settings_controller_saves_downgrader_reverts_visible_options_on_save_failure: test
app::settings_controller::tests::settings_controller_saves_downgrader_snapshot_for_workflow_start: test
domain::downgrader::tests::downgrader_domain_backup_and_patch_helpers_match_reference: test
domain::downgrader::tests::downgrader_domain_crc_mappings_match_reference: test
domain::downgrader::tests::downgrader_domain_file_definitions_preserve_reference_order_and_groups: test
domain::downgrader::tests::downgrader_domain_plan_and_log_rows_use_reference_vocabulary: test
domain::downgrader::tests::downgrader_domain_progress_values_are_clamped_to_reference_range: test
domain::downgrader::tests::downgrader_domain_reference_crc_buckets_include_ngae_for_ng_and_ae: test
domain::downgrader::tests::downgrader_domain_reference_strings_match_python_modal: test
domain::downgrader::tests::downgrader_domain_status_and_target_labels_match_reference: test
services::downgrader::tests::downgrader_executor_deletes_invalid_backups_downloads_applies_and_cleans_deltas: test
services::downgrader::tests::downgrader_executor_logs_permission_failures_and_continues_safely: test
services::downgrader::tests::downgrader_executor_preserves_source_backup_after_download_or_apply_failures: test
services::downgrader::tests::downgrader_executor_restores_valid_desired_backup_and_respects_keep_backups: test
services::downgrader::tests::downgrader_executor_reuses_existing_patch_and_does_not_download_for_skipped_rows: test
services::downgrader::tests::downgrader_executor_vcdiff_applier_fixture_decodes_source_patch: test
services::downgrader::tests::downgrader_service_plan_builds_invalid_backup_cleanup_download_patch_and_optional_cleanup: test
services::downgrader::tests::downgrader_service_plan_builds_restore_from_valid_desired_backup: test
services::downgrader::tests::downgrader_service_plan_fails_row_when_current_or_backup_cannot_be_read: test
services::downgrader::tests::downgrader_service_plan_marks_missing_unknown_obsolete_and_anniversary_rows_safely: test
services::downgrader::tests::downgrader_service_plan_rejects_escaping_managed_paths_before_output: test
services::downgrader::tests::downgrader_service_plan_rejects_missing_and_unsafe_roots: test
services::downgrader::tests::downgrader_service_plan_skips_reference_rows_in_order: test
services::downgrader::tests::downgrader_service_plan_status_classifies_rows_and_default_target: test
services::tools::tests::s09_actions_downgrade_manager_is_routed_without_desktop_handoff_but_archive_patcher_stays_deferred: test
tests::s09_downgrader_slint_contract_entrypoints_forward_downgrader_but_keep_archive_patcher_deferred: test
tests::s09_downgrader_slint_contract_modal_source_exposes_reference_shape_and_labels: test
workers::events::tests::downgrader_worker_payload_round_trips_owned_status_plan_log_progress_run_and_failure: test
matching_test_lines: 38
