-- CMT/src/tabs/_overview.py
29: from packaging.version import Version
32: from downgrader import Downgrader
33: from enums import CSIDL, ArchiveVersion, Magic, ModuleFlag, ProblemType, SolutionType
35: from helpers import CMCheckerInterface, CMCTabFrame, FileInfo, ProblemInfo, SimpleProblemInfo
81: text="Mod Manager:\nGame Path:\nVersion:\nPC Specs:\n",
109: "Detected Mod Manager Settings",
119: if self.cmc.pc.os == "Windows 11 24H2" and manager.version <= Version("2.5.2"):
212: self.frame_info_binaries = ttk.Labelframe(self, text="Binaries (EXE/DLL/BIN)")
258: ProblemInfo(
259: ProblemType.WrongVersion,
276: ProblemInfo(
289: ProblemInfo(
290: ProblemType.WrongVersion,
309: version = ver_to_str(self.cmc.game.file_info[file_name]["Version"] or "Not Found")
323: text="Downgrade Manager...",
325: command=lambda: Downgrader(self.cmc.root, self.cmc),
330: self.frame_info_archives = ttk.Labelframe(self, text="Archives (BA2)")
395: text=f" / {MAX_ARCHIVES_GNRL}\n / {MAX_ARCHIVES_DX10}\n / {MAX_ARCHIVES_GNRL + MAX_ARCHIVES_DX10}",
406: text="Archive Patcher...",
414: self.frame_info_modules = ttk.Labelframe(self, text="Modules (ESM/ESL/ESP)")
426: ToolTip(label_module_types, TOOLTIP_MODULE_TYPES)
471: self.add_count_label(self.frame_info_modules, 1, 2, "TotalModules")
504: text=f" /  {MAX_MODULES_FULL}\n / {MAX_MODULES_LIGHT}\n / {MAX_MODULES_FULL + MAX_MODULES_LIGHT}",
510: ToolTip(label_module_max, TOOLTIP_MODULE_TYPES)
528: "Detected Invalid Module Versions",
540: count: Literal["GNRL", "DX10", "TotalBA2s", "Full", "Light", "TotalModules"],
546: limit = MAX_ARCHIVES_GNRL
550: limit = MAX_ARCHIVES_DX10
553: limit = MAX_MODULES_FULL
556: limit = MAX_MODULES_LIGHT
560: limit = MAX_ARCHIVES_GNRL + MAX_ARCHIVES_DX10
561: case "TotalModules":
563: limit = MAX_MODULES_FULL + MAX_MODULES_LIGHT
576: solution = "Archives can be unpacked or merged to reduce your total.\nNote: Do not mix texture and non-texture archives when merging.\nUnpacking is only suggest
589: SimpleProblemInfo(
612: "Version": None,
613: "VersionString": None,
623: install_type = BASE_FILES[file_name].get(version_string) or BASE_FILES[file_name].get(file_hash)
626: install_type = BASE_FILES[file_name].get(file_hash)
633: "Version": version,
634: "VersionString": version_string,
640: logger.debug("Gathering Info: Binaries")
645: SimpleProblemInfo(
647: "No Mod Manager",
648: "No Mod Manager Detected",
653: for file_name in BASE_FILES:
664: SimpleProblemInfo(
666: "Unknown Game Version",
667: f"{file_info['VersionString'] or file_info['Hash']} is an unknown version.\nPossible causes:\n1. The game is an old version and should be updated.\n2. The exe f
668: "Either update the game/verify files in Steam, or report this issue.",
672: if self.cmc.game.data_path and file_info["VersionString"]:
673: address_library_name = f"version-{file_info['VersionString'].replace('.', '-')}.bin"
680: ProblemInfo(
700: ProblemInfo(
711: logger.debug("Gathering Info: Archives")
715: logger.debug("Archives: No Data Path")
738: self.cmc.game.archives_enabled.update({
751: SimpleProblemInfo(
765: SimpleProblemInfo(
774: logger.debug("Archives: Checking %s", ba2_file.name)
782: ProblemInfo(
796: ProblemInfo(
808: case ArchiveVersion.OG:
811: case ArchiveVersion.NG7 | ArchiveVersion.NG:
818: ProblemInfo(
839: ProblemInfo(
856: logger.debug("Gathering Info: Modules")
862: SimpleProblemInfo(
873: ccc_path = self.cmc.game.game_path / "Fallout4.ccc"
874: if is_file(ccc_path):
876: cc_path for cc in ccc_path.read_text("utf-8").splitlines() if is_file(cc_path := data_path / cc)
880: SimpleProblemInfo(
881: "Fallout4.ccc",
890: f"{ccc_path.name} not found.\nCC files may not be detected. Verifying Steam files or reinstalling should fix this.",
893: plugins_path = get_environment_path(CSIDL.AppDataLocal) / "Fallout4\\plugins.txt"
898: SimpleProblemInfo(
901: "plugins.txt was not found.\nThis is used to detect which modules/archives are enabled.",
908: "plugins.txt not found.\nEnable state of plugins can't be detected.\nCounts will reflect all modules/archives in Data, which is likely higher than your actual c
928: ProblemInfo(
942: ProblemInfo(
... 5 more
-- CMT/src/cm_checker.py
39: check_for_update_github,
40: check_for_update_nexus,
65: self.check_for_updates()
109: def check_for_updates(self) -> None:
110: update_source = self.settings.dict["update_source"]
111: if update_source == "none":
114: nexus_version = check_for_update_nexus() if update_source in {"nexus", "both"} else None
115: github_version = check_for_update_github() if update_source in {"github", "both"} else None
119: update_frame = ttk.Frame(self.root, style="Update.TFrame")
120: update_frame.grid(column=0, row=0, sticky=NSEW)
124: update_frame,
125: image=self.get_image("images/update-24.png"),
126: text="An update is available:",
139: update_frame,
150: hyperlink_label_nexus.bind("<Button-1>", lambda _: webbrowser.open(NEXUS_LINK))
156: update_frame,
168: update_frame,
178: hyperlink_label_github.bind("<Button-1>", lambda _: webbrowser.open(GITHUB_LINK))
181: update_frame.grid_columnconfigure(0, weight=1)
182: update_frame.grid_columnconfigure(column, weight=1)
183: update_frame.grid_rowconfigure(0, weight=1)
214: self.root.update()
-- CMT/src/globals.py
25: MAX_MODULES_FULL = 254
26: MAX_MODULES_LIGHT = 4096
27: MAX_ARCHIVES_GNRL = 256
28: MAX_ARCHIVES_DX10 = 255
38: NEXUS_LINK = "https://www.nexusmods.com/fallout4/mods/87907"
40: GITHUB_LINK = "https://github.com/wxMichael/Collective-Modding-Toolkit"
47: MODULE_VERSION_95 = b"\x33\x33\x73\x3f"
48: MODULE_VERSION_1 = b"\x00\x00\x80\x3f"
50: MODULE_VERSION_SUPPORT = {
82: BASE_FILES: dict[str, dict[str, InstallType]] = {
146: ARCHIVE_NAME_WHITELIST = (
188: ABOUT_ARCHIVES_TITLE = "Bethesda Archive (BA2) Formats & Versions"
189: ABOUT_ARCHIVES = """There are 2 formats and 3 versions for Fallout 4 BA2 files:
199: Why Patch Versions?
210: Simple Downgrader's backups will also be used.
222: \N{HEAVY CHECK MARK} Version is supported
224: \N{CROSS MARK} Version not supported
254: TOOLTIP_MODULE_TYPES = """Full modules include all non-Light modules.
310: Simple Downgrader's backups will also be used.
-- CMT/src/enums.py
70: class ArchiveVersion(IntEnum):
91: WrongVersion = "Wrong Version"
99: ConvertDeleteOrIgnoreFile = "This file may need to be converted and relevant files updated for the new name.\nOtherwise it can likely be deleted or ignored."
102: RenameArchive = "Archives must be named the same as a plugin with an added suffix or added to an INI."
-- CMT/src/helpers.py
137: self.overview_problems: list[ProblemInfo | SimpleProblemInfo]
222: Version: tuple[int, int, int, int] | None
223: VersionString: str | None
236: class ProblemInfo:
260: class SimpleProblemInfo:
281: logger.debug("Added SimpleProblemInfo: Path: %s | Problem: %s", path, problem)
-- CMT/src/utils.py
36: from packaging.version import InvalidVersion, Version
40: from globals import APP_VERSION, COLOR_DEFAULT, FONT, FONT_SMALL, NEXUS_LINK
61: class F4SEPluginVersionData(ctypes.Structure):
63: ("dataVersion", ctypes.c_uint32),
64: ("pluginVersion", ctypes.c_uint32),
69: ("compatibleVersions", ctypes.c_uint32 * 16),
70: ("seVersionRequired", ctypes.c_uint32),
191: manager_version = Version(".".join(str(n) for n in ver[:3])) if ver else Version("0.0.0")
212: info = win32api.GetFileVersionInfo(str(path), "\\")
215: ms = info["FileVersionMS"]
216: ls = info["FileVersionLS"]
245: "SupportsNGAE": hasattr(dll, "F4SEPlugin_Version"),
252: dll.F4SEPlugin_Version,
253: POINTER(F4SEPluginVersionData),
256: if 0x010A3D40 in v.compatibleVersions or 0x010A3D80 in v.compatibleVersions:
259: if any(n > 0x010B0890 for n in v.compatibleVersions):
308: window.update()
343: style.configure("Update.TFrame", background="pale green")
346: def check_for_update_nexus() -> str | None:
347: logger.debug("Update Check : Nexus Mods")
349: response = requests.get(NEXUS_LINK, timeout=5, stream=True)
361: if line.lstrip().startswith('<meta property="twitter:label1" content="Version"'):
366: logger.error("Update Check : Nexus Mods : Failed")
370: if Version(latest_version) > Version(str(APP_VERSION)):
371: logger.info("Update Check : Nexus Mods : Update Available : v%s", latest_version)  # TODO: test variable
373: except (requests.RequestException, InvalidVersion, IndexError):
374: logger.exception("Update Check : Nexus Mods : Failed")  # TODO: Reasons
377: logger.debug("Update Check : Nexus Mods : No Updates")
381: def check_for_update_github() -> str | None:
382: logger.debug("Update Check : GitHub")
386: "X-GitHub-Api-Version": "2022-11-28",
391: logger.exception("Update Check : GitHub : Failed")
398: if Version(latest_version) > Version(str(APP_VERSION)):
399: logger.info("Update Check : GitHub : Update Available : v%s", latest_version)
401: except (requests.JSONDecodeError, InvalidVersion):
402: logger.exception("Update Check : GitHub : Failed")
405: logger.debug("Update Check : GitHub : No Updates")
