target/debug/.fingerprint/i-slint-backend-selector-0ee5325f042b24ed
target/debug/.fingerprint/i-slint-backend-selector-0ee5325f042b24ed/run-build-script-build-script-build
target/debug/.fingerprint/i-slint-backend-selector-0ee5325f042b24ed/run-build-script-build-script-build.json
target/debug/.fingerprint/i-slint-backend-selector-103fdd712f3dd12e
target/debug/.fingerprint/i-slint-backend-selector-103fdd712f3dd12e/dep-lib-i_slint_backend_selector
target/debug/.fingerprint/i-slint-backend-selector-103fdd712f3dd12e/invoked.timestamp
target/debug/.fingerprint/i-slint-backend-selector-103fdd712f3dd12e/lib-i_slint_backend_selector
target/debug/.fingerprint/i-slint-backend-selector-103fdd712f3dd12e/lib-i_slint_backend_selector.json
target/debug/.fingerprint/i-slint-backend-selector-23284ed934e6e477
target/debug/.fingerprint/i-slint-backend-selector-23284ed934e6e477/run-build-script-build-script-build
target/debug/.fingerprint/i-slint-backend-selector-23284ed934e6e477/run-build-script-build-script-build.json
target/debug/.fingerprint/i-slint-backend-selector-3a6c3a43ee071ee9
target/debug/.fingerprint/i-slint-backend-selector-3a6c3a43ee071ee9/dep-lib-i_slint_backend_selector
target/debug/.fingerprint/i-slint-backend-selector-3a6c3a43ee071ee9/invoked.timestamp
target/debug/.fingerprint/i-slint-backend-selector-3a6c3a43ee071ee9/lib-i_slint_backend_selector
target/debug/.fingerprint/i-slint-backend-selector-3a6c3a43ee071ee9/lib-i_slint_backend_selector.json
target/debug/.fingerprint/i-slint-backend-selector-3f68a55165f96797
target/debug/.fingerprint/i-slint-backend-selector-3f68a55165f96797/build-script-build-script-build
target/debug/.fingerprint/i-slint-backend-selector-3f68a55165f96797/build-script-build-script-build.json
target/debug/.fingerprint/i-slint-backend-selector-3f68a55165f96797/dep-build-script-build-script-build
target/debug/.fingerprint/i-slint-backend-selector-3f68a55165f96797/invoked.timestamp
target/debug/.fingerprint/i-slint-backend-selector-653918da7998e988
target/debug/.fingerprint/i-slint-backend-selector-653918da7998e988/dep-lib-i_slint_backend_selector
target/debug/.fingerprint/i-slint-backend-selector-653918da7998e988/invoked.timestamp
target/debug/.fingerprint/i-slint-backend-selector-653918da7998e988/lib-i_slint_backend_selector
target/debug/.fingerprint/i-slint-backend-selector-653918da7998e988/lib-i_slint_backend_selector.json
target/debug/.fingerprint/i-slint-backend-selector-8cfbad64c4834341
target/debug/.fingerprint/i-slint-backend-selector-8cfbad64c4834341/dep-lib-i_slint_backend_selector
target/debug/.fingerprint/i-slint-backend-selector-8cfbad64c4834341/invoked.timestamp
target/debug/.fingerprint/i-slint-backend-selector-8cfbad64c4834341/lib-i_slint_backend_selector
target/debug/.fingerprint/i-slint-backend-selector-8cfbad64c4834341/lib-i_slint_backend_selector.json
target/debug/.fingerprint/i-slint-backend-selector-956d88a61fd3051a
target/debug/.fingerprint/i-slint-backend-selector-956d88a61fd3051a/build-script-build-script-build
target/debug/.fingerprint/i-slint-backend-selector-956d88a61fd3051a/build-script-build-script-build.json
target/debug/.fingerprint/i-slint-backend-selector-956d88a61fd3051a/dep-build-script-build-script-build
target/debug/.fingerprint/i-slint-backend-selector-956d88a61fd3051a/invoked.timestamp
target/debug/.fingerprint/i-slint-backend-selector-b1c346871b1d9af6
target/debug/.fingerprint/i-slint-backend-selector-b1c346871b1d9af6/dep-lib-i_slint_backend_selector
target/debug/.fingerprint/i-slint-backend-selector-b1c346871b1d9af6/invoked.timestamp
target/debug/.fingerprint/i-slint-backend-selector-b1c346871b1d9af6/lib-i_slint_backend_selector
target/debug/.fingerprint/i-slint-backend-selector-b1c346871b1d9af6/lib-i_slint_backend_selector.json
target/debug/.fingerprint/i-slint-backend-selector-b36f49d7f42abe55
target/debug/.fingerprint/i-slint-backend-selector-b36f49d7f42abe55/run-build-script-build-script-build
target/debug/.fingerprint/i-slint-backend-selector-b36f49d7f42abe55/run-build-script-build-script-build.json
target/debug/.fingerprint/i-slint-backend-selector-b72ac6e64d62efdc
target/debug/.fingerprint/i-slint-backend-selector-b72ac6e64d62efdc/run-build-script-build-script-build
target/debug/.fingerprint/i-slint-backend-selector-b72ac6e64d62efdc/run-build-script-build-script-build.json
target/debug/.fingerprint/i-slint-backend-selector-be8b410ccdea4593
target/debug/.fingerprint/i-slint-backend-selector-be8b410ccdea4593/build-script-build-script-build
target/debug/.fingerprint/i-slint-backend-selector-be8b410ccdea4593/build-script-build-script-build.json
target/debug/.fingerprint/i-slint-backend-selector-be8b410ccdea4593/dep-build-script-build-script-build
target/debug/.fingerprint/i-slint-backend-selector-be8b410ccdea4593/invoked.timestamp
target/debug/.fingerprint/i-slint-backend-selector-d8f5f3b918d2e5fe
target/debug/.fingerprint/i-slint-backend-selector-d8f5f3b918d2e5fe/build-script-build-script-build
target/debug/.fingerprint/i-slint-backend-selector-d8f5f3b918d2e5fe/build-script-build-script-build.json
target/debug/.fingerprint/i-slint-backend-selector-d8f5f3b918d2e5fe/dep-build-script-build-script-build
target/debug/.fingerprint/i-slint-backend-selector-d8f5f3b918d2e5fe/invoked.timestamp
target/debug/.fingerprint/i-slint-backend-selector-fe91415b98622360
target/debug/.fingerprint/i-slint-backend-selector-fe91415b98622360/dep-lib-i_slint_backend_selector
target/debug/.fingerprint/i-slint-backend-selector-fe91415b98622360/invoked.timestamp
target/debug/.fingerprint/i-slint-backend-selector-fe91415b98622360/lib-i_slint_backend_selector
target/debug/.fingerprint/i-slint-backend-selector-fe91415b98622360/lib-i_slint_backend_selector.json
target/debug/.fingerprint/i-slint-backend-winit-098b59413068870c
target/debug/.fingerprint/i-slint-backend-winit-098b59413068870c/dep-lib-i_slint_backend_winit
target/debug/.fingerprint/i-slint-backend-winit-098b59413068870c/invoked.timestamp
target/debug/.fingerprint/i-slint-backend-winit-098b59413068870c/lib-i_slint_backend_winit
target/debug/.fingerprint/i-slint-backend-winit-098b59413068870c/lib-i_slint_backend_winit.json
target/debug/.fingerprint/i-slint-backend-winit-24b3d5e99adb77e6
target/debug/.fingerprint/i-slint-backend-winit-24b3d5e99adb77e6/run-build-script-build-script-build
target/debug/.fingerprint/i-slint-backend-winit-24b3d5e99adb77e6/run-build-script-build-script-build.json
target/debug/.fingerprint/i-slint-backend-winit-24f211d5a509b281
target/debug/.fingerprint/i-slint-backend-winit-24f211d5a509b281/build-script-build-script-build
target/debug/.fingerprint/i-slint-backend-winit-24f211d5a509b281/build-script-build-script-build.json
target/debug/.fingerprint/i-slint-backend-winit-24f211d5a509b281/dep-build-script-build-script-build
target/debug/.fingerprint/i-slint-backend-winit-24f211d5a509b281/invoked.timestamp
target/debug/.fingerprint/i-slint-backend-winit-46f0ec8ac7c22c03
target/debug/.fingerprint/i-slint-backend-winit-46f0ec8ac7c22c03/dep-lib-i_slint_backend_winit
target/debug/.fingerprint/i-slint-backend-winit-46f0ec8ac7c22c03/invoked.timestamp
target/debug/.fingerprint/i-slint-backend-winit-46f0ec8ac7c22c03/lib-i_slint_backend_winit
target/debug/.fingerprint/i-slint-backend-winit-46f0ec8ac7c22c03/lib-i_slint_backend_winit.json
