## src
- src/app/about_controller.rs: WorkerEvent, tab
- src/app/mod.rs: f4se, Overview, Filesystem, tab
- src/app/overview_controller.rs: Overview, WorkerEvent, Filesystem, tab
- src/app/settings_controller.rs: tab
- src/app/tools_controller.rs: WorkerEvent, Filesystem, tab
- src/domain/discovery.rs: f4se, Overview, Filesystem, tab
- src/domain/mod.rs: Overview, Filesystem, tab
- src/domain/mod_manager.rs: Overview, Filesystem, tab
- src/domain/overview.rs: Overview, Filesystem, tab
- src/domain/settings.rs: Overview, Filesystem, tab
- src/domain/tools.rs: tab
- src/main.rs: f4se, Overview, WorkerEvent, Filesystem, tab
- src/platform/clipboard.rs: tab
- src/platform/desktop.rs: tab
- src/platform/filesystem.rs: f4se, Filesystem
- src/platform/mod.rs: Filesystem, tab
- src/platform/process.rs: Filesystem, tab
- src/platform/registry.rs: tab
- src/platform/settings_store.rs: Overview, Filesystem, tab
- src/services/discovery.rs: f4se, Overview, Filesystem, tab
- src/services/mod.rs: Overview, Filesystem, tab
- src/services/overview.rs: f4se, Overview, Filesystem, tab
- src/services/overview_collector.rs: f4se, Overview, Filesystem, tab
- src/services/tools.rs: tab
- src/services/update.rs: Overview, tab
- src/workers/events.rs: Overview, WorkerEvent, Filesystem, tab
- src/workers/handoff.rs: WorkerEvent, tab
- src/workers/mod.rs: Overview, WorkerEvent, tab
## ui
- ui/about_tab.slint: tab
- ui/f4se_tab.slint: f4se, tab
- ui/main.slint: f4se, Overview, TabWidget, tab
- ui/overview_tab.slint: Overview, tab
- ui/scanner_tab.slint: tab
- ui/settings_tab.slint: tab
- ui/tools_tab.slint: tab
## CMT\src
- CMT/src/app_settings.py: Overview, tab
- CMT/src/autofixes.py: tab
- CMT/src/cm_checker.py: f4se, Overview, tab
- CMT/src/downgrader.py: Overview, tab
- CMT/src/enums.py: f4se, Overview, tab
- CMT/src/game_info.py: f4se, tab
- CMT/src/globals.py: f4se, Overview, ABOUT_F4SE, tab
- CMT/src/helpers.py: f4se, Overview, tab
- CMT/src/logger.py: tab
- CMT/src/main.py: tab
- CMT/src/mod_manager_info.py: tab
- CMT/src/modal_window.py: tab
- CMT/src/patcher/__init__.py: tab
- CMT/src/patcher/_archives.py: tab
- CMT/src/patcher/_base.py: Overview, tab
- CMT/src/scan_settings.py: f4se, Overview, tab
- CMT/src/tabs/__init__.py: f4se, Overview, tab
- CMT/src/tabs/_about.py: tab
- CMT/src/tabs/_f4se.py: f4se, parse_dll, ABOUT_F4SE, tab
- CMT/src/tabs/_overview.py: f4se, Overview, tab
- CMT/src/tabs/_scanner.py: f4se, Overview, tab
- CMT/src/tabs/_settings.py: tab
- CMT/src/tabs/_tools.py: tab
- CMT/src/utils.py: f4se, parse_dll, tab
