   Compiling cmt-rs v0.1.0 (/mnt/j/cmt-rs)
error[E0716]: temporary value dropped while borrowed
    --> src/main.rs:1142:26
     |
1142 | ...   let top_labels = ...&snapshot)
     |                        ...^^^^^^^^^^ creates a temporary value which is freed while still in use
...
1145 | ...       .collect::<Vec<_>>();
     |                               - temporary value is freed at the end of this statement
1146 | ...   ....to_vec());
     |       ...---------- borrow later used here
     |
help: consider consuming the `Vec<OverviewUiRow>` when turning it into an `Iterator`
     |
1143 |             .into_iter()
     |              +++++
help: consider using a `let` binding to create a longer lived value
     |
1142 ~         let binding = format_top_rows(&snapshot);
1143 ~         let top_labels = binding
     |

error[E0716]: temporary value dropped while borrowed
    --> src/main.rs:1148:30
     |
1148 |           let archive_label...archives.rows)
     |                            ...^^^^^^^^^^^^^^ creates a temporary value which is freed while still in use
...
1151 |               .collect::<Vec<_>>();
     |                                   - temporary value is freed at the end of this statement
1152 | /         assert_eq!(
1153 | |             archive_labels,
1154 | |             domain::overview::ARCHIVE_COUNT_LABELS.to_vec()
1155 | |         );
     | |_________- borrow later used here
     |
help: consider consuming the `Vec<OverviewUiRow>` when turning it into an `Iterator`
     |
1149 |             .into_iter()
     |              +++++
help: consider using a `let` binding to create a longer lived value
     |
1148 ~         let binding = format_count_panel_rows(&snapshot.archives.rows);
1149 ~         let archive_labels = binding
     |

error[E0716]: temporary value dropped while borrowed
    --> src/main.rs:1157:29
     |
1157 |           let module_label....modules.rows)
     |                           ...^^^^^^^^^^^^^^ creates a temporary value which is freed while still in use
...
1160 |               .collect::<Vec<_>>();
     |                                   - temporary value is freed at the end of this statement
1161 | /         assert_eq!(
1162 | |             module_labels,
1163 | |             domain::overview::MODULE_COUNT_LABELS.to_vec()
1164 | |         );
     | |_________- borrow later used here
     |
help: consider consuming the `Vec<OverviewUiRow>` when turning it into an `Iterator`
     |
1158 |             .into_iter()
     |              +++++
help: consider using a `let` binding to create a longer lived value
     |
1157 ~         let binding = format_count_panel_rows(&snapshot.modules.rows);
1158 ~         let module_labels = binding
     |

For more information about this error, try `rustc --explain E0716`.
error: could not compile `cmt-rs` (bin "cmt-rs" test) due to 3 previous errors
