## pub struct DowngraderService
-- 883: pub struct DowngraderService<'a, F: Filesystem + ?Sized> {
875:             update_plan_digest_value(digest, backup.read_error.as_deref().unwrap_or(""));
876:         }
877:         None => update_plan_digest_value(digest, "backup:none"),
878:     }
879: }
880: 
881: /// Read-only service that classifies Downgrader files and builds preview plans.
882: #[derive(Debug, Clone, Copy)]
883: pub struct DowngraderService<'a, F: Filesystem + ?Sized> {
884:     filesystem: &'a F,
885:     patch_integrity_manifest: &'a [DowngraderPatchIntegrity],
886: }
887: 
888: impl<'a, F: Filesystem + ?Sized> DowngraderService<'a, F> {
889:     /// Creates a Downgrader service over a read-only filesystem adapter.
890:     pub const fn new(filesystem: &'a F) -> Self {
891:         Self {
892:             filesystem,
893:             patch_integrity_manifest: &PATCH_INTEGRITY_MANIFEST,
894:         }
895:     }
896: 
897:     #[cfg(test)]
898:     const fn with_patch_integrity_manifest(
899:         filesystem: &'a F,
900:         patch_integrity_manifest: &'a [DowngraderPatchIntegrity],
901:     ) -> Self {
902:         Self {
903:             filesystem,
904:             patch_integrity_manifest,
905:         }
906:     }
907: 
908:     /// Builds a read-only status snapshot for the six reference-managed files.
909:     pub fn status_snapshot(
910:         &self,
911:         request: DowngraderStatusRequest<'_>,
912:     ) -> Result<DowngraderStatusSnapshot, DowngraderServiceError> {
913:         let span = info_span!(
914:             "downgrader.status_snapshot",
915:             request_id = request.request_id,
916:             has_installation = request.installation.is_some(),
917:         );
918:         let _guard = span.enter();

## pub struct DowngraderPreviewPlan
-- 698: pub struct DowngraderPreviewPlanRow {
690:             crc32: None,
691:             read_error: None,
692:         }
693:     }
694: }
695: 
696: /// Detailed preview row for one managed file.
697: #[derive(Debug, Clone, PartialEq, Eq)]
698: pub struct DowngraderPreviewPlanRow {
699:     /// Pure reference row with first-pass skip/worker action metadata.
700:     pub plan: DowngraderPlanRow,
701:     /// Display status after `steam_api64.dll` NG/AE translation.
702:     pub display_status: DowngraderInstallStatus,
703:     /// Uppercase CRC32 of the current file when readable.
704:     pub current_crc32: Option<String>,
705:     /// Resolved current file path under the game root.
706:     pub current_path: PathBuf,
707:     /// Desired-version backup probe, read only when the row reaches backup planning.
708:     pub desired_backup: Option<DowngraderBackupProbe>,
709:     /// Current-version backup probe, read only when the row reaches backup planning.
710:     pub current_backup: Option<DowngraderBackupProbe>,
711:     /// Ordered steps a later confirmed worker would perform for this file.
712:     pub steps: Vec<DowngraderPlanStep>,
713:     /// Safe per-row failure that disables execution when planning cannot continue safely.
714:     pub failure: Option<String>,
715: }
716: 
717: impl DowngraderPreviewPlanRow {
718:     /// Returns whether this row can be handed to a later mutation worker.
719:     pub fn can_execute(&self) -> bool {
720:         self.failure.is_none()
721:     }
722: 
723:     /// Returns true when the row contains a delta download step.
724:     pub fn requires_download(&self) -> bool {
725:         self.steps
726:             .iter()
727:             .any(|step| step.kind == DowngraderPlanStepKind::DownloadDelta)
728:     }
729: 
730:     /// Returns true when the row restores from an existing desired-version backup.
731:     pub fn restores_from_backup(&self) -> bool {
732:         self.steps
733:             .iter()

-- 740: pub struct DowngraderPreviewPlanCounts {
732:         self.steps
733:             .iter()
734:             .any(|step| step.kind == DowngraderPlanStepKind::RestoreDesiredBackup)
735:     }
736: }
737: 
738: /// Aggregate counts from a generated preview plan.
739: #[derive(Debug, Default, Clone, PartialEq, Eq)]
740: pub struct DowngraderPreviewPlanCounts {
741:     /// Rows that produce only reference skip messages.
742:     pub skipped_rows: usize,
743:     /// Rows that will restore from a desired-version backup.
744:     pub restore_from_backup_rows: usize,
745:     /// Rows that require downloading an xdelta patch.
746:     pub delta_download_rows: usize,
747:     /// Rows that failed safely during planning.
748:     pub failed_rows: usize,
749:     /// Total mutating execution steps that would happen only after confirmation.
750:     pub mutating_step_count: usize,
751: }
752: 
753: /// Complete inline plan returned before any mutation, download, or patching occurs.
754: #[derive(Debug, Clone, PartialEq, Eq)]
755: pub struct DowngraderPreviewPlan {
756:     /// Request id copied from the plan request.
757:     pub request_id: u64,
758:     /// Validated game root used to resolve all managed files.
759:     pub game_root: PathBuf,
760:     /// User options used for this plan.
761:     pub options: DowngraderOptionsSnapshot,
762:     /// Status snapshot used as the source of truth for the plan.
763:     pub status: DowngraderStatusSnapshot,
764:     /// Six preview rows in reference patch order.
765:     pub rows: Vec<DowngraderPreviewPlanRow>,
766:     /// Aggregate row/step counts for diagnostics and UI summary text.
767:     pub counts: DowngraderPreviewPlanCounts,
768:     /// False when any row failed during read-only planning.
769:     pub can_execute: bool,
770: }
771: 
772: impl DowngraderPreviewPlan {
773:     fn from_rows(
774:         request_id: u64,
775:         game_root: PathBuf,

-- 755: pub struct DowngraderPreviewPlan {
747:     /// Rows that failed safely during planning.
748:     pub failed_rows: usize,
749:     /// Total mutating execution steps that would happen only after confirmation.
750:     pub mutating_step_count: usize,
751: }
752: 
753: /// Complete inline plan returned before any mutation, download, or patching occurs.
754: #[derive(Debug, Clone, PartialEq, Eq)]
755: pub struct DowngraderPreviewPlan {
756:     /// Request id copied from the plan request.
757:     pub request_id: u64,
758:     /// Validated game root used to resolve all managed files.
759:     pub game_root: PathBuf,
760:     /// User options used for this plan.
761:     pub options: DowngraderOptionsSnapshot,
762:     /// Status snapshot used as the source of truth for the plan.
763:     pub status: DowngraderStatusSnapshot,
764:     /// Six preview rows in reference patch order.
765:     pub rows: Vec<DowngraderPreviewPlanRow>,
766:     /// Aggregate row/step counts for diagnostics and UI summary text.
767:     pub counts: DowngraderPreviewPlanCounts,
768:     /// False when any row failed during read-only planning.
769:     pub can_execute: bool,
770: }
771: 
772: impl DowngraderPreviewPlan {
773:     fn from_rows(
774:         request_id: u64,
775:         game_root: PathBuf,
776:         options: DowngraderOptionsSnapshot,
777:         status: DowngraderStatusSnapshot,
778:         rows: Vec<DowngraderPreviewPlanRow>,
779:     ) -> Self {
780:         let mut counts = DowngraderPreviewPlanCounts::default();
781:         for row in &rows {
782:             if row.failure.is_some() {
783:                 counts.failed_rows += 1;
784:             }
785:             if row.steps.iter().all(|step| {
786:                 matches!(
787:                     step.kind,
788:                     DowngraderPlanStepKind::SkipAlreadyDesired
789:                         | DowngraderPlanStepKind::SkipNotFound
790:                         | DowngraderPlanStepKind::SkipUnsupportedVersion

## stable_digest
-- 823: pub fn stable_digest(&self) -> String {
815:             can_execute,
816:         }
817:     }
818: 
819:     /// Returns a stable digest for the material file, backup, option, and step state in this plan.
820:     ///
821:     /// Request ids are intentionally excluded so a fresh revalidation can be compared with
822:     /// the exact preview the user reviewed before any destructive work starts.
823:     pub fn stable_digest(&self) -> String {
824:         let mut digest = Sha256::new();
825:         update_plan_digest_value(&mut digest, "cmt-rs-downgrader-preview-plan-v1");
826:         update_plan_digest_value(&mut digest, self.game_root.to_string_lossy().as_ref());
827:         update_plan_digest_value(&mut digest, self.options.target.as_reference_str());
828:         update_plan_digest_value(&mut digest, bool_digest_value(self.options.keep_backups));
829:         update_plan_digest_value(&mut digest, bool_digest_value(self.options.delete_deltas));
830:         update_plan_digest_value(&mut digest, bool_digest_value(self.can_execute));
831: 
832:         for row in &self.rows {
833:             update_plan_digest_value(&mut digest, row.plan.relative_path);
834:             update_plan_digest_value(&mut digest, row.plan.display_name);
835:             update_plan_digest_value(&mut digest, row.display_status.as_reference_str());
836:             update_plan_digest_value(&mut digest, row.current_crc32.as_deref().unwrap_or(""));
837:             update_plan_digest_value(&mut digest, row.current_path.to_string_lossy().as_ref());
838:             update_plan_digest_value(&mut digest, row.plan.target.as_reference_str());
839:             update_plan_digest_value(&mut digest, format!("{:?}", row.plan.action));
840:             update_plan_digest_value(&mut digest, &row.plan.current_backup_name);
841:             update_plan_digest_value(&mut digest, &row.plan.desired_backup_name);
842:             update_plan_digest_value(&mut digest, &row.plan.patch_name);
843:             update_plan_digest_value(&mut digest, &row.plan.patch_url);
844:             update_plan_digest_backup(&mut digest, row.desired_backup.as_ref());
845:             update_plan_digest_backup(&mut digest, row.current_backup.as_ref());
846:             update_plan_digest_value(&mut digest, row.failure.as_deref().unwrap_or(""));
847:             for step in &row.steps {
848:                 update_plan_digest_value(&mut digest, step.kind.as_str());
849:                 update_plan_digest_value(&mut digest, &step.message);
850:             }
851:         }
852: 
853:         format!("{:x}", digest.finalize())
854:     }
855: }
856: 
857: fn bool_digest_value(value: bool) -> &'static str {
858:     if value { "true" } else { "false" }

-- 1458: let actual_digest = plan.stable_digest();
1450:         );
1451: 
1452:         let plan = self.preview_plan(DowngraderPlanRequest::new(
1453:             request.request_id,
1454:             request.installation,
1455:             request.options,
1456:         ))?;
1457:         if let Some(expected_digest) = request.confirmed_plan_digest.as_deref() {
1458:             let actual_digest = plan.stable_digest();
1459:             if actual_digest != expected_digest {
1460:                 warn!(
1461:                     event = "downgrader-confirmed-plan-changed",
1462:                     request_id = request.request_id,
1463:                     expected_digest,
1464:                     actual_digest = actual_digest.as_str(),
1465:                     "Downgrader confirmed run aborted because the preview plan changed"
1466:                 );
1467:                 return Err(DowngraderServiceError::ConfirmedPlanChanged {
1468:                     safe_message: CONFIRMED_PLAN_CHANGED_MESSAGE.to_owned(),
1469:                     expected_digest: expected_digest.to_owned(),
1470:                     actual_digest,
1471:                 });
1472:             }
1473:         }
1474:         let execution_root = self.validated_execution_game_root(&plan.game_root)?;
1475:         let mut result = DowngraderExecutionResult {
1476:             request_id: request.request_id,
1477:             game_root: execution_root.clone(),
1478:             options: request.options,
1479:             rows: Vec::with_capacity(plan.rows.len()),
1480:             log_rows: Vec::with_capacity(plan.rows.len()),
1481:             progress_events: Vec::new(),
1482:             diagnostics: Vec::new(),
1483:         };
1484: 
1485:         for row in &plan.rows {
1486:             let file_result = self.execute_row(
1487:                 request.request_id,
1488:                 &execution_root,
1489:                 row,
1490:                 downloader,
1491:                 applier,
1492:                 &mut result.progress_events,
1493:                 &mut progress_callback,

-- 3906: let reviewed_digest = preview.stable_digest();
3898:         let service = DowngraderService::new(&fs);
3899:         let preview = service
3900:             .preview_plan(DowngraderPlanRequest::new(
3901:                 40,
3902:                 Some(&installation()),
3903:                 options(DowngraderTarget::OldGen, false, true),
3904:             ))
3905:             .expect("preview should build before file drift");
3906:         let reviewed_digest = preview.stable_digest();
3907:         fs.nodes.borrow_mut().insert(
3908:             PathBuf::from("Game/Fallout4.exe"),
3909:             FakeNode::File(bytes_with_crc("C6053902")),
3910:         );
3911: 
3912:         let error = service
3913:             .execute_confirmed(
3914:                 DowngraderExecutionRequest::new(
3915:                     41,
3916:                     Some(&installation()),
3917:                     options(DowngraderTarget::OldGen, false, true),
3918:                 )
3919:                 .with_confirmed_plan_digest(reviewed_digest),
3920:                 &RecordingDownloader::ok(b"unused".to_vec()),
3921:                 &RecordingApplier::ok(bytes_with_crc("C6053902")),
3922:             )
3923:             .expect_err("changed file state must fail closed before execution");
3924: 
3925:         match error {
3926:             DowngraderServiceError::ConfirmedPlanChanged { safe_message, .. } => {
3927:                 assert_eq!(safe_message, CONFIRMED_PLAN_CHANGED_MESSAGE);
3928:             }
3929:             other => panic!("expected confirmed plan changed error, got {other:?}"),
3930:         }
3931:         assert!(fs.operations().is_empty());
3932:     }
3933: 
3934:     #[test]
3935:     fn downgrader_executor_vcdiff_applier_fixture_decodes_source_patch() {
3936:         let patch = vec![
3937:             214, 195, 196, 0,  // magic
3938:             0,  // header indicator
3939:             1,  // VCD_SOURCE
3940:             4,  // source segment size
3941:             1,  // source segment position

## preview_plan
-- 999: pub fn preview_plan(
991:             default_target,
992:             unknown_game,
993:             unknown_creation_kit,
994:             diagnostics,
995:         })
996:     }
997: 
998:     /// Builds an inline preview plan without mutating files, downloading deltas, or applying patches.
999:     pub fn preview_plan(
1000:         &self,
1001:         request: DowngraderPlanRequest<'_>,
1002:     ) -> Result<DowngraderPreviewPlan, DowngraderServiceError> {
1003:         let span = info_span!(
1004:             "downgrader.preview_plan",
1005:             request_id = request.request_id,
1006:             target = request.options.target.as_reference_str(),
1007:             keep_backups = request.options.keep_backups,
1008:             delete_deltas = request.options.delete_deltas,
1009:             has_installation = request.installation.is_some(),
1010:         );
1011:         let _guard = span.enter();
1012:         info!(
1013:             event = "downgrader-plan-request",
1014:             "Downgrader preview plan requested"
1015:         );
1016: 
1017:         let status = self.status_snapshot(DowngraderStatusRequest::new(
1018:             request.request_id,
1019:             request.installation,
1020:         ))?;
1021:         let mut rows = Vec::with_capacity(status.rows.len());
1022:         for status_row in &status.rows {
1023:             let definition = definition_for_status_row(status_row)?;
1024:             rows.push(self.plan_row(definition, status_row, request.options));
1025:         }
1026: 
1027:         let plan = DowngraderPreviewPlan::from_rows(
1028:             request.request_id,
1029:             status.game_root.clone(),
1030:             request.options,
1031:             status,
1032:             rows,
1033:         );
1034:         info!(

-- 1004: "downgrader.preview_plan",
996:     }
997: 
998:     /// Builds an inline preview plan without mutating files, downloading deltas, or applying patches.
999:     pub fn preview_plan(
1000:         &self,
1001:         request: DowngraderPlanRequest<'_>,
1002:     ) -> Result<DowngraderPreviewPlan, DowngraderServiceError> {
1003:         let span = info_span!(
1004:             "downgrader.preview_plan",
1005:             request_id = request.request_id,
1006:             target = request.options.target.as_reference_str(),
1007:             keep_backups = request.options.keep_backups,
1008:             delete_deltas = request.options.delete_deltas,
1009:             has_installation = request.installation.is_some(),
1010:         );
1011:         let _guard = span.enter();
1012:         info!(
1013:             event = "downgrader-plan-request",
1014:             "Downgrader preview plan requested"
1015:         );
1016: 
1017:         let status = self.status_snapshot(DowngraderStatusRequest::new(
1018:             request.request_id,
1019:             request.installation,
1020:         ))?;
1021:         let mut rows = Vec::with_capacity(status.rows.len());
1022:         for status_row in &status.rows {
1023:             let definition = definition_for_status_row(status_row)?;
1024:             rows.push(self.plan_row(definition, status_row, request.options));
1025:         }
1026: 
1027:         let plan = DowngraderPreviewPlan::from_rows(
1028:             request.request_id,
1029:             status.game_root.clone(),
1030:             request.options,
1031:             status,
1032:             rows,
1033:         );
1034:         info!(
1035:             event = "downgrader-plan-complete",
1036:             request_id = plan.request_id,
1037:             row_count = plan.rows.len(),
1038:             skipped_rows = plan.counts.skipped_rows,
1039:             restore_from_backup_rows = plan.counts.restore_from_backup_rows,

-- 1452: let plan = self.preview_plan(DowngraderPlanRequest::new(
1444:             has_installation = request.installation.is_some(),
1445:         );
1446:         let _guard = span.enter();
1447:         info!(
1448:             event = "downgrader-execute-request",
1449:             "Downgrader confirmed execution requested"
1450:         );
1451: 
1452:         let plan = self.preview_plan(DowngraderPlanRequest::new(
1453:             request.request_id,
1454:             request.installation,
1455:             request.options,
1456:         ))?;
1457:         if let Some(expected_digest) = request.confirmed_plan_digest.as_deref() {
1458:             let actual_digest = plan.stable_digest();
1459:             if actual_digest != expected_digest {
1460:                 warn!(
1461:                     event = "downgrader-confirmed-plan-changed",
1462:                     request_id = request.request_id,
1463:                     expected_digest,
1464:                     actual_digest = actual_digest.as_str(),
1465:                     "Downgrader confirmed run aborted because the preview plan changed"
1466:                 );
1467:                 return Err(DowngraderServiceError::ConfirmedPlanChanged {
1468:                     safe_message: CONFIRMED_PLAN_CHANGED_MESSAGE.to_owned(),
1469:                     expected_digest: expected_digest.to_owned(),
1470:                     actual_digest,
1471:                 });
1472:             }
1473:         }
1474:         let execution_root = self.validated_execution_game_root(&plan.game_root)?;
1475:         let mut result = DowngraderExecutionResult {
1476:             request_id: request.request_id,
1477:             game_root: execution_root.clone(),
1478:             options: request.options,
1479:             rows: Vec::with_capacity(plan.rows.len()),
1480:             log_rows: Vec::with_capacity(plan.rows.len()),
1481:             progress_events: Vec::new(),
1482:             diagnostics: Vec::new(),
1483:         };
1484: 
1485:         for row in &plan.rows {
1486:             let file_result = self.execute_row(
1487:                 request.request_id,

## execute_confirmed
-- 1410: pub fn execute_confirmed<D, A>(
1402:         }
1403:     }
1404: 
1405:     /// Executes a freshly revalidated Downgrader plan after the user confirms the inline preview.
1406:     ///
1407:     /// The executor processes each of the six managed files independently and
1408:     /// records reference-style log rows while keeping diagnostics separate for
1409:     /// tracing/tests. It assumes callers run it off the Slint UI thread.
1410:     pub fn execute_confirmed<D, A>(
1411:         &self,
1412:         request: DowngraderExecutionRequest<'_>,
1413:         downloader: &D,
1414:         applier: &A,
1415:     ) -> Result<DowngraderExecutionResult, DowngraderServiceError>
1416:     where
1417:         D: DeltaDownloader + ?Sized,
1418:         A: DeltaApplier + ?Sized,
1419:     {
1420:         self.execute_confirmed_with_events(request, downloader, applier, |_| {}, |_| {})
1421:     }
1422: 
1423:     /// Executes a confirmed plan while emitting per-row logs and download progress as they happen.
1424:     pub fn execute_confirmed_with_events<D, A, L, P>(
1425:         &self,
1426:         request: DowngraderExecutionRequest<'_>,
1427:         downloader: &D,
1428:         applier: &A,
1429:         mut log_callback: L,
1430:         mut progress_callback: P,
1431:     ) -> Result<DowngraderExecutionResult, DowngraderServiceError>
1432:     where
1433:         D: DeltaDownloader + ?Sized,
1434:         A: DeltaApplier + ?Sized,
1435:         L: FnMut(&DowngraderExecutionLogRow),
1436:         P: FnMut(&DowngraderExecutionProgressEvent),
1437:     {
1438:         let span = info_span!(
1439:             "downgrader.execute_confirmed",
1440:             request_id = request.request_id,
1441:             target = request.options.target.as_reference_str(),
1442:             keep_backups = request.options.keep_backups,
1443:             delete_deltas = request.options.delete_deltas,
1444:             has_installation = request.installation.is_some(),
1445:         );

-- 1420: self.execute_confirmed_with_events(request, downloader, applier, |_| {}, |_| {})
1412:         request: DowngraderExecutionRequest<'_>,
1413:         downloader: &D,
1414:         applier: &A,
1415:     ) -> Result<DowngraderExecutionResult, DowngraderServiceError>
1416:     where
1417:         D: DeltaDownloader + ?Sized,
1418:         A: DeltaApplier + ?Sized,
1419:     {
1420:         self.execute_confirmed_with_events(request, downloader, applier, |_| {}, |_| {})
1421:     }
1422: 
1423:     /// Executes a confirmed plan while emitting per-row logs and download progress as they happen.
1424:     pub fn execute_confirmed_with_events<D, A, L, P>(
1425:         &self,
1426:         request: DowngraderExecutionRequest<'_>,
1427:         downloader: &D,
1428:         applier: &A,
1429:         mut log_callback: L,
1430:         mut progress_callback: P,
1431:     ) -> Result<DowngraderExecutionResult, DowngraderServiceError>
1432:     where
1433:         D: DeltaDownloader + ?Sized,
1434:         A: DeltaApplier + ?Sized,
1435:         L: FnMut(&DowngraderExecutionLogRow),
1436:         P: FnMut(&DowngraderExecutionProgressEvent),
1437:     {
1438:         let span = info_span!(
1439:             "downgrader.execute_confirmed",
1440:             request_id = request.request_id,
1441:             target = request.options.target.as_reference_str(),
1442:             keep_backups = request.options.keep_backups,
1443:             delete_deltas = request.options.delete_deltas,
1444:             has_installation = request.installation.is_some(),
1445:         );
1446:         let _guard = span.enter();
1447:         info!(
1448:             event = "downgrader-execute-request",
1449:             "Downgrader confirmed execution requested"
1450:         );
1451: 
1452:         let plan = self.preview_plan(DowngraderPlanRequest::new(
1453:             request.request_id,
1454:             request.installation,
1455:             request.options,

-- 1424: pub fn execute_confirmed_with_events<D, A, L, P>(
1416:     where
1417:         D: DeltaDownloader + ?Sized,
1418:         A: DeltaApplier + ?Sized,
1419:     {
1420:         self.execute_confirmed_with_events(request, downloader, applier, |_| {}, |_| {})
1421:     }
1422: 
1423:     /// Executes a confirmed plan while emitting per-row logs and download progress as they happen.
1424:     pub fn execute_confirmed_with_events<D, A, L, P>(
1425:         &self,
1426:         request: DowngraderExecutionRequest<'_>,
1427:         downloader: &D,
1428:         applier: &A,
1429:         mut log_callback: L,
1430:         mut progress_callback: P,
1431:     ) -> Result<DowngraderExecutionResult, DowngraderServiceError>
1432:     where
1433:         D: DeltaDownloader + ?Sized,
1434:         A: DeltaApplier + ?Sized,
1435:         L: FnMut(&DowngraderExecutionLogRow),
1436:         P: FnMut(&DowngraderExecutionProgressEvent),
1437:     {
1438:         let span = info_span!(
1439:             "downgrader.execute_confirmed",
1440:             request_id = request.request_id,
1441:             target = request.options.target.as_reference_str(),
1442:             keep_backups = request.options.keep_backups,
1443:             delete_deltas = request.options.delete_deltas,
1444:             has_installation = request.installation.is_some(),
1445:         );
1446:         let _guard = span.enter();
1447:         info!(
1448:             event = "downgrader-execute-request",
1449:             "Downgrader confirmed execution requested"
1450:         );
1451: 
1452:         let plan = self.preview_plan(DowngraderPlanRequest::new(
1453:             request.request_id,
1454:             request.installation,
1455:             request.options,
1456:         ))?;
1457:         if let Some(expected_digest) = request.confirmed_plan_digest.as_deref() {
1458:             let actual_digest = plan.stable_digest();
1459:             if actual_digest != expected_digest {

## validate_game_root
-- 1059: validate_game_root_path(root)?;
1051:         installation: Option<&Fallout4Installation>,
1052:     ) -> Result<PathBuf, DowngraderServiceError> {
1053:         let root = installation
1054:             .map(|installation| installation.game_path.as_path())
1055:             .ok_or_else(|| DowngraderServiceError::MissingGameRoot {
1056:                 safe_message: FALLOUT4_NOT_FOUND_MESSAGE.to_owned(),
1057:             })?;
1058: 
1059:         validate_game_root_path(root)?;
1060:         match self.filesystem.metadata(root) {
1061:             Ok(metadata) if metadata.is_dir() => Ok(root.to_path_buf()),
1062:             Ok(_) => Err(DowngraderServiceError::InvalidGameRoot {
1063:                 root: root.to_path_buf(),
1064:                 safe_message: ROOT_NOT_DIRECTORY_MESSAGE.to_owned(),
1065:             }),
1066:             Err(error) if error.kind == PlatformErrorKind::NotFound => {
1067:                 warn!(
1068:                     event = "downgrader-root-missing",
1069:                     root = %root.display(),
1070:                     "Downgrader root was not found"
1071:                 );
1072:                 Err(DowngraderServiceError::MissingGameRoot {
1073:                     safe_message: FALLOUT4_NOT_FOUND_MESSAGE.to_owned(),
1074:                 })
1075:             }
1076:             Err(error) => {
1077:                 warn!(
1078:                     event = "downgrader-root-unavailable",
1079:                     root = %root.display(),
1080:                     failure_kind = ?error.kind,
1081:                     "Downgrader root could not be validated"
1082:                 );
1083:                 Err(DowngraderServiceError::InvalidGameRoot {
1084:                     root: root.to_path_buf(),
1085:                     safe_message: error.user_message().to_owned(),
1086:                 })
1087:             }
1088:         }
1089:     }
1090: 
1091:     fn read_managed_file(
1092:         &self,
1093:         definition: DowngraderFileDefinition,
1094:         resolved_path: PathBuf,

-- 1371: validate_game_root_path(planned_root)?;
1363:     }
1364: }
1365: 
1366: impl<'a, F: Filesystem + WritableFilesystem + ?Sized> DowngraderService<'a, F> {
1367:     fn validated_execution_game_root(
1368:         &self,
1369:         planned_root: &Path,
1370:     ) -> Result<PathBuf, DowngraderServiceError> {
1371:         validate_game_root_path(planned_root)?;
1372:         let canonical_root = self
1373:             .filesystem
1374:             .canonicalize_path(planned_root)
1375:             .map_err(|error| {
1376:                 warn!(
1377:                     event = "downgrader-execute-root-canonicalize-failed",
1378:                     root = %planned_root.display(),
1379:                     failure_kind = ?error.kind,
1380:                     "Downgrader execution root canonicalization failed"
1381:                 );
1382:                 DowngraderServiceError::InvalidGameRoot {
1383:                     root: planned_root.to_path_buf(),
1384:                     safe_message: error.user_message().to_owned(),
1385:                 }
1386:             })?;
1387:         match self.filesystem.metadata(&canonical_root) {
1388:             Ok(metadata) if metadata.is_dir() => Ok(canonical_root),
1389:             Ok(_) => Err(DowngraderServiceError::InvalidGameRoot {
1390:                 root: canonical_root,
1391:                 safe_message: ROOT_NOT_DIRECTORY_MESSAGE.to_owned(),
1392:             }),
1393:             Err(error) if error.kind == PlatformErrorKind::NotFound => {
1394:                 Err(DowngraderServiceError::MissingGameRoot {
1395:                     safe_message: FALLOUT4_NOT_FOUND_MESSAGE.to_owned(),
1396:                 })
1397:             }
1398:             Err(error) => Err(DowngraderServiceError::InvalidGameRoot {
1399:                 root: canonical_root,
1400:                 safe_message: error.user_message().to_owned(),
1401:             }),
1402:         }
1403:     }
1404: 
1405:     /// Executes a freshly revalidated Downgrader plan after the user confirms the inline preview.
1406:     ///

-- 2593: fn validate_game_root_path(root: &Path) -> Result<(), DowngraderServiceError> {
2585:         .map(|parent| parent.join(backup_name))
2586:         .unwrap_or_else(|| PathBuf::from(backup_name))
2587: }
2588: 
2589: fn crc32_hex(bytes: &[u8]) -> String {
2590:     format!("{:08X}", crc32fast::hash(bytes))
2591: }
2592: 
2593: fn validate_game_root_path(root: &Path) -> Result<(), DowngraderServiceError> {
2594:     let has_component = root.components().next().is_some();
2595:     let has_parent = root
2596:         .components()
2597:         .any(|component| matches!(component, Component::ParentDir));
2598:     if !has_component || has_parent {
2599:         warn!(
2600:             event = "downgrader-root-unsafe",
2601:             root = %root.display(),
2602:             "Downgrader rejected unsafe game root"
2603:         );
2604:         return Err(DowngraderServiceError::InvalidGameRoot {
2605:             root: root.to_path_buf(),
2606:             safe_message: UNSAFE_ROOT_MESSAGE.to_owned(),
2607:         });
2608:     }
2609:     Ok(())
2610: }
2611: 
2612: fn validate_managed_definitions(root: &Path) -> Result<(), DowngraderServiceError> {
2613:     for definition in DOWNGRADER_FILE_DEFINITIONS {
2614:         resolve_managed_relative_path(root, definition.relative_path)?;
2615:     }
2616:     Ok(())
2617: }
2618: 
2619: fn resolve_managed_relative_path(
2620:     root: &Path,
2621:     relative_path: &'static str,
2622: ) -> Result<PathBuf, DowngraderServiceError> {
2623:     if relative_path.is_empty()
2624:         || relative_path.contains(':')
2625:         || Path::new(relative_path).is_absolute()
2626:         || Path::new(relative_path).components().any(|component| {
2627:             matches!(
2628:                 component,

## canonical_contained
## replace_file_bytes
-- 2028: .replace_file_bytes(current_path, &desired_bytes)
2020:             return Err(format!(
2021:                 "{} desired backup changed before restore.",
2022:                 row.plan.display_name
2023:             ));
2024:         }
2025: 
2026:         self.ensure_existing_file_within_root(game_root, current_path, row, "managed target")?;
2027:         self.filesystem
2028:             .replace_file_bytes(current_path, &desired_bytes)
2029:             .map_err(|error| {
2030:                 mutation_diagnostic(
2031:                     row,
2032:                     DowngraderPlanStepKind::RestoreDesiredBackup,
2033:                     error.user_message(),
2034:                 )
2035:             })?;
2036:         let restored_crc = self.read_required_crc(current_path)?;
2037:         if !crc_is_desired_target_for_plan(&restored_crc, row.plan.target) {
2038:             return Err(format!(
2039:                 "{} restored output CRC {restored_crc} did not match target {}.",
2040:                 row.plan.display_name,
2041:                 row.plan.target.as_reference_str()
2042:             ));
2043:         }
2044: 
2045:         let mut diagnostics = Vec::new();
2046:         if !row.options().keep_backups {
2047:             self.remove_file_under_root(
2048:                 game_root,
2049:                 desired_backup_path,
2050:                 row,
2051:                 DowngraderPlanStepKind::RestoreDesiredBackup,
2052:             )?;
2053:             self.remove_file_under_root(
2054:                 game_root,
2055:                 current_backup_path,
2056:                 row,
2057:                 DowngraderPlanStepKind::DeleteCurrentBackup,
2058:             )?;
2059:         }
2060:         diagnostics.push(format!(
2061:             "{} restored from {}.",
2062:             row.plan.display_name, row.plan.desired_backup_name
2063:         ));

-- 2170: .replace_file_bytes(context.current_path, &output_bytes)
2162:             "managed target",
2163:         ) {
2164:             return RowExecutionStatus::Failed {
2165:                 diagnostics: vec![diagnostic],
2166:             };
2167:         }
2168:         if let Err(error) = self
2169:             .filesystem
2170:             .replace_file_bytes(context.current_path, &output_bytes)
2171:         {
2172:             return RowExecutionStatus::Failed {
2173:                 diagnostics: vec![mutation_diagnostic(
2174:                     row,
2175:                     DowngraderPlanStepKind::ApplyDeltaPatch,
2176:                     error.user_message(),
2177:                 )],
2178:             };
2179:         }
2180:         let active_crc = match self.read_required_crc(context.current_path) {
2181:             Ok(crc32) => crc32,
2182:             Err(diagnostic) => {
2183:                 return RowExecutionStatus::Failed {
2184:                     diagnostics: vec![diagnostic],
2185:                 };
2186:             }
2187:         };
2188:         if !crc_is_desired_target_for_plan(&active_crc, row.plan.target) {
2189:             return RowExecutionStatus::Failed {
2190:                 diagnostics: vec![format!(
2191:                     "{} active file CRC {active_crc} did not match target after replacement.",
2192:                     row.plan.display_name
2193:                 )],
2194:             };
2195:         }
2196:         if !row.options().keep_backups {
2197:             if let Err(diagnostic) = self.remove_file_under_root(
2198:                 context.game_root,
2199:                 context.current_backup_path,
2200:                 row,
2201:                 DowngraderPlanStepKind::DeleteCurrentBackup,
2202:             ) {
2203:                 return RowExecutionStatus::Failed {
2204:                     diagnostics: vec![diagnostic],
2205:                 };

-- 3480: fn replace_file_bytes(&self, path: &Path, bytes: &[u8]) -> PlatformResult<()> {
3472:                 .borrow_mut()
3473:                 .insert(path.to_path_buf(), FakeNode::File(bytes.to_vec()));
3474:             self.operations
3475:                 .borrow_mut()
3476:                 .push(RecordedWriteOp::Write(path.to_path_buf()));
3477:             Ok(())
3478:         }
3479: 
3480:         fn replace_file_bytes(&self, path: &Path, bytes: &[u8]) -> PlatformResult<()> {
3481:             self.maybe_fail(PlatformOperation::WriteFile, path)?;
3482:             if !self.has_file(path) {
3483:                 return Err(PlatformError::new(
3484:                     PlatformOperation::WriteFile,
3485:                     path.display().to_string(),
3486:                     PlatformErrorKind::NotFound,
3487:                     "File write target was not found.",
3488:                 ));
3489:             }
3490:             self.ensure_parent_dirs(path);
3491:             self.nodes
3492:                 .borrow_mut()
3493:                 .insert(path.to_path_buf(), FakeNode::File(bytes.to_vec()));
3494:             self.operations
3495:                 .borrow_mut()
3496:                 .push(RecordedWriteOp::Write(path.to_path_buf()));
3497:             Ok(())
3498:         }
3499: 
3500:         fn copy_file(&self, from: &Path, to: &Path) -> PlatformResult<()> {
3501:             self.maybe_fail(PlatformOperation::CopyFile, to)?;
3502:             let bytes = match self.node(from, PlatformOperation::CopyFile)? {
3503:                 FakeNode::File(bytes) => bytes,
3504:                 FakeNode::Directory
3505:                 | FakeNode::UnreadableFile
3506:                 | FakeNode::SymlinkFile(_)
3507:                 | FakeNode::ReparseFile(_) => {
3508:                     return Err(PlatformError::new(
3509:                         PlatformOperation::CopyFile,
3510:                         from.display().to_string(),
3511:                         PlatformErrorKind::InvalidInput,
3512:                         "File copy target is invalid.",
3513:                     ));
3514:                 }
3515:             };

## emit
-- 541: /// Bounded progress event emitted while downloading a patch for one file.
533:     /// File was intentionally skipped with a reference informational row.
534:     Skipped,
535:     /// File was restored or patched successfully.
536:     Patched,
537:     /// File failed safely and execution continued with later files.
538:     Failed,
539: }
540: 
541: /// Bounded progress event emitted while downloading a patch for one file.
542: #[derive(Debug, Clone, PartialEq)]
543: pub struct DowngraderExecutionProgressEvent {
544:     /// Request id copied from the execution request.
545:     pub request_id: u64,
546:     /// Managed relative path whose patch is being downloaded.
547:     pub relative_path: &'static str,
548:     /// Patch asset name being downloaded.
549:     pub patch_name: String,
550:     /// Clamped reference progress value.
551:     pub progress: DowngraderProgress,
552: }
553: 
554: /// Per-file execution result and diagnostics.
555: #[derive(Debug, Clone, PartialEq, Eq)]
556: pub struct DowngraderExecutionFileResult {
557:     /// Managed relative path from the Fallout 4 root.
558:     pub relative_path: &'static str,
559:     /// Basename displayed in modal logs.
560:     pub display_name: &'static str,
561:     /// Final outcome for this file.
562:     pub outcome: DowngraderExecutionOutcome,
563:     /// User-visible log row emitted for this file.
564:     pub log_row: DowngraderExecutionLogRow,
565:     /// Safe diagnostics for tracing/tests, not modal text.
566:     pub diagnostics: Vec<String>,
567: }
568: 
569: /// Complete confirmed execution result.
570: #[derive(Debug, Clone, PartialEq)]
571: pub struct DowngraderExecutionResult {
572:     /// Request id copied from the execution request.
573:     pub request_id: u64,
574:     /// Validated game root used for all managed files.
575:     pub game_root: PathBuf,
576:     /// Confirmed options used for execution.

-- 563: /// User-visible log row emitted for this file.
555: #[derive(Debug, Clone, PartialEq, Eq)]
556: pub struct DowngraderExecutionFileResult {
557:     /// Managed relative path from the Fallout 4 root.
558:     pub relative_path: &'static str,
559:     /// Basename displayed in modal logs.
560:     pub display_name: &'static str,
561:     /// Final outcome for this file.
562:     pub outcome: DowngraderExecutionOutcome,
563:     /// User-visible log row emitted for this file.
564:     pub log_row: DowngraderExecutionLogRow,
565:     /// Safe diagnostics for tracing/tests, not modal text.
566:     pub diagnostics: Vec<String>,
567: }
568: 
569: /// Complete confirmed execution result.
570: #[derive(Debug, Clone, PartialEq)]
571: pub struct DowngraderExecutionResult {
572:     /// Request id copied from the execution request.
573:     pub request_id: u64,
574:     /// Validated game root used for all managed files.
575:     pub game_root: PathBuf,
576:     /// Confirmed options used for execution.
577:     pub options: DowngraderOptionsSnapshot,
578:     /// Six per-file results in reference patch order.
579:     pub rows: Vec<DowngraderExecutionFileResult>,
580:     /// User-visible modal log rows in emission order.
581:     pub log_rows: Vec<DowngraderExecutionLogRow>,
582:     /// Bounded download progress events emitted during the run.
583:     pub progress_events: Vec<DowngraderExecutionProgressEvent>,
584:     /// Aggregate safe diagnostics for tracing/tests.
585:     pub diagnostics: Vec<String>,
586: }
587: 
588: /// A per-file read diagnostic captured while building a status snapshot.
589: #[derive(Debug, Clone, PartialEq, Eq)]
590: pub struct DowngraderStatusDiagnostic {
591:     /// Managed relative path involved in the diagnostic.
592:     pub relative_path: &'static str,
593:     /// Safe summary suitable for logs/tests.
594:     pub safe_message: String,
595: }
596: 
597: /// Render-ready status row plus raw CRC facts from one managed file.
598: #[derive(Debug, Clone, PartialEq, Eq)]

-- 582: /// Bounded download progress events emitted during the run.
574:     /// Validated game root used for all managed files.
575:     pub game_root: PathBuf,
576:     /// Confirmed options used for execution.
577:     pub options: DowngraderOptionsSnapshot,
578:     /// Six per-file results in reference patch order.
579:     pub rows: Vec<DowngraderExecutionFileResult>,
580:     /// User-visible modal log rows in emission order.
581:     pub log_rows: Vec<DowngraderExecutionLogRow>,
582:     /// Bounded download progress events emitted during the run.
583:     pub progress_events: Vec<DowngraderExecutionProgressEvent>,
584:     /// Aggregate safe diagnostics for tracing/tests.
585:     pub diagnostics: Vec<String>,
586: }
587: 
588: /// A per-file read diagnostic captured while building a status snapshot.
589: #[derive(Debug, Clone, PartialEq, Eq)]
590: pub struct DowngraderStatusDiagnostic {
591:     /// Managed relative path involved in the diagnostic.
592:     pub relative_path: &'static str,
593:     /// Safe summary suitable for logs/tests.
594:     pub safe_message: String,
595: }
596: 
597: /// Render-ready status row plus raw CRC facts from one managed file.
598: #[derive(Debug, Clone, PartialEq, Eq)]
599: pub struct DowngraderStatusFile {
600:     /// Managed relative path from the Fallout 4 root.
601:     pub relative_path: &'static str,
602:     /// Basename displayed in the modal.
603:     pub display_name: &'static str,
604:     /// Reference modal group for this row.
605:     pub group: DowngraderFileGroup,
606:     /// Actual CRC classification before any display-only translation.
607:     pub detected_status: DowngraderInstallStatus,
608:     /// Status label to display after the `steam_api64.dll` NG/AE rule is applied.
609:     pub display_status: DowngraderInstallStatus,
610:     /// Uppercase eight-character CRC32 when the file was readable.
611:     pub crc32: Option<String>,
612:     /// Absolute or caller-relative resolved path under the game root.
613:     pub resolved_path: PathBuf,
614:     /// Safe read/metadata diagnostic when the row had to fall back to `Unknown`.
615:     pub read_error: Option<String>,
616: }
617: 

