no_candidate
invalid
adapter_error
accepted
mo2_file_exists
unwrap_mo2_value
resolve_mo2_path
push_csv_item
path_is_empty
mo2_missing_ini_with_diagnostic
metadata
walk_dir
list_processes
file_version
system_metadata
fake_system_metadata
service_report
bethesda_request
gog_request
mo2_current_instance_request
mo2_processes
vortex_processes
valid_mo2_ini
cwd_is_checked_before_bethesda_and_gog_registry_paths
not_found_result_is_recoverable_and_never_requires_file_picker_ui
direct_fallout4_exe_candidate_normalizes_to_parent_game_directory
valid_game_directory_can_return_partial_missing_derived_paths
valid_game_directory_can_return_data_without_f4se_plugins
mo2_discovery_parses_paths_flags_skip_rules_and_custom_tools
mo2_instance_discovery_checks_adjacent_files_before_hkcu_current_instance
mo2_portable_marker_without_ini_returns_manager_specific_error_and_does_not_fall_through
mo2_non_fallout_game_name_returns_typed_manager_error
mo2_missing_selected_profile_returns_typed_manager_error
vortex_detection_is_identity_only_and_uses_parsed_version
vortex_detection_uses_zero_version_fallback_when_metadata_is_absent
registry_read_errors_are_recoverable_diagnostics_and_gog_can_still_be_checked
invalid_bethesda_registry_path_returns_reference_registry_error_without_gog_fallthrough
report_includes_fake_backed_system_metadata
