## Relevant Rust files
src/app/downgrader_controller.rs
src/app/overview_controller.rs
src/app/scanner_controller.rs
src/app/tools_controller.rs
src/domain/discovery.rs
src/domain/downgrader.rs
src/domain/overview.rs
src/domain/scanner.rs
src/domain/tools.rs
src/main.rs
src/platform/filesystem.rs
src/services/discovery.rs
src/services/downgrader.rs
src/services/overview.rs
src/services/overview_collector.rs
src/services/scanner.rs
src/services/tools.rs
src/workers/events.rs
src/workers/handoff.rs
src/workers/mod.rs
ui/about_tab.slint
ui/downgrader_window.slint
ui/f4se_tab.slint
ui/main.slint
ui/overview_tab.slint
ui/scanner_tab.slint
ui/settings_tab.slint
ui/tools_tab.slint
