warning: this function has too many arguments (8/7)
    --> src/services/downgrader.rs:1538:5
     |
1538 | /     fn execute_row<D, A, P>(
1539 | |         &self,
1540 | |         request_id: u64,
1541 | |         game_root: &Path,
...    |
1550 | |         A: DeltaApplier + ?Sized,
1551 | |         P: FnMut(&DowngraderExecutionProgressEvent),
     | |____________________________________________________^
     |
     = help: for further information visit https://rust-lang.github.io/rust-clippy/rust-1.95.0/index.html#too_many_arguments
     = note: `#[warn(clippy::too_many_arguments)]` on by default

warning: this function has too many arguments (8/7)
    --> src/services/downgrader.rs:1595:5
     |
1595 | /     fn execute_mutating_row<D, A, P>(
1596 | |         &self,
1597 | |         request_id: u64,
1598 | |         game_root: &Path,
...    |
1607 | |         A: DeltaApplier + ?Sized,
1608 | |         P: FnMut(&DowngraderExecutionProgressEvent),
     | |____________________________________________________^
     |
     = help: for further information visit https://rust-lang.github.io/rust-clippy/rust-1.95.0/index.html#too_many_arguments

warning: this function has too many arguments (8/7)
    --> src/services/downgrader.rs:2230:5
     |
2230 | /     fn read_or_download_patch<D, P>(
2231 | |         &self,
2232 | |         request_id: u64,
2233 | |         row: &DowngraderPreviewPlanRow,
...    |
2241 | |         D: DeltaDownloader + ?Sized,
2242 | |         P: FnMut(&DowngraderExecutionProgressEvent),
     | |____________________________________________________^
     |
     = help: for further information visit https://rust-lang.github.io/rust-clippy/rust-1.95.0/index.html#too_many_arguments

warning: this function has too many arguments (8/7)
    --> src/services/scanner.rs:1118:5
     |
1118 | /     fn scan_data_tree<P>(
1119 | |         &self,
1120 | |         data_path: &Path,
1121 | |         request: &ScannerScanRequest<'_>,
...    |
1127 | |     ) where
1128 | |         P: FnMut(&ScannerProgressEvent),
     | |________________________________________^
     |
     = help: for further information visit https://rust-lang.github.io/rust-clippy/rust-1.95.0/index.html#too_many_arguments

warning: this function has too many arguments (8/7)
   --> src/main.rs:444:1
    |
444 | / fn bind_downgrader_worker_...
445 | |     app: &MainWindow,
446 | |     window: &DowngraderWin...
447 | |     controller: Arc<Mutex<...
...   |
452 | |     runtime_handle: tokio:...
453 | | ) -> SlintEventLoopSink {
    | |_______________________^
    |
    = help: for further information visit https://rust-lang.github.io/rust-clippy/rust-1.95.0/index.html#too_many_arguments

warning: this function has too many arguments (8/7)
   --> src/main.rs:756:1
    |
756 | / fn b...
757 | |     ...
758 | |     ...
759 | |     ...
...   |
764 | |     ...
765 | | ) {
    | |_^
    |
    = help: for further information visit https://rust-lang.github.io/rust-clippy/rust-1.95.0/index.html#too_many_arguments

warning: this function has too many arguments (9/7)
    --> src/main.rs:1168:1
     |
1168 | / fn b...
1169 | |     ...
1170 | |     ...
1171 | |     ...
...    |
1177 | |     ...
1178 | | ) {
     | |_^
     |
     = help: for further information visit https://rust-lang.github.io/rust-clippy/rust-1.95.0/index.html#too_many_arguments

warning: this function has too many arguments (8/7)
    --> src/main.rs:1815:1
     |
1815 | / fn s...
1816 | |     ...
1817 | |     ...
1818 | |     ...
...    |
1823 | |     ...
1824 | | ) {
     | |_^
     |
     = help: for further information visit https://rust-lang.github.io/rust-clippy/rust-1.95.0/index.html#too_many_arguments

warning: field assignment outside of initializer for an instance created with Default::default()
    --> src/main.rs:6307:9
     |
6307 | /         setti...
6308 | |             k...
6309 | |             d...
6310 | |         };
     | |__________^
     |
note: consider initializing the variable with `domain::settings::AppSettings { downgrader: DowngraderSettings {
                  keep_backups: true,
                  delete_deltas: false,
              }, ..Default::default() }` and removing relevant reassignments
    --> src/main.rs:6306:9
     |
6306 | ...   ...default();
     |       ...^^^^^^^^^^
     = help: for further information visit https://rust-lang.github.io/rust-clippy/rust-1.95.0/index.html#field_reassign_with_default
     = note: `#[warn(clippy::field_reassign_with_default)]` on by default

warning: field assignment outside of initializer for an instance created with Default::default()
    --> src/main.rs:6421:9
     |
6421 | ...   ...e::Github;
     |       ...^^^^^^^^^^
     |
note: consider initializing the variable with `domain::settings::AppSettings { update_source: UpdateSource::Github, log_level: LogLevel::Warning, downgrader: DowngraderSettings {
                  keep_backups: false,
                  delete_deltas: true,
              }, ..Default::default() }` and removing relevant reassignments
    --> src/main.rs:6420:9
     |
6420 | ...   ...default();
     |       ...^^^^^^^^^^
     = help: for further information visit https://rust-lang.github.io/rust-clippy/rust-1.95.0/index.html#field_reassign_with_default

