== cargo fmt --check ==
RESULT cargo fmt --check: exit=0 duration_ms=360
== cargo check ==
    Finished `dev` profile [unoptimized + debuginfo] target(s) in 9.07s
RESULT cargo check: exit=0 duration_ms=9150
== cargo test ==
test services::discovery::tests::invalid_bethesda_registry_path_returns_reference_registry_error_without_gog_fallthrough ... ok
test services::discovery::tests::mo2_missing_selected_profile_returns_typed_manager_error ... ok
test services::discovery::tests::mo2_non_fallout_game_name_returns_typed_manager_error ... ok
test services::discovery::tests::mo2_portable_marker_without_ini_returns_manager_specific_error_and_does_not_fall_through ... ok
test services::discovery::tests::registry_read_errors_are_recoverable_diagnostics_and_gog_can_still_be_checked ... ok
test services::overview::overview_diagnostics::overview_diagnostics_discovery_manager_and_system_errors_degrade_to_safe_snapshot ... ok
test services::overview::overview_diagnostics::overview_diagnostics_mo2_windows_11_24h2_warning_matches_reference_threshold ... ok
test services::overview::overview_diagnostics::overview_diagnostics_vortex_identity_only_is_detected_with_partial_support_warning ... ok
test services::overview_collector::overview_collector_tests::overview_collector_reads_bounded_ba2_headers_and_classifies_versions_formats_and_errors ... ok
test tests::overview_tab_exposes_refresh_action_status_panels_and_safe_error_state ... ok
test workers::tests::spawning_without_tokio_runtime_returns_typed_error ... ok
test result: ok. 143 passed; 0 failed; 0 ignored; 0 measured; 0 filtered out; finished in 0.02s
RESULT cargo test: exit=0 duration_ms=8883
== cargo clippy --all-targets --all-features ==
    Finished `dev` profile [unoptimized + debuginfo] target(s) in 9.19s
RESULT cargo clippy --all-targets --all-features: exit=0 duration_ms=9347
All required cargo verification gates passed. CMT git status gate not executed because this closeout unit forbids git commands.
