## fn bind_overview_worker_sink @ 398
fn bind_overview_worker_sink(
    app: &MainWindow,
    controller: Arc<Mutex<OverviewController>>,
) -> SlintEventLoopSink {
    let app = app.as_weak();
    SlintEventLoopSink::new(move |event| {
        let Some(app) = app.upgrade() else {
            tracing::warn!(
                event = "overview-worker-event-dropped",
                "Overview worker event arrived after the Slint window was gone"
            );
            return;
        };

        let Some(applied) = with_overview_controller_mut(&controller, |controller| {
            let result = controller.handle_worker_event(event);
            result.is_applied()
        }) else {
            return;
        };

        if applied {
            apply_current_overview_snapshot(&app, &controller);
        }
    })
}

fn bind_overview_callbacks(
    app: &MainWindow,
    overview_controller: Arc<Mutex<OverviewController>>,
    settings_controller: Rc<RefCell<SettingsController<FileAssetResolver>>>,
    worker_runtime: WorkerRuntime,
    overview_sink: SlintEventLoopSink,
    runtime_handle: tokio::runtime::Handle,
) {
    app.on_overview_refresh_requested({
        let app = app.as_weak();
        let overview_controller = Arc::clone(&overview_controller);
        let settings_controller = Rc::clone(&settings_controller);
        let overview_sink = overview_sink.clone();
        let runtime_handle = runtime_handle.clone();

        move || {
            if let Some(app) = app.upgrade() {
                request_overview_refresh(
                    &app,
                    &overview_controller,
                    &settings_controller,
                    worker_runtime,
                    overview_sink.clone(),
                    runtime_handle.clone(),
                );
            }
        }
    });

    app.on_overview_open_game_path_requested({
        let app = app.as_weak();
        let overview_controller = Arc::clone(&overview_controller);
        let overview_sink = overview_sink.clone();

        move || {
            if let Some(app) = app.upgrade() {
                schedule_overview_action(
                    &app,
                    &overview_controller,
                    worker_runtime,
                    overview_sink.clone(),
                    OverviewDeferredActionKind::OpenGamePath,
                    "Game path is not available.",
                    OverviewController::game_path_action,
                );
            }
        }
    });

    app.on_overview_open_nexus_update_requested({
        let app = app.as_weak();
        let overview_controller = Arc::clone(&overview_controller);
        let overview_sink = overview_sink.clone();

## fn request_overview_refresh @ 759
fn request_overview_refresh(
    app: &MainWindow,
    overview_controller: &Arc<Mutex<OverviewController>>,
    settings_controller: &Rc<RefCell<SettingsController<FileAssetResolver>>>,
    worker_runtime: WorkerRuntime,
    overview_sink: SlintEventLoopSink,
    runtime_handle: tokio::runtime::Handle,
) {
    let settings = settings_controller.borrow().current_settings().clone();
    let Some(request) = with_overview_controller_mut(overview_controller, |controller| {
        controller.request_refresh(settings.update_source)
    }) else {
        return;
    };
    apply_current_overview_snapshot(app, overview_controller);

    tracing::info!(
        event = "overview-refresh-schedule",
        refresh_id = request.refresh_id,
        update_source = request.update_source.as_wire_value(),
        "Scheduling Overview refresh worker"
    );

    if let Err(error) = worker_runtime.spawn_blocking_task(
        request.refresh_task(),
        overview_sink.clone(),
        move |_context| build_overview_refresh_payload(request.refresh_id, settings),
    ) {
        tracing::error!(
            event = "overview-refresh-spawn-failed",
            refresh_id = request.refresh_id,
            error = %error,
            "Overview refresh worker could not be scheduled"
        );
        with_overview_controller_mut(overview_controller, |controller| {
            controller.refresh_spawn_failed(request.refresh_id, error);
        });
        apply_current_overview_snapshot(app, overview_controller);
        return;
    }

    schedule_overview_update_check(request, overview_sink, runtime_handle);
}

fn build_overview_refresh_payload(refresh_id: u64, settings: AppSettings) -> BlockingWorkerResult {
    build_overview_snapshot(settings).map(|snapshot| {
        WorkerTaskOutcome::Completed(WorkerPayload::Overview(
            workers::OverviewWorkerPayload::refresh_completed(refresh_id, snapshot),
        ))
    })
}

fn build_overview_snapshot(settings: AppSettings) -> Result<OverviewSnapshot, WorkerFailure> {
    let span = tracing::info_span!(
        "overview_refresh_worker",
        update_source = settings.update_source.as_wire_value()
    );
    let _guard = span.enter();
    tracing::info!(
        event = "overview-refresh-started",
        "Overview refresh started"
    );

    let filesystem = RealFilesystem::new();
    let registry = RealRegistry::new();
    let process = RealProcessInspector::new();
    let current_working_directory = current_working_directory();
    let local_appdata = std::env::var_os("LOCALAPPDATA").map(PathBuf::from);

    let mut discovery_request = DiscoveryRequest::new(current_working_directory);
    discovery_request = discovery_request.with_current_process_id(std::process::id());
    if let Some(path) = local_appdata.clone() {
        discovery_request = discovery_request.with_local_appdata(path);
    }

    let discovery =
        DiscoveryService::new(&filesystem, &registry, &process).discover(&discovery_request);
    if let Err(error) = &discovery.game {
        tracing::warn!(
            event = "overview-discovery-game-failed",

## fn schedule_overview_refresh_worker @ missing
## fn handle_overview_worker_event @ missing
## fn apply_current_overview_snapshot @ 1303
fn apply_current_overview_snapshot(app: &MainWindow, controller: &Arc<Mutex<OverviewController>>) {
    let Some(snapshot) =
        with_overview_controller_mut(controller, |controller| controller.snapshot().clone())
    else {
        return;
    };
    apply_overview_snapshot(app, &snapshot);
}

fn apply_overview_snapshot(app: &MainWindow, snapshot: &OverviewSnapshot) {
    app.set_overview_refresh_message(refresh_message(&snapshot.refresh).into());
    app.set_overview_refresh_busy(snapshot.refresh.is_busy());
    app.set_overview_top_rows(model_from_vec(format_top_rows(snapshot)));
    app.set_overview_binary_rows(model_from_vec(format_binary_rows(snapshot)));
    app.set_overview_archive_rows(model_from_vec(format_count_panel_rows(
        &snapshot.archives.rows,
    )));
    app.set_overview_module_rows(model_from_vec(format_count_panel_rows(
        &snapshot.modules.rows,
    )));
    app.set_overview_problems_summary(format_problem_summary(snapshot).into());
    app.set_overview_problem_rows(model_from_vec(format_problem_rows(snapshot)));
    app.set_overview_game_path_enabled(matches!(
        snapshot.top.game_path,
        domain::overview::OverviewGamePathStatus::Found(_)
    ));
    app.set_overview_downgrade_label(
        deferred_action_label(
            &snapshot.binaries.actions,
            OverviewDeferredActionKind::OpenDowngradeManager,
            ACTION_DOWNGRADE_MANAGER_LABEL,
        )
        .into(),
    );
    app.set_overview_downgrade_enabled(false);
    app.set_overview_downgrade_status(
        deferred_action_status(
            &snapshot.binaries.actions,
            OverviewDeferredActionKind::OpenDowngradeManager,
            "Downgrade Manager",
        )
        .into(),
    );
    app.set_overview_archive_patcher_label(
        deferred_action_label(
            &snapshot.archives.actions,
            OverviewDeferredActionKind::OpenArchivePatcher,
            ACTION_ARCHIVE_PATCHER_LABEL,
        )
        .into(),
    );
    app.set_overview_archive_patcher_enabled(false);
    app.set_overview_archive_patcher_status(
        deferred_action_status(
            &snapshot.archives.actions,
            OverviewDeferredActionKind::OpenArchivePatcher,
            "Archive Patcher",
        )
        .into(),
    );
    app.set_overview_last_action_error(
        snapshot
            .last_action_error
            .as_ref()
            .map(|error| error.summary.as_str())
            .unwrap_or("")
            .into(),
    );
    apply_update_banner(app, &snapshot.update_banner);
}

fn model_from_vec<T: Clone + 'static>(rows: Vec<T>) -> ModelRc<T> {
    ModelRc::new(VecModel::from(rows))
}

fn refresh_message(refresh: &OverviewRefreshState) -> String {
    refresh
        .message
        .clone()
        .unwrap_or_else(|| match refresh.phase {

## fn snapshot_projection @ missing
## #[cfg(test)] @ 1612
#[cfg(test)]
mod tests {
    use super::*;
    use super::{
        app::{SHELL_TAB_LABELS, ShellController, shell_tab_labels},
        domain::DomainState,
        platform::PlatformServices,
        services::ServiceLayer,
        workers::WorkerRuntime,
    };
    use crate::domain::tools::{
        ABOUT_COPY_INVITE_LABEL, ABOUT_COPY_LINK_LABEL, ABOUT_COPY_SUCCESS_LABEL,
        ABOUT_CREDIT_LABEL, ABOUT_LINKS, ABOUT_TITLE_LABEL, AboutActionId, AboutLinkId,
        IMAGE_RESOURCE_PATHS, TOOL_GROUPS, ToolActionId,
    };

    const MAIN_SLINT: &str = include_str!("../ui/main.slint");
    const SETTINGS_SLINT: &str = include_str!("../ui/settings_tab.slint");
    const OVERVIEW_SLINT: &str = include_str!("../ui/overview_tab.slint");
    const TOOLS_SLINT: &str = include_str!("../ui/tools_tab.slint");
    const ABOUT_SLINT: &str = include_str!("../ui/about_tab.slint");
    const TAB_COMPONENTS: [(&str, &str, &str, &str); 6] = [
        (
            "ui/overview_tab.slint",
            "OverviewTab",
            "Overview",
            OVERVIEW_SLINT,
        ),
        (
            "ui/f4se_tab.slint",
            "F4seTab",
            "F4SE",
            include_str!("../ui/f4se_tab.slint"),
        ),
        (
            "ui/scanner_tab.slint",
            "ScannerTab",
            "Scanner",
            include_str!("../ui/scanner_tab.slint"),
        ),
        ("ui/tools_tab.slint", "ToolsTab", "Tools", TOOLS_SLINT),
        (
            "ui/settings_tab.slint",
            "SettingsTab",
            "Settings",
            SETTINGS_SLINT,
        ),
        ("ui/about_tab.slint", "AboutTab", "About", ABOUT_SLINT),
    ];
    const INERT_TAB_COMPONENTS: [(&str, &str, &str, &str); 2] =
        [TAB_COMPONENTS[1], TAB_COMPONENTS[2]];

    fn slint_string_property_values(source: &str, property: &str) -> Vec<String> {
        let prefix = format!("{property}:");

        source
            .lines()
            .filter_map(|line| line.trim().strip_prefix(&prefix))
            .filter_map(|value| value.trim().trim_end_matches(';').strip_prefix('"'))
            .filter_map(|value| value.strip_suffix('"'))
            .map(String::from)
            .collect()
    }

    fn assert_source_contains_in_order(source: &str, expected: &[&str]) {
        let mut search_from = 0;

        for value in expected {
            let relative_index = source[search_from..].find(value).unwrap_or_else(|| {
                panic!("expected source to contain {value:?} after byte {search_from}")
            });
            search_from += relative_index + value.len();
        }
    }

    fn assert_source_contains_strings_in_order(source: &str, expected: &[String]) {
        let mut search_from = 0;

        for value in expected {
            let relative_index = source[search_from..].find(value).unwrap_or_else(|| {

