- .gsd/milestones/M001/M001-CONTEXT.md
- .gsd/milestones/M001/M001-RESEARCH.md
- .gsd/milestones/M001/M001-ROADMAP.md
- .gsd/milestones/M001/M001-VALIDATION.md
- .gsd/milestones/M001/anchors/plan-slice.json
- .gsd/milestones/M001/anchors/research-slice.json
- .gsd/milestones/M001/slices/S01/S01-ASSESSMENT.md
- .gsd/milestones/M001/slices/S01/S01-PLAN.md
- .gsd/milestones/M001/slices/S01/S01-RESEARCH.md
- .gsd/milestones/M001/slices/S01/S01-SUMMARY.md
- .gsd/milestones/M001/slices/S01/S01-UAT.md
- .gsd/milestones/M001/slices/S01/tasks/T01-PLAN.md
- .gsd/milestones/M001/slices/S01/tasks/T01-SUMMARY.md
- .gsd/milestones/M001/slices/S01/tasks/T02-PLAN.md
- .gsd/milestones/M001/slices/S01/tasks/T02-SUMMARY.md
- .gsd/milestones/M001/slices/S01/tasks/T03-PLAN.md
- .gsd/milestones/M001/slices/S01/tasks/T03-SUMMARY.md
- .gsd/milestones/M001/slices/S02/S02-ASSESSMENT.md
- .gsd/milestones/M001/slices/S02/S02-PLAN.md
- .gsd/milestones/M001/slices/S02/S02-RESEARCH.md
- .gsd/milestones/M001/slices/S02/S02-SUMMARY.md
- .gsd/milestones/M001/slices/S02/S02-UAT.md
- .gsd/milestones/M001/slices/S02/tasks/T01-PLAN.md
- .gsd/milestones/M001/slices/S02/tasks/T01-SUMMARY.md
- .gsd/milestones/M001/slices/S02/tasks/T01-VERIFY.json
- .gsd/milestones/M001/slices/S02/tasks/T02-PLAN.md
- .gsd/milestones/M001/slices/S02/tasks/T02-SUMMARY.md
- .gsd/milestones/M001/slices/S02/tasks/T02-VERIFY.json
- .gsd/milestones/M001/slices/S02/tasks/T03-PLAN.md
- .gsd/milestones/M001/slices/S02/tasks/T03-SUMMARY.md
- .gsd/milestones/M001/slices/S02/tasks/T03-VERIFY.json
- .gsd/milestones/M001/slices/S02/tasks/T04-PLAN.md
- .gsd/milestones/M001/slices/S02/tasks/T04-SUMMARY.md
- .gsd/milestones/M001/slices/S02/tasks/T04-VERIFY.json
- .gsd/milestones/M001/slices/S03/S03-ASSESSMENT.md
- .gsd/milestones/M001/slices/S03/S03-PLAN.md
- .gsd/milestones/M001/slices/S03/S03-RESEARCH.md
- .gsd/milestones/M001/slices/S03/S03-SUMMARY.md
- .gsd/milestones/M001/slices/S03/S03-UAT.md
- .gsd/milestones/M001/slices/S03/tasks/T01-PLAN.md
- .gsd/milestones/M001/slices/S03/tasks/T01-SUMMARY.md
- .gsd/milestones/M001/slices/S03/tasks/T01-VERIFY.json
- .gsd/milestones/M001/slices/S03/tasks/T02-PLAN.md
- .gsd/milestones/M001/slices/S03/tasks/T02-SUMMARY.md
- .gsd/milestones/M001/slices/S03/tasks/T02-VERIFY.json
- .gsd/milestones/M001/slices/S03/tasks/T03-PLAN.md
- .gsd/milestones/M001/slices/S03/tasks/T03-SUMMARY.md
- .gsd/milestones/M001/slices/S03/tasks/T03-VERIFY.json
- .gsd/milestones/M001/slices/S03/tasks/T04-PLAN.md
- .gsd/milestones/M001/slices/S03/tasks/T04-SUMMARY.md
- .gsd/milestones/M001/slices/S03/tasks/T04-VERIFY.json
- .gsd/milestones/M001/slices/S04/S04-ASSESSMENT.md
- .gsd/milestones/M001/slices/S04/S04-CONTEXT-DRAFT.md
- .gsd/milestones/M001/slices/S04/S04-CONTEXT.md
- .gsd/milestones/M001/slices/S04/S04-PLAN.md
- .gsd/milestones/M001/slices/S04/S04-PRE-EXEC-VERIFY.json
- .gsd/milestones/M001/slices/S04/S04-RESEARCH.md
- .gsd/milestones/M001/slices/S04/S04-SUMMARY.md
- .gsd/milestones/M001/slices/S04/S04-UAT.md
- .gsd/milestones/M001/slices/S04/tasks/T01-PLAN.md
- .gsd/milestones/M001/slices/S04/tasks/T01-SUMMARY.md
- .gsd/milestones/M001/slices/S04/tasks/T01-VERIFY.json
- .gsd/milestones/M001/slices/S04/tasks/T02-PLAN.md
- .gsd/milestones/M001/slices/S04/tasks/T02-SUMMARY.md
- .gsd/milestones/M001/slices/S04/tasks/T02-VERIFY.json
- .gsd/milestones/M001/slices/S04/tasks/T03-PLAN.md
- .gsd/milestones/M001/slices/S04/tasks/T03-SUMMARY.md
- .gsd/milestones/M001/slices/S04/tasks/T03-VERIFY.json
- .gsd/milestones/M001/slices/S04/tasks/T04-PLAN.md
- .gsd/milestones/M001/slices/S04/tasks/T04-SUMMARY.md
- .gsd/milestones/M001/slices/S04/tasks/T04-VERIFY.json
- .gsd/milestones/M001/slices/S04/tasks/T05-PLAN.md
- .gsd/milestones/M001/slices/S04/tasks/T05-SUMMARY.md
- .gsd/milestones/M001/slices/S04/tasks/T05-VERIFY.json
- .gsd/milestones/M001/slices/S04/tasks/T06-PLAN.md
- .gsd/milestones/M001/slices/S04/tasks/T06-SUMMARY.md
- .gsd/milestones/M001/slices/S04/tasks/T06-VERIFY.json
- .gsd/milestones/M001/slices/S05/S05-ASSESSMENT.md
- .gsd/milestones/M001/slices/S05/S05-CONTEXT.md
- .gsd/milestones/M001/slices/S05/S05-PLAN.md
- .gsd/milestones/M001/slices/S05/S05-PRE-EXEC-VERIFY.json
- .gsd/milestones/M001/slices/S05/S05-RESEARCH.md
- .gsd/milestones/M001/slices/S05/S05-SUMMARY.md
- .gsd/milestones/M001/slices/S05/S05-UAT.md
- .gsd/milestones/M001/slices/S05/tasks/T01-PLAN.md
- .gsd/milestones/M001/slices/S05/tasks/T01-SUMMARY.md
- .gsd/milestones/M001/slices/S05/tasks/T01-VERIFY.json
- .gsd/milestones/M001/slices/S05/tasks/T02-PLAN.md
- .gsd/milestones/M001/slices/S05/tasks/T02-SUMMARY.md
- .gsd/milestones/M001/slices/S05/tasks/T02-VERIFY.json
- .gsd/milestones/M001/slices/S05/tasks/T03-PLAN.md
- .gsd/milestones/M001/slices/S05/tasks/T03-SUMMARY.md
- .gsd/milestones/M001/slices/S05/tasks/T03-VERIFY.json
- .gsd/milestones/M001/slices/S05/tasks/T04-PLAN.md
- .gsd/milestones/M001/slices/S05/tasks/T04-SUMMARY.md
- .gsd/milestones/M001/slices/S05/tasks/T04-VERIFY.json
- .gsd/milestones/M001/slices/S05/tasks/T05-PLAN.md
- .gsd/milestones/M001/slices/S05/tasks/T05-SUMMARY.md
- .gsd/milestones/M001/slices/S05/tasks/T05-VERIFY.json
- .gsd/milestones/M001/slices/S06/S06-ASSESSMENT.md
- .gsd/milestones/M001/slices/S06/S06-CONTEXT-DRAFT.md
- .gsd/milestones/M001/slices/S06/S06-CONTEXT.md
- .gsd/milestones/M001/slices/S06/S06-CONTINUE.md
- .gsd/milestones/M001/slices/S06/S06-PLAN.md
- .gsd/milestones/M001/slices/S06/S06-PRE-EXEC-VERIFY.json
- .gsd/milestones/M001/slices/S06/S06-RESEARCH.md
- .gsd/milestones/M001/slices/S06/S06-SUMMARY.md
- .gsd/milestones/M001/slices/S06/S06-UAT.md
- .gsd/milestones/M001/slices/S06/tasks/T01-PLAN.md
- .gsd/milestones/M001/slices/S06/tasks/T01-SUMMARY.md
- .gsd/milestones/M001/slices/S06/tasks/T01-VERIFY.json
- .gsd/milestones/M001/slices/S06/tasks/T02-PLAN.md
- .gsd/milestones/M001/slices/S06/tasks/T02-SUMMARY.md
- .gsd/milestones/M001/slices/S06/tasks/T02-VERIFY.json
- .gsd/milestones/M001/slices/S06/tasks/T03-PLAN.md
- .gsd/milestones/M001/slices/S06/tasks/T03-SUMMARY.md
- .gsd/milestones/M001/slices/S06/tasks/T03-VERIFY.json
- .gsd/milestones/M001/slices/S06/tasks/T04-PLAN.md
- .gsd/milestones/M001/slices/S06/tasks/T04-SUMMARY.md
- .gsd/milestones/M001/slices/S06/tasks/T04-VERIFY.json
- .gsd/milestones/M001/slices/S06/tasks/T05-PLAN.md
- .gsd/milestones/M001/slices/S06/tasks/T05-SUMMARY.md
- .gsd/milestones/M001/slices/S06/tasks/T05-VERIFY.json
- .gsd/milestones/M001/slices/S07/S07-ASSESSMENT.md
- .gsd/milestones/M001/slices/S07/S07-CONTEXT-DRAFT.md
- .gsd/milestones/M001/slices/S07/S07-CONTEXT.md
- .gsd/milestones/M001/slices/S07/S07-PLAN.md
- .gsd/milestones/M001/slices/S07/S07-PRE-EXEC-VERIFY.json
- .gsd/milestones/M001/slices/S07/S07-RESEARCH.md
- .gsd/milestones/M001/slices/S07/S07-SUMMARY.md
- .gsd/milestones/M001/slices/S07/S07-UAT.md
- .gsd/milestones/M001/slices/S07/tasks/T01-PLAN.md
- .gsd/milestones/M001/slices/S07/tasks/T01-SUMMARY.md
- .gsd/milestones/M001/slices/S07/tasks/T01-VERIFY.json
- .gsd/milestones/M001/slices/S07/tasks/T02-PLAN.md
- .gsd/milestones/M001/slices/S07/tasks/T02-SUMMARY.md
- .gsd/milestones/M001/slices/S07/tasks/T02-VERIFY.json
- .gsd/milestones/M001/slices/S07/tasks/T03-PLAN.md
- .gsd/milestones/M001/slices/S07/tasks/T03-SUMMARY.md
- .gsd/milestones/M001/slices/S07/tasks/T03-VERIFY.json
- .gsd/milestones/M001/slices/S07/tasks/T04-PLAN.md
- .gsd/milestones/M001/slices/S07/tasks/T04-SUMMARY.md
- .gsd/milestones/M001/slices/S07/tasks/T04-VERIFY.json
- .gsd/milestones/M001/slices/S07/tasks/T05-PLAN.md
- .gsd/milestones/M001/slices/S07/tasks/T05-SUMMARY.md
- .gsd/milestones/M001/slices/S07/tasks/T05-VERIFY.json
- .gsd/milestones/M001/slices/S08/S08-ASSESSMENT.md
- .gsd/milestones/M001/slices/S08/S08-CONTEXT-DRAFT.md
- .gsd/milestones/M001/slices/S08/S08-CONTEXT.md
- .gsd/milestones/M001/slices/S08/S08-PLAN.md
- .gsd/milestones/M001/slices/S08/S08-PRE-EXEC-VERIFY.json
- .gsd/milestones/M001/slices/S08/S08-RESEARCH.md
- .gsd/milestones/M001/slices/S08/S08-SUMMARY.md
- .gsd/milestones/M001/slices/S08/S08-UAT.md
- .gsd/milestones/M001/slices/S08/tasks/T01-PLAN.md
- .gsd/milestones/M001/slices/S08/tasks/T01-SUMMARY.md
- .gsd/milestones/M001/slices/S08/tasks/T01-VERIFY.json
- .gsd/milestones/M001/slices/S08/tasks/T02-PLAN.md
- .gsd/milestones/M001/slices/S08/tasks/T02-SUMMARY.md
- .gsd/milestones/M001/slices/S08/tasks/T02-VERIFY.json
- .gsd/milestones/M001/slices/S08/tasks/T03-PLAN.md
- .gsd/milestones/M001/slices/S08/tasks/T03-SUMMARY.md
- .gsd/milestones/M001/slices/S08/tasks/T03-VERIFY.json
- .gsd/milestones/M001/slices/S08/tasks/T04-PLAN.md
- .gsd/milestones/M001/slices/S08/tasks/T04-SUMMARY.md
- .gsd/milestones/M001/slices/S08/tasks/T04-VERIFY.json
- .gsd/milestones/M001/slices/S09/S09-ASSESSMENT.md
- .gsd/milestones/M001/slices/S09/S09-CONTEXT-DRAFT.md
- .gsd/milestones/M001/slices/S09/S09-CONTEXT.md
- .gsd/milestones/M001/slices/S09/S09-PLAN.md
- .gsd/milestones/M001/slices/S09/S09-PRE-EXEC-VERIFY.json
- .gsd/milestones/M001/slices/S09/S09-REPLAN.md
- .gsd/milestones/M001/slices/S09/S09-RESEARCH.md
- .gsd/milestones/M001/slices/S09/S09-SUMMARY.md
- .gsd/milestones/M001/slices/S09/S09-UAT.md
- .gsd/milestones/M001/slices/S09/tasks/T01-PLAN.md
- .gsd/milestones/M001/slices/S09/tasks/T01-SUMMARY.md
- .gsd/milestones/M001/slices/S09/tasks/T01-VERIFY.json
- .gsd/milestones/M001/slices/S09/tasks/T02-PLAN.md
- .gsd/milestones/M001/slices/S09/tasks/T02-SUMMARY.md
- .gsd/milestones/M001/slices/S09/tasks/T02-VERIFY.json
- .gsd/milestones/M001/slices/S09/tasks/T03-PLAN.md
- .gsd/milestones/M001/slices/S09/tasks/T03-SUMMARY.md
- .gsd/milestones/M001/slices/S09/tasks/T03-VERIFY.json
- .gsd/milestones/M001/slices/S09/tasks/T04-PLAN.md
- .gsd/milestones/M001/slices/S09/tasks/T04-SUMMARY.md
- .gsd/milestones/M001/slices/S09/tasks/T04-VERIFY.json
- .gsd/milestones/M001/slices/S09/tasks/T05-PLAN.md
- .gsd/milestones/M001/slices/S09/tasks/T05-SUMMARY.md
- .gsd/milestones/M001/slices/S09/tasks/T05-VERIFY.json
- .gsd/milestones/M001/slices/S09/tasks/T06-PLAN.md
- .gsd/milestones/M001/slices/S09/tasks/T06-SUMMARY.md
- .gsd/milestones/M001/slices/S09/tasks/T06-VERIFY.json
- .gsd/milestones/M001/slices/S10/S10-ASSESSMENT.md
- .gsd/milestones/M001/slices/S10/S10-CONTEXT-DRAFT.md
- .gsd/milestones/M001/slices/S10/S10-CONTEXT.md
- .gsd/milestones/M001/slices/S10/S10-PLAN.md
- .gsd/milestones/M001/slices/S10/S10-PRE-EXEC-VERIFY.json
- .gsd/milestones/M001/slices/S10/S10-RESEARCH.md
- .gsd/milestones/M001/slices/S10/S10-SUMMARY.md
- .gsd/milestones/M001/slices/S10/S10-UAT.md
- .gsd/milestones/M001/slices/S10/tasks/T01-PLAN.md
- .gsd/milestones/M001/slices/S10/tasks/T01-SUMMARY.md
- .gsd/milestones/M001/slices/S10/tasks/T01-VERIFY.json
- .gsd/milestones/M001/slices/S10/tasks/T02-PLAN.md
- .gsd/milestones/M001/slices/S10/tasks/T02-SUMMARY.md
- .gsd/milestones/M001/slices/S10/tasks/T02-VERIFY.json
- .gsd/milestones/M001/slices/S10/tasks/T03-PLAN.md
- .gsd/milestones/M001/slices/S10/tasks/T03-SUMMARY.md
- .gsd/milestones/M001/slices/S10/tasks/T03-VERIFY.json
- .gsd/milestones/M001/slices/S10/tasks/T04-PLAN.md
- .gsd/milestones/M001/slices/S10/tasks/T04-SUMMARY.md
- .gsd/milestones/M001/slices/S10/tasks/T04-VERIFY.json
- .gsd/milestones/M001/slices/S10/tasks/T05-PLAN.md
- .gsd/milestones/M001/slices/S10/tasks/T05-SUMMARY.md
- .gsd/milestones/M001/slices/S10/tasks/T05-VERIFY.json
- .gsd/milestones/M001/slices/S10/tasks/T06-PLAN.md
- .gsd/milestones/M001/slices/S10/tasks/T06-SUMMARY.md
- .gsd/milestones/M001/slices/S10/tasks/T06-VERIFY.json
- .gsd/milestones/M001/slices/S11/S11-ASSESSMENT.md
- .gsd/milestones/M001/slices/S11/S11-CONTEXT.md
- .gsd/milestones/M001/slices/S11/S11-PLAN.md
- .gsd/milestones/M001/slices/S11/S11-PRE-EXEC-VERIFY.json
- .gsd/milestones/M001/slices/S11/S11-RESEARCH.md
- .gsd/milestones/M001/slices/S11/S11-SUMMARY.md
- .gsd/milestones/M001/slices/S11/S11-UAT.md
- .gsd/milestones/M001/slices/S11/__pycache__/verify_s11_artifacts.cpython-312.pyc
- .gsd/milestones/M001/slices/S11/tasks/T01-PLAN.md
- .gsd/milestones/M001/slices/S11/tasks/T01-SUMMARY.md
- .gsd/milestones/M001/slices/S11/tasks/T01-VERIFY.json
- .gsd/milestones/M001/slices/S11/tasks/T02-PLAN.md
- .gsd/milestones/M001/slices/S11/tasks/T02-SUMMARY.md
- .gsd/milestones/M001/slices/S11/tasks/T02-VERIFY.json
- .gsd/milestones/M001/slices/S11/tasks/T03-PLAN.md
- .gsd/milestones/M001/slices/S11/tasks/T03-SUMMARY.md
- .gsd/milestones/M001/slices/S11/tasks/T03-VERIFY.json
- .gsd/milestones/M001/slices/S11/tasks/T04-PLAN.md
- .gsd/milestones/M001/slices/S11/tasks/T04-SUMMARY.md
- .gsd/milestones/M001/slices/S11/tasks/T04-VERIFY.json
- .gsd/milestones/M001/slices/S11/verify_s11_artifacts.py
