
=== cargo fmt --check ===
exit: 0
duration_s: 0.4
--- tail ---

=== cargo check ===
exit: 0
duration_s: 22.6
--- tail ---
    Checking futures-task v0.3.32
    Checking vcdiff-common v1.0.0
   Compiling cmt-rs v0.1.0 (J:\cmt-rs)
    Checking futures-channel v0.3.32
    Checking i-slint-core v1.16.1
    Checking vcdiff-reader v1.0.0
    Checking futures-util v0.3.32
    Checking vcdiff-decoder v1.0.0
    Checking hyper v1.9.0
    Checking tower v0.5.3
    Checking hyper-util v0.1.20
    Checking i-slint-renderer-femtovg v1.16.1
    Checking i-slint-renderer-software v1.16.1
    Checking tower-http v0.6.10
    Checking hyper-rustls v0.27.9
    Checking reqwest v0.13.3
    Checking i-slint-backend-winit v1.16.1
    Checking i-slint-backend-selector v1.16.1
    Checking slint v1.16.1
    Finished `dev` profile [unoptimized + debuginfo] target(s) in 22.51s

=== cargo test ===
exit: 0
duration_s: 0.8
--- tail ---
test workers::events::tests::downgrader_worker_payload_round_trips_owned_status_plan_log_progress_run_and_failure ... ok
test workers::events::tests::f4se_worker_payload_round_trips_owned_scan_snapshot ... ok
test workers::events::tests::event_envelope_carries_task_status_and_typed_payload ... ok
test workers::events::tests::overview_payload_carries_owned_snapshot_and_update_state ... ok
test workers::events::tests::progress_supports_optional_text_and_counts_without_percentage_requirements ... ok
test workers::events::tests::s05_actions_worker_payload_round_trips_tools_and_about_feedback ... ok
test tests::s09_downgrader_slint_contract_modal_source_exposes_reference_shape_and_labels ... ok
test workers::events::tests::scanner_worker_payload_autofix_round_trips_owned_completion ... ok
test workers::events::tests::scanner_worker_payload_round_trips_owned_scan_snapshot_and_action_feedback ... ok
test workers::events::tests::task_kinds_cover_required_background_categories ... ok
test workers::handoff::tests::recording_sink_stores_owned_events ... ok
test workers::handoff::tests::slint_event_loop_sink_is_constructible_without_a_window ... ok
test tests::s08_scanner_autofix_slint_contract_replaces_placeholder_with_gated_auto_fix_surface ... ok
test workers::tests::spawning_without_tokio_runtime_returns_typed_error ... ok
test workers::tests::cancellation_request_acknowledgement_and_final_cancelled_flow_through_facade ... ok
test workers::tests::blocking_facade_runs_work_off_calling_thread_and_records_events ... ok
test workers::tests::worker_failures_emit_safe_failure_events ... ok

test result: ok. 320 passed; 0 failed; 0 ignored; 0 measured; 0 filtered out; finished in 0.03s


=== cargo clippy --all-targets --all-features ===
exit: 0
duration_s: 27.8
--- tail ---
    |
    = help: for further information visit https://rust-lang.github.io/rust-clippy/rust-1.95.0/index.html#too_many_arguments

warning: this function has too many arguments (9/7)
    --> src\main.rs:1110:1
     |
1110 | / fn bind_overview_callbacks(
1111 | |     app: &MainWindow,
1112 | |     downgrader_window: &DowngraderWindow,
1113 | |     overview_controller: Arc<Mutex<OverviewController>>,
...    |
1119 | |     runtime_handle: tokio::runtime::Handle,
1120 | | ) {
     | |_^
     |
     = help: for further information visit https://rust-lang.github.io/rust-clippy/rust-1.95.0/index.html#too_many_arguments

warning: `cmt-rs` (bin "cmt-rs") generated 8 warnings
warning: `cmt-rs` (bin "cmt-rs" test) generated 8 warnings (8 duplicates)
    Finished `dev` profile [unoptimized + debuginfo] target(s) in 27.60s
