
 S01 S01: Slint Shell Port Architecture
Summary: # Phase 01 Plan 01: Slint Dependency/Build Pipeline Summary
Verification: - `cargo check` after Task 1: passed - `cargo check` after Task 2: passed - `cargo check` after Task 3: passed - `cargo fmt --check`: passed - `cargo check`: passed - `cargo test`: passed - `cargo clippy --all-targets --all-features`: passed - `git status --short CMT`: passed with no output

 S02 S02: Settings Defaults Parity
Summary: Settings defaults, persistence, UI labels, and immediate-save rollback now have a typed Rust/Slint contract with automated parity coverage.
Verification: All four S02 tasks are complete in GSD state. Prior closeout-safe verification evidence from this slice passed: `cargo fmt --check` exit 0 (gsd_exec e7c22043-947d-49cf-a291-e84da874e368, 263ms), `cargo check` exit 0 (2143d6ff-5143-47ab-af57-6acf9c214106, 8143ms), `cargo test` exit 0 with 31 tests passed (b3fc1048-23b4-4d29-91a9-050236a3b5a6, 7685ms), and `cargo clippy --all-targets --all-features` exit 0 (d4afdceb-e3dd-4764-b4b1-0fb24761b290, 8174ms). Automated coverage includes settings default

 S03 S03: S03
Summary: Established typed Fallout 4 discovery contracts, fakeable platform seams, a tested discovery orchestration service, and reusable worker event handoff foundations without launching the GUI.
Verification: All four S03 tasks are complete and the recorded current-host verification gates passed via closeout-safe GSD verification evidence: cargo fmt --check passed, cargo check passed, cargo test passed with 87 tests, and cargo clippy --all-targets --all-features passed. Task-level coverage includes pure domain error/message contracts, fake platform adapter behavior, discovery ordering, path normalization, optional derived paths, registry error handling, MO2 portable/instance ordering and typed failur

 S04 S04: Overview Diagnostics & Updates
Summary: Overview now renders typed, worker-refreshed game, binary, archive, module, update, and problem diagnostics instead of an inert placeholder.
Verification: Fresh closeout verification was run through `gsd_exec` in this retry. `cargo fmt --check` exited 0 in 360ms; `cargo check` exited 0 in 9150ms; `cargo test` exited 0 in 8883ms with 143 passed, 0 failed; `cargo clippy --all-targets --all-features` exited 0 in 9347ms (`.gsd/exec/59e398b8-da3d-4763-bc1d-261afc8d6f2a.stdout`). A supplemental closeout source-marker inspection verified the expected observability events, reference labels, disabled deferred controls, and safe error state markers (`.gsd/e

 S05 S05: Tools Shell, Links & About
Summary: Tools and About are now reference-shaped Slint tabs with Rust-owned static contracts, safe link/copy actions, deferred utility entries, visible failure feedback, and passing slice gates.
Verification: Closeout verification was run with `gsd_exec`: `cargo fmt --check` passed with exit 0 in 463ms (6574d641-bd28-4bd5-bb83-b3e8e446f5e7); `cargo check` passed with exit 0 in 8513ms (485cec21-c96b-4b82-bd1a-a45fa46966cb); `cargo test` passed with exit 0 in 8268ms and reported `174 passed; 0 failed; 0 ignored` (473dd5d3-7978-4676-954a-db4d2a9c174b); `cargo clippy --all-targets --all-features` passed with exit 0 in 8481ms (e96e3a1c-5c3c-4832-acc1-f62b49305f52). Prior S05 T05 evidence was reused for th

 S06 S06: F4SE Diagnostics
Summary: Delivered a read-only, lazy, non-blocking F4SE DLL compatibility diagnostics tab with reference-shaped columns, legend, safe failures, and owned worker handoff.
Verification: Closeout verification passed through `gsd_exec`: `cargo fmt --check` exit 0 (`58c8d4a8-62c7-4be3-8b96-57aa4285aa94`); `cargo check` exit 0 (`556db084-8a52-40ed-9990-e31731ac66a0`); `cargo test` exit 0 with 214 passed, 0 failed (`d9068a96-de9a-4495-9c3d-4905ea20f681`); `cargo clippy --all-targets --all-features` exit 0 (`8aedcb08-88bc-42e0-91f0-c35bc3e98c05`); focused S06 filters `cargo test f4se_domain`, `f4se_scan_service`, `f4se_dll_inspector`, `f4se_controller`, `f4se_worker_payload`, `s06_f4

 S07 S07: Scanner Read Only Results
Summary: Delivered the reference-shaped read-only Scanner tab, adapter-backed scan engine, controller/worker handoff, Slint surface, runtime wiring, and safe diagnostics/actions while keeping Auto-Fix deferred.
Verification: Final closeout verification was run through gsd_exec on the Windows-side cargo environment after restoring the missing T02 task summary and fixing display-only path normalization. All targeted S07 filters and full cargo gates exited 0: | # | Command | Exit Code | Verdict | Duration | |---|---------|-----------|---------|----------| | 1 | cargo test scanner_domain | 0 | pass, 7 passed | 586ms | | 2 | cargo test scanner_scan_service | 0 | pass, 15 passed | 531ms | | 3 | cargo test scanner_controll

 S08 S08: Scanner Auto Fix Actions
Summary: Added fail-closed Scanner Auto-Fix domain, service, controller, worker, Slint, and runtime plumbing while keeping the production registry empty for reference parity.
Verification: Fresh closeout verification was run through `gsd_exec` in run `eaa555ac-0265-4c43-a786-ed3d9c347bfa`. All required slice checks passed: `cargo test scanner_autofix_domain` (8 passed), `cargo test scanner_autofix_service` (5 passed), `cargo test scanner_controller_autofix` (6 passed), `cargo test scanner_worker_payload_autofix` (1 passed), `cargo test s08_scanner_autofix_slint_contract` (2 passed), `cargo test s08_scanner_autofix_runtime_wiring` (6 passed), `cargo fmt --check`, `cargo check`, ful

 S09 S09: Downgrade Manager Workflow
Summary: Delivered a live Downgrade Manager modal opened from Overview or Tools with reference-shaped status, options, inline plan confirmation, safe digest-bound execution, live progress/log feedback, and sandbox-proven mutation safeguards.
Verification: Fresh closeout verification was run through `gsd_exec` id `62a79917-b91a-4a94-9c84-b5d979e46132`. All required slice filters and quality gates exited 0: `cargo test downgrader_domain --quiet` (8 passed), `cargo test downgrader_service_plan --quiet` (8 passed), `cargo test downgrader_executor --quiet` (6 passed), `cargo test downgrader_controller --quiet` (10 passed), `cargo test downgrader_worker_payload --quiet` (1 passed), `cargo test s09_downgrader_slint_contract --quiet` (2 passed), `cargo t

 S10 S10: Archive Patcher Workflow
Summary: Delivered a live Archive Patcher workflow from Overview and Tools with fail-closed BA2 header patching, latest-run restore manifests, and off-thread Slint-safe workers.
Verification: Fresh closeout verification was run through `gsd_exec` run `1cf70896-bf3c-45be-9cff-299e8d80c916` and all required S10 plan gates passed: `cargo test archive_patcher_domain --quiet` (4 passed), `cargo test archive_patcher_service_plan --quiet` (8 passed), `cargo test archive_patcher_executor --quiet` (9 passed), `cargo test archive_patcher_controller --quiet` (7 passed), `cargo test archive_patcher_worker_payload --quiet` (1 passed), `cargo test s10_archive_patcher_slint_contract --quiet` (4 pas
