=== cargo test downgrader_domain --quiet ===
exit: 0
duration_s: 0.6
--- tail ---
warning: variants `SymlinkFile` and `ReparseFile` are never constructed
    --> src\services\downgrader.rs:2690:9
     |
2686 |     enum FakeNode {
     |          -------- variants in this enum
...
2690 |         SymlinkFile(Vec<u8>),
     |         ^^^^^^^^^^^
2691 |         ReparseFile(Vec<u8>),
     |         ^^^^^^^^^^^
     |
     = note: `FakeNode` has derived impls for the traits `Clone` and `Debug`, but these are intentionally ignored during dead code analysis
     = note: `#[warn(dead_code)]` (part of `#[warn(unused)]`) on by default


running 8 tests
........
test result: ok. 8 passed; 0 failed; 0 ignored; 0 measured; 318 filtered out; finished in 0.00s


=== cargo test downgrader_service_plan --quiet ===
exit: 0
duration_s: 0.6
--- tail ---
warning: variants `SymlinkFile` and `ReparseFile` are never constructed
    --> src\services\downgrader.rs:2690:9
     |
2686 |     enum FakeNode {
     |          -------- variants in this enum
...
2690 |         SymlinkFile(Vec<u8>),
     |         ^^^^^^^^^^^
2691 |         ReparseFile(Vec<u8>),
     |         ^^^^^^^^^^^
     |
     = note: `FakeNode` has derived impls for the traits `Clone` and `Debug`, but these are intentionally ignored during dead code analysis
     = note: `#[warn(dead_code)]` (part of `#[warn(unused)]`) on by default


running 8 tests
........
test result: ok. 8 passed; 0 failed; 0 ignored; 0 measured; 318 filtered out; finished in 0.00s


=== cargo test downgrader_executor --quiet ===
exit: 0
duration_s: 0.5
--- tail ---
warning: variants `SymlinkFile` and `ReparseFile` are never constructed
    --> src\services\downgrader.rs:2690:9
     |
2686 |     enum FakeNode {
     |          -------- variants in this enum
...
2690 |         SymlinkFile(Vec<u8>),
     |         ^^^^^^^^^^^
2691 |         ReparseFile(Vec<u8>),
     |         ^^^^^^^^^^^
     |
     = note: `FakeNode` has derived impls for the traits `Clone` and `Debug`, but these are intentionally ignored during dead code analysis
     = note: `#[warn(dead_code)]` (part of `#[warn(unused)]`) on by default


running 6 tests
......
test result: ok. 6 passed; 0 failed; 0 ignored; 0 measured; 320 filtered out; finished in 0.00s


=== cargo test downgrader_controller --quiet ===
exit: 0
duration_s: 0.5
--- tail ---
warning: variants `SymlinkFile` and `ReparseFile` are never constructed
    --> src\services\downgrader.rs:2690:9
     |
2686 |     enum FakeNode {
     |          -------- variants in this enum
...
2690 |         SymlinkFile(Vec<u8>),
     |         ^^^^^^^^^^^
2691 |         ReparseFile(Vec<u8>),
     |         ^^^^^^^^^^^
     |
     = note: `FakeNode` has derived impls for the traits `Clone` and `Debug`, but these are intentionally ignored during dead code analysis
     = note: `#[warn(dead_code)]` (part of `#[warn(unused)]`) on by default


running 10 tests
..........
test result: ok. 10 passed; 0 failed; 0 ignored; 0 measured; 316 filtered out; finished in 0.00s


=== cargo test downgrader_worker_payload --quiet ===
exit: 0
duration_s: 0.5
--- tail ---
warning: variants `SymlinkFile` and `ReparseFile` are never constructed
    --> src\services\downgrader.rs:2690:9
     |
2686 |     enum FakeNode {
     |          -------- variants in this enum
...
2690 |         SymlinkFile(Vec<u8>),
     |         ^^^^^^^^^^^
2691 |         ReparseFile(Vec<u8>),
     |         ^^^^^^^^^^^
     |
     = note: `FakeNode` has derived impls for the traits `Clone` and `Debug`, but these are intentionally ignored during dead code analysis
     = note: `#[warn(dead_code)]` (part of `#[warn(unused)]`) on by default


running 1 test
.
test result: ok. 1 passed; 0 failed; 0 ignored; 0 measured; 325 filtered out; finished in 0.00s


=== cargo test s09_downgrader_slint_contract --quiet ===
exit: 0
duration_s: 0.5
--- tail ---
warning: variants `SymlinkFile` and `ReparseFile` are never constructed
    --> src\services\downgrader.rs:2690:9
     |
2686 |     enum FakeNode {
     |          -------- variants in this enum
...
2690 |         SymlinkFile(Vec<u8>),
     |         ^^^^^^^^^^^
2691 |         ReparseFile(Vec<u8>),
     |         ^^^^^^^^^^^
     |
     = note: `FakeNode` has derived impls for the traits `Clone` and `Debug`, but these are intentionally ignored during dead code analysis
     = note: `#[warn(dead_code)]` (part of `#[warn(unused)]`) on by default


running 2 tests
..
test result: ok. 2 passed; 0 failed; 0 ignored; 0 measured; 324 filtered out; finished in 0.00s


=== cargo test s09_downgrader_runtime_wiring --quiet ===
exit: 0
duration_s: 0.5
--- tail ---
warning: variants `SymlinkFile` and `ReparseFile` are never constructed
    --> src\services\downgrader.rs:2690:9
     |
2686 |     enum FakeNode {
     |          -------- variants in this enum
...
2690 |         SymlinkFile(Vec<u8>),
     |         ^^^^^^^^^^^
2691 |         ReparseFile(Vec<u8>),
     |         ^^^^^^^^^^^
     |
     = note: `FakeNode` has derived impls for the traits `Clone` and `Debug`, but these are intentionally ignored during dead code analysis
     = note: `#[warn(dead_code)]` (part of `#[warn(unused)]`) on by default


running 6 tests
......
test result: ok. 6 passed; 0 failed; 0 ignored; 0 measured; 320 filtered out; finished in 0.00s


=== cargo test settings --quiet ===
exit: 0
duration_s: 0.6
--- tail ---
warning: variants `SymlinkFile` and `ReparseFile` are never constructed
    --> src\services\downgrader.rs:2690:9
     |
2686 |     enum FakeNode {
     |          -------- variants in this enum
...
2690 |         SymlinkFile(Vec<u8>),
     |         ^^^^^^^^^^^
2691 |         ReparseFile(Vec<u8>),
     |         ^^^^^^^^^^^
     |
     = note: `FakeNode` has derived impls for the traits `Clone` and `Debug`, but these are intentionally ignored during dead code analysis
     = note: `#[warn(dead_code)]` (part of `#[warn(unused)]`) on by default


running 35 tests
...................................
test result: ok. 35 passed; 0 failed; 0 ignored; 0 measured; 291 filtered out; finished in 0.02s


=== cargo test overview --quiet ===
exit: 0
duration_s: 0.6
--- tail ---
warning: variants `SymlinkFile` and `ReparseFile` are never constructed
    --> src\services\downgrader.rs:2690:9
     |
2686 |     enum FakeNode {
     |          -------- variants in this enum
...
2690 |         SymlinkFile(Vec<u8>),
     |         ^^^^^^^^^^^
2691 |         ReparseFile(Vec<u8>),
     |         ^^^^^^^^^^^
     |
     = note: `FakeNode` has derived impls for the traits `Clone` and `Debug`, but these are intentionally ignored during dead code analysis
     = note: `#[warn(dead_code)]` (part of `#[warn(unused)]`) on by default


running 59 tests
...........................................................
test result: ok. 59 passed; 0 failed; 0 ignored; 0 measured; 267 filtered out; finished in 0.00s


=== cargo test tools --quiet ===
exit: 0
duration_s: 0.5
--- tail ---
warning: variants `SymlinkFile` and `ReparseFile` are never constructed
    --> src\services\downgrader.rs:2690:9
     |
2686 |     enum FakeNode {
     |          -------- variants in this enum
...
2690 |         SymlinkFile(Vec<u8>),
     |         ^^^^^^^^^^^
2691 |         ReparseFile(Vec<u8>),
     |         ^^^^^^^^^^^
     |
     = note: `FakeNode` has derived impls for the traits `Clone` and `Debug`, but these are intentionally ignored during dead code analysis
     = note: `#[warn(dead_code)]` (part of `#[warn(unused)]`) on by default


running 21 tests
.....................
test result: ok. 21 passed; 0 failed; 0 ignored; 0 measured; 305 filtered out; finished in 0.00s


=== cargo test worker --quiet ===
exit: 0
duration_s: 0.5
--- tail ---
warning: variants `SymlinkFile` and `ReparseFile` are never constructed
    --> src\services\downgrader.rs:2690:9
     |
2686 |     enum FakeNode {
     |          -------- variants in this enum
...
2690 |         SymlinkFile(Vec<u8>),
     |         ^^^^^^^^^^^
2691 |         ReparseFile(Vec<u8>),
     |         ^^^^^^^^^^^
     |
     = note: `FakeNode` has derived impls for the traits `Clone` and `Debug`, but these are intentionally ignored during dead code analysis
     = note: `#[warn(dead_code)]` (part of `#[warn(unused)]`) on by default


running 36 tests
....................................
test result: ok. 36 passed; 0 failed; 0 ignored; 0 measured; 290 filtered out; finished in 0.00s


=== cargo fmt --check ===
exit: 0
duration_s: 0.3
--- tail ---

=== cargo check --quiet ===
exit: 0
duration_s: 17.2
--- tail ---

=== cargo test --quiet ===
exit: 0
duration_s: 0.7
--- tail ---
warning: variants `SymlinkFile` and `ReparseFile` are never constructed
    --> src\services\downgrader.rs:2690:9
     |
2686 |     enum FakeNode {
     |          -------- variants in this enum
...
2690 |         SymlinkFile(Vec<u8>),
     |         ^^^^^^^^^^^
2691 |         ReparseFile(Vec<u8>),
     |         ^^^^^^^^^^^
     |
     = note: `FakeNode` has derived impls for the traits `Clone` and `Debug`, but these are intentionally ignored during dead code analysis
     = note: `#[warn(dead_code)]` (part of `#[warn(unused)]`) on by default


running 326 tests
....................................................................................... 87/326
....................................................................................... 174/326
....................................................................................... 261/326
.................................................................
test result: ok. 326 passed; 0 failed; 0 ignored; 0 measured; 0 filtered out; finished in 0.03s


=== cargo clippy --all-targets --all-features --quiet ===
exit: 0
duration_s: 26.8
--- tail ---
     | |_^
     |
     = help: for further information visit https://rust-lang.github.io/rust-clippy/rust-1.95.0/index.html#too_many_arguments

warning: field assignment outside of initializer for an instance created with Default::default()
    --> src\main.rs:6307:9
     |
6307 | /         settings.downgrader = DowngraderSettings {
6308 | |             keep_backups: true,
6309 | |             delete_deltas: false,
6310 | |         };
     | |__________^
     |
note: consider initializing the variable with `domain::settings::AppSettings { downgrader: DowngraderSettings {
                  keep_backups: true,
                  delete_deltas: false,
              }, ..Default::default() }` and removing relevant reassignments
    --> src\main.rs:6306:9
     |
6306 |         let mut settings = AppSettings::default();
     |         ^^^^^^^^^^^^^^^^^^^^^^^^^^^^^^^^^^^^^^^^^^
     = help: for further information visit https://rust-lang.github.io/rust-clippy/rust-1.95.0/index.html#field_reassign_with_default
     = note: `#[warn(clippy::field_reassign_with_default)]` on by default

warning: field assignment outside of initializer for an instance created with Default::default()
    --> src\main.rs:6421:9
     |
6421 |         settings.update_source = UpdateSource::Github;
     |         ^^^^^^^^^^^^^^^^^^^^^^^^^^^^^^^^^^^^^^^^^^^^^^
     |
note: consider initializing the variable with `domain::settings::AppSettings { update_source: UpdateSource::Github, log_level: LogLevel::Warning, downgrader: DowngraderSettings {
                  keep_backups: false,
                  delete_deltas: true,
              }, ..Default::default() }` and removing relevant reassignments
    --> src\main.rs:6420:9
     |
6420 |         let mut settings = AppSettings::default();
     |         ^^^^^^^^^^^^^^^^^^^^^^^^^^^^^^^^^^^^^^^^^^
     = help: for further information visit https://rust-lang.github.io/rust-clippy/rust-1.95.0/index.html#field_reassign_with_default


