   Compiling proc-macro2 v1.0.106
   Compiling quote v1.0.45
   Compiling libc v0.2.186
   Compiling libm v0.2.16
   Compiling portable-atomic v1.13.1
   Compiling serde_core v1.0.228
   Compiling serde v1.0.228
   Compiling rustix v1.1.4
   Compiling crc32fast v1.5.0
   Compiling icu_properties_data v2.2.0
   Compiling wayland-sys v0.31.11
   Compiling icu_normalizer_data v2.2.0
   Compiling crossbeam-utils v0.8.21
   Compiling thiserror v2.0.18
   Compiling flate2 v1.1.9
   Compiling once_cell v1.21.4
   Compiling concurrent-queue v2.5.0
   Compiling async-io v2.6.0
   Compiling khronos_api v3.1.0
   Compiling anyhow v1.0.102
   Compiling slotmap v1.1.1
   Compiling yeslogic-fontconfig-sys v6.0.1
   Compiling core_maths v0.1.1
   Compiling tracing-core v0.1.36
   Compiling num-traits v0.2.19
   Compiling event-listener v5.4.1
   Compiling crossbeam-epoch v0.9.18
   Compiling syn v2.0.117
   Compiling jobserver v0.1.34
   Compiling memmap2 v0.9.10
   Compiling ttf-parser v0.25.1
   Compiling event-listener-strategy v0.5.4
   Compiling cc v1.2.62
   Compiling crossbeam-deque v0.8.6
   Compiling num-integer v0.1.46
   Compiling errno v0.3.14
   Compiling async-channel v2.5.0
   Compiling rayon-core v1.13.0
   Compiling zerocopy v0.8.48
   Compiling zmij v1.0.21
   Compiling signal-hook-registry v1.4.8
   Compiling num-bigint v0.4.6
   Compiling gl_generator v0.14.0
   Compiling async-lock v3.4.2
   Compiling thiserror v1.0.69
   Compiling rayon v1.12.0
   Compiling cmake v0.1.58
   Compiling paste v1.0.15
   Compiling icu_locale_data v2.2.0
   Compiling serde_json v1.0.149
   Compiling blocking v1.6.2
   Compiling uuid v1.23.1
   Compiling async-broadcast v0.7.2
   Compiling euclid v0.22.14
   Compiling png v0.18.1
   Compiling async-executor v1.14.0
   Compiling num-rational v0.4.2
   Compiling polling v3.11.0
   Compiling gethostname v1.1.0
   Compiling wayland-backend v0.3.15
   Compiling aws-lc-sys v0.41.0
   Compiling icu_segmenter_data v2.2.0
   Compiling x11rb v0.13.2
   Compiling x11-dl v2.21.0
   Compiling lyon_geom v1.0.19
   Compiling synstructure v0.13.2
   Compiling maybe-rayon v0.1.1
   Compiling async-signal v0.2.14
   Compiling simd_helpers v0.1.0
   Compiling rustversion v1.0.22
   Compiling async-process v2.5.0
   Compiling getrandom v0.3.4
   Compiling smithay-client-toolkit v0.19.2
   Compiling lyon_path v1.0.19
   Compiling fontdb v0.23.0
   Compiling owned_ttf_parser v0.25.1
   Compiling moxcms v0.8.1
   Compiling socket2 v0.6.3
   Compiling mio v1.2.0
   Compiling bytemuck_derive v1.10.2
   Compiling serde_derive v1.0.228
   Compiling zerofrom-derive v0.1.7
   Compiling yoke-derive v0.8.2
   Compiling zerovec-derive v0.11.3
   Compiling displaydoc v0.2.5
   Compiling tracing-attributes v0.1.31
   Compiling enumflags2_derive v0.7.12
   Compiling thiserror-impl v2.0.18
   Compiling derive_more-impl v2.1.1
   Compiling equator-macro v0.4.2
   Compiling futures-macro v0.3.32
   Compiling strum_macros v0.28.0
   Compiling wayland-csd-frame v0.3.0
   Compiling zerocopy-derive v0.8.48
   Compiling thiserror-impl v1.0.69
   Compiling equator v0.4.2
   Compiling async-trait v0.1.89
   Compiling bytemuck v1.25.0
   Compiling arg_enum_proc_macro v0.3.4
   Compiling async-recursion v1.1.1
   Compiling futures-util v0.3.32
   Compiling tracing v0.1.44
   Compiling zerofrom v0.1.8
   Compiling font-types v0.11.3
   Compiling yoke v0.8.2
   Compiling tiny-skia-path v0.12.0
   Compiling rgb v0.8.53
   Compiling zerovec v0.11.6
   Compiling zerotrie v0.2.4
   Compiling quick-xml v0.39.4
   Compiling zvariant_utils v3.3.1
   Compiling enumflags2 v0.7.12
   Compiling tinystr v0.8.3
   Compiling potential_utf v0.1.5
   Compiling read-fonts v0.37.0
   Compiling aligned-vec v0.6.4
   Compiling strum v0.28.0
   Compiling zvariant_derive v5.11.0
   Compiling icu_locale_core v2.2.0
   Compiling icu_collections v2.2.0
   Compiling v_frame v0.3.9
   Compiling derive_more v2.1.1
   Compiling serde_repr v0.1.20
   Compiling profiling-procmacros v1.0.18
   Compiling av1-grain v0.2.5
   Compiling av-scenechange v0.14.1
   Compiling wayland-scanner v0.31.10
   Compiling icu_provider v2.2.0
   Compiling calloop v0.13.0
   Compiling num-derive v0.4.2
   Compiling rustybuzz v0.20.1
   Compiling icu_properties v2.2.0
   Compiling icu_normalizer v2.2.0
   Compiling profiling v1.0.18
   Compiling icu_locale v2.2.0
   Compiling tiny-skia-path v0.11.4
   Compiling snafu-derive v0.8.9
   Compiling zvariant v5.11.0
   Compiling half v2.7.1
   Compiling rav1e v0.8.1
   Compiling idna_adapter v1.2.2
   Compiling skrifa v0.40.0
   Compiling wayland-client v0.31.14
   Compiling fontique v0.8.0
   Compiling const-field-offset-macro v0.2.0
   Compiling tokio-macros v2.7.0
   Compiling zbus_names v4.3.2
   Compiling wayland-protocols v0.32.12
   Compiling zbus_xml v5.1.1
   Compiling wayland-cursor v0.31.14
   Compiling i-slint-common v1.16.1
   Compiling calloop-wayland-source v0.3.0
   Compiling zbus_macros v5.15.0
   Compiling exr v1.74.0
   Compiling ab_glyph v0.2.32
   Compiling const-field-offset v0.2.0
   Compiling tiff v0.11.3
   Compiling zbus-lockstep v0.5.2
   Compiling tokio v1.52.3
   Compiling rspolib v0.1.2
   Compiling ahash v0.8.12
   Compiling snafu v0.8.9
   Compiling swash v0.2.7
   Compiling idna v1.1.0
   Compiling zbus-lockstep-macros v0.5.2
   Compiling ravif v0.13.0
   Compiling harfrust v0.5.2
   Compiling parley_data v0.8.0
   Compiling icu_segmenter v2.2.0
   Compiling usvg v0.47.0
   Compiling tiny-skia v0.11.4
   Compiling wayland-protocols-wlr v0.3.12
   Compiling tiny-skia v0.12.0
   Compiling calloop v0.14.4
   Compiling qoi v0.4.1
   Compiling image v0.25.10
   Compiling vtable-macro v0.4.0
   Compiling pin-project-internal v1.1.13
   Compiling zbus v5.15.0
   Compiling num_enum_derive v0.7.6
   Compiling derive_utils v0.15.1
   Compiling glutin_glx_sys v0.6.1
   Compiling glutin_egl_sys v0.7.1
   Compiling i-slint-compiler v1.16.1
   Compiling smithay-client-toolkit v0.20.0
   Compiling chrono v0.4.44
   Compiling winit v0.30.13
   Compiling url v2.5.8
   Compiling vtable v0.4.0
   Compiling pin-project v1.1.13
   Compiling i-slint-core-macros v1.16.1
   Compiling auto_enums v0.8.8
   Compiling lyon_extra v1.1.0
   Compiling sctk-adwaita v0.10.1
   Compiling num_enum v0.7.6
   Compiling resvg v0.47.0
   Compiling parley v0.8.0
   Compiling calloop-wayland-source v0.4.1
   Compiling wayland-protocols-misc v0.3.12
   Compiling wayland-protocols-experimental v20250721.0.1
   Compiling wayland-protocols-plasma v0.3.12
   Compiling lyon_algorithms v1.0.20
   Compiling taffy v0.9.2
   Compiling xkbcommon-dl v0.4.2
   Compiling tiny-xlib v0.2.5
   Compiling glutin v0.32.3
   Compiling generic-array v0.14.7
   Compiling i-slint-core v1.16.1
   Compiling atspi-common v0.13.0
   Compiling femtovg v0.23.2
   Compiling glutin-winit v0.5.0
   Compiling futures-executor v0.3.32
   Compiling x11-clipboard v0.9.3
   Compiling integer-sqrt v0.1.5
   Compiling i-slint-backend-winit v1.16.1
   Compiling futures v0.3.32
   Compiling softbuffer v0.4.8
   Compiling hyper v1.9.0
   Compiling webbrowser v1.2.1
   Compiling smithay-clipboard v0.7.3
   Compiling i-slint-backend-selector v1.16.1
   Compiling tower v0.5.3
   Compiling parking_lot_core v0.9.12
   Compiling copypasta v0.10.2
   Compiling hyper-util v0.1.20
   Compiling crypto-common v0.1.7
   Compiling block-buffer v0.10.4
   Compiling dirs-sys v0.5.0
   Compiling parking_lot v0.12.5
   Compiling digest v0.10.7
   Compiling tower-http v0.6.10
   Compiling toml_datetime v1.1.1+spec-1.1.0
   Compiling serde_spanned v1.1.1
   Compiling tracing-log v0.2.0
   Compiling pelite v0.10.0
   Compiling sha2 v0.10.9
   Compiling tracing-subscriber v0.3.23
   Compiling atspi-proxies v0.13.0
   Compiling accesskit_atspi_common v0.15.0
   Compiling toml v1.1.2+spec-1.1.0
   Compiling arboard v3.6.1
   Compiling directories v6.0.0
   Compiling sysinfo v0.39.2
   Compiling atspi v0.29.0
   Compiling i-slint-renderer-femtovg v1.16.1
   Compiling i-slint-renderer-software v1.16.1
   Compiling accesskit_unix v0.18.0
   Compiling accesskit_winit v0.30.0
   Compiling slint-build v1.16.1
   Compiling cmt-rs v0.1.0 (/mnt/j/cmt-rs)
   Compiling slint-macros v1.16.1
   Compiling slint v1.16.1
   Compiling aws-lc-rs v1.17.0
   Compiling rustls v0.23.40
   Compiling rustls-webpki v0.103.13
   Compiling tokio-rustls v0.26.4
   Compiling rustls-platform-verifier v0.7.0
   Compiling hyper-rustls v0.27.9
   Compiling reqwest v0.13.3
    Finished `test` profile [unoptimized + debuginfo] target(s) in 1m 47s
     Running unittests src/main.rs (target/debug/deps/cmt_rs-536e23c361712728)
