Non-reference app asset candidates (excluding CMT target Python .git .gsd):

Domain constants/functions around reference links/deferred actions:
src/services/update.rs:17:            NEXUS_MODS_LINK, OverviewDeferredAction, OverviewDeferredActionKind,
src/services/update.rs:18:            OverviewDeferredActionTarget, UpdateBannerState, UpdateCheckFailure, UpdateProvider,
src/services/update.rs:285:    pub provider: UpdateProvider,
src/services/update.rs:292:    pub fn skipped(provider: UpdateProvider, reason: impl Into<String>) -> Self {
src/services/update.rs:302:    pub fn no_update(provider: UpdateProvider, remote_version: Option<String>) -> Self {
src/services/update.rs:310:    pub fn available(provider: UpdateProvider, version: impl Into<String>) -> Self {
src/services/update.rs:321:        provider: UpdateProvider,
src/services/update.rs:469:                UpdateProvider::NexusMods,
src/services/update.rs:473:                UpdateProvider::Github,
src/services/update.rs:517:    async fn check_provider(&self, provider: UpdateProvider) -> UpdateSourceResult {
src/services/update.rs:523:            UpdateProvider::NexusMods => self.client.fetch_nexus_mods().await,
src/services/update.rs:524:            UpdateProvider::Github => self.client.fetch_github_latest_release().await,
src/services/update.rs:547:            UpdateProvider::NexusMods => self.check_nexus_body(&response.body),
src/services/update.rs:548:            UpdateProvider::Github => self.check_github_body(&response.body),
src/services/update.rs:553:        let provider = UpdateProvider::NexusMods;
src/services/update.rs:561:        let provider = UpdateProvider::Github;
src/services/update.rs:634:    action: OverviewDeferredActionKind,
src/services/update.rs:657:fn selected_providers(selected_source: UpdateSource) -> Vec<UpdateProvider> {
src/services/update.rs:659:        UpdateSource::Both => vec![UpdateProvider::NexusMods, UpdateProvider::Github],
src/services/update.rs:660:        UpdateSource::Github => vec![UpdateProvider::Github],
src/services/update.rs:661:        UpdateSource::Nexus => vec![UpdateProvider::NexusMods],
src/services/update.rs:698:    provider: UpdateProvider,
src/services/update.rs:820:        domain::overview::GITHUB_LINK,
src/services/update.rs:828:        calls: Arc<Mutex<Vec<UpdateProvider>>>,
src/services/update.rs:852:        fn calls(&self) -> Vec<UpdateProvider> {
src/services/update.rs:859:        fn next_response(&self, provider: UpdateProvider) -> UpdateHttpResult {
src/services/update.rs:866:                UpdateProvider::NexusMods => &self.nexus,
src/services/update.rs:867:                UpdateProvider::Github => &self.github,
src/services/update.rs:879:            Box::pin(async move { self.next_response(UpdateProvider::NexusMods) })
src/services/update.rs:883:            Box::pin(async move { self.next_response(UpdateProvider::Github) })
src/services/update.rs:981:        assert_eq!(client.calls(), vec![UpdateProvider::NexusMods]);
src/services/update.rs:982:        assert_eq!(report.releases()[0].provider, UpdateProvider::NexusMods);
src/services/update.rs:996:        assert_eq!(client.calls(), vec![UpdateProvider::Github]);
src/services/update.rs:997:        assert_eq!(report.releases()[0].provider, UpdateProvider::Github);
src/services/update.rs:1014:            vec![UpdateProvider::NexusMods, UpdateProvider::Github]
src/services/update.rs:1041:            OverviewDeferredActionTarget::Url(GITHUB_LINK.to_owned())
src/services/update.rs:1142:                GITHUB_LINK,
src/services/update.rs:1152:        let release = UpdateRelease::new(UpdateProvider::Github, "0.7.0");
src/services/update.rs:1156:            OverviewDeferredActionKind::OpenUpdateProvider(UpdateProvider::Github)
src/services/update.rs:1166:            OverviewDeferredActionKind::OpenGamePath,
src/services/update.rs:1173:            OverviewDeferredActionKind::OpenGamePath
src/main.rs:23:        ACTION_ARCHIVE_PATCHER_LABEL, ACTION_DOWNGRADE_MANAGER_LABEL, BinaryStatusRow,
src/main.rs:24:        OverviewActionError, OverviewCountRow, OverviewDeferredAction, OverviewDeferredActionKind,
src/main.rs:27:        UpdateProvider,
src/main.rs:204:                    OverviewDeferredActionKind::OpenGamePath,
src/main.rs:224:                    OverviewDeferredActionKind::OpenUpdateProvider(UpdateProvider::NexusMods),
src/main.rs:226:                    |controller| controller.update_provider_action(UpdateProvider::NexusMods),
src/main.rs:244:                    OverviewDeferredActionKind::OpenUpdateProvider(UpdateProvider::Github),
src/main.rs:246:                    |controller| controller.update_provider_action(UpdateProvider::Github),
src/main.rs:261:                    OverviewDeferredActionKind::OpenDowngradeManager,
src/main.rs:277:                    OverviewDeferredActionKind::OpenArchivePatcher,
src/main.rs:498:fn update_providers(update_source: UpdateSource) -> Vec<UpdateProvider> {
src/main.rs:500:        UpdateSource::Both => vec![UpdateProvider::NexusMods, UpdateProvider::Github],
src/main.rs:501:        UpdateSource::Github => vec![UpdateProvider::Github],
src/main.rs:502:        UpdateSource::Nexus => vec![UpdateProvider::NexusMods],
src/main.rs:512:    action_kind: OverviewDeferredActionKind,
src/main.rs:569:) -> (OverviewDeferredActionKind, Option<OverviewActionError>) {
src/main.rs:582:    action: OverviewDeferredActionKind,
src/main.rs:656:        deferred_action_label(
src/main.rs:658:            OverviewDeferredActionKind::OpenDowngradeManager,
src/main.rs:659:            ACTION_DOWNGRADE_MANAGER_LABEL,
src/main.rs:665:        deferred_action_status(
src/main.rs:667:            OverviewDeferredActionKind::OpenDowngradeManager,
src/main.rs:673:        deferred_action_label(
src/main.rs:675:            OverviewDeferredActionKind::OpenArchivePatcher,
src/main.rs:676:            ACTION_ARCHIVE_PATCHER_LABEL,
src/main.rs:682:        deferred_action_status(
src/main.rs:684:            OverviewDeferredActionKind::OpenArchivePatcher,
src/main.rs:869:fn deferred_action_label(
src/main.rs:871:    kind: OverviewDeferredActionKind,
src/main.rs:881:fn deferred_action_status(
src/main.rs:883:    kind: OverviewDeferredActionKind,
src/main.rs:907:    let nexus_label = update_release_label(update_banner, UpdateProvider::NexusMods)
src/main.rs:909:    let github_label = update_release_label(update_banner, UpdateProvider::Github)
src/main.rs:912:        update_release_label(update_banner, UpdateProvider::NexusMods).is_some(),
src/main.rs:915:        update_release_label(update_banner, UpdateProvider::Github).is_some(),
src/main.rs:923:    provider: UpdateProvider,
src/main.rs:1173:            deferred_action_label(
src/main.rs:1175:                OverviewDeferredActionKind::OpenDowngradeManager,
src/main.rs:1176:                ACTION_DOWNGRADE_MANAGER_LABEL,
src/main.rs:1181:            deferred_action_label(
src/main.rs:1183:                OverviewDeferredActionKind::OpenArchivePatcher,
src/main.rs:1184:                ACTION_ARCHIVE_PATCHER_LABEL,
src/main.rs:1189:            deferred_action_status(
src/main.rs:1191:                OverviewDeferredActionKind::OpenDowngradeManager,
src/domain/overview.rs:101:pub const ACTION_DOWNGRADE_MANAGER_LABEL: &str = "Downgrade Manager...";
src/domain/overview.rs:103:pub const ACTION_ARCHIVE_PATCHER_LABEL: &str = "Archive Patcher...";
src/domain/overview.rs:109:pub const GITHUB_LINK: &str = "https://github.com/wxMichael/Collective-Modding-Toolkit";
src/domain/overview.rs:403:                                OverviewDeferredActionKind::OpenGamePath,
src/domain/overview.rs:567:                OverviewDeferredActionKind::OpenDowngradeManager,
src/domain/overview.rs:568:                ACTION_DOWNGRADE_MANAGER_LABEL,
src/domain/overview.rs:669:                OverviewDeferredActionKind::OpenArchivePatcher,
src/domain/overview.rs:670:                ACTION_ARCHIVE_PATCHER_LABEL,
src/domain/overview.rs:837:pub enum UpdateProvider {
src/domain/overview.rs:844:impl UpdateProvider {
src/domain/overview.rs:857:            Self::Github => GITHUB_LINK,
src/domain/overview.rs:866:    pub provider: UpdateProvider,
src/domain/overview.rs:875:    pub fn new(provider: UpdateProvider, version: impl Into<String>) -> Self {
src/domain/overview.rs:880:                OverviewDeferredActionKind::OpenUpdateProvider(provider),
src/domain/overview.rs:898:    pub provider: UpdateProvider,
src/domain/overview.rs:905:    pub fn new(provider: UpdateProvider, summary: impl Into<String>) -> Self {
src/domain/overview.rs:999:pub enum OverviewDeferredActionKind {
src/domain/overview.rs:1005:    OpenUpdateProvider(UpdateProvider),
src/domain/overview.rs:1031:    pub kind: OverviewDeferredActionKind,
src/domain/overview.rs:1042:    pub fn utility(kind: OverviewDeferredActionKind, label: impl Into<String>) -> Self {
src/domain/overview.rs:1053:        kind: OverviewDeferredActionKind,
src/domain/overview.rs:1067:        kind: OverviewDeferredActionKind,
src/domain/overview.rs:1279:    pub action: OverviewDeferredActionKind,
src/domain/overview.rs:1286:    pub fn new(action: OverviewDeferredActionKind, summary: impl Into<String>) -> Self {
src/domain/overview.rs:1408:    pub fn deferred_action_labels(&self) -> Vec<&str> {
src/domain/overview.rs:1513:            snapshot.deferred_action_labels(),
src/domain/overview.rs:1656:                UpdateRelease::new(UpdateProvider::NexusMods, "0.7.0"),
src/domain/overview.rs:1657:                UpdateRelease::new(UpdateProvider::Github, "0.7.1"),
src/domain/overview.rs:1669:            OverviewDeferredActionTarget::Url(GITHUB_LINK.to_owned())
src/domain/overview.rs:1684:                UpdateProvider::NexusMods,
src/services/overview.rs:18:            ACTION_DOWNGRADE_MANAGER_LABEL, ARCHIVE_GENERAL_LABEL, ARCHIVE_TEXTURE_LABEL,
src/services/overview.rs:21:            OverviewAvailability, OverviewDeferredAction, OverviewDeferredActionKind,
src/services/overview.rs:314:    pub action: OverviewDeferredActionKind,
src/services/overview.rs:321:    pub const fn succeeded(action: OverviewDeferredActionKind) -> Self {
src/services/overview.rs:329:    pub fn failed(action: OverviewDeferredActionKind, safe_message: impl Into<String>) -> Self {
src/services/overview.rs:521:            OverviewDeferredActionKind::OpenDowngradeManager,
src/services/overview.rs:522:            ACTION_DOWNGRADE_MANAGER_LABEL,
src/services/overview.rs:1086:                UpdateProvider,
src/services/overview.rs:1375:            releases: vec![UpdateRelease::new(UpdateProvider::Github, "0.7.1")],
src/services/overview.rs:1400:            OverviewDeferredActionTarget::Url(crate::domain::overview::GITHUB_LINK.to_owned())
src/services/overview.rs:1787:                releases: vec![UpdateRelease::new(UpdateProvider::NexusMods, "9.9.9")],
src/services/overview.rs:1821:                    UpdateProvider::NexusMods,
src/services/overview.rs:1842:            OverviewDeferredActionKind::OpenGamePath,
