-- pub fn discover
347:         Self {
348:             filesystem,
349:             registry,
350:             process,
351:         }
352:     }
353: 
354:     /// Runs manager, game-path, and system metadata discovery without UI prompts.
355:     pub fn discover(&self, request: &DiscoveryRequest) -> DiscoveryReport {
356:         let system_metadata = self.process.system_metadata().inspect_err(|error| {
357:             tracing::warn!(
358:                 event = "discovery-system-metadata-error",
359:                 operation = %error.operation,
360:                 kind = ?error.kind,
361:                 target = %error.target,
362:                 "System metadata discovery failed"
363:             );
364:         });
365: 
366:         let mut manager_steps = Vec::new();
367:         let mod_manager = self.discover_mod_manager(request, &mut manager_steps);
368:         let manager_game_path = match &mod_manager {
369:             Ok(Some(manager)) => manager.manager_game_path(),
370:             Ok(None) => None,
371:             Err(error) if error.blocks_game_discovery() => {
372:                 tracing::warn!(
373:                     event = "discovery-manager-blocked-game-discovery",
374:                     error = %error,
375:                     "Manager-specific discovery failure blocked fallback probing"
376:                 );
377:                 let attempts = vec![DiscoveryAttempt::adapter_error(
378:                     DiscoverySource::RunningManagerGamePath,
379:                     None,
380:                     PlatformError::command_failed(
381:                         PlatformOperation::ReadFile,
382:                         "mod-manager discovery",
383:                         error.to_string(),
384:                     ),
385:                 )];
386:                 return DiscoveryReport {
387:                     game: Err(DiscoveryError::fallout4_not_found(Some(error.to_string()))),
388:                     mod_manager,
389:                     system_metadata,
390:                     attempts,
391:                     manager_steps,
392:                 };
393:             }
394:             Err(error) => {
395:                 tracing::warn!(
396:                     event = "discovery-manager-nonblocking-error",
397:                     error = %error,
398:                     "Manager discovery failed; continuing fallback game-path probing"
399:                 );
400:                 None
401:             }
402:         };
403: 
404:         let (game, attempts) = self.discover_game(manager_game_path, request);
405: 
406:         DiscoveryReport {
407:             game,
408:             mod_manager,
409:             system_metadata,
410:             attempts,
411:             manager_steps,
412:         }
413:     }
414: 
415:     fn discover_mod_manager(
416:         &self,
417:         request: &DiscoveryRequest,
418:         steps: &mut Vec<ModManagerDiscoveryStep>,
419:     ) -> Result<Option<DiscoveredModManager>, ModManagerDiscoveryError> {
420:         let Some(manager) = self.detect_running_manager(request, steps)? else {
421:             return Ok(None);
422:         };
423: 
424:         match manager.kind {
425:             ModManagerKind::ModOrganizer => self
426:                 .discover_mod_organizer(manager, request, steps)
427:                 .map(|configuration| {
428:                     Some(DiscoveredModManager::ModOrganizer(Box::new(configuration)))
429:                 })
430:                 .map_err(ModManagerDiscoveryError::ModOrganizer),
431:             ModManagerKind::Vortex => {
432:                 steps.push(ModManagerDiscoveryStep::new(
433:                     ModManagerDiscoveryStage::VortexIdentity,
434:                     manager.executable_path.display().to_string(),
435:                     ModManagerDiscoveryStepOutcome::Found,

-- fn discover_game
855:                     target = %error.target,
856:                     "Treating optional file check as absent"
857:                 );
858:                 false
859:             }
860:         }
861:     }
862: 
863:     fn discover_game(
864:         &self,
865:         manager_game_path: Option<PathBuf>,
866:         request: &DiscoveryRequest,
867:     ) -> (
868:         Result<Fallout4Installation, DiscoveryError>,
869:         Vec<DiscoveryAttempt>,
870:     ) {
871:         let mut attempts = Vec::new();
872:         let mut diagnostics = Vec::new();
873: 
874:         if let Some(candidate) = manager_game_path {
875:             match self.evaluate_game_candidate(DiscoverySource::RunningManagerGamePath, candidate) {
876:                 CandidateEvaluation::Accepted(installation, attempt) => {
877:                     attempts.push(attempt);
878:                     return (Ok(*installation), attempts);
879:                 }
880:                 CandidateEvaluation::Rejected(attempt) => attempts.push(attempt),
881:                 CandidateEvaluation::AdapterError(attempt, diagnostic) => {
882:                     diagnostics.push(diagnostic);
883:                     attempts.push(attempt);
884:                 }
885:             }
886:         } else {
887:             attempts.push(DiscoveryAttempt::no_candidate(
888:                 DiscoverySource::RunningManagerGamePath,
889:             ));
890:         }
891: 
892:         match self.evaluate_game_candidate(
893:             DiscoverySource::CurrentWorkingDirectory,
894:             request.current_working_directory.clone(),
895:         ) {
896:             CandidateEvaluation::Accepted(installation, attempt) => {
897:                 attempts.push(attempt);
898:                 return (Ok(*installation), attempts);
899:             }
900:             CandidateEvaluation::Rejected(attempt) => attempts.push(attempt),
901:             CandidateEvaluation::AdapterError(attempt, diagnostic) => {
902:                 diagnostics.push(diagnostic);
903:                 attempts.push(attempt);
904:             }
905:         }
906: 
907:         if let Some(outcome) = self.evaluate_registry_candidate(
908:             DiscoverySource::BethesdaRegistry,
909:             RegistryValueRequest::new(
910:                 RegistryHive::LocalMachine,
911:                 BETHESDA_FALLOUT4_REGISTRY_SUBKEY,
912:                 BETHESDA_FALLOUT4_REGISTRY_VALUE,
913:             ),
914:             &mut diagnostics,
915:         ) {
916:             match outcome {
917:                 RegistryCandidateOutcome::Accepted(installation, attempt) => {
918:                     attempts.push(attempt);
919:                     return (Ok(*installation), attempts);
920:                 }
921:                 RegistryCandidateOutcome::Rejected { attempt, error } => {
922:                     attempts.push(attempt);
923:                     return (Err(error), attempts);
924:                 }
925:                 RegistryCandidateOutcome::NoCandidate(attempt)
926:                 | RegistryCandidateOutcome::AdapterError(attempt) => attempts.push(attempt),
927:             }
928:         }
929: 
930:         if let Some(outcome) = self.evaluate_registry_candidate(
931:             DiscoverySource::GogRegistry,
932:             RegistryValueRequest::new(
933:                 RegistryHive::LocalMachine,
934:                 GOG_FALLOUT4_REGISTRY_SUBKEY,
935:                 GOG_FALLOUT4_REGISTRY_VALUE,
936:             ),
937:             &mut diagnostics,
938:         ) {
939:             match outcome {
940:                 RegistryCandidateOutcome::Accepted(installation, attempt) => {
941:                     attempts.push(attempt);
942:                     return (Ok(*installation), attempts);
943:                 }

-- fn installation_for_game_path
1088: 
1089:     fn is_fo4_dir(&self, path: &Path) -> Result<bool, PlatformError> {
1090:         if !self.filesystem.is_dir(path)? {
1091:             return Ok(false);
1092:         }
1093:         self.filesystem.is_file(&path.join(FALLOUT4_EXECUTABLE))
1094:     }
1095: 
1096:     fn installation_for_game_path(&self, game_path: PathBuf) -> Fallout4Installation {
1097:         let data_candidate = game_path.join("Data");
1098:         let data_path = self.optional_directory(&data_candidate);
1099:         let f4se_plugins_path = data_path
1100:             .as_ref()
1101:             .and_then(|data_path| self.optional_directory(&data_path.join("F4SE").join("Plugins")));
1102: 
1103:         Fallout4Installation::with_optional_paths(game_path, data_path, f4se_plugins_path)
1104:     }
1105: 
1106:     fn optional_directory(&self, path: &Path) -> Option<PathBuf> {
1107:         match self.filesystem.is_dir(path) {
1108:             Ok(true) => Some(path.to_path_buf()),
1109:             Ok(false) => None,
1110:             Err(error) => {
1111:                 tracing::warn!(
1112:                     event = "derived-path-check-error",
1113:                     operation = %error.operation,
1114:                     kind = ?error.kind,
1115:                     target = %error.target,
1116:                     "Optional derived path could not be checked; representing it as missing"
1117:                 );
1118:                 None
1119:             }
1120:         }
1121:     }
1122: }
1123: 
1124: #[derive(Debug, Clone, PartialEq, Eq)]
1125: enum CandidateEvaluation {
1126:     Accepted(Box<Fallout4Installation>, DiscoveryAttempt),
1127:     Rejected(DiscoveryAttempt),
1128:     AdapterError(DiscoveryAttempt, String),
1129: }
1130: 
1131: #[derive(Debug, Clone, PartialEq, Eq)]
1132: enum RegistryCandidateOutcome {
1133:     Accepted(Box<Fallout4Installation>, DiscoveryAttempt),
1134:     Rejected {
1135:         attempt: DiscoveryAttempt,
1136:         error: DiscoveryError,
1137:     },
1138:     NoCandidate(DiscoveryAttempt),
1139:     AdapterError(DiscoveryAttempt),
1140: }
1141: 
1142: #[derive(Debug, Default, Clone, PartialEq, Eq)]
1143: struct RawMo2IniValues {
1144:     general: BTreeMap<String, String>,
1145:     settings: BTreeMap<String, String>,
1146:     custom_executable_binaries: Vec<String>,
1147: }
1148: 
1149: fn parse_mo2_ini_values(text: &str) -> RawMo2IniValues {
1150:     let mut values = RawMo2IniValues::default();
1151:     let mut section: Option<&str> = None;
1152: 
1153:     for raw_line in text.lines() {
1154:         let line = raw_line.trim();
1155:         if line.starts_with('[') {
1156:             section = match line {
1157:                 "[General]" => Some("General"),
1158:                 "[Settings]" => Some("Settings"),
1159:                 "[customExecutables]" => Some("customExecutables"),
1160:                 _ => None,
1161:             };
1162:             continue;
1163:         }
1164:         let Some(active_section) = section else {
1165:             continue;
1166:         };
1167:         let Some((setting, value)) = line.split_once('=') else {
1168:             continue;
1169:         };
1170:         match active_section {
1171:             "General" if matches!(setting, "gameName" | "gamePath" | "selected_profile") => {
1172:                 values
1173:                     .general
1174:                     .insert(setting.to_owned(), unwrap_mo2_value(value));
1175:             }
1176:             "Settings" if is_supported_mo2_setting(setting) => {

-- fn optional_directory
1098:         let data_path = self.optional_directory(&data_candidate);
1099:         let f4se_plugins_path = data_path
1100:             .as_ref()
1101:             .and_then(|data_path| self.optional_directory(&data_path.join("F4SE").join("Plugins")));
1102: 
1103:         Fallout4Installation::with_optional_paths(game_path, data_path, f4se_plugins_path)
1104:     }
1105: 
1106:     fn optional_directory(&self, path: &Path) -> Option<PathBuf> {
1107:         match self.filesystem.is_dir(path) {
1108:             Ok(true) => Some(path.to_path_buf()),
1109:             Ok(false) => None,
1110:             Err(error) => {
1111:                 tracing::warn!(
1112:                     event = "derived-path-check-error",
1113:                     operation = %error.operation,
1114:                     kind = ?error.kind,
1115:                     target = %error.target,
1116:                     "Optional derived path could not be checked; representing it as missing"
1117:                 );
1118:                 None
1119:             }
1120:         }
1121:     }
1122: }
1123: 
1124: #[derive(Debug, Clone, PartialEq, Eq)]
1125: enum CandidateEvaluation {
1126:     Accepted(Box<Fallout4Installation>, DiscoveryAttempt),
1127:     Rejected(DiscoveryAttempt),
1128:     AdapterError(DiscoveryAttempt, String),
1129: }
1130: 
1131: #[derive(Debug, Clone, PartialEq, Eq)]
1132: enum RegistryCandidateOutcome {
1133:     Accepted(Box<Fallout4Installation>, DiscoveryAttempt),
1134:     Rejected {
1135:         attempt: DiscoveryAttempt,
1136:         error: DiscoveryError,
1137:     },
1138:     NoCandidate(DiscoveryAttempt),
1139:     AdapterError(DiscoveryAttempt),
1140: }
1141: 
1142: #[derive(Debug, Default, Clone, PartialEq, Eq)]
1143: struct RawMo2IniValues {
1144:     general: BTreeMap<String, String>,
1145:     settings: BTreeMap<String, String>,
1146:     custom_executable_binaries: Vec<String>,
1147: }
1148: 
1149: fn parse_mo2_ini_values(text: &str) -> RawMo2IniValues {
1150:     let mut values = RawMo2IniValues::default();
1151:     let mut section: Option<&str> = None;
1152: 
1153:     for raw_line in text.lines() {
1154:         let line = raw_line.trim();
1155:         if line.starts_with('[') {
1156:             section = match line {
1157:                 "[General]" => Some("General"),
1158:                 "[Settings]" => Some("Settings"),
1159:                 "[customExecutables]" => Some("customExecutables"),
1160:                 _ => None,
1161:             };
1162:             continue;
1163:         }
1164:         let Some(active_section) = section else {
1165:             continue;
1166:         };
1167:         let Some((setting, value)) = line.split_once('=') else {
1168:             continue;
1169:         };
1170:         match active_section {
1171:             "General" if matches!(setting, "gameName" | "gamePath" | "selected_profile") => {
1172:                 values
1173:                     .general
1174:                     .insert(setting.to_owned(), unwrap_mo2_value(value));
1175:             }
1176:             "Settings" if is_supported_mo2_setting(setting) => {
1177:                 values
1178:                     .settings
1179:                     .insert(setting.to_owned(), unwrap_mo2_value(value));
1180:             }
1181:             "customExecutables" if setting.ends_with("binary") => {
1182:                 values.custom_executable_binaries.push(value.to_owned());
1183:             }
1184:             _ => {}
1185:         }
1186:     }

-- fn detect_running_manager
436:                 ));
437:                 Ok(Some(DiscoveredModManager::Vortex(VortexContext {
438:                     manager,
439:                 })))
440:             }
441:         }
442:     }
443: 
444:     fn detect_running_manager(
445:         &self,
446:         request: &DiscoveryRequest,
447:         steps: &mut Vec<ModManagerDiscoveryStep>,
448:     ) -> Result<Option<DetectedModManager>, ModManagerDiscoveryError> {
449:         let Some(current_pid) = request.current_process_id else {
450:             steps.push(ModManagerDiscoveryStep::new(
451:                 ModManagerDiscoveryStage::ProcessAncestry,
452:                 "current process id unavailable",
453:                 ModManagerDiscoveryStepOutcome::Skipped,
454:             ));
455:             tracing::debug!(
456:                 event = "mod-manager-detection-skipped",
457:                 reason = "missing-current-process-id"
458:             );
459:             return Ok(None);
460:         };
461: 
462:         let processes = self.process.list_processes().map_err(|error| {
463:             steps.push(ModManagerDiscoveryStep::new(
464:                 ModManagerDiscoveryStage::ProcessAncestry,
465:                 "process table",
466:                 ModManagerDiscoveryStepOutcome::Error,
467:             ));
468:             ModManagerDiscoveryError::ProcessInspection(error)
469:         })?;
470:         let processes_by_pid = processes
471:             .into_iter()
472:             .map(|process| (process.pid, process))
473:             .collect::<BTreeMap<_, _>>();
474: 
475:         let mut maybe_pid = processes_by_pid
476:             .get(&current_pid)
477:             .and_then(|process| process.parent_pid);
478: 
479:         for depth in 0..PROCESS_ANCESTOR_LIMIT {
480:             let Some(pid) = maybe_pid else {
481:                 break;
482:             };
483:             let Some(process) = processes_by_pid.get(&pid) else {
484:                 break;
485:             };
486:             if let Some(kind) = manager_kind_from_process_name(&process.name) {
487:                 let Some(executable_path) = process.executable_path.clone() else {
488:                     steps.push(ModManagerDiscoveryStep::new(
489:                         ModManagerDiscoveryStage::ProcessAncestry,
490:                         format!("pid {pid} {}", process.name),
491:                         ModManagerDiscoveryStepOutcome::Error,
492:                     ));
493:                     return Err(ModManagerDiscoveryError::MissingExecutablePath { kind, pid });
494:                 };
495:                 let version = self.manager_version_or_zero(&executable_path);
496:                 steps.push(ModManagerDiscoveryStep::new(
497:                     ModManagerDiscoveryStage::ProcessAncestry,
498:                     format!("pid {pid} {}", executable_path.display()),
499:                     ModManagerDiscoveryStepOutcome::Found,
500:                 ));
501:                 tracing::info!(
502:                     event = "mod-manager-detected",
503:                     manager = kind.display_name(),
504:                     executable_path = %executable_path.display(),
505:                     version = %version,
506:                     depth,
507:                     "Detected supported mod manager in process ancestry"
508:                 );
509:                 return Ok(Some(DetectedModManager::new(
510:                     kind,
511:                     executable_path,
512:                     version,
513:                 )));
514:             }
515:             maybe_pid = process.parent_pid;
516:         }
517: 
518:         steps.push(ModManagerDiscoveryStep::new(
519:             ModManagerDiscoveryStage::ProcessAncestry,
520:             format!("parent chain for pid {current_pid}"),
521:             ModManagerDiscoveryStepOutcome::Missing,
522:         ));
523:         Ok(None)
524:     }

-- fn discover_mod_organizer
535:                     target = %error.target,
536:                     "Manager version metadata unavailable; using 0.0.0 fallback"
537:                 );
538:                 SemanticVersion::zero()
539:             }
540:         }
541:     }
542: 
543:     fn discover_mod_organizer(
544:         &self,
545:         manager: DetectedModManager,
546:         request: &DiscoveryRequest,
547:         steps: &mut Vec<ModManagerDiscoveryStep>,
548:     ) -> Result<Mo2Configuration, Mo2ParseError> {
549:         let manager_directory = manager
550:             .executable_path
551:             .parent()
552:             .map(Path::to_path_buf)
553:             .unwrap_or_default();
554:         let portable_ini_path = manager_directory.join("ModOrganizer.ini");
555:         let portable_ini_exists = self.mo2_file_exists(
556:             &portable_ini_path,
557:             steps,
558:             ModManagerDiscoveryStage::PortableIni,
559:         )?;
560:         let portable_txt_path = manager_directory.join("portable.txt");
561:         let portable_txt_exists = self.mo2_file_exists(
562:             &portable_txt_path,
563:             steps,
564:             ModManagerDiscoveryStage::PortableMarker,
565:         )?;
566: 
567:         if portable_txt_exists {
568:             if !portable_ini_exists {
569:                 return Err(Mo2ParseError::portable_marker_without_ini());
570:             }
571:             return self.parse_mo2_ini(manager, &portable_ini_path, Some(portable_txt_path), true);
572:         }
573: 
574:         if let Some(current_instance) = self.read_mo2_current_instance(steps) {
575:             if let Some(local_appdata) = &request.local_appdata {
576:                 let instance_ini_path = local_appdata
577:                     .join("ModOrganizer")
578:                     .join(current_instance)
579:                     .join("ModOrganizer.ini");
580:                 let instance_ini_exists = self.mo2_file_exists(
581:                     &instance_ini_path,
582:                     steps,
583:                     ModManagerDiscoveryStage::LocalAppDataInstanceIni,
584:                 )?;
585:                 if instance_ini_exists {
586:                     let configuration =
587:                         self.parse_mo2_ini(manager.clone(), &instance_ini_path, None, false)?;
588:                     if configuration.context.game_path.is_some() {
589:                         return Ok(configuration);
590:                     }
591:                 }
592:             } else {
593:                 steps.push(ModManagerDiscoveryStep::new(
594:                     ModManagerDiscoveryStage::LocalAppDataInstanceIni,
595:                     "LOCALAPPDATA unavailable",
596:                     ModManagerDiscoveryStepOutcome::Skipped,
597:                 ));
598:             }
599:         }
600: 
601:         if !portable_ini_exists {
602:             steps.push(ModManagerDiscoveryStep::new(
603:                 ModManagerDiscoveryStage::FallbackPortableIni,
604:                 portable_ini_path.display().to_string(),
605:                 ModManagerDiscoveryStepOutcome::Missing,
606:             ));
607:             return Err(Mo2ParseError::missing_mod_organizer_ini());
608:         }
609: 
610:         steps.push(ModManagerDiscoveryStep::new(
611:             ModManagerDiscoveryStage::FallbackPortableIni,
612:             portable_ini_path.display().to_string(),
613:             ModManagerDiscoveryStepOutcome::Found,
614:         ));
615:         self.parse_mo2_ini(manager, &portable_ini_path, None, true)
616:     }
617: 
618:     fn mo2_file_exists(
619:         &self,
620:         path: &Path,
621:         steps: &mut Vec<ModManagerDiscoveryStep>,
622:         stage: ModManagerDiscoveryStage,
623:     ) -> Result<bool, Mo2ParseError> {

-- parse_mo2_ini_values
695:         ini_path: &Path,
696:         portable_txt_path: Option<PathBuf>,
697:         portable: bool,
698:     ) -> Result<Mo2Configuration, Mo2ParseError> {
699:         let text = self
700:             .filesystem
701:             .read_to_string(ini_path)
702:             .map_err(mo2_missing_ini_with_diagnostic)?;
703:         let values = parse_mo2_ini_values(&text);
704:         let game_name = values
705:             .general
706:             .get("gameName")
707:             .map(String::as_str)
708:             .unwrap_or("Fallout 4");
709:         if game_name != "Fallout 4" {
710:             return Err(Mo2ParseError::unsupported_game_name(game_name, ini_path));
711:         }
712: 
713:         let Some(selected_profile) = values.general.get("selected_profile").cloned() else {
714:             return Err(Mo2ParseError::missing_selected_profile());
715:         };
716: 
717:         let base_directory = values
718:             .settings
719:             .get("base_directory")
720:             .map(|value| PathBuf::from(unwrap_mo2_value(value)))
721:             .unwrap_or_else(|| ini_path.parent().map(Path::to_path_buf).unwrap_or_default());
722:         let cache_directory = resolve_mo2_path(
723:             values.settings.get("cache_directory"),
724:             &base_directory,
725:             "%BASE_DIR%/webcache",
726:         );
727:         let download_directory = resolve_mo2_path(
728:             values.settings.get("download_directory"),
729:             &base_directory,
730:             "%BASE_DIR%/downloads",
731:         );
732:         let mod_directory = resolve_mo2_path(
733:             values.settings.get("mod_directory"),
734:             &base_directory,
735:             "%BASE_DIR%/mods",
736:         );
737:         let overwrite_directory = resolve_mo2_path(
738:             values.settings.get("overwrite_directory"),
739:             &base_directory,
740:             "%BASE_DIR%/overwrite",
741:         );
742:         let profiles_directory = resolve_mo2_path(
743:             values.settings.get("profiles_directory"),
744:             &base_directory,
745:             "%BASE_DIR%/profiles",
746:         );
747: 
748:         if path_is_empty(&mod_directory)
749:             || path_is_empty(&profiles_directory)
750:             || path_is_empty(&overwrite_directory)
751:         {
752:             return Err(Mo2ParseError::missing_stage_settings(
753:                 Some(mod_directory),
754:                 Some(profiles_directory),
755:                 Some(selected_profile),
756:                 Some(overwrite_directory),
757:             ));
758:         }
759: 
760:         let directories = ModOrganizerDirectories::new(
761:             base_directory,
762:             cache_directory,
763:             download_directory,
764:             mod_directory,
765:             overwrite_directory,
766:             profiles_directory,
767:         );
768:         let profile_local_inis = values
769:             .settings
770:             .get("profile_local_inis")
771:             .is_some_and(|value| parse_mo2_bool(value));
772:         let profile_local_saves = values
773:             .settings
774:             .get("profile_local_saves")
775:             .is_some_and(|value| parse_mo2_bool(value));
776:         let skip_file_suffixes = values
777:             .settings
778:             .get("skip_file_suffixes")
779:             .map(|value| parse_csv_list(&unwrap_mo2_value(value)))
780:             .unwrap_or_else(|| vec![".mohidden".to_owned()]);
781:         let skip_directories = values
782:             .settings
783:             .get("skip_directories")

