Repository relevant Rust/UI files:
CMT/src/app_settings.py
CMT/src/assets/download-source.txt
CMT/src/assets/fonts/CascadiaMono.ttf
CMT/src/assets/fonts/CascadiaMono.ttf-LICENSE
CMT/src/assets/images/check-20.png
CMT/src/assets/images/icon-256.png
CMT/src/assets/images/icon-32.png
CMT/src/assets/images/info-16.png
CMT/src/assets/images/logo-discord.png
CMT/src/assets/images/logo-github.png
CMT/src/assets/images/logo-nexusmods.png
CMT/src/assets/images/refresh-32.png
CMT/src/assets/images/update-24.png
CMT/src/assets/images/warning-16.png
CMT/src/autofixes.py
CMT/src/cm_checker.py
CMT/src/downgrader.py
CMT/src/enums.py
CMT/src/game_info.py
CMT/src/globals.py
CMT/src/helpers.py
CMT/src/icon.ico
CMT/src/logger.py
CMT/src/main.py
CMT/src/mod_manager_info.py
CMT/src/modal_window.py
CMT/src/patcher/__init__.py
CMT/src/patcher/_archives.py
CMT/src/patcher/_base.py
CMT/src/scan_settings.py
CMT/src/settings.json
CMT/src/sv_ttk/LICENSE
CMT/src/sv_ttk/LICENSE_MODIFICATIONS
CMT/src/sv_ttk/__init__.py
CMT/src/sv_ttk/py.typed
CMT/src/sv_ttk/sv.tcl
CMT/src/sv_ttk/theme/dark.tcl
CMT/src/sv_ttk/theme/sprites_dark.tcl
CMT/src/sv_ttk/theme/spritesheet_dark.png
CMT/src/tabs/__init__.py
CMT/src/tabs/_about.py
CMT/src/tabs/_f4se.py
CMT/src/tabs/_overview.py
CMT/src/tabs/_scanner.py
CMT/src/tabs/_settings.py
CMT/src/tabs/_tools.py
CMT/src/utils.py
src/app/about_controller.rs
src/app/f4se_controller.rs
src/app/mod.rs
src/app/overview_controller.rs
src/app/scanner_controller.rs
src/app/settings_controller.rs
src/app/tools_controller.rs
src/domain/autofix.rs
src/domain/discovery.rs
src/domain/f4se.rs
src/domain/mod.rs
src/domain/mod_manager.rs
src/domain/overview.rs
src/domain/scanner.rs
src/domain/settings.rs
src/domain/tools.rs
src/main.rs
src/platform/clipboard.rs
src/platform/desktop.rs
src/platform/filesystem.rs
src/platform/mod.rs
src/platform/process.rs
src/platform/registry.rs
src/platform/settings_store.rs
src/services/autofix.rs
src/services/discovery.rs
src/services/f4se.rs
src/services/mod.rs
src/services/overview.rs
src/services/overview_collector.rs
src/services/scanner.rs
src/services/tools.rs
src/services/update.rs
src/workers/events.rs
src/workers/handoff.rs
src/workers/mod.rs
ui/about_tab.slint
ui/f4se_tab.slint
ui/main.slint
ui/overview_tab.slint
ui/scanner_tab.slint
ui/settings_tab.slint
ui/tools_tab.slint
