
running 33 tests
test domain::settings::tests::scanner_settings_defaults_enabled ... ok
test domain::settings::tests::settings_missing_file_defaults ... ok
test domain::tests::settings_domain_types_are_publicly_importable ... ok
test platform::settings_store::tests::asset_resolver_rejects_invalid_download_source_with_nexus_fallback ... ok
test platform::settings_store::tests::injected_paths_and_asset_resolver_drive_update_source_defaults ... ok
test domain::settings::tests::settings_repair ... ok
test app::settings_controller::tests::settings_controller_saves_downgrader_reverts_visible_options_on_save_failure ... ok
test app::settings_controller::tests::settings_controller_saves_scanner_reverts_visible_toggles_on_scan_start_save_failure ... ok
test domain::scanner::scanner_domain::scanner_domain_default_category_projection_from_scanner_settings ... ok
test domain::settings::tests::settings_persist_reference_keys ... ok
test app::settings_controller::tests::settings_controller_reverts_warning_log_level_on_save_failure ... ok
test app::settings_controller::tests::settings_controller_saves_warning_log_level_as_uppercase_wire_value ... ok
test app::settings_controller::tests::settings_controller_saves_update_source_immediately ... ok
test app::settings_controller::tests::settings_controller_saves_downgrader_snapshot_for_workflow_start ... ok
test app::settings_controller::tests::settings_controller_rejects_invalid_log_level_selection_to_info ... ok
test app::settings_controller::tests::settings_controller_preserves_loaded_warning_log_level_until_user_selection ... ok
test app::settings_controller::tests::settings_controller_saves_scanner_snapshot_for_scan_start ... ok
test app::settings_controller::tests::settings_controller_saves_lowercase_log_level_as_uppercase_wire_value ... ok
test platform::settings_store::tests::settings_store_uses_current_directory_settings_json_by_default ... ok
test app::settings_controller::tests::settings_controller_reverts_to_last_persisted_value_on_save_failure ... ok
test tests::settings_tab_log_level_labels ... ok
test tests::settings_tab_uses_dark_mode_palette ... ok
test tests::main_window_forwards_settings_and_overview_tab_api ... ok
test tests::settings_tab_labels_are_exact_and_in_display_order ... ok
test tests::settings_tab_update_channel_labels ... ok
test platform::settings_store::tests::settings_missing_file_defaults ... ok
test platform::settings_store::tests::settings_persist_reference_keys ... ok
test platform::settings_store::tests::settings_repair_malformed_json_resets_to_defaults ... ok
test tests::s07_scanner_runtime_wiring_startup_projection_uses_persisted_settings ... ok
test platform::settings_store::tests::settings_repair_partial_json_preserves_valid_fields_and_removes_unknown_keys ... ok
test platform::settings_store::tests::settings_save_failure_is_returned ... ok
test platform::settings_store::tests::file_asset_resolver_reads_valid_download_source_file_values ... ok
test services::overview::overview_diagnostics::overview_diagnostics_update_banner_states_follow_settings_and_worker_result ... ok

test result: ok. 33 passed; 0 failed; 0 ignored; 0 measured; 291 filtered out; finished in 0.02s

