ui/main.slint:33:    in-out property <string> overview-archive-patcher-label: "Archive Patcher...";
ui/main.slint:34:    in-out property <bool> overview-archive-patcher-enabled: true;
ui/main.slint:35:    in-out property <string> overview-archive-patcher-status: "Open Archive Patcher.";
ui/main.slint:101:    callback overview-open-archive-patcher-requested();
ui/main.slint:154:                overview-archive-patcher-label <=> root.overview-archive-patcher-label;
ui/main.slint:155:                overview-archive-patcher-enabled <=> root.overview-archive-patcher-enabled;
ui/main.slint:156:                overview-archive-patcher-status <=> root.overview-archive-patcher-status;
ui/main.slint:173:                open-archive-patcher-requested => {
ui/main.slint:174:                    root.overview-open-archive-patcher-requested();
ui/overview_tab.slint:151:    in-out property <string> overview-archive-patcher-label: "Archive Patcher...";
ui/overview_tab.slint:152:    in-out property <bool> overview-archive-patcher-enabled: true;
ui/overview_tab.slint:153:    in-out property <string> overview-archive-patcher-status: "Open Archive Patcher.";
ui/overview_tab.slint:161:    callback open-archive-patcher-requested();
ui/overview_tab.slint:288:                    action-label: root.overview-archive-patcher-label;
ui/overview_tab.slint:289:                    action-enabled: root.overview-archive-patcher-enabled;
ui/overview_tab.slint:290:                    action-status: root.overview-archive-patcher-status;
ui/overview_tab.slint:292:                        root.open-archive-patcher-requested();
src/main.rs:7408:        assert!(OVERVIEW_SLINT.contains("overview-archive-patcher-enabled: false"));
src/main.rs:7838:                "callback overview-open-archive-patcher-requested()",
src/main.rs:7840:                "root.overview-open-archive-patcher-requested()",
src/main.rs:7872:        assert!(OVERVIEW_SLINT.contains("overview-archive-patcher-enabled: false"));
src/main.rs:8352:                "callback open-archive-patcher-requested()",
src/main.rs:8365:        assert!(OVERVIEW_SLINT.contains("overview-archive-patcher-enabled: false"));
src/main.rs:8535:                "callback overview-open-archive-patcher-requested()",
src/main.rs:8554:                "overview-archive-patcher-enabled <=> root.overview-archive-patcher-enabled",
src/main.rs:8561:                "root.overview-open-archive-patcher-requested()",
