Diff in /mnt/j/cmt-rs/src/platform/filesystem.rs:4:
 //! directory traversal. Callers should depend on [`Filesystem`] so tests can use
 //! in-memory fakes instead of a real Fallout 4 installation tree.
 
[31m-use std::{fs, path::{Path, PathBuf}};
(B[m[32m+use std::{
(B[m[32m+    fs,
(B[m[32m+    path::{Path, PathBuf},
(B[m[32m+};
(B[m 
 use walkdir::WalkDir;
 
Diff in /mnt/j/cmt-rs/src/platform/filesystem.rs:151:
 
     fn read_bytes(&self, path: &Path) -> PlatformResult<Vec<u8>> {
         fs::read(path).map_err(|error| {
[31m-            PlatformError::from_io(PlatformOperation::ReadFile, path.display().to_string(), &error)
(B[m[32m+            PlatformError::from_io(
(B[m[32m+                PlatformOperation::ReadFile,
(B[m[32m+                path.display().to_string(),
(B[m[32m+                &error,
(B[m[32m+            )
(B[m         })
     }
 
Diff in /mnt/j/cmt-rs/src/platform/filesystem.rs:158:
     fn read_to_string(&self, path: &Path) -> PlatformResult<String> {
         fs::read_to_string(path).map_err(|error| {
[31m-            PlatformError::from_io(PlatformOperation::ReadFile, path.display().to_string(), &error)
(B[m[32m+            PlatformError::from_io(
(B[m[32m+                PlatformOperation::ReadFile,
(B[m[32m+                path.display().to_string(),
(B[m[32m+                &error,
(B[m[32m+            )
(B[m         })
     }
 
Diff in /mnt/j/cmt-rs/src/platform/filesystem.rs:187:
                     &error,
                 )
             })?;
[31m-            entries.push(DirectoryEntry::new(entry_path, FileType::from_std(file_type)));
(B[m[32m+            entries.push(DirectoryEntry::new(
(B[m[32m+                entry_path,
(B[m[32m+                FileType::from_std(file_type),
(B[m[32m+            ));
(B[m         }
 
         entries.sort_by(|left, right| left.path.cmp(&right.path));
Diff in /mnt/j/cmt-rs/src/platform/filesystem.rs:219:
     if let Some(io_error) = error.io_error() {
         PlatformError::from_io(PlatformOperation::WalkDirectory, target, io_error)
     } else {
[31m-        PlatformError::command_failed(
(B[m[31m-            PlatformOperation::WalkDirectory,
(B[m[31m-            target,
(B[m[31m-            error.to_string(),
(B[m[31m-        )
(B[m[32m+        PlatformError::command_failed(PlatformOperation::WalkDirectory, target, error.to_string())
(B[m     }
 }
 
Diff in /mnt/j/cmt-rs/src/platform/mod.rs:161:
         let user_message = match kind {
             PlatformErrorKind::NotFound => format!("{} target was not found.", operation.label()),
             PlatformErrorKind::PermissionDenied => {
[31m-                format!("{} target could not be accessed because permission was denied.", operation.label())
(B[m[32m+                format!(
(B[m[32m+                    "{} target could not be accessed because permission was denied.",
(B[m[32m+                    operation.label()
(B[m[32m+                )
(B[m             }
             PlatformErrorKind::InvalidInput => format!("{} target is invalid.", operation.label()),
             PlatformErrorKind::UnsupportedPlatform
Diff in /mnt/j/cmt-rs/src/platform/mod.rs:198:
             operation,
             target,
             PlatformErrorKind::ParseError,
[31m-            format!("{} returned data that could not be understood.", operation.label()),
(B[m[32m+            format!(
(B[m[32m+                "{} returned data that could not be understood.",
(B[m[32m+                operation.label()
(B[m[32m+            ),
(B[m         )
         .with_diagnostic(diagnostic)
     }
Diff in /mnt/j/cmt-rs/src/platform/process.rs:224:
         .chain(std::iter::once(0))
         .collect::<Vec<_>>();
     let mut ignored_handle = 0u32;
[31m-    let size = unsafe { GetFileVersionInfoSizeW(PCWSTR(wide_path.as_ptr()), Some(&mut ignored_handle)) };
(B[m[32m+    let size =
(B[m[32m+        unsafe { GetFileVersionInfoSizeW(PCWSTR(wide_path.as_ptr()), Some(&mut ignored_handle)) };
(B[m     if size == 0 {
         return Ok(None);
     }
Diff in /mnt/j/cmt-rs/src/platform/registry.rs:54:
 
 impl RegistryValueRequest {
     /// Creates a registry string-value request.
[31m-    pub fn new(hive: RegistryHive, subkey: impl Into<String>, value_name: impl Into<String>) -> Self {
(B[m[32m+    pub fn new(
(B[m[32m+        hive: RegistryHive,
(B[m[32m+        subkey: impl Into<String>,
(B[m[32m+        value_name: impl Into<String>,
(B[m[32m+    ) -> Self {
(B[m         Self {
             hive,
             subkey: subkey.into(),
Diff in /mnt/j/cmt-rs/src/platform/registry.rs:216:
             r"SOFTWARE\WOW6432Node\Bethesda Softworks\Fallout4",
             "Installed Path",
         );
[31m-        let registry = FakeRegistry::default().with_value(request.clone(), Some(r"C:\Games\Fallout 4"));
(B[m[32m+        let registry =
(B[m[32m+            FakeRegistry::default().with_value(request.clone(), Some(r"C:\Games\Fallout 4"));
(B[m 
         assert_eq!(
             registry
Diff in /mnt/j/cmt-rs/src/platform/registry.rs:233:
             r"Software\Mod Organizer Team\Mod Organizer",
             "CurrentInstance",
         );
[31m-        let registry =
(B[m[31m-            FakeRegistry::default().with_failure(request.clone(), PlatformErrorKind::PermissionDenied);
(B[m[32m+        let registry = FakeRegistry::default()
(B[m[32m+            .with_failure(request.clone(), PlatformErrorKind::PermissionDenied);
(B[m 
         let error = registry
             .read_string_value(&request)
Diff in /mnt/j/cmt-rs/src/platform/registry.rs:269:
     #[cfg(windows)]
     #[test]
     fn reg_query_parser_extracts_reg_sz_values() {
[31m-        let output = "\nHKEY_LOCAL_MACHINE\\Example\n    Installed Path    REG_SZ    C:\\Games\\Fallout 4\n";
(B[m[32m+        let output =
(B[m[32m+            "\nHKEY_LOCAL_MACHINE\\Example\n    Installed Path    REG_SZ    C:\\Games\\Fallout 4\n";
(B[m 
         assert_eq!(
             parse_reg_query_string_value(output, "Installed Path"),
