Diff in /mnt/j/cmt-rs/src/domain/overview.rs:398:
                     value: self.game_path.display_text(),
                     severity: self.game_path.severity(),
                     action: match &self.game_path {
[31m-                        OverviewGamePathStatus::Found(path) => Some(
(B[m[31m-                            OverviewDeferredAction::open_path(
(B[m[32m+                        OverviewGamePathStatus::Found(path) => {
(B[m[32m+                            Some(OverviewDeferredAction::open_path(
(B[m                                 OverviewDeferredActionKind::OpenGamePath,
                                 TOP_ROW_GAME_PATH_LABEL,
                                 path.clone(),
Diff in /mnt/j/cmt-rs/src/domain/overview.rs:406:
[31m-                            ),
(B[m[31m-                        ),
(B[m[32m+                            ))
(B[m[32m+                        }
(B[m                         OverviewGamePathStatus::NotFound => None,
                     },
                 },
Diff in /mnt/j/cmt-rs/src/domain/overview.rs:676:
     pub fn from_records(records: &[ArchiveRecord]) -> Self {
         let mut counts = ArchivePanelCounts::default();
 
[31m-        for record in records.iter().filter(|record| record.enabled || !record.readable) {
(B[m[32m+        for record in records
(B[m[32m+            .iter()
(B[m[32m+            .filter(|record| record.enabled || !record.readable)
(B[m[32m+        {
(B[m             let invalid_or_unreadable = !record.readable
                 || matches!(record.format, ArchiveFormat::Unknown(_))
                 || matches!(record.version, ArchiveVersion::Unknown(_));
Diff in /mnt/j/cmt-rs/src/domain/overview.rs:781:
     pub fn from_records(records: &[ModuleRecord]) -> Self {
         let mut counts = ModulePanelCounts::default();
 
[31m-        for record in records.iter().filter(|record| record.enabled || !record.readable) {
(B[m[32m+        for record in records
(B[m[32m+            .iter()
(B[m[32m+            .filter(|record| record.enabled || !record.readable)
(B[m[32m+        {
(B[m             if !record.readable {
                 counts.unreadable += 1;
                 continue;
Diff in /mnt/j/cmt-rs/src/domain/overview.rs:1545:
             "The Data folder was not found in your game install path.",
             Some("Verify files".to_owned()),
         );
[31m-        let partial = OverviewSnapshot::partial("Overview refreshed with recoverable issues.", vec![partial_problem]);
(B[m[32m+        let partial = OverviewSnapshot::partial(
(B[m[32m+            "Overview refreshed with recoverable issues.",
(B[m[32m+            vec![partial_problem],
(B[m[32m+        );
(B[m         assert_eq!(partial.refresh.phase, OverviewRefreshPhase::Partial);
         assert_eq!(partial.refresh.severity(), StatusSeverity::Warning);
         assert_eq!(partial.problems[0].display_path, "Data");
Diff in /mnt/j/cmt-rs/src/domain/overview.rs:1553:
         let error = OverviewSnapshot::error("Overview refresh failed.");
         assert_eq!(error.refresh.phase, OverviewRefreshPhase::Error);
         assert_eq!(error.refresh.severity(), StatusSeverity::Error);
[31m-        assert_eq!(error.refresh.message.as_deref(), Some("Overview refresh failed."));
(B[m[32m+        assert_eq!(
(B[m[32m+            error.refresh.message.as_deref(),
(B[m[32m+            Some("Overview refresh failed.")
(B[m[32m+        );
(B[m     }
 
     #[test]
Diff in /mnt/j/cmt-rs/src/domain/overview.rs:1585:
         );
 
         assert_eq!(snapshot.refresh.phase, OverviewRefreshPhase::Ready);
[31m-        assert_eq!(snapshot.top.mod_manager.display_text(), "Mod Organizer v2.5.2 [Profile: Default]");
(B[m[32m+        assert_eq!(
(B[m[32m+            snapshot.top.mod_manager.display_text(),
(B[m[32m+            "Mod Organizer v2.5.2 [Profile: Default]"
(B[m[32m+        );
(B[m         assert_eq!(snapshot.top.game_path.display_text(), "C:/Games/Fallout 4");
         assert_eq!(snapshot.top.version, Fallout4InstallType::OldGen);
         assert!(snapshot.top.pc_specs_display_text().contains("32GB RAM"));
Diff in /mnt/j/cmt-rs/src/domain/overview.rs:1593:
         assert_eq!(snapshot.modules.rows[1].value, 1);
         assert!(matches!(
             snapshot.update_banner,
[31m-            UpdateBannerState::NotChecked { selected_source: UpdateSource::Nexus }
(B[m[32m+            UpdateBannerState::NotChecked {
(B[m[32m+                selected_source: UpdateSource::Nexus
(B[m[32m+            }
(B[m         ));
         assert!(snapshot.problems.is_empty());
     }
Diff in /mnt/j/cmt-rs/src/domain/overview.rs:1600:
 
     #[test]
     fn missing_game_path_and_data_marker_are_safe_overview_domain_states() {
[31m-        let missing_game = OverviewSnapshot::from_discovery_parts(None, None, None, UpdateSource::None);
(B[m[32m+        let missing_game =
(B[m[32m+            OverviewSnapshot::from_discovery_parts(None, None, None, UpdateSource::None);
(B[m         assert_eq!(missing_game.refresh.phase, OverviewRefreshPhase::Partial);
         assert_eq!(missing_game.top.game_path.display_text(), "Not Found");
         assert_eq!(missing_game.top.version, Fallout4InstallType::NotFound);
Diff in /mnt/j/cmt-rs/src/domain/overview.rs:1607:
[31m-        assert!(matches!(missing_game.update_banner, UpdateBannerState::Disabled));
(B[m[32m+        assert!(matches!(
(B[m[32m+            missing_game.update_banner,
(B[m[32m+            UpdateBannerState::Disabled
(B[m[32m+        ));
(B[m         assert!(missing_game.problems.iter().any(|problem| {
             problem.source == OverviewProblemSource::TopStatus
                 && problem.problem == OverviewProblemType::FileNotFound
Diff in /mnt/j/cmt-rs/src/domain/overview.rs:1664:
         );
 
         let no_update = UpdateBannerState::available_or_no_update(UpdateSource::Github, Vec::new());
[31m-        assert!(matches!(no_update, UpdateBannerState::NoUpdate { selected_source: UpdateSource::Github }));
(B[m[32m+        assert!(matches!(
(B[m[32m+            no_update,
(B[m[32m+            UpdateBannerState::NoUpdate {
(B[m[32m+                selected_source: UpdateSource::Github
(B[m[32m+            }
(B[m[32m+        ));
(B[m         assert!(!no_update.is_visible());
 
         let failed = UpdateBannerState::failed_silently(
Diff in /mnt/j/cmt-rs/src/domain/overview.rs:1671:
             UpdateSource::Nexus,
[31m-            vec![UpdateCheckFailure::new(UpdateProvider::NexusMods, "request timed out")],
(B[m[32m+            vec![UpdateCheckFailure::new(
(B[m[32m+                UpdateProvider::NexusMods,
(B[m[32m+                "request timed out",
(B[m[32m+            )],
(B[m         );
         assert!(!failed.is_visible());
         let UpdateBannerState::FailedSilently { failures, .. } = failed else {
Diff in /mnt/j/cmt-rs/src/domain/overview.rs:1692:
         .with_details(vec![OverviewProblemDetail::new("Version", "99")]);
 
         assert_eq!(path_problem.source, OverviewProblemSource::Archives);
[31m-        assert_eq!(path_problem.path.as_deref(), Some(Path::new("C:/Games/Fallout 4/Data/Broken.ba2")));
(B[m[31m-        assert_eq!(path_problem.relative_path.as_deref(), Some(Path::new("Broken.ba2")));
(B[m[32m+        assert_eq!(
(B[m[32m+            path_problem.path.as_deref(),
(B[m[32m+            Some(Path::new("C:/Games/Fallout 4/Data/Broken.ba2"))
(B[m[32m+        );
(B[m[32m+        assert_eq!(
(B[m[32m+            path_problem.relative_path.as_deref(),
(B[m[32m+            Some(Path::new("Broken.ba2"))
(B[m[32m+        );
(B[m         assert_eq!(path_problem.problem.label(), "Invalid Archive");
[31m-        assert_eq!(path_problem.summary, "Archive is either corrupt or not in Bethesda Archive 2 format.");
(B[m[32m+        assert_eq!(
(B[m[32m+            path_problem.summary,
(B[m[32m+            "Archive is either corrupt or not in Bethesda Archive 2 format."
(B[m[32m+        );
(B[m         assert_eq!(path_problem.solution, None);
         assert_eq!(path_problem.details[0].value, "99");
 
