## GATE: cargo fmt --check
@@GATE_RESULT|cargo fmt --check|exit=0|duration_ms=154
## GATE: cargo check
    Updating crates.io index
 Downloading crates ...
  Downloaded ntapi v0.4.3
  Downloaded sysinfo v0.39.2
   Compiling libc v0.2.186
    Checking windows-sys v0.61.2
    Checking windows v0.62.2
   Compiling winapi v0.3.9
   Compiling ntapi v0.4.3
    Checking windows-registry v0.6.1
   Compiling rav1e v0.8.1
    Checking softbuffer v0.4.8
    Checking winapi-util v0.1.11
    Checking dirs-sys v0.5.0
    Checking nu-ansi-term v0.50.3
    Checking directories v6.0.0
    Checking same-file v1.0.6
    Checking tracing-subscriber v0.3.23
    Checking walkdir v2.5.0
   Compiling ravif v0.13.0
   Compiling image v0.25.10
   Compiling i-slint-compiler v1.16.1
   Compiling slint-build v1.16.1
   Compiling slint-macros v1.16.1
   Compiling cmt-rs v0.1.0 (J:\cmt-rs)
    Checking fontique v0.8.0
    Checking sysinfo v0.39.2
    Checking parley v0.8.0
    Checking i-slint-common v1.16.1
    Checking i-slint-core v1.16.1
    Checking i-slint-renderer-software v1.16.1
    Checking i-slint-renderer-femtovg v1.16.1
    Checking i-slint-backend-winit v1.16.1
    Checking i-slint-backend-selector v1.16.1
    Checking slint v1.16.1
    Finished `dev` profile [unoptimized + debuginfo] target(s) in 27.66s
@@GATE_RESULT|cargo check|exit=0|duration_ms=27713
## GATE: cargo test
   Compiling windows-sys v0.61.2
   Compiling libc v0.2.186
   Compiling windows v0.62.2
   Compiling winapi v0.3.9
   Compiling windows-registry v0.6.1
   Compiling rav1e v0.8.1
   Compiling ntapi v0.4.3
   Compiling softbuffer v0.4.8
   Compiling winapi-util v0.1.11
   Compiling nu-ansi-term v0.50.3
   Compiling dirs-sys v0.5.0
   Compiling directories v6.0.0
   Compiling same-file v1.0.6
   Compiling tracing-subscriber v0.3.23
   Compiling walkdir v2.5.0
   Compiling ravif v0.13.0
   Compiling image v0.25.10
   Compiling i-slint-compiler v1.16.1
   Compiling slint-build v1.16.1
   Compiling cmt-rs v0.1.0 (J:\cmt-rs)
   Compiling slint-macros v1.16.1
   Compiling fontique v0.8.0
   Compiling sysinfo v0.39.2
   Compiling parley v0.8.0
   Compiling i-slint-common v1.16.1
   Compiling i-slint-core v1.16.1
   Compiling i-slint-renderer-femtovg v1.16.1
   Compiling i-slint-renderer-software v1.16.1
   Compiling i-slint-backend-winit v1.16.1
   Compiling i-slint-backend-selector v1.16.1
   Compiling slint v1.16.1
    Finished `test` profile [unoptimized + debuginfo] target(s) in 33.33s
     Running unittests src\main.rs (target\debug\deps\cmt_rs-32b848b9eabe5390.exe)

running 84 tests
test domain::discovery::tests::tab_loading_error_messages_match_reference_text ... ok
test domain::discovery::tests::fallout4_installation_can_carry_optional_derived_paths ... ok
test domain::discovery::tests::discovery_messages_keep_reference_path_exceptions ... ok
test domain::discovery::tests::discovery_not_found_error_is_recoverable_and_does_not_require_file_picker ... ok
test domain::discovery::tests::install_type_and_semantic_version_reference_display_values_are_stable ... ok
test domain::discovery::tests::archive_module_and_ini_records_are_pure_domain_state ... ok
test domain::mod_manager::tests::manager_kind_display_names_and_executables_match_reference ... ok
test domain::discovery::tests::fallout4_installation_does_not_require_data_or_f4se_paths ... ok
test domain::mod_manager::tests::mo2_configuration_result_can_hold_context_and_executables ... ok
test domain::mod_manager::tests::mo2_context_carries_required_reference_fields ... ok
test domain::mod_manager::tests::mo2_parse_errors_are_typed_and_reference_compatible ... ok
test domain::mod_manager::tests::mo2_path_including_messages_match_reference_exceptions ... ok
test domain::mod_manager::tests::mo2_reference_defaults_match_python_defaults_without_filesystem_access ... ok
test domain::mod_manager::tests::mo2_stage_setting_paths_stay_in_diagnostics_not_user_message ... ok
test domain::mod_manager::tests::vortex_detection_scope_is_identity_only_with_zero_version_fallback ... ok
test domain::settings::tests::scanner_settings_defaults_enabled ... ok
test domain::settings::tests::settings_missing_file_defaults ... ok
test domain::tests::settings_domain_types_are_publicly_importable ... ok
test domain::settings::tests::settings_persist_reference_keys ... ok
test domain::settings::tests::settings_repair ... ok
test platform::desktop::tests::fake_desktop_actions_return_typed_failures_without_launching ... ok
test platform::desktop::tests::fake_desktop_actions_return_typed_success_values ... ok
test platform::filesystem::tests::fake_filesystem_drives_scan_style_directory_inputs ... ok
test platform::filesystem::tests::fake_filesystem_surfaces_typed_failure_without_real_paths ... ok
test platform::process::tests::fake_process_inspector_returns_typed_system_failures ... ok
test platform::process::tests::fake_process_inspector_supports_manager_detection_inputs ... ok
test platform::registry::tests::fake_registry_returns_string_values_without_real_registry ... ok
test platform::registry::tests::fake_registry_surfaces_typed_failures ... ok
test platform::filesystem::tests::real_filesystem_missing_file_maps_to_typed_not_found ... ok
test platform::settings_store::tests::asset_resolver_rejects_invalid_download_source_with_nexus_fallback ... ok
test platform::settings_store::tests::settings_store_uses_current_directory_settings_json_by_default ... ok
test platform::settings_store::tests::injected_paths_and_asset_resolver_drive_update_source_defaults ... ok
test platform::tests::platform_adapter_types_are_publicly_importable ... ok
test platform::tests::platform_error_keeps_user_message_separate_from_diagnostics ... ok
test services::discovery::tests::cwd_is_checked_before_bethesda_and_gog_registry_paths ... ok
test services::discovery::tests::direct_fallout4_exe_candidate_normalizes_to_parent_game_directory ... ok
test services::discovery::tests::invalid_bethesda_registry_path_returns_reference_registry_error_without_gog_fallthrough ... ok
test services::discovery::tests::mo2_discovery_parses_paths_flags_skip_rules_and_custom_tools ... ok
test services::discovery::tests::manager_game_path_is_checked_before_cwd_and_registry ... ok
test services::discovery::tests::mo2_instance_discovery_checks_adjacent_files_before_hkcu_current_instance ... ok
test services::discovery::tests::mo2_missing_selected_profile_returns_typed_manager_error ... ok
test services::discovery::tests::mo2_portable_marker_without_ini_returns_manager_specific_error_and_does_not_fall_through ... ok
test services::discovery::tests::not_found_result_is_recoverable_and_never_requires_file_picker_ui ... ok
test app::settings_controller::tests::settings_controller_reverts_warning_log_level_on_save_failure ... ok
test services::discovery::tests::registry_read_errors_are_recoverable_diagnostics_and_gog_can_still_be_checked ... ok
test services::discovery::tests::report_includes_fake_backed_system_metadata ... ok
test services::discovery::tests::mo2_non_fallout_game_name_returns_typed_manager_error ... FAILED
test services::discovery::tests::valid_game_directory_can_return_data_without_f4se_plugins ... ok
test services::discovery::tests::valid_game_directory_can_return_partial_missing_derived_paths ... ok
test services::discovery::tests::vortex_detection_is_identity_only_and_uses_parsed_version ... ok
test app::settings_controller::tests::settings_controller_preserves_loaded_warning_log_level_until_user_selection ... ok
test app::settings_controller::tests::settings_controller_saves_update_source_immediately ... ok
test tests::main_window_forwards_settings_tab_api ... ok
test services::discovery::tests::vortex_detection_uses_zero_version_fallback_when_metadata_is_absent ... ok
test tests::settings_tab_log_level_labels ... ok
test platform::settings_store::tests::settings_save_failure_is_returned ... ok
test tests::settings_tab_labels_are_exact_and_in_display_order ... ok
test tests::settings_tab_update_channel_labels ... ok
test app::settings_controller::tests::settings_controller_reverts_to_last_persisted_value_on_save_failure ... ok
test tests::settings_tab_uses_dark_mode_palette ... ok
test tests::shell_contract_boundary_markers_construct_as_no_ops ... ok
test tests::shell_tab_labels_count_is_reference_count ... ok
test tests::shell_contract_main_slint_title_and_tabs_match_rust_contract ... ok
test tests::shell_contract_inert_tab_components_are_static_placeholders ... ok
test workers::events::tests::cancellation_request_acknowledgement_and_final_cancelled_are_distinct_events ... ok
test tests::shell_tab_labels_match_reference_order ... ok
test workers::events::tests::desktop_action_results_flow_through_external_action_payloads ... ok
test workers::events::tests::event_envelope_carries_task_status_and_typed_payload ... ok
test workers::events::tests::progress_supports_optional_text_and_counts_without_percentage_requirements ... ok
test workers::events::tests::task_kinds_cover_required_background_categories ... ok
test workers::handoff::tests::recording_sink_stores_owned_events ... ok
test workers::handoff::tests::slint_event_loop_sink_is_constructible_without_a_window ... ok
test workers::tests::spawning_without_tokio_runtime_returns_typed_error ... ok
test workers::tests::worker_failures_emit_safe_failure_events ... ok
test workers::tests::blocking_facade_runs_work_off_calling_thread_and_records_events ... ok
test workers::tests::cancellation_request_acknowledgement_and_final_cancelled_flow_through_facade ... ok
test platform::settings_store::tests::settings_repair_partial_json_preserves_valid_fields_and_removes_unknown_keys ... ok
test app::settings_controller::tests::settings_controller_saves_warning_log_level_as_uppercase_wire_value ... ok
test platform::settings_store::tests::settings_missing_file_defaults ... ok
test app::settings_controller::tests::settings_controller_rejects_invalid_log_level_selection_to_info ... ok
test platform::settings_store::tests::file_asset_resolver_reads_valid_download_source_file_values ... ok
test platform::settings_store::tests::settings_persist_reference_keys ... ok
test platform::settings_store::tests::settings_repair_malformed_json_resets_to_defaults ... ok
test app::settings_controller::tests::settings_controller_saves_lowercase_log_level_as_uppercase_wire_value ... ok

failures:

---- services::discovery::tests::mo2_non_fallout_game_name_returns_typed_manager_error stdout ----

thread 'services::discovery::tests::mo2_non_fallout_game_name_returns_typed_manager_error' (43584) panicked at src\services\discovery.rs:1961:9:
assertion `left == right` failed
  left: "Only Fallout 4 is supported.\ngameName is 'Skyrim Special Edition' in INI: \nC:/MO2\\ModOrganizer.ini"
 right: "Only Fallout 4 is supported.\ngameName is 'Skyrim Special Edition' in INI: \nC:/MO2/ModOrganizer.ini"
note: run with `RUST_BACKTRACE=1` environment variable to display a backtrace


failures:
    services::discovery::tests::mo2_non_fallout_game_name_returns_typed_manager_error

test result: FAILED. 83 passed; 1 failed; 0 ignored; 0 measured; 0 filtered out; finished in 0.01s

error: test failed, to rerun pass `--bin cmt-rs`
@@GATE_RESULT|cargo test|exit=101|duration_ms=33413
