## S01
SUMMARY: # S01: Slint Shell Port Architecture **
Verification: - `cargo check` after Task 1: passed - `cargo check` after Task 2: passed - `cargo check` after Task 3: passed - `cargo fmt --check`: passed
UAT: # S01 UAT: Slint Shell Port Architecture 
Status: **UAT type:** Backfilled developer/source-contract UAT record with automated gate evidence. | **Execution status:** S11 did not manually run GUI UAT, did not use a real Fallout 4 install, and did not perform fresh desktop interaction testing for this backfill.
UAT rows: | Shell launch | Running the Rust crate should construct and run the generated Slint `MainWindow`. | Source-contract evidence: `src/main.rs` includes generated modules, calls `MainWindow::new()`, and runs the window; historical `cargo check`/`cargo test`/`cargo clippy` gates passed. | || | Application identity | The native window title should be `Collective Modding Toolkit`. | Source-contract evidence: `ui/main.slint` set the title, and Phase 1 verification recorded this as verified. | || | Tab order | The shell should expose tabs in this order: `Overview`, `F4SE`, `Scanner`, `Tools`, `Settings`, `About`. | Automated/source-contract evidence: Rust shell-label tests and Slint source checks matched `CMT/src/enums.py` and `CMT/src/cm_checker.py`. | || | Tab behavior at S01 | Each tab should be selectable in the shell but intentionally inert, showing only reserved-for-later placeholder content. | Source-contract evidence: one Slint component per tab contained inert scope-note placeholder text, and S01 verification checked for absence of behavior keywords. | || | Module boundaries | Later behavior should have safe seams for app/controller, domain, platform, and worker code outside Slint

## S02
SUMMARY: # S02: Settings Defaults Parity **Settings defaults, persistence, UI labels, and immediate-save rollback now have a typed Rust/Slint contract with automated parity coverage.**
Provides: Reference-compatible Settings defaults, JSON keys, and repair behavior. | Production `settings.json` persistence with test-injectable paths and asset resolution. | Settings-tab UI contract for update channel and log-level choices. | Immediate-save callbacks with rollback semantics for failed persistence.
Verification: All four S02 tasks are complete in GSD state. Prior closeout-safe verification evidence from this slice passed: `cargo fmt --check` exit 0 (gsd_exec e7c22043-947d-49cf-a291-e84da874e368, 263ms), `cargo check` exit 0 (2143d6ff-5143-47ab-af57-6acf9c214106, 8143ms), `cargo test` exit 0 with 31 tests passed (b3fc1048-23b4-4d29-91a9-050236a3b5a6, 7685ms), and `cargo clippy --all-targets --all-features` exit 0 (d4afdceb-e3dd-4764-b4b1-0fb24761b290, 8174ms). Automated coverage includes settings defaults, JSON key/value round-trips, malformed and partial repair behavior, asset-derived update-source fallback, save-failure reporting, Slint Settings label/order contract tests, and controller rollback behavior. Operational readiness: health signal is successful startup load plus passing settings tests; failure signals are repair diagnostics and tracing errors for invalid UI selections/save failures;
Validated: R006 — First-run defaults are covered by settings domain/store tests and full Rust verification. | R007 — JSON persistence keys and wire values for log level, update source, scanner toggles, and downgrader preferences are covered by domain/store tests and full Rust verification. | R008 — Settings-tab source-level contract tests verify update-channel labels and order. | R009 — Requirement was re-scoped to include `Warning`; Settings-tab source-level contract tests and settings-domain tests verify the log-level options and wire values. | R010 — Scanner default toggles are covered by domain settings tests. | R011 — Malformed, invalid, partial, and save-failure settings cases are covered by domain/store/controller tests.
UAT: # S02: Settings Defaults Parity — UAT 

## S03
SUMMARY: # S03: S03 **Established typed Fallout 4 discovery contracts, fakeable platform seams, a tested discovery orchestration service, and reusable worker event handoff foundations without launching the GUI.**
Provides: Pure Fallout 4 discovery and mod-manager domain contracts with reference-compatible messages. | Fakeable platform adapters for filesystem, registry, process/system/version metadata, and desktop/tool actions. | A discovery orchestration service for Fallout 4, MO2, Vortex, and system metadata. | Typed worker event, cancellation, handoff, and off-UI-thread execution contracts.
Verification: All four S03 tasks are complete and the recorded current-host verification gates passed via closeout-safe GSD verification evidence: cargo fmt --check passed, cargo check passed, cargo test passed with 87 tests, and cargo clippy --all-targets --all-features passed. Task-level coverage includes pure domain error/message contracts, fake platform adapter behavior, discovery ordering, path normalization, optional derived paths, registry error handling, MO2 portable/instance ordering and typed failures, Vortex parsed/fallback versions, fake-backed system metadata inclusion, worker event payloads, recording/Slint handoff sinks, cancellation flows, safe failure events, and off-calling-thread blocking execution.
Validated: Discovery ordering, not-found behavior, direct executable normalization, partial derived paths, MO2 parsing, MO2 portable/instance order, MO2 typed failures, Vortex identity-only detection, and fake-backed PC Specs metadata are covered by src/services/discovery.rs unit tests. —  | Platform adapter fake/real boundary behavior is covered by platform unit tests. —  | Worker event and handoff behavior is covered by worker unit tests. — 
UAT: # S03: S03 — UAT 

## S04
SUMMARY: # S04: Overview Diagnostics & Updates **Overview now renders typed, worker-refreshed game, binary, archive, module, update, and problem diagnostics instead of an inert placeholder.**
Provides: Reference-shaped Overview tab populated from typed diagnostics. | Scanner-ready `OverviewProblem` feed with problem type, paths, summaries, solutions, link/detail metadata, and source markers. | Fakeable collector and diagnostics services for binary/archive/module/enablement status. | Reference-compatible update-check behavior and safe path/URL open action feedback. | Disabled/deferred Downgrade Manager and Archive Patcher presentation for later workflow slices.
Verification: Fresh closeout verification was run through `gsd_exec` in this retry. `cargo fmt --check` exited 0 in 360ms; `cargo check` exited 0 in 9150ms; `cargo test` exited 0 in 8883ms with 143 passed, 0 failed; `cargo clippy --all-targets --all-features` exited 0 in 9347ms (`.gsd/exec/59e398b8-da3d-4763-bc1d-261afc8d6f2a.stdout`). A supplemental closeout source-marker inspection verified the expected observability events, reference labels, disabled deferred controls, and safe error state markers (`.gsd/exec/7ee170a5-5efc-4fa6-b2c8-6dbf849a5055.stdout`). The slice-plan `git status --short CMT` gate was not executed because this closeout unit explicitly forbids git commands; no file-changing tool targeted `CMT/`, and the reference submodule remains treated as read-only. Earlier task-level evidence also passed the focused filters `overview_domain`, `overview_diagnostics`, `overview_collector`, `over
UAT: # S04: Overview Diagnostics & Updates — UAT 

## S05
SUMMARY: # S05: Tools Shell, Links & About **Tools and About are now reference-shaped Slint tabs with Rust-owned static contracts, safe link/copy actions, deferred utility entries, visible failure feedback, and passing slice gates.**
Provides: Reference-shaped Tools and About tabs for downstream visual/workflow slices. | Safe external URL and clipboard action seams usable by future Scanner/F4SE/Downgrader/Patcher actions. | Rust-owned About image assets available to Slint. | Visible but non-destructive utility entry points for S09/S10. | Contract and runtime tests covering labels/order/URLs/resources/callbacks/deferred state/failure feedback.
Verification: Closeout verification was run with `gsd_exec`: `cargo fmt --check` passed with exit 0 in 463ms (6574d641-bd28-4bd5-bb83-b3e8e446f5e7); `cargo check` passed with exit 0 in 8513ms (485cec21-c96b-4b82-bd1a-a45fa46966cb); `cargo test` passed with exit 0 in 8268ms and reported `174 passed; 0 failed; 0 ignored` (473dd5d3-7978-4676-954a-db4d2a9c174b); `cargo clippy --all-targets --all-features` passed with exit 0 in 8481ms (e96e3a1c-5c3c-4832-acc1-f62b49305f52). Prior S05 T05 evidence was reused for the read-only reference check: `gsd_exec_search` found `git status --short CMT` exit 0 with empty stdout in run 9db91d35-dedd-4c12-a7af-c6b5ee5047fb. Focused task evidence also covered `s05_reference_contract`, `s05_actions`, `s05_slint_contract`, and `s05_runtime_wiring` tests before closeout.
UAT: # S05: Tools Shell, Links & About — UAT 

## S06
SUMMARY: # S06: F4SE Diagnostics **Delivered a read-only, lazy, non-blocking F4SE DLL compatibility diagnostics tab with reference-shaped columns, legend, safe failures, and owned worker handoff.**
Provides: Typed F4SE domain rows/status/snapshots independent of Slint. | Fakeable F4SE scan service and Pelite-based production DLL inspector. | Owned F4SE worker payloads and lazy tab activation pattern for future diagnostics tabs. | A reference-shaped read-only table/progress/error pattern that S07 Scanner can reuse.
Verification: Closeout verification passed through `gsd_exec`: `cargo fmt --check` exit 0 (`58c8d4a8-62c7-4be3-8b96-57aa4285aa94`); `cargo check` exit 0 (`556db084-8a52-40ed-9990-e31731ac66a0`); `cargo test` exit 0 with 214 passed, 0 failed (`d9068a96-de9a-4495-9c3d-4905ea20f681`); `cargo clippy --all-targets --all-features` exit 0 (`8aedcb08-88bc-42e0-91f0-c35bc3e98c05`); focused S06 filters `cargo test f4se_domain`, `f4se_scan_service`, `f4se_dll_inspector`, `f4se_controller`, `f4se_worker_payload`, `s06_f4se_slint_contract`, and `s06_f4se_runtime_wiring` all completed in one closeout run with exit 0 (`1fd83145-3085-4c08-8360-41f63ca9e883`). T05 also recorded the required reference-submodule check: `git status --short CMT` exit 0 with no output, confirming the read-only `CMT/` reference tree remained unmodified; the closer did not rerun git because the auto-mode closeout instruction prohibited git c
UAT: # S06: F4SE Diagnostics — UAT 

## S07
SUMMARY: # S07: Scanner Read Only Results **Delivered the reference-shaped read-only Scanner tab, adapter-backed scan engine, controller/worker handoff, Slint surface, runtime wiring, and safe diagnostics/actions while keeping Auto-Fix deferred.**
Provides: Reference-shaped read-only Scanner tab UI and state contract | Adapter-backed ScannerScanService with MO2 attribution, Vortex Data-only handling, progress, diagnostics, and reference rule classification | Scanner controller and worker payloads for scan progress/completion, stale-event rejection, and safe read-only actions
Verification: Final closeout verification was run through gsd_exec on the Windows-side cargo environment after restoring the missing T02 task summary and fixing display-only path normalization. All targeted S07 filters and full cargo gates exited 0: | # | Command | Exit Code | Verdict | Duration | |---|---------|-----------|---------|----------| | 1 | cargo test scanner_domain | 0 | pass, 7 passed | 586ms |
UAT: # S07: Scanner Read Only Results — UAT 

## S08
SUMMARY: # S08: Scanner Auto Fix Actions **Added fail-closed Scanner Auto-Fix domain, service, controller, worker, Slint, and runtime plumbing while keeping the production registry empty for reference parity.**
Provides: Typed Auto-Fix extension seam for future supported Scanner repairs. | Fail-closed production behavior that preserves current reference parity and avoids destructive operations. | Inline Scanner result feedback for fake/future supported operations. | Worker/runtime scheduling pattern that S09/S10 can reuse only with explicit operation-scoped safety gates.
Verification: Fresh closeout verification was run through `gsd_exec` in run `eaa555ac-0265-4c43-a786-ed3d9c347bfa`. All required slice checks passed: `cargo test scanner_autofix_domain` (8 passed), `cargo test scanner_autofix_service` (5 passed), `cargo test scanner_controller_autofix` (6 passed), `cargo test scanner_worker_payload_autofix` (1 passed), `cargo test s08_scanner_autofix_slint_contract` (2 passed), `cargo test s08_scanner_autofix_runtime_wiring` (6 passed), `cargo fmt --check`, `cargo check`, full `cargo test` (287 passed), and `cargo clippy --all-targets --all-features`. Clippy exited 0 and still reports one warn-by-default existing scanner helper warning (`too_many_arguments`), which is non-blocking under the current lint policy.
UAT: # S08: Scanner Auto Fix Actions — UAT 

## S09
SUMMARY: # S09: Downgrade Manager Workflow **Delivered a live Downgrade Manager modal opened from Overview or Tools with reference-shaped status, options, inline plan confirmation, safe digest-bound execution, live progress/log feedback, and sandbox-proven mutation safeguards.**
Provides: A live Downgrade Manager utility entrypoint from Overview and Tools. | A tested modal utility/controller/worker pattern for S10 Archive Patcher. | A hardened write-plan and confirmed-run pattern for destructive filesystem workflows. | Pinned delta integrity and bounded VCDIFF application infrastructure.
Verification: Fresh closeout verification was run through `gsd_exec` id `62a79917-b91a-4a94-9c84-b5d979e46132`. All required slice filters and quality gates exited 0: `cargo test downgrader_domain --quiet` (8 passed), `cargo test downgrader_service_plan --quiet` (8 passed), `cargo test downgrader_executor --quiet` (6 passed), `cargo test downgrader_controller --quiet` (10 passed), `cargo test downgrader_worker_payload --quiet` (1 passed), `cargo test s09_downgrader_slint_contract --quiet` (2 passed), `cargo test s09_downgrader_runtime_wiring --quiet` (6 passed), `cargo test settings --quiet` (35 passed), `cargo test overview --quiet` (59 passed), `cargo test tools --quiet` (21 passed), `cargo test worker --quiet` (36 passed), `cargo fmt --check`, `cargo check --quiet`, full `cargo test --quiet` (326 passed), and `cargo clippy --all-targets --all-features --quiet`. Clippy exited 0 while reporting warni
UAT: # S09: Downgrade Manager Workflow — UAT 

## S10
SUMMARY: # S10: Archive Patcher Workflow **Delivered a live Archive Patcher workflow from Overview and Tools with fail-closed BA2 header patching, latest-run restore manifests, and off-thread Slint-safe workers.**
Provides: A complete live Archive Patcher modal reachable from Overview and Tools. | Reusable fail-closed byte-range mutation and latest-header-restore manifest pattern for future file-mutating workflows. | Fakeable filesystem write/read-prefix seams and automated tests covering BA2 header validation, patching, restore, stale events, and runtime wiring.
Verification: Fresh closeout verification was run through `gsd_exec` run `1cf70896-bf3c-45be-9cff-299e8d80c916` and all required S10 plan gates passed: `cargo test archive_patcher_domain --quiet` (4 passed), `cargo test archive_patcher_service_plan --quiet` (8 passed), `cargo test archive_patcher_executor --quiet` (9 passed), `cargo test archive_patcher_controller --quiet` (7 passed), `cargo test archive_patcher_worker_payload --quiet` (1 passed), `cargo test s10_archive_patcher_slint_contract --quiet` (4 passed), `cargo test s10_archive_patcher_runtime_wiring --quiet` (1 passed), `cargo test overview --quiet` (60 passed), `cargo test tools --quiet` (21 passed), `cargo test worker --quiet` (38 passed), `cargo fmt --check`, `cargo check --quiet`, `cargo test --quiet` (361 passed), and `cargo clippy --all-targets --all-features --quiet`. Clippy exited 0; it emitted non-fatal existing suggestions around 
UAT: # S10: Archive Patcher Workflow — UAT 

## S11
SUMMARY: # S11: Validation Traceability Remediation **Repaired M001 validation traceability, backfilled missing validation artifacts, corrected S07 provenance, and recorded validation round 1 with green documentation and Rust gates.**
Provides: Audit-ready R001-R054 traceability matrix for M001 validation. | Backfilled S01 assessment/UAT and accepted/caveated S10 artifact coverage. | Correct S07 provenance attribution for downstream validation. | M001 validation round 1 artifact showing no remaining validation blockers.
Verification: Fresh closer verification via gsd_exec `14cf0481-98ae-4706-8cb9-ff4e6c3e990a`: `python3 .gsd/milestones/M001/slices/S11/verify_s11_artifacts.py --all` exited 0 and reported 54 requirement records, 54 validated, 0 active, 6 required artifacts present/caveated, and S07 provenance valid; `cargo fmt --check` exited 0; `cargo check` exited 0; `cargo test` exited 0 with 361 passed and 0 failed; `cargo clippy --all-targets --all-features` exited 0 with existing non-fatal warnings. T04 also recorded `git status --short CMT` exit 0 with no output; the closer did not rerun git because the closeout instruction explicitly prohibited git commands.
Validated: R001-R054 — S11 verifier confirmed 54 records, 54 validated, 0 active, with required artifacts and provenance checks passing.
UAT: # S11: Validation Traceability Remediation — UAT 

