## M001 assessment verdict inventory
S01 ASSESSMENT MISSING
S01 UAT MISSING
S02 ASSESSMENT present: **Verdict:** roadmap-confirmed
S02 UAT present
S03 ASSESSMENT present: **Verdict:** roadmap-confirmed
S03 UAT present
S04 ASSESSMENT present: **Verdict:** roadmap-confirmed
S04 UAT present
S05 ASSESSMENT present: **Verdict:** roadmap-confirmed
S05 UAT present
S06 ASSESSMENT present: **Verdict:** roadmap-confirmed
S06 UAT present
S07 ASSESSMENT present: **Verdict:** roadmap-confirmed
S07 UAT present
S08 ASSESSMENT present: **Verdict:** roadmap-confirmed
S08 UAT present
S09 ASSESSMENT present: **Verdict:** roadmap-confirmed
S09 UAT present
S10 ASSESSMENT MISSING
S10 UAT present
