Diff in /mnt/j/cmt-rs/src/domain/f4se.rs:292:
     ///
     /// The message is intended for user-visible diagnostics and should not expose
     /// raw unread bytes or platform-specific exception text.
[31m-    pub fn inspection_failed(
(B[m[31m-        dll_name: impl Into<String>,
(B[m[31m-        safe_message: impl Into<String>,
(B[m[31m-    ) -> Self {
(B[m[32m+    pub fn inspection_failed(dll_name: impl Into<String>, safe_message: impl Into<String>) -> Self {
(B[m         Self {
             dll_name: dll_name.into(),
             is_f4se: None,
Diff in /mnt/j/cmt-rs/src/domain/f4se.rs:641:
         let row = render_f4se_dll_row(&facts, F4seGameTarget::NextGen);
 
         assert_eq!(row.og.icon, F4seCompatibilityIcon::Supported);
[31m-        assert_eq!(row.ng.icon, F4seCompatibilityIcon::UnsupportedReferenceColumn);
(B[m[31m-        assert_eq!(row.ae.icon, F4seCompatibilityIcon::UnsupportedReferenceColumn);
(B[m         assert_eq!(
[32m+            row.ng.icon,
(B[m[32m+            F4seCompatibilityIcon::UnsupportedReferenceColumn
(B[m[32m+        );
(B[m[32m+        assert_eq!(
(B[m[32m+            row.ae.icon,
(B[m[32m+            F4seCompatibilityIcon::UnsupportedReferenceColumn
(B[m[32m+        );
(B[m[32m+        assert_eq!(
(B[m             row.your_game.icon,
             F4seCompatibilityIcon::UnsupportedCurrentGame
         );
Diff in /mnt/j/cmt-rs/src/domain/f4se.rs:714:
         let facts = F4seDllFacts::f4se("known.dll", false, true, Some(true), Some(true));
         let row = render_f4se_dll_row(&facts, F4seGameTarget::Unknown);
 
[31m-        assert_eq!(row.og.icon, F4seCompatibilityIcon::UnsupportedReferenceColumn);
(B[m[32m+        assert_eq!(
(B[m[32m+            row.og.icon,
(B[m[32m+            F4seCompatibilityIcon::UnsupportedReferenceColumn
(B[m[32m+        );
(B[m         assert_eq!(row.ng.icon, F4seCompatibilityIcon::Supported);
         assert_eq!(row.ae.icon, F4seCompatibilityIcon::Supported);
         assert_eq!(row.your_game.icon, F4seCompatibilityIcon::Warning);
Diff in /mnt/j/cmt-rs/src/domain/f4se.rs:730:
     #[test]
     fn f4se_domain_scan_snapshot_models_loading_and_safe_errors() {
         assert_eq!(F4seScanSnapshot::loading().status, F4seScanStatus::Loading);
[31m-        assert_eq!(F4seScanSnapshot::loading().status_message, F4SE_LOADING_TEXT);
(B[m[32m+        assert_eq!(
(B[m[32m+            F4seScanSnapshot::loading().status_message,
(B[m[32m+            F4SE_LOADING_TEXT
(B[m[32m+        );
(B[m 
         let missing_data = F4seScanSnapshot::missing_data_folder();
         assert_eq!(missing_data.status, F4seScanStatus::Error);
