root ui timer_files 0
C:\Users\evild\.cargo\registry\src\index.crates.io-1949cf8c6b5b557f\i-slint-compiler-1.16.1\builtins.slint
588 export component Timer {

// Also not a real Item. Actually not an element at all
export component Timer {
    in property <duration> interval;
    callback triggered;
    in property <bool> running: true;
    function start() {
    }
    function stop() {
    }
    function restart() {
C:\Users\evild\.cargo\registry\src\index.crates.io-1949cf8c6b5b557f\i-slint-compiler-1.16.1\widgets\common\menus.slint
60 open-sub-menu-after-timeout := Timer {
        }

        open-sub-menu-after-timeout := Timer {
            interval: 500ms;
            running: false;

            triggered => {
                self.running = false;

                if current-highlight >= 0 {
                    if entries[current-highlight].has-sub-menu {
C:\Users\evild\.cargo\registry\src\index.crates.io-1949cf8c6b5b557f\i-slint-compiler-1.16.1\tests\syntax\elements\timer.slint
5 Timer {

export component Def {
    Timer {
        interval: 100ms;
        Rectangle {}
//      >        <error{Timer cannot have children elements}
    }

    Timer {
        interval: 200ms;
        width: 500px;
8 //      >        <error{Timer cannot have children elements}
        interval: 100ms;
        Rectangle {}
//      >        <error{Timer cannot have children elements}
    }

    Timer {
        interval: 200ms;
        width: 500px;
//      >   <error{Unknown property width in Timer}
        y: 12px;
//      ^error{Unknown property y in Timer}
11 Timer {
    }

    Timer {
        interval: 200ms;
        width: 500px;
//      >   <error{Unknown property width in Timer}
        y: 12px;
//      ^error{Unknown property y in Timer}

        opacity: 0.5;
//      >     <error{Unknown property opacity in Timer}
14 //      >   <error{Unknown property width in Timer}
        interval: 200ms;
        width: 500px;
//      >   <error{Unknown property width in Timer}
        y: 12px;
//      ^error{Unknown property y in Timer}

        opacity: 0.5;
//      >     <error{Unknown property opacity in Timer}
        visible: false;
//      >     <error{Unknown property visible in Timer}

16 //      ^error{Unknown property y in Timer}
//      >   <error{Unknown property width in Timer}
        y: 12px;
//      ^error{Unknown property y in Timer}

        opacity: 0.5;
//      >     <error{Unknown property opacity in Timer}
        visible: false;
//      >     <error{Unknown property visible in Timer}

    }

19 //      >     <error{Unknown property opacity in Timer}

        opacity: 0.5;
//      >     <error{Unknown property opacity in Timer}
        visible: false;
//      >     <error{Unknown property visible in Timer}

    }

}
21 //      >     <error{Unknown property visible in Timer}
//      >     <error{Unknown property opacity in Timer}
        visible: false;
//      >     <error{Unknown property visible in Timer}

    }

}
C:\Users\evild\.cargo\registry\src\index.crates.io-1949cf8c6b5b557f\i-slint-compiler-1.16.1\tests\syntax\elements\timer2.slint
4 export component Abc inherits Timer {
// SPDX-License-Identifier: GPL-3.0-only OR LicenseRef-Slint-Royalty-free-2.0 OR LicenseRef-Slint-Software-3.0

export component Abc inherits Timer {
//                            >    <error{A component cannot inherit from Timer}
    interval: 50ms;
}

export component Def {
    if true: Timer { interval: 32ms; }
//           >    <error{Timer cannot be directly repeated or conditional}

5 //                            >    <error{A component cannot inherit from Timer}

export component Abc inherits Timer {
//                            >    <error{A component cannot inherit from Timer}
    interval: 50ms;
}

export component Def {
    if true: Timer { interval: 32ms; }
//           >    <error{Timer cannot be directly repeated or conditional}

    if false: Abc {}
10 if true: Timer { interval: 32ms; }

export component Def {
    if true: Timer { interval: 32ms; }
//           >    <error{Timer cannot be directly repeated or conditional}

    if false: Abc {}

    Timer {
//  >    <error{Timer must have a binding set for its 'interval' property}
        running: false;
    }
11 //           >    <error{Timer cannot be directly repeated or conditional}
export component Def {
    if true: Timer { interval: 32ms; }
//           >    <error{Timer cannot be directly repeated or conditional}

    if false: Abc {}

    Timer {
//  >    <error{Timer must have a binding set for its 'interval' property}
        running: false;
    }

15 Timer {
    if false: Abc {}

    Timer {
//  >    <error{Timer must have a binding set for its 'interval' property}
        running: false;
    }

    Timer {}
//  >    <error{Timer must have a binding set for its 'interval' property}
}
16 //  >    <error{Timer must have a binding set for its 'interval' property}

    Timer {
//  >    <error{Timer must have a binding set for its 'interval' property}
        running: false;
    }

    Timer {}
//  >    <error{Timer must have a binding set for its 'interval' property}
}
20 Timer {}
    }

    Timer {}
//  >    <error{Timer must have a binding set for its 'interval' property}
}
21 //  >    <error{Timer must have a binding set for its 'interval' property}

    Timer {}
//  >    <error{Timer must have a binding set for its 'interval' property}
}
root C:\Users\evild\.cargo\registry\src timer_files 4
