
running 30 tests
test domain::settings::tests::scanner_settings_defaults_enabled ... ok
test domain::settings::tests::settings_missing_file_defaults ... ok
test domain::tests::settings_domain_types_are_publicly_importable ... ok
test platform::settings_store::tests::asset_resolver_rejects_invalid_download_source_with_nexus_fallback ... ok
test app::settings_controller::tests::settings_controller_preserves_loaded_warning_log_level_until_user_selection ... ok
test domain::settings::tests::settings_repair ... ok
test app::settings_controller::tests::settings_controller_saves_lowercase_log_level_as_uppercase_wire_value ... ok
test domain::settings::tests::settings_persist_reference_keys ... ok
test app::settings_controller::tests::settings_controller_rejects_invalid_log_level_selection_to_info ... ok
test platform::settings_store::tests::settings_store_uses_current_directory_settings_json_by_default ... ok
test app::settings_controller::tests::settings_controller_saves_warning_log_level_as_uppercase_wire_value ... ok
test tests::main_window_forwards_settings_tab_api ... ok
test tests::settings_tab_log_level_labels ... ok
test tests::settings_tab_update_channel_labels ... ok
test tests::settings_tab_uses_dark_mode_palette ... ok
test tests::shell_contract_boundary_markers_construct_as_no_ops ... ok
test app::settings_controller::tests::settings_controller_reverts_warning_log_level_on_save_failure ... ok
test app::settings_controller::tests::settings_controller_saves_update_source_immediately ... ok
test tests::shell_contract_main_slint_title_and_tabs_match_rust_contract ... ok
test app::settings_controller::tests::settings_controller_reverts_to_last_persisted_value_on_save_failure ... ok
test tests::shell_tab_labels_count_is_reference_count ... ok
test tests::shell_contract_inert_tab_components_are_static_placeholders ... ok
test tests::shell_tab_labels_match_reference_order ... ok
test platform::settings_store::tests::injected_paths_and_asset_resolver_drive_update_source_defaults ... ok
test platform::settings_store::tests::settings_missing_file_defaults ... ok
test platform::settings_store::tests::settings_persist_reference_keys ... ok
test platform::settings_store::tests::settings_repair_malformed_json_resets_to_defaults ... ok
test platform::settings_store::tests::settings_repair_partial_json_preserves_valid_fields_and_removes_unknown_keys ... ok
test platform::settings_store::tests::settings_save_failure_is_returned ... ok
test platform::settings_store::tests::file_asset_resolver_reads_valid_download_source_file_values ... ok

test result: ok. 30 passed; 0 failed; 0 ignored; 0 measured; 0 filtered out; finished in 0.01s

