## M001 artifact inventory
.gsd/milestones/M001/slices/S01/S01-SUMMARY.md
.gsd/milestones/M001/slices/S02/S02-ASSESSMENT.md
.gsd/milestones/M001/slices/S02/S02-SUMMARY.md
.gsd/milestones/M001/slices/S02/S02-UAT.md
.gsd/milestones/M001/slices/S03/S03-ASSESSMENT.md
.gsd/milestones/M001/slices/S03/S03-SUMMARY.md
.gsd/milestones/M001/slices/S03/S03-UAT.md
.gsd/milestones/M001/slices/S04/S04-ASSESSMENT.md
.gsd/milestones/M001/slices/S04/S04-SUMMARY.md
.gsd/milestones/M001/slices/S04/S04-UAT.md
.gsd/milestones/M001/slices/S05/S05-ASSESSMENT.md
.gsd/milestones/M001/slices/S05/S05-SUMMARY.md
.gsd/milestones/M001/slices/S05/S05-UAT.md
.gsd/milestones/M001/slices/S06/S06-ASSESSMENT.md
.gsd/milestones/M001/slices/S06/S06-SUMMARY.md
.gsd/milestones/M001/slices/S06/S06-UAT.md
.gsd/milestones/M001/slices/S07/S07-ASSESSMENT.md
.gsd/milestones/M001/slices/S07/S07-SUMMARY.md
.gsd/milestones/M001/slices/S07/S07-UAT.md
.gsd/milestones/M001/slices/S08/S08-ASSESSMENT.md
.gsd/milestones/M001/slices/S08/S08-SUMMARY.md
.gsd/milestones/M001/slices/S08/S08-UAT.md
.gsd/milestones/M001/slices/S09/S09-ASSESSMENT.md
.gsd/milestones/M001/slices/S09/S09-SUMMARY.md
.gsd/milestones/M001/slices/S09/S09-UAT.md
.gsd/milestones/M001/slices/S10/S10-SUMMARY.md
.gsd/milestones/M001/slices/S10/S10-UAT.md

Counts by suffix:
SUMMARY: 10
ASSESSMENT: 8
UAT: 9
