Diff in /mnt/j/cmt-rs/src/services/autofix.rs:13:
         autofix::{
             AutoFixCompletion, AutoFixConfirmation, AutoFixOperationKey, AutoFixPlanPreview,
             AutoFixRejection, AutoFixRejectionReason, AutoFixRequest, AutoFixResultDetail,
[31m-            AutoFixSelectionIdentity, AutoFixStatus, AutoFixStatusKind,
(B[m[31m-            AutoFixRevalidationPlan,
(B[m[32m+            AutoFixRevalidationPlan, AutoFixSelectionIdentity, AutoFixStatus, AutoFixStatusKind,
(B[m         },
         scanner::{ScannerResult, ScannerScanSnapshot, ScannerSolutionKind},
     },
Diff in /mnt/j/cmt-rs/src/services/autofix.rs:29:
 const SAFE_TARGET_MISSING: &str = "Auto-Fix could not find a target path for this result.";
 const SAFE_TARGET_MISMATCH: &str =
     "Auto-Fix could not safely match the target path for this result.";
[31m-const SAFE_OPERATION_MISMATCH: &str =
(B[m[31m-    "Auto-Fix could not safely match the requested operation.";
(B[m[31m-const SAFE_CONFIRMATION_REQUIRED: &str =
(B[m[31m-    "Auto-Fix needs confirmation before making changes.";
(B[m[32m+const SAFE_OPERATION_MISMATCH: &str = "Auto-Fix could not safely match the requested operation.";
(B[m[32m+const SAFE_CONFIRMATION_REQUIRED: &str = "Auto-Fix needs confirmation before making changes.";
(B[m const SAFE_CONFIRMATION_DECLINED: &str = "Auto-Fix was cancelled before making changes.";
 const SAFE_VALIDATION_FAILED: &str =
     "Auto-Fix could not safely validate this result before making changes.";
Diff in /mnt/j/cmt-rs/src/services/autofix.rs:365:
         formatter
             .debug_struct("AutoFixRegistry")
             .field("operation_count", &self.operations.len())
[31m-            .field("operation_keys", &self.operations.keys().collect::<Vec<_>>())
(B[m[32m+            .field(
(B[m[32m+                "operation_keys",
(B[m[32m+                &self.operations.keys().collect::<Vec<_>>(),
(B[m[32m+            )
(B[m             .finish()
     }
 }
Diff in /mnt/j/cmt-rs/src/services/autofix.rs:452:
                 Some(operation_key),
                 Some(selection.current_identity.clone()),
                 None,
[31m-                Some(format!("no registered handler for {}", operation_key.as_id())),
(B[m[32m+                Some(format!(
(B[m[32m+                    "no registered handler for {}",
(B[m[32m+                    operation_key.as_id()
(B[m[32m+                )),
(B[m             ));
         };
 
Diff in /mnt/j/cmt-rs/src/services/autofix.rs:574:
                 Some(request.operation_key),
                 Some(selection.current_identity.clone()),
                 None,
[31m-                Some(format!("no registered handler for {}", request.operation_key.as_id())),
(B[m[32m+                Some(format!(
(B[m[32m+                    "no registered handler for {}",
(B[m[32m+                    request.operation_key.as_id()
(B[m[32m+                )),
(B[m             ));
         };
 
Diff in /mnt/j/cmt-rs/src/services/autofix.rs:588:
         ) {
             return rejected_execution(rejection);
         }
[31m-        if let Err(rejection) = validate_revalidation(
(B[m[31m-            &request,
(B[m[31m-            scan_id,
(B[m[31m-            result_index,
(B[m[31m-            &selection.current_identity,
(B[m[31m-        ) {
(B[m[32m+        if let Err(rejection) =
(B[m[32m+            validate_revalidation(&request, scan_id, result_index, &selection.current_identity)
(B[m[32m+        {
(B[m             return rejected_execution(rejection);
         }
         if let Err(rejection) = validate_confirmation(
Diff in /mnt/j/cmt-rs/src/services/autofix.rs:947:
     Ok(())
 }
 
[31m-fn status(kind: AutoFixStatusKind, safe_message: String, diagnostic: Option<String>) -> AutoFixStatus {
(B[m[32m+fn status(
(B[m[32m+    kind: AutoFixStatusKind,
(B[m[32m+    safe_message: String,
(B[m[32m+    diagnostic: Option<String>,
(B[m[32m+) -> AutoFixStatus {
(B[m     let status = AutoFixStatus::new(kind, safe_message);
     match diagnostic {
         Some(diagnostic) => status.with_diagnostic(diagnostic),
Diff in /mnt/j/cmt-rs/src/services/autofix.rs:1028:
         collections::BTreeSet,
         path::{Path, PathBuf},
         sync::{
[31m-            atomic::{AtomicUsize, Ordering},
(B[m             Arc,
[32m+            atomic::{AtomicUsize, Ordering},
(B[m         },
     };
 
Diff in /mnt/j/cmt-rs/src/services/autofix.rs:1039:
             scanner::{ScannerProblemType, ScannerResult, ScannerScanSnapshot},
         },
         platform::{
[31m-            filesystem::{DirectoryEntry, FileMetadata, FileType},
(B[m             PlatformError, PlatformErrorKind, PlatformOperation, PlatformResult,
[32m+            filesystem::{DirectoryEntry, FileMetadata, FileType},
(B[m         },
     };
 
Diff in /mnt/j/cmt-rs/src/services/autofix.rs:1156:
                         )
                         .with_diagnostic("missing fake target"));
                     };
[31m-                    context.filesystem.metadata(target_path).map(|_| ()).map_err(|error| {
(B[m[31m-                        AutoFixOperationFailure::new(
(B[m[31m-                            SAFE_VALIDATION_FAILED,
(B[m[31m-                            "The fake target did not pass filesystem revalidation.",
(B[m[31m-                        )
(B[m[31m-                        .with_diagnostic(format!("{:?}: {}", error.kind, error.user_message()))
(B[m[31m-                    })
(B[m[32m+                    context
(B[m[32m+                        .filesystem
(B[m[32m+                        .metadata(target_path)
(B[m[32m+                        .map(|_| ())
(B[m[32m+                        .map_err(|error| {
(B[m[32m+                            AutoFixOperationFailure::new(
(B[m[32m+                                SAFE_VALIDATION_FAILED,
(B[m[32m+                                "The fake target did not pass filesystem revalidation.",
(B[m[32m+                            )
(B[m[32m+                            .with_diagnostic(format!(
(B[m[32m+                                "{:?}: {}",
(B[m[32m+                                error.kind,
(B[m[32m+                                error.user_message()
(B[m[32m+                            ))
(B[m[32m+                        })
(B[m                 }
             }
         }
Diff in /mnt/j/cmt-rs/src/services/autofix.rs:1231:
             ScannerProblemType::JunkFile,
             "fake-row",
             "Fake problem summary.",
[31m-            Some(ScannerSolutionKind::DeleteFile.as_reference_text().to_owned()),
(B[m[32m+            Some(
(B[m[32m+                ScannerSolutionKind::DeleteFile
(B[m[32m+                    .as_reference_text()
(B[m[32m+                    .to_owned(),
(B[m[32m+            ),
(B[m         )
     }
 
Diff in /mnt/j/cmt-rs/src/services/autofix.rs:1272:
         let snapshot = snapshot(pathless_result(ScannerSolutionKind::DeleteFile));
 
         assert!(service.support_catalog().is_empty());
[31m-        assert_eq!(service.support_catalog().support_for_result(&snapshot.results[0]), None);
(B[m[32m+        assert_eq!(
(B[m[32m+            service
(B[m[32m+                .support_catalog()
(B[m[32m+                .support_for_result(&snapshot.results[0]),
(B[m[32m+            None
(B[m[32m+        );
(B[m 
[31m-        let AutoFixPlanResult::Rejected(rejection) = service.plan(&snapshot, plan_request(&snapshot)) else {
(B[m[32m+        let AutoFixPlanResult::Rejected(rejection) =
(B[m[32m+            service.plan(&snapshot, plan_request(&snapshot))
(B[m[32m+        else {
(B[m             panic!("empty production registry must reject typed Auto-Fix solutions");
         };
[31m-        assert_eq!(rejection.reason, AutoFixRejectionReason::NoRegisteredHandler);
(B[m[32m+        assert_eq!(
(B[m[32m+            rejection.reason,
(B[m[32m+            AutoFixRejectionReason::NoRegisteredHandler
(B[m[32m+        );
(B[m         assert_eq!(rejection.scan_id, Some(42));
         assert_eq!(rejection.result_index, Some(0));
[31m-        assert_eq!(rejection.operation_key, Some(AutoFixOperationKey::DeleteFile));
(B[m[32m+        assert_eq!(
(B[m[32m+            rejection.operation_key,
(B[m[32m+            Some(AutoFixOperationKey::DeleteFile)
(B[m[32m+        );
(B[m         assert_eq!(rejection.safe_message, SAFE_UNAVAILABLE);
     }
 
Diff in /mnt/j/cmt-rs/src/services/autofix.rs:1301:
 
         assert_eq!(catalog.len(), 1);
         assert!(catalog.support_for_result(&supported.results[0]).is_some());
[31m-        assert!(catalog.support_for_result(&display_only.results[0]).is_none());
(B[m[32m+        assert!(
(B[m[32m+            catalog
(B[m[32m+                .support_for_result(&display_only.results[0])
(B[m[32m+                .is_none()
(B[m[32m+        );
(B[m 
[31m-        let AutoFixPlanResult::Rejected(unsupported) = service.plan(&display_only, plan_request(&display_only)) else {
(B[m[32m+        let AutoFixPlanResult::Rejected(unsupported) =
(B[m[32m+            service.plan(&display_only, plan_request(&display_only))
(B[m[32m+        else {
(B[m             panic!("display-only solution text must not create Auto-Fix eligibility");
         };
[31m-        assert_eq!(unsupported.reason, AutoFixRejectionReason::UnsupportedSolution);
(B[m[32m+        assert_eq!(
(B[m[32m+            unsupported.reason,
(B[m[32m+            AutoFixRejectionReason::UnsupportedSolution
(B[m[32m+        );
(B[m 
[31m-        let AutoFixPlanResult::Rejected(scan_mismatch) = service.plan(
(B[m[31m-            &supported,
(B[m[31m-            AutoFixPlanRequest::new(99, 0, identity.clone()),
(B[m[31m-        ) else {
(B[m[32m+        let AutoFixPlanResult::Rejected(scan_mismatch) =
(B[m[32m+            service.plan(&supported, AutoFixPlanRequest::new(99, 0, identity.clone()))
(B[m[32m+        else {
(B[m             panic!("wrong scan id must reject");
         };
         assert_eq!(scan_mismatch.reason, AutoFixRejectionReason::ScanMismatch);
Diff in /mnt/j/cmt-rs/src/services/autofix.rs:1318:
 
[31m-        let AutoFixPlanResult::Rejected(missing_index) = service.plan(
(B[m[31m-            &supported,
(B[m[31m-            AutoFixPlanRequest::new(42, 2, identity.clone()),
(B[m[31m-        ) else {
(B[m[32m+        let AutoFixPlanResult::Rejected(missing_index) =
(B[m[32m+            service.plan(&supported, AutoFixPlanRequest::new(42, 2, identity.clone()))
(B[m[32m+        else {
(B[m             panic!("unknown row index must reject");
         };
         assert_eq!(missing_index.reason, AutoFixRejectionReason::ResultNotFound);
Diff in /mnt/j/cmt-rs/src/services/autofix.rs:1355:
             panic!("registered fake operation should plan");
         };
 
[31m-        let AutoFixServiceResult::Completed(success) = success_service.execute(
(B[m[31m-            &success_snapshot,
(B[m[31m-            0,
(B[m[31m-            request_from_preview(success_preview),
(B[m[31m-        ) else {
(B[m[32m+        let AutoFixServiceResult::Completed(success) =
(B[m[32m+            success_service.execute(&success_snapshot, 0, request_from_preview(success_preview))
(B[m[32m+        else {
(B[m             panic!("valid fake request should complete");
         };
         assert_eq!(success.status.kind, AutoFixStatusKind::Fixed);
Diff in /mnt/j/cmt-rs/src/services/autofix.rs:1397:
             failure.detail.details,
             "The fake operation reported a controlled failure."
         );
[31m-        assert_eq!(failure.detail.diagnostic.as_deref(), Some("fake operation failure"));
(B[m[32m+        assert_eq!(
(B[m[32m+            failure.detail.diagnostic.as_deref(),
(B[m[32m+            Some("fake operation failure")
(B[m[32m+        );
(B[m         assert_eq!(fail_preconditions.load(Ordering::SeqCst), 1);
         assert_eq!(fail_executes.load(Ordering::SeqCst), 1);
     }
Diff in /mnt/j/cmt-rs/src/services/autofix.rs:1419:
         else {
             panic!("target-required operation must reject pathless results");
         };
[31m-        assert_eq!(missing_target.reason, AutoFixRejectionReason::MissingTargetPath);
(B[m[32m+        assert_eq!(
(B[m[32m+            missing_target.reason,
(B[m[32m+            AutoFixRejectionReason::MissingTargetPath
(B[m[32m+        );
(B[m         assert_eq!(pathless_executes.load(Ordering::SeqCst), 0);
 
         let (confirm_op, _confirm_preconditions, confirm_executes) =
Diff in /mnt/j/cmt-rs/src/services/autofix.rs:1431:
                 .with_confirmation("Delete this fake file?"),
             confirm_op,
         );
[31m-        let confirm_snapshot = snapshot(path_result(ScannerSolutionKind::DeleteFile, "Data/junk.txt"));
(B[m[32m+        let confirm_snapshot = snapshot(path_result(
(B[m[32m+            ScannerSolutionKind::DeleteFile,
(B[m[32m+            "Data/junk.txt",
(B[m[32m+        ));
(B[m         let AutoFixPlanResult::Planned(preview) =
             confirm_service.plan(&confirm_snapshot, plan_request(&confirm_snapshot))
         else {
Diff in /mnt/j/cmt-rs/src/services/autofix.rs:1443:
         else {
             panic!("missing confirmation must reject before execute");
         };
[31m-        assert_eq!(required.reason, AutoFixRejectionReason::ConfirmationRequired);
(B[m[32m+        assert_eq!(
(B[m[32m+            required.reason,
(B[m[32m+            AutoFixRejectionReason::ConfirmationRequired
(B[m[32m+        );
(B[m         assert_eq!(confirm_executes.load(Ordering::SeqCst), 0);
 
         let mut declined_request = request_from_preview(preview.clone());
Diff in /mnt/j/cmt-rs/src/services/autofix.rs:1453:
         else {
             panic!("declined confirmation must reject before execute");
         };
[31m-        assert_eq!(declined.reason, AutoFixRejectionReason::ConfirmationDeclined);
(B[m[32m+        assert_eq!(
(B[m[32m+            declined.reason,
(B[m[32m+            AutoFixRejectionReason::ConfirmationDeclined
(B[m[32m+        );
(B[m         assert_eq!(confirm_executes.load(Ordering::SeqCst), 0);
     }
 
Diff in /mnt/j/cmt-rs/src/services/autofix.rs:1469:
             support(AutoFixOperationKey::DeleteFile).with_required_target_path(),
             operation,
         );
[31m-        let snapshot = snapshot(path_result(ScannerSolutionKind::DeleteFile, "Data/missing.txt"));
(B[m[31m-        let AutoFixPlanResult::Planned(preview) = service.plan(&snapshot, plan_request(&snapshot)) else {
(B[m[32m+        let snapshot = snapshot(path_result(
(B[m[32m+            ScannerSolutionKind::DeleteFile,
(B[m[32m+            "Data/missing.txt",
(B[m[32m+        ));
(B[m[32m+        let AutoFixPlanResult::Planned(preview) = service.plan(&snapshot, plan_request(&snapshot))
(B[m[32m+        else {
(B[m             panic!("precondition checks happen during execute, not plan");
         };
 
