   Compiling cmt-rs v0.1.0 (/mnt/j/cmt-rs)
warning: large size difference between variants
   --> src/workers/events.rs:374:1
    |
374 | / pub enum WorkerPayload {
375 | |     /// No additional payload is neede...
376 | |     None,
377 | |     /// Progress text and optional cou...
378 | |  ...rkerProgress),
    | |  ...------------- the second-largest variant contains at least 56 bytes
...   |
388 | |  ...orkerPayload),
    | |  ...------------- the largest variant contains at least 496 bytes
...   |
396 | |     Generic(WorkerMessage),
397 | | }
    | |_^ the entire enum is at least 496 bytes
    |
    = help: for further information visit https://rust-lang.github.io/rust-clippy/rust-1.95.0/index.html#large_enum_variant
    = note: `#[warn(clippy::large_enum_variant)]` on by default
help: consider boxing the large fields or introducing indirection in some other way to reduce the total size of the enum
    |
388 -     Overview(OverviewWorkerPayload),
388 +     Overview(Box<OverviewWorkerPayload>),
    |

warning: large size difference between variants
   --> src/workers/events.rs:401:1
    |
401 | /   pub enum...
402 | |       /// ...
403 | | /     Refr...
404 | | |         ...
405 | | |         ...
406 | | |         ...
407 | | |         ...
408 | | |     },
    | | |_____- the largest variant contains at least 496 bytes
409 | |       /// ...
410 | | /     Upda...
411 | | |         ...
412 | | |         ...
413 | | |         ...
414 | | |         ...
415 | | |     },
    | | |_____- the second-largest variant contains at least 40 bytes
...   |
422 | |       },
423 | |   }
    | |___^ the entire enum is at least 496 bytes
    |
    = help: for further information visit https://rust-lang.github.io/rust-clippy/rust-1.95.0/index.html#large_enum_variant
help: consider boxing the large fields or introducing indirection in some other way to reduce the total size of the enum
    |
407 -         snapshot: OverviewSnapshot,
407 +         snapshot: Box<OverviewSnapshot>,
    |

warning: large size difference between variants
  --> src/workers/mod.rs:32:1
   |
32 | / pub enum WorkerTaskOutcome {
33 | |     /// Worker completed successfull...
34 | |   ...rkerPayload),
   | |   ...------------ the largest variant contains at least 496 bytes
35 | |     /// Worker observed cancellation...
36 | |   ...ancellation),
   | |   ...------------ the second-largest variant contains at least 24 bytes
37 | | }
   | |_^ the entire enum is at least 496 bytes
   |
   = help: for further information visit https://rust-lang.github.io/rust-clippy/rust-1.95.0/index.html#large_enum_variant
help: consider boxing the large fields or introducing indirection in some other way to reduce the total size of the enum
   |
34 -     Completed(WorkerPayload),
34 +     Completed(Box<WorkerPayload>),
   |

warning: `cmt-rs` (bin "cmt-rs") generated 3 warnings
warning: `cmt-rs` (bin "cmt-rs" test) generated 3 warnings (3 duplicates)
    Finished `dev` profile [unoptimized + debuginfo] target(s) in 17.58s
