## src/domain/overview.rs
-- archives at 48 --
40: pub const BINARY_PANEL_TITLE: &str = "Binaries (EXE/DLL/BIN)";
41: /// User-facing title for the archive summary panel.
42: pub const ARCHIVE_PANEL_TITLE: &str = "Archives (BA2)";
43: /// User-facing title for the module summary panel.
44: pub const MODULE_PANEL_TITLE: &str = "Modules (ESM/ESL/ESP)";
45: 
46: /// User-facing label for the Address Library binary row.
47: pub const BINARY_ADDRESS_LIBRARY_LABEL: &str = "Address Library";
48: /// User-facing archive row label for General/GNRL archives.
49: pub const ARCHIVE_GENERAL_LABEL: &str = "General";
50: /// User-facing archive row label for Texture/DX10 archives.
51: pub const ARCHIVE_TEXTURE_LABEL: &str = "Texture";
52: /// User-facing total row label used by archive and module panels.
53: pub const COUNT_TOTAL_LABEL: &str = "Total";
54: /// User-facing unreadable row label used by archive and module panels.
55: pub const COUNT_UNREADABLE_LABEL: &str = "Unreadable";
56: /// User-facing archive-version row label for v1 BA2 files.
57: pub const ARCHIVE_OLD_GEN_VERSION_LABEL: &str = "v1 (OG)";
58: /// User-facing archive-version row label for v7/v8 BA2 files.
59: pub const ARCHIVE_NEXT_GEN_VERSION_LABEL: &str = "v7/8 (NG)";
60: /// Reference archive count row order, excluding visual separators.
61: pub const ARCHIVE_COUNT_LABELS: [&str; 6] = [
62:     ARCHIVE_GENERAL_LABEL,
63:     ARCHIVE_TEXTURE_LABEL,
64:     COUNT_TOTAL_LABEL,
65:     COUNT_UNREADABLE_LABEL,
66:     ARCHIVE_OLD_GEN_VERSION_LABEL,
67:     ARCHIVE_NEXT_GEN_VERSION_LABEL,
68: ];
69: 
70: /// User-facing module row label for full plugins.
71: pub const MODULE_FULL_LABEL: &str = "Full";
72: /// User-facing module row label for light plugins.
73: pub const MODULE_LIGHT_LABEL: &str = "Light";
74: /// User-facing module row label for HEDR v1.00 plugins.
75: pub const MODULE_HEDR_100_LABEL: &str = "HEDR v1.00";
76: /// User-facing module row label for HEDR v0.95 plugins.
77: pub const MODULE_HEDR_095_LABEL: &str = "HEDR v0.95";
78: /// User-facing module row label for unsupported/unknown HEDR versions.
79: pub const MODULE_HEDR_UNKNOWN_LABEL: &str = "HEDR v????";
80: /// Reference module count row order, excluding visual separators.
81: pub const MODULE_COUNT_LABELS: [&str; 7] = [
82:     MODULE_FULL_LABEL,
83:     MODULE_LIGHT_LABEL,
84:     COUNT_TOTAL_LABEL,
85:     COUNT_UNREADABLE_LABEL,
86:     MODULE_HEDR_100_LABEL,
87:     MODULE_HEDR_095_LABEL,
88:     MODULE_HEDR_UNKNOWN_LABEL,
89: ];
90: 
91: /// Reference full-plugin limit used for Overview warning colors.
92: pub const MAX_MODULES_FULL: usize = 254;
93: /// Reference light-plugin limit used for Overview warning colors.

-- ArchiveRecord at 14 --
6: //! code can construct Overview state without touching Slint, the filesystem,
7: //! registry, process table, or network.
8: 
9: use std::path::{Path, PathBuf};
10: 
11: use crate::{
12:     domain::{
13:         discovery::{
14:             ArchiveFormat, ArchiveRecord, ArchiveVersion, Fallout4InstallType,
15:             Fallout4Installation, ModuleHeaderVersion, ModuleKind, ModuleRecord,
16:         },
17:         settings::UpdateSource,
18:     },
19:     platform::process::SystemMetadata,
20:     services::discovery::DiscoveredModManager,
21: };
22: 
23: /// User-facing label for the mod-manager top status row.
24: pub const TOP_ROW_MOD_MANAGER_LABEL: &str = "Mod Manager";
25: /// User-facing label for the game-path top status row.
26: pub const TOP_ROW_GAME_PATH_LABEL: &str = "Game Path";
27: /// User-facing label for the game-version top status row.
28: pub const TOP_ROW_VERSION_LABEL: &str = "Version";
29: /// User-facing label for the PC-specs top status row.
30: pub const TOP_ROW_PC_SPECS_LABEL: &str = "PC Specs";
31: /// Reference top-row order from `CMT/src/tabs/_overview.py`.
32: pub const TOP_STATUS_LABELS: [&str; 4] = [
33:     TOP_ROW_MOD_MANAGER_LABEL,
34:     TOP_ROW_GAME_PATH_LABEL,
35:     TOP_ROW_VERSION_LABEL,
36:     TOP_ROW_PC_SPECS_LABEL,
37: ];
38: 
39: /// User-facing title for the binary summary panel.
40: pub const BINARY_PANEL_TITLE: &str = "Binaries (EXE/DLL/BIN)";
41: /// User-facing title for the archive summary panel.
42: pub const ARCHIVE_PANEL_TITLE: &str = "Archives (BA2)";
43: /// User-facing title for the module summary panel.
44: pub const MODULE_PANEL_TITLE: &str = "Modules (ESM/ESL/ESP)";
45: 
46: /// User-facing label for the Address Library binary row.
47: pub const BINARY_ADDRESS_LIBRARY_LABEL: &str = "Address Library";
48: /// User-facing archive row label for General/GNRL archives.
49: pub const ARCHIVE_GENERAL_LABEL: &str = "General";
50: /// User-facing archive row label for Texture/DX10 archives.
51: pub const ARCHIVE_TEXTURE_LABEL: &str = "Texture";
52: /// User-facing total row label used by archive and module panels.
53: pub const COUNT_TOTAL_LABEL: &str = "Total";
54: /// User-facing unreadable row label used by archive and module panels.
55: pub const COUNT_UNREADABLE_LABEL: &str = "Unreadable";
56: /// User-facing archive-version row label for v1 BA2 files.
57: pub const ARCHIVE_OLD_GEN_VERSION_LABEL: &str = "v1 (OG)";
58: /// User-facing archive-version row label for v7/v8 BA2 files.
59: pub const ARCHIVE_NEXT_GEN_VERSION_LABEL: &str = "v7/8 (NG)";

-- OverviewSnapshot at 1296 --
1288:             action,
1289:             summary: summary.into(),
1290:         }
1291:     }
1292: }
1293: 
1294: /// Complete, UI-independent Overview snapshot.
1295: #[derive(Debug, Default, Clone, PartialEq, Eq)]
1296: pub struct OverviewSnapshot {
1297:     /// Last refresh lifecycle state.
1298:     pub refresh: OverviewRefreshState,
1299:     /// Top status rows derived from discovery and system metadata.
1300:     pub top: OverviewTopStatus,
1301:     /// Binary panel state.
1302:     pub binaries: BinaryPanelSummary,
1303:     /// Archive panel state.
1304:     pub archives: ArchivePanelSummary,
1305:     /// Module panel state.
1306:     pub modules: ModulePanelSummary,
1307:     /// Update banner state.
1308:     pub update_banner: UpdateBannerState,
1309:     /// Scanner-ready problem records.
1310:     pub problems: Vec<OverviewProblem>,
1311:     /// Last safe action error, such as a desktop-open failure.
1312:     pub last_action_error: Option<OverviewActionError>,
1313: }
1314: 
1315: impl OverviewSnapshot {
1316:     /// Creates an empty snapshot with labels/actions present and no OS access.
1317:     pub fn empty() -> Self {
1318:         Self::default()
1319:     }
1320: 
1321:     /// Creates a loading snapshot.
1322:     pub fn loading(message: impl Into<String>) -> Self {
1323:         Self {
1324:             refresh: OverviewRefreshState::loading(message),
1325:             ..Self::default()
1326:         }
1327:     }
1328: 
1329:     /// Creates a partial snapshot from already-safe data.
1330:     pub fn partial(message: impl Into<String>, problems: Vec<OverviewProblem>) -> Self {
1331:         Self {
1332:             refresh: OverviewRefreshState::partial(message),
1333:             problems,
1334:             ..Self::default()
1335:         }
1336:     }
1337: 
1338:     /// Creates an error snapshot from a safe message.
1339:     pub fn error(message: impl Into<String>) -> Self {
1340:         Self {
1341:             refresh: OverviewRefreshState::error(message),

## src/services/overview.rs
-- archives at 44 --
36: const ADDRESS_LIBRARY_LINK: &str = "https://www.nexusmods.com/fallout4/mods/47327";
37: const NO_MOD_MANAGER_SUMMARY: &str = "No Mod Manager Detected";
38: const WRONG_BINARY_VERSION_SUMMARY: &str =
39:     "The version of this binary does not match your installed game version.";
40: const WRONG_ARCHIVE_VERSION_SUMMARY: &str =
41:     "The version of this archive does not match your installed game version.";
42: const MISSING_BINARY_SUMMARY: &str = "This file is missing from your game installation.";
43: const MISSING_DATA_SUMMARY: &str = "The Data folder was not found in your game install path.";
44: const MISSING_CCC_SUMMARY: &str = "The CC list file was not found in your game install path.\nThis is used to detect which CC modules/archives may be enabled.";
45: const MISSING_PLUGINS_SUMMARY: &str =
46:     "plugins.txt was not found.\nThis is used to detect which modules/archives are enabled.";
47: const ARCHIVE_UNREADABLE_SUMMARY: &str =
48:     "Failed to read archive due to permissions or the file is missing.";
49: const MODULE_UNREADABLE_SUMMARY: &str =
50:     "Failed to read module due to permissions or the file is missing.";
51: const MODULE_UNKNOWN_SOLUTION: &str = "It may be possible to open/resave this file with Creation Kit to update its format for Fallout 4.\nYou should compare the original and resaved files with xEdit to verify no undesired changes were made.";
52: const VORTEX_PARTIAL_SUPPORT_SUMMARY: &str = "Note: Vortex is not yet fully supported.\nOverview should be accurate but Scanner will only look in Data and not your staging folders, so it cannot yet identify the source mod for each issue.";
53: const MO2_WINDOWS_24H2_SUMMARY: &str = "Note: MO2 2.5.2 and earlier have issues on Windows 11 24H2+.\nPython apps such as Wrye Bash and CLASSIC may give errors\nsuch as FileNotFound or fail to detect files that are only\npresent in the VFS and not the Data folder.";
54: const ARCHIVE_LIMIT_SOLUTION: &str = "Archives can be unpacked or merged to reduce your total.\nNote: Do not mix texture and non-texture archives when merging.\nUnpacking is only suggested for small non-texture archives for performance reasons.\nYou can use Unpackrr to quickly unpack small archives:";
55: const FULL_MODULE_LIMIT_SOLUTION: &str = "Many Full modules are eligible to be flagged as Light (ESL).\n\nThis guide walks you through the process in xEdit:";
56: const LIGHT_MODULE_LIMIT_SOLUTION: &str = "Some plugins will need to be removed or manually merged.\nWarning: Do not use old/outdated tools like zMerge with Fallout 4 unless\nyou understand their issues and how to fix the merged plugins afterward.";
57: const UNPACKRR_LINK: &str = "https://www.nexusmods.com/fallout4/mods/82082";
58: const ESL_GUIDE_LINK: &str = "https://themidnightride.moddinglinked.com/esl.html";
59: 
60: /// Input contract for the pure Overview diagnostic builder.
61: ///
62: /// Each field is pre-collected by another layer. The builder reads these facts
63: /// only; it does not attempt to repair, rescan, fetch updates, launch desktop
64: /// handlers, or infer file existence from paths.
65: pub struct OverviewDiagnosticsInput<'a> {
66:     /// Discovery report from the discovery service or a test fixture.
67:     pub discovery: &'a DiscoveryReport,
68:     /// Current typed application settings.
69:     pub settings: &'a AppSettings,
70:     /// Classified executable/DLL/BIN facts in display order.
71:     pub binaries: &'a [OverviewBinaryFact],
72:     /// Classified BA2 archive facts.
73:     pub archives: &'a [ArchiveRecord],
74:     /// Classified ESP/ESM/ESL module facts.
75:     pub modules: &'a [ModuleRecord],
76:     /// Injected enablement and required-file facts.
77:     pub enablement: &'a OverviewEnablementFacts,
78:     /// Update-check state supplied by a worker or test.
79:     pub update: &'a OverviewUpdateCheckState,
80:     /// Optional desktop action feedback from a previous UI action.
81:     pub last_desktop_action: Option<&'a OverviewDesktopActionFeedback>,
82: }
83: 
84: /// Pure builder for complete Overview snapshots.
85: #[derive(Debug, Default, Clone, Copy)]
86: pub struct OverviewDiagnostics;
87: 
88: impl OverviewDiagnostics {
89:     /// Builds a complete [`OverviewSnapshot`] from already-collected facts.

-- ArchiveRecord at 14 --
6: //! process, network, desktop, and Slint work must be performed by callers and
7: //! injected here as typed facts.
8: 
9: use std::path::{Path, PathBuf};
10: 
11: use crate::{
12:     domain::{
13:         discovery::{
14:             ArchiveFormat, ArchiveRecord, ArchiveVersion, Fallout4InstallType,
15:             Fallout4Installation, ModuleHeaderVersion, ModuleRecord,
16:         },
17:         overview::{
18:             ACTION_DOWNGRADE_MANAGER_LABEL, ARCHIVE_GENERAL_LABEL, ARCHIVE_TEXTURE_LABEL,
19:             ArchivePanelSummary, BINARY_PANEL_TITLE, BinaryPanelSummary, BinaryStatusRow,
20:             MODULE_FULL_LABEL, MODULE_LIGHT_LABEL, ModulePanelSummary, OverviewActionError,
21:             OverviewAvailability, OverviewDeferredAction, OverviewDeferredActionKind,
22:             OverviewGamePathStatus, OverviewModManagerStatus, OverviewProblem,
23:             OverviewProblemDetail, OverviewProblemLink, OverviewProblemSource, OverviewProblemType,
24:             OverviewRefreshState, OverviewSnapshot, OverviewTopStatus, StatusSeverity,
25:             UpdateBannerState, UpdateCheckFailure, UpdateRelease,
26:         },
27:         settings::{AppSettings, UpdateSource},
28:     },
29:     platform::process::SystemMetadata,
30:     services::discovery::{DiscoveredModManager, DiscoveryReport},
31: };
32: 
33: const UNMANAGED_MOD_NAME: &str = "<Unmanaged>";
34: const VERIFY_FILES_SOLUTION: &str = "Verify files with Steam or reinstall the game.\nIf you downgraded the game you will need to do so again afterward.";
35: const ADDRESS_LIBRARY_SUMMARY: &str = "Address Library is a requirement for many F4SE mods and playing downgraded,\nand likely needs to be installed.";
36: const ADDRESS_LIBRARY_LINK: &str = "https://www.nexusmods.com/fallout4/mods/47327";
37: const NO_MOD_MANAGER_SUMMARY: &str = "No Mod Manager Detected";
38: const WRONG_BINARY_VERSION_SUMMARY: &str =
39:     "The version of this binary does not match your installed game version.";
40: const WRONG_ARCHIVE_VERSION_SUMMARY: &str =
41:     "The version of this archive does not match your installed game version.";
42: const MISSING_BINARY_SUMMARY: &str = "This file is missing from your game installation.";
43: const MISSING_DATA_SUMMARY: &str = "The Data folder was not found in your game install path.";
44: const MISSING_CCC_SUMMARY: &str = "The CC list file was not found in your game install path.\nThis is used to detect which CC modules/archives may be enabled.";
45: const MISSING_PLUGINS_SUMMARY: &str =
46:     "plugins.txt was not found.\nThis is used to detect which modules/archives are enabled.";
47: const ARCHIVE_UNREADABLE_SUMMARY: &str =
48:     "Failed to read archive due to permissions or the file is missing.";
49: const MODULE_UNREADABLE_SUMMARY: &str =
50:     "Failed to read module due to permissions or the file is missing.";
51: const MODULE_UNKNOWN_SOLUTION: &str = "It may be possible to open/resave this file with Creation Kit to update its format for Fallout 4.\nYou should compare the original and resaved files with xEdit to verify no undesired changes were made.";
52: const VORTEX_PARTIAL_SUPPORT_SUMMARY: &str = "Note: Vortex is not yet fully supported.\nOverview should be accurate but Scanner will only look in Data and not your staging folders, so it cannot yet identify the source mod for each issue.";
53: const MO2_WINDOWS_24H2_SUMMARY: &str = "Note: MO2 2.5.2 and earlier have issues on Windows 11 24H2+.\nPython apps such as Wrye Bash and CLASSIC may give errors\nsuch as FileNotFound or fail to detect files that are only\npresent in the VFS and not the Data folder.";
54: const ARCHIVE_LIMIT_SOLUTION: &str = "Archives can be unpacked or merged to reduce your total.\nNote: Do not mix texture and non-texture archives when merging.\nUnpacking is only suggested for small non-texture archives for performance reasons.\nYou can use Unpackrr to quickly unpack small archives:";
55: const FULL_MODULE_LIMIT_SOLUTION: &str = "Many Full modules are eligible to be flagged as Light (ESL).\n\nThis guide walks you through the process in xEdit:";
56: const LIGHT_MODULE_LIMIT_SOLUTION: &str = "Some plugins will need to be removed or manually merged.\nWarning: Do not use old/outdated tools like zMerge with Fallout 4 unless\nyou understand their issues and how to fix the merged plugins afterward.";
57: const UNPACKRR_LINK: &str = "https://www.nexusmods.com/fallout4/mods/82082";
58: const ESL_GUIDE_LINK: &str = "https://themidnightride.moddinglinked.com/esl.html";
59: 

-- OverviewSnapshot at 24 --
16:         },
17:         overview::{
18:             ACTION_DOWNGRADE_MANAGER_LABEL, ARCHIVE_GENERAL_LABEL, ARCHIVE_TEXTURE_LABEL,
19:             ArchivePanelSummary, BINARY_PANEL_TITLE, BinaryPanelSummary, BinaryStatusRow,
20:             MODULE_FULL_LABEL, MODULE_LIGHT_LABEL, ModulePanelSummary, OverviewActionError,
21:             OverviewAvailability, OverviewDeferredAction, OverviewDeferredActionKind,
22:             OverviewGamePathStatus, OverviewModManagerStatus, OverviewProblem,
23:             OverviewProblemDetail, OverviewProblemLink, OverviewProblemSource, OverviewProblemType,
24:             OverviewRefreshState, OverviewSnapshot, OverviewTopStatus, StatusSeverity,
25:             UpdateBannerState, UpdateCheckFailure, UpdateRelease,
26:         },
27:         settings::{AppSettings, UpdateSource},
28:     },
29:     platform::process::SystemMetadata,
30:     services::discovery::{DiscoveredModManager, DiscoveryReport},
31: };
32: 
33: const UNMANAGED_MOD_NAME: &str = "<Unmanaged>";
34: const VERIFY_FILES_SOLUTION: &str = "Verify files with Steam or reinstall the game.\nIf you downgraded the game you will need to do so again afterward.";
35: const ADDRESS_LIBRARY_SUMMARY: &str = "Address Library is a requirement for many F4SE mods and playing downgraded,\nand likely needs to be installed.";
36: const ADDRESS_LIBRARY_LINK: &str = "https://www.nexusmods.com/fallout4/mods/47327";
37: const NO_MOD_MANAGER_SUMMARY: &str = "No Mod Manager Detected";
38: const WRONG_BINARY_VERSION_SUMMARY: &str =
39:     "The version of this binary does not match your installed game version.";
40: const WRONG_ARCHIVE_VERSION_SUMMARY: &str =
41:     "The version of this archive does not match your installed game version.";
42: const MISSING_BINARY_SUMMARY: &str = "This file is missing from your game installation.";
43: const MISSING_DATA_SUMMARY: &str = "The Data folder was not found in your game install path.";
44: const MISSING_CCC_SUMMARY: &str = "The CC list file was not found in your game install path.\nThis is used to detect which CC modules/archives may be enabled.";
45: const MISSING_PLUGINS_SUMMARY: &str =
46:     "plugins.txt was not found.\nThis is used to detect which modules/archives are enabled.";
47: const ARCHIVE_UNREADABLE_SUMMARY: &str =
48:     "Failed to read archive due to permissions or the file is missing.";
49: const MODULE_UNREADABLE_SUMMARY: &str =
50:     "Failed to read module due to permissions or the file is missing.";
51: const MODULE_UNKNOWN_SOLUTION: &str = "It may be possible to open/resave this file with Creation Kit to update its format for Fallout 4.\nYou should compare the original and resaved files with xEdit to verify no undesired changes were made.";
52: const VORTEX_PARTIAL_SUPPORT_SUMMARY: &str = "Note: Vortex is not yet fully supported.\nOverview should be accurate but Scanner will only look in Data and not your staging folders, so it cannot yet identify the source mod for each issue.";
53: const MO2_WINDOWS_24H2_SUMMARY: &str = "Note: MO2 2.5.2 and earlier have issues on Windows 11 24H2+.\nPython apps such as Wrye Bash and CLASSIC may give errors\nsuch as FileNotFound or fail to detect files that are only\npresent in the VFS and not the Data folder.";
54: const ARCHIVE_LIMIT_SOLUTION: &str = "Archives can be unpacked or merged to reduce your total.\nNote: Do not mix texture and non-texture archives when merging.\nUnpacking is only suggested for small non-texture archives for performance reasons.\nYou can use Unpackrr to quickly unpack small archives:";
55: const FULL_MODULE_LIMIT_SOLUTION: &str = "Many Full modules are eligible to be flagged as Light (ESL).\n\nThis guide walks you through the process in xEdit:";
56: const LIGHT_MODULE_LIMIT_SOLUTION: &str = "Some plugins will need to be removed or manually merged.\nWarning: Do not use old/outdated tools like zMerge with Fallout 4 unless\nyou understand their issues and how to fix the merged plugins afterward.";
57: const UNPACKRR_LINK: &str = "https://www.nexusmods.com/fallout4/mods/82082";
58: const ESL_GUIDE_LINK: &str = "https://themidnightride.moddinglinked.com/esl.html";
59: 
60: /// Input contract for the pure Overview diagnostic builder.
61: ///
62: /// Each field is pre-collected by another layer. The builder reads these facts
63: /// only; it does not attempt to repair, rescan, fetch updates, launch desktop
64: /// handlers, or infer file existence from paths.
65: pub struct OverviewDiagnosticsInput<'a> {
66:     /// Discovery report from the discovery service or a test fixture.
67:     pub discovery: &'a DiscoveryReport,
68:     /// Current typed application settings.
69:     pub settings: &'a AppSettings,

## src/services/overview_collector.rs
-- enabled_archives at 421 --
413:             request.installation,
414:             request.environment,
415:             data_index.as_ref(),
416:             detected_install_type,
417:             &mut diagnostics,
418:         );
419:         let archives = self.collect_archives(
420:             data_index.as_ref(),
421:             &enablement_inputs.enabled_archives,
422:             &mut diagnostics,
423:         );
424:         let modules = self.collect_modules(
425:             data_index.as_ref(),
426:             &enablement_inputs.enabled_modules,
427:             &mut diagnostics,
428:         );
429: 
430:         diagnostics.binary_count = binaries.len();
431:         diagnostics.archive_count = archives.len();
432:         diagnostics.module_count = modules.len();
433:         diagnostics.enabled_archive_count = archives.iter().filter(|record| record.enabled).count();
434:         diagnostics.enabled_module_count = modules.iter().filter(|record| record.enabled).count();
435:         diagnostics.record_phase(OverviewCollectionPhase::Binaries, binaries.len());
436:         diagnostics.record_phase(OverviewCollectionPhase::Archives, archives.len());
437:         diagnostics.record_phase(OverviewCollectionPhase::Modules, modules.len());
438: 
439:         normalize_binary_order(&mut binaries);
440: 
441:         debug!(
442:             binary_count = diagnostics.binary_count,
443:             archive_count = diagnostics.archive_count,
444:             module_count = diagnostics.module_count,
445:             enabled_archive_count = diagnostics.enabled_archive_count,
446:             enabled_module_count = diagnostics.enabled_module_count,
447:             missing_file_count = diagnostics.missing_file_count,
448:             unreadable_file_count = diagnostics.unreadable_file_count,
449:             "overview filesystem collection completed"
450:         );
451: 
452:         OverviewCollectedFacts {
453:             binaries,
454:             archives,
455:             modules,
456:             enablement: enablement_inputs.facts,
457:             diagnostics,
458:         }
459:     }
460: 
461:     fn collect_binaries(
462:         &self,
463:         installation: &Fallout4Installation,
464:         diagnostics: &mut OverviewCollectionDiagnostics,
465:     ) -> Vec<OverviewBinaryFact> {
466:         let mut facts = Vec::with_capacity(BASE_FILES.len());

-- archives at 239 --
231: }
232: 
233: /// Fully collected Overview facts ready for the pure diagnostics builder.
234: #[derive(Debug, Default, Clone, PartialEq, Eq)]
235: pub struct OverviewCollectedFacts {
236:     /// Classified executable/DLL/BIN facts in reference display order.
237:     pub binaries: Vec<OverviewBinaryFact>,
238:     /// Classified BA2 records in deterministic path order.
239:     pub archives: Vec<ArchiveRecord>,
240:     /// Classified ESM/ESL/ESP records in deterministic path order.
241:     pub modules: Vec<ModuleRecord>,
242:     /// Required-file and enablement-file state.
243:     pub enablement: OverviewEnablementFacts,
244:     /// Safe collection diagnostics for logs, UI refresh state, or tests.
245:     pub diagnostics: OverviewCollectionDiagnostics,
246: }
247: 
248: /// High-level collector phase used by safe diagnostics.
249: #[derive(Debug, Clone, Copy, PartialEq, Eq, PartialOrd, Ord, Hash)]
250: pub enum OverviewCollectionPhase {
251:     /// Reference base executable/DLL/BIN classification.
252:     Binaries,
253:     /// Optional Data directory traversal.
254:     DataTraversal,
255:     /// Fallout4.ccc, plugins.txt, and INI enablement parsing.
256:     Enablement,
257:     /// Address Library bin existence check.
258:     AddressLibrary,
259:     /// BA2 header classification.
260:     Archives,
261:     /// ESM/ESL/ESP header classification.
262:     Modules,
263: }
264: 
265: impl OverviewCollectionPhase {
266:     /// Returns a stable lowercase phase label for logs and diagnostics.
267:     pub const fn as_str(self) -> &'static str {
268:         match self {
269:             Self::Binaries => "binaries",
270:             Self::DataTraversal => "data_traversal",
271:             Self::Enablement => "enablement",
272:             Self::AddressLibrary => "address_library",
273:             Self::Archives => "archives",
274:             Self::Modules => "modules",
275:         }
276:     }
277: }
278: 
279: /// Safe diagnostic category for a collector observation.
280: #[derive(Debug, Clone, Copy, PartialEq, Eq, PartialOrd, Ord, Hash)]
281: pub enum OverviewCollectionDiagnosticKind {
282:     /// An optional or required input was not present.
283:     Missing,
284:     /// An existing input could not be read.

-- ArchiveRecord at 18 --
10:     path::{Path, PathBuf},
11: };
12: 
13: use crc32fast::Hasher;
14: use tracing::{debug, info_span};
15: 
16: use crate::{
17:     domain::discovery::{
18:         ArchiveFormat, ArchiveRecord, ArchiveVersion, Fallout4IniFiles, Fallout4InstallType,
19:         Fallout4Installation, ModuleHeaderVersion, ModuleKind, ModuleRecord,
20:     },
21:     platform::{
22:         PlatformError, PlatformErrorKind,
23:         filesystem::{DirectoryEntry, FileType, Filesystem},
24:         process::{ProcessInspector, VersionMetadata},
25:     },
26:     services::overview::{
27:         OverviewAddressLibraryFact, OverviewBinaryFact, OverviewEnablementFacts,
28:         OverviewFilePresence,
29:     },
30: };
31: 
32: const BA2_HEADER_LEN: usize = 12;
33: const MODULE_HEADER_LEN: usize = 34;
34: const MODULE_LIGHT_FLAG: u32 = 0x0200;
35: const NG_STARTUP_BA2_CRC: &str = "A5808F5F";
36: 
37: const ARCHIVE_LIST_KEYS: [&str; 4] = [
38:     "sresourceindexfilelist",
39:     "sresourcestartuparchivelist",
40:     "sresourcearchivelist",
41:     "sresourcearchivelist2",
42: ];
43: 
44: const GAME_MASTERS: [&str; 9] = [
45:     "fallout4.esm",
46:     "fallout4_vr.esm",
47:     "dlcrobot.esm",
48:     "dlcworkshop01.esm",
49:     "dlcworkshop02.esm",
50:     "dlcworkshop03.esm",
51:     "dlccoast.esm",
52:     "dlcnukaworld.esm",
53:     "dlcultrahighresolution.esm",
54: ];
55: 
56: const MODULE_VERSION_095: [u8; 4] = [0x33, 0x33, 0x73, 0x3f];
57: const MODULE_VERSION_100: [u8; 4] = [0x00, 0x00, 0x80, 0x3f];
58: 
59: const BASE_FILES: &[BaseFileDefinition] = &[
60:     BaseFileDefinition {
61:         relative_path: "Fallout4.exe",
62:         classifications: &[
63:             BaseFileClassification::version("1.10.120.0", Fallout4InstallType::Obsolete),

-- BA2_HEADER_LEN at 32 --
24:         process::{ProcessInspector, VersionMetadata},
25:     },
26:     services::overview::{
27:         OverviewAddressLibraryFact, OverviewBinaryFact, OverviewEnablementFacts,
28:         OverviewFilePresence,
29:     },
30: };
31: 
32: const BA2_HEADER_LEN: usize = 12;
33: const MODULE_HEADER_LEN: usize = 34;
34: const MODULE_LIGHT_FLAG: u32 = 0x0200;
35: const NG_STARTUP_BA2_CRC: &str = "A5808F5F";
36: 
37: const ARCHIVE_LIST_KEYS: [&str; 4] = [
38:     "sresourceindexfilelist",
39:     "sresourcestartuparchivelist",
40:     "sresourcearchivelist",
41:     "sresourcearchivelist2",
42: ];
43: 
44: const GAME_MASTERS: [&str; 9] = [
45:     "fallout4.esm",
46:     "fallout4_vr.esm",
47:     "dlcrobot.esm",
48:     "dlcworkshop01.esm",
49:     "dlcworkshop02.esm",
50:     "dlcworkshop03.esm",
51:     "dlccoast.esm",
52:     "dlcnukaworld.esm",
53:     "dlcultrahighresolution.esm",
54: ];
55: 
56: const MODULE_VERSION_095: [u8; 4] = [0x33, 0x33, 0x73, 0x3f];
57: const MODULE_VERSION_100: [u8; 4] = [0x00, 0x00, 0x80, 0x3f];
58: 
59: const BASE_FILES: &[BaseFileDefinition] = &[
60:     BaseFileDefinition {
61:         relative_path: "Fallout4.exe",
62:         classifications: &[
63:             BaseFileClassification::version("1.10.120.0", Fallout4InstallType::Obsolete),
64:             BaseFileClassification::version("1.10.130.0", Fallout4InstallType::Obsolete),
65:             BaseFileClassification::version("1.10.138.0", Fallout4InstallType::Obsolete),
66:             BaseFileClassification::version("1.10.162.0", Fallout4InstallType::Obsolete),
67:             BaseFileClassification::version("1.10.163.0", Fallout4InstallType::OldGen),
68:             BaseFileClassification::version("1.10.980.0", Fallout4InstallType::Obsolete),
69:             BaseFileClassification::version("1.10.984.0", Fallout4InstallType::NextGen),
70:             BaseFileClassification::version("1.11.137.0", Fallout4InstallType::Obsolete),
71:             BaseFileClassification::version("1.11.159.0", Fallout4InstallType::Obsolete),
72:             BaseFileClassification::version("1.11.169.0", Fallout4InstallType::Obsolete),
73:             BaseFileClassification::version("1.11.191.0", Fallout4InstallType::Anniversary),
74:         ],
75:     },
76:     BaseFileDefinition {
77:         relative_path: "Fallout4Launcher.exe",

