   Compiling proc-macro2 v1.0.106
   Compiling quote v1.0.45
   Compiling libm v0.2.16
   Compiling autocfg v1.5.0
    Checking windows-link v0.2.1
   Compiling serde_core v1.0.228
   Compiling crc32fast v1.5.0
   Compiling icu_properties_data v2.2.0
   Compiling icu_normalizer_data v2.2.0
   Compiling version_check v0.9.5
    Checking stable_deref_trait v1.2.1
   Compiling smallvec v1.15.1
   Compiling thiserror v2.0.18
   Compiling arrayvec v0.7.6
    Checking writeable v0.6.3
   Compiling portable-atomic v1.13.1
   Compiling libc v0.2.186
    Checking critical-section v1.2.0
   Compiling pulldown-cmark v0.13.3
   Compiling convert_case v0.10.0
   Compiling unicode-xid v0.2.6
   Compiling crossbeam-utils v0.8.21
    Checking litemap v0.8.2
   Compiling num-traits v0.2.19
   Compiling bitflags v2.11.1
   Compiling heck v0.5.0
    Checking utf8_iter v1.0.4
    Checking windows-result v0.4.1
    Checking windows-strings v0.5.1
    Checking log v0.4.29
   Compiling rayon-core v1.13.0
   Compiling anyhow v1.0.102
   Compiling cfg_aliases v0.2.1
    Checking cfg-if v1.0.4
    Checking simd-adler32 v0.3.9
    Checking allocator-api2 v0.2.21
    Checking foldhash v0.2.0
   Compiling khronos_api v3.1.0
   Compiling pkg-config v0.3.33
    Checking equivalent v1.0.2
    Checking hashbrown v0.16.1
   Compiling slotmap v1.1.1
   Compiling crossbeam-epoch v0.9.18
    Checking once_cell v1.21.4
    Checking core_maths v0.1.1
   Compiling syn v2.0.117
   Compiling crossbeam-deque v0.8.6
   Compiling zmij v1.0.21
   Compiling yeslogic-fontconfig-sys v6.0.1
    Checking adler2 v2.0.1
    Checking memchr v2.8.0
    Checking windows-link v0.1.3
    Checking miniz_oxide v0.8.9
   Compiling flate2 v1.1.9
   Compiling num-integer v0.1.46
    Checking windows-threading v0.2.1
   Compiling xml-rs v0.8.28
   Compiling windows_x86_64_gnu v0.52.6
   Compiling semver v1.0.28
   Compiling zerocopy v0.8.48
   Compiling rayon v1.12.0
   Compiling num-bigint v0.4.6
   Compiling rustc_version v0.4.1
   Compiling gl_generator v0.14.0
   Compiling memmap2 v0.9.10
   Compiling memoffset v0.9.1
    Checking windows-sys v0.61.2
   Compiling as-slice v0.2.1
    Checking float-cmp v0.9.0
   Compiling av-scenechange v0.14.1
   Compiling serde_json v1.0.149
   Compiling built v0.8.0
   Compiling hashbrown v0.17.1
   Compiling icu_locale_data v2.2.0
   Compiling paste v1.0.15
   Compiling num-rational v0.4.2
    Checking unicode-segmentation v1.13.2
   Compiling toml_parser v1.1.2+spec-1.1.0
   Compiling indexmap v2.14.0
   Compiling synstructure v0.13.2
    Checking strict-num v0.1.1
   Compiling rav1e v0.8.1
   Compiling aligned v0.4.3
   Compiling field-offset v0.3.6
   Compiling ttf-parser v0.25.1
    Checking euclid v0.22.14
    Checking windows-result v0.3.4
    Checking windows-strings v0.4.2
    Checking tracing-core v0.1.36
    Checking fdeflate v0.3.7
    Checking polycool v0.4.0
   Compiling nom v8.0.0
   Compiling no_std_io2 v0.9.4
   Compiling toml_datetime v1.1.1+spec-1.1.0
   Compiling icu_segmenter_data v2.2.0
    Checking pin-project-lite v0.2.17
    Checking arrayref v0.3.9
   Compiling toml_writer v1.1.1+spec-1.1.0
   Compiling y4m v0.8.0
   Compiling pastey v0.1.1
    Checking tinyvec_macros v0.1.1
   Compiling toml_edit v0.25.11+spec-1.1.0
    Checking lyon_geom v1.0.19
    Checking png v0.18.1
    Checking tinyvec v1.11.0
    Checking kurbo v0.13.1
   Compiling bitstream-io v4.10.0
    Checking windows-targets v0.52.6
   Compiling maybe-rayon v0.1.1
   Compiling simd_helpers v0.1.0
    Checking unicode-width v0.2.2
   Compiling rustversion v1.0.22
    Checking unicode-ccc v0.4.0
    Checking parlance v0.1.0
   Compiling new_debug_unreachable v1.0.6
    Checking unicode-script v0.5.8
    Checking siphasher v1.0.3
    Checking unicode-bidi-mirroring v0.4.0
   Compiling noop_proc_macro v0.3.0
    Checking linebender_resource_handle v0.1.1
    Checking zune-core v0.5.1
    Checking unicode-properties v0.1.4
    Checking byteorder-lite v0.1.0
    Checking svgtypes v0.16.1
    Checking zune-jpeg v0.5.15
   Compiling loop9 v0.1.5
   Compiling bytemuck_derive v1.10.2
   Compiling zerofrom-derive v0.1.7
   Compiling yoke-derive v0.8.2
   Compiling zerovec-derive v0.11.3
   Compiling displaydoc v0.2.5
   Compiling windows-interface v0.59.3
   Compiling windows-implement v0.60.2
   Compiling thiserror-impl v2.0.18
   Compiling derive_more-impl v2.1.1
   Compiling equator-macro v0.4.2
   Compiling strum_macros v0.28.0
   Compiling zerocopy-derive v0.8.48
   Compiling arg_enum_proc_macro v0.3.4
   Compiling profiling-procmacros v1.0.18
   Compiling tracing-attributes v0.1.31
   Compiling num-derive v0.4.2
   Compiling equator v0.4.2
    Checking windows-core v0.62.2
    Checking windows-core v0.61.2
   Compiling profiling v1.0.18
   Compiling const-field-offset-macro v0.2.0
   Compiling snafu-derive v0.8.9
   Compiling aligned-vec v0.6.4
   Compiling bytemuck v1.25.0
    Checking getopts v0.2.24
    Checking windows-collections v0.3.2
   Compiling font-types v0.11.3
   Compiling v_frame v0.3.9
    Checking windows-future v0.3.2
    Checking windows-numerics v0.3.1
    Checking tiny-skia-path v0.12.0
    Checking read-fonts v0.37.0
   Compiling av1-grain v0.2.5
   Compiling rgb v0.8.53
    Checking windows v0.62.2
    Checking zerofrom v0.1.8
   Compiling yoke v0.8.2
    Checking tracing v0.1.44
    Checking rustybuzz v0.20.1
   Compiling zerovec v0.11.6
    Checking zerotrie v0.2.4
   Compiling fontdb v0.23.0
    Checking windows-sys v0.52.0
   Compiling tinystr v0.8.3
    Checking potential_utf v0.1.5
    Checking icu_collections v2.2.0
    Checking icu_locale_core v2.2.0
   Compiling proc-macro-crate v3.5.0
    Checking lyon_path v1.0.19
   Compiling derive_more v2.1.1
    Checking icu_provider v2.2.0
    Checking roxmltree v0.21.1
    Checking simplecss v0.2.2
   Compiling zune-inflate v0.2.54
   Compiling avif-serialize v0.8.9
   Compiling lebe v0.5.3
    Checking imagesize v0.14.0
    Checking icu_properties v2.2.0
    Checking icu_normalizer v2.2.0
    Checking skrifa v0.40.0
   Compiling half v2.7.1
    Checking icu_locale v2.2.0
   Compiling bit_field v0.10.3
   Compiling fax v0.2.7
    Checking yazi v0.2.1
    Checking pico-args v0.5.0
    Checking data-url v0.3.2
    Checking unicode-vo v0.1.0
    Checking raw-window-handle v0.6.2
    Checking quick-error v2.0.1
   Compiling rspolib v0.1.2
    Checking unicode-bidi v0.3.18
    Checking weezl v0.1.12
    Checking pulldown-cmark-escape v0.11.0
    Checking color_quant v1.1.0
   Compiling percent-encoding v2.3.2
    Checking zeno v0.3.3
   Compiling fontique v0.8.0
    Checking xmlwriter v0.1.0
   Compiling windows_x86_64_gnu v0.53.1
    Checking unicase v2.9.0
    Checking pxfm v0.1.29
    Checking base64 v0.22.1
   Compiling usvg v0.47.0
    Checking gif v0.14.2
   Compiling form_urlencoded v1.2.2
   Compiling idna_adapter v1.2.2
    Checking parley_data v0.8.0
    Checking swash v0.2.7
   Compiling idna v1.1.0
    Checking icu_segmenter v2.2.0
    Checking image-webp v0.2.4
   Compiling ravif v0.13.0
   Compiling tiff v0.11.3
   Compiling snafu v0.8.9
   Compiling exr v1.74.0
    Checking moxcms v0.8.1
   Compiling i-slint-common v1.16.1
   Compiling num_enum_derive v0.7.6
    Checking harfrust v0.5.2
    Checking const-field-offset v0.2.0
   Compiling tiny-skia v0.12.0
   Compiling qoi v0.4.1
   Compiling vtable-macro v0.4.0
   Compiling pin-project-internal v1.1.13
   Compiling derive_utils v0.15.1
   Compiling glutin_wgl_sys v0.6.1
   Compiling glutin_egl_sys v0.7.1
    Checking windows-threading v0.1.0
   Compiling winit v0.30.13
   Compiling text-size v1.1.1
   Compiling anstyle v1.0.14
    Checking dpi v0.1.2
   Compiling countme v3.0.1
   Compiling natord v1.0.9
    Checking htmlparser v0.2.1
   Compiling linked-hash-map v0.5.6
   Compiling i-slint-compiler v1.16.1
   Compiling rustc-hash v1.1.0
   Compiling serde v1.0.228
   Compiling hashbrown v0.14.5
   Compiling linked_hash_set v0.1.6
   Compiling rowan v0.16.1
   Compiling annotate-snippets v0.12.16
   Compiling image v0.25.10
    Checking vtable v0.4.0
   Compiling auto_enums v0.8.8
    Checking windows-future v0.2.1
   Compiling resvg v0.47.0
   Compiling num_enum v0.7.6
   Compiling lyon_extra v1.1.0
   Compiling i-slint-core-macros v1.16.1
    Checking pin-project v1.1.13
   Compiling url v2.5.8
    Checking lyon_algorithms v1.0.20
   Compiling strum v0.28.0
    Checking windows-numerics v0.2.0
    Checking windows-collections v0.2.0
   Compiling serde_derive v1.0.228
    Checking taffy v0.9.2
    Checking chrono v0.4.44
    Checking clru v0.6.3
   Compiling glutin v0.32.3
    Checking scoped-tls-hkt v0.1.5
   Compiling pin-utils v0.1.0
    Checking smol_str v0.2.2
    Checking unicode-linebreak v0.1.5
    Checking either v1.15.0
    Checking pin-weak v1.1.0
   Compiling smol_str v0.3.6
    Checking accesskit v0.22.0
    Checking sys-locale v0.3.2
    Checking scopeguard v1.2.0
   Compiling by_address v1.2.1
   Compiling typed-index-collections v3.5.0
    Checking cursor-icon v1.2.0
    Checking slab v0.4.12
    Checking itertools v0.14.0
    Checking accesskit_consumer v0.32.0
   Compiling spin_on v0.1.1
    Checking windows v0.61.3
    Checking windows-targets v0.53.5
   Compiling glutin-winit v0.5.0
    Checking libloading v0.8.9
    Checking fnv v1.0.7
   Compiling winapi-x86_64-pc-windows-gnu v0.4.0
    Checking static_assertions v1.1.0
    Checking glow v0.17.0
    Checking error-code v3.3.2
    Checking imgref v1.12.1
    Checking crossbeam-channel v0.5.15
    Checking clipboard-win v5.4.1
    Checking windows-sys v0.60.2
    Checking integer-sqrt v0.1.5
   Compiling i-slint-backend-winit v1.16.1
   Compiling winapi v0.3.9
    Checking copypasta v0.10.2
   Compiling i-slint-backend-selector v1.16.1
    Checking webbrowser v1.2.1
    Checking softbuffer v0.4.8
   Compiling ntapi v0.4.3
    Checking regex-syntax v0.8.10
    Checking femtovg v0.23.2
    Checking winapi-util v0.1.11
    Checking winnow v1.0.3
    Checking option-ext v0.2.0
    Checking lazy_static v1.5.0
    Checking regex-automata v0.4.14
    Checking dirs-sys v0.5.0
    Checking sharded-slab v0.1.7
    Checking same-file v1.0.6
   Compiling tokio-macros v2.7.0
    Checking nu-ansi-term v0.50.3
    Checking tracing-log v0.2.0
    Checking serde_spanned v1.1.1
    Checking thread_local v1.1.9
    Checking itoa v1.0.18
    Checking walkdir v2.5.0
    Checking directories v6.0.0
    Checking windows-registry v0.6.1
    Checking toml v1.1.2+spec-1.1.0
    Checking matchers v0.2.0
    Checking tracing-subscriber v0.3.23
    Checking keyboard-types v0.7.0
    Checking tokio v1.52.3
    Checking muda v0.18.0
    Checking accesskit_windows v0.30.0
    Checking accesskit_winit v0.30.0
   Compiling slint-build v1.16.1
    Checking sysinfo v0.39.2
    Checking parley v0.8.0
    Checking i-slint-core v1.16.1
   Compiling slint-macros v1.16.1
   Compiling cmt-rs v0.1.0 (/mnt/j/cmt-rs)
    Checking i-slint-renderer-femtovg v1.16.1
    Checking i-slint-renderer-software v1.16.1
    Checking slint v1.16.1
error[E0432]: unresolved imports `windows::Win32::System::Diagnostics::Debug::GetFileVersionInfoSizeW`, `windows::Win32::System::Diagnostics::Debug::GetFileVersionInfoW`, `windows::Win32::System::Diagnostics::Debug::VS_FIXEDFILEINFO`, `windows::Win32::System::Diagnostics::Debug::VerQueryValueW`
   --> src/platform/process.rs:215:13
    |
215 | ...   GetFi...SizeW, GetFileVersionI...FIXEDFILEINFO, VerQueryValueW,
    |       ^^^^^...^^^^^  ^^^^^^^^^^^^^^^...^^^^^^^^^^^^^  ^^^^^^^^^^^^^^ no `VerQueryValueW` in `Win32::System::Diagnostics::Debug`
    |       |                        |                    |
    |       |                        |                    no `VS_FIXEDFILEINFO` in `Win32::System::Diagnostics::Debug`
    |       |                        no `GetFileVersionInfoW` in `Win32::System::Diagnostics::Debug`
    |       no `GetFileVersionInfoSizeW` in `Win32::System::Diagnostics::Debug`

error[E0603]: struct `Error` is private
   --> src/platform/registry.rs:137:55
    |
137 | ...y::Error) -...
    |       ^^^^^ private struct
    |
note: the struct `Error` is defined here
   --> /home/evild/.cargo/registry/src/index.crates.io-1949cf8c6b5b557f/windows-registry-0.6.1/src/lib.rs:49:5
    |
 49 | use...dows_result::*;
    |    ...^^^^^^^^^^^
help: import `Error` directly
    |
137 - fn registry_error_is_absent(error: &windows_registry::Error) -> bool {
137 + fn registry_error_is_absent(error: &windows_result::error::Error) -> bool {
    |

Some errors have detailed explanations: E0432, E0603.
For more information about an error, try `rustc --explain E0432`.
error: could not compile `cmt-rs` (bin "cmt-rs") due to 2 previous errors
