app::archive_patcher_controller::tests::archive_patcher_controller_open_loads_candidates_and_ignores_stale_payloads: test
app::archive_patcher_controller::tests::archive_patcher_controller_restore_without_manifest_and_non_archive_events_are_safe: test
app::downgrader_controller::tests::downgrader_controller_option_changes_invalidate_plan_and_reject_malformed_values: test
app::downgrader_controller::tests::downgrader_controller_stale_status_plan_and_run_events_are_ignored: test
app::f4se_controller::tests::f4se_controller_stale_completion_is_ignored_and_preserves_ready_rows: test
app::overview_controller::tests::overview_controller_ignores_stale_refresh_when_second_request_is_newer: test
app::scanner_controller::tests::scanner_controller_autofix_selection_change_and_new_scan_make_completion_stale: test
app::scanner_controller::tests::scanner_controller_ignores_stale_progress_completion_and_action_events: test
app::scanner_controller::tests::scanner_controller_selecting_missing_result_clears_details_safely: test
domain::archive_patcher::archive_patcher_domain::archive_patcher_domain_progress_counts_and_manifest_are_typed: test
domain::overview::overview_domain::missing_game_path_and_data_marker_are_safe_overview_domain_states: test
domain::scanner::scanner_domain::scanner_domain_copy_details_text_handles_mod_and_missing_solution: test
domain::settings::tests::settings_missing_file_defaults: test
platform::filesystem::tests::real_filesystem_missing_file_maps_to_typed_not_found: test
platform::settings_store::tests::settings_missing_file_defaults: test
platform::settings_store::tests::settings_repair_malformed_json_resets_to_defaults: test
services::archive_patcher::archive_patcher_executor::archive_patcher_executor_aborts_before_manifest_when_digest_mismatches: test
services::archive_patcher::archive_patcher_executor::archive_patcher_executor_aborts_before_mutation_when_manifest_write_fails: test
services::archive_patcher::archive_patcher_executor::archive_patcher_executor_maps_permission_write_failure_per_file: test
services::archive_patcher::archive_patcher_executor::archive_patcher_executor_patches_v7_and_v8_to_v1_after_manifest_write: test
services::archive_patcher::archive_patcher_executor::archive_patcher_executor_read_permission_failure_is_visible: test
services::archive_patcher::archive_patcher_executor::archive_patcher_executor_restore_skips_stale_files_without_writing: test
services::archive_patcher::archive_patcher_executor::archive_patcher_executor_restores_last_run_from_manifest: test
services::archive_patcher::archive_patcher_service_plan::archive_patcher_service_plan_digest_changes_with_path_version_and_target: test
services::archive_patcher::archive_patcher_service_plan::archive_patcher_service_plan_marks_stale_target_transition_as_failure: test
services::archive_patcher::archive_patcher_service_plan::archive_patcher_service_plan_reads_bounded_header_and_builds_manifest_entry: test
services::archive_patcher::archive_patcher_service_plan::archive_patcher_service_plan_records_bad_magic_version_format_and_short_headers: test
services::autofix::scanner_autofix_service::scanner_autofix_service_catalog_uses_typed_solution_and_rejects_stale_inputs: test
services::autofix::scanner_autofix_service::scanner_autofix_service_rejects_missing_target_and_confirmation_before_execute: test
services::discovery::tests::mo2_missing_selected_profile_returns_typed_manager_error: test
services::discovery::tests::valid_game_directory_can_return_partial_missing_derived_paths: test
services::downgrader::tests::downgrader_executor_logs_permission_failures_and_continues_safely: test
services::downgrader::tests::downgrader_service_plan_marks_missing_unknown_obsolete_and_anniversary_rows_safely: test
services::downgrader::tests::downgrader_service_plan_rejects_missing_and_unsafe_roots: test
services::f4se::tests::f4se_dll_inspector_malformed_bytes_return_typed_parse_failure: test
services::f4se::tests::f4se_scan_service_malformed_parser_failure_stays_visible_and_continues: test
services::f4se::tests::f4se_scan_service_missing_data_for_absent_installation_or_data_path: test
services::f4se::tests::f4se_scan_service_missing_plugins_message_respects_manager_hint: test
services::overview::overview_diagnostics::overview_diagnostics_missing_data_is_partial_not_fatal_even_without_f4se_path: test
services::overview::overview_diagnostics::overview_diagnostics_missing_enablement_files_and_address_library_are_reported: test
services::overview::overview_diagnostics::overview_diagnostics_next_gen_allows_missing_steam_loader_and_missing_f4se_path: test
services::overview_collector::overview_collector_tests::overview_collector_classifies_binary_versions_crc_fallback_unknown_and_missing_base_files: test
services::overview_collector::overview_collector_tests::overview_collector_marks_missing_ccc_and_non_utf8_plugins_without_modal_fallback_failure: test
services::overview_collector::overview_collector_tests::overview_collector_reads_bounded_ba2_headers_and_classifies_versions_formats_and_errors: test
services::overview_collector::overview_collector_tests::overview_collector_reads_bounded_module_headers_and_classifies_light_full_hedr_and_unreadable: test
services::overview_collector::overview_collector_tests::overview_collector_reports_missing_base_data_and_address_library_without_panics: test
services::scanner::scanner_scan_service::scanner_scan_service_malformed_modlist_surfaces_safe_error_without_panic: test
services::scanner::scanner_scan_service::scanner_scan_service_missing_data_returns_safe_visible_row_and_no_traversal: test
services::scanner::scanner_scan_service::scanner_scan_service_missing_mo2_modlist_is_error_row_and_data_scan_continues: test
services::update::overview_update_tests::overview_update_malformed_github_json_is_silent_with_diagnostics: test
tests::s07_scanner_runtime_wiring_applies_progress_completion_stale_and_zero_results: test
tests::s08_scanner_autofix_runtime_wiring_stale_completion_is_ignored: test
tests::s09_downgrader_runtime_wiring_live_feedback_stale_close_and_spawn_failure_project_safely: test
