    Updating crates.io index
     Locking 43 packages to latest Rust 1.95.0 compatible versions
      Adding aws-lc-rs v1.17.0
      Adding aws-lc-sys v0.41.0
      Adding cmake v0.1.58
      Adding dunce v1.0.5
      Adding fs_extra v1.3.0
      Adding http v1.4.0
      Adding http-body v1.0.1
      Adding http-body-util v0.1.3
      Adding httparse v1.10.1
      Adding hyper v1.9.0
      Adding hyper-rustls v0.27.9
      Adding hyper-util v0.1.20
      Adding ipnet v2.12.0
      Adding lru-slab v0.1.2
      Adding mio v1.2.0
      Adding openssl-probe v0.2.1
      Adding quinn v0.11.9
      Adding quinn-proto v0.11.14
      Adding quinn-udp v0.5.14
      Adding reqwest v0.13.3
      Adding ring v0.17.14
      Adding rustls v0.23.40
      Adding rustls-native-certs v0.8.3
      Adding rustls-pki-types v1.14.1
      Adding rustls-platform-verifier v0.7.0
      Adding rustls-platform-verifier-android v0.1.1
      Adding rustls-webpki v0.103.13
      Adding schannel v0.1.29
      Adding security-framework v3.7.0
      Adding security-framework-sys v2.17.0
      Adding socket2 v0.6.3
      Adding subtle v2.6.1
      Adding sync_wrapper v1.0.2
      Adding tokio-rustls v0.26.4
      Adding tower v0.5.3
      Adding tower-http v0.6.10
      Adding tower-layer v0.3.3
      Adding tower-service v0.3.3
      Adding try-lock v0.2.5
      Adding untrusted v0.9.0
      Adding want v0.3.1
      Adding webpki-root-certs v1.0.7
      Adding zeroize v1.8.2
 Downloading crates ...
  Downloaded http-body v1.0.1
  Downloaded hyper-rustls v0.27.9
  Downloaded fs_extra v1.3.0
  Downloaded lru-slab v0.1.2
  Downloaded want v0.3.1
  Downloaded try-lock v0.2.5
  Downloaded http-body-util v0.1.3
  Downloaded tower-layer v0.3.3
  Downloaded subtle v2.6.1
  Downloaded ipnet v2.12.0
  Downloaded tower-service v0.3.3
  Downloaded rustls-native-certs v0.8.3
  Downloaded zeroize v1.8.2
  Downloaded rustls-pki-types v1.14.1
  Downloaded tokio-rustls v0.26.4
  Downloaded socket2 v0.6.3
  Downloaded rustls-webpki v0.103.13
  Downloaded tower v0.5.3
  Downloaded reqwest v0.13.3
  Downloaded hyper-util v0.1.20
  Downloaded hyper v1.9.0
  Downloaded aws-lc-rs v1.17.0
  Downloaded quinn v0.11.9
  Downloaded http v1.4.0
  Downloaded mio v1.2.0
  Downloaded tower-http v0.6.10
  Downloaded rustls-platform-verifier v0.7.0
  Downloaded quinn-udp v0.5.14
  Downloaded httparse v1.10.1
  Downloaded untrusted v0.9.0
  Downloaded openssl-probe v0.2.1
  Downloaded quinn-proto v0.11.14
  Downloaded cmake v0.1.58
  Downloaded sync_wrapper v1.0.2
  Downloaded dunce v1.0.5
  Downloaded rustls v0.23.40
  Downloaded ring v0.17.14
  Downloaded aws-lc-sys v0.41.0
   Compiling jobserver v0.1.34
   Compiling futures-channel v0.3.32
   Compiling dunce v1.0.5
   Compiling fs_extra v1.3.0
   Compiling cc v1.2.62
   Compiling bytes v1.11.1
   Compiling futures-util v0.3.32
   Compiling aws-lc-rs v1.17.0
   Compiling zeroize v1.8.2
   Compiling socket2 v0.6.3
   Compiling mio v1.2.0
   Compiling rustls-pki-types v1.14.1
   Compiling http v1.4.0
   Compiling url v2.5.8
   Compiling tokio v1.52.3
   Compiling untrusted v0.9.0
   Compiling httparse v1.10.1
   Compiling rustls v0.23.40
   Compiling cmake v0.1.58
   Compiling try-lock v0.2.5
   Compiling tower-service v0.3.3
   Compiling subtle v2.6.1
   Compiling want v0.3.1
   Compiling http-body v1.0.1
   Compiling sync_wrapper v1.0.2
   Compiling ipnet v2.12.0
   Compiling tower-layer v0.3.3
   Compiling openssl-probe v0.2.1
   Compiling http-body-util v0.1.3
   Compiling rustls-native-certs v0.8.3
   Compiling i-slint-compiler v1.16.1
   Compiling webbrowser v1.2.1
   Compiling wayland-backend v0.3.15
   Compiling aws-lc-sys v0.41.0
   Compiling accesskit_unix v0.18.0
   Compiling futures-executor v0.3.32
   Compiling futures v0.3.32
   Compiling hyper v1.9.0
   Compiling tower v0.5.3
   Compiling wayland-client v0.31.14
   Compiling wayland-csd-frame v0.3.0
   Compiling tower-http v0.6.10
   Compiling hyper-util v0.1.20
   Compiling wayland-protocols v0.32.12
   Compiling wayland-cursor v0.31.14
   Compiling calloop-wayland-source v0.3.0
   Compiling calloop-wayland-source v0.4.1
   Compiling softbuffer v0.4.8
   Compiling wayland-protocols-wlr v0.3.12
   Compiling wayland-protocols-plasma v0.3.12
   Compiling wayland-protocols-experimental v20250721.0.1
   Compiling wayland-protocols-misc v0.3.12
   Compiling smithay-client-toolkit v0.19.2
   Compiling smithay-client-toolkit v0.20.0
   Compiling sctk-adwaita v0.10.1
   Compiling smithay-clipboard v0.7.3
   Compiling winit v0.30.13
   Compiling copypasta v0.10.2
   Compiling slint-build v1.16.1
   Compiling cmt-rs v0.1.0 (/mnt/j/cmt-rs)
   Compiling slint-macros v1.16.1
   Compiling glutin-winit v0.5.0
   Compiling accesskit_winit v0.30.0
   Compiling i-slint-backend-winit v1.16.1
   Compiling i-slint-backend-selector v1.16.1
   Compiling slint v1.16.1
   Compiling rustls-webpki v0.103.13
   Compiling tokio-rustls v0.26.4
   Compiling rustls-platform-verifier v0.7.0
   Compiling hyper-rustls v0.27.9
   Compiling reqwest v0.13.3
    Finished `test` profile [unoptimized + debuginfo] target(s) in 1m 24s
     Running unittests src/main.rs (target/debug/deps/cmt_rs-1eaba2067f35b79e)
