app::f4se_controller::tests::f4se_controller_failed_worker_event_with_unmatched_task_id_is_ignored: test
app::f4se_controller::tests::f4se_controller_initial_scan_is_lazy_and_requested_once: test
app::f4se_controller::tests::f4se_controller_non_f4se_scan_payload_is_ignored: test
app::f4se_controller::tests::f4se_controller_scan_ids_increment_monotonically: test
app::f4se_controller::tests::f4se_controller_scan_started_sets_loading_state_for_active_scan: test
app::f4se_controller::tests::f4se_controller_spawn_failure_surfaces_safe_loading_error: test
app::f4se_controller::tests::f4se_controller_stale_completion_is_ignored_and_preserves_ready_rows: test
app::f4se_controller::tests::f4se_controller_unknown_game_warning_rows_remain_visible_after_completion: test
app::f4se_controller::tests::f4se_controller_unrelated_payload_is_ignored_and_preserves_ready_rows: test
app::f4se_controller::tests::f4se_controller_worker_failure_event_surfaces_safe_message_without_diagnostic: test
app::f4se_controller::tests::f4se_controller_worker_payload_applies_latest_ready_rows: test
domain::discovery::tests::fallout4_installation_does_not_require_data_or_f4se_paths: test
domain::f4se::tests::f4se_domain_ambiguous_ngae_rendering_uses_warning_icons: test
domain::f4se::tests::f4se_domain_current_game_mapping_is_target_specific: test
domain::f4se::tests::f4se_domain_f4se_without_version_export_is_confirmed_unsupported_for_ngae: test
domain::f4se::tests::f4se_domain_icon_mapping_matches_reference: test
domain::f4se::tests::f4se_domain_inspection_failures_render_safe_unknown_cells: test
domain::f4se::tests::f4se_domain_non_f4se_rendering_matches_reference: test
domain::f4se::tests::f4se_domain_reference_strings_are_locked: test
domain::f4se::tests::f4se_domain_scan_snapshot_models_loading_and_safe_errors: test
domain::f4se::tests::f4se_domain_unknown_game_target_warns_without_hiding_facts: test
services::discovery::tests::valid_game_directory_can_return_data_without_f4se_plugins: test
services::f4se::tests::f4se_dll_inspector_compatible_version_mapping_only_proves_known_runtime_support: test
services::f4se::tests::f4se_dll_inspector_malformed_bytes_return_typed_parse_failure: test
services::f4se::tests::f4se_scan_service_classification_rows_use_export_facts: test
services::f4se::tests::f4se_scan_service_direct_child_only_enumeration_and_deterministic_order: test
services::f4se::tests::f4se_scan_service_empty_plugin_folder_is_ready_with_zero_rows: test
services::f4se::tests::f4se_scan_service_malformed_parser_failure_stays_visible_and_continues: test
services::f4se::tests::f4se_scan_service_missing_data_for_absent_installation_or_data_path: test
services::f4se::tests::f4se_scan_service_missing_plugins_message_respects_manager_hint: test
services::f4se::tests::f4se_scan_service_msdia_ignore_skips_reference_helper_dlls: test
services::f4se::tests::f4se_scan_service_plugins_read_error_returns_safe_scan_error: test
services::f4se::tests::f4se_scan_service_unknown_game_target_keeps_your_game_warning: test
services::f4se::tests::f4se_scan_service_unreadable_file_stays_visible_as_warning_row: test
services::overview::overview_diagnostics::overview_diagnostics_missing_data_is_partial_not_fatal_even_without_f4se_path: test
services::overview::overview_diagnostics::overview_diagnostics_next_gen_allows_missing_steam_loader_and_missing_f4se_path: test
tests::s06_f4se_runtime_wiring_error_empty_and_unknown_game_warning_states_are_visible: test
tests::s06_f4se_runtime_wiring_first_activation_schedules_once: test
tests::s06_f4se_runtime_wiring_projects_controller_snapshots_to_slint_rows: test
tests::s06_f4se_runtime_wiring_spawn_failure_maps_to_safe_projection: test
tests::s06_f4se_runtime_wiring_worker_completion_application_and_unrelated_ignore: test
tests::s06_f4se_slint_contract_main_window_forwards_properties_and_lazy_activation: test
tests::s06_f4se_slint_contract_replaces_placeholder_with_reference_table_and_legend: test
workers::events::tests::f4se_worker_payload_round_trips_owned_scan_snapshot: test
F4SE test count: 44
