16:    archive_patcher_controller::{
22:        archive_patcher_candidates_loaded_payload, archive_patcher_log_row_payload,
23:        archive_patcher_patch_completed_payload, archive_patcher_plan_ready_payload,
24:        archive_patcher_progress_payload, archive_patcher_restore_completed_payload,
52:    archive_patcher::{
95:    archive_patcher::{
353:    let archive_patcher_controller = Arc::new(Mutex::new(ArchivePatcherController::new()));
355:    let archive_patcher_window = ArchivePatcherWindow::new()?;
366:    apply_current_archive_patcher_state(&archive_patcher_window, &archive_patcher_controller);
373:    let archive_patcher_sink = bind_archive_patcher_worker_sink(
375:        &archive_patcher_window,
376:        Arc::clone(&archive_patcher_controller),
406:    bind_archive_patcher_callbacks(
407:        &archive_patcher_window,
408:        Arc::clone(&archive_patcher_controller),
410:        archive_patcher_sink.clone(),
415:        &archive_patcher_window,
418:        Arc::clone(&archive_patcher_controller),
424:        archive_patcher_sink.clone(),
448:        &archive_patcher_window,
451:        Arc::clone(&archive_patcher_controller),
456:        archive_patcher_sink,
748:fn bind_archive_patcher_worker_sink(
764:        let refresh_after_completion = archive_patcher_completion_refresh_needed(&event);
776:        let Some(result) = with_archive_patcher_controller_mut(&controller, |controller| {
777:            handle_archive_patcher_worker_event(controller, event)
792:                apply_current_archive_patcher_state(&window, &controller);
803:                        overview_settings_for_archive_patcher_completion(&shared_settings_snapshot);
851:fn bind_archive_patcher_callbacks(
855:    archive_patcher_sink: SlintEventLoopSink,
860:        let archive_patcher_sink = archive_patcher_sink.clone();
866:            let request = with_archive_patcher_controller_mut(&controller, |controller| {
870:            apply_current_archive_patcher_state(&window, &controller);
872:                schedule_archive_patcher_candidate_request(
876:                    archive_patcher_sink.clone(),
886:        let archive_patcher_sink = archive_patcher_sink.clone();
892:            let request = with_archive_patcher_controller_mut(&controller, |controller| {
896:            apply_current_archive_patcher_state(&window, &controller);
898:                schedule_archive_patcher_candidate_request(
902:                    archive_patcher_sink.clone(),
912:        let archive_patcher_sink = archive_patcher_sink.clone();
918:            let request = with_archive_patcher_controller_mut(&controller, |controller| {
922:            apply_current_archive_patcher_state(&window, &controller);
925:                    schedule_archive_patcher_plan_request(
929:                        archive_patcher_sink.clone(),
934:                    schedule_archive_patcher_patch_request(
938:                        archive_patcher_sink.clone(),
950:        let archive_patcher_sink = archive_patcher_sink.clone();
956:            let request = with_archive_patcher_controller_mut(&controller, |controller| {
960:            apply_current_archive_patcher_state(&window, &controller);
962:                schedule_archive_patcher_restore_request(
966:                    archive_patcher_sink.clone(),
979:                with_archive_patcher_controller_mut(&controller, |controller| {
982:                apply_current_archive_patcher_state(&window, &controller);
993:                with_archive_patcher_controller_mut(&controller, |controller| {
996:                apply_current_archive_patcher_state(&window, &controller);
1007:                close_archive_patcher_modal(&window, &controller);
1020:            match close_archive_patcher_modal(&window, &controller) {
1127:    archive_patcher_window: &ArchivePatcherWindow,
1130:    archive_patcher_controller: Arc<Mutex<ArchivePatcherController>>,
1136:    archive_patcher_sink: SlintEventLoopSink,
1141:        let archive_patcher_window = archive_patcher_window.as_weak();
1144:        let archive_patcher_controller = Arc::clone(&archive_patcher_controller);
1148:        let archive_patcher_sink = archive_patcher_sink.clone();
1167:                if let Some(archive_patcher_window) = archive_patcher_window.upgrade() {
1168:                    request_open_archive_patcher_modal(
1169:                        &archive_patcher_window,
1170:                        &archive_patcher_controller,
1173:                        archive_patcher_sink.clone(),
1561:    archive_patcher_window: &ArchivePatcherWindow,
1564:    archive_patcher_controller: Arc<Mutex<ArchivePatcherController>>,
1569:    archive_patcher_sink: SlintEventLoopSink,
1673:    app.on_overview_open_archive_patcher_requested({
1674:        let archive_patcher_window = archive_patcher_window.as_weak();
1675:        let archive_patcher_controller = Arc::clone(&archive_patcher_controller);
1677:        let archive_patcher_sink = archive_patcher_sink.clone();
1680:            if let Some(archive_patcher_window) = archive_patcher_window.upgrade() {
1681:                request_open_archive_patcher_modal(
1682:                    &archive_patcher_window,
1683:                    &archive_patcher_controller,
1686:                    archive_patcher_sink.clone(),
2487:fn request_open_archive_patcher_modal(
2492:    archive_patcher_sink: SlintEventLoopSink,
2498:    let manifest_path = archive_patcher_manifest_path();
2499:    let manifest_available = archive_patcher_manifest_available(&manifest_path);
2513:            with_archive_patcher_controller_mut(controller, |controller| {
2530:            with_archive_patcher_controller_mut(controller, |controller| {
2541:            with_archive_patcher_controller_mut(controller, |controller| {
2548:    apply_current_archive_patcher_state(window, controller);
2558:        schedule_archive_patcher_candidate_request(
2562:            archive_patcher_sink,
2568:fn close_archive_patcher_modal(
2573:        with_archive_patcher_controller_mut(controller, |controller| controller.request_close())
2575:    apply_current_archive_patcher_state(window, controller);
2588:fn schedule_archive_patcher_candidate_request(
2592:    archive_patcher_sink: SlintEventLoopSink,
2605:        worker_runtime.spawn_blocking_task(task, archive_patcher_sink, move |_context| {
2606:            build_archive_patcher_candidates_payload(request)
2609:        with_archive_patcher_controller_mut(controller, |controller| {
2616:        apply_current_archive_patcher_state(window, controller);
2620:fn schedule_archive_patcher_plan_request(
2624:    archive_patcher_sink: SlintEventLoopSink,
2637:        worker_runtime.spawn_blocking_task(task, archive_patcher_sink, move |_context| {
2638:            build_archive_patcher_plan_payload(request)
2641:        with_archive_patcher_controller_mut(controller, |controller| {
2644:        apply_current_archive_patcher_state(window, controller);
2648:fn schedule_archive_patcher_patch_request(
2652:    archive_patcher_sink: SlintEventLoopSink,
2666:        worker_runtime.spawn_blocking_task(task, archive_patcher_sink, move |context| {
2667:            build_archive_patcher_patch_payload(context, request)
2670:        with_archive_patcher_controller_mut(controller, |controller| {
2673:        apply_current_archive_patcher_state(window, controller);
2677:fn schedule_archive_patcher_restore_request(
2681:    archive_patcher_sink: SlintEventLoopSink,
2694:        worker_runtime.spawn_blocking_task(task, archive_patcher_sink, move |context| {
2695:            build_archive_patcher_restore_payload(context, request)
2698:        with_archive_patcher_controller_mut(controller, |controller| {
2701:        apply_current_archive_patcher_state(window, controller);
2705:fn build_archive_patcher_candidates_payload(
2709:        "s10_archive_patcher_candidates_worker",
