## main...origin/main [ahead 87]
 M .gsd.migrating/exec/04377d4e-1aaf-428b-b840-a9e315e73baa.stderr
 M .gsd.migrating/exec/04377d4e-1aaf-428b-b840-a9e315e73baa.stdout
 M .gsd.migrating/exec/0698e823-beb4-4092-8dd7-34d6f9e44366.stderr
 M .gsd.migrating/exec/0698e823-beb4-4092-8dd7-34d6f9e44366.stdout
 M .gsd.migrating/exec/0928996d-64e6-4e83-8d6d-59126c1e487e.stderr
 M .gsd.migrating/exec/0928996d-64e6-4e83-8d6d-59126c1e487e.stdout
 M .gsd.migrating/exec/0a3bde12-08b4-4d05-b6e0-abd89273286e.stderr
 M .gsd.migrating/exec/0a3bde12-08b4-4d05-b6e0-abd89273286e.stdout
 M .gsd.migrating/exec/0c118d4e-0686-4d95-b89f-edad12770e32.stdout
 M .gsd.migrating/exec/0c61739a-2286-4069-919d-7a284166fccf.stderr
 M .gsd.migrating/exec/0c61739a-2286-4069-919d-7a284166fccf.stdout
 M .gsd.migrating/exec/0d9fc941-121d-40d6-b88d-39bad2b87cb3.stderr
 M .gsd.migrating/exec/0d9fc941-121d-40d6-b88d-39bad2b87cb3.stdout
 M .gsd.migrating/exec/0dc72d3b-44b3-49f6-8dfc-d5acd9e3b352.stderr
 M .gsd.migrating/exec/0dc72d3b-44b3-49f6-8dfc-d5acd9e3b352.stdout
 M .gsd.migrating/exec/1053e505-9bd0-484e-8ebd-c02e1bca30bb.stderr
 M .gsd.migrating/exec/1053e505-9bd0-484e-8ebd-c02e1bca30bb.stdout
 M .gsd.migrating/exec/10616b27-9331-4944-9ff1-13661fdb3542.stdout
 M .gsd.migrating/exec/145aa0ad-2546-48f1-a9c1-616b70dbed64.stderr
 M .gsd.migrating/exec/145aa0ad-2546-48f1-a9c1-616b70dbed64.stdout
 M .gsd.migrating/exec/15b56806-6764-424e-8b49-adf817de060c.stdout
 M .gsd.migrating/exec/162a9ccb-3c71-43cd-8751-41eaef3b8c67.stderr
 M .gsd.migrating/exec/162a9ccb-3c71-43cd-8751-41eaef3b8c67.stdout
 M .gsd.migrating/exec/16b4b2a4-d4a9-438c-9a1a-b637981d4947.stderr
 M .gsd.migrating/exec/16b4b2a4-d4a9-438c-9a1a-b637981d4947.stdout
 M .gsd.migrating/exec/17387d75-1f9c-4237-81ff-fa140f8967d5.stderr
 M .gsd.migrating/exec/17387d75-1f9c-4237-81ff-fa140f8967d5.stdout
 M .gsd.migrating/exec/1bce9d46-1dbc-4630-b0cb-2cc2035ae605.stderr
 M .gsd.migrating/exec/1bce9d46-1dbc-4630-b0cb-2cc2035ae605.stdout
 M .gsd.migrating/exec/1cf70896-bf3c-45be-9cff-299e8d80c916.stderr
 M .gsd.migrating/exec/1cf70896-bf3c-45be-9cff-299e8d80c916.stdout
 M .gsd.migrating/exec/21c3e567-49a3-43eb-af67-256d17358628.stderr
 M .gsd.migrating/exec/21c3e567-49a3-43eb-af67-256d17358628.stdout
 M .gsd.migrating/exec/22254a28-1c09-4835-ad98-2b22167c1d2e.stderr
 M .gsd.migrating/exec/22254a28-1c09-4835-ad98-2b22167c1d2e.stdout
 M .gsd.migrating/exec/2398fb71-b86e-4a38-a0f3-3ee881222a4c.stderr
 M .gsd.migrating/exec/2398fb71-b86e-4a38-a0f3-3ee881222a4c.stdout
 M .gsd.migrating/exec/24832a92-4a2b-4017-91b1-1124bf922259.stderr
 M .gsd.migrating/exec/24832a92-4a2b-4017-91b1-1124bf922259.stdout
 M .gsd.migrating/exec/25ba8d0c-455c-4945-add0-eadf0b3b0a1f.stderr
 M .gsd.migrating/exec/25ba8d0c-455c-4945-add0-eadf0b3b0a1f.stdout
 M .gsd.migrating/exec/2afdbba7-34f6-4362-a1a9-b67323633477.stdout
 M .gsd.migrating/exec/319bbeac-d47c-401b-bdc4-0525b07bb4a7.stdout
 M .gsd.migrating/exec/32e1d196-b834-418c-b83a-531ddd11cc85.stdout
 M .gsd.migrating/exec/3353f731-f4ed-4e80-a558-e4981d106c88.stderr
 M .gsd.migrating/exec/3353f731-f4ed-4e80-a558-e4981d106c88.stdout
 M .gsd.migrating/exec/352aca4c-265a-4d0d-ad6d-0486b1581511.stderr
 M .gsd.migrating/exec/352aca4c-265a-4d0d-ad6d-0486b1581511.stdout
 M .gsd.migrating/exec/36541666-b96d-44d9-95b8-8911a38d070a.stderr
 M .gsd.migrating/exec/36541666-b96d-44d9-95b8-8911a38d070a.stdout
 M .gsd.migrating/exec/370c1778-028c-40a9-b6f6-809e93eb2133.stderr
 M .gsd.migrating/exec/370c1778-028c-40a9-b6f6-809e93eb2133.stdout
 M .gsd.migrating/exec/3728969a-68d4-4407-b885-ff50e2a10da2.stderr
 M .gsd.migrating/exec/3728969a-68d4-4407-b885-ff50e2a10da2.stdout
 M .gsd.migrating/exec/377768bd-d3fd-4705-b384-663aaf32caa8.stdout
 M .gsd.migrating/exec/3a178325-0e2c-4926-8e7a-1b3bb8e91b50.stderr
 M .gsd.migrating/exec/3a178325-0e2c-4926-8e7a-1b3bb8e91b50.stdout
 M .gsd.migrating/exec/4134d3e4-97fb-4971-adfc-417c8d29be1c.stderr
 M .gsd.migrating/exec/4134d3e4-97fb-4971-adfc-417c8d29be1c.stdout
--- branches ---
* main
  remotes/origin/HEAD -> origin/main
  remotes/origin/main
--- head ---
64f5392e061432c912096e3707f244930668d18f
64f5392 (HEAD -> main) feat: Rebuilt R001-R054 requirement traceability into an evidence-backe…
70572c7 test: Closed S10 by updating stale Archive Patcher entrypoint contracts…
7e29644 chore: Partially wired Archive Patcher runtime entrypoints, controller…
76a9687 test: Added the Archive Patcher Slint modal contract with typed row exp…
2f8c7dd chore: Added the Slint-free Archive Patcher controller lifecycle and st…
c0c1a6f chore: Added a fail-closed Archive Patcher executor and restore path us…
1f84b61 chore: Added a Slint-free Archive Patcher domain contract and read-only…
949e51c test: Completed Downgrader runtime closeout wiring for reference About…
0e2d78c feat: Hardened Downgrader confirmed execution with canonical containmen…
214f078 chore: Wired the Downgrade Manager modal into the runtime from Overview…
