    Blocking waiting for file lock on package cache
    Blocking waiting for file lock on package cache
    Blocking waiting for file lock on package cache
    Blocking waiting for file lock on build directory
    Checking cmt-rs v0.1.0 (/mnt/j/cmt-rs)
warning: unused imports: `ACTION_COPY_DETAILS_LABEL` and `group_scanner_results`
  --> src/app/scanner_controller.rs:13:13
   |
13 | ...   ACTION...ABEL, P...
   |       ^^^^^^...^^^^
...
17 | ...   group_...ults, scann...
   |       ^^^^^^...^^^^
   |
   = note: `#[warn(unused_imports)]` (part of `#[warn(unused)]`) on by default

warning: module has the same name as its containing module
    --> src/app/scanner_controller.rs:795:1
     |
 795 | / mod ...
 796 | |     ...
 797 | |     ...
 798 | |     ...
...    |
1151 | | }
     | |_^
     |
     = help: for further information visit https://rust-lang.github.io/rust-clippy/rust-1.95.0/index.html#module_inception
     = note: `#[warn(clippy::module_inception)]` on by default

warning: field assignment outside of initializer for an instance created with Default::default()
   --> src/app/scanner_controller.rs:842:9
    |
842 | ...   s... = false;
    |       ^...^^^^^^^^^
    |
note: consider initializing the variable with `domain::settings::ScannerSettings { overview_issues: false, errors: false, wrong_format: false, loose_previs: false, junk_files: false, problem_overrides: false, race_subgraphs: false }` and removing relevant reassignments
   --> src/app/scanner_controller.rs:841:9
    |
841 | ...   l...efault();
    |       ^...^^^^^^^^^
    = help: for further information visit https://rust-lang.github.io/rust-clippy/rust-1.95.0/index.html#field_reassign_with_default
    = note: `#[warn(clippy::field_reassign_with_default)]` on by default

warning: `cmt-rs` (bin "cmt-rs") generated 1 warning (run `cargo clippy --fix --bin "cmt-rs" -p cmt-rs -- ` to apply 1 suggestion)
warning: `cmt-rs` (bin "cmt-rs" test) generated 2 warnings
    Finished `dev` profile [unoptimized + debuginfo] target(s) in 50.64s
