OK Cargo.toml
OK build.rs
OK ui/overview_tab.slint
OK ui/main.slint
OK src/main.rs
OK src/domain/settings.rs
OK src/domain/discovery.rs
OK src/domain/mod_manager.rs
OK src/services/discovery.rs
OK src/platform/desktop.rs
OK src/platform/filesystem.rs
OK src/platform/process.rs
OK src/workers/events.rs
OK src/workers/mod.rs
OK src/workers/handoff.rs
OK CMT/src/tabs/_overview.py
OK CMT/src/cm_checker.py
OK CMT/src/globals.py
OK CMT/src/enums.py
OK CMT/src/helpers.py
OK CMT/src/utils.py

Dirs under src:
DIR src\app
DIR src\domain
FILE src\main.rs
DIR src\platform
DIR src\services
DIR src\workers
