Diff in /mnt/j/cmt-rs/src/domain/autofix.rs:457:
         let key = AutoFixOperationKey::DeleteOrIgnoreFile;
         assert_eq!(key.as_id(), "delete-or-ignore-file");
         assert_eq!(AutoFixOperationKey::from_id(key.as_id()), Some(key));
[31m-        assert_eq!(AutoFixOperationKey::from_id("It can either be deleted or ignored."), None);
(B[m[32m+        assert_eq!(
(B[m[32m+            AutoFixOperationKey::from_id("It can either be deleted or ignored."),
(B[m[32m+            None
(B[m[32m+        );
(B[m     }
 
     #[test]
Diff in /mnt/j/cmt-rs/src/domain/scanner.rs:474:
             Self::ArchiveOrDeleteFile => Some(AutoFixOperationKey::ArchiveOrDeleteFile),
             Self::ArchiveFolder => Some(AutoFixOperationKey::ArchiveFolder),
             Self::DeleteFile => Some(AutoFixOperationKey::DeleteFile),
[31m-            Self::ConvertDeleteOrIgnoreFile => {
(B[m[31m-                Some(AutoFixOperationKey::ConvertDeleteOrIgnoreFile)
(B[m[31m-            }
(B[m[32m+            Self::ConvertDeleteOrIgnoreFile => Some(AutoFixOperationKey::ConvertDeleteOrIgnoreFile),
(B[m             Self::DeleteOrIgnoreFile => Some(AutoFixOperationKey::DeleteOrIgnoreFile),
             Self::DeleteOrIgnoreFolder => Some(AutoFixOperationKey::DeleteOrIgnoreFolder),
             Self::RenameArchive => Some(AutoFixOperationKey::RenameArchive),
Diff in /mnt/j/cmt-rs/src/domain/scanner.rs:1683:
         .with_solution_kind(ScannerSolutionKind::ConvertDeleteOrIgnoreFile);
 
         assert_eq!(baseline.selection_identity(), same.selection_identity());
[31m-        assert_ne!(baseline.selection_identity(), changed_summary.selection_identity());
(B[m[31m-        assert_ne!(baseline.selection_identity(), changed_solution.selection_identity());
(B[m[31m-        assert_ne!(baseline.selection_identity(), changed_path.selection_identity());
(B[m[32m+        assert_ne!(
(B[m[32m+            baseline.selection_identity(),
(B[m[32m+            changed_summary.selection_identity()
(B[m[32m+        );
(B[m[32m+        assert_ne!(
(B[m[32m+            baseline.selection_identity(),
(B[m[32m+            changed_solution.selection_identity()
(B[m[32m+        );
(B[m[32m+        assert_ne!(
(B[m[32m+            baseline.selection_identity(),
(B[m[32m+            changed_path.selection_identity()
(B[m[32m+        );
(B[m     }
 
     #[test]
