## /home/evild/.cargo/registry/src/index.crates.io-1949cf8c6b5b557f/i-slint-compiler-1.16.1/widgets/qt/tabwidget.slint
6:export component TabWidgetImpl inherits NativeTabWidget { }
8:export component TabImpl inherits NativeTab {
14:    accessible-item-selected: root.tab-index == root.current;
16:        root.current = root.tab-index;
17:        root.current-focused = root.tab-index;
23:    // The currently focused tab
24:    in-out property <int> current-focused: i-focus-scope.has-focus ? root.current : -1;
27:    accessible-delegate-focus: root.current;
37:                root.current = root.previous-tab();
41:                root.current = root.next-tab();
77:export component TabWidget inherits TabWidget { }

## /home/evild/.cargo/registry/src/index.crates.io-1949cf8c6b5b557f/i-slint-compiler-1.16.1/widgets/qt/std-widgets.slint
15:export { TabWidget, TabWidgetImpl, TabBarHorizontalImpl, TabBarVerticalImpl, TabImpl } from "tabwidget.slint";

## /home/evild/.cargo/registry/src/index.crates.io-1949cf8c6b5b557f/i-slint-compiler-1.16.1/widgets/material/tabwidget.slint
8:export component TabWidgetImpl inherits Rectangle {
13:    in property <int> current-index;
14:    in property <int> current-focused;
32:    // The currently focused tab
33:    in property <int> current-focused;
40:    // The currently selected tab
41:    in-out property <int> current;
43:    property <bool> has-focus: root.current-focused == root.tab-index;
44:    property <bool> active: root.tab-index == root.current;
53:    accessible-item-selected: root.active;
111:            root.current = root.tab-index;
118:    // The currently focused tab
119:    in-out property <int> current-focused: focus-scope.has-focus ? focus-scope.focused-tab : -1;
122:    accessible-delegate-focus: root.current-focused >= 0 ? root.current-focused : root.current;
136:                root.current = root.current-focused;
152:                root.current = root.current-focused;
176:export component TabWidget inherits TabWidget { }

## /home/evild/.cargo/registry/src/index.crates.io-1949cf8c6b5b557f/i-slint-compiler-1.16.1/widgets/material/std-widgets.slint
10:export { TabWidgetImpl, TabImpl, TabBarHorizontalImpl,TabBarVerticalImpl, TabWidget } from "tabwidget.slint";

## /home/evild/.cargo/registry/src/index.crates.io-1949cf8c6b5b557f/i-slint-compiler-1.16.1/widgets/cosmic/tabwidget.slint
8:export component TabWidgetImpl inherits Rectangle {
13:    in property <int> current-index;
14:    in property <int> current-focused;
32:    // The currently focused tab
33:    in property <int> current-focused;
40:    out property <bool> has-focus: root.current-focused == root.tab-index;
41:    // The currently selected tab
42:    in-out property <int> current;
44:    private property <bool> show-left-border: root.tab-index == 0 || root.is-current;
45:    private property <bool> show-right-border: root.current != root.tab-index + 1;
46:    private property <bool> is-current: root.tab-index == root.current;
58:    accessible-item-selected: root.is-current;
72:            checked: root.is-current;
118:        height: root.is-current ? 4px : 1px;
125:            root.current = root.tab-index;
134:            font-weight: root.is-current ? CosmicFontSettings.body-strong.font-weight : CosmicFontSettings.body.font-weight;
135:            color: root.is-current ? CosmicPalette.accent-background : CosmicPalette.control-foreground;
143:    // The currently focused tab
144:    in-out property <int> current-focused: focus-scope.has-focus ? focus-scope.focused-tab : -1;
147:    accessible-delegate-focus: root.current-focused >= 0 ? root.current-focused : root.current;
166:                root.current = root.current-focused;
182:                root.current = root.current-focused;
206:export component TabWidget inherits TabWidget { }

## /home/evild/.cargo/registry/src/index.crates.io-1949cf8c6b5b557f/i-slint-compiler-1.16.1/widgets/cosmic/std-widgets.slint
19:export { TabWidgetImpl, TabImpl, TabBarHorizontalImpl,TabBarVerticalImpl, TabWidget } from "tabwidget.slint";

## /home/evild/.cargo/registry/src/index.crates.io-1949cf8c6b5b557f/i-slint-compiler-1.16.1/widgets/fluent/tabwidget.slint
8:export component TabWidgetImpl inherits Rectangle {
13:    in property <int> current-index;
14:    in property <int> current-focused;
31:    // The currently focused tab
32:    in property <int> current-focused;
39:    out property <bool> has-focus: root.current-focused == root.tab-index;
40:    // The currently selected tab
41:    in-out property <int> current;
42:    private property <bool> hide-right-border: root.tab-index == root.num-tabs - 1 || tab-index + 1 == current;
43:    private property <bool> is-current: root.tab-index == root.current;
53:    accessible-item-selected: root.is-current;
66:            border-width: root.is-current ? 1px : 0px;
68:            background: i-touch-area.pressed || root.is-current ? FluentPalette.layer-on-mica-base-alt : i-touch-area.has-hover ? FluentPalette.layer-on-mica-base-alt-secondary : transparent;
75:            root.current = root.tab-index;
85:            font-size: root.is-current ? FluentFontSettings.body-strong.font-size : FluentFontSettings.body.font-size;
86:            font-weight: root.is-current ? FluentFontSettings.body-strong.font-weight : FluentFontSettings.body.font-weight;
87:            color: root.is-current ? FluentPalette.control-foreground : FluentPalette.text-secondary;
92:    if (!root.is-current && !root.hide-right-border && !i-touch-area.has-hover && !i-touch-area.pressed): Rectangle {
98:    if (!root.is-current && !i-touch-area.has-hover && !i-touch-area.pressed): Rectangle {
113:    // The currently focused tab
114:    in-out property <int> current-focused: i-focus-scope.has-focus ? i-focus-scope.focused-tab : -1;
116:    accessible-delegate-focus: root.current-focused >= 0 ? root.current-focused : root.current;
125:                root.current = root.current-focused;
140:                root.current = root.current-focused;
166:export component TabWidget inherits TabWidget { }

## /home/evild/.cargo/registry/src/index.crates.io-1949cf8c6b5b557f/i-slint-compiler-1.16.1/widgets/fluent/std-widgets.slint
19:export { TabWidgetImpl, TabImpl, TabBarHorizontalImpl,TabBarVerticalImpl, TabWidget } from "tabwidget.slint";

## /home/evild/.cargo/registry/src/index.crates.io-1949cf8c6b5b557f/i-slint-compiler-1.16.1/widgets/cupertino/tabwidget.slint
8:export component TabWidgetImpl inherits Rectangle {
13:    in property <int> current-index;
14:    in property <int> current-focused;
32:    // The currently focused tab
33:    in property <int> current-focused;
40:    out property <bool> has-focus: root.current-focused == root.tab-index;
41:    // The currently selected tab
42:    in-out property <int> current;
44:    private property <bool> hide-right-border: root.tab-index == root.num-tabs - 1 || tab-index + 1 == current;
45:    private property <bool> is-current: root.tab-index == root.current;
56:    accessible-item-selected: root.is-current;
59:    if (root.is-current || i-touch-area.pressed): Rectangle {
76:    if (!root.is-current && root.tab-index < root.num-tabs - 1): Rectangle {
88:            root.current = root.tab-index;
109:    // The currently focused tab
110:    in-out property <int> current-focused: i-focus-scope.has-focus ? i-focus-scope.focused-tab : -1;
113:    accessible-delegate-focus: root.current-focused >= 0 ? root.current-focused : root.current;
142:                root.current = root.current-focused;
158:                root.current = root.current-focused;
188:export component TabWidget inherits TabWidget { }

## /home/evild/.cargo/registry/src/index.crates.io-1949cf8c6b5b557f/i-slint-compiler-1.16.1/widgets/cupertino/std-widgets.slint
19:export { TabWidgetImpl, TabImpl, TabBarHorizontalImpl,TabBarVerticalImpl, TabWidget } from "tabwidget.slint";

