.gsd/PROJECT.md
.gsd/REQUIREMENTS.md
.gsd/activity/001-research-slice-M001-S11.jsonl
.gsd/activity/002-plan-slice-M001-S11.jsonl
.gsd/activity/003-execute-task-M001-S11-T01.jsonl
.gsd/activity/004-execute-task-M001-S11-T02.jsonl
.gsd/activity/005-execute-task-M001-S11-T03.jsonl
.gsd/activity/006-execute-task-M001-S11-T04.jsonl
.gsd/activity/007-complete-slice-M001-S11.jsonl
.gsd/activity/008-validate-milestone-M001.jsonl
.gsd/activity/009-validate-milestone-M001.jsonl
.gsd/activity/010-validate-milestone-M001.jsonl
.gsd/milestones/M001/M001-CONTEXT.md
.gsd/milestones/M001/M001-RESEARCH.md
.gsd/milestones/M001/M001-ROADMAP.md
.gsd/milestones/M001/M001-VALIDATION.md
.gsd/milestones/M001/anchors/plan-slice.json
.gsd/milestones/M001/anchors/research-slice.json
.gsd/runtime/units/complete-milestone-M001.json
.gsd/runtime/units/complete-slice-M001-S05.json
.gsd/runtime/units/complete-slice-M001-S06.json
.gsd/runtime/units/complete-slice-M001-S07.json
.gsd/runtime/units/complete-slice-M001-S08.json
.gsd/runtime/units/complete-slice-M001-S09.json
.gsd/runtime/units/complete-slice-M001-S10.json
.gsd/runtime/units/complete-slice-M001-S11.json
.gsd/runtime/units/execute-task-M001-S05-T01.json
.gsd/runtime/units/execute-task-M001-S05-T02.json
.gsd/runtime/units/execute-task-M001-S05-T03.json
.gsd/runtime/units/execute-task-M001-S05-T04.json
.gsd/runtime/units/execute-task-M001-S05-T05.json
.gsd/runtime/units/execute-task-M001-S06-T01.json
.gsd/runtime/units/execute-task-M001-S06-T02.json
.gsd/runtime/units/execute-task-M001-S06-T03.json
.gsd/runtime/units/execute-task-M001-S06-T04.json
.gsd/runtime/units/execute-task-M001-S06-T05.json
.gsd/runtime/units/execute-task-M001-S07-T01.json
.gsd/runtime/units/execute-task-M001-S07-T02.json
.gsd/runtime/units/execute-task-M001-S07-T03.json
.gsd/runtime/units/execute-task-M001-S07-T04.json
.gsd/runtime/units/execute-task-M001-S07-T05.json
.gsd/runtime/units/execute-task-M001-S08-T01.json
.gsd/runtime/units/execute-task-M001-S08-T02.json
.gsd/runtime/units/execute-task-M001-S08-T03.json
.gsd/runtime/units/execute-task-M001-S08-T04.json
.gsd/runtime/units/execute-task-M001-S09-T01.json
.gsd/runtime/units/execute-task-M001-S09-T02.json
.gsd/runtime/units/execute-task-M001-S09-T03.json
.gsd/runtime/units/execute-task-M001-S09-T04.json
.gsd/runtime/units/execute-task-M001-S09-T05.json
.gsd/runtime/units/execute-task-M001-S09-T06.json
.gsd/runtime/units/execute-task-M001-S10-T01.json
.gsd/runtime/units/execute-task-M001-S10-T02.json
.gsd/runtime/units/execute-task-M001-S10-T03.json
.gsd/runtime/units/execute-task-M001-S10-T04.json
.gsd/runtime/units/execute-task-M001-S10-T05.json
.gsd/runtime/units/execute-task-M001-S10-T06.json
.gsd/runtime/units/execute-task-M001-S11-T01.json
.gsd/runtime/units/execute-task-M001-S11-T02.json
.gsd/runtime/units/execute-task-M001-S11-T03.json
.gsd/runtime/units/execute-task-M001-S11-T04.json
.gsd/runtime/units/plan-slice-M001-S05.json
.gsd/runtime/units/plan-slice-M001-S06.json
.gsd/runtime/units/plan-slice-M001-S07.json
.gsd/runtime/units/plan-slice-M001-S08.json
.gsd/runtime/units/plan-slice-M001-S09.json
.gsd/runtime/units/plan-slice-M001-S10.json
.gsd/runtime/units/plan-slice-M001-S11.json
.gsd/runtime/units/reassess-roadmap-M001-S05.json
.gsd/runtime/units/reassess-roadmap-M001-S06.json
.gsd/runtime/units/reassess-roadmap-M001-S07.json
.gsd/runtime/units/reassess-roadmap-M001-S08.json
.gsd/runtime/units/reassess-roadmap-M001-S09.json
.gsd/runtime/units/research-slice-M001-S05.json
.gsd/runtime/units/research-slice-M001-S06.json
.gsd/runtime/units/research-slice-M001-S07.json
.gsd/runtime/units/research-slice-M001-S08.json
.gsd/runtime/units/research-slice-M001-S09.json
.gsd/runtime/units/research-slice-M001-S10.json
.gsd/runtime/units/research-slice-M001-S11.json
.gsd/runtime/units/validate-milestone-M001.json
