src/domain/mod_manager.rs 367 pub struct Mo2ParseError {
src/domain/mod_manager.rs 374 impl Mo2ParseError {
src/domain/mod_manager.rs 397             kind: Mo2ParseErrorKind::UnsupportedGameName {
src/domain/mod_manager.rs 445     pub fn user_message(&self) -> String {
src/domain/mod_manager.rs 453             Mo2ParseErrorKind::UnsupportedGameName {
src/domain/mod_manager.rs 485             _ => self.user_message(),
src/domain/mod_manager.rs 497         formatter.write_str(&self.user_message())
src/domain/mod_manager.rs 511     UnsupportedGameName {
src/domain/mod_manager.rs 652             portable.user_message(),
src/domain/mod_manager.rs 659             missing_ini.user_message(),
src/domain/mod_manager.rs 665             missing_profile.user_message(),
src/domain/mod_manager.rs 677             unsupported.user_message(),
src/domain/mod_manager.rs 683             missing_modlist.user_message(),
src/domain/mod_manager.rs 689     fn mo2_stage_setting_paths_stay_in_diagnostics_not_user_message() {
src/domain/mod_manager.rs 697         assert_eq!(error.user_message(), "Missing MO2 settings");
src/domain/mod_manager.rs 702         assert!(!error.user_message().contains("C:/"));
src/services/discovery.rs 148     pub fn user_message(&self) -> String {
src/services/discovery.rs 150             Self::ProcessInspection(error) => error.user_message().to_owned(),
src/services/discovery.rs 155             Self::ModOrganizer(error) => error.user_message(),
src/services/discovery.rs 1957                 kind: Mo2ParseErrorKind::UnsupportedGameName { .. },
src/services/discovery.rs 1962             manager_error.user_message(),
src/services/discovery.rs 1995             manager_error.user_message(),
