## src/domain/overview.rs
#[cfg(test)] 49615
ArchiveRecord 528
stable_digest -1
FakeFilesystem -1
archive 159
## src/domain/downgrader.rs
#[cfg(test)] 32472
ArchiveRecord -1
stable_digest -1
FakeFilesystem -1
archive 37758
## src/services/overview_collector.rs
#[cfg(test)] 55089
ArchiveRecord 568
stable_digest -1
FakeFilesystem 55632
archive 151
## src/services/downgrader.rs
#[cfg(test)] 34597
ArchiveRecord -1
stable_digest 30985
FakeFilesystem 100359
archive 116946
## src/services/overview.rs
#[cfg(test)] 38745
ArchiveRecord 495
stable_digest -1
FakeFilesystem -1
archive 101
