## CMT\src\app_settings.py
46: scanner_OverviewIssues: bool
47: scanner_Errors: bool
48: scanner_WrongFormat: bool
49: scanner_LoosePrevis: bool
50: scanner_JunkFiles: bool
51: scanner_ProblemOverrides: bool
52: scanner_RaceSubgraphs: bool
60: "scanner_OverviewIssues": True,
61: "scanner_Errors": True,
62: "scanner_WrongFormat": True,
63: "scanner_LoosePrevis": True,
64: "scanner_JunkFiles": True,
65: "scanner_ProblemOverrides": True,
66: "scanner_RaceSubgraphs": True,
## CMT\src\autofixes.py
58: results_pane.scanner_tab.tree_results.item(
60: image=results_pane.scanner_tab.cmc.get_image("images/check-20.png"),
66: results_pane.scanner_tab.cmc.root,
67: results_pane.scanner_tab.cmc,
## CMT\src\cm_checker.py
188: scanner_tab = self.tabs[Tab.Scanner]
189: if scanner_tab.is_loaded and isinstance(scanner_tab, tabs.ScannerTab):
190: if scanner_tab.side_pane:
191: scanner_tab.side_pane.wm_state("withdrawn")
192: if scanner_tab.details_pane:
193: scanner_tab.details_pane.wm_state("withdrawn")
198: scanner_tab = self.tabs[Tab.Scanner]
199: if scanner_tab.is_loaded and isinstance(scanner_tab, tabs.ScannerTab):
200: if scanner_tab.side_pane:
201: scanner_tab.side_pane.wm_state("normal")
202: if scanner_tab.details_pane:
203: scanner_tab.details_pane.wm_state("normal")
## CMT\src\scan_settings.py
98: class ScanSetting(Enum):
116: class ScanSettings(dict[ScanSetting, bool]):
124: ScanSetting.OverviewIssues,
125: ScanSetting.RaceSubgraphs,
128: settings = side_pane.scanner_tab.cmc.settings
130: for setting in ScanSetting:
135: name = str(f"scanner_{setting.name}")
142: self.manager = side_pane.scanner_tab.cmc.game.manager
143: self.using_stage = side_pane.scanner_tab.using_stage
## CMT\src\tabs\_scanner.py
41: ScanSetting,
42: ScanSettings,
202: scan_settings = ScanSettings(self.side_pane)
203: if scan_settings[ScanSetting.OverviewIssues] and self.cmc.overview_problems:
212: def check_scan_progress(self, scan_settings: ScanSettings) -> None:
241: def populate_results(self, scan_settings: ScanSettings) -> None:
252: if scan_settings[ScanSetting.OverviewIssues] and self.cmc.overview_problems and scan_settings.mod_files:
303: def get_stage_paths(self, scan_settings: ScanSettings) -> list[Path]:  # noqa: PLR6301
335: def build_mod_file_list(self, scan_settings: ScanSettings) -> ModFiles:
375: def scan_data_files(self, scan_settings: ScanSettings) -> None:
383: if scan_settings[ScanSetting.RaceSubgraphs]:
427: if scan_settings[ScanSetting.JunkFiles] and data_root_lower == "fomod":
445: if scan_settings[ScanSetting.LoosePrevis] and data_root_lower == "vis":
472: if scan_settings[ScanSetting.LoosePrevis] and folder_lower == "precombined":
486: if scan_settings[ScanSetting.ProblemOverrides] and folder_lower == "animtextdata":
510: if scan_settings[ScanSetting.JunkFiles] and (file_lower in JUNK_FILES or file_lower.endswith(JUNK_FILE_SUFFIXES)):
524: if mod_name_file and scan_settings[ScanSetting.ProblemOverrides] and file_lower in F4SE_CRC:
543: if scan_settings[ScanSetting.WrongFormat]:
605: scanner_tab: ScannerTab,
607: super().__init__(scanner_tab.cmc.root, bd=2, relief=GROOVE)
608: self.scanner_tab = scanner_tab
617: self.bool_vars: dict[ScanSetting, BooleanVar] = {}
618: for setting in ScanSetting:
634: command=scanner_tab.start_threaded_scan,
644: self.scanner_tab.cmc.root.update()
647: self.scanner_tab.cmc.root.tkraise()
648: if self.scanner_tab.details_pane:
649: self.scanner_tab.details_pane.tkraise()
652: root_x = self.scanner_tab.cmc.root.winfo_rootx()
653: root_y = self.scanner_tab.cmc.root.winfo_rooty()
654: root_width = self.scanner_tab.cmc.root.winfo_width()
655: root_height = self.scanner_tab.cmc.root.winfo_height()
665: scanner_tab: ScannerTab,
667: super().__init__(scanner_tab.cmc.root, bd=2, relief=GROOVE)
668: self.scanner_tab = scanner_tab
692: if scanner_tab.cmc.game.manager and scanner_tab.cmc.game.manager.stage_path:
771: if self.scanner_tab.cmc.game.manager and self.scanner_tab.cmc.game.manager.stage_path:
782: self.problem_info = self.scanner_tab.tree_results_data[selection]
814: self.label_solution.bind("<Button-3>", lambda _: copy_text(self.scanner_tab, url))
865: self.scanner_tab.cmc.root,
866: self.scanner_tab.cmc,
899: self.scanner_tab.cmc.root.tkraise()
900: if self.scanner_tab.side_pane:
901: self.scanner_tab.side_pane.tkraise()
904: root_x = self.scanner_tab.cmc.root.winfo_rootx()
905: root_y = self.scanner_tab.cmc.root.winfo_rooty()
906: root_width = self.scanner_tab.cmc.root.winfo_width()
907: root_height = self.scanner_tab.cmc.root.winfo_height()
913: self.scanner_tab.details_pane = None
