src/app/scanner_controller.rs:799:        ScannerProblemType, ScannerSolutionKind, group_scanner_results,
src/app/scanner_controller.rs:808:            Some(ScannerSolutionKind::DeleteOrIgnoreFile.into_solution_text()),
src/services/scanner.rs:29:            ScannerResultGroup, ScannerSolutionKind, group_scanner_results,
src/services/scanner.rs:1216:                    Some(ScannerSolutionKind::DeleteOrIgnoreFolder.into_solution_text()),
src/services/scanner.rs:1234:                    Some(ScannerSolutionKind::ArchiveFolder.into_solution_text()),
src/services/scanner.rs:1310:                        Some(ScannerSolutionKind::ArchiveFolder.into_solution_text()),
src/services/scanner.rs:1323:                        Some(ScannerSolutionKind::ArchiveFolder.into_solution_text()),
src/services/scanner.rs:1408:                Some(ScannerSolutionKind::DeleteOrIgnoreFile.into_solution_text()),
src/services/scanner.rs:1461:                            Some(ScannerSolutionKind::RenameArchive.into_solution_text()),
src/services/scanner.rs:1509:                    ScannerSolutionKind::ConvertDeleteOrIgnoreFile.into_solution_text(),
src/services/scanner.rs:1517:                    ScannerSolutionKind::DeleteOrIgnoreFile.into_solution_text(),
src/services/scanner.rs:1525:                ScannerSolutionKind::UnknownFormat.into_solution_text(),
src/services/scanner.rs:1727:    solution: Option<String>,
src/domain/scanner.rs:411:pub enum ScannerSolutionKind {
src/domain/scanner.rs:436:impl ScannerSolutionKind {
src/domain/scanner.rs:461:    pub fn into_solution_text(self) -> String {
src/domain/scanner.rs:809:    pub solution: Option<String>,
src/domain/scanner.rs:824:        solution: Option<String>,
src/domain/scanner.rs:847:        solution: Option<String>,
src/domain/scanner.rs:1258:            ScannerSolutionKind::DownloadMod.as_reference_text(),
src/domain/scanner.rs:1445:            Some(ScannerSolutionKind::DeleteOrIgnoreFolder.into_solution_text()),
src/domain/scanner.rs:1502:            Some(ScannerSolutionKind::DownloadMod.into_solution_text()),
src/main.rs:178:    detail_solution: String,
src/main.rs:2600:        detail_solution: detail.solution,
src/main.rs:2666:    solution: String,
src/main.rs:2682:            solution: String::new(),
src/main.rs:2695:        solution: scanner_detail_value(&detail.records, DETAIL_LABEL_SOLUTION),
