
running 3 tests
test tests::s07_scanner_slint_contract_main_window_forwards_properties_models_and_callbacks ... ok
test tests::s07_scanner_slint_contract_replaces_placeholder_with_read_only_surface ... FAILED
test tests::s07_scanner_slint_contract_runtime_projection_uses_controller_snapshot ... FAILED

failures:

---- tests::s07_scanner_slint_contract_replaces_placeholder_with_read_only_surface stdout ----

thread 'tests::s07_scanner_slint_contract_replaces_placeholder_with_read_only_surface' (128531) panicked at src/main.rs:2435:17:
expected source to contain "text: \"Problem\"" after byte 17526
note: run with `RUST_BACKTRACE=1` environment variable to display a backtrace

---- tests::s07_scanner_slint_contract_runtime_projection_uses_controller_snapshot stdout ----

thread 'tests::s07_scanner_slint_contract_runtime_projection_uses_controller_snapshot' (128532) panicked at src/main.rs:3034:9:
assertion `left == right` failed
  left: " File"
 right: "File"


failures:
    tests::s07_scanner_slint_contract_replaces_placeholder_with_read_only_surface
    tests::s07_scanner_slint_contract_runtime_projection_uses_controller_snapshot

test result: FAILED. 1 passed; 2 failed; 0 ignored; 0 measured; 251 filtered out; finished in 0.01s

cargo_exit=
duration_ms=0
