Diff in /mnt/j/cmt-rs/src/app/overview_controller.rs:305:
     }
 
     /// Returns the current update-provider action when an update banner is visible.
[31m-    pub fn update_provider_action(&self, provider: UpdateProvider) -> Option<OverviewDeferredAction> {
(B[m[32m+    pub fn update_provider_action(
(B[m[32m+        &self,
(B[m[32m+        provider: UpdateProvider,
(B[m[32m+    ) -> Option<OverviewDeferredAction> {
(B[m         match &self.snapshot.update_banner {
             UpdateBannerState::Available { releases, .. } => releases
                 .iter()
Diff in /mnt/j/cmt-rs/src/app/overview_controller.rs:375:
     action: OverviewDeferredActionKind,
     error: Option<OverviewActionError>,
 ) -> WorkerPayload {
[31m-    WorkerPayload::Overview(OverviewWorkerPayload::desktop_action_completed(action, error))
(B[m[32m+    WorkerPayload::Overview(OverviewWorkerPayload::desktop_action_completed(
(B[m[32m+        action, error,
(B[m[32m+    ))
(B[m }
 
 /// Creates a safe action error for an unavailable or unsupported action target.
Diff in /mnt/j/cmt-rs/src/app/overview_controller.rs:451:
 
         assert_eq!(request.refresh_id, 1);
         assert!(request.should_check_updates());
[31m-        assert_eq!(controller.snapshot().refresh.phase, OverviewRefreshPhase::Loading);
(B[m         assert_eq!(
[32m+            controller.snapshot().refresh.phase,
(B[m[32m+            OverviewRefreshPhase::Loading
(B[m[32m+        );
(B[m[32m+        assert_eq!(
(B[m             controller.snapshot().update_banner,
             UpdateBannerState::Checking {
                 selected_source: UpdateSource::Github
Diff in /mnt/j/cmt-rs/src/app/overview_controller.rs:468:
         let result = controller.refresh_completed(request.refresh_id, ready_snapshot("ready"));
 
         assert_eq!(result, OverviewTransitionResult::Applied);
[31m-        assert_eq!(controller.snapshot().refresh.phase, OverviewRefreshPhase::Ready);
(B[m[31m-        assert_eq!(controller.snapshot().refresh.message.as_deref(), Some("ready"));
(B[m[32m+        assert_eq!(
(B[m[32m+            controller.snapshot().refresh.phase,
(B[m[32m+            OverviewRefreshPhase::Ready
(B[m[32m+        );
(B[m[32m+        assert_eq!(
(B[m[32m+            controller.snapshot().refresh.message.as_deref(),
(B[m[32m+            Some("ready")
(B[m[32m+        );
(B[m     }
 
     #[test]
Diff in /mnt/j/cmt-rs/src/app/overview_controller.rs:483:
         );
 
         assert_eq!(result, OverviewTransitionResult::Applied);
[31m-        assert_eq!(controller.snapshot().refresh.phase, OverviewRefreshPhase::Error);
(B[m         assert_eq!(
[32m+            controller.snapshot().refresh.phase,
(B[m[32m+            OverviewRefreshPhase::Error
(B[m[32m+        );
(B[m[32m+        assert_eq!(
(B[m             controller.snapshot().refresh.message.as_deref(),
             Some("Overview refresh failed.")
         );
Diff in /mnt/j/cmt-rs/src/app/overview_controller.rs:497:
         let request = controller.request_refresh(UpdateSource::None);
 
         assert!(!request.should_check_updates());
[31m-        assert_eq!(controller.snapshot().update_banner, UpdateBannerState::Disabled);
(B[m[32m+        assert_eq!(
(B[m[32m+            controller.snapshot().update_banner,
(B[m[32m+            UpdateBannerState::Disabled
(B[m[32m+        );
(B[m     }
 
     #[test]
Diff in /mnt/j/cmt-rs/src/app/overview_controller.rs:552:
             )),
         );
 
[31m-        let result = controller.desktop_action_completed(
(B[m[31m-            OverviewDeferredActionKind::OpenGamePath,
(B[m[31m-            None,
(B[m[31m-        );
(B[m[32m+        let result =
(B[m[32m+            controller.desktop_action_completed(OverviewDeferredActionKind::OpenGamePath, None);
(B[m 
         assert_eq!(result, OverviewTransitionResult::Applied);
         assert_eq!(controller.last_safe_action_error(), None);
Diff in /mnt/j/cmt-rs/src/app/overview_controller.rs:575:
 
         assert_eq!(result, OverviewTransitionResult::Applied);
         assert_eq!(
[31m-            controller.last_safe_action_error().map(|error| error.summary.as_str()),
(B[m[32m+            controller
(B[m[32m+                .last_safe_action_error()
(B[m[32m+                .map(|error| error.summary.as_str()),
(B[m             Some("URL open failed.")
         );
     }
Diff in /mnt/j/cmt-rs/src/app/overview_controller.rs:593:
         );
 
         assert_eq!(result, OverviewTransitionResult::Applied);
[31m-        assert_eq!(controller.snapshot().refresh.phase, OverviewRefreshPhase::Error);
(B[m         assert_eq!(
[32m+            controller.snapshot().refresh.phase,
(B[m[32m+            OverviewRefreshPhase::Error
(B[m[32m+        );
(B[m[32m+        assert_eq!(
(B[m             controller.snapshot().refresh.message.as_deref(),
             Some("Overview refresh could not be started.")
         );
Diff in /mnt/j/cmt-rs/src/app/overview_controller.rs:612:
         let result = controller.handle_worker_event(event);
 
         assert_eq!(result, OverviewTransitionResult::Applied);
[31m-        assert_eq!(controller.snapshot().refresh.phase, OverviewRefreshPhase::Error);
(B[m         assert_eq!(
[32m+            controller.snapshot().refresh.phase,
(B[m[32m+            OverviewRefreshPhase::Error
(B[m[32m+        );
(B[m[32m+        assert_eq!(
(B[m             controller.snapshot().refresh.message.as_deref(),
             Some("Worker task panicked.")
         );
Diff in /mnt/j/cmt-rs/src/app/overview_controller.rs:645:
         let mut controller = OverviewController::new();
         let request = controller.request_refresh(UpdateSource::None);
         let mut snapshot = ready_snapshot("ready");
[31m-        snapshot.top.game_path = OverviewGamePathStatus::found(PathBuf::from(r"C:\Games\Fallout 4"));
(B[m[32m+        snapshot.top.game_path =
(B[m[32m+            OverviewGamePathStatus::found(PathBuf::from(r"C:\Games\Fallout 4"));
(B[m         controller.refresh_completed(request.refresh_id, snapshot);
 
         let action = controller
Diff in /mnt/j/cmt-rs/src/app/overview_controller.rs:653:
             .expect("discovered game path should be openable");
 
         assert_eq!(action.kind, OverviewDeferredActionKind::OpenGamePath);
[31m-        assert!(matches!(action.target, OverviewDeferredActionTarget::Path(_)));
(B[m[32m+        assert!(matches!(
(B[m[32m+            action.target,
(B[m[32m+            OverviewDeferredActionTarget::Path(_)
(B[m[32m+        ));
(B[m     }
 
     #[test]
Diff in /mnt/j/cmt-rs/src/app/overview_controller.rs:667:
         };
         controller.refresh_completed(request.refresh_id, snapshot);
 
[31m-        assert!(controller.update_provider_action(UpdateProvider::NexusMods).is_some());
(B[m[31m-        assert!(controller.update_provider_action(UpdateProvider::Github).is_none());
(B[m[32m+        assert!(
(B[m[32m+            controller
(B[m[32m+                .update_provider_action(UpdateProvider::NexusMods)
(B[m[32m+                .is_some()
(B[m[32m+        );
(B[m[32m+        assert!(
(B[m[32m+            controller
(B[m[32m+                .update_provider_action(UpdateProvider::Github)
(B[m[32m+                .is_none()
(B[m[32m+        );
(B[m     }
 }
 
Diff in /mnt/j/cmt-rs/src/main.rs:4:
 pub mod services;
 pub mod workers;
 
[31m-use std::{cell::RefCell, path::PathBuf, rc::Rc, sync::{Arc, Mutex}};
(B[m[32m+use std::{
(B[m[32m+    cell::RefCell,
(B[m[32m+    path::PathBuf,
(B[m[32m+    rc::Rc,
(B[m[32m+    sync::{Arc, Mutex},
(B[m[32m+};
(B[m 
 use app::{
     overview_controller::{
Diff in /mnt/j/cmt-rs/src/main.rs:15:
 };
 use domain::{
     overview::{
[31m-        OverviewActionError, OverviewCountRow, OverviewDeferredAction,
(B[m[31m-        OverviewDeferredActionKind, OverviewRefreshState, OverviewSnapshot, StatusSeverity,
(B[m[31m-        UpdateBannerState, UpdateCheckFailure, UpdateProvider,
(B[m[32m+        OverviewActionError, OverviewCountRow, OverviewDeferredAction, OverviewDeferredActionKind,
(B[m[32m+        OverviewRefreshState, OverviewSnapshot, StatusSeverity, UpdateBannerState,
(B[m[32m+        UpdateCheckFailure, UpdateProvider,
(B[m     },
     settings::{AppSettings, UpdateSource},
 };
Diff in /mnt/j/cmt-rs/src/main.rs:287:
     schedule_overview_update_check(request, overview_sink, runtime_handle);
 }
 
[31m-fn build_overview_refresh_payload(
(B[m[31m-    refresh_id: u64,
(B[m[31m-    settings: AppSettings,
(B[m[31m-) -> BlockingWorkerResult {
(B[m[32m+fn build_overview_refresh_payload(refresh_id: u64, settings: AppSettings) -> BlockingWorkerResult {
(B[m     build_overview_snapshot(settings).map(|snapshot| {
         WorkerTaskOutcome::Completed(WorkerPayload::Overview(
             workers::OverviewWorkerPayload::refresh_completed(refresh_id, snapshot),
Diff in /mnt/j/cmt-rs/src/main.rs:304:
         update_source = settings.update_source.as_wire_value()
     );
     let _guard = span.enter();
[31m-    tracing::info!(event = "overview-refresh-started", "Overview refresh started");
(B[m[32m+    tracing::info!(
(B[m[32m+        event = "overview-refresh-started",
(B[m[32m+        "Overview refresh started"
(B[m[32m+    );
(B[m 
     let filesystem = RealFilesystem::new();
     let registry = RealRegistry::new();
Diff in /mnt/j/cmt-rs/src/main.rs:318:
         discovery_request = discovery_request.with_local_appdata(path);
     }
 
[31m-    let discovery = DiscoveryService::new(&filesystem, &registry, &process).discover(&discovery_request);
(B[m[32m+    let discovery =
(B[m[32m+        DiscoveryService::new(&filesystem, &registry, &process).discover(&discovery_request);
(B[m     if let Err(error) = &discovery.game {
         tracing::warn!(
             event = "overview-discovery-game-failed",
Diff in /mnt/j/cmt-rs/src/main.rs:473:
     unavailable_message: &'static str,
     action_lookup: impl FnOnce(&OverviewController) -> Option<OverviewDeferredAction>,
 ) {
[31m-    let action = with_overview_controller_mut(overview_controller, |controller| action_lookup(controller))
(B[m[31m-        .flatten();
(B[m[32m+    let action =
(B[m[32m+        with_overview_controller_mut(overview_controller, |controller| action_lookup(controller))
(B[m[32m+            .flatten();
(B[m 
     let Some(action) = action else {
         apply_action_error(
Diff in /mnt/j/cmt-rs/src/main.rs:494:
     );
 
     let task = overview_desktop_task(action.kind);
[31m-    if let Err(error) = worker_runtime.spawn_blocking_task(
(B[m[31m-        task,
(B[m[31m-        overview_sink,
(B[m[31m-        move |_context| execute_overview_action_payload(action),
(B[m[31m-    ) {
(B[m[32m+    if let Err(error) = worker_runtime.spawn_blocking_task(task, overview_sink, move |_context| {
(B[m[32m+        execute_overview_action_payload(action)
(B[m[32m+    }) {
(B[m         tracing::error!(
             event = "overview-desktop-action-spawn-failed",
             action = ?action_kind,
Diff in /mnt/j/cmt-rs/src/main.rs:520:
     let feedback = service.execute(&action);
     let (action, error) = action_error_from_feedback(feedback);
     debug_assert_eq!(action, action_kind);
[31m-    Ok(WorkerTaskOutcome::Completed(overview_desktop_action_payload(
(B[m[31m-        action, error,
(B[m[31m-    )))
(B[m[32m+    Ok(WorkerTaskOutcome::Completed(
(B[m[32m+        overview_desktop_action_payload(action, error),
(B[m[32m+    ))
(B[m }
 
 fn action_error_from_feedback(
Diff in /mnt/j/cmt-rs/src/main.rs:544:
     message: String,
 ) {
     with_overview_controller_mut(overview_controller, |controller| {
[31m-        controller.desktop_action_completed(action, Some(unavailable_action_error(action, message)));
(B[m[32m+        controller
(B[m[32m+            .desktop_action_completed(action, Some(unavailable_action_error(action, message)));
(B[m     });
     apply_current_overview_snapshot(app, overview_controller);
 }
Diff in /mnt/j/cmt-rs/src/main.rs:586:
     }
 }
 
[31m-fn apply_current_overview_snapshot(
(B[m[31m-    app: &MainWindow,
(B[m[31m-    controller: &Arc<Mutex<OverviewController>>,
(B[m[31m-) {
(B[m[31m-    let Some(snapshot) = with_overview_controller_mut(controller, |controller| controller.snapshot().clone()) else {
(B[m[32m+fn apply_current_overview_snapshot(app: &MainWindow, controller: &Arc<Mutex<OverviewController>>) {
(B[m[32m+    let Some(snapshot) =
(B[m[32m+        with_overview_controller_mut(controller, |controller| controller.snapshot().clone())
(B[m[32m+    else {
(B[m         return;
     };
     apply_overview_snapshot(app, &snapshot);
Diff in /mnt/j/cmt-rs/src/main.rs:624:
         .message
         .clone()
         .unwrap_or_else(|| match refresh.phase {
[31m-            domain::overview::OverviewRefreshPhase::Idle => "Overview has not been refreshed.".to_owned(),
(B[m[32m+            domain::overview::OverviewRefreshPhase::Idle => {
(B[m[32m+                "Overview has not been refreshed.".to_owned()
(B[m[32m+            }
(B[m             domain::overview::OverviewRefreshPhase::Loading => "Refreshing Overview...".to_owned(),
             domain::overview::OverviewRefreshPhase::Ready => "Overview refreshed.".to_owned(),
             domain::overview::OverviewRefreshPhase::Partial => {
Diff in /mnt/j/cmt-rs/src/main.rs:714:
         .unwrap_or_else(|| "Nexus Mods".to_owned());
     let github_label = update_release_label(update_banner, UpdateProvider::Github)
         .unwrap_or_else(|| "GitHub".to_owned());
[31m-    app.set_overview_nexus_update_enabled(update_release_label(update_banner, UpdateProvider::NexusMods).is_some());
(B[m[31m-    app.set_overview_github_update_enabled(update_release_label(update_banner, UpdateProvider::Github).is_some());
(B[m[32m+    app.set_overview_nexus_update_enabled(
(B[m[32m+        update_release_label(update_banner, UpdateProvider::NexusMods).is_some(),
(B[m[32m+    );
(B[m[32m+    app.set_overview_github_update_enabled(
(B[m[32m+        update_release_label(update_banner, UpdateProvider::Github).is_some(),
(B[m[32m+    );
(B[m     app.set_overview_nexus_update_label(nexus_label.into());
     app.set_overview_github_update_label(github_label.into());
 }
Diff in /mnt/j/cmt-rs/src/main.rs:722:
 
[31m-fn update_release_label(update_banner: &UpdateBannerState, provider: UpdateProvider) -> Option<String> {
(B[m[32m+fn update_release_label(
(B[m[32m+    update_banner: &UpdateBannerState,
(B[m[32m+    provider: UpdateProvider,
(B[m[32m+) -> Option<String> {
(B[m     match update_banner {
         UpdateBannerState::Available { releases, .. } => releases
             .iter()
Diff in /mnt/j/cmt-rs/src/workers/events.rs:659:
         let snapshot = OverviewSnapshot::loading("Refreshing Overview...");
         let refresh = WorkerEvent::completed(
             task.clone(),
[31m-            WorkerPayload::Overview(OverviewWorkerPayload::refresh_completed(1, snapshot.clone())),
(B[m[32m+            WorkerPayload::Overview(OverviewWorkerPayload::refresh_completed(
(B[m[32m+                1,
(B[m[32m+                snapshot.clone(),
(B[m[32m+            )),
(B[m         );
         let update = WorkerEvent::completed(
             task,
