test services::discovery::tests::mo2_non_fallout_game_name_returns_typed_manager_error ... ok
test platform::settings_store::tests::file_asset_resolver_reads_valid_download_source_file_values ... ok
test services::discovery::tests::manager_game_path_is_checked_before_cwd_and_registry ... ok
test services::discovery::tests::mo2_instance_discovery_checks_adjacent_files_before_hkcu_current_instance ... ok
test services::discovery::tests::mo2_discovery_parses_paths_flags_skip_rules_and_custom_tools ... ok
test services::discovery::tests::direct_fallout4_exe_candidate_normalizes_to_parent_game_directory ... ok
test platform::settings_store::tests::settings_save_failure_is_returned ... ok
test services::discovery::tests::valid_game_directory_can_return_partial_missing_derived_paths ... ok
test services::discovery::tests::vortex_detection_is_identity_only_and_uses_parsed_version ... ok
test services::discovery::tests::vortex_detection_uses_zero_version_fallback_when_metadata_is_absent ... ok
test services::downgrader::tests::downgrader_service_plan_rejects_escaping_managed_paths_before_output ... ok
test services::downgrader::tests::downgrader_executor_vcdiff_applier_fixture_decodes_source_patch ... ok
test services::downgrader::tests::downgrader_service_plan_marks_missing_unknown_obsolete_and_anniversary_rows_safely ... ok
test services::downgrader::tests::downgrader_service_plan_rejects_missing_and_unsafe_roots ... ok
test services::f4se::tests::f4se_dll_inspector_compatible_version_mapping_only_proves_known_runtime_support ... ok
test services::downgrader::tests::downgrader_service_plan_builds_invalid_backup_cleanup_download_patch_and_optional_cleanup ... ok
test services::downgrader::tests::downgrader_service_plan_skips_reference_rows_in_order ... ok
test services::downgrader::tests::downgrader_service_plan_status_classifies_rows_and_default_target ... ok
test services::downgrader::tests::downgrader_service_plan_builds_restore_from_valid_desired_backup ... ok
test services::downgrader::tests::downgrader_executor_deletes_invalid_backups_downloads_applies_and_cleans_deltas ... ok
test services::downgrader::tests::downgrader_service_plan_fails_row_when_current_or_backup_cannot_be_read ... ok
test services::downgrader::tests::downgrader_executor_reuses_existing_patch_and_does_not_download_for_skipped_rows ... ok
test services::f4se::tests::f4se_dll_inspector_malformed_bytes_return_typed_parse_failure ... ok
test services::downgrader::tests::downgrader_executor_preserves_source_backup_after_download_or_apply_failures ... ok
test services::downgrader::tests::downgrader_executor_restores_valid_desired_backup_and_respects_keep_backups ... ok
test services::downgrader::tests::downgrader_executor_logs_permission_failures_and_continues_safely ... ok
test services::f4se::tests::f4se_scan_service_classification_rows_use_export_facts ... ok
test services::f4se::tests::f4se_scan_service_direct_child_only_enumeration_and_deterministic_order ... ok
test services::f4se::tests::f4se_scan_service_empty_plugin_folder_is_ready_with_zero_rows ... ok
test services::f4se::tests::f4se_scan_service_malformed_parser_failure_stays_visible_and_continues ... ok
test services::f4se::tests::f4se_scan_service_missing_data_for_absent_installation_or_data_path ... ok
test services::f4se::tests::f4se_scan_service_unknown_game_target_keeps_your_game_warning ... ok
test services::f4se::tests::f4se_scan_service_msdia_ignore_skips_reference_helper_dlls ... ok
test services::f4se::tests::f4se_scan_service_plugins_read_error_returns_safe_scan_error ... ok
test services::f4se::tests::f4se_scan_service_unreadable_file_stays_visible_as_warning_row ... ok
test services::f4se::tests::f4se_scan_service_missing_plugins_message_respects_manager_hint ... ok
test services::overview::overview_diagnostics::overview_diagnostics_imports_reference_mod_manager_kind_for_public_surface ... ok
test services::overview::overview_diagnostics::overview_diagnostics_anniversary_snapshot_projects_version_and_available_update ... ok
test services::overview::overview_diagnostics::overview_diagnostics_mo2_windows_11_24h2_warning_matches_reference_threshold ... ok
test services::overview::overview_diagnostics::overview_diagnostics_boundary_counts_do_not_create_limit_problems ... ok
test services::overview::overview_diagnostics::overview_diagnostics_missing_data_is_partial_not_fatal_even_without_f4se_path ... ok
test services::overview::overview_diagnostics::overview_diagnostics_next_gen_allows_missing_steam_loader_and_missing_f4se_path ... ok
test services::overview::overview_diagnostics::overview_diagnostics_old_gen_rejects_next_gen_archive_versions ... ok
test services::overview::overview_diagnostics::overview_diagnostics_missing_enablement_files_and_address_library_are_reported ... ok
test services::overview::overview_diagnostics::overview_diagnostics_successful_old_gen_snapshot_has_reference_counts_and_no_problems ... ok
test domain::tools::tests::s05_reference_contract_image_resources_are_rust_owned_and_present ... ok
test services::overview::overview_diagnostics::overview_diagnostics_vortex_identity_only_is_detected_with_partial_support_warning ... ok
test services::overview::overview_diagnostics::overview_diagnostics_unreadable_invalid_and_wrong_version_records_create_problems ... ok
test services::overview::overview_diagnostics::overview_diagnostics_update_banner_states_follow_settings_and_worker_result ... ok
test services::overview::overview_diagnostics::overview_diagnostics_discovery_manager_and_system_errors_degrade_to_safe_snapshot ... ok
test services::overview_collector::overview_collector_tests::overview_collector_classifies_binary_versions_crc_fallback_unknown_and_missing_base_files ... ok
test services::overview_collector::overview_collector_tests::overview_collector_reads_bounded_module_headers_and_classifies_light_full_hedr_and_unreadable ... ok
test services::scanner::scanner_scan_service::scanner_scan_service_all_toggles_off_does_not_touch_filesystem ... ok
test services::overview_collector::overview_collector_tests::overview_collector_parses_enablement_files_ini_archives_and_plugins_fallback ... ok
test services::overview_collector::overview_collector_tests::overview_collector_reads_bounded_ba2_headers_and_classifies_versions_formats_and_errors ... ok
test services::scanner::scanner_scan_service::scanner_autofix_domain_scan_service_preserves_typed_keys_without_string_matching ... ok
test services::overview_collector::overview_collector_tests::overview_collector_records_version_adapter_failures_and_keeps_crc_fallback_testable ... ok
test services::scanner::scanner_scan_service::scanner_scan_service_detects_reference_rule_categories_and_stable_group_order ... ok
test services::scanner::scanner_scan_service::scanner_scan_service_missing_data_returns_safe_visible_row_and_no_traversal ... ok
test services::scanner::scanner_scan_service::scanner_scan_service_non_english_ini_suffix_allows_language_voice_archive ... ok
test services::scanner::scanner_scan_service::scanner_scan_service_errors_toggle_gates_scanner_generated_error_rows ... ok
test services::overview_collector::overview_collector_tests::overview_collector_reports_missing_base_data_and_address_library_without_panics ... ok
test services::scanner::scanner_scan_service::scanner_scan_service_public_context_accepts_mod_manager_kind_imports ... ok
test services::scanner::scanner_scan_service::scanner_scan_service_overview_handoff_can_use_mo2_file_index_for_overview_placeholder_mod ... ok
test services::scanner::scanner_scan_service::scanner_scan_service_missing_mo2_modlist_is_error_row_and_data_scan_continues ... ok
test services::scanner::scanner_scan_service::scanner_scan_service_race_subgraph_threshold_counts_enabled_readable_modules_only ... ok
test services::scanner::scanner_scan_service::scanner_scan_service_vortex_scans_data_only_without_mod_attribution ... ok
test services::scanner::scanner_scan_service::scanner_scan_service_mo2_attribution_uses_modlist_order_and_reports_f4se_overrides ... ok
test services::scanner::scanner_scan_service::scanner_scan_service_malformed_modlist_surfaces_safe_error_without_panic ... ok
test services::tools::tests::s05_actions_about_clipboard_failure_returns_safe_message_and_diagnostic ... ok
test services::scanner::scanner_scan_service::scanner_scan_service_unreadable_child_directory_reports_error_and_continues_siblings ... ok
test services::tools::tests::s05_actions_about_clipboard_success_copies_only_reference_url ... ok
test services::scanner::scanner_scan_service::scanner_scan_service_zero_results_complete_with_empty_groups ... ok
test services::scanner::scanner_scan_service::scanner_scan_service_unexpected_format_replacement_absent_and_archive_enabled_cases ... ok
test services::overview_collector::overview_collector_tests::overview_collector_marks_missing_ccc_and_non_utf8_plugins_without_modal_fallback_failure ... ok
test services::tools::tests::s05_actions_tools_desktop_open_failure_returns_safe_message_and_diagnostic ... ok
test services::tools::tests::s05_actions_tools_open_success_uses_static_url ... ok
test services::tools::tests::s05_actions_unknown_action_ids_are_rejected_without_adapter_calls ... ok
test services::tools::tests::s05_actions_unsupported_clipboard_adapter_failure_is_safe ... ok
test services::tools::tests::s09_actions_downgrade_manager_is_routed_without_desktop_handoff_but_archive_patcher_stays_deferred ... ok
test services::update::overview_update_tests::overview_update_desktop_action_failure_feedback_is_safe_for_links_and_paths ... ok
test tests::main_window_forwards_settings_and_overview_tab_api ... ok
test services::update::overview_update_tests::overview_update_version_parser_normalizes_and_compares_numeric_parts ... ok
test tests::overview_projection_rows_lock_reference_order_and_deferred_status ... ok
test tests::overview_tab_exposes_refresh_action_status_panels_and_safe_error_state ... ok
test tests::s05_runtime_wiring_spawn_failure_feedback_maps_to_safe_errors ... ok
test tests::s05_runtime_wiring_about_projection_tracks_copy_success_and_reset ... ok
test tests::s05_runtime_wiring_non_windows_real_desktop_actions_fail_safely ... ok
test tests::s05_runtime_wiring_callback_id_mapping_fails_closed_before_workers ... ok
test tests::s05_runtime_wiring_worker_failure_payloads_map_by_surface_task_prefix ... ok
test tests::s05_runtime_wiring_worker_payloads_apply_and_unrelated_payloads_are_ignored ... ok
test tests::s05_runtime_wiring_tools_projection_uses_initial_status_and_safe_errors ... ok
test tests::s05_slint_contract_about_tab_replaces_placeholder_with_reference_assets_and_copy_state ... ok
test tests::s05_slint_contract_main_window_forwards_tools_and_about_properties_and_callbacks ... ok
test services::update::overview_update_tests::overview_update_nexus_only_calls_nexus_and_reports_newer_version ... ok
test services::update::overview_update_tests::overview_update_equal_or_older_versions_are_silent_no_update ... ok
test services::update::overview_update_tests::overview_update_newer_version_creates_visible_banner_metadata ... ok
test services::update::overview_update_tests::overview_update_nexus_page_without_version_meta_is_silent_with_diagnostics ... ok
test services::update::overview_update_tests::overview_update_source_none_skips_all_clients ... ok
test services::update::overview_update_tests::overview_update_invalid_version_string_is_silent_with_diagnostics ... ok
test services::update::overview_update_tests::overview_update_malformed_github_json_is_silent_with_diagnostics ... ok
test services::update::overview_update_tests::overview_update_github_only_calls_github_and_reports_newer_version ... ok
test services::update::overview_update_tests::overview_update_timeout_and_http_failure_are_silent_with_diagnostics ... ok
test services::update::overview_update_tests::overview_update_both_sources_checks_nexus_then_github_without_retries ... ok
test tests::s05_slint_contract_tools_tab_replaces_placeholder_with_reference_groups ... ok
test tests::s06_f4se_runtime_wiring_first_activation_schedules_once ... ok
test tests::s06_f4se_runtime_wiring_projects_controller_snapshots_to_slint_rows ... ok
test services::overview::overview_diagnostics::overview_diagnostics_exceeded_limits_create_reference_problem_feed_entries ... ok
test tests::s06_f4se_runtime_wiring_error_empty_and_unknown_game_warning_states_are_visible ... ok
test tests::s06_f4se_runtime_wiring_spawn_failure_maps_to_safe_projection ... ok
test tests::s07_scanner_runtime_wiring_action_worker_failure_event_maps_to_safe_feedback ... ok
test tests::s06_f4se_runtime_wiring_worker_completion_application_and_unrelated_ignore ... ok
test tests::s06_f4se_slint_contract_main_window_forwards_properties_and_lazy_activation ... ok
test tests::s07_scanner_runtime_wiring_applies_progress_completion_stale_and_zero_results ... ok
test tests::s06_f4se_slint_contract_replaces_placeholder_with_reference_table_and_legend ... ok
test tests::s07_scanner_runtime_wiring_startup_projection_uses_persisted_settings ... ok
test tests::s07_scanner_slint_contract_runtime_projection_uses_controller_snapshot ... ok
test tests::s08_scanner_autofix_runtime_wiring_empty_production_hidden_state_and_tampered_callback_rejected ... ok
test tests::s07_scanner_runtime_wiring_selected_detail_actions_and_failure_feedback_are_safe ... ok
test tests::s08_scanner_autofix_runtime_wiring_fake_projection_shows_button_and_rejects_repeated_fixing_click ... ok
test tests::s08_scanner_autofix_runtime_wiring_fake_worker_failure_shows_safe_inline_results ... ok
test tests::s08_scanner_autofix_runtime_wiring_stale_completion_is_ignored ... ok
test tests::s08_scanner_autofix_slint_contract_main_window_forwards_properties_models_and_callbacks ... ok
test tests::s07_scanner_runtime_wiring_scan_scheduling_persists_and_clears_old_state ... ok
test tests::s09_downgrader_slint_contract_entrypoints_forward_downgrader_but_keep_archive_patcher_deferred ... ok
test tests::settings_tab_log_level_labels ... ok
test tests::settings_tab_update_channel_labels ... ok
test tests::settings_tab_uses_dark_mode_palette ... ok
test tests::settings_tab_labels_are_exact_and_in_display_order ... ok
test tests::shell_contract_boundary_markers_construct_as_no_ops ... ok
test tests::shell_contract_inert_tab_components_are_static_placeholders ... ok
test tests::s07_scanner_runtime_wiring_does_not_schedule_when_save_reverts_or_toggles_off ... ok
test tests::shell_contract_main_slint_title_and_tabs_match_rust_contract ... ok
test tests::shell_tab_labels_count_is_reference_count ... ok
test tests::shell_contract_tab_component_files_export_expected_components ... ok
test tests::shell_tab_labels_match_reference_order ... ok
test workers::events::tests::cancellation_request_acknowledgement_and_final_cancelled_are_distinct_events ... ok
test tests::s08_scanner_autofix_runtime_wiring_worker_spawn_and_failure_feedback_are_safe ... ok
test workers::events::tests::desktop_action_results_flow_through_external_action_payloads ... ok
test workers::events::tests::downgrader_worker_payload_round_trips_owned_status_plan_log_progress_run_and_failure ... ok
test tests::s09_downgrader_slint_contract_modal_source_exposes_reference_shape_and_labels ... ok
test workers::events::tests::event_envelope_carries_task_status_and_typed_payload ... ok
test workers::events::tests::f4se_worker_payload_round_trips_owned_scan_snapshot ... ok
test workers::events::tests::overview_payload_carries_owned_snapshot_and_update_state ... ok
test workers::events::tests::s05_actions_worker_payload_round_trips_tools_and_about_feedback ... ok
test workers::events::tests::progress_supports_optional_text_and_counts_without_percentage_requirements ... ok
test tests::s08_scanner_autofix_runtime_wiring_fake_worker_success_shows_inline_results ... ok
test tests::s08_scanner_autofix_slint_contract_replaces_placeholder_with_gated_auto_fix_surface ... ok
test workers::events::tests::scanner_worker_payload_autofix_round_trips_owned_completion ... ok
test workers::events::tests::scanner_worker_payload_round_trips_owned_scan_snapshot_and_action_feedback ... ok
test workers::events::tests::task_kinds_cover_required_background_categories ... ok
test workers::handoff::tests::recording_sink_stores_owned_events ... ok
test workers::handoff::tests::slint_event_loop_sink_is_constructible_without_a_window ... ok
test workers::tests::spawning_without_tokio_runtime_returns_typed_error ... ok
test workers::tests::blocking_facade_runs_work_off_calling_thread_and_records_events ... ok
test workers::tests::cancellation_request_acknowledgement_and_final_cancelled_flow_through_facade ... ok
test workers::tests::worker_failures_emit_safe_failure_events ... ok

test result: ok. 324 passed; 0 failed; 0 ignored; 0 measured; 0 filtered out; finished in 0.04s

