
running 76 tests
test domain::discovery::tests::tab_loading_error_messages_match_reference_text ... ok
test domain::discovery::tests::discovery_not_found_error_is_recoverable_and_does_not_require_file_picker ... ok
test domain::mod_manager::tests::manager_kind_display_names_and_executables_match_reference ... ok
test domain::discovery::tests::discovery_messages_keep_reference_path_exceptions ... ok
test domain::discovery::tests::install_type_and_semantic_version_reference_display_values_are_stable ... ok
test domain::mod_manager::tests::mo2_parse_errors_are_typed_and_reference_compatible ... ok
test domain::discovery::tests::fallout4_installation_does_not_require_data_or_f4se_paths ... ok
test domain::mod_manager::tests::vortex_detection_scope_is_identity_only_with_zero_version_fallback ... ok
test domain::discovery::tests::fallout4_installation_can_carry_optional_derived_paths ... ok
test domain::settings::tests::scanner_settings_defaults_enabled ... ok
test domain::settings::tests::settings_missing_file_defaults ... ok
test domain::mod_manager::tests::mo2_path_including_messages_match_reference_exceptions ... ok
test domain::mod_manager::tests::mo2_stage_setting_paths_stay_in_diagnostics_not_user_message ... ok
test domain::mod_manager::tests::mo2_reference_defaults_match_python_defaults_without_filesystem_access ... ok
test domain::settings::tests::settings_persist_reference_keys ... ok
test domain::settings::tests::settings_repair ... ok
test app::settings_controller::tests::settings_controller_saves_warning_log_level_as_uppercase_wire_value ... ok
test app::settings_controller::tests::settings_controller_rejects_invalid_log_level_selection_to_info ... ok
test platform::desktop::tests::real_desktop_actions_are_explicitly_unsupported_off_windows ... ok
test domain::tests::settings_domain_types_are_publicly_importable ... ok
test app::settings_controller::tests::settings_controller_saves_update_source_immediately ... ok
test app::settings_controller::tests::settings_controller_preserves_loaded_warning_log_level_until_user_selection ... ok
test platform::desktop::tests::fake_desktop_actions_return_typed_success_values ... ok
test platform::desktop::tests::fake_desktop_actions_return_typed_failures_without_launching ... ok
test domain::mod_manager::tests::mo2_context_carries_required_reference_fields ... ok
test app::settings_controller::tests::settings_controller_saves_lowercase_log_level_as_uppercase_wire_value ... ok
test domain::mod_manager::tests::mo2_configuration_result_can_hold_context_and_executables ... ok
test domain::discovery::tests::archive_module_and_ini_records_are_pure_domain_state ... ok
test platform::registry::tests::fake_registry_returns_string_values_without_real_registry ... ok
test platform::process::tests::fake_process_inspector_supports_manager_detection_inputs ... ok
test app::settings_controller::tests::settings_controller_reverts_warning_log_level_on_save_failure ... ok
test platform::registry::tests::fake_registry_surfaces_typed_failures ... ok
test platform::process::tests::real_process_operations_are_explicitly_unsupported_off_windows ... ok
test app::settings_controller::tests::settings_controller_reverts_to_last_persisted_value_on_save_failure ... ok
test platform::registry::tests::real_registry_is_explicitly_unsupported_off_windows ... ok
test platform::settings_store::tests::asset_resolver_rejects_invalid_download_source_with_nexus_fallback ... ok
test platform::process::tests::fake_process_inspector_returns_typed_system_failures ... ok
test platform::settings_store::tests::injected_paths_and_asset_resolver_drive_update_source_defaults ... ok
test platform::settings_store::tests::settings_store_uses_current_directory_settings_json_by_default ... ok
test platform::tests::platform_adapter_types_are_publicly_importable ... ok
test platform::settings_store::tests::settings_persist_reference_keys ... ok
test platform::tests::platform_error_keeps_user_message_separate_from_diagnostics ... ok
test platform::settings_store::tests::settings_repair_malformed_json_resets_to_defaults ... ok
test platform::filesystem::tests::real_filesystem_missing_file_maps_to_typed_not_found ... ok
test platform::filesystem::tests::fake_filesystem_surfaces_typed_failure_without_real_paths ... ok
test platform::filesystem::tests::fake_filesystem_drives_scan_style_directory_inputs ... ok
test services::discovery::tests::mo2_portable_marker_without_ini_returns_manager_specific_error_and_does_not_fall_through ... ok
test services::discovery::tests::cwd_is_checked_before_bethesda_and_gog_registry_paths ... ok
test services::discovery::tests::direct_fallout4_exe_candidate_normalizes_to_parent_game_directory ... ok
test services::discovery::tests::invalid_bethesda_registry_path_returns_reference_registry_error_without_gog_fallthrough ... ok
test services::discovery::tests::mo2_missing_selected_profile_returns_typed_manager_error ... ok
test services::discovery::tests::manager_game_path_is_checked_before_cwd_and_registry ... ok
test services::discovery::tests::not_found_result_is_recoverable_and_never_requires_file_picker_ui ... ok
test services::discovery::tests::mo2_non_fallout_game_name_returns_typed_manager_error ... ok
test services::discovery::tests::mo2_discovery_parses_paths_flags_skip_rules_and_custom_tools ... ok
test services::discovery::tests::mo2_instance_discovery_checks_adjacent_files_before_hkcu_current_instance ... ok
test services::discovery::tests::registry_read_errors_are_recoverable_diagnostics_and_gog_can_still_be_checked ... ok
test services::discovery::tests::report_includes_fake_backed_system_metadata ... ok
test services::discovery::tests::valid_game_directory_can_return_data_without_f4se_plugins ... ok
test services::discovery::tests::valid_game_directory_can_return_partial_missing_derived_paths ... ok
test platform::settings_store::tests::settings_save_failure_is_returned ... ok
test services::discovery::tests::vortex_detection_is_identity_only_and_uses_parsed_version ... ok
test platform::settings_store::tests::settings_missing_file_defaults ... ok
test services::discovery::tests::vortex_detection_uses_zero_version_fallback_when_metadata_is_absent ... ok
test tests::main_window_forwards_settings_tab_api ... ok
test tests::settings_tab_log_level_labels ... ok
test tests::settings_tab_labels_are_exact_and_in_display_order ... ok
test platform::settings_store::tests::settings_repair_partial_json_preserves_valid_fields_and_removes_unknown_keys ... ok
test tests::settings_tab_update_channel_labels ... ok
test tests::settings_tab_uses_dark_mode_palette ... ok
test tests::shell_contract_boundary_markers_construct_as_no_ops ... ok
test platform::settings_store::tests::file_asset_resolver_reads_valid_download_source_file_values ... ok
test tests::shell_contract_main_slint_title_and_tabs_match_rust_contract ... ok
test tests::shell_contract_inert_tab_components_are_static_placeholders ... ok
test tests::shell_tab_labels_count_is_reference_count ... ok
test tests::shell_tab_labels_match_reference_order ... ok

test result: ok. 76 passed; 0 failed; 0 ignored; 0 measured; 0 filtered out; finished in 0.01s

