## xdelta3-0.1.5
-- src/lib.rs --
/// use xdelta3::encode;
/// fn main() {
///     let result = encode(&[1, 2, 3, 4, 5, 6, 7], &[1, 2, 4, 4, 7, 6, 7]);
pub fn encode(input: &[u8], src: &[u8]) -> Option<Vec<u8>> {
        let result = binding::xd3_encode_memory(
/// Function to decode the difference data
/// This function is used to decode the difference data.
/// As opposed to the encode function, if you are building an application that
/// for the file integrity after doing the decode to prevent from creating
/// use xdelta3::decode;
/// fn main() {
///     let result = decode(&[214, 195, 196, 0, 0, 0, 13, 7, 0, 7, 1, 0, 1, 2, 3, 4, 5, 6, 7, 8], &[1, 2, 4, 4, 7, 6, 7]);
pub fn decode(input: &[u8], src: &[u8]) -> Option<Vec<u8>> {
        let result = binding::xd3_decode_memory(
-- README.md --

## vcdiff-decoder-1.0.0
-- src/lib.rs --
fn find_dep_ranges(summaries: &[WindowSummary])->Vec<Range<u64>>{
pub fn gather_summaries<R: Read + Seek>(patch_data:&mut R)-> std::io::Result<Vec<WindowSummary>>{
    let mut win_start_pos = header.encoded_size() as u64;
fn merge_ranges<T: Ord + Copy>(ranges: Vec<Range<T>>) -> Vec<Range<T>> {
fn range_overlap<T: Ord + Copy>(range1: &Range<T>, range2: &Range<T>) -> Option<Range<T>> {
pub fn apply_patch<R:Read+Seek+Debug,W:Write>(patch:&mut R,mut src:Option<&mut R>,sink:&mut W) -> std::io::Result<()> {
struct Segment{
    fn src_end(&self) -> u64 {
struct SparseCache
    pub fn new() -> Self {
    pub fn add<R:Read+Seek>(&mut self, o_pos: u64, len: usize, src: &mut R, t_start:usize, o_start_at_t_start:u64) -> Result<(), std::io::Error> {
    fn prepare_to_add(&mut self,o_pos: u64, len: usize, t_start:usize, o_start_at_t_start:u64) -> Vec<((u64, usize), usize)> {
    fn prepare_buffer(&mut self, splice_segments: &[((u64, usize),usize)]) {
    pub fn get_src_subslice(&self, src_range: Range<u64>) -> &[u8] {
pub(crate) fn find_intersections<T: Ord + Copy>(reference_set: &Range<T>, test_sets: &[Range<T>]) -> Vec<Range<T>> {
// struct Stats{
//     fn add(&mut self){
//     fn copy(&mut self){
//     fn run(&mut self){
//     fn seq(&mut self){
    fn test_src_apply(){
        //from encoder tests
    fn test_complex_apply(){
        //from encoder tests
    fn test_kitchen_sink(){
        //from encoder tests
    fn test_kitchen_sink2(){
        //from encoder tests
    fn test_add_and_retrieve() {
    fn test_overlapping_segments() {
    fn test_get_subslice() {
    fn test_full_overlap() {
    fn test_partial_overlaps() {
    fn test_no_overlap() {
    fn test_empty_test_sets() {
-- README.md --
# vcdiff-decoder
vcdiff-decoder is a library that provides a VCDIFF decoder implementation. VCDIFF (Delta Compression Format) is a format for encoding and decoding differences between files.
This library allows you to decode VCDIFF files and apply the differences to generate the original file.
