ROOT .planning
.planning/PROJECT.md size 6898 Rids 0
.planning/REQUIREMENTS.md size 11218 Rids 0
.planning/ROADMAP.md size 13506 Rids 0
.planning/STATE.md size 4105 Rids 0
.planning/research/FEATURES.md size 20486 Rids 0
.planning/research/PITFALLS.md size 20857 Rids 0
.planning/research/STACK.md size 21443 Rids 0
.planning/research/SUMMARY.md size 20326 Rids 0
.planning/phases/01-slint-shell-port-architecture/01-01-PLAN.md size 8758 Rids 0
.planning/phases/01-slint-shell-port-architecture/01-01-SUMMARY.md size 5883 Rids 0
.planning/phases/01-slint-shell-port-architecture/01-02-PLAN.md size 9628 Rids 0
.planning/phases/01-slint-shell-port-architecture/01-02-SUMMARY.md size 7315 Rids 0
.planning/phases/01-slint-shell-port-architecture/01-03-PLAN.md size 10536 Rids 0
.planning/phases/01-slint-shell-port-architecture/01-03-SUMMARY.md size 7940 Rids 0
.planning/phases/01-slint-shell-port-architecture/01-CONTEXT.md size 7248 Rids 0
.planning/phases/01-slint-shell-port-architecture/01-DISCUSSION-LOG.md size 3668 Rids 0
.planning/phases/01-slint-shell-port-architecture/01-RESEARCH.md size 40013 Rids 0
.planning/phases/01-slint-shell-port-architecture/01-SPEC.md size 8207 Rids 0
.planning/phases/01-slint-shell-port-architecture/01-UI-SPEC.md size 5997 Rids 0
.planning/phases/01-slint-shell-port-architecture/01-VALIDATION.md size 6860 Rids 0
.planning/phases/01-slint-shell-port-architecture/01-VERIFICATION.md size 10472 Rids 0
.planning/phases/02-settings-defaults-parity/02-01-PLAN.md size 13752 Rids 0
.planning/phases/02-settings-defaults-parity/02-01-SUMMARY.md size 6693 Rids 0
.planning/phases/02-settings-defaults-parity/02-02-PLAN.md size 10773 Rids 0
.planning/phases/02-settings-defaults-parity/02-02-SUMMARY.md size 7821 Rids 0
.planning/phases/02-settings-defaults-parity/02-03-PLAN.md size 9042 Rids 0
.planning/phases/02-settings-defaults-parity/02-03-SUMMARY.md size 7644 Rids 0
.planning/phases/02-settings-defaults-parity/02-04-PLAN.md size 13142 Rids 0
.planning/phases/02-settings-defaults-parity/02-04-SUMMARY.md size 7767 Rids 0
.planning/phases/02-settings-defaults-parity/02-CONTEXT.md size 8422 Rids 0
.planning/phases/02-settings-defaults-parity/02-RESEARCH.md size 34818 Rids 0
.planning/phases/02-settings-defaults-parity/02-SPEC.md size 10853 Rids 0
.planning/phases/02-settings-defaults-parity/02-VALIDATION.md size 5732 Rids 0
.planning/phases/02-settings-defaults-parity/02-VERIFICATION.md size 16514 Rids 0
.planning/phases/03-platform-discovery-background-adapters/03-01-PLAN.md size 12486 Rids 0
.planning/phases/03-platform-discovery-background-adapters/03-02-PLAN.md size 13630 Rids 0
.planning/phases/03-platform-discovery-background-adapters/03-03-PLAN.md size 14419 Rids 0
.planning/phases/03-platform-discovery-background-adapters/03-04-PLAN.md size 13122 Rids 0
.planning/phases/03-platform-discovery-background-adapters/03-CONTEXT.md size 11099 Rids 0
.planning/phases/03-platform-discovery-background-adapters/03-RESEARCH.md size 46337 Rids 0
.planning/phases/03-platform-discovery-background-adapters/03-SPEC.md size 13209 Rids 0
.planning/phases/03-platform-discovery-background-adapters/03-UI-SPEC.md size 9260 Rids 0
.planning/phases/03-platform-discovery-background-adapters/03-VALIDATION.md size 8094 Rids 0
ROOT .gsd
.gsd/PROJECT.md size 6898 Rids 0
.gsd/REQUIREMENTS.md size 10931 Rids 120
.gsd/state-manifest.json size 680795 Rids 21
.gsd/STATE.md size 404 Rids 0
.gsd/exec/7d141d86-c8c9-4f99-bee7-04f5610790be.meta.json size 611 Rids 0
.gsd/exec/b170d9ad-e99c-4e0a-9e4a-218657314f14.meta.json size 613 Rids 0
.gsd/exec/d8c2d261-f52a-4482-a1f9-16b4b5ae3e68.meta.json size 607 Rids 0
.gsd/milestones/M001/M001-RESEARCH.md size 100794 Rids 0
.gsd/milestones/M001/M001-ROADMAP.md size 4068 Rids 0
.gsd/milestones/M001/slices/S01/S01-RESEARCH.md size 40011 Rids 0
.gsd/milestones/M001/slices/S01/S01-SUMMARY.md size 16268 Rids 0
.gsd/milestones/M001/slices/S02/S02-ASSESSMENT.md size 2256 Rids 0
.gsd/milestones/M001/slices/S02/S02-RESEARCH.md size 34816 Rids 0
.gsd/milestones/M001/slices/S02/S02-SUMMARY.md size 7675 Rids 14
.gsd/milestones/M001/slices/S03/S03-ASSESSMENT.md size 2720 Rids 0
.gsd/milestones/M001/slices/S03/S03-RESEARCH.md size 46336 Rids 0
.gsd/milestones/M001/slices/S03/S03-SUMMARY.md size 9712 Rids 0
.gsd/milestones/M001/slices/S04/S04-ASSESSMENT.md size 2483 Rids 0
.gsd/milestones/M001/slices/S04/S04-PLAN.md size 8467 Rids 0
.gsd/milestones/M001/slices/S04/S04-RESEARCH.md size 24997 Rids 0
.gsd/milestones/M001/slices/S04/S04-SUMMARY.md size 10307 Rids 0
.gsd/milestones/M001/slices/S05/S05-ASSESSMENT.md size 2836 Rids 0
.gsd/milestones/M001/slices/S05/S05-RESEARCH.md size 23237 Rids 0
.gsd/milestones/M001/slices/S05/S05-SUMMARY.md size 9824 Rids 0
.gsd/milestones/M001/slices/S06/S06-ASSESSMENT.md size 2690 Rids 0
.gsd/milestones/M001/slices/S06/S06-PLAN.md size 5352 Rids 0
.gsd/milestones/M001/slices/S06/S06-RESEARCH.md size 22873 Rids 0
.gsd/milestones/M001/slices/S06/S06-SUMMARY.md size 9532 Rids 0
.gsd/milestones/M001/slices/S07/S07-ASSESSMENT.md size 3196 Rids 0
.gsd/milestones/M001/slices/S07/S07-PLAN.md size 6434 Rids 0
.gsd/milestones/M001/slices/S07/S07-RESEARCH.md size 23931 Rids 0
.gsd/milestones/M001/slices/S07/S07-SUMMARY.md size 10697 Rids 0
.gsd/milestones/M001/slices/S08/S08-ASSESSMENT.md size 3402 Rids 0
.gsd/milestones/M001/slices/S08/S08-PLAN.md size 5576 Rids 0
.gsd/milestones/M001/slices/S08/S08-RESEARCH.md size 22314 Rids 0
.gsd/milestones/M001/slices/S08/S08-SUMMARY.md size 8162 Rids 0
.gsd/milestones/M001/slices/S09/S09-ASSESSMENT.md size 3270 Rids 0
.gsd/milestones/M001/slices/S09/S09-PLAN.md size 15553 Rids 0
.gsd/milestones/M001/slices/S09/S09-RESEARCH.md size 24650 Rids 0
.gsd/milestones/M001/slices/S09/S09-SUMMARY.md size 10522 Rids 0
.gsd/milestones/M001/slices/S10/S10-ASSESSMENT.md size 610 Rids 0
.gsd/milestones/M001/slices/S10/S10-PLAN.md size 11040 Rids 0
.gsd/milestones/M001/slices/S10/S10-RESEARCH.md size 28089 Rids 0
.gsd/milestones/M001/slices/S10/S10-SUMMARY.md size 11168 Rids 0
.gsd/milestones/M001/slices/S11/S11-CONTEXT.md size 7513 Rids 2
.gsd/milestones/M001/slices/S03/tasks/T01-PLAN.md size 1749 Rids 0
.gsd/milestones/M001/slices/S04/tasks/T02-PLAN.md size 3243 Rids 0
.gsd/milestones/M001/slices/S04/tasks/T05-PLAN.md size 3344 Rids 0
.gsd/milestones/M001/slices/S05/tasks/T01-PLAN.md size 3122 Rids 0
.gsd/milestones/M001/slices/S05/tasks/T02-PLAN.md size 4217 Rids 0
.gsd/milestones/M001/slices/S05/tasks/T03-PLAN.md size 3608 Rids 0
.gsd/milestones/M001/slices/S05/tasks/T04-PLAN.md size 4039 Rids 0
.gsd/milestones/M001/slices/S05/tasks/T05-PLAN.md size 2498 Rids 0
.gsd/milestones/M001/slices/S08/tasks/T02-PLAN.md size 3240 Rids 0
.gsd/milestones/M001/slices/S08/tasks/T02-SUMMARY.md size 3482 Rids 0
