   Compiling cmt-rs v0.1.0 (/mnt/j/cmt-rs)
warning: redundant guard
   --> src/services/f4se.rs:312:27
    |
312 | ...if error == PeError::Null =>...
    |       ^^^^^^^^^^^^^^^^^^^^^^
    |
    = help: for further information visit https://rust-lang.github.io/rust-clippy/rust-1.95.0/index.html#redundant_guards
    = note: `#[warn(clippy::redundant_guards)]` on by default
help: try
    |
312 -             Err(error) if error == PeError::Null => return Ok(F4seDllInspection::non_f4se()),
312 +             Err(PeError::Null) => return Ok(F4seDllInspection::non_f4se()),
    |

warning: redundant guard
   --> src/services/f4se.rs:321:27
    |
321 | ...if error == PeError::Null =>...
    |       ^^^^^^^^^^^^^^^^^^^^^^
    |
    = help: for further information visit https://rust-lang.github.io/rust-clippy/rust-1.95.0/index.html#redundant_guards
help: try
    |
321 -             Err(error) if error == PeError::Null => Ok(None),
321 +             Err(PeError::Null) => Ok(None),
    |

warning: `cmt-rs` (bin "cmt-rs") generated 2 warnings
warning: `cmt-rs` (bin "cmt-rs" test) generated 2 warnings (2 duplicates)
    Finished `dev` profile [unoptimized + debuginfo] target(s) in 29.74s
