## struct OverviewCollectedFacts
230:     }
231: }
232: 
233: /// Fully collected Overview facts ready for the pure diagnostics builder.
234: #[derive(Debug, Default, Clone, PartialEq, Eq)]
235: pub struct OverviewCollectedFacts {
236:     /// Classified executable/DLL/BIN facts in reference display order.
237:     pub binaries: Vec<OverviewBinaryFact>,
238:     /// Classified BA2 records in deterministic path order.
239:     pub archives: Vec<ArchiveRecord>,
240:     /// Classified ESM/ESL/ESP records in deterministic path order.
241:     pub modules: Vec<ModuleRecord>,
242:     /// Required-file and enablement-file state.
243:     pub enablement: OverviewEnablementFacts,
244:     /// Safe collection diagnostics for logs, UI refresh state, or tests.
245:     pub diagnostics: OverviewCollectionDiagnostics,
246: }
247: 
248: /// High-level collector phase used by safe diagnostics.
249: #[derive(Debug, Clone, Copy, PartialEq, Eq, PartialOrd, Ord, Hash)]
250: pub enum OverviewCollectionPhase {
251:     /// Reference base executable/DLL/BIN classification.
252:     Binaries,
253:     /// Optional Data directory traversal.
254:     DataTraversal,
255:     /// Fallout4.ccc, plugins.txt, and INI enablement parsing.
256:     Enablement,
257:     /// Address Library bin existence check.
258:     AddressLibrary,
259:     /// BA2 header classification.
260:     Archives,
261:     /// ESM/ESL/ESP header classification.
262:     Modules,
263: }
264: 
265: impl OverviewCollectionPhase {
266:     /// Returns a stable lowercase phase label for logs and diagnostics.
267:     pub const fn as_str(self) -> &'static str {
268:         match self {
269:             Self::Binaries => "binaries",
270:             Self::DataTraversal => "data_traversal",
271:             Self::Enablement => "enablement",
272:             Self::AddressLibrary => "address_library",
273:             Self::Archives => "archives",
274:             Self::Modules => "modules",
275:         }
276:     }
277: }
278: 
279: /// Safe diagnostic category for a collector observation.
280: #[derive(Debug, Clone, Copy, PartialEq, Eq, PartialOrd, Ord, Hash)]
281: pub enum OverviewCollectionDiagnosticKind {
282:     /// An optional or required input was not present.
283:     Missing,
284:     /// An existing input could not be read.
285:     Unreadable,
286:     /// An input was present but malformed or unsupported for Fallout 4.
287:     Invalid,
288:     /// An adapter operation is not supported on the current platform.
289:     Unsupported,
290:     /// A phase intentionally skipped work because a prerequisite was absent.
291:     Skipped,
292: }
293: 
294: /// Per-phase item count emitted by the collector.
295: #[derive(Debug, Clone, PartialEq, Eq)]
296: pub struct OverviewCollectionPhaseSummary {
297:     /// Collector phase that produced this count.
298:     pub phase: OverviewCollectionPhase,
299:     /// Number of items successfully considered by the phase.
300:     pub item_count: usize,
301: }
302: 
303: /// A safe per-path collection diagnostic.
304: #[derive(Debug, Clone, PartialEq, Eq)]
305: pub struct OverviewCollectionErrorDetail {
306:     /// Phase that observed the issue.
307:     pub phase: OverviewCollectionPhase,
308:     /// Safe category for callers to branch on.
309:     pub kind: OverviewCollectionDiagnosticKind,
310:     /// Path involved in the issue, if any.
311:     pub path: Option<PathBuf>,
312:     /// User-safe diagnostic summary; raw OS errors are not exposed here.
313:     pub safe_message: String,
314: }
315: 
## struct OverviewCollectionRequest
208:     }
209: }
210: 
211: /// Input request for [`OverviewCollector::collect`].
212: #[derive(Debug, Clone, Copy)]
213: pub struct OverviewCollectionRequest<'a> {
214:     /// Installation discovered by the discovery service.
215:     pub installation: &'a Fallout4Installation,
216:     /// Pre-resolved environment paths used for enablement files.
217:     pub environment: &'a OverviewCollectionEnvironment,
218: }
219: 
220: impl<'a> OverviewCollectionRequest<'a> {
221:     /// Creates a collection request for a discovered Fallout 4 installation.
222:     pub const fn new(
223:         installation: &'a Fallout4Installation,
224:         environment: &'a OverviewCollectionEnvironment,
225:     ) -> Self {
226:         Self {
227:             installation,
228:             environment,
229:         }
230:     }
231: }
232: 
233: /// Fully collected Overview facts ready for the pure diagnostics builder.
234: #[derive(Debug, Default, Clone, PartialEq, Eq)]
235: pub struct OverviewCollectedFacts {
236:     /// Classified executable/DLL/BIN facts in reference display order.
237:     pub binaries: Vec<OverviewBinaryFact>,
238:     /// Classified BA2 records in deterministic path order.
239:     pub archives: Vec<ArchiveRecord>,
240:     /// Classified ESM/ESL/ESP records in deterministic path order.
241:     pub modules: Vec<ModuleRecord>,
242:     /// Required-file and enablement-file state.
243:     pub enablement: OverviewEnablementFacts,
244:     /// Safe collection diagnostics for logs, UI refresh state, or tests.
245:     pub diagnostics: OverviewCollectionDiagnostics,
246: }
247: 
248: /// High-level collector phase used by safe diagnostics.
249: #[derive(Debug, Clone, Copy, PartialEq, Eq, PartialOrd, Ord, Hash)]
250: pub enum OverviewCollectionPhase {
251:     /// Reference base executable/DLL/BIN classification.
252:     Binaries,
253:     /// Optional Data directory traversal.
254:     DataTraversal,
255:     /// Fallout4.ccc, plugins.txt, and INI enablement parsing.
256:     Enablement,
257:     /// Address Library bin existence check.
258:     AddressLibrary,
259:     /// BA2 header classification.
260:     Archives,
261:     /// ESM/ESL/ESP header classification.
262:     Modules,
263: }
264: 
265: impl OverviewCollectionPhase {
266:     /// Returns a stable lowercase phase label for logs and diagnostics.
267:     pub const fn as_str(self) -> &'static str {
268:         match self {
269:             Self::Binaries => "binaries",
270:             Self::DataTraversal => "data_traversal",
271:             Self::Enablement => "enablement",
272:             Self::AddressLibrary => "address_library",
273:             Self::Archives => "archives",
274:             Self::Modules => "modules",
275:         }
276:     }
277: }
278: 
279: /// Safe diagnostic category for a collector observation.
280: #[derive(Debug, Clone, Copy, PartialEq, Eq, PartialOrd, Ord, Hash)]
281: pub enum OverviewCollectionDiagnosticKind {
282:     /// An optional or required input was not present.
283:     Missing,
284:     /// An existing input could not be read.
285:     Unreadable,
286:     /// An input was present but malformed or unsupported for Fallout 4.
287:     Invalid,
288:     /// An adapter operation is not supported on the current platform.
289:     Unsupported,
290:     /// A phase intentionally skipped work because a prerequisite was absent.
291:     Skipped,
292: }
293: 
## impl OverviewCollector
## pub fn collect
395:     /// Collects typed facts for a single Overview refresh.
396:     ///
397:     /// This method is intentionally infallible: malformed, missing, and
398:     /// permission-denied inputs are converted into typed records or safe
399:     /// diagnostics rather than panics or modal warnings.
400:     pub fn collect(&self, request: OverviewCollectionRequest<'_>) -> OverviewCollectedFacts {
401:         let span = info_span!(
402:             "overview_collector.collect",
403:             game_path = %request.installation.game_path.display()
404:         );
405:         let _guard = span.enter();
406:         debug!("overview filesystem collection started");
407: 
408:         let mut diagnostics = OverviewCollectionDiagnostics::default();
409:         let mut binaries = self.collect_binaries(request.installation, &mut diagnostics);
410:         let detected_install_type = detected_install_type_from_binaries(&binaries);
411:         let data_index = self.collect_data_index(request.installation, &mut diagnostics);
412:         let enablement_inputs = self.collect_enablement(
413:             request.installation,
414:             request.environment,
415:             data_index.as_ref(),
416:             detected_install_type,
417:             &mut diagnostics,
418:         );
419:         let archives = self.collect_archives(
420:             data_index.as_ref(),
421:             &enablement_inputs.enabled_archives,
422:             &mut diagnostics,
423:         );
424:         let modules = self.collect_modules(
425:             data_index.as_ref(),
426:             &enablement_inputs.enabled_modules,
427:             &mut diagnostics,
428:         );
429: 
430:         diagnostics.binary_count = binaries.len();
431:         diagnostics.archive_count = archives.len();
432:         diagnostics.module_count = modules.len();
433:         diagnostics.enabled_archive_count = archives.iter().filter(|record| record.enabled).count();
434:         diagnostics.enabled_module_count = modules.iter().filter(|record| record.enabled).count();
435:         diagnostics.record_phase(OverviewCollectionPhase::Binaries, binaries.len());
436:         diagnostics.record_phase(OverviewCollectionPhase::Archives, archives.len());
437:         diagnostics.record_phase(OverviewCollectionPhase::Modules, modules.len());
438: 
439:         normalize_binary_order(&mut binaries);
440: 
441:         debug!(
442:             binary_count = diagnostics.binary_count,
443:             archive_count = diagnostics.archive_count,
444:             module_count = diagnostics.module_count,
445:             enabled_archive_count = diagnostics.enabled_archive_count,
446:             enabled_module_count = diagnostics.enabled_module_count,
447:             missing_file_count = diagnostics.missing_file_count,
448:             unreadable_file_count = diagnostics.unreadable_file_count,
449:             "overview filesystem collection completed"
450:         );
451: 
452:         OverviewCollectedFacts {
453:             binaries,
454:             archives,
455:             modules,
456:             enablement: enablement_inputs.facts,
457:             diagnostics,
458:         }
459:     }
460: 
461:     fn collect_binaries(
462:         &self,
463:         installation: &Fallout4Installation,
464:         diagnostics: &mut OverviewCollectionDiagnostics,
465:     ) -> Vec<OverviewBinaryFact> {
466:         let mut facts = Vec::with_capacity(BASE_FILES.len());
467:         let mut detected_game_type = Fallout4InstallType::Unknown;
468: 
469:         for definition in BASE_FILES {
470:             let path = join_relative_path(&installation.game_path, definition.relative_path);
471:             let mut fact = self.collect_binary(definition, &path, diagnostics);
472: 
473:             if path_basename_eq(definition.relative_path, "Fallout4.exe") {
474:                 self.apply_downgrade_detection(installation, &mut fact, diagnostics);
475:                 detected_game_type = fact.install_type;
476:             } else if fact.install_type == Fallout4InstallType::NextGenAnniversary
477:                 && matches!(
478:                     detected_game_type,
479:                     Fallout4InstallType::NextGen | Fallout4InstallType::Anniversary
480:                 )
