/mnt/j/cmt-rs
total 40
drwxrwxrwx 1 evild evild  4096 May 17 01:31 .
drwxrwxrwx 1 evild evild  4096 May 17 00:58 ..
-rwxrwxrwx 1 evild evild  1967 May 17 01:31 S02-PLAN.md
-rwxrwxrwx 1 evild evild 34816 May 17 00:58 S02-RESEARCH.md
drwxrwxrwx 1 evild evild  4096 May 17 01:38 tasks
total 8
drwxrwxrwx 1 evild evild 4096 May 17 01:38 .
drwxrwxrwx 1 evild evild 4096 May 17 01:31 ..
-rwxrwxrwx 1 evild evild  432 May 17 00:58 T01-PLAN.md
-rwxrwxrwx 1 evild evild  166 May 17 01:19 T01-VERIFY.json
-rwxrwxrwx 1 evild evild  466 May 17 00:58 T02-PLAN.md
-rwxrwxrwx 1 evild evild  166 May 17 01:22 T02-VERIFY.json
-rwxrwxrwx 1 evild evild  443 May 17 00:58 T03-PLAN.md
-rwxrwxrwx 1 evild evild 2592 May 17 01:38 T03-SUMMARY.md
-rwxrwxrwx 1 evild evild  166 May 17 01:28 T03-VERIFY.json
-rwxrwxrwx 1 evild evild  505 May 17 00:58 T04-PLAN.md
-rwxrwxrwx 1 evild evild 2865 May 17 01:38 T04-SUMMARY.md
-rwxrwxrwx 1 evild evild  166 May 17 01:31 T04-VERIFY.json
S02-PLAN.md 1967 bytes
S02-RESEARCH.md 34816 bytes
tasks/T01-PLAN.md 432 bytes
tasks/T01-VERIFY.json 166 bytes
tasks/T02-PLAN.md 466 bytes
tasks/T02-VERIFY.json 166 bytes
tasks/T03-PLAN.md 443 bytes
tasks/T03-SUMMARY.md 2592 bytes
tasks/T03-VERIFY.json 166 bytes
tasks/T04-PLAN.md 505 bytes
tasks/T04-SUMMARY.md 2865 bytes
tasks/T04-VERIFY.json 166 bytes
