   Compiling cmt-rs v0.1.0 (/mnt/j/cmt-rs)
warning: this `if` statement can be collapsed
   --> src/services/overview_collector.rs:527:9
    |
527 | /         if l...
528 | |             ...
529 | |             ...
...   |
535 | |         }
    | |_________^
    |
    = help: for further information visit https://rust-lang.github.io/rust-clippy/rust-1.95.0/index.html#collapsible_if
    = note: `#[warn(clippy::collapsible_if)]` on by default
help: collapse nested if block
    |
527 ~         if let Some(version) = version.as_deref()
528 ~             && let Some(install_type) =
529 |                 lookup_install_type(definition, BinaryClassificationSource::Version, version)
...
533 |                     .with_version_metadata(Some(version.to_owned()), None::<String>);
534 ~             }
    |

warning: this `if` statement can be collapsed
   --> src/services/overview_collector.rs:796:29
    |
796 | /                             if l...
797 | |                                 ...
798 | |                                 ...
799 | |                                 }
800 | |                             }
    | |_____________________________^
    |
    = help: for further information visit https://rust-lang.github.io/rust-clippy/rust-1.95.0/index.html#collapsible_if
help: collapse nested if block
    |
796 ~                             if let Some(path) = index.resolve_relative(line)
797 ~                                 && is_module_path(&path) {
798 |                                     collection.enabled_modules.insert(path_key(&path));
799 ~                                 }
    |

warning: this `if` statement can be collapsed
   --> src/services/overview_collector.rs:867:33
    |
867 | /                                 if l...
868 | |                                     ...
869 | |                                     ...
870 | |                                     ...
...   |
873 | |                                 }
    | |_________________________________^
    |
    = help: for further information visit https://rust-lang.github.io/rust-clippy/rust-1.95.0/index.html#collapsible_if
help: collapse nested if block
    |
867 ~                                 if let Some(plugin) = line.strip_prefix('*')
868 ~                                     && let Some(path) = index.resolve_relative(plugin.trim()) {
869 |                                         if is_module_path(&path) {
870 |                                             collection.enabled_modules.insert(path_key(&path));
871 |                                         }
872 ~                                     }
    |

warning: this `if` statement can be collapsed
   --> src/services/overview_collector.rs:868:37
    |
868 | /                                     if l...
869 | |                                         ...
870 | |                                         ...
871 | |                                         }
872 | |                                     }
    | |_____________________________________^
    |
    = help: for further information visit https://rust-lang.github.io/rust-clippy/rust-1.95.0/index.html#collapsible_if
help: collapse nested if block
    |
868 ~                                     if let Some(path) = index.resolve_relative(plugin.trim())
869 ~                                         && is_module_path(&path) {
870 |                                             collection.enabled_modules.insert(path_key(&path));
871 ~                                         }
    |

warning: `cmt-rs` (bin "cmt-rs") generated 4 warnings (run `cargo clippy --fix --bin "cmt-rs" -p cmt-rs -- ` to apply 4 suggestions)
warning: `cmt-rs` (bin "cmt-rs" test) generated 4 warnings (4 duplicates)
    Finished `dev` profile [unoptimized + debuginfo] target(s) in 22.80s
