39
creationkit - shaders.ba2
creationkit - textures.ba2
fallout4 - animations.ba2
fallout4 - interface.ba2
fallout4 - materials.ba2
fallout4 - meshes.ba2
fallout4 - meshesextra.ba2
fallout4 - misc.ba2
fallout4 - nvflex.ba2
fallout4 - shaders.ba2
fallout4 - sounds.ba2
fallout4 - startup.ba2
fallout4 - textures1.ba2
fallout4 - textures2.ba2
fallout4 - textures3.ba2
fallout4 - textures4.ba2
fallout4 - textures5.ba2
fallout4 - textures6.ba2
fallout4 - textures7.ba2
fallout4 - textures8.ba2
fallout4 - textures9.ba2
fallout4 - texturespatch.ba2
fallout4 - voices.ba2
dlcultrahighresolution - textures01.ba2
dlcultrahighresolution - textures02.ba2
dlcultrahighresolution - textures03.ba2
dlcultrahighresolution - textures04.ba2
dlcultrahighresolution - textures05.ba2
dlcultrahighresolution - textures06.ba2
dlcultrahighresolution - textures07.ba2
dlcultrahighresolution - textures08.ba2
dlcultrahighresolution - textures09.ba2
dlcultrahighresolution - textures10.ba2
dlcultrahighresolution - textures11.ba2
dlcultrahighresolution - textures12.ba2
dlcultrahighresolution - textures13.ba2
dlcultrahighresolution - textures14.ba2
dlcultrahighresolution - textures15.ba2
dlcultrahighresolution - textures16.ba2
