PATHS
OK Cargo.toml
OK build.rs
OK src/main.rs
OK src/app/mod.rs
OK src/app/settings_controller.rs
OK src/app/overview_controller.rs
OK src/app/tools_controller.rs
OK src/app/scanner_controller.rs
OK src/domain/mod.rs
OK src/domain/settings.rs
OK src/domain/discovery.rs
OK src/domain/overview.rs
OK src/domain/tools.rs
OK src/domain/autofix.rs
OK src/domain/scanner.rs
OK src/services/mod.rs
OK src/services/discovery.rs
OK src/services/overview.rs
OK src/services/overview_collector.rs
OK src/services/autofix.rs
OK src/services/scanner.rs
OK src/platform/mod.rs
OK src/platform/filesystem.rs
OK src/platform/process.rs
OK src/platform/settings_store.rs
OK src/platform/desktop.rs
OK src/workers/mod.rs
OK src/workers/events.rs
OK src/workers/handoff.rs
OK ui/main.slint
OK ui/overview_tab.slint
OK ui/tools_tab.slint
OK ui/scanner_tab.slint
OK ui/settings_tab.slint
MISS tests
OK CMT/src/downgrader.py
OK CMT/src/globals.py
OK CMT/src/enums.py
OK CMT/src/modal_window.py
OK CMT/src/tabs/_overview.py
OK CMT/src/tabs/_tools.py

TEST FILES

KEY MATCHES
-- src/domain/settings.rs
14: const DOWNGRADER_KEEP_BACKUPS_KEY: &str = "downgrader_keep_backups";
15: const DOWNGRADER_DELETE_DELTAS_KEY: &str = "downgrader_delete_deltas";
43:     /// Downgrader toggles persisted as reference-compatible `downgrader_*` keys.
44:     pub downgrader: DowngraderSettings,
53:             downgrader: DowngraderSettings::default(),
146:                     &mut settings.downgrader.keep_backups,
152:                     &mut settings.downgrader.delete_deltas,
181:             "downgrader_keep_backups": self.downgrader.keep_backups,
182:             "downgrader_delete_deltas": self.downgrader.delete_deltas,
338: /// Downgrader workflow preferences persisted by the Settings model.
340: pub struct DowngraderSettings {
341:     /// Keeps backups when later downgrader operations modify files.
343:     /// Deletes delta files after later downgrader operations use them.
347: impl Default for DowngraderSettings {
370:         "downgrader_keep_backups",
371:         "downgrader_delete_deltas",
380:         assert!(settings.downgrader.keep_backups);
381:         assert!(settings.downgrader.delete_deltas);
436:                 "downgrader_keep_backups": false,
451:         assert!(!repaired.settings.downgrader.keep_backups);
452:         assert!(repaired.settings.downgrader.delete_deltas);
461:             matches!(diagnostic, RepairDiagnostic::MissingKey { key } if key == "downgrader_delete_deltas")
-- src/domain/tools.rs
5: //! deferred utility metadata as inert Rust data so Slint/UI code can bind to a
66:     /// Deferred Downgrade Manager utility entry.
67:     DowngradeManager,
98:             Self::DowngradeManager => "tools.downgrade_manager",
186:     /// Link or deferred-utility action metadata.
198:     /// Returns the deferred metadata when this entry is intentionally disabled.
199:     pub const fn deferred_utility(self) -> Option<ToolDeferredUtility> {
218:     /// Utility exists in the reference but is deferred/disabled in this slice.
227:     /// Internal deferred key for diagnostics and future routing.
284:         id: ToolActionId::DowngradeManager,
285:         label: "Downgrade Manager",
288:             status_text: "Downgrade Manager is not available in this Rust port yet.",
496:             ["Downgrade Manager", "Archive Patcher"]
725:     fn s05_reference_contract_deferred_utilities_are_disabled_and_ids_are_unique() {
740:         let deferred_entries = entries
744:                     .deferred_utility()
749:             deferred_entries,
752:                     "Downgrade Manager",
755:                         status_text: "Downgrade Manager is not available in this Rust port yet.",
768:         for (entry, _) in TOOL_GROUPS[0].entries.iter().zip(deferred_entries) {
777:             assert!(entry.deferred_utility().is_none());
-- src/main.rs
92:     WorkerTask, WorkerTaskKind, WorkerTaskOutcome,
893:                     OverviewDeferredActionKind::OpenDowngradeManager,
894:                     "Downgrade Manager is reserved for a later port phase.".to_owned(),
1227:                 Some("deferred Tools action reached runtime scheduler".to_owned()),
1354:         WorkerTaskKind::DesktopAction,
1362:         WorkerTaskKind::DesktopAction,
2034:         WorkerTaskKind::DesktopAction,
3211:         deferred_action_label(
3213:             OverviewDeferredActionKind::OpenDowngradeManager,
3220:         deferred_action_status(
3222:             OverviewDeferredActionKind::OpenDowngradeManager,
3223:             "Downgrade Manager",
3228:         deferred_action_label(
3237:         deferred_action_status(
3424: fn deferred_action_label(
3436: fn deferred_action_status(
3850:         assert_eq!(first.task.kind, WorkerTaskKind::Scan);
3913:             WorkerTask::new("other-worker", WorkerTaskKind::Generic),
4327:         assert_eq!(prepared.request.task.kind, WorkerTaskKind::Scan);
4611:         assert_eq!(prepared.request.task.kind, WorkerTaskKind::Patch);
5111:                 "label: \"Downgrade Manager\"",
5114:                 "Deferred until S09 Downgrade Manager workflow is ported.",
5307:         let tools_deferred = tools_action_for_id(ToolActionId::DowngradeManager.as_str())
5308:             .expect_err("deferred Tools utilities should fail closed");
5310:             tools_deferred.outcome,
5485:             WorkerTask::new("other-surface", WorkerTaskKind::Generic),
5542:             OVERVIEW_SLINT.contains("Deferred until the Downgrade Manager workflow is ported.")
5549:     fn overview_projection_rows_lock_reference_order_and_deferred_status() {
5583:             deferred_action_label(
5585:                 OverviewDeferredActionKind::OpenDowngradeManager,
5588:             "Downgrade Manager..."
5591:             deferred_action_label(
5599:             deferred_action_status(
5601:                 OverviewDeferredActionKind::OpenDowngradeManager,
5602:                 "Downgrade Manager",
5604:             "Deferred until the Downgrade Manager workflow is ported."
-- ui/overview_tab.slint
148:     in-out property <string> overview-downgrade-label: "Downgrade Manager...";
150:     in-out property <string> overview-downgrade-status: "Deferred until the Downgrade Manager workflow is ported.";
-- ui/tools_tab.slint
57:     in-out property <string> tools-disabled-utility-status: "Downgrade Manager is deferred until S09; Archive Patcher is deferred until S10.";
90:                         label: "Downgrade Manager";
93:                         helper-text: "Deferred until S09 Downgrade Manager workflow is ported.";
-- src/workers/events.rs
68: pub enum WorkerTaskKind {
89: impl WorkerTaskKind {
106: impl fmt::Display for WorkerTaskKind {
118:     pub kind: WorkerTaskKind,
125:     pub fn new(id: impl Into<WorkerTaskId>, kind: WorkerTaskKind) -> Self {
763:             WorkerTaskKind::Overview,
764:             WorkerTaskKind::Discovery,
765:             WorkerTaskKind::Scan,
766:             WorkerTaskKind::Patch,
767:             WorkerTaskKind::Download,
768:             WorkerTaskKind::ExternalProcess,
769:             WorkerTaskKind::Generic,
770:             WorkerTaskKind::Unknown,
774:             kinds.map(WorkerTaskKind::label),
791:             WorkerTask::new("discover-game", WorkerTaskKind::Discovery).with_label("Discover game");
805:         let task = WorkerTask::new("overview-refresh-1", WorkerTaskKind::Overview);
840:         let task = WorkerTask::new("s06-f4se-scan:7", WorkerTaskKind::Scan);
862:         let task = WorkerTask::new("s07-scanner-scan:11", WorkerTaskKind::Scan);
886:                 WorkerTaskKind::DesktopAction,
919:             WorkerTaskKind::Patch,
953:         let task = WorkerTask::new("scan-cancel", WorkerTaskKind::Scan);
989:             Some("deferred utility".to_owned()),
1001:             WorkerTask::new("tools-action", WorkerTaskKind::DesktopAction),
1007:             WorkerTask::new("about-action", WorkerTaskKind::DesktopAction),
-- src/platform/filesystem.rs
-- CMT/src/downgrader.py
54: class Downgrader(ModalWindow):
116: 		super().__init__(parent, cmc, "Downgrader", 600, 334)
132: 		self.bv_keep_backups = BooleanVar(value=cmc.settings.dict["downgrader_keep_backups"])
133: 		self.bv_delete_deltas = BooleanVar(value=cmc.settings.dict["downgrader_delete_deltas"])
140: 		for file_name, file_crcs in list(Downgrader.CRCs_game.items()) + list(Downgrader.CRCs_ck.items()):
195: 			text="Keep Backups",
204: 			text="Delete Patches",
211: 		self.button_patch = ttk.Button(self, text="Patch\n All", command=self.patch_files)
217: 			command=lambda: AboutWindow(self, self.cmc, 500, 300, ABOUT_DOWNGRADING_TITLE, ABOUT_DOWNGRADING),
281: 		if settings.dict["downgrader_keep_backups"] != self.bv_keep_backups.get():
282: 			settings.dict["downgrader_keep_backups"] = self.bv_keep_backups.get()
284: 		if settings.dict["downgrader_delete_deltas"] != self.bv_delete_deltas.get():
285: 			settings.dict["downgrader_delete_deltas"] = self.bv_delete_deltas.get()
-- CMT/src/globals.py
205: ABOUT_DOWNGRADING_TITLE = "About Downgrading Fallout 4 & Creation Kit"
206: ABOUT_DOWNGRADING = """This downgrader makes use of delta patches which are downloaded as-needed from the CMT GitHub page.
210: Simple Downgrader's backups will also be used.
310: Simple Downgrader's backups will also be used.
