Diff in /mnt/j/cmt-rs/src/services/update.rs:6:
 //! behind injectable traits/adapters, while callers receive typed Overview update
 //! state and safe action feedback.
 
[31m-use std::{
(B[m[31m-    cmp::Ordering,
(B[m[31m-    future::Future,
(B[m[31m-    path::Path,
(B[m[31m-    pin::Pin,
(B[m[31m-    time::Duration,
(B[m[31m-};
(B[m[32m+use std::{cmp::Ordering, future::Future, path::Path, pin::Pin, time::Duration};
(B[m 
 use serde_json::Value;
 use tracing::{Instrument, debug, info, info_span, warn};
Diff in /mnt/j/cmt-rs/src/services/update.rs:163:
         Self { client }
     }
 
[31m-    async fn fetch_text(&self, url: &'static str, headers: Option<reqwest::header::HeaderMap>) -> UpdateHttpResult {
(B[m[32m+    async fn fetch_text(
(B[m[32m+        &self,
(B[m[32m+        url: &'static str,
(B[m[32m+        headers: Option<reqwest::header::HeaderMap>,
(B[m[32m+    ) -> UpdateHttpResult {
(B[m         let mut request = self.client.get(url);
         if let Some(headers) = headers {
             request = request.headers(headers);
Diff in /mnt/j/cmt-rs/src/services/update.rs:203:
                 "X-GitHub-Api-Version",
                 reqwest::header::HeaderValue::from_static("2022-11-28"),
             );
[31m-            self.fetch_text(GITHUB_LATEST_RELEASE_URL, Some(headers)).await
(B[m[32m+            self.fetch_text(GITHUB_LATEST_RELEASE_URL, Some(headers))
(B[m[32m+                .await
(B[m         })
     }
 }
Diff in /mnt/j/cmt-rs/src/services/update.rs:318:
     }
 
     /// Creates a silent-failure source result.
[31m-    pub fn failed(provider: UpdateProvider, kind: UpdateFailureKind, summary: impl Into<String>) -> Self {
(B[m[32m+    pub fn failed(
(B[m[32m+        provider: UpdateProvider,
(B[m[32m+        kind: UpdateFailureKind,
(B[m[32m+        summary: impl Into<String>,
(B[m[32m+    ) -> Self {
(B[m         let failure = UpdateCheckFailure::new(provider, cap_failure_summary(summary.into()));
         Self {
             provider,
Diff in /mnt/j/cmt-rs/src/services/update.rs:512:
     }
 
     async fn check_provider(&self, provider: UpdateProvider) -> UpdateSourceResult {
[31m-        debug!(provider = provider.label(), "overview update source request started");
(B[m[32m+        debug!(
(B[m[32m+            provider = provider.label(),
(B[m[32m+            "overview update source request started"
(B[m[32m+        );
(B[m         let response = match provider {
             UpdateProvider::NexusMods => self.client.fetch_nexus_mods().await,
             UpdateProvider::Github => self.client.fetch_github_latest_release().await,
Diff in /mnt/j/cmt-rs/src/services/update.rs:951:
         assert!(report.releases().is_empty());
         assert!(report.failures().is_empty());
         assert!(matches!(report.banner_state(), UpdateBannerState::Disabled));
[31m-        assert!(report.source_results.iter().all(|result| {
(B[m[31m-            matches!(result.outcome, UpdateSourceOutcome::Skipped { .. })
(B[m[31m-        }));
(B[m[32m+        assert!(
(B[m[32m+            report
(B[m[32m+                .source_results
(B[m[32m+                .iter()
(B[m[32m+                .all(|result| { matches!(result.outcome, UpdateSourceOutcome::Skipped { .. }) })
(B[m[32m+        );
(B[m     }
 
     #[tokio::test]
Diff in /mnt/j/cmt-rs/src/services/update.rs:1023:
             panic!("newer version should create available banner");
         };
         assert_eq!(selected_source, UpdateSource::Github);
[31m-        assert_eq!(releases[0].action.target, OverviewDeferredActionTarget::Url(GITHUB_LINK.to_owned()));
(B[m[32m+        assert_eq!(
(B[m[32m+            releases[0].action.target,
(B[m[32m+            OverviewDeferredActionTarget::Url(GITHUB_LINK.to_owned())
(B[m[32m+        );
(B[m         assert_eq!(releases[0].display_label(), "v0.7.0 (GitHub)");
     }
 
Diff in /mnt/j/cmt-rs/src/services/update.rs:1056:
         let report = checker.check(UpdateSource::Github).await;
 
         assert!(report.releases().is_empty());
[31m-        assert_eq!(report.failures()[0].summary, "update metadata could not be parsed");
(B[m[32m+        assert_eq!(
(B[m[32m+            report.failures()[0].summary,
(B[m[32m+            "update metadata could not be parsed"
(B[m[32m+        );
(B[m         let UpdateSourceOutcome::Failed { kind, .. } = &report.source_results[0].outcome else {
             panic!("malformed JSON should be a silent source failure");
         };
Diff in /mnt/j/cmt-rs/src/services/update.rs:1108:
         assert!(report.releases().is_empty());
         let failures = report.failures();
         assert_eq!(failures[0].summary, "update request timed out");
[31m-        assert_eq!(failures[1].summary, "update source returned HTTP status 500");
(B[m[32m+        assert_eq!(
(B[m[32m+            failures[1].summary,
(B[m[32m+            "update source returned HTTP status 500"
(B[m[32m+        );
(B[m         assert!(!report.banner_state().is_visible());
     }
 
Diff in /mnt/j/cmt-rs/src/services/update.rs:1146:
             r"C:\Games\Fallout 4",
         );
         let path_feedback = service.execute(&path_action);
[31m-        assert_eq!(path_feedback.action, OverviewDeferredActionKind::OpenGamePath);
(B[m[32m+        assert_eq!(
(B[m[32m+            path_feedback.action,
(B[m[32m+            OverviewDeferredActionKind::OpenGamePath
(B[m[32m+        );
(B[m         assert_eq!(
             path_feedback.outcome,
             OverviewDesktopActionOutcome::Failed {
