## /home/evild/.cargo/registry/src/index.crates.io-1949cf8c6b5b557f/i-slint-compiler-1.16.1/builtins.slint
585: }
586: 
587: // Also not a real Item. Actually not an element at all
588: export component Timer {
589:     in property <duration> interval;
590:     callback triggered;
591:     in property <bool> running: true;
592:     function start() {
593:     }
594:     function stop() {
595:     }
596:     function restart() {
597:     }
598:     //-is_non_item_type
599:     //-disallow_global_types_as_child_elements
600: }
---
## /home/evild/.cargo/registry/src/index.crates.io-1949cf8c6b5b557f/i-slint-compiler-1.16.1/tests/syntax/elements/timer2.slint
1: // Copyright © SixtyFPS GmbH <info@slint.dev>
2: // SPDX-License-Identifier: GPL-3.0-only OR LicenseRef-Slint-Royalty-free-2.0 OR LicenseRef-Slint-Software-3.0
3: 
4: export component Abc inherits Timer {
5: //                            >    <error{A component cannot inherit from Timer}
6:     interval: 50ms;
7: }
8: 
9: export component Def {
10:     if true: Timer { interval: 32ms; }
11: //           >    <error{Timer cannot be directly repeated or conditional}
12: 
13:     if false: Abc {}
14: 
15:     Timer {
16: //  >    <error{Timer must have a binding set for its 'interval' property}
---
7: }
8: 
9: export component Def {
10:     if true: Timer { interval: 32ms; }
11: //           >    <error{Timer cannot be directly repeated or conditional}
12: 
13:     if false: Abc {}
14: 
15:     Timer {
16: //  >    <error{Timer must have a binding set for its 'interval' property}
17:         running: false;
18:     }
19: 
20:     Timer {}
21: //  >    <error{Timer must have a binding set for its 'interval' property}
22: }
---
12: 
13:     if false: Abc {}
14: 
15:     Timer {
16: //  >    <error{Timer must have a binding set for its 'interval' property}
17:         running: false;
18:     }
19: 
20:     Timer {}
21: //  >    <error{Timer must have a binding set for its 'interval' property}
22: }
---
17:         running: false;
18:     }
19: 
20:     Timer {}
21: //  >    <error{Timer must have a binding set for its 'interval' property}
22: }
---
## /home/evild/.cargo/registry/src/index.crates.io-1949cf8c6b5b557f/i-slint-compiler-1.16.1/tests/syntax/elements/timer.slint
2: // SPDX-License-Identifier: GPL-3.0-only OR LicenseRef-Slint-Royalty-free-2.0 OR LicenseRef-Slint-Software-3.0
3: 
4: export component Def {
5:     Timer {
6:         interval: 100ms;
7:         Rectangle {}
8: //      >        <error{Timer cannot have children elements}
9:     }
10: 
11:     Timer {
12:         interval: 200ms;
13:         width: 500px;
14: //      >   <error{Unknown property width in Timer}
15:         y: 12px;
16: //      ^error{Unknown property y in Timer}
17: 
---
8: //      >        <error{Timer cannot have children elements}
9:     }
10: 
11:     Timer {
12:         interval: 200ms;
13:         width: 500px;
14: //      >   <error{Unknown property width in Timer}
15:         y: 12px;
16: //      ^error{Unknown property y in Timer}
17: 
18:         opacity: 0.5;
19: //      >     <error{Unknown property opacity in Timer}
20:         visible: false;
21: //      >     <error{Unknown property visible in Timer}
22: 
23:     }
---
## /home/evild/.cargo/registry/src/index.crates.io-1949cf8c6b5b557f/i-slint-compiler-1.16.1/widgets/common/menus.slint
57:             }
58:         }
59: 
60:         open-sub-menu-after-timeout := Timer {
61:             interval: 500ms;
62:             running: false;
63: 
64:             triggered => {
65:                 self.running = false;
66: 
67:                 if current-highlight >= 0 {
68:                     if entries[current-highlight].has-sub-menu {
69:                         activate(entries[current-highlight], current-highlight-y-pos, current-highlight);
70:                     } else {
71:                         current-open = -1;
72:                         sub-menu.close();
---
