src/domain/scanner.rs:809:    pub solution: Option<String>,
src/domain/scanner.rs:815:    pub auto_fix_deferred: bool,
src/domain/scanner.rs:824:        solution: Option<String>,
src/domain/scanner.rs:837:            auto_fix_deferred: false,
src/domain/scanner.rs:847:        solution: Option<String>,
src/domain/scanner.rs:866:            auto_fix_deferred: false,
src/domain/scanner.rs:889:    pub const fn with_deferred_auto_fix(mut self) -> Self {
src/domain/scanner.rs:890:        self.auto_fix_deferred = true;
src/domain/scanner.rs:990:        if self.auto_fix_deferred {
src/domain/scanner.rs:1118:            ScannerResult::with_path(
src/domain/scanner.rs:1126:        None => ScannerResult::simple(
src/domain/scanner.rs:1215:        let mut result = ScannerResult::simple(
src/domain/scanner.rs:1440:        let result = ScannerResult::with_path(
src/domain/scanner.rs:1445:            Some(ScannerSolutionKind::DeleteOrIgnoreFolder.into_solution_text()),
src/domain/scanner.rs:1458:        let missing_solution = ScannerResult::simple(
src/domain/scanner.rs:1480:        let non_url = ScannerResult::simple(
src/domain/scanner.rs:1498:        let with_url = ScannerResult::simple(
src/domain/scanner.rs:1502:            Some(ScannerSolutionKind::DownloadMod.into_solution_text()),
src/domain/scanner.rs:1508:        .with_deferred_auto_fix();
src/services/scanner.rs:803:                ScannerResult::simple(
src/services/scanner.rs:1216:                    Some(ScannerSolutionKind::DeleteOrIgnoreFolder.into_solution_text()),
src/services/scanner.rs:1234:                    Some(ScannerSolutionKind::ArchiveFolder.into_solution_text()),
src/services/scanner.rs:1310:                        Some(ScannerSolutionKind::ArchiveFolder.into_solution_text()),
src/services/scanner.rs:1323:                        Some(ScannerSolutionKind::ArchiveFolder.into_solution_text()),
src/services/scanner.rs:1408:                Some(ScannerSolutionKind::DeleteOrIgnoreFile.into_solution_text()),
src/services/scanner.rs:1461:                            Some(ScannerSolutionKind::RenameArchive.into_solution_text()),
src/services/scanner.rs:1509:                    ScannerSolutionKind::ConvertDeleteOrIgnoreFile.into_solution_text(),
src/services/scanner.rs:1517:                    ScannerSolutionKind::DeleteOrIgnoreFile.into_solution_text(),
src/services/scanner.rs:1525:                ScannerSolutionKind::UnknownFormat.into_solution_text(),
src/services/scanner.rs:1727:    solution: Option<String>,
src/services/scanner.rs:1729:    let mut result = ScannerResult::with_path(
src/services/scanner.rs:1751:        Some(path) => ScannerResult::with_path(problem_type, path, relative_path, summary, None),
src/services/scanner.rs:1752:        None => ScannerResult::simple(
src/app/scanner_controller.rs:803:        ScannerResult::with_path(
src/app/scanner_controller.rs:808:            Some(ScannerSolutionKind::DeleteOrIgnoreFile.into_solution_text()),
src/app/scanner_controller.rs:997:        let result_with_file_list = ScannerResult::simple(
src/app/scanner_controller.rs:1131:                ScannerResult::simple(
src/main.rs:178:    detail_solution: String,
src/main.rs:2600:        detail_solution: detail.solution,
src/main.rs:2666:    solution: String,
src/main.rs:2682:            solution: String::new(),
src/main.rs:2695:        solution: scanner_detail_value(&detail.records, DETAIL_LABEL_SOLUTION),
src/main.rs:3867:        let result = ScannerResult::with_path(
src/main.rs:4231:        ScannerResult::with_path(
