Diff in /mnt/j/cmt-rs/src/main.rs:974:
             "Scanner",
             include_str!("../ui/scanner_tab.slint"),
         ),
[32m+        ("ui/tools_tab.slint", "ToolsTab", "Tools", TOOLS_SLINT),
(B[m         (
[31m-            "ui/tools_tab.slint",
(B[m[31m-            "ToolsTab",
(B[m[31m-            "Tools",
(B[m[31m-            TOOLS_SLINT,
(B[m[31m-        ),
(B[m[31m-        (
(B[m             "ui/settings_tab.slint",
             "SettingsTab",
             "Settings",
Diff in /mnt/j/cmt-rs/src/main.rs:987:
             SETTINGS_SLINT,
         ),
[31m-        (
(B[m[31m-            "ui/about_tab.slint",
(B[m[31m-            "AboutTab",
(B[m[31m-            "About",
(B[m[31m-            ABOUT_SLINT,
(B[m[31m-        ),
(B[m[32m+        ("ui/about_tab.slint", "AboutTab", "About", ABOUT_SLINT),
(B[m     ];
[31m-    const INERT_TAB_COMPONENTS: [(&str, &str, &str, &str); 2] = [TAB_COMPONENTS[1], TAB_COMPONENTS[2]];
(B[m[32m+    const INERT_TAB_COMPONENTS: [(&str, &str, &str, &str); 2] =
(B[m[32m+        [TAB_COMPONENTS[1], TAB_COMPONENTS[2]];
(B[m 
     fn slint_string_property_values(source: &str, property: &str) -> Vec<String> {
         let prefix = format!("{property}:");
