Optional flat scanner result index 1
ScanMismatch 0
OperationMismatch 0
TargetMismatch 0
pub struct AutoFixCompletion {
    /// Optional scan id the request belonged to.
    pub scan_id: Option<u64>,
    /// Operation that completed.
    pub operation_key: AutoFixOperationKey,
    /// Selected result identity from the request.
    pub selection_identity: AutoFixSelectionIdentity,
    /// Pre-mutation validation policy and observed identity, if populated.
    pub revalidation: AutoFixRevalidationPlan,
    /// Final safe status.
    pub status: AutoFixStatus,
    /// Details for inline feedback or the result dialog.
    pub detail: AutoFixResultDetail,
}


pub enum AutoFixRejectionReason {
    /// No registry handler exists for the typed operation key.
    NoRegisteredHandler,
    /// The selected result had no typed solution key.
    UnsupportedSolution,
    /// The operation requires a path and the selected result had none.
    MissingTargetPath,
    /// The pre-mutation identity did not match the selected identity.
    StaleSelection,
    /// Confirmation was required but not supplied.
    ConfirmationRequired,
    /// Confirmation was supplied but declined.
    ConfirmationDeclined,
    /// The worker could not be scheduled.
    WorkerUnavailable,
    /// Validation failed before the operation could safely run.
    ValidationFailed,
}


