base_ref=origin/main
merge_base=8b12224515f7b7fff6a1b0e50b2dc4a044852b27
head=64f5392e061432c912096e3707f244930668d18f
ahead_commits=87
non_gsd_diff_count=2588
DIFF .gitignore
DIFF .planning/PROJECT.md
DIFF .planning/REQUIREMENTS.md
DIFF .planning/ROADMAP.md
DIFF .planning/STATE.md
DIFF .planning/config.json
DIFF .planning/phases/02-settings-defaults-parity/02-01-SUMMARY.md
DIFF .planning/phases/02-settings-defaults-parity/02-02-SUMMARY.md
DIFF .planning/phases/02-settings-defaults-parity/02-03-SUMMARY.md
DIFF .planning/phases/02-settings-defaults-parity/02-04-SUMMARY.md
DIFF .planning/phases/02-settings-defaults-parity/02-HUMAN-UAT.md
DIFF .planning/phases/02-settings-defaults-parity/02-REVIEW.md
DIFF .planning/phases/02-settings-defaults-parity/02-VALIDATION.md
DIFF .planning/phases/02-settings-defaults-parity/02-VERIFICATION.md
DIFF .planning/phases/03-platform-discovery-background-adapters/03-01-PLAN.md
DIFF .planning/phases/03-platform-discovery-background-adapters/03-02-PLAN.md
DIFF .planning/phases/03-platform-discovery-background-adapters/03-03-PLAN.md
DIFF .planning/phases/03-platform-discovery-background-adapters/03-04-PLAN.md
DIFF .planning/phases/03-platform-discovery-background-adapters/03-CONTEXT.md
DIFF .planning/phases/03-platform-discovery-background-adapters/03-DISCUSSION-LOG.md
DIFF .planning/phases/03-platform-discovery-background-adapters/03-PATTERNS.md
DIFF .planning/phases/03-platform-discovery-background-adapters/03-RESEARCH.md
DIFF .planning/phases/03-platform-discovery-background-adapters/03-SPEC.md
DIFF .planning/phases/03-platform-discovery-background-adapters/03-UI-SPEC.md
DIFF .planning/phases/03-platform-discovery-background-adapters/03-VALIDATION.md
DIFF Cargo.toml
DIFF Python/_cache/last_welcome.txt
DIFF Python/bin/pip.exe
DIFF Python/bin/pip.exe.__script__.py
DIFF Python/bin/pip.exe.__target__
DIFF Python/bin/pip3.exe
DIFF Python/bin/pip3.exe.__script__.py
DIFF Python/bin/pip3.exe.__target__
DIFF Python/bin/python.exe
DIFF Python/bin/python.exe.__target__
DIFF Python/bin/python3-64.exe
DIFF Python/bin/python3-64.exe.__target__
DIFF Python/bin/python3.14-64.exe
DIFF Python/bin/python3.14-64.exe.__target__
DIFF Python/bin/python3.14.exe
DIFF Python/bin/python3.14.exe.__target__
DIFF Python/bin/python3.exe
DIFF Python/bin/python3.exe.__target__
DIFF Python/bin/pythonw.exe
DIFF Python/bin/pythonw.exe.__target__
DIFF Python/bin/pythonw3-64.exe
DIFF Python/bin/pythonw3-64.exe.__target__
DIFF Python/bin/pythonw3.14-64.exe
DIFF Python/bin/pythonw3.14-64.exe.__target__
DIFF Python/bin/pythonw3.14.exe
DIFF Python/bin/pythonw3.14.exe.__target__
DIFF Python/bin/pythonw3.exe
DIFF Python/bin/pythonw3.exe.__target__
DIFF Python/pythoncore-3.14-64/DLLs/libcrypto-3.dll
DIFF Python/pythoncore-3.14-64/DLLs/libffi-8.dll
DIFF Python/pythoncore-3.14-64/DLLs/libssl-3.dll
DIFF Python/pythoncore-3.14-64/DLLs/python.cat
DIFF Python/pythoncore-3.14-64/DLLs/sqlite3.dll
DIFF Python/pythoncore-3.14-64/DLLs/tcl86t.dll
DIFF Python/pythoncore-3.14-64/DLLs/tk86t.dll
DIFF Python/pythoncore-3.14-64/DLLs/zlib1.dll
DIFF Python/pythoncore-3.14-64/Doc/html/.buildinfo
DIFF Python/pythoncore-3.14-64/Doc/html/404.html
DIFF Python/pythoncore-3.14-64/Doc/html/_downloads/6dc1f3f4f0e6ca13cb42ddf4d6cbc8af/tzinfo_examples.py
DIFF Python/pythoncore-3.14-64/Doc/html/_images/datetime-inheritance.svg
DIFF Python/pythoncore-3.14-64/Doc/html/_images/hashlib-blake2-tree.png
DIFF Python/pythoncore-3.14-64/Doc/html/_images/kde_example.png
DIFF Python/pythoncore-3.14-64/Doc/html/_images/mac_installer_01_introduction.png
DIFF Python/pythoncore-3.14-64/Doc/html/_images/mac_installer_02_readme.png
DIFF Python/pythoncore-3.14-64/Doc/html/_images/mac_installer_03_license.png
DIFF Python/pythoncore-3.14-64/Doc/html/_images/mac_installer_04_installation_type.png
DIFF Python/pythoncore-3.14-64/Doc/html/_images/mac_installer_05_custom_install.png
DIFF Python/pythoncore-3.14-64/Doc/html/_images/mac_installer_06_summary.png
DIFF Python/pythoncore-3.14-64/Doc/html/_images/mac_installer_07_applications.png
DIFF Python/pythoncore-3.14-64/Doc/html/_images/mac_installer_08_install_certificates.png
DIFF Python/pythoncore-3.14-64/Doc/html/_images/mac_installer_09_custom_install_free_threaded.png
DIFF Python/pythoncore-3.14-64/Doc/html/_images/pathlib-inheritance.png
DIFF Python/pythoncore-3.14-64/Doc/html/_images/tk_msg.png
DIFF Python/pythoncore-3.14-64/Doc/html/_images/turtle-star.png
DIFF Python/pythoncore-3.14-64/Doc/html/_images/win_install_freethreaded.png
DIFF Python/pythoncore-3.14-64/Doc/html/_images/win_installer.png
DIFF Python/pythoncore-3.14-64/Doc/html/_sources/about.rst.txt
DIFF Python/pythoncore-3.14-64/Doc/html/_sources/bugs.rst.txt
DIFF Python/pythoncore-3.14-64/Doc/html/_sources/c-api/abstract.rst.txt
DIFF Python/pythoncore-3.14-64/Doc/html/_sources/c-api/allocation.rst.txt
DIFF Python/pythoncore-3.14-64/Doc/html/_sources/c-api/apiabiversion.rst.txt
DIFF Python/pythoncore-3.14-64/Doc/html/_sources/c-api/arg.rst.txt
DIFF Python/pythoncore-3.14-64/Doc/html/_sources/c-api/bool.rst.txt
DIFF Python/pythoncore-3.14-64/Doc/html/_sources/c-api/buffer.rst.txt
DIFF Python/pythoncore-3.14-64/Doc/html/_sources/c-api/bytearray.rst.txt
DIFF Python/pythoncore-3.14-64/Doc/html/_sources/c-api/bytes.rst.txt
DIFF Python/pythoncore-3.14-64/Doc/html/_sources/c-api/call.rst.txt
DIFF Python/pythoncore-3.14-64/Doc/html/_sources/c-api/capsule.rst.txt
DIFF Python/pythoncore-3.14-64/Doc/html/_sources/c-api/cell.rst.txt
DIFF Python/pythoncore-3.14-64/Doc/html/_sources/c-api/code.rst.txt
DIFF Python/pythoncore-3.14-64/Doc/html/_sources/c-api/codec.rst.txt
DIFF Python/pythoncore-3.14-64/Doc/html/_sources/c-api/complex.rst.txt
DIFF Python/pythoncore-3.14-64/Doc/html/_sources/c-api/concrete.rst.txt
DIFF Python/pythoncore-3.14-64/Doc/html/_sources/c-api/contextvars.rst.txt
DIFF Python/pythoncore-3.14-64/Doc/html/_sources/c-api/conversion.rst.txt
DIFF Python/pythoncore-3.14-64/Doc/html/_sources/c-api/coro.rst.txt
DIFF Python/pythoncore-3.14-64/Doc/html/_sources/c-api/curses.rst.txt
DIFF Python/pythoncore-3.14-64/Doc/html/_sources/c-api/datetime.rst.txt
DIFF Python/pythoncore-3.14-64/Doc/html/_sources/c-api/descriptor.rst.txt
DIFF Python/pythoncore-3.14-64/Doc/html/_sources/c-api/dict.rst.txt
DIFF Python/pythoncore-3.14-64/Doc/html/_sources/c-api/exceptions.rst.txt
DIFF Python/pythoncore-3.14-64/Doc/html/_sources/c-api/extension-modules.rst.txt
DIFF Python/pythoncore-3.14-64/Doc/html/_sources/c-api/file.rst.txt
DIFF Python/pythoncore-3.14-64/Doc/html/_sources/c-api/float.rst.txt
DIFF Python/pythoncore-3.14-64/Doc/html/_sources/c-api/frame.rst.txt
DIFF Python/pythoncore-3.14-64/Doc/html/_sources/c-api/function.rst.txt
DIFF Python/pythoncore-3.14-64/Doc/html/_sources/c-api/gcsupport.rst.txt
DIFF Python/pythoncore-3.14-64/Doc/html/_sources/c-api/gen.rst.txt
DIFF Python/pythoncore-3.14-64/Doc/html/_sources/c-api/hash.rst.txt
DIFF Python/pythoncore-3.14-64/Doc/html/_sources/c-api/import.rst.txt
DIFF Python/pythoncore-3.14-64/Doc/html/_sources/c-api/index.rst.txt
DIFF Python/pythoncore-3.14-64/Doc/html/_sources/c-api/init.rst.txt
DIFF Python/pythoncore-3.14-64/Doc/html/_sources/c-api/init_config.rst.txt
DIFF Python/pythoncore-3.14-64/Doc/html/_sources/c-api/interp-lifecycle.rst.txt
DIFF Python/pythoncore-3.14-64/Doc/html/_sources/c-api/intro.rst.txt
