src/platform/filesystem.rs:174:    fn read_to_string(&self, path: &Path) -> PlatformResult<String>;
src/platform/filesystem.rs:189:    fn write_bytes(&self, path: &Path, bytes: &[u8]) -> PlatformResult<()>;
src/platform/filesystem.rs:195:    fn write_byte_range(&self, path: &Path, offset: u64, bytes: &[u8]) -> PlatformResult<()>;
src/platform/filesystem.rs:260:        fs::read(path).map_err(|error| {
src/platform/filesystem.rs:280:            .read_to_end(&mut bytes)
src/platform/filesystem.rs:291:    fn read_to_string(&self, path: &Path) -> PlatformResult<String> {
src/platform/filesystem.rs:292:        fs::read_to_string(path).map_err(|error| {
src/platform/filesystem.rs:358:    fn write_bytes(&self, path: &Path, bytes: &[u8]) -> PlatformResult<()> {
src/platform/filesystem.rs:368:    fn write_byte_range(&self, path: &Path, offset: u64, bytes: &[u8]) -> PlatformResult<()> {
src/platform/filesystem.rs:370:            .read(true)
src/platform/filesystem.rs:387:        file.write_all(bytes).map_err(|error| {
src/platform/filesystem.rs:431:        let write_result = (|| -> PlatformResult<()> {
src/platform/filesystem.rs:443:            temp_file.write_all(bytes).map_err(|error| {
src/platform/filesystem.rs:467:        if write_result.is_err() {
src/platform/filesystem.rs:470:        write_result
src/platform/filesystem.rs:620:        fn read_to_string(&self, path: &Path) -> PlatformResult<String> {
src/platform/filesystem.rs:679:                .expect("system clock should be after Unix epoch")
src/platform/filesystem.rs:693:        let files = collect_files(&fs, Path::new("Data")).expect("fake traversal should work");
src/platform/filesystem.rs:702:        assert!(fs.is_dir(Path::new("Data")).expect("fake dir metadata"));
src/platform/filesystem.rs:705:                .expect("fake file metadata")
src/platform/filesystem.rs:708:            fs.read_to_string(Path::new("Data/Fallout4.esm"))
src/platform/filesystem.rs:709:                .expect("fake text read"),
src/platform/filesystem.rs:747:    fn real_filesystem_write_byte_range_updates_only_requested_bytes() {
src/platform/filesystem.rs:750:        fs.write_bytes(&path, b"BTDX\x08\0\0\0GNRLbody")
src/platform/filesystem.rs:751:            .expect("test fixture should be written");
src/platform/filesystem.rs:753:        fs.write_byte_range(&path, 4, &1_u32.to_le_bytes())
src/platform/filesystem.rs:754:            .expect("byte range write should succeed");
src/platform/filesystem.rs:757:            .expect("patched fixture should be readable");
ui/main.slint:7:import { ArchivePatcherWindow, ArchivePatcherCandidateUiRow, ArchivePatcherPlanUiRow, ArchivePatcherLogUiRow } from "archive_patcher_window.slint";
ui/main.slint:8:export { ArchivePatcherWindow, ArchivePatcherCandidateUiRow, ArchivePatcherPlanUiRow, ArchivePatcherLogUiRow } from "archive_patcher_window.slint";
ui/main.slint:122:    // The tab labels and order mirror CMT/src/cm_checker.py and CMT/src/enums.py.
ui/archive_patcher_window.slint:3:export struct ArchivePatcherCandidateUiRow {
ui/archive_patcher_window.slint:11:export struct ArchivePatcherPlanUiRow {
ui/archive_patcher_window.slint:18:export struct ArchivePatcherLogUiRow {
ui/archive_patcher_window.slint:23:component ArchivePatcherTargetRadio inherits Rectangle {
ui/archive_patcher_window.slint:72:component ArchivePatcherCandidateRowItem inherits Rectangle {
ui/archive_patcher_window.slint:73:    in property <ArchivePatcherCandidateUiRow> entry;
ui/archive_patcher_window.slint:129:component ArchivePatcherPlanRowItem inherits Rectangle {
ui/archive_patcher_window.slint:130:    in property <ArchivePatcherPlanUiRow> entry;
ui/archive_patcher_window.slint:187:component ArchivePatcherLogRowItem inherits Rectangle {
ui/archive_patcher_window.slint:188:    in property <ArchivePatcherLogUiRow> entry;
ui/archive_patcher_window.slint:202:component ArchivePatcherProgressBar inherits Rectangle {
ui/archive_patcher_window.slint:221:export component ArchivePatcherWindow inherits Window {
ui/archive_patcher_window.slint:224:    in-out property <[ArchivePatcherCandidateUiRow]> candidate-rows;
ui/archive_patcher_window.slint:226:    in-out property <[ArchivePatcherPlanUiRow]> plan-rows;
ui/archive_patcher_window.slint:229:    in-out property <[ArchivePatcherLogUiRow]> log-rows;
ui/archive_patcher_window.slint:278:                        ArchivePatcherTargetRadio {
ui/archive_patcher_window.slint:289:                        ArchivePatcherTargetRadio {
ui/archive_patcher_window.slint:380:                        for row in root.candidate-rows: ArchivePatcherCandidateRowItem {
ui/archive_patcher_window.slint:410:                            for row in root.plan-rows: ArchivePatcherPlanRowItem {
ui/archive_patcher_window.slint:428:                        if root.log-rows.length == 0: ArchivePatcherLogRowItem {
ui/archive_patcher_window.slint:432:                        for row in root.log-rows: ArchivePatcherLogRowItem {
ui/archive_patcher_window.slint:443:                ArchivePatcherProgressBar {
src/services/archive_patcher.rs:17:        archive_patcher::{
src/services/archive_patcher.rs:19:            ArchivePatcherArchiveFormat, ArchivePatcherCandidateRow,
src/services/archive_patcher.rs:20:            ArchivePatcherCandidateSnapshot, ArchivePatcherExecutionFileResult,
src/services/archive_patcher.rs:21:            ArchivePatcherExecutionOutcome, ArchivePatcherExecutionResult, ArchivePatcherHeader,
src/services/archive_patcher.rs:22:            ArchivePatcherLatestManifest, ArchivePatcherLogLevel, ArchivePatcherLogRow,
src/services/archive_patcher.rs:23:            ArchivePatcherPreviewPlan, ArchivePatcherPreviewPlanRow,
src/services/archive_patcher.rs:24:            ArchivePatcherRestoreManifestEntry, ArchivePatcherSummaryCounts, ArchivePatcherTarget,
src/services/archive_patcher.rs:32:            restore_complete_message, restored_to_original_log_row, short_header_message,
src/services/archive_patcher.rs:33:            skipping_already_patched_message, skipping_restore_stale_message,
src/services/archive_patcher.rs:47:pub struct ArchivePatcherCandidateRequest<'a> {
src/services/archive_patcher.rs:53:    pub target: ArchivePatcherTarget,
src/services/archive_patcher.rs:58:impl<'a> ArchivePatcherCandidateRequest<'a> {
src/services/archive_patcher.rs:63:        target: ArchivePatcherTarget,
src/services/archive_patcher.rs:77:pub struct ArchivePatcherPlanRequest<'a> {
src/services/archive_patcher.rs:85:    pub target: ArchivePatcherTarget,
src/services/archive_patcher.rs:90:impl<'a> ArchivePatcherPlanRequest<'a> {
src/services/archive_patcher.rs:96:        target: ArchivePatcherTarget,
src/services/archive_patcher.rs:111:pub struct ArchivePatcherExecutionRequest<'a> {
src/services/archive_patcher.rs:119:    pub target: ArchivePatcherTarget,
src/services/archive_patcher.rs:124:    /// App-owned latest restore manifest path.
src/services/archive_patcher.rs:125:    pub manifest_path: &'a Path,
src/services/archive_patcher.rs:128:impl<'a> ArchivePatcherExecutionRequest<'a> {
src/services/archive_patcher.rs:134:        target: ArchivePatcherTarget,
src/services/archive_patcher.rs:136:        manifest_path: &'a Path,
src/services/archive_patcher.rs:145:            manifest_path,
src/services/archive_patcher.rs:158:pub struct ArchivePatcherRestoreRequest<'a> {
src/services/archive_patcher.rs:163:    /// App-owned latest restore manifest path.
src/services/archive_patcher.rs:164:    pub manifest_path: &'a Path,
src/services/archive_patcher.rs:167:impl<'a> ArchivePatcherRestoreRequest<'a> {
src/services/archive_patcher.rs:172:        manifest_path: &'a Path,
src/services/archive_patcher.rs:177:            manifest_path,
src/services/archive_patcher.rs:184:pub enum ArchivePatcherExecutionError {
src/services/archive_patcher.rs:195:    /// The latest restore manifest could not be serialized or written before mutation.
src/services/archive_patcher.rs:203:    /// The latest restore manifest could not be read.
src/services/archive_patcher.rs:211:    /// The latest restore manifest could not be parsed or was for an unsupported schema.
src/services/archive_patcher.rs:221:impl ArchivePatcherExecutionError {
src/services/archive_patcher.rs:246:    "Restore manifest could not be written; patching was cancelled.";
src/services/archive_patcher.rs:247:const MANIFEST_READ_FAILED_MESSAGE: &str = "Restore manifest could not be read.";
src/services/archive_patcher.rs:248:const MANIFEST_PARSE_FAILED_MESSAGE: &str = "Restore manifest could not be understood.";
src/services/archive_patcher.rs:252:pub struct ArchivePatcherService<'a, F: Filesystem + ?Sized> {
src/services/archive_patcher.rs:256:impl<'a, F: Filesystem + ?Sized> ArchivePatcherService<'a, F> {
src/services/archive_patcher.rs:265:        request: ArchivePatcherCandidateRequest<'_>,
src/services/archive_patcher.rs:266:    ) -> ArchivePatcherCandidateSnapshot {
src/services/archive_patcher.rs:268:            "archive_patcher.candidate_snapshot",
src/services/archive_patcher.rs:296:        ArchivePatcherCandidateSnapshot::new(
src/services/archive_patcher.rs:307:        request: ArchivePatcherPlanRequest<'_>,
src/services/archive_patcher.rs:308:    ) -> ArchivePatcherPreviewPlan {
src/services/archive_patcher.rs:310:            "archive_patcher.preview_plan",
src/services/archive_patcher.rs:323:        let candidates = self.candidate_snapshot(ArchivePatcherCandidateRequest::new(
src/services/archive_patcher.rs:335:        let plan = ArchivePatcherPreviewPlan::from_rows(
src/services/archive_patcher.rs:358:        candidate: ArchivePatcherCandidateRow,
src/services/archive_patcher.rs:359:    ) -> ArchivePatcherPreviewPlanRow {
src/services/archive_patcher.rs:370:                return ArchivePatcherPreviewPlanRow::failure(candidate, None, message);
src/services/archive_patcher.rs:387:                return ArchivePatcherPreviewPlanRow::failure(candidate, None, message);
src/services/archive_patcher.rs:400:                return ArchivePatcherPreviewPlanRow::failure(candidate, None, message);
src/services/archive_patcher.rs:405:            return ArchivePatcherPreviewPlanRow::failure(
src/services/archive_patcher.rs:412:            return ArchivePatcherPreviewPlanRow::failure(
src/services/archive_patcher.rs:419:        let manifest_entry = ArchivePatcherRestoreManifestEntry::new(
src/services/archive_patcher.rs:431:        ArchivePatcherPreviewPlanRow::patch(candidate, header, manifest_entry)
src/services/archive_patcher.rs:435:impl<'a, F: Filesystem + WritableFilesystem + ?Sized> ArchivePatcherService<'a, F> {
src/services/archive_patcher.rs:438:    /// The latest restore manifest is written before any BA2 header byte is mutated. Each archive
src/services/archive_patcher.rs:440:    pub fn execute_confirmed(
src/services/archive_patcher.rs:442:        request: ArchivePatcherExecutionRequest<'_>,
src/services/archive_patcher.rs:443:    ) -> Result<ArchivePatcherExecutionResult, ArchivePatcherExecutionError> {
src/services/archive_patcher.rs:445:            "archive_patcher.execute_confirmed",
src/services/archive_patcher.rs:451:            manifest_path = %request.manifest_path.display(),
src/services/archive_patcher.rs:459:        let plan = self.preview_plan(ArchivePatcherPlanRequest::new(
src/services/archive_patcher.rs:476:                return Err(ArchivePatcherExecutionError::ConfirmedPlanChanged {
src/services/archive_patcher.rs:484:        let manifest_entries = plan
src/services/archive_patcher.rs:487:            .filter_map(|row| row.restore_manifest_entry.clone())
src/services/archive_patcher.rs:489:        if !manifest_entries.is_empty() {
src/services/archive_patcher.rs:490:            let manifest = ArchivePatcherLatestManifest::new(
src/services/archive_patcher.rs:493:                manifest_entries,
src/services/archive_patcher.rs:495:            self.write_latest_manifest(request.manifest_path, &manifest)?;
src/services/archive_patcher.rs:497:                event = "archive-patcher-manifest-written",
src/services/archive_patcher.rs:499:                entry_count = manifest.entries.len(),
src/services/archive_patcher.rs:500:                manifest_path = %request.manifest_path.display(),
src/services/archive_patcher.rs:501:                "Archive Patcher latest restore manifest written before mutation"
src/services/archive_patcher.rs:505:        let mut result = ArchivePatcherExecutionResult {
src/services/archive_patcher.rs:508:            manifest_path: request.manifest_path.to_path_buf(),
src/services/archive_patcher.rs:512:            counts: ArchivePatcherSummaryCounts::default(),
src/services/archive_patcher.rs:523:            let file_result = self.execute_patch_row(request.data_root, row);
src/services/archive_patcher.rs:540:            .filter(|row| row.outcome == ArchivePatcherExecutionOutcome::Patched)
src/services/archive_patcher.rs:545:            .filter(|row| row.outcome == ArchivePatcherExecutionOutcome::Failed)
src/services/archive_patcher.rs:547:        result.counts = ArchivePatcherSummaryCounts::patch(patched, failed);
src/services/archive_patcher.rs:548:        result.log_rows.push(ArchivePatcherLogRow::new(
src/services/archive_patcher.rs:549:            ArchivePatcherLogLevel::Info,
src/services/archive_patcher.rs:563:    /// Restores the most recent Archive Patcher run from the app-owned latest manifest.
src/services/archive_patcher.rs:564:    pub fn restore_last_run(
src/services/archive_patcher.rs:566:        request: ArchivePatcherRestoreRequest<'_>,
src/services/archive_patcher.rs:567:    ) -> Result<ArchivePatcherExecutionResult, ArchivePatcherExecutionError> {
src/services/archive_patcher.rs:569:            "archive_patcher.restore_last_run",
src/services/archive_patcher.rs:572:            manifest_path = %request.manifest_path.display(),
src/services/archive_patcher.rs:580:        let manifest = self.read_latest_manifest(request.manifest_path)?;
src/services/archive_patcher.rs:581:        let mut result = ArchivePatcherExecutionResult {
src/services/archive_patcher.rs:583:            target: manifest.target,
src/services/archive_patcher.rs:584:            manifest_path: request.manifest_path.to_path_buf(),
src/services/archive_patcher.rs:585:            plan_digest: manifest.plan_digest.clone(),
src/services/archive_patcher.rs:586:            rows: Vec::with_capacity(manifest.entries.len()),
src/services/archive_patcher.rs:587:            log_rows: Vec::with_capacity(manifest.entries.len().saturating_add(1)),
src/services/archive_patcher.rs:588:            counts: ArchivePatcherSummaryCounts::default(),
src/services/archive_patcher.rs:592:        for entry in &manifest.entries {
src/services/archive_patcher.rs:593:            let file_result = self.restore_manifest_entry(request.data_root, entry);
src/services/archive_patcher.rs:610:            .filter(|row| row.outcome == ArchivePatcherExecutionOutcome::Restored)
src/services/archive_patcher.rs:615:            .filter(|row| row.outcome == ArchivePatcherExecutionOutcome::Skipped)
src/services/archive_patcher.rs:620:            .filter(|row| row.outcome == ArchivePatcherExecutionOutcome::Failed)
src/services/archive_patcher.rs:622:        result.counts = ArchivePatcherSummaryCounts::restore(restored, skipped, failed);
src/services/archive_patcher.rs:623:        result.log_rows.push(ArchivePatcherLogRow::new(
src/services/archive_patcher.rs:624:            ArchivePatcherLogLevel::Info,
src/services/archive_patcher.rs:625:            restore_complete_message(restored, skipped, failed),
src/services/archive_patcher.rs:639:    fn write_latest_manifest(
src/services/archive_patcher.rs:641:        manifest_path: &Path,
src/services/archive_patcher.rs:642:        manifest: &ArchivePatcherLatestManifest,
src/services/archive_patcher.rs:643:    ) -> Result<(), ArchivePatcherExecutionError> {
src/services/archive_patcher.rs:644:        let bytes = serde_json::to_vec_pretty(manifest).map_err(|error| {
src/services/archive_patcher.rs:645:            ArchivePatcherExecutionError::ManifestWriteFailed {
src/services/archive_patcher.rs:651:            .write_bytes(manifest_path, &bytes)
src/services/archive_patcher.rs:654:                    event = "archive-patcher-manifest-write-failed",
src/services/archive_patcher.rs:655:                    manifest_path = %manifest_path.display(),
src/services/archive_patcher.rs:657:                    "Archive Patcher latest restore manifest write failed before mutation"
src/services/archive_patcher.rs:659:                ArchivePatcherExecutionError::ManifestWriteFailed {
src/services/archive_patcher.rs:666:    fn read_latest_manifest(
src/services/archive_patcher.rs:668:        manifest_path: &Path,
src/services/archive_patcher.rs:669:    ) -> Result<ArchivePatcherLatestManifest, ArchivePatcherExecutionError> {
src/services/archive_patcher.rs:672:            .read_to_string(manifest_path)
src/services/archive_patcher.rs:673:            .map_err(|error| ArchivePatcherExecutionError::ManifestReadFailed {
src/services/archive_patcher.rs:677:        let manifest: ArchivePatcherLatestManifest =
src/services/archive_patcher.rs:679:                ArchivePatcherExecutionError::ManifestParseFailed {
src/services/archive_patcher.rs:684:        if manifest.schema_version != ARCHIVE_PATCHER_MANIFEST_SCHEMA_VERSION {
src/services/archive_patcher.rs:685:            return Err(ArchivePatcherExecutionError::ManifestParseFailed {
src/services/archive_patcher.rs:688:                    "unsupported Archive Patcher manifest schema {}",
src/services/archive_patcher.rs:689:                    manifest.schema_version
src/services/archive_patcher.rs:693:        Ok(manifest)
src/services/archive_patcher.rs:696:    fn execute_patch_row(
src/services/archive_patcher.rs:699:        row: &ArchivePatcherPreviewPlanRow,
src/services/archive_patcher.rs:700:    ) -> ArchivePatcherExecutionFileResult {
src/services/archive_patcher.rs:703:        let Some(entry) = row.restore_manifest_entry.as_ref() else {
src/services/archive_patcher.rs:711:                ArchivePatcherExecutionOutcome::Failed,
src/services/archive_patcher.rs:712:                ArchivePatcherLogRow::new(ArchivePatcherLogLevel::Bad, message),
src/services/archive_patcher.rs:769:        if let Err(error) = self.filesystem.write_byte_range(
src/services/archive_patcher.rs:789:                    ArchivePatcherExecutionOutcome::Patched,
src/services/archive_patcher.rs:803:    fn restore_manifest_entry(
src/services/archive_patcher.rs:806:        entry: &ArchivePatcherRestoreManifestEntry,
src/services/archive_patcher.rs:807:    ) -> ArchivePatcherExecutionFileResult {
src/services/archive_patcher.rs:809:        let archive_path = match restore_archive_path(data_root, entry) {
src/services/archive_patcher.rs:815:                    ArchivePatcherExecutionOutcome::Failed,
src/services/archive_patcher.rs:816:                    ArchivePatcherLogRow::new(ArchivePatcherLogLevel::Bad, message),
src/services/archive_patcher.rs:826:            restore_platform_error_message,
src/services/archive_patcher.rs:828:            return restore_failed_result(archive_path, display_name, message);
src/services/archive_patcher.rs:834:            restore_platform_error_message,
src/services/archive_patcher.rs:837:            Err(message) => return restore_failed_result(archive_path, display_name, message),
src/services/archive_patcher.rs:840:            let message = skipping_restore_stale_message(&display_name);
src/services/archive_patcher.rs:844:                ArchivePatcherExecutionOutcome::Skipped,
src/services/archive_patcher.rs:845:                ArchivePatcherLogRow::new(ArchivePatcherLogLevel::Info, message),
src/services/archive_patcher.rs:851:        if let Err(error) = self.filesystem.write_byte_range(
src/services/archive_patcher.rs:856:            return restore_failed_result(
src/services/archive_patcher.rs:859:                restore_platform_error_message(&error, &display_name),
src/services/archive_patcher.rs:863:        match self.read_current_header(&archive_path, &display_name, restore_platform_error_message)
src/services/archive_patcher.rs:872:                    ArchivePatcherExecutionOutcome::Restored,
src/services/archive_patcher.rs:877:            Ok(_) => restore_failed_result(
src/services/archive_patcher.rs:882:            Err(message) => restore_failed_result(archive_path, display_name, message),
src/services/archive_patcher.rs:891:    ) -> Result<ArchivePatcherHeader, String> {
src/services/archive_patcher.rs:963:fn archive_is_candidate(record: &ArchiveRecord, target: ArchivePatcherTarget) -> bool {
src/services/archive_patcher.rs:969:    target: ArchivePatcherTarget,
src/services/archive_patcher.rs:970:) -> ArchivePatcherCandidateRow {
src/services/archive_patcher.rs:971:    ArchivePatcherCandidateRow::new(
src/services/archive_patcher.rs:1055:fn restore_platform_error_message(error: &PlatformError, display_name: &str) -> String {
src/services/archive_patcher.rs:1067:fn restore_archive_path(
src/services/archive_patcher.rs:1069:    entry: &ArchivePatcherRestoreManifestEntry,
src/services/archive_patcher.rs:1085:    outcome: ArchivePatcherExecutionOutcome,
src/services/archive_patcher.rs:1086:    log_row: ArchivePatcherLogRow,
src/services/archive_patcher.rs:1088:) -> ArchivePatcherExecutionFileResult {
src/services/archive_patcher.rs:1089:    ArchivePatcherExecutionFileResult {
src/services/archive_patcher.rs:1102:) -> ArchivePatcherExecutionFileResult {
src/services/archive_patcher.rs:1106:        ArchivePatcherExecutionOutcome::Failed,
src/services/archive_patcher.rs:1107:        ArchivePatcherLogRow::new(ArchivePatcherLogLevel::Bad, message),
src/services/archive_patcher.rs:1112:fn restore_failed_result(
src/services/archive_patcher.rs:1116:) -> ArchivePatcherExecutionFileResult {
src/services/archive_patcher.rs:1120:        ArchivePatcherExecutionOutcome::Failed,
src/services/archive_patcher.rs:1121:        ArchivePatcherLogRow::new(ArchivePatcherLogLevel::Bad, message),
src/services/archive_patcher.rs:1126:fn parse_ba2_header(bytes: &[u8], display_name: &str) -> Result<ArchivePatcherHeader, String> {
src/services/archive_patcher.rs:1143:        marker if marker == BA2_FORMAT_GENERAL.as_slice() => ArchivePatcherArchiveFormat::General,
src/services/archive_patcher.rs:1145:            ArchivePatcherArchiveFormat::DirectX10
src/services/archive_patcher.rs:1155:    Ok(ArchivePatcherHeader::new(version, format))
src/services/archive_patcher.rs:1178:mod archive_patcher_service_plan {
src/services/archive_patcher.rs:1187:            archive_patcher::{
src/services/archive_patcher.rs:1188:                ARCHIVE_PATH_CONTAINMENT_FAILURE_MESSAGE, ArchivePatcherLogLevel,
