src/services/overview_collector.rs:1006:    fn collect_archives(
src/services/overview_collector.rs:1036:        let header = match self.filesystem.read_prefix(path, BA2_HEADER_LEN) {
src/services/overview_collector.rs:1057:        if header.get(0..4) != Some(b"BTDX") {
src/services/overview_collector.rs:1062:                "Archive magic is not BTDX.",
src/services/overview_collector.rs:1069:            1 => ArchiveVersion::OldGen,
src/services/overview_collector.rs:1070:            7 => ArchiveVersion::NextGen7,
src/services/overview_collector.rs:1071:            8 => ArchiveVersion::NextGen8,
src/services/overview_collector.rs:1079:                ArchiveVersion::Unknown(other)
src/services/overview_collector.rs:1083:            b"GNRL" => ArchiveFormat::General,
src/services/overview_collector.rs:1084:            b"DX10" => ArchiveFormat::DirectX10,
src/services/overview_collector.rs:1132:        let header = match self.filesystem.read_prefix(path, MODULE_HEADER_LEN) {
src/services/overview_collector.rs:1394:        version: ArchiveVersion::Unknown(0),
src/services/overview_collector.rs:1602:        fn read_prefix(&self, path: &Path, max_len: usize) -> PlatformResult<Vec<u8>> {
src/services/overview_collector.rs:1780:        bytes.extend_from_slice(b"BTDX");
src/services/overview_collector.rs:1809:                let mut bytes = ba2(8, b"GNRL");
src/services/overview_collector.rs:1905:            .with_file("C:/Games/Fallout 4/Data/Old.ba2", ba2(1, b"GNRL"))
src/services/overview_collector.rs:1906:            .with_file("C:/Games/Fallout 4/Data/Seven.ba2", ba2(7, b"DX10"))
src/services/overview_collector.rs:1907:            .with_file("C:/Games/Fallout 4/Data/Eight.ba2", ba2(8, b"GNRL"))
src/services/overview_collector.rs:1908:            .with_file("C:/Games/Fallout 4/Data/Unknown.ba2", ba2(42, b"GNRL"))
src/services/overview_collector.rs:1909:            .with_file("C:/Games/Fallout 4/Data/Short.ba2", b"BTDX".to_vec())
src/services/overview_collector.rs:1911:                let mut bytes = ba2(8, b"GNRL");
src/services/overview_collector.rs:1936:        assert_eq!(versions["Old.ba2"], ArchiveVersion::OldGen);
src/services/overview_collector.rs:1937:        assert_eq!(versions["Seven.ba2"], ArchiveVersion::NextGen7);
src/services/overview_collector.rs:1938:        assert_eq!(versions["Eight.ba2"], ArchiveVersion::NextGen8);
src/services/overview_collector.rs:1939:        assert_eq!(versions["Unknown.ba2"], ArchiveVersion::Unknown(42));
src/services/overview_collector.rs:2076:                ba2(8, b"DX10"),
src/services/overview_collector.rs:2080:                ba2(8, b"GNRL"),
src/services/overview_collector.rs:2084:                ba2(1, b"GNRL"),
src/services/overview.rs:740:            ArchiveVersion::Unknown(version) => {
src/services/overview.rs:755:            ArchiveVersion::NextGen7 | ArchiveVersion::NextGen8
src/services/overview.rs:771:            ArchiveVersion::OldGen | ArchiveVersion::NextGen7 | ArchiveVersion::NextGen8 => {}
src/services/overview.rs:792:    matches!(version, ArchiveVersion::NextGen7 | ArchiveVersion::NextGen8)
src/services/overview.rs:1247:                ArchiveVersion::OldGen,
src/services/overview.rs:1253:                ArchiveVersion::OldGen,
src/services/overview.rs:1326:            ArchiveVersion::NextGen8,
src/services/overview.rs:1519:                ArchiveVersion::Unknown(99),
src/services/overview.rs:1525:                ArchiveVersion::OldGen,
src/services/overview.rs:1531:                ArchiveVersion::NextGen8,
src/services/overview.rs:1602:            ArchiveVersion::NextGen8,
src/services/overview.rs:1649:                    ArchiveVersion::OldGen,
src/services/overview.rs:1899:                    ArchiveVersion::OldGen,
src/domain/overview.rs:48:/// User-facing archive row label for General/GNRL archives.
src/domain/overview.rs:50:/// User-facing archive row label for Texture/DX10 archives.
src/domain/overview.rs:95:/// Reference General/GNRL BA2 limit used for Overview warning colors.
src/domain/overview.rs:97:/// Reference Texture/DX10 BA2 limit used for Overview warning colors.
src/domain/overview.rs:685:                || matches!(record.version, ArchiveVersion::Unknown(_));
src/domain/overview.rs:698:                ArchiveVersion::OldGen => counts.old_gen_version += 1,
src/domain/overview.rs:699:                ArchiveVersion::NextGen7 | ArchiveVersion::NextGen8 => counts.next_gen_version += 1,
src/domain/overview.rs:700:                ArchiveVersion::Unknown(_) => {}
src/domain/overview.rs:717:    /// Enabled General/GNRL BA2 count.
src/domain/overview.rs:719:    /// Enabled Texture/DX10 BA2 count.
src/domain/overview.rs:1567:            ArchiveVersion::NextGen8,
