Diff in /mnt/j/cmt-rs/src/main.rs:21:
         overview_desktop_task, unavailable_action_error,
     },
     scanner_controller::{
[31m-        ScannerController, ScannerControllerPhase, ScannerScanWorkerRequest,
(B[m[31m-        ScannerTransitionResult, SCANNER_ACTION_UNAVAILABLE_MESSAGE, any_scanner_category_enabled,
(B[m[32m+        SCANNER_ACTION_UNAVAILABLE_MESSAGE, ScannerController, ScannerControllerPhase,
(B[m[32m+        ScannerScanWorkerRequest, ScannerTransitionResult, any_scanner_category_enabled,
(B[m         scanner_action_completed_payload, scanner_scan_completed_payload,
     },
     settings_controller::SettingsController,
Diff in /mnt/j/cmt-rs/src/main.rs:33:
 use domain::{
     discovery::{FALLOUT4_EXECUTABLE, Fallout4InstallType},
     f4se::{F4seDllRow, F4seGameTarget, F4seRowSeverity, F4seScanSnapshot, F4seScanStatus},
[32m+    mod_manager::ModManagerContext,
(B[m     overview::{
         ACTION_ARCHIVE_PATCHER_LABEL, ACTION_DOWNGRADE_MANAGER_LABEL, BinaryStatusRow,
         OverviewActionError, OverviewCountRow, OverviewDeferredAction, OverviewDeferredActionKind,
Diff in /mnt/j/cmt-rs/src/main.rs:40:
         OverviewTopStatusRow, StatusSeverity, UpdateBannerState, UpdateCheckFailure,
         UpdateProvider,
     },
[31m-    mod_manager::ModManagerContext,
(B[m     scanner::{
         DETAIL_LABEL_MOD, DETAIL_LABEL_PROBLEM, DETAIL_LABEL_SOLUTION, DETAIL_LABEL_SUMMARY,
         PROGRESS_REFRESHING_OVERVIEW_TEXT, ScannerActionDescriptor, ScannerActionFeedback,
Diff in /mnt/j/cmt-rs/src/main.rs:68:
         OverviewDesktopActionFeedback, OverviewDesktopActionOutcome, OverviewDiagnostics,
         OverviewDiagnosticsInput, OverviewUpdateCheckState,
     },
[31m-    scanner::{ScannerProgressEvent, ScannerScanOutput, ScannerScanRequest, ScannerScanService},
(B[m     overview_collector::{
         OverviewCollectedFacts, OverviewCollectionEnvironment, OverviewCollectionRequest,
         OverviewCollector,
Diff in /mnt/j/cmt-rs/src/main.rs:75:
     },
[32m+    scanner::{ScannerProgressEvent, ScannerScanOutput, ScannerScanRequest, ScannerScanService},
(B[m     tools::{
         AboutActionFeedback, AboutActionKind, ActionRejectionKind, ToolsActionFeedback,
         ToolsActionKind, ToolsActionService, about_action_for_id, tools_action_for_id,
Diff in /mnt/j/cmt-rs/src/main.rs:1441:
     controller: &Arc<Mutex<ScannerController>>,
     settings_controller: &Rc<RefCell<SettingsController<R>>>,
 ) -> Option<PreparedScannerScan> {
[31m-    let scanner_settings = with_scanner_controller_mut(controller, |controller| {
(B[m[31m-        controller.settings().clone()
(B[m[31m-    })?;
(B[m[32m+    let scanner_settings =
(B[m[32m+        with_scanner_controller_mut(controller, |controller| controller.settings().clone())?;
(B[m 
     if !any_scanner_category_enabled(&scanner_settings) {
         tracing::warn!(
Diff in /mnt/j/cmt-rs/src/main.rs:1473:
         return None;
     }
 
[31m-    let request = with_scanner_controller_mut(controller, ScannerController::request_scan).flatten()?;
(B[m[32m+    let request =
(B[m[32m+        with_scanner_controller_mut(controller, ScannerController::request_scan).flatten()?;
(B[m     let settings = settings_controller.borrow().current_settings().clone();
     Some(PreparedScannerScan { request, settings })
 }
Diff in /mnt/j/cmt-rs/src/main.rs:1581:
         "Scanner worker built Overview problem feed"
     );
 
[31m-    let manager_context = scanner_manager_context(discovery.mod_manager.as_ref().ok().and_then(Option::as_ref));
(B[m[32m+    let manager_context =
(B[m[32m+        scanner_manager_context(discovery.mod_manager.as_ref().ok().and_then(Option::as_ref));
(B[m     let mut scan_request = ScannerScanRequest::new(scan_id, &settings.scanner)
         .with_overview_problems(&overview_snapshot.problems)
         .with_enabled_modules(&collected.modules)
Diff in /mnt/j/cmt-rs/src/main.rs:1606:
         output.groups,
         output.status.safe_message,
     );
[31m-    Ok(WorkerTaskOutcome::Completed(scanner_scan_completed_payload(
(B[m[31m-        scan_id, snapshot,
(B[m[31m-    )))
(B[m[32m+    Ok(WorkerTaskOutcome::Completed(
(B[m[32m+        scanner_scan_completed_payload(scan_id, snapshot),
(B[m[32m+    ))
(B[m }
 
 fn scanner_manager_context(manager: Option<&DiscoveredModManager>) -> Option<ModManagerContext> {
Diff in /mnt/j/cmt-rs/src/main.rs:1616:
         Some(DiscoveredModManager::ModOrganizer(configuration)) => Some(
             ModManagerContext::ModOrganizer(Box::new(configuration.context.clone())),
         ),
[31m-        Some(DiscoveredModManager::Vortex(context)) => Some(ModManagerContext::Vortex(context.clone())),
(B[m[32m+        Some(DiscoveredModManager::Vortex(context)) => {
(B[m[32m+            Some(ModManagerContext::Vortex(context.clone()))
(B[m[32m+        }
(B[m         None => None,
     }
 }
Diff in /mnt/j/cmt-rs/src/main.rs:1819:
     .with_label(action.as_id())
 }
 
[31m-fn scanner_action_from_task_id(task_id: &workers::WorkerTaskId) -> Option<(Option<u64>, ScannerActionKind)> {
(B[m[32m+fn scanner_action_from_task_id(
(B[m[32m+    task_id: &workers::WorkerTaskId,
(B[m[32m+) -> Option<(Option<u64>, ScannerActionKind)> {
(B[m     let rest = task_id.as_str().strip_prefix(SCANNER_ACTION_TASK_PREFIX)?;
     let (scan_id, action_id) = rest.split_once(':')?;
     let scan_id = if scan_id == "none" {
Diff in /mnt/j/cmt-rs/src/main.rs:1861:
                     "Scanner details are not available to copy.",
                 );
             };
[31m-            scanner_feedback_from_clipboard_result(scan_id, action, clipboard.copy_text(&details_text))
(B[m[32m+            scanner_feedback_from_clipboard_result(
(B[m[32m+                scan_id,
(B[m[32m+                action,
(B[m[32m+                clipboard.copy_text(&details_text),
(B[m[32m+            )
(B[m         }
         (ScannerActionKind::OpenLocation, ScannerActionTarget::Path(path)) => {
             scanner_feedback_from_desktop_result(scan_id, action, desktop.open_path(&path))
Diff in /mnt/j/cmt-rs/src/main.rs:1924:
 }
 
 fn i32_to_usize(value: i32) -> Option<usize> {
[31m-    if value < 0 { None } else { Some(value as usize) }
(B[m[32m+    if value < 0 {
(B[m[32m+        None
(B[m[32m+    } else {
(B[m[32m+        Some(value as usize)
(B[m[32m+    }
(B[m }
 
 fn request_overview_refresh(
Diff in /mnt/j/cmt-rs/src/main.rs:2296:
     controller.handle_worker_event(event)
 }
 
[31m-fn scanner_worker_failure_feedback_from_event(event: &WorkerEvent) -> Option<ScannerActionFeedback> {
(B[m[32m+fn scanner_worker_failure_feedback_from_event(
(B[m[32m+    event: &WorkerEvent,
(B[m[32m+) -> Option<ScannerActionFeedback> {
(B[m     let WorkerPayload::Error(failure) = &event.payload else {
         return None;
     };
Diff in /mnt/j/cmt-rs/src/main.rs:2303:
     let (scan_id, action) = scanner_action_from_task_id(&event.task.id)?;
 
     Some(
[31m-        ScannerActionFeedback::failed(scan_id, action, failure.safe_message.clone()).with_diagnostic(
(B[m[31m-            failure
(B[m[31m-                .diagnostic
(B[m[31m-                .clone()
(B[m[31m-                .unwrap_or_else(|| "scanner action worker failed".to_owned()),
(B[m[31m-        ),
(B[m[32m+        ScannerActionFeedback::failed(scan_id, action, failure.safe_message.clone())
(B[m[32m+            .with_diagnostic(
(B[m[32m+                failure
(B[m[32m+                    .diagnostic
(B[m[32m+                    .clone()
(B[m[32m+                    .unwrap_or_else(|| "scanner action worker failed".to_owned()),
(B[m[32m+            ),
(B[m     )
 }
 
Diff in /mnt/j/cmt-rs/src/main.rs:4048:
         let request = controller.request_scan().expect("scan should start");
 
         assert_eq!(
[31m-            handle_scanner_worker_event(&mut controller, WorkerEvent::running(request.task.clone())),
(B[m[32m+            handle_scanner_worker_event(
(B[m[32m+                &mut controller,
(B[m[32m+                WorkerEvent::running(request.task.clone())
(B[m[32m+            ),
(B[m             ScannerTransitionResult::Applied
         );
         assert_eq!(
Diff in /mnt/j/cmt-rs/src/main.rs:4068:
         assert_eq!(progressing.progress_text, "Scanning... 1/3: Meshes");
         assert!(progressing.progress_percent > 33.0 && progressing.progress_percent < 34.0);
 
[31m-        let empty_snapshot = ScannerScanSnapshot::empty(request.scan_id, "Scanner completed with 0 results.");
(B[m[32m+        let empty_snapshot =
(B[m[32m+            ScannerScanSnapshot::empty(request.scan_id, "Scanner completed with 0 results.");
(B[m         assert_eq!(
             handle_scanner_worker_event(
                 &mut controller,
Diff in /mnt/j/cmt-rs/src/main.rs:4083:
         assert!(!completed.busy);
         assert!(completed.scan_button_enabled);
         assert_eq!(completed.progress_percent, 100.0);
[31m-        assert_eq!(completed.result_count_text, "0 Results ~ Select an item for details");
(B[m[32m+        assert_eq!(
(B[m[32m+            completed.result_count_text,
(B[m[32m+            "0 Results ~ Select an item for details"
(B[m[32m+        );
(B[m         assert!(completed.result_rows.is_empty());
         assert!(!completed.detail_visible);
 
Diff in /mnt/j/cmt-rs/src/main.rs:4118:
         controller.select_result(0);
         let controller = Arc::new(Mutex::new(controller));
 
[31m-        let copy_execution = prepare_scanner_action_execution(&controller, ScannerActionKind::CopyDetails)
(B[m[31m-            .expect("selected result should expose Copy Details");
(B[m[32m+        let copy_execution =
(B[m[32m+            prepare_scanner_action_execution(&controller, ScannerActionKind::CopyDetails)
(B[m[32m+                .expect("selected result should expose Copy Details");
(B[m         let copy_feedback = execute_scanner_action_with_adapters(
             copy_execution,
             RuntimeFakeDesktopActions::default(),
Diff in /mnt/j/cmt-rs/src/main.rs:4128:
         assert!(copy_feedback.succeeded);
         assert_eq!(copy_feedback.safe_message(), "Copied to clipboard.");
 
[31m-        let path_execution = prepare_scanner_action_execution(&controller, ScannerActionKind::OpenLocation)
(B[m[31m-            .expect("selected result should expose Open Location");
(B[m[32m+        let path_execution =
(B[m[32m+            prepare_scanner_action_execution(&controller, ScannerActionKind::OpenLocation)
(B[m[32m+                .expect("selected result should expose Open Location");
(B[m         let path_feedback = execute_scanner_action_with_adapters(
             path_execution,
[31m-            RuntimeFakeDesktopActions { fail_path: true, fail_url: false },
(B[m[32m+            RuntimeFakeDesktopActions {
(B[m[32m+                fail_path: true,
(B[m[32m+                fail_url: false,
(B[m[32m+            },
(B[m             RuntimeFakeClipboardActions::default(),
         );
         assert!(!path_feedback.succeeded);
Diff in /mnt/j/cmt-rs/src/main.rs:4139:
         assert_eq!(path_feedback.safe_message(), "Path open failed.");
[31m-        assert_eq!(path_feedback.diagnostic.as_deref(), Some("raw path failure"));
(B[m[32m+        assert_eq!(
(B[m[32m+            path_feedback.diagnostic.as_deref(),
(B[m[32m+            Some("raw path failure")
(B[m[32m+        );
(B[m         with_scanner_controller_mut(&controller, |controller| {
             controller.action_completed(path_feedback);
         });
Diff in /mnt/j/cmt-rs/src/main.rs:4212:
             crate::platform::settings_store::StaticAssetResolver::new(Some("nexus")),
         );
         (
[31m-            Rc::new(RefCell::new(SettingsController::from_settings(store, settings))),
(B[m[32m+            Rc::new(RefCell::new(SettingsController::from_settings(
(B[m[32m+                store, settings,
(B[m[32m+            ))),
(B[m             settings_path,
         )
     }
Diff in /mnt/j/cmt-rs/src/main.rs:4249:
             }
         }
 
[31m-        fn open_path(&self, path: &std::path::Path) -> crate::platform::desktop::DesktopActionResult {
(B[m[32m+        fn open_path(
(B[m[32m+            &self,
(B[m[32m+            path: &std::path::Path,
(B[m[32m+        ) -> crate::platform::desktop::DesktopActionResult {
(B[m             if self.fail_path {
                 crate::platform::desktop::DesktopActionResult::failure(
                     crate::platform::PlatformError::command_failed(
