exists:
Cargo.toml: True
Cargo.lock: True
build.rs: True
src/app/mod.rs: True
src/app/overview_controller.rs: True
src/app/tools_controller.rs: True
src/app/about_controller.rs: True
src/domain/mod.rs: True
src/domain/overview.rs: True
src/domain/discovery.rs: True
src/domain/tools.rs: True
src/services/mod.rs: True
src/services/discovery.rs: True
src/services/overview.rs: True
src/services/overview_collector.rs: True
src/platform/filesystem.rs: True
src/workers/events.rs: True
src/workers/handoff.rs: True
src/workers/mod.rs: True
src/main.rs: True
ui/f4se_tab.slint: True
ui/main.slint: True
ui/overview_tab.slint: True
ui/tools_tab.slint: True
CMT/src/tabs/_f4se.py: True
CMT/src/utils.py: True
CMT/src/globals.py: True

Cargo deps excerpt:
[dependencies]
anyhow = "1.0.102"
arboard = "3.6.1"
directories = "6.0.0"
serde = { version = "1.0.228", features = ["derive"] }
serde_json = "1.0.149"
slint = "1.16.1"
thiserror = "2.0.18"
tokio = { version = "1.52.3", features = ["rt-multi-thread", "macros", "sync"] }
tracing = "0.1.44"
tracing-subscriber = { version = "0.3.23", features = ["env-filter"] }
walkdir = "2.5.0"
slint-build = "1.16.1"

module declarations:
-- src/app/mod.rs --
pub mod about_controller;
pub mod overview_controller;
pub mod settings_controller;
pub mod tools_controller;
-- src/domain/mod.rs --
pub mod discovery;
pub mod mod_manager;
pub mod overview;
pub mod settings;
pub mod tools;
mod tests {
-- src/services/mod.rs --
pub mod discovery;
pub mod overview;
pub mod overview_collector;
pub mod tools;
pub mod update;
-- src/platform/mod.rs --
pub mod clipboard;
pub mod desktop;
pub mod filesystem;
pub mod process;
pub mod registry;
pub mod settings_store;
mod tests {
