S04 files:
- .gsd/milestones/M001/slices/S04/S04-CONTEXT-DRAFT.md
- .gsd/milestones/M001/slices/S04/S04-CONTEXT.md
- .gsd/milestones/M001/slices/S04/S04-PLAN.md
- .gsd/milestones/M001/slices/S04/S04-PRE-EXEC-VERIFY.json
- .gsd/milestones/M001/slices/S04/S04-RESEARCH.md
- .gsd/milestones/M001/slices/S04/tasks/T01-PLAN.md
- .gsd/milestones/M001/slices/S04/tasks/T01-SUMMARY.md
- .gsd/milestones/M001/slices/S04/tasks/T01-VERIFY.json
- .gsd/milestones/M001/slices/S04/tasks/T02-PLAN.md
- .gsd/milestones/M001/slices/S04/tasks/T02-SUMMARY.md
- .gsd/milestones/M001/slices/S04/tasks/T02-VERIFY.json
- .gsd/milestones/M001/slices/S04/tasks/T03-PLAN.md
- .gsd/milestones/M001/slices/S04/tasks/T03-VERIFY.json
- .gsd/milestones/M001/slices/S04/tasks/T04-PLAN.md
- .gsd/milestones/M001/slices/S04/tasks/T04-SUMMARY.md
- .gsd/milestones/M001/slices/S04/tasks/T04-VERIFY.json
- .gsd/milestones/M001/slices/S04/tasks/T05-PLAN.md
- .gsd/milestones/M001/slices/S04/tasks/T05-VERIFY.json
- .gsd/milestones/M001/slices/S04/tasks/T06-PLAN.md
- .gsd/milestones/M001/slices/S04/tasks/T06-SUMMARY.md
- .gsd/milestones/M001/slices/S04/tasks/T06-VERIFY.json

Git status short (without git):
