ui/settings_tab.slint:6:    callback selected();
ui/settings_tab.slint:42:            root.selected();
ui/settings_tab.slint:50:    callback update-source-selected(string);
ui/settings_tab.slint:51:    callback log-level-selected(string);
ui/settings_tab.slint:75:                        selected => {
ui/settings_tab.slint:77:                            root.update-source-selected("both");
ui/settings_tab.slint:84:                        selected => {
ui/settings_tab.slint:86:                            root.update-source-selected("github");
ui/settings_tab.slint:93:                        selected => {
ui/settings_tab.slint:95:                            root.update-source-selected("nexus");
ui/settings_tab.slint:102:                        selected => {
ui/settings_tab.slint:104:                            root.update-source-selected("none");
ui/settings_tab.slint:121:                        selected => {
ui/settings_tab.slint:123:                            root.log-level-selected("debug");
ui/settings_tab.slint:130:                        selected => {
ui/settings_tab.slint:132:                            root.log-level-selected("info");
ui/settings_tab.slint:139:                        selected => {
ui/settings_tab.slint:141:                            root.log-level-selected("warning");
ui/settings_tab.slint:148:                        selected => {
ui/settings_tab.slint:150:                            root.log-level-selected("error");
ui/main.slint:1:import { TabWidget } from "std-widgets.slint";
ui/main.slint:42:    callback update-source-selected(string);
ui/main.slint:43:    callback log-level-selected(string);
ui/main.slint:60:    TabWidget {
ui/main.slint:132:                update-source-selected(value) => {
ui/main.slint:133:                    root.update-source-selected(value);
ui/main.slint:135:                log-level-selected(value) => {
ui/main.slint:136:                    root.log-level-selected(value);
src/main.rs:175:    app.on_update_source_selected({
src/main.rs:179:        move |selected| {
src/main.rs:182:                .select_update_source(selected.as_str());
src/main.rs:189:    app.on_log_level_selected({
src/main.rs:193:        move |selected| {
src/main.rs:194:            let visible_value = controller.borrow_mut().select_log_level(selected.as_str());
src/main.rs:2368:                "root.update-source-selected(\"both\")",
src/main.rs:2371:                "root.update-source-selected(\"github\")",
src/main.rs:2374:                "root.update-source-selected(\"nexus\")",
src/main.rs:2377:                "root.update-source-selected(\"none\")",
src/main.rs:2382:        assert!(SETTINGS_SLINT.contains("callback update-source-selected(string)"));
src/main.rs:2393:                "root.log-level-selected(\"debug\")",
src/main.rs:2396:                "root.log-level-selected(\"info\")",
src/main.rs:2399:                "root.log-level-selected(\"warning\")",
src/main.rs:2402:                "root.log-level-selected(\"error\")",
src/main.rs:2407:        assert!(SETTINGS_SLINT.contains("callback log-level-selected(string)"));
src/main.rs:2430:                "callback update-source-selected(string)",
src/main.rs:2431:                "callback log-level-selected(string)",
src/main.rs:2438:                "root.update-source-selected(value)",
src/main.rs:2439:                "root.log-level-selected(value)",
src/services/update.rs:257:    /// Provider was intentionally skipped by the selected update source.
src/services/update.rs:333:/// Full update-check report for the selected source setting.
src/services/update.rs:337:    pub selected_source: UpdateSource,
src/services/update.rs:343:    /// Creates an empty report for a selected source.
src/services/update.rs:344:    pub fn new(selected_source: UpdateSource) -> Self {
src/services/update.rs:346:            selected_source,
src/services/update.rs:379:        if matches!(self.selected_source, UpdateSource::None) {
src/services/update.rs:400:        if matches!(self.selected_source, UpdateSource::None) {
src/services/update.rs:407:                    selected_source: self.selected_source,
src/services/update.rs:412:                    selected_source: self.selected_source,
src/services/update.rs:416:                UpdateBannerState::available_or_no_update(self.selected_source, releases)
src/services/update.rs:419:                UpdateBannerState::failed_silently(self.selected_source, failures)
src/services/update.rs:449:    pub async fn check(&self, selected_source: UpdateSource) -> UpdateCheckReport {
src/services/update.rs:452:            update_source = selected_source.as_wire_value()
src/services/update.rs:454:        self.check_inner(selected_source).instrument(span).await
src/services/update.rs:457:    async fn check_inner(&self, selected_source: UpdateSource) -> UpdateCheckReport {
src/services/update.rs:458:        let mut report = UpdateCheckReport::new(selected_source);
src/services/update.rs:459:        let providers = selected_providers(selected_source);
src/services/update.rs:462:            update_source = selected_source.as_wire_value(),
src/services/update.rs:509:            update_source = selected_source.as_wire_value(),
src/services/update.rs:657:fn selected_providers(selected_source: UpdateSource) -> Vec<UpdateProvider> {
src/services/update.rs:658:    match selected_source {
src/services/update.rs:1032:            selected_source,
src/services/update.rs:1038:        assert_eq!(selected_source, UpdateSource::Github);
src/services/update.rs:1060:                selected_source: UpdateSource::Both
src/services/overview.rs:959:    selected_source: UpdateSource,
src/services/overview.rs:962:    if matches!(selected_source, UpdateSource::None) {
src/services/overview.rs:967:        OverviewUpdateCheckState::NotChecked => UpdateBannerState::NotChecked { selected_source },
src/services/overview.rs:968:        OverviewUpdateCheckState::Checking => UpdateBannerState::Checking { selected_source },
src/services/overview.rs:970:            UpdateBannerState::available_or_no_update(selected_source, releases.clone())
src/services/overview.rs:973:            UpdateBannerState::failed_silently(selected_source, failures.clone())
src/services/overview.rs:1304:                selected_source: UpdateSource::Nexus
src/services/overview.rs:1354:                selected_source: UpdateSource::Github
src/services/overview.rs:1808:                selected_source: UpdateSource::Both
src/services/discovery.rs:713:        let Some(selected_profile) = values.general.get("selected_profile").cloned() else {
src/services/discovery.rs:714:            return Err(Mo2ParseError::missing_selected_profile());
src/services/discovery.rs:755:                Some(selected_profile),
src/services/discovery.rs:792:        let mut context = ModOrganizerContext::new(manager, selected_profile, directories)
src/services/discovery.rs:810:            selected_profile = %configuration.context.selected_profile,
src/services/discovery.rs:1171:            "General" if matches!(setting, "gameName" | "gamePath" | "selected_profile") => {
src/services/discovery.rs:1588:             selected_profile=Default\n\
src/services/discovery.rs:1796:                       selected_profile=Survival\n\
src/services/discovery.rs:1834:        assert_eq!(context.selected_profile, "Survival");
src/services/discovery.rs:1938:             selected_profile=Default\n",
src/services/discovery.rs:1968:    fn mo2_missing_selected_profile_returns_typed_manager_error() {
src/app/overview_controller.rs:408:            selected_source: update_source,
src/app/overview_controller.rs:466:                selected_source: UpdateSource::Github
src/app/overview_controller.rs:545:            selected_source: UpdateSource::Github,
src/app/overview_controller.rs:695:            selected_source: UpdateSource::Both,
src/domain/mod_manager.rs:243:    /// `selected_profile` value from `[General]`.
src/domain/mod_manager.rs:244:    pub selected_profile: String,
src/domain/mod_manager.rs:259:        selected_profile: impl Into<String>,
src/domain/mod_manager.rs:268:            selected_profile: selected_profile.into(),
src/domain/mod_manager.rs:405:    /// Creates the missing selected-profile error from `ModManagerInfo.read_mo2_ini`.
src/domain/mod_manager.rs:406:    pub fn missing_selected_profile() -> Self {
src/domain/mod_manager.rs:417:        selected_profile: Option<impl Into<String>>,
src/domain/mod_manager.rs:424:                selected_profile: selected_profile.map(Into::into),
src/domain/mod_manager.rs:476:                selected_profile,
src/domain/mod_manager.rs:482:                selected_profile.as_deref().unwrap_or("None"),
src/domain/mod_manager.rs:517:    /// The INI did not contain `selected_profile`.
src/domain/mod_manager.rs:525:        /// Optional selected profile.
src/domain/mod_manager.rs:526:        selected_profile: Option<String>,
src/domain/mod_manager.rs:530:    /// The selected profile did not contain `modlist.txt`.
src/domain/mod_manager.rs:592:        assert_eq!(context.selected_profile, "Default");
src/domain/mod_manager.rs:663:        let missing_profile = Mo2ParseError::missing_selected_profile();
src/workers/events.rs:566:    /// User-selected or adapter-supplied target.
src/app/settings_controller.rs:69:    pub fn select_update_source(&mut self, selected: &str) -> &'static str {
src/app/settings_controller.rs:70:        let Some(update_source) = UpdateSource::from_wire_value(selected) else {
src/app/settings_controller.rs:72:                selected,
src/app/settings_controller.rs:89:    pub fn select_log_level(&mut self, selected: &str) -> &'static str {
src/app/settings_controller.rs:90:        let log_level = ui_value_to_log_level(selected).unwrap_or_else(|| {
src/app/settings_controller.rs:92:                selected,
src/domain/overview.rs:298:                        configuration.context.selected_profile.as_str()
src/domain/overview.rs:922:        selected_source: UpdateSource,
src/domain/overview.rs:927:        selected_source: UpdateSource,
src/domain/overview.rs:932:        selected_source: UpdateSource,
src/domain/overview.rs:937:        selected_source: UpdateSource,
src/domain/overview.rs:944:        selected_source: UpdateSource,
src/domain/overview.rs:951:    /// Creates the initial banner state for a selected update source.
src/domain/overview.rs:952:    pub fn from_update_source(selected_source: UpdateSource) -> Self {
src/domain/overview.rs:953:        if matches!(selected_source, UpdateSource::None) {
src/domain/overview.rs:956:            Self::NotChecked { selected_source }
src/domain/overview.rs:962:        selected_source: UpdateSource,
src/domain/overview.rs:966:            Self::NoUpdate { selected_source }
src/domain/overview.rs:969:                selected_source,
src/domain/overview.rs:977:        selected_source: UpdateSource,
src/domain/overview.rs:981:            selected_source,
src/domain/overview.rs:1597:                selected_source: UpdateSource::Nexus
src/domain/overview.rs:1676:                selected_source: UpdateSource::Github
src/platform/desktop.rs:16:    /// User-selected or adapter-supplied action target.
