   Compiling proc-macro2 v1.0.106
   Compiling quote v1.0.45
   Compiling unicode-ident v1.0.24
   Compiling cfg-if v1.0.4
   Compiling log v0.4.29
   Compiling memchr v2.8.0
   Compiling libm v0.2.16
   Compiling autocfg v1.5.0
   Compiling bitflags v2.11.1
   Compiling pkg-config v0.3.33
   Compiling portable-atomic v1.13.1
   Compiling libc v0.2.186
   Compiling critical-section v1.2.0
   Compiling serde_core v1.0.228
   Compiling serde v1.0.228
   Compiling smallvec v1.15.1
   Compiling libloading v0.8.9
   Compiling rustix v1.1.4
   Compiling equivalent v1.0.2
   Compiling linux-raw-sys v0.12.1
   Compiling pin-project-lite v0.2.17
   Compiling winnow v1.0.3
   Compiling dlib v0.5.3
   Compiling slab v0.4.12
   Compiling hashbrown v0.17.1
   Compiling version_check v0.9.5
   Compiling toml_datetime v1.1.1+spec-1.1.0
   Compiling toml_writer v1.1.1+spec-1.1.0
   Compiling utf8_iter v1.0.4
   Compiling simd-adler32 v0.3.9
   Compiling indexmap v2.14.0
   Compiling wayland-sys v0.31.11
   Compiling find-msvc-tools v0.1.9
   Compiling shlex v1.3.0
   Compiling toml_parser v1.1.2+spec-1.1.0
   Compiling foldhash v0.2.0
   Compiling stable_deref_trait v1.2.1
   Compiling adler2 v2.0.1
   Compiling cc v1.2.62
   Compiling float-cmp v0.9.0
   Compiling crc32fast v1.5.0
   Compiling miniz_oxide v0.8.9
   Compiling toml_edit v0.25.11+spec-1.1.0
   Compiling strict-num v0.1.1
   Compiling arrayref v0.3.9
   Compiling icu_properties_data v2.2.0
   Compiling once_cell v1.21.4
   Compiling core_maths v0.1.1
   Compiling downcast-rs v1.2.1
   Compiling syn v2.0.117
   Compiling memmap2 v0.9.10
   Compiling ttf-parser v0.25.1
   Compiling proc-macro-crate v3.5.0
   Compiling icu_normalizer_data v2.2.0
   Compiling scoped-tls v1.0.1
   Compiling futures-core v0.3.32
   Compiling crossbeam-utils v0.8.21
   Compiling tracing-core v0.1.36
   Compiling num-traits v0.2.19
   Compiling thiserror v2.0.18
   Compiling wayland-backend v0.3.15
   Compiling flate2 v1.1.9
   Compiling wayland-client v0.31.14
   Compiling arrayvec v0.7.6
   Compiling parking v2.2.1
   Compiling endi v1.1.1
   Compiling writeable v0.6.3
   Compiling futures-io v0.3.32
   Compiling unicode-width v0.2.2
   Compiling fdeflate v0.3.7
   Compiling unicode-segmentation v1.13.2
   Compiling fastrand v2.4.1
   Compiling tinyvec_macros v0.1.1
   Compiling unicode-xid v0.2.6
   Compiling litemap v0.8.2
   Compiling convert_case v0.10.0
   Compiling concurrent-queue v2.5.0
   Compiling parlance v0.1.0
   Compiling linebender_resource_handle v0.1.1
   Compiling pulldown-cmark v0.13.3
   Compiling tinyvec v1.11.0
   Compiling getopts v0.2.24
   Compiling either v1.15.0
   Compiling polling v3.11.0
   Compiling unicode-properties v0.1.4
   Compiling zune-core v0.5.1
   Compiling synstructure v0.13.2
   Compiling unicode-bidi-mirroring v0.4.0
   Compiling quick-error v2.0.1
   Compiling pulldown-cmark-escape v0.11.0
   Compiling siphasher v1.0.3
   Compiling unicode-ccc v0.4.0
   Compiling unicase v2.9.0
   Compiling unicode-script v0.5.8
   Compiling zune-jpeg v0.5.15
   Compiling event-listener v5.4.1
   Compiling byteorder-lite v0.1.0
   Compiling heck v0.5.0
   Compiling weezl v0.1.12
   Compiling futures-lite v2.6.1
   Compiling event-listener-strategy v0.5.4
   Compiling roxmltree v0.21.1
   Compiling simplecss v0.2.2
   Compiling htmlparser v0.2.1
   Compiling allocator-api2 v0.2.21
   Compiling cfg_aliases v0.2.1
   Compiling pico-args v0.5.0
   Compiling crossbeam-epoch v0.9.18
   Compiling unicode-vo v0.1.0
   Compiling pxfm v0.1.29
   Compiling rayon-core v1.13.0
   Compiling data-url v0.3.2
   Compiling color_quant v1.1.0
   Compiling imagesize v0.14.0
   Compiling unicode-bidi v0.3.18
   Compiling base64 v0.22.1
   Compiling bytemuck_derive v1.10.2
   Compiling serde_derive v1.0.228
   Compiling zerofrom-derive v0.1.7
   Compiling yoke-derive v0.8.2
   Compiling zerovec-derive v0.11.3
   Compiling displaydoc v0.2.5
   Compiling enumflags2_derive v0.7.12
   Compiling thiserror-impl v2.0.18
   Compiling tracing-attributes v0.1.31
   Compiling derive_more-impl v2.1.1
   Compiling xmlwriter v0.1.0
   Compiling gif v0.14.2
   Compiling equator-macro v0.4.2
   Compiling crossbeam-deque v0.8.6
   Compiling hashbrown v0.16.1
   Compiling image-webp v0.2.4
   Compiling async-io v2.6.0
   Compiling zeno v0.3.3
   Compiling khronos_api v3.1.0
   Compiling yazi v0.2.1
   Compiling bytemuck v1.25.0
   Compiling num-integer v0.1.46
   Compiling itertools v0.14.0
   Compiling errno v0.3.14
   Compiling slotmap v1.1.1
   Compiling equator v0.4.2
   Compiling zerofrom v0.1.8
   Compiling font-types v0.11.3
   Compiling tracing v0.1.44
   Compiling tiny-skia-path v0.12.0
   Compiling yoke v0.8.2
   Compiling rgb v0.8.53
   Compiling yeslogic-fontconfig-sys v6.0.1
   Compiling imgref v1.12.1
   Compiling async-task v4.7.1
   Compiling read-fonts v0.37.0
   Compiling zerovec v0.11.6
   Compiling zerotrie v0.2.4
   Compiling anyhow v1.0.102
   Compiling aligned-vec v0.6.4
   Compiling signal-hook-registry v1.4.8
   Compiling num-bigint v0.4.6
   Compiling quick-xml v0.39.4
   Compiling zvariant_utils v3.3.1
   Compiling enumflags2 v0.7.12
   Compiling tinystr v0.8.3
   Compiling potential_utf v0.1.5
   Compiling strum_macros v0.28.0
   Compiling async-channel v2.5.0
   Compiling xml-rs v0.8.28
   Compiling icu_locale_core v2.2.0
   Compiling thiserror v1.0.69
   Compiling icu_collections v2.2.0
   Compiling rustix v0.38.44
   Compiling zerocopy v0.8.48
   Compiling xcursor v0.3.10
   Compiling xkeysym v0.2.1
   Compiling zvariant_derive v5.11.0
   Compiling atomic-waker v1.1.2
   Compiling cursor-icon v1.2.0
   Compiling semver v1.0.28
   Compiling unicode-linebreak v0.1.5
   Compiling rustc_version v0.4.1
   Compiling wayland-csd-frame v0.3.0
   Compiling icu_provider v2.2.0
   Compiling piper v0.2.5
   Compiling wayland-scanner v0.31.10
   Compiling gl_generator v0.14.0
   Compiling num-rational v0.4.2
   Compiling async-signal v0.2.14
   Compiling icu_properties v2.2.0
   Compiling icu_normalizer v2.2.0
   Compiling v_frame v0.3.9
   Compiling rayon v1.12.0
   Compiling zerocopy-derive v0.8.48
   Compiling thiserror-impl v1.0.69
   Compiling async-lock v3.4.2
   Compiling as-slice v0.2.1
   Compiling skrifa v0.40.0
   Compiling memoffset v0.9.1
   Compiling strum v0.28.0
   Compiling paste v1.0.15
   Compiling zvariant v5.11.0
   Compiling icu_locale_data v2.2.0
   Compiling zmij v1.0.21
   Compiling as-raw-xcb-connection v1.0.1
   Compiling av-scenechange v0.14.1
   Compiling linux-raw-sys v0.4.15
   Compiling built v0.8.0
   Compiling fontique v0.8.0
   Compiling async-process v2.5.0
   Compiling aligned v0.4.3
   Compiling rav1e v0.8.1
   Compiling field-offset v0.3.6
   Compiling blocking v1.6.2
   Compiling zbus_names v4.3.2
   Compiling derive_more v2.1.1
   Compiling zbus_xml v5.1.1
   Compiling wayland-protocols v0.32.12
   Compiling wayland-cursor v0.31.14
   Compiling async-executor v1.14.0
   Compiling zbus_macros v5.15.0
   Compiling euclid v0.22.14
   Compiling arg_enum_proc_macro v0.3.4
   Compiling async-trait v0.1.89
   Compiling async-recursion v1.1.1
   Compiling zbus-lockstep v0.5.2
   Compiling serde_repr v0.1.20
   Compiling profiling-procmacros v1.0.18
   Compiling async-broadcast v0.7.2
   Compiling gethostname v1.1.0
   Compiling uuid v1.23.1
   Compiling polycool v0.4.0
   Compiling ordered-stream v0.2.0
   Compiling x11-dl v2.21.0
   Compiling nom v8.0.0
   Compiling no_std_io2 v0.9.4
   Compiling serde_json v1.0.149
   Compiling pastey v0.1.1
   Compiling hex v0.4.3
   Compiling x11rb-protocol v0.13.2
   Compiling y4m v0.8.0
   Compiling icu_segmenter_data v2.2.0
   Compiling half v2.7.1
   Compiling profiling v1.0.18
   Compiling bitstream-io v4.10.0
   Compiling i-slint-common v1.16.1
   Compiling kurbo v0.13.1
   Compiling zbus-lockstep-macros v0.5.2
   Compiling lyon_geom v1.0.19
   Compiling calloop v0.13.0
   Compiling wayland-protocols-wlr v0.3.12
   Compiling av1-grain v0.2.5
   Compiling maybe-rayon v0.1.1
   Compiling num-derive v0.4.2
   Compiling png v0.18.1
   Compiling simd_helpers v0.1.0
   Compiling itoa v1.0.18
   Compiling zbus v5.15.0
   Compiling new_debug_unreachable v1.0.6
   Compiling rustversion v1.0.22
   Compiling percent-encoding v2.3.2
   Compiling lazy_static v1.5.0
   Compiling futures-sink v0.3.32
   Compiling static_assertions v1.1.0
   Compiling getrandom v0.3.4
   Compiling smithay-client-toolkit v0.19.2
   Compiling noop_proc_macro v0.3.0
   Compiling futures-channel v0.3.32
   Compiling idna_adapter v1.2.2
   Compiling fontdb v0.23.0
   Compiling calloop-wayland-source v0.3.0
   Compiling icu_locale v2.2.0
   Compiling svgtypes v0.16.1
   Compiling lyon_path v1.0.19
   Compiling loop9 v0.1.5
   Compiling tiny-skia-path v0.11.4
   Compiling rustybuzz v0.20.1
   Compiling futures-macro v0.3.32
   Compiling const-field-offset-macro v0.2.0
   Compiling snafu-derive v0.8.9
   Compiling owned_ttf_parser v0.25.1
   Compiling avif-serialize v0.8.9
   Compiling ahash v0.8.12
   Compiling zune-inflate v0.2.54
   Compiling rspolib v0.1.2
   Compiling raw-window-handle v0.6.2
   Compiling lebe v0.5.3
   Compiling ab_glyph_rasterizer v0.1.10
   Compiling futures-task v0.3.32
   Compiling bit_field v0.10.3
   Compiling fax v0.2.7
   Compiling ab_glyph v0.2.32
   Compiling form_urlencoded v1.2.2
   Compiling tiff v0.11.3
   Compiling usvg v0.47.0
   Compiling exr v1.74.0
   Compiling const-field-offset v0.2.0
   Compiling icu_segmenter v2.2.0
   Compiling x11rb v0.13.2
   Compiling tiny-skia v0.11.4
   Compiling futures-util v0.3.32
   Compiling idna v1.1.0
   Compiling snafu v0.8.9
   Compiling atspi-common v0.13.0
   Compiling tiny-skia v0.12.0
   Compiling ravif v0.13.0
   Compiling swash v0.2.7
   Compiling parley_data v0.8.0
   Compiling harfrust v0.5.2
   Compiling glutin_glx_sys v0.6.1
   Compiling glutin_egl_sys v0.7.1
   Compiling calloop v0.14.4
   Compiling qoi v0.4.1
   Compiling moxcms v0.8.1
   Compiling vtable-macro v0.4.0
   Compiling num_enum_derive v0.7.6
   Compiling pin-project-internal v1.1.13
   Compiling winit v0.30.13
   Compiling derive_utils v0.15.1
   Compiling smithay-client-toolkit v0.20.0
   Compiling anstyle v1.0.14
   Compiling iana-time-zone v0.1.65
   Compiling linked-hash-map v0.5.6
   Compiling text-size v1.1.1
   Compiling countme v3.0.1
   Compiling natord v1.0.9
   Compiling rustc-hash v1.1.0
   Compiling accesskit v0.22.0
   Compiling hashbrown v0.14.5
   Compiling i-slint-compiler v1.16.1
   Compiling image v0.25.10
   Compiling vtable v0.4.0
   Compiling pin-project v1.1.13
   Compiling accesskit_consumer v0.32.0
   Compiling num_enum v0.7.6
   Compiling rowan v0.16.1
   Compiling linked_hash_set v0.1.6
   Compiling atspi-proxies v0.13.0
   Compiling chrono v0.4.44
   Compiling annotate-snippets v0.12.16
   Compiling auto_enums v0.8.8
   Compiling parley v0.8.0
   Compiling calloop-wayland-source v0.4.1
   Compiling i-slint-core-macros v1.16.1
   Compiling resvg v0.47.0
   Compiling sctk-adwaita v0.10.1
   Compiling url v2.5.8
   Compiling lyon_extra v1.1.0
   Compiling lyon_algorithms v1.0.20
   Compiling wayland-protocols-experimental v20250721.0.1
   Compiling wayland-protocols-misc v0.3.12
   Compiling wayland-protocols-plasma v0.3.12
   Compiling taffy v0.9.2
   Compiling xkbcommon-dl v0.4.2
   Compiling clru v0.6.3
   Compiling glutin v0.32.3
   Compiling tiny-xlib v0.2.5
   Compiling typed-index-collections v3.5.0
   Compiling dpi v0.1.2
   Compiling scopeguard v1.2.0
   Compiling by_address v1.2.1
   Compiling pin-utils v0.1.0
   Compiling scoped-tls-hkt v0.1.5
   Compiling smol_str v0.3.6
   Compiling pin-weak v1.1.0
   Compiling smol_str v0.2.2
   Compiling sys-locale v0.3.2
   Compiling spin_on v0.1.1
   Compiling atspi v0.29.0
   Compiling accesskit_atspi_common v0.15.0
   Compiling i-slint-core v1.16.1
   Compiling glutin-winit v0.5.0
   Compiling fnv v1.0.7
   Compiling glow v0.17.0
   Compiling ctor v0.10.1
   Compiling futures-executor v0.3.32
   Compiling x11-clipboard v0.9.3
   Compiling integer-sqrt v0.1.5
   Compiling i-slint-backend-winit v1.16.1
   Compiling femtovg v0.23.2
   Compiling softbuffer v0.4.8
   Compiling accesskit_unix v0.18.0
   Compiling smithay-clipboard v0.7.3
   Compiling futures v0.3.32
   Compiling i-slint-backend-selector v1.16.1
   Compiling webbrowser v1.2.1
   Compiling regex-syntax v0.8.10
   Compiling option-ext v0.2.0
   Compiling sharded-slab v0.1.7
   Compiling dirs-sys v0.5.0
   Compiling copypasta v0.10.2
   Compiling tokio-macros v2.7.0
   Compiling serde_spanned v1.1.1
   Compiling tracing-log v0.2.0
   Compiling regex-automata v0.4.14
   Compiling thread_local v1.1.9
   Compiling same-file v1.0.6
   Compiling nu-ansi-term v0.50.3
   Compiling walkdir v2.5.0
   Compiling directories v6.0.0
   Compiling toml v1.1.2+spec-1.1.0
   Compiling sysinfo v0.39.2
   Compiling matchers v0.2.0
   Compiling tracing-subscriber v0.3.23
   Compiling tokio v1.52.3
   Compiling accesskit_winit v0.30.0
   Compiling i-slint-renderer-software v1.16.1
   Compiling i-slint-renderer-femtovg v1.16.1
   Compiling slint-build v1.16.1
   Compiling cmt-rs v0.1.0 (/mnt/j/cmt-rs)
   Compiling slint-macros v1.16.1
   Compiling slint v1.16.1
    Finished `test` profile [unoptimized + debuginfo] target(s) in 1m 44s
  Executable unittests src/main.rs (target/debug/deps/cmt_rs-8b9043e9f609a7fd)
