warning: this function has too many arguments (8/7)
   --> src/app/archive_patcher_controller.rs:249:5
    |
249 | /     pub fn new(
250 | |         request_...
251 | |         confirme...
252 | |         confirme...
...   |
257 | |         manifest...
258 | |     ) -> Self {
    | |_____________^
    |
    = help: for further information visit https://rust-lang.github.io/rust-clippy/rust-1.95.0/index.html#too_many_arguments
    = note: `#[warn(clippy::too_many_arguments)]` on by default

warning: this `let...else` may be rewritten with the `?` operator
   --> src/app/archive_patcher_controller.rs:752:9
    |
752 | /         let S...
753 | |             r...
754 | |         };
    | |__________^ help: replace it with: `let plan = self.plan.as_ref()?;`
    |
    = help: for further information visit https://rust-lang.github.io/rust-clippy/rust-1.95.0/index.html#question_mark
    = note: `#[warn(clippy::question_mark)]` on by default

warning: this block may be rewritten with the `?` operator
    --> src/app/archive_patcher_controller.rs:1333:9
     |
1333 | /         if s...
1334 | |             ...
1335 | |         }
     | |_________^ help: replace it with: `self.manifest_path.as_ref()?;`
     |
     = help: for further information visit https://rust-lang.github.io/rust-clippy/rust-1.95.0/index.html#question_mark

warning: this function has too many arguments (8/7)
    --> src/services/downgrader.rs:1538:5
     |
1538 | /     fn execute_row<D, A, P>(
1539 | |         &self,
1540 | |         request_id: u64,
1541 | |         game_root: &Path,
...    |
1550 | |         A: DeltaApplier + ?Sized,
1551 | |         P: FnMut(&DowngraderExecutionProgressEvent),
     | |____________________________________________________^
     |
     = help: for further information visit https://rust-lang.github.io/rust-clippy/rust-1.95.0/index.html#too_many_arguments

warning: this function has too many arguments (8/7)
    --> src/services/downgrader.rs:1595:5
     |
1595 | /     fn execute_mutating_row<D, A, P>(
1596 | |         &self,
1597 | |         request_id: u64,
1598 | |         game_root: &Path,
...    |
1607 | |         A: DeltaApplier + ?Sized,
1608 | |         P: FnMut(&DowngraderExecutionProgressEvent),
     | |____________________________________________________^
     |
     = help: for further information visit https://rust-lang.github.io/rust-clippy/rust-1.95.0/index.html#too_many_arguments

warning: this function has too many arguments (8/7)
    --> src/services/downgrader.rs:2230:5
     |
2230 | /     fn read_or_download_patch<D, P>(
2231 | |         &self,
2232 | |         request_id: u64,
2233 | |         row: &DowngraderPreviewPlanRow,
...    |
2241 | |         D: DeltaDownloader + ?Sized,
2242 | |         P: FnMut(&DowngraderExecutionProgressEvent),
     | |____________________________________________________^
     |
     = help: for further information visit https://rust-lang.github.io/rust-clippy/rust-1.95.0/index.html#too_many_arguments

warning: this function has too many arguments (8/7)
    --> src/services/scanner.rs:1118:5
     |
1118 | /     fn scan_data_tree<P>(
1119 | |         &self,
1120 | |         data_path: &Path,
1121 | |         request: &ScannerScanRequest<'_>,
...    |
1127 | |     ) where
1128 | |         P: FnMut(&ScannerProgressEvent),
     | |________________________________________^
     |
     = help: for further information visit https://rust-lang.github.io/rust-clippy/rust-1.95.0/index.html#too_many_arguments

warning: this function has too many arguments (8/7)
   --> src/main.rs:529:1
    |
529 | / fn bind_downgrader_worker_...
530 | |     app: &MainWindow,
531 | |     window: &DowngraderWin...
532 | |     controller: Arc<Mutex<...
...   |
537 | |     runtime_handle: tokio:...
538 | | ) -> SlintEventLoopSink {
    | |_______________________^
    |
    = help: for further information visit https://rust-lang.github.io/rust-clippy/rust-1.95.0/index.html#too_many_arguments

warning: this function has too many arguments (8/7)
   --> src/main.rs:747:1
    |
747 | / fn bind_archive_patcher_wo...
748 | |     app: &MainWindow,
749 | |     window: &ArchivePatche...
750 | |     controller: Arc<Mutex<...
...   |
755 | |     runtime_handle: tokio:...
756 | | ) -> SlintEventLoopSink {
    | |_______________________^
    |
    = help: for further information visit https://rust-lang.github.io/rust-clippy/rust-1.95.0/index.html#too_many_arguments

warning: this function has too many arguments (12/7)
    --> src/main.rs:1123:1
     |
1123 | / fn b...
1124 | |     ...
1125 | |     ...
1126 | |     ...
...    |
1135 | |     ...
1136 | | ) {
     | |_^
     |
     = help: for further information visit https://rust-lang.github.io/rust-clippy/rust-1.95.0/index.html#too_many_arguments

warning: this function has too many arguments (12/7)
    --> src/main.rs:1557:1
     |
1557 | / fn b...
1558 | |     ...
1559 | |     ...
1560 | |     ...
...    |
1569 | |     ...
1570 | | ) {
     | |_^
     |
     = help: for further information visit https://rust-lang.github.io/rust-clippy/rust-1.95.0/index.html#too_many_arguments

warning: this function has too many arguments (8/7)
    --> src/main.rs:2211:1
     |
2211 | / fn s...
2212 | |     ...
2213 | |     ...
2214 | |     ...
...    |
2219 | |     ...
2220 | | ) {
     | |_^
     |
     = help: for further information visit https://rust-lang.github.io/rust-clippy/rust-1.95.0/index.html#too_many_arguments

warning: field assignment outside of initializer for an instance created with Default::default()
    --> src/main.rs:7421:9
     |
7421 | /         setti...
7422 | |             k...
7423 | |             d...
7424 | |         };
     | |__________^
     |
note: consider initializing the variable with `domain::settings::AppSettings { downgrader: DowngraderSettings {
                  keep_backups: true,
                  delete_deltas: false,
              }, ..Default::default() }` and removing relevant reassignments
    --> src/main.rs:7420:9
     |
7420 | ...   ...default();
     |       ...^^^^^^^^^^
     = help: for further information visit https://rust-lang.github.io/rust-clippy/rust-1.95.0/index.html#field_reassign_with_default
     = note: `#[warn(clippy::field_reassign_with_default)]` on by default

warning: field assignment outside of initializer for an instance created with Default::default()
    --> src/main.rs:7535:9
     |
7535 | ...   ...e::Github;
     |       ...^^^^^^^^^^
     |
note: consider initializing the variable with `domain::settings::AppSettings { update_source: UpdateSource::Github, log_level: LogLevel::Warning, downgrader: DowngraderSettings {
                  keep_backups: false,
                  delete_deltas: true,
              }, ..Default::default() }` and removing relevant reassignments
    --> src/main.rs:7534:9
     |
7534 | ...   ...default();
     |       ...^^^^^^^^^^
     = help: for further information visit https://rust-lang.github.io/rust-clippy/rust-1.95.0/index.html#field_reassign_with_default

warning: `cmt-rs` (bin "cmt-rs") generated 12 warnings (run `cargo clippy --fix --bin "cmt-rs" -p cmt-rs -- ` to apply 1 suggestion)
warning: `cmt-rs` (bin "cmt-rs" test) generated 14 warnings (12 duplicates)
    Finished `dev` profile [unoptimized + debuginfo] target(s) in 8.95s
