Diff in /mnt/j/cmt-rs/src/domain/discovery.rs:572:
             .or_default()
             .insert("slanguage".to_owned(), "en".to_owned());
 
[31m-        assert_eq!(installation.archives[0].format.as_reference_magic(), Some("DX10"));
(B[m[32m+        assert_eq!(
(B[m[32m+            installation.archives[0].format.as_reference_magic(),
(B[m[32m+            Some("DX10")
(B[m[32m+        );
(B[m         assert_eq!(installation.archives[0].version.as_header_value(), 8);
[31m-        assert_eq!(installation.modules[0].header_version.as_reference_str(), Some("1.00"));
(B[m[31m-        assert_eq!(installation.ini_files.fallout4.get("general", "slanguage"), Some("en"));
(B[m[32m+        assert_eq!(
(B[m[32m+            installation.modules[0].header_version.as_reference_str(),
(B[m[32m+            Some("1.00")
(B[m[32m+        );
(B[m[32m+        assert_eq!(
(B[m[32m+            installation.ini_files.fallout4.get("general", "slanguage"),
(B[m[32m+            Some("en")
(B[m[32m+        );
(B[m     }
 
     #[test]
Diff in /mnt/j/cmt-rs/src/domain/discovery.rs:582:
     fn install_type_and_semantic_version_reference_display_values_are_stable() {
         assert_eq!(Fallout4InstallType::OldGen.to_string(), "Old-Gen");
         assert_eq!(Fallout4InstallType::DownGrade.to_string(), "Down-Grade");
[31m-        assert_eq!(Fallout4InstallType::NextGenAnniversary.to_string(), "Next-Gen & Anniversary");
(B[m[32m+        assert_eq!(
(B[m[32m+            Fallout4InstallType::NextGenAnniversary.to_string(),
(B[m[32m+            "Next-Gen & Anniversary"
(B[m[32m+        );
(B[m         assert_eq!(Fallout4InstallType::NotFound.to_string(), "Not Found");
         assert_eq!(SemanticVersion::new(2, 5, 2).to_string(), "2.5.2");
         assert_eq!(SemanticVersion::zero().to_string(), "0.0.0");
Diff in /mnt/j/cmt-rs/src/domain/discovery.rs:595:
         ));
 
         assert_eq!(error.kind, DiscoveryErrorKind::Fallout4NotFound);
[31m-        assert_eq!(error.user_message(), "A Fallout 4 installation could not be found.");
(B[m[32m+        assert_eq!(
(B[m[32m+            error.user_message(),
(B[m[32m+            "A Fallout 4 installation could not be found."
(B[m[32m+        );
(B[m         assert!(error.is_recoverable());
         assert!(!error.requires_manual_file_picker());
         assert_eq!(
Diff in /mnt/j/cmt-rs/src/domain/discovery.rs:613:
             "A Fallout 4 installation could not be found.\n\nThe path set in your registry is:\nD:/Moved/Fallout 4\n\nIf this is not correct, please run the Fallout 4 Launcher to correct it."
         );
 
[31m-        let known_folder_error = DiscoveryError::environment_folder_missing("C:/Users/Example/Documents");
(B[m[32m+        let known_folder_error =
(B[m[32m+            DiscoveryError::environment_folder_missing("C:/Users/Example/Documents");
(B[m         assert_eq!(
             known_folder_error.user_message(),
             "Folder does not exist:\nC:/Users/Example/Documents"
Diff in /mnt/j/cmt-rs/src/domain/mod_manager.rs:389:
     }
 
     /// Creates the unsupported game-name error whose reference text includes the INI path.
[31m-    pub fn unsupported_game_name(game_name: impl Into<String>, ini_path: impl Into<PathBuf>) -> Self {
(B[m[32m+    pub fn unsupported_game_name(
(B[m[32m+        game_name: impl Into<String>,
(B[m[32m+        ini_path: impl Into<PathBuf>,
(B[m[32m+    ) -> Self {
(B[m         Self {
             kind: Mo2ParseErrorKind::UnsupportedGameName {
                 game_name: game_name.into(),
Diff in /mnt/j/cmt-rs/src/domain/mod_manager.rs:550:
     #[test]
     fn manager_kind_display_names_and_executables_match_reference() {
         assert_eq!(ModManagerKind::ModOrganizer.display_name(), "Mod Organizer");
[31m-        assert_eq!(ModManagerKind::ModOrganizer.executable_name(), "ModOrganizer.exe");
(B[m[32m+        assert_eq!(
(B[m[32m+            ModManagerKind::ModOrganizer.executable_name(),
(B[m[32m+            "ModOrganizer.exe"
(B[m[32m+        );
(B[m         assert_eq!(ModManagerKind::Vortex.display_name(), "Vortex");
         assert_eq!(ModManagerKind::Vortex.executable_name(), "Vortex.exe");
     }
Diff in /mnt/j/cmt-rs/src/domain/mod_manager.rs:579:
             ));
 
         assert_eq!(context.manager.display_name(), "Mod Organizer");
[31m-        assert_eq!(context.game_path.as_deref(), Some(Path::new("C:/Games/Fallout 4")));
(B[m[32m+        assert_eq!(
(B[m[32m+            context.game_path.as_deref(),
(B[m[32m+            Some(Path::new("C:/Games/Fallout 4"))
(B[m[32m+        );
(B[m         assert_eq!(context.selected_profile, "Default");
         assert_eq!(context.mod_directory(), Path::new("C:/MO2Mods"));
         assert_eq!(context.overwrite_directory(), Path::new("C:/MO2Overwrite"));
Diff in /mnt/j/cmt-rs/src/domain/mod_manager.rs:597:
         let directories = ModOrganizerDirectories::reference_defaults("C:/Modding/MO2");
         let context = ModOrganizerContext::new(mo2_manager(), "Default", directories);
 
[31m-        assert_eq!(context.directories.cache_directory, PathBuf::from("C:/Modding/MO2/webcache"));
(B[m[31m-        assert_eq!(context.directories.download_directory, PathBuf::from("C:/Modding/MO2/downloads"));
(B[m[32m+        assert_eq!(
(B[m[32m+            context.directories.cache_directory,
(B[m[32m+            PathBuf::from("C:/Modding/MO2/webcache")
(B[m[32m+        );
(B[m[32m+        assert_eq!(
(B[m[32m+            context.directories.download_directory,
(B[m[32m+            PathBuf::from("C:/Modding/MO2/downloads")
(B[m[32m+        );
(B[m         assert_eq!(context.mod_directory(), Path::new("C:/Modding/MO2/mods"));
[31m-        assert_eq!(context.overwrite_directory(), Path::new("C:/Modding/MO2/overwrite"));
(B[m[31m-        assert_eq!(context.profiles_directory(), Path::new("C:/Modding/MO2/profiles"));
(B[m[32m+        assert_eq!(
(B[m[32m+            context.overwrite_directory(),
(B[m[32m+            Path::new("C:/Modding/MO2/overwrite")
(B[m[32m+        );
(B[m[32m+        assert_eq!(
(B[m[32m+            context.profiles_directory(),
(B[m[32m+            Path::new("C:/Modding/MO2/profiles")
(B[m[32m+        );
(B[m         assert_eq!(context.skip_rules.file_suffixes, vec![".mohidden"]);
         assert!(context.skip_rules.directories.is_empty());
     }
Diff in /mnt/j/cmt-rs/src/domain/mod_manager.rs:608:
 
     #[test]
     fn vortex_detection_scope_is_identity_only_with_zero_version_fallback() {
[31m-        let context = VortexContext::new("C:/Program Files/Black Tree Gaming/Vortex/Vortex.exe", None);
(B[m[32m+        let context =
(B[m[32m+            VortexContext::new("C:/Program Files/Black Tree Gaming/Vortex/Vortex.exe", None);
(B[m 
         assert_eq!(context.manager.kind, ModManagerKind::Vortex);
         assert_eq!(context.manager.display_name(), "Vortex");
Diff in /mnt/j/cmt-rs/src/domain/mod_manager.rs:615:
[31m-        assert_eq!(context.manager.executable_path, PathBuf::from("C:/Program Files/Black Tree Gaming/Vortex/Vortex.exe"));
(B[m[32m+        assert_eq!(
(B[m[32m+            context.manager.executable_path,
(B[m[32m+            PathBuf::from("C:/Program Files/Black Tree Gaming/Vortex/Vortex.exe")
(B[m[32m+        );
(B[m         assert_eq!(context.manager.version, SemanticVersion::zero());
         assert!(!context.manager.has_staging_configuration_scope());
         assert!(!context.parses_staging_or_config());
Diff in /mnt/j/cmt-rs/src/domain/mod_manager.rs:693:
 
         let result: Mo2ConfigurationResult = Ok(configuration);
         let configuration = result.expect("inline MO2 configuration should be valid");
[31m-        assert!(configuration.executables[&ModOrganizerTool::XEdit]
(B[m[31m-            .contains(&PathBuf::from("C:/Tools/FO4Edit.exe")));
(B[m[32m+        assert!(
(B[m[32m+            configuration.executables[&ModOrganizerTool::XEdit]
(B[m[32m+                .contains(&PathBuf::from("C:/Tools/FO4Edit.exe"))
(B[m[32m+        );
(B[m     }
 }
 
