src/app/archive_patcher_controller.rs:227:pub struct ArchivePatcherPatchWorkerRequest {
src/app/archive_patcher_controller.rs:248:impl ArchivePatcherPatchWorkerRequest {
src/app/archive_patcher_controller.rs:276:pub struct ArchivePatcherRestoreWorkerRequest {
src/app/archive_patcher_controller.rs:287:impl ArchivePatcherRestoreWorkerRequest {
src/app/archive_patcher_controller.rs:309:    ConfirmedPatch(ArchivePatcherPatchWorkerRequest),
src/app/archive_patcher_controller.rs:541:    pub fn open(
src/app/archive_patcher_controller.rs:570:    pub fn open_unavailable(
src/app/archive_patcher_controller.rs:686:    pub fn request_patch_all(&mut self) -> Option<ArchivePatcherPatchAllRequest> {
src/app/archive_patcher_controller.rs:705:    pub fn request_plan(&mut self) -> Option<ArchivePatcherPlanWorkerRequest> {
src/app/archive_patcher_controller.rs:743:    pub fn confirm_plan(&mut self) -> Option<ArchivePatcherPatchWorkerRequest> {
src/app/archive_patcher_controller.rs:786:        let request = ArchivePatcherPatchWorkerRequest::new(
src/app/archive_patcher_controller.rs:809:    pub fn request_restore_last_run(&mut self) -> Option<ArchivePatcherRestoreWorkerRequest> {
src/app/archive_patcher_controller.rs:841:        let request = ArchivePatcherRestoreWorkerRequest::new(
src/app/archive_patcher_controller.rs:856:    pub fn open_about(&mut self) -> ArchivePatcherTransitionResult {
src/app/archive_patcher_controller.rs:865:    pub fn close_about(&mut self) -> ArchivePatcherTransitionResult {
src/app/archive_patcher_controller.rs:1142:    pub fn spawn_failed(
src/app/archive_patcher_controller.rs:1164:    pub fn handle_worker_event(&mut self, event: WorkerEvent) -> ArchivePatcherTransitionResult {
src/app/archive_patcher_controller.rs:1210:    pub fn request_close(&mut self) -> ArchivePatcherTransitionResult {
src/app/archive_patcher_controller.rs:1395:pub fn archive_patcher_candidates_task(request_id: ArchivePatcherRequestId) -> WorkerTask {
src/app/archive_patcher_controller.rs:1404:pub fn archive_patcher_plan_task(request_id: ArchivePatcherRequestId) -> WorkerTask {
src/app/archive_patcher_controller.rs:1413:pub fn archive_patcher_patch_task(request_id: ArchivePatcherRequestId) -> WorkerTask {
src/app/archive_patcher_controller.rs:1422:pub fn archive_patcher_restore_task(request_id: ArchivePatcherRequestId) -> WorkerTask {
src/app/archive_patcher_controller.rs:1431:pub fn archive_patcher_candidates_loaded_payload(
src/app/archive_patcher_controller.rs:1441:pub fn archive_patcher_plan_ready_payload(
src/app/archive_patcher_controller.rs:1449:pub fn archive_patcher_log_row_payload(
src/app/archive_patcher_controller.rs:1458:pub fn archive_patcher_progress_payload(
src/app/archive_patcher_controller.rs:1469:pub fn archive_patcher_patch_completed_payload(
src/app/archive_patcher_controller.rs:1479:pub fn archive_patcher_restore_completed_payload(
src/app/archive_patcher_controller.rs:1489:pub fn archive_patcher_request_id_from_task_id(
src/app/archive_patcher_controller.rs:1496:pub fn archive_patcher_stage_from_task_id(
src/app/archive_patcher_controller.rs:1502:fn archive_patcher_stage_and_request_id(
src/app/archive_patcher_controller.rs:1533:fn archive_patcher_payload_matches_status(
src/app/archive_patcher_controller.rs:1776:    fn archive_patcher_controller_open_loads_candidates_and_ignores_stale_payloads() {
src/app/archive_patcher_controller.rs:1833:    fn archive_patcher_controller_plan_confirmation_gates_patch_run() {
src/app/archive_patcher_controller.rs:1890:    fn archive_patcher_controller_disables_write_controls_blocks_close_and_completes_patch() {
src/app/archive_patcher_controller.rs:1960:    fn archive_patcher_controller_filter_and_target_changes_recandidate_and_invalidate_plan() {
src/app/archive_patcher_controller.rs:2037:    fn archive_patcher_controller_spawn_failure_visible_safe_retry_and_restore_availability() {
src/app/archive_patcher_controller.rs:2097:    fn archive_patcher_controller_restore_without_manifest_and_non_archive_events_are_safe() {
src/app/archive_patcher_controller.rs:2129:    fn archive_patcher_task_id_parsing_and_payload_helpers_are_stable() {
src/main.rs:18:        ArchivePatcherCandidateWorkerRequest, ArchivePatcherController, ArchivePatcherPatchAllRequest, ArchivePatcherPatchWorkerRequest,
src/main.rs:19:        ArchivePatcherPlanWorkerRequest, ArchivePatcherRestoreWorkerRequest,
src/main.rs:2650:    request: ArchivePatcherPatchWorkerRequest,
src/main.rs:2679:    request: ArchivePatcherRestoreWorkerRequest,
src/main.rs:2750:    request: ArchivePatcherPatchWorkerRequest,
src/main.rs:2801:    request: ArchivePatcherRestoreWorkerRequest,
src/main.rs:2890:fn archive_patcher_service_failure(error: ArchivePatcherExecutionError) -> WorkerFailure {
src/main.rs:2899:fn archive_patcher_completion_refresh_needed(event: &WorkerEvent) -> bool {
src/main.rs:2928:fn archive_patcher_manifest_path() -> PathBuf {
src/main.rs:2949:fn archive_patcher_manifest_available(path: &Path) -> bool {
src/main.rs:4730:fn archive_patcher_target_ui_value(target: ArchivePatcherTarget) -> &'static str {
src/main.rs:4737:fn archive_patcher_log_level_label(level: ArchivePatcherLogLevel) -> &'static str {
src/main.rs:4741:fn archive_patcher_log_text(controller: &ArchivePatcherController) -> String {
src/main.rs:4750:fn archive_patcher_progress_text(controller: &ArchivePatcherController) -> String {
src/main.rs:4760:fn archive_patcher_candidate_empty_text(controller: &ArchivePatcherController) -> &'static str {
