Top-level files:
Cargo.toml
build.rs
src/main.rs
ui/about_tab.slint
ui/f4se_tab.slint
ui/main.slint
ui/overview_tab.slint
ui/scanner_tab.slint
ui/settings_tab.slint
ui/tools_tab.slint

Rust modules deeper:
src/app/mod.rs
src/app/settings_controller.rs
src/domain/discovery.rs
src/domain/mod.rs
src/domain/mod_manager.rs
src/domain/settings.rs
src/main.rs
src/platform/desktop.rs
src/platform/filesystem.rs
src/platform/mod.rs
src/platform/process.rs
src/platform/registry.rs
src/platform/settings_store.rs
src/services/discovery.rs
src/services/mod.rs
src/workers/events.rs
src/workers/handoff.rs
src/workers/mod.rs

UI files:
ui/about_tab.slint
ui/f4se_tab.slint
ui/main.slint
ui/overview_tab.slint
ui/scanner_tab.slint
ui/settings_tab.slint
ui/tools_tab.slint
