REQUIREMENTS exists True size 10931
requirement id mentions 120 unique 54 first-last ('R001', 'R054')
Untitled 53
TBD 0
TODO 0
missing 0
unknown 0
Active 2
Validated 2
Invalidated 0
S11 0
S01 file_count 3 missing ['S01-UAT.md', 'S01-ASSESSMENT.md'] has S01-PLAN.md,S01-RESEARCH.md,S01-SUMMARY.md
S02 file_count 5 missing [] has S02-ASSESSMENT.md,S02-PLAN.md,S02-RESEARCH.md,S02-SUMMARY.md,S02-UAT.md
S03 file_count 5 missing [] has S03-ASSESSMENT.md,S03-PLAN.md,S03-RESEARCH.md,S03-SUMMARY.md,S03-UAT.md
S04 file_count 8 missing [] has S04-ASSESSMENT.md,S04-CONTEXT-DRAFT.md,S04-CONTEXT.md,S04-PLAN.md,S04-PRE-EXEC-VERIFY.json,S04-RESEARCH.md,S04-SUMMARY.md,S04-UAT.md
S05 file_count 7 missing [] has S05-ASSESSMENT.md,S05-CONTEXT.md,S05-PLAN.md,S05-PRE-EXEC-VERIFY.json,S05-RESEARCH.md,S05-SUMMARY.md,S05-UAT.md
S06 file_count 9 missing [] has S06-ASSESSMENT.md,S06-CONTEXT-DRAFT.md,S06-CONTEXT.md,S06-CONTINUE.md,S06-PLAN.md,S06-PRE-EXEC-VERIFY.json,S06-RESEARCH.md,S06-SUMMARY.md
S07 file_count 8 missing [] has S07-ASSESSMENT.md,S07-CONTEXT-DRAFT.md,S07-CONTEXT.md,S07-PLAN.md,S07-PRE-EXEC-VERIFY.json,S07-RESEARCH.md,S07-SUMMARY.md,S07-UAT.md
S08 file_count 8 missing [] has S08-ASSESSMENT.md,S08-CONTEXT-DRAFT.md,S08-CONTEXT.md,S08-PLAN.md,S08-PRE-EXEC-VERIFY.json,S08-RESEARCH.md,S08-SUMMARY.md,S08-UAT.md
S09 file_count 9 missing [] has S09-ASSESSMENT.md,S09-CONTEXT-DRAFT.md,S09-CONTEXT.md,S09-PLAN.md,S09-PRE-EXEC-VERIFY.json,S09-REPLAN.md,S09-RESEARCH.md,S09-SUMMARY.md
S10 file_count 8 missing [] has S10-ASSESSMENT.md,S10-CONTEXT-DRAFT.md,S10-CONTEXT.md,S10-PLAN.md,S10-PRE-EXEC-VERIFY.json,S10-RESEARCH.md,S10-SUMMARY.md,S10-UAT.md
S11 file_count 1 missing ['S11-SUMMARY.md', 'S11-UAT.md', 'S11-ASSESSMENT.md'] has S11-CONTEXT.md
