-- execute --
8 4 root, and returns Slint-free status/plan payloads that a
719 turns whether this row can be handed to a later mutation worker.
769 ounts,
807 _mutating_execution_step())
815 ions,
830 tas));
1043          mutating_step_count = plan.counts.mutating_step_count,
1043 tep_count = plan.counts.mutating_step_count,
1377 ap_err(|error| {
1410 // tracing/tests. It assumes callers run it off the Slint UI thread.
1420  DeltaDownloader + ?Sized,
1424 an while emitting per-row logs and download progress as they happen.
1439 ionProgressEvent),
1448       let _guard = span.enter();
1486 
1496 allback,
1525 ::Skipped)
1538 der confirmed execution completed"
1566 failed_execution_file_result(row, vec![failure]);
1595 d_execution_file_result(row, diagnostics)
1634 ce_str()
1861 ink_or_reparse_point() {
1881 starts_with(game_root) {
1925  { crc32 } => {
2125  Err(error) => {
2291 
2410 g>,
3072 2.as_deref()),
3179  vec![DowngraderPlanStepKind::SkipNotFound]
3207 ure.contains(BACKUP_READ_FAILURE_MESSAGE))
3224  vec![DowngraderPlanStepKind::PlanFailure]
3702 rc("C6053902"));
3725 xe", "C5965A2E");
3756 = DowngraderService::with_patch_integrity_manifest(&fs, &manifest)
3798 = DowngraderService::with_patch_integrity_manifest(&fs, &manifest)
3813 crc("C6053902"));
3833 rc("C6053902"));
3850 = DowngraderService::with_patch_integrity_manifest(&fs, &manifest)
3878 = DowngraderService::with_patch_integrity_manifest(&fs, &manifest)
3914 tes_with_crc("C6053902")),
-- WritableFilesystem --
36 rm::{
1366 essage().to_owned(),
2680 t,
3278       Remove(PathBuf),
3284 Map<(PlatformOperation, PathBuf), PlatformErrorKind>>,
3395 f.operations.borrow().clone()
3468 peration::WalkDirectory)?;
3468        Ok(Vec::new())
3674 te_deltas),
3675 xt_gen_fallout4_executor_fs() -> RecordingWritableFilesystem {
3807 !(fs.has_file("Game/NG-to-OG-Fallout4.exe.xdelta"));
-- write_bytes --
2306 (row, integrity, &bytes)?;
3469     }
-- replace_file_bytes --
2028 ot, current_path, row, "managed target")?;
2170         }
3481 edWriteOp::Write(path.to_path_buf()));
-- ConfirmedPlanChanged --
209 ate that no longer matches the preview plan.
233  }
1467  changed"
3927  before execution");
