ROOT /home/evild/.cargo/registry/src/index.crates.io-1949cf8c6b5b557f/pelite-0.10.0
## /home/evild/.cargo/registry/src/index.crates.io-1949cf8c6b5b557f/pelite-0.10.0/src/pe64/exports.rs
7:Symbols can be exported by name or by their ordinal number. The ordinal number of an exported function is its index in the exported function list plus the ordinal base.
13:use pelite::pe64::{Pe, PeFile};
14:use pelite::pe64::exports::GetProcAddress;
17:fn example(file: PeFile<'_>) -> pelite::Result<()> {
22:	let exports = file.exports()?;
25:	let dll_name = exports.dll_name()?;
28:	// To query the exports
29:	let by = exports.by()?;
31:	// For example: query an export by name
32:	by.name("?__autoclassinit2@Passwds@@QEAAX_K@Z")?;
37:	// For example: iterate over all the exports.
44:	// For example: iterate over the named exports
45:	for result in by.iter_names() {
67:pub use crate::wrap::exports::Export;
75:pub struct Exports<'a, P> {
80:impl<'a, P: Pe<'a>> Exports<'a, P> {
81:	pub(crate) fn try_from(pe: P) -> Result<Exports<'a, P>> {
83:		let image = pe.derva(datadir.VirtualAddress)?;
84:		Ok(Exports { pe, datadir, image })
96:		self.pe.derva_c_str(self.image.Name)
103:	pub fn functions(&self) -> Result<&'a [Rva]> {
104:		self.pe.derva_slice(self.image.AddressOfFunctions, self.image.NumberOfFunctions as usize)
108:	/// The values are RVAs to the exported function's name, to find its export look at the name index table with the same index.
111:	pub fn names(&self) -> Result<&'a [Rva]> {
112:		self.pe.derva_slice(self.image.AddressOfNames, self.image.NumberOfNames as usize)
118:		self.pe.derva_slice(self.image.AddressOfNameOrdinals, self.image.NumberOfNames as usize)
120:	/// Query the exports.
141:	fn is_forwarded(&self, rva: Rva) -> bool {
142:		// An export is forward if its rva points within data directory bounds
143:		rva >= self.datadir.VirtualAddress && rva < self.datadir.VirtualAddress + self.datadir.Size
145:	pub(crate) fn symbol_from_rva(&self, rva: &'a Rva) -> Result<Export<'a>> {
146:		if *rva == 0 {
149:		else if self.is_forwarded(*rva) {
150:			let fwd = self.pe.derva_c_str(*rva)?;
154:			Ok(Export::Symbol(rva))
158:impl<'a, P: Pe<'a>> fmt::Debug for Exports<'a, P> {
172:	exp: Exports<'a, P>,
173:	functions: &'a [Rva],
174:	names: &'a [Rva],
178:	type Target = Exports<'a, P>;
179:	fn deref(&self) -> &Exports<'a, P> {
185:	pub fn functions(&self) -> &'a [Rva] {
190:	/// The values are RVAs to the exported function's name, to find its export look at the name index table with the same index.
193:	pub fn names(&self) -> &'a [Rva] {
205:	/// This function checks if the names table is actually sorted, if not then various name based lookup functions may fail to find certain exports.
230:	/// Looks up an `Export` by its name.
233:	/// If the name table isn't sorted this will still be able to find exported functions by name.
235:	/// Gracefully handles corrupted name entries by ignoring them.
248:	/// Looks up an `Export` by its name.
260:			let name_rva = self.names[i];
261:			let name_it = self.exp.pe.derva_c_str(name_rva)?.as_ref();
288:		let rva = self.functions.get(index).ok_or(Error::Bounds)?;
289:		self.exp.symbol_from_rva(rva)
296:	/// Looks up an export by its hint and falls back to the name if the hint is incorrect.
315:		let &name_rva = self.names.get(hint).ok_or(Error::Bounds)?;
316:		self.exp.pe.derva_c_str(name_rva)
329:				let name_rva = self.names[hint];
330:				let name = self.exp.pe.derva_c_str(name_rva)?;
342:	/// Not every exported function has a name, some are exported by ordinal.
346:		self.functions.iter().map(move |rva| self.symbol_from_rva(rva))
348:	/// Iterate over functions exported by name.
356:	/// Iterate over functions exported by name, returning their name and index in the functions table.
367:		f.debug_struct("Exports")
388:	/// Note that this method does not support forwarded exports and will return `Err(Null)` instead.
393:		self.rva_to_va(self.get_export(name)?.symbol().ok_or(Error::Null)?)
398:		self.exports()?.by()?.ordinal(name)
403:		self.exports()?.by()?.import(name)
408:		self.exports()?.by()?.name(name)
415:	"exports": {
431:	use super::{Pe, Exports, By};
433:	impl<'a, P: Pe<'a>> Serialize for Exports<'a, P> {
440:			let mut state = serializer.serialize_struct("Exports", 6)?;
459:	let by = pe.exports()?.by()?;
462:	let _dll_name = by.dll_name();
471:	for (name, _) in by.iter_names() {
477:	for (hint, (name, export)) in by.iter_names().enumerate() {
480:		assert_eq!(name, by.name_of_hint(hint));
487:			// Lookup the export by its name
489:				assert_eq!(export, by.name_linear(name));
491:					assert_eq!(export, by.name(name));
495:			// Lookup the export by its name and hint
496:			assert_eq!(export, by.hint_name(hint, name));
497:			assert_eq!(export, by.import(Import::ByName { hint, name }));
499:				assert_eq!(export, by.hint_name(0, name));
500:				assert_eq!(export, by.import(Import::ByName { hint: 0, name }));

