
TERM r#current_index

TERM current_index

TERM current-index

TERM on_
2      # ! [allow (non_snake_case , non_camel_case_types)] # ! [allow (unused_braces , unused_parens)] # ! [allow (clippy :: all , clippy :: pedantic , clippy :: nursery)] # ! [allow (unknown_lints , if_let_rescope , tail_expr_drop_order)] us
203          r#root_3 : sp :: r#Empty , r#_clip_5 : sp :: r#Clip , r#i_background_6 : sp :: r#BasicBorderRectangle , r#i_touch_area_7 : sp :: r#TouchArea , r#i_text_9 : sp :: r#SimpleText , r#root_3_current : sp :: Property < i32 > , r#root_3_c
236                  # [allow (unreachable_code , unused)] slint :: private_unstable_api :: set_callback_handler ((InnerTabImpl_root_3 :: FIELD_OFFSETS . r#root_3_accessible_action_default ()) . apply_pin (_self) , & self_rc , {
661                      (InnerTabImpl_root_3 :: FIELD_OFFSETS . r#root_3_accessible_action_default ()) . apply_pin (_self) . call (& ()) }
2130      # [derive (sp :: FieldOffsets , Default)] # [const_field_offset (sp :: const_field_offset)] # [repr (C)] # [pin] pub struct InnerSettingsRadioOption_root_32 {
2131          r#root_32 : sp :: r#Empty , r#rectangle_34 : sp :: r#BasicBorderRectangle , r#rectangle_35 : sp :: r#BasicBorderRectangle , r#text_36 : sp :: r#SimpleText , r#toucharea_37 : sp :: r#TouchArea , r#root_32_checked : sp :: Property < 
2132      impl InnerSettingsRadioOption_root_32 {
2140                  slint :: private_unstable_api :: set_property_binding ((InnerSettingsRadioOption_root_32 :: FIELD_OFFSETS . r#root_32_empty_33_layout_cache ()) . apply_pin (_self) , & self_rc , move | self_rc | {
2146                                  let r#layout_info = sp :: Item :: layout_info ((InnerSettingsRadioOption_root_32 :: FIELD_OFFSETS . r#rectangle_34 ()) . apply_pin (_self) , sp :: Orientation :: Horizontal , - 1f64 as _ , & _self . globals 
2161                              the_struct . r#constraint = (sp :: Item :: layout_info ((InnerSettingsRadioOption_root_32 :: FIELD_OFFSETS . r#text_36 ()) . apply_pin (_self) , sp :: Orientation :: Horizontal , - 1f64 as _ , & _self . globals 
2168                         ) . clone () as _ , r#size : ((InnerSettingsRadioOption_root_32 :: FIELD_OFFSETS . r#root_32_width ()) . apply_pin (_self) . get () . get ()) . clone () as _ , r#spacing : (8f64) . clone () as _ , }
2173                  slint :: private_unstable_api :: set_property_binding ((InnerSettingsRadioOption_root_32 :: FIELD_OFFSETS . r#root_32_empty_33_layoutinfo_h ()) . apply_pin (_self) , & self_rc , move | self_rc | {
2178                              let r#layout_info = sp :: Item :: layout_info ((InnerSettingsRadioOption_root_32 :: FIELD_OFFSETS . r#rectangle_34 ()) . apply_pin (_self) , sp :: Orientation :: Horizontal , - 1f64 as _ , & _self . globals . ge
2193                          the_struct . r#constraint = (sp :: Item :: layout_info ((InnerSettingsRadioOption_root_32 :: FIELD_OFFSETS . r#text_36 ()) . apply_pin (_self) , sp :: Orientation :: Horizontal , - 1f64 as _ , & _self . globals . ge
2204                  slint :: private_unstable_api :: set_property_binding ((InnerSettingsRadioOption_root_32 :: FIELD_OFFSETS . r#root_32_empty_33_layoutinfo_v ()) . apply_pin (_self) , & self_rc , move | self_rc | {
2209                              let r#layout_info = sp :: Item :: layout_info ((InnerSettingsRadioOption_root_32 :: FIELD_OFFSETS . r#rectangle_34 ()) . apply_pin (_self) , sp :: Orientation :: Vertical , - 1f64 as _ , & _self . globals . get 
2224                          the_struct . r#constraint = (sp :: Item :: layout_info ((InnerSettingsRadioOption_root_32 :: FIELD_OFFSETS . r#text_36 ()) . apply_pin (_self) , sp :: Orientation :: Vertical , - 1f64 as _ , & _self . globals . get 
2235                  slint :: private_unstable_api :: set_property_binding ((InnerSettingsRadioOption_root_32 :: FIELD_OFFSETS . r#rectangle_34 () + sp :: r#BasicBorderRectangle :: FIELD_OFFSETS . r#border_color ()) . apply_pin (_self) , & self
2237                      (slint :: Brush :: SolidColor (if (InnerSettingsRadioOption_root_32 :: FIELD_OFFSETS . r#root_32_checked ()) . apply_pin (_self) . get () {
2244              (InnerSettingsRadioOption_root_32 :: FIELD_OFFSETS . r#rectangle_34 () + sp :: r#BasicBorderRectangle :: FIELD_OFFSETS . r#border_radius ()) . apply_pin (_self) . set ({

TERM changed
