Diff in /mnt/j/cmt-rs/src/domain/archive_patcher.rs:723:
 }
 
 /// Builds the reference unrecognized-version failure message.
[31m-pub fn unrecognized_version_message(version_hex: impl AsRef<str>, file_name: impl AsRef<str>) -> String {
(B[m[32m+pub fn unrecognized_version_message(
(B[m[32m+    version_hex: impl AsRef<str>,
(B[m[32m+    file_name: impl AsRef<str>,
(B[m[32m+) -> String {
(B[m     format!(
         "Unrecognized version [{}]: {}",
         version_hex.as_ref(),
Diff in /mnt/j/cmt-rs/src/domain/archive_patcher.rs:780:
         assert_eq!(PATCH_ALL_BUTTON_LABEL, "Patch All");
         assert_eq!(ABOUT_BUTTON_LABEL, "About");
         assert_eq!(NAME_FILTER_LABEL, "Name Filter:");
[31m-        assert_eq!(ArchivePatcherTarget::OldGen.filter_text(), PATCHER_FILTER_NEXT_GEN);
(B[m[31m-        assert_eq!(ArchivePatcherTarget::NextGen.filter_text(), PATCHER_FILTER_OLD_GEN);
(B[m[31m-        assert_eq!(ABOUT_ARCHIVES_TITLE, "Bethesda Archive (BA2) Formats & Versions");
(B[m[32m+        assert_eq!(
(B[m[32m+            ArchivePatcherTarget::OldGen.filter_text(),
(B[m[32m+            PATCHER_FILTER_NEXT_GEN
(B[m[32m+        );
(B[m[32m+        assert_eq!(
(B[m[32m+            ArchivePatcherTarget::NextGen.filter_text(),
(B[m[32m+            PATCHER_FILTER_OLD_GEN
(B[m[32m+        );
(B[m[32m+        assert_eq!(
(B[m[32m+            ABOUT_ARCHIVES_TITLE,
(B[m[32m+            "Bethesda Archive (BA2) Formats & Versions"
(B[m[32m+        );
(B[m         assert!(ABOUT_ARCHIVES_BODY.contains("v7/8 are identical"));
     }
 
Diff in /mnt/j/cmt-rs/src/domain/archive_patcher.rs:801:
     #[test]
     fn archive_patcher_domain_log_messages_match_reference_vocabulary() {
         assert_eq!(showing_files_message(3), "Showing 3 files to be patched.");
[31m-        assert_eq!(showing_files_log_row(0).message, "Showing 0 files to be patched.");
(B[m[32m+        assert_eq!(
(B[m[32m+            showing_files_log_row(0).message,
(B[m[32m+            "Showing 0 files to be patched."
(B[m[32m+        );
(B[m         assert!(showing_files_log_row(0).skip_file_logging);
         assert_eq!(nothing_to_do_log_row().message, "Nothing to do!");
[31m-        assert_eq!(patched_to_target_log_row(ArchivePatcherTarget::OldGen, "A.ba2").message, "Patched to v1: A.ba2");
(B[m[31m-        assert_eq!(unrecognized_format_message("Bad.ba2"), "Unrecognized format: Bad.ba2");
(B[m[31m-        assert_eq!(short_header_message("Short.ba2"), "Archive header is shorter than the BA2 header length: Short.ba2");
(B[m[31m-        assert_eq!(unsupported_archive_format_message("XXXX", "Bad.ba2"), "Unrecognized archive format [XXXX]: Bad.ba2");
(B[m[31m-        assert_eq!(skipping_already_patched_message("Old.ba2"), "Skipping already-patched archive: Old.ba2");
(B[m[31m-        assert_eq!(unrecognized_version_message("09", "Odd.ba2"), "Unrecognized version [09]: Odd.ba2");
(B[m[31m-        assert_eq!(failed_patching_file_not_found_message("Gone.ba2"), "Failed patching (File Not Found): Gone.ba2");
(B[m[31m-        assert_eq!(failed_patching_permissions_message("Locked.ba2"), "Failed patching (Permissions/In-Use): Locked.ba2");
(B[m[31m-        assert_eq!(failed_patching_unknown_os_message("Odd.ba2"), "Failed patching (Unknown OS Error): Odd.ba2");
(B[m[31m-        assert_eq!(patching_complete_message(2, 1), "Patching complete. 2 Successful, 1 Failed.");
(B[m[32m+        assert_eq!(
(B[m[32m+            patched_to_target_log_row(ArchivePatcherTarget::OldGen, "A.ba2").message,
(B[m[32m+            "Patched to v1: A.ba2"
(B[m[32m+        );
(B[m[32m+        assert_eq!(
(B[m[32m+            unrecognized_format_message("Bad.ba2"),
(B[m[32m+            "Unrecognized format: Bad.ba2"
(B[m[32m+        );
(B[m[32m+        assert_eq!(
(B[m[32m+            short_header_message("Short.ba2"),
(B[m[32m+            "Archive header is shorter than the BA2 header length: Short.ba2"
(B[m[32m+        );
(B[m[32m+        assert_eq!(
(B[m[32m+            unsupported_archive_format_message("XXXX", "Bad.ba2"),
(B[m[32m+            "Unrecognized archive format [XXXX]: Bad.ba2"
(B[m[32m+        );
(B[m[32m+        assert_eq!(
(B[m[32m+            skipping_already_patched_message("Old.ba2"),
(B[m[32m+            "Skipping already-patched archive: Old.ba2"
(B[m[32m+        );
(B[m[32m+        assert_eq!(
(B[m[32m+            unrecognized_version_message("09", "Odd.ba2"),
(B[m[32m+            "Unrecognized version [09]: Odd.ba2"
(B[m[32m+        );
(B[m[32m+        assert_eq!(
(B[m[32m+            failed_patching_file_not_found_message("Gone.ba2"),
(B[m[32m+            "Failed patching (File Not Found): Gone.ba2"
(B[m[32m+        );
(B[m[32m+        assert_eq!(
(B[m[32m+            failed_patching_permissions_message("Locked.ba2"),
(B[m[32m+            "Failed patching (Permissions/In-Use): Locked.ba2"
(B[m[32m+        );
(B[m[32m+        assert_eq!(
(B[m[32m+            failed_patching_unknown_os_message("Odd.ba2"),
(B[m[32m+            "Failed patching (Unknown OS Error): Odd.ba2"
(B[m[32m+        );
(B[m[32m+        assert_eq!(
(B[m[32m+            patching_complete_message(2, 1),
(B[m[32m+            "Patching complete. 2 Successful, 1 Failed."
(B[m[32m+        );
(B[m         assert_eq!(ArchivePatcherLogLevel::Info.as_reference_str(), "info");
         assert_eq!(ArchivePatcherLogLevel::Good.as_reference_str(), "good");
         assert_eq!(ArchivePatcherLogLevel::Bad.as_reference_str(), "bad");
Diff in /mnt/j/cmt-rs/src/domain/archive_patcher.rs:825:
         assert_eq!(ArchivePatcherProgress::new("Half", 42.5).percent, 42.5);
         assert_eq!(ArchivePatcherProgress::new("Too low", -1.0).percent, 0.0);
         assert_eq!(ArchivePatcherProgress::complete("Done").percent, 100.0);
[31m-        assert_eq!(ArchivePatcherSummaryCounts::patch(4, 2).patching_complete_message(), "Patching complete. 4 Successful, 2 Failed.");
(B[m[32m+        assert_eq!(
(B[m[32m+            ArchivePatcherSummaryCounts::patch(4, 2).patching_complete_message(),
(B[m[32m+            "Patching complete. 4 Successful, 2 Failed."
(B[m[32m+        );
(B[m 
         let entry = ArchivePatcherRestoreManifestEntry::new(
             "Game/Data/Fallout4 - Main.ba2",
Diff in /mnt/j/cmt-rs/src/services/archive_patcher.rs:16:
         archive_patcher::{
             ARCHIVE_PATH_CONTAINMENT_FAILURE_MESSAGE, ArchivePatcherArchiveFormat,
             ArchivePatcherCandidateRow, ArchivePatcherCandidateSnapshot, ArchivePatcherHeader,
[31m-            ArchivePatcherPreviewPlan, ArchivePatcherPreviewPlanRow, ArchivePatcherRestoreManifestEntry,
(B[m[31m-            ArchivePatcherTarget, BA2_FORMAT_DIRECTX10, BA2_FORMAT_GENERAL, BA2_HEADER_PREFIX_LEN,
(B[m[31m-            BA2_MAGIC, DATA_ROOT_MISSING_FAILURE_MESSAGE, failed_patching_file_not_found_message,
(B[m[32m+            ArchivePatcherPreviewPlan, ArchivePatcherPreviewPlanRow,
(B[m[32m+            ArchivePatcherRestoreManifestEntry, ArchivePatcherTarget, BA2_FORMAT_DIRECTX10,
(B[m[32m+            BA2_FORMAT_GENERAL, BA2_HEADER_PREFIX_LEN, BA2_MAGIC,
(B[m[32m+            DATA_ROOT_MISSING_FAILURE_MESSAGE, failed_patching_file_not_found_message,
(B[m             failed_patching_permissions_message, failed_patching_unknown_os_message,
[31m-            short_header_message, skipping_already_patched_message,
(B[m[31m-            unrecognized_format_message, unrecognized_version_message,
(B[m[31m-            unsupported_archive_format_message,
(B[m[32m+            short_header_message, skipping_already_patched_message, unrecognized_format_message,
(B[m[32m+            unrecognized_version_message, unsupported_archive_format_message,
(B[m         },
         discovery::ArchiveRecord,
     },
Diff in /mnt/j/cmt-rs/src/services/archive_patcher.rs:148:
     }
 
     /// Builds a read-only preview plan by probing only BA2 header prefixes.
[31m-    pub fn preview_plan(&self, request: ArchivePatcherPlanRequest<'_>) -> ArchivePatcherPreviewPlan {
(B[m[32m+    pub fn preview_plan(
(B[m[32m+        &self,
(B[m[32m+        request: ArchivePatcherPlanRequest<'_>,
(B[m[32m+    ) -> ArchivePatcherPreviewPlan {
(B[m         let span = info_span!(
             "archive_patcher.preview_plan",
             request_id = request.request_id,
Diff in /mnt/j/cmt-rs/src/services/archive_patcher.rs:214:
             }
         };
 
[31m-        let header = match self.filesystem.read_prefix(&candidate.path, BA2_HEADER_PREFIX_LEN) {
(B[m[32m+        let header = match self
(B[m[32m+            .filesystem
(B[m[32m+            .read_prefix(&candidate.path, BA2_HEADER_PREFIX_LEN)
(B[m[32m+        {
(B[m             Ok(header) => header,
             Err(error) => {
                 let message = read_error_message(&error, &display_name);
Diff in /mnt/j/cmt-rs/src/services/archive_patcher.rs:272:
     record.enabled && target.selects_overview_version(record.version)
 }
 
[31m-fn candidate_row(record: &ArchiveRecord, target: ArchivePatcherTarget) -> ArchivePatcherCandidateRow {
(B[m[32m+fn candidate_row(
(B[m[32m+    record: &ArchiveRecord,
(B[m[32m+    target: ArchivePatcherTarget,
(B[m[32m+) -> ArchivePatcherCandidateRow {
(B[m     ArchivePatcherCandidateRow::new(
         record.path.clone(),
         display_name_for_path(&record.path),
Diff in /mnt/j/cmt-rs/src/services/archive_patcher.rs:308:
     display_name_for_path(path).to_lowercase().contains(filter)
 }
 
[31m-fn contained_relative_path(data_root: Option<&Path>, archive_path: &Path) -> Result<PathBuf, String> {
(B[m[32m+fn contained_relative_path(
(B[m[32m+    data_root: Option<&Path>,
(B[m[32m+    archive_path: &Path,
(B[m[32m+) -> Result<PathBuf, String> {
(B[m     let Some(data_root) = data_root else {
         return Err(DATA_ROOT_MISSING_FAILURE_MESSAGE.to_owned());
     };
Diff in /mnt/j/cmt-rs/src/services/archive_patcher.rs:412:
     use crate::{
         domain::{
             archive_patcher::{
[31m-                ArchivePatcherLogLevel, ArchivePatcherPlanAction,
(B[m[31m-                ARCHIVE_PATH_CONTAINMENT_FAILURE_MESSAGE,
(B[m[32m+                ARCHIVE_PATH_CONTAINMENT_FAILURE_MESSAGE, ArchivePatcherLogLevel,
(B[m[32m+                ArchivePatcherPlanAction,
(B[m             },
             discovery::{ArchiveFormat, ArchiveVersion},
         },
Diff in /mnt/j/cmt-rs/src/services/archive_patcher.rs:667:
         assert_eq!(plan.counts.patchable_rows, 0);
         assert_eq!(plan.counts.failed_rows, 0);
         assert!(!plan.can_execute);
[31m-        assert_eq!(plan.candidates.log_row.message, "Showing 0 files to be patched.");
(B[m[32m+        assert_eq!(
(B[m[32m+            plan.candidates.log_row.message,
(B[m[32m+            "Showing 0 files to be patched."
(B[m[32m+        );
(B[m         assert_eq!(plan.summary_log_row.message, "Nothing to do!");
         assert!(plan.rows.is_empty());
         assert!(fs.prefix_reads.borrow().is_empty());
Diff in /mnt/j/cmt-rs/src/services/archive_patcher.rs:681:
             ArchiveVersion::NextGen8,
             true,
         )];
[31m-        let fs = FakeFilesystem::default().with_file(
(B[m[31m-            "Game/Data/Fallout4 - Textures.ba2",
(B[m[31m-            header(8, b"DX10"),
(B[m[31m-        );
(B[m[32m+        let fs = FakeFilesystem::default()
(B[m[32m+            .with_file("Game/Data/Fallout4 - Textures.ba2", header(8, b"DX10"));
(B[m         let service = ArchivePatcherService::new(&fs);
 
         let plan = service.preview_plan(ArchivePatcherPlanRequest::new(
Diff in /mnt/j/cmt-rs/src/services/archive_patcher.rs:700:
         assert_eq!(plan.counts.failed_rows, 0);
         assert_eq!(
             fs.prefix_reads.borrow().as_slice(),
[31m-            &[(PathBuf::from("Game/Data/Fallout4 - Textures.ba2"), BA2_HEADER_PREFIX_LEN)]
(B[m[32m+            &[(
(B[m[32m+                PathBuf::from("Game/Data/Fallout4 - Textures.ba2"),
(B[m[32m+                BA2_HEADER_PREFIX_LEN
(B[m[32m+            )]
(B[m         );
[31m-        assert!(fs.full_reads.borrow().is_empty(), "planner must not read full BA2 files");
(B[m[32m+        assert!(
(B[m[32m+            fs.full_reads.borrow().is_empty(),
(B[m[32m+            "planner must not read full BA2 files"
(B[m[32m+        );
(B[m         let row = &plan.rows[0];
         assert_eq!(row.action, ArchivePatcherPlanAction::PatchVersionByte);
         assert_eq!(row.header.expect("header").version, 8);
Diff in /mnt/j/cmt-rs/src/services/archive_patcher.rs:710:
             .restore_manifest_entry
             .as_ref()
             .expect("manifest entry should exist");
[31m-        assert_eq!(entry.data_relative_path, PathBuf::from("Fallout4 - Textures.ba2"));
(B[m[32m+        assert_eq!(
(B[m[32m+            entry.data_relative_path,
(B[m[32m+            PathBuf::from("Fallout4 - Textures.ba2")
(B[m[32m+        );
(B[m         assert_eq!(entry.original_version, 8);
         assert_eq!(entry.patched_version, 1);
         assert_eq!(entry.format, ArchivePatcherArchiveFormat::DirectX10);
Diff in /mnt/j/cmt-rs/src/services/archive_patcher.rs:719:
     #[test]
     fn archive_patcher_service_plan_records_bad_magic_version_format_and_short_headers() {
         let records = vec![
[31m-            archive("Game/Data/Short.ba2", ArchiveFormat::General, ArchiveVersion::NextGen8, true),
(B[m[31m-            archive("Game/Data/Magic.ba2", ArchiveFormat::General, ArchiveVersion::NextGen8, true),
(B[m[31m-            archive("Game/Data/Version.ba2", ArchiveFormat::General, ArchiveVersion::NextGen8, true),
(B[m[31m-            archive("Game/Data/Format.ba2", ArchiveFormat::General, ArchiveVersion::NextGen8, true),
(B[m[32m+            archive(
(B[m[32m+                "Game/Data/Short.ba2",
(B[m[32m+                ArchiveFormat::General,
(B[m[32m+                ArchiveVersion::NextGen8,
(B[m[32m+                true,
(B[m[32m+            ),
(B[m[32m+            archive(
(B[m[32m+                "Game/Data/Magic.ba2",
(B[m[32m+                ArchiveFormat::General,
(B[m[32m+                ArchiveVersion::NextGen8,
(B[m[32m+                true,
(B[m[32m+            ),
(B[m[32m+            archive(
(B[m[32m+                "Game/Data/Version.ba2",
(B[m[32m+                ArchiveFormat::General,
(B[m[32m+                ArchiveVersion::NextGen8,
(B[m[32m+                true,
(B[m[32m+            ),
(B[m[32m+            archive(
(B[m[32m+                "Game/Data/Format.ba2",
(B[m[32m+                ArchiveFormat::General,
(B[m[32m+                ArchiveVersion::NextGen8,
(B[m[32m+                true,
(B[m[32m+            ),
(B[m         ];
         let fs = FakeFilesystem::default()
             .with_file("Game/Data/Short.ba2", b"BTDX")
Diff in /mnt/j/cmt-rs/src/services/archive_patcher.rs:746:
             .iter()
             .map(|row| row.failure.as_deref().expect("failure"))
             .collect::<Vec<_>>();
[31m-        assert!(failures.contains(&"Archive header is shorter than the BA2 header length: Short.ba2"));
(B[m[32m+        assert!(
(B[m[32m+            failures.contains(&"Archive header is shorter than the BA2 header length: Short.ba2")
(B[m[32m+        );
(B[m         assert!(failures.contains(&"Unrecognized format: Magic.ba2"));
         assert!(failures.contains(&"Unrecognized version [09]: Version.ba2"));
         assert!(failures.contains(&"Unrecognized archive format [XXXX]: Format.ba2"));
Diff in /mnt/j/cmt-rs/src/services/archive_patcher.rs:798:
         assert!(failures.contains(&"Failed patching (Permissions/In-Use): Locked.ba2"));
         assert!(failures.contains(&ARCHIVE_PATH_CONTAINMENT_FAILURE_MESSAGE));
         assert!(failures.contains(&"Skipping already-patched archive: Already.ba2"));
[31m-        assert!(!fs
(B[m[31m-            .prefix_reads
(B[m[31m-            .borrow()
(B[m[31m-            .iter()
(B[m[31m-            .any(|(path, _)| path == &PathBuf::from("Outside/Other.ba2")),
(B[m[32m+        assert!(
(B[m[32m+            !fs.prefix_reads
(B[m[32m+                .borrow()
(B[m[32m+                .iter()
(B[m[32m+                .any(|(path, _)| path == &PathBuf::from("Outside/Other.ba2")),
(B[m             "uncontained paths must fail before header reads"
         );
     }
Diff in /mnt/j/cmt-rs/src/services/archive_patcher.rs:827:
         ));
 
         assert_eq!(plan.rows.len(), 1);
[31m-        assert_eq!(plan.rows[0].failure.as_deref(), Some("Unrecognized version [07]: Stale.ba2"));
(B[m[32m+        assert_eq!(
(B[m[32m+            plan.rows[0].failure.as_deref(),
(B[m[32m+            Some("Unrecognized version [07]: Stale.ba2")
(B[m[32m+        );
(B[m         assert!(!plan.rows[0].can_write());
     }
 
Diff in /mnt/j/cmt-rs/src/services/archive_patcher.rs:855:
             ArchivePatcherTarget::OldGen,
             None,
         ));
[31m-        assert_eq!(plan.stable_digest(), same.stable_digest(), "request ids are excluded");
(B[m[32m+        assert_eq!(
(B[m[32m+            plan.stable_digest(),
(B[m[32m+            same.stable_digest(),
(B[m[32m+            "request ids are excluded"
(B[m[32m+        );
(B[m 
         let path_records = vec![archive(
             "Game/Data/B.ba2",
Diff in /mnt/j/cmt-rs/src/services/archive_patcher.rs:864:
             true,
         )];
         let path_fs = FakeFilesystem::default().with_file("Game/Data/B.ba2", header(8, b"GNRL"));
[31m-        let path_plan = ArchivePatcherService::new(&path_fs).preview_plan(
(B[m[31m-            ArchivePatcherPlanRequest::new(
(B[m[32m+        let path_plan =
(B[m[32m+            ArchivePatcherService::new(&path_fs).preview_plan(ArchivePatcherPlanRequest::new(
(B[m                 11,
                 Some(&data_root()),
                 &path_records,
Diff in /mnt/j/cmt-rs/src/services/archive_patcher.rs:872:
                 ArchivePatcherTarget::OldGen,
                 None,
[31m-            ),
(B[m[31m-        );
(B[m[32m+            ));
(B[m         assert_ne!(plan.stable_digest(), path_plan.stable_digest());
 
         let version_fs = FakeFilesystem::default().with_file("Game/Data/A.ba2", header(7, b"GNRL"));
Diff in /mnt/j/cmt-rs/src/services/archive_patcher.rs:879:
[31m-        let version_plan = ArchivePatcherService::new(&version_fs).preview_plan(
(B[m[31m-            ArchivePatcherPlanRequest::new(
(B[m[32m+        let version_plan =
(B[m[32m+            ArchivePatcherService::new(&version_fs).preview_plan(ArchivePatcherPlanRequest::new(
(B[m                 12,
                 Some(&data_root()),
                 &records,
Diff in /mnt/j/cmt-rs/src/services/archive_patcher.rs:884:
                 ArchivePatcherTarget::OldGen,
                 None,
[31m-            ),
(B[m[31m-        );
(B[m[32m+            ));
(B[m         assert_ne!(plan.stable_digest(), version_plan.stable_digest());
 
         let target_records = vec![archive(
Diff in /mnt/j/cmt-rs/src/services/archive_patcher.rs:894:
             true,
         )];
         let target_fs = FakeFilesystem::default().with_file("Game/Data/A.ba2", header(1, b"GNRL"));
[31m-        let target_plan = ArchivePatcherService::new(&target_fs).preview_plan(
(B[m[31m-            ArchivePatcherPlanRequest::new(
(B[m[32m+        let target_plan =
(B[m[32m+            ArchivePatcherService::new(&target_fs).preview_plan(ArchivePatcherPlanRequest::new(
(B[m                 13,
                 Some(&data_root()),
                 &target_records,
Diff in /mnt/j/cmt-rs/src/services/archive_patcher.rs:902:
                 ArchivePatcherTarget::NextGen,
                 None,
[31m-            ),
(B[m[31m-        );
(B[m[32m+            ));
(B[m         assert_ne!(plan.stable_digest(), target_plan.stable_digest());
     }
 
