
running 46 tests
test domain::discovery::tests::discovery_messages_keep_reference_path_exceptions ... ok
test domain::discovery::tests::install_type_and_semantic_version_reference_display_values_are_stable ... ok
test domain::discovery::tests::tab_loading_error_messages_match_reference_text ... ok
test domain::mod_manager::tests::manager_kind_display_names_and_executables_match_reference ... ok
test domain::mod_manager::tests::mo2_parse_errors_are_typed_and_reference_compatible ... ok
test domain::discovery::tests::fallout4_installation_does_not_require_data_or_f4se_paths ... ok
test domain::discovery::tests::discovery_not_found_error_is_recoverable_and_does_not_require_file_picker ... ok
test domain::discovery::tests::fallout4_installation_can_carry_optional_derived_paths ... ok
test domain::mod_manager::tests::mo2_path_including_messages_match_reference_exceptions ... ok
test domain::mod_manager::tests::mo2_reference_defaults_match_python_defaults_without_filesystem_access ... ok
test domain::mod_manager::tests::vortex_detection_scope_is_identity_only_with_zero_version_fallback ... ok
test domain::discovery::tests::archive_module_and_ini_records_are_pure_domain_state ... ok
test app::settings_controller::tests::settings_controller_preserves_loaded_warning_log_level_until_user_selection ... ok
test domain::mod_manager::tests::mo2_stage_setting_paths_stay_in_diagnostics_not_user_message ... ok
test domain::mod_manager::tests::mo2_configuration_result_can_hold_context_and_executables ... ok
test domain::mod_manager::tests::mo2_context_carries_required_reference_fields ... ok
test domain::settings::tests::settings_persist_reference_keys ... ok
test domain::settings::tests::settings_missing_file_defaults ... ok
test domain::settings::tests::scanner_settings_defaults_enabled ... ok
test app::settings_controller::tests::settings_controller_saves_update_source_immediately ... ok
test app::settings_controller::tests::settings_controller_saves_warning_log_level_as_uppercase_wire_value ... ok
test domain::tests::settings_domain_types_are_publicly_importable ... ok
test platform::settings_store::tests::asset_resolver_rejects_invalid_download_source_with_nexus_fallback ... ok
test app::settings_controller::tests::settings_controller_rejects_invalid_log_level_selection_to_info ... ok
test domain::settings::tests::settings_repair ... ok
test app::settings_controller::tests::settings_controller_reverts_to_last_persisted_value_on_save_failure ... ok
test platform::settings_store::tests::injected_paths_and_asset_resolver_drive_update_source_defaults ... ok
test platform::settings_store::tests::settings_store_uses_current_directory_settings_json_by_default ... ok
test app::settings_controller::tests::settings_controller_saves_lowercase_log_level_as_uppercase_wire_value ... ok
test tests::main_window_forwards_settings_tab_api ... ok
test tests::settings_tab_log_level_labels ... ok
test tests::settings_tab_update_channel_labels ... ok
test tests::settings_tab_labels_are_exact_and_in_display_order ... ok
test tests::settings_tab_uses_dark_mode_palette ... ok
test tests::shell_contract_boundary_markers_construct_as_no_ops ... ok
test tests::shell_contract_inert_tab_components_are_static_placeholders ... ok
test tests::shell_contract_main_slint_title_and_tabs_match_rust_contract ... ok
test tests::shell_tab_labels_count_is_reference_count ... ok
test tests::shell_tab_labels_match_reference_order ... ok
test platform::settings_store::tests::settings_missing_file_defaults ... ok
test app::settings_controller::tests::settings_controller_reverts_warning_log_level_on_save_failure ... ok
test platform::settings_store::tests::settings_persist_reference_keys ... ok
test platform::settings_store::tests::settings_repair_malformed_json_resets_to_defaults ... ok
test platform::settings_store::tests::settings_repair_partial_json_preserves_valid_fields_and_removes_unknown_keys ... ok
test platform::settings_store::tests::settings_save_failure_is_returned ... ok
test platform::settings_store::tests::file_asset_resolver_reads_valid_download_source_file_values ... ok

test result: ok. 46 passed; 0 failed; 0 ignored; 0 measured; 0 filtered out; finished in 0.01s

