
running 59 tests
test app::overview_controller::tests::overview_controller_desktop_action_failure_updates_last_safe_error ... ok
test app::overview_controller::tests::overview_controller_update_source_none_skips_update_work ... ok
test app::overview_controller::tests::overview_controller_desktop_action_success_clears_last_safe_error ... ok
test app::overview_controller::tests::overview_controller_refresh_success_applies_latest_snapshot ... ok
test app::overview_controller::tests::overview_controller_update_completed_before_refresh_is_applied_after_refresh ... ok
test app::overview_controller::tests::overview_controller_ignores_stale_refresh_when_second_request_is_newer ... ok
test app::overview_controller::tests::overview_controller_game_path_action_is_available_only_after_path_discovery ... ok
test app::overview_controller::tests::overview_controller_initial_loading_sets_busy_snapshot_and_update_check_request ... ok
test app::overview_controller::tests::overview_controller_refresh_failure_maps_to_safe_error_snapshot ... ok
test domain::overview::overview_domain::default_loading_partial_and_error_overview_domain_states_are_explicit ... ok
test domain::overview::overview_domain::update_banner_overview_domain_states_match_reference_semantics ... ok
test app::overview_controller::tests::overview_controller_update_provider_action_tracks_visible_banner ... ok
test app::overview_controller::tests::overview_controller_worker_panic_failure_event_maps_to_safe_refresh_error ... ok
test app::overview_controller::tests::overview_controller_worker_overview_payload_applies_refresh ... ok
test services::overview::overview_diagnostics::overview_diagnostics_imports_reference_mod_manager_kind_for_public_surface ... ok
test app::overview_controller::tests::overview_controller_spawn_failure_maps_to_safe_refresh_error ... ok
test domain::overview::overview_domain::problem_feed_records_carry_scanner_ready_overview_domain_fields ... ok
test domain::overview::overview_domain::archive_and_module_record_counts_keep_reference_order_and_severity ... ok
test domain::overview::overview_domain::label_order_matches_reference_overview_domain_contract ... ok
test domain::overview::overview_domain::discovery_parts_reuse_existing_types_in_overview_domain_snapshot ... ok
test services::overview::overview_diagnostics::overview_diagnostics_discovery_manager_and_system_errors_degrade_to_safe_snapshot ... ok
test domain::overview::overview_domain::missing_game_path_and_data_marker_are_safe_overview_domain_states ... ok
test domain::scanner::scanner_domain::scanner_domain_overview_problem_mapping_preserves_urls_details_and_pathless_limits ... ok
test services::overview::overview_diagnostics::overview_diagnostics_vortex_identity_only_is_detected_with_partial_support_warning ... ok
test services::overview::overview_diagnostics::overview_diagnostics_old_gen_rejects_next_gen_archive_versions ... ok
test services::overview::overview_diagnostics::overview_diagnostics_update_banner_states_follow_settings_and_worker_result ... ok
test services::overview::overview_diagnostics::overview_diagnostics_next_gen_allows_missing_steam_loader_and_missing_f4se_path ... ok
test services::overview::overview_diagnostics::overview_diagnostics_missing_data_is_partial_not_fatal_even_without_f4se_path ... ok
test services::overview::overview_diagnostics::overview_diagnostics_boundary_counts_do_not_create_limit_problems ... ok
test services::overview::overview_diagnostics::overview_diagnostics_anniversary_snapshot_projects_version_and_available_update ... ok
test services::overview::overview_diagnostics::overview_diagnostics_successful_old_gen_snapshot_has_reference_counts_and_no_problems ... ok
test services::overview::overview_diagnostics::overview_diagnostics_mo2_windows_11_24h2_warning_matches_reference_threshold ... ok
test services::overview::overview_diagnostics::overview_diagnostics_missing_enablement_files_and_address_library_are_reported ... ok
test services::overview::overview_diagnostics::overview_diagnostics_unreadable_invalid_and_wrong_version_records_create_problems ... ok
test services::overview::overview_diagnostics::overview_diagnostics_exceeded_limits_create_reference_problem_feed_entries ... ok
test services::update::overview_update_tests::overview_update_desktop_action_failure_feedback_is_safe_for_links_and_paths ... ok
test services::overview_collector::overview_collector_tests::overview_collector_classifies_binary_versions_crc_fallback_unknown_and_missing_base_files ... ok
test services::overview_collector::overview_collector_tests::overview_collector_reports_missing_base_data_and_address_library_without_panics ... ok
test services::overview_collector::overview_collector_tests::overview_collector_records_version_adapter_failures_and_keeps_crc_fallback_testable ... ok
test services::update::overview_update_tests::overview_update_version_parser_normalizes_and_compares_numeric_parts ... ok
test services::overview_collector::overview_collector_tests::overview_collector_marks_missing_ccc_and_non_utf8_plugins_without_modal_fallback_failure ... ok
test services::overview_collector::overview_collector_tests::overview_collector_parses_enablement_files_ini_archives_and_plugins_fallback ... ok
test services::scanner::scanner_scan_service::scanner_scan_service_overview_handoff_can_use_mo2_file_index_for_overview_placeholder_mod ... ok
test services::overview_collector::overview_collector_tests::overview_collector_reads_bounded_ba2_headers_and_classifies_versions_formats_and_errors ... ok
test tests::main_window_forwards_settings_and_overview_tab_api ... ok
test services::update::overview_update_tests::overview_update_nexus_page_without_version_meta_is_silent_with_diagnostics ... ok
test services::update::overview_update_tests::overview_update_nexus_only_calls_nexus_and_reports_newer_version ... ok
test services::update::overview_update_tests::overview_update_equal_or_older_versions_are_silent_no_update ... ok
test services::update::overview_update_tests::overview_update_invalid_version_string_is_silent_with_diagnostics ... ok
test services::update::overview_update_tests::overview_update_source_none_skips_all_clients ... ok
test services::update::overview_update_tests::overview_update_timeout_and_http_failure_are_silent_with_diagnostics ... ok
test services::update::overview_update_tests::overview_update_github_only_calls_github_and_reports_newer_version ... ok
test services::overview_collector::overview_collector_tests::overview_collector_reads_bounded_module_headers_and_classifies_light_full_hedr_and_unreadable ... ok
test services::update::overview_update_tests::overview_update_newer_version_creates_visible_banner_metadata ... ok
test workers::events::tests::overview_payload_carries_owned_snapshot_and_update_state ... ok
test tests::overview_tab_exposes_refresh_action_status_panels_and_safe_error_state ... ok
test tests::overview_projection_rows_lock_reference_order_and_deferred_status ... ok
test services::update::overview_update_tests::overview_update_malformed_github_json_is_silent_with_diagnostics ... ok
test services::update::overview_update_tests::overview_update_both_sources_checks_nexus_then_github_without_retries ... ok

test result: ok. 59 passed; 0 failed; 0 ignored; 0 measured; 265 filtered out; finished in 0.02s

