ui/overview_tab.slint:116:                    clicked => {
ui/overview_tab.slint:194:                    clicked => {
ui/overview_tab.slint:202:                    clicked => {
ui/overview_tab.slint:247:                        clicked => {
ui/overview_tab.slint:255:                        clicked => {
ui/overview_tab.slint:279:                    action-requested => {
ui/overview_tab.slint:291:                    action-requested => {
ui/about_tab.slint:60:                clicked => {
ui/about_tab.slint:69:                clicked => {
ui/about_tab.slint:95:        triggered => {
ui/about_tab.slint:103:        triggered => {
ui/about_tab.slint:111:        triggered => {
ui/about_tab.slint:165:                    open-requested(action_id) => {
ui/about_tab.slint:168:                    copy-requested(action_id) => {
ui/about_tab.slint:180:                    open-requested(action_id) => {
ui/about_tab.slint:183:                    copy-requested(action_id) => {
ui/about_tab.slint:195:                    open-requested(action_id) => {
ui/about_tab.slint:198:                    copy-requested(action_id) => {
ui/settings_tab.slint:41:        clicked => {
ui/settings_tab.slint:75:                        selected => {
ui/settings_tab.slint:84:                        selected => {
ui/settings_tab.slint:93:                        selected => {
ui/settings_tab.slint:102:                        selected => {
ui/settings_tab.slint:121:                        selected => {
ui/settings_tab.slint:130:                        selected => {
ui/settings_tab.slint:139:                        selected => {
ui/settings_tab.slint:148:                        selected => {
ui/tools_tab.slint:40:            clicked => {
ui/tools_tab.slint:94:                        action-requested(action_id) => {
ui/tools_tab.slint:104:                        action-requested(action_id) => {
ui/tools_tab.slint:124:                        action-requested(action_id) => {
ui/tools_tab.slint:133:                        action-requested(action_id) => {
ui/tools_tab.slint:142:                        action-requested(action_id) => {
ui/tools_tab.slint:151:                        action-requested(action_id) => {
ui/tools_tab.slint:160:                        action-requested(action_id) => {
ui/tools_tab.slint:180:                        action-requested(action_id) => {
ui/tools_tab.slint:189:                        action-requested(action_id) => {
ui/tools_tab.slint:198:                        action-requested(action_id) => {
ui/tools_tab.slint:207:                        action-requested(action_id) => {
ui/tools_tab.slint:216:                        action-requested(action_id) => {
ui/tools_tab.slint:225:                        action-requested(action_id) => {
ui/main.slint:85:                refresh-requested => {
ui/main.slint:88:                open-game-path-requested => {
ui/main.slint:91:                open-nexus-update-requested => {
ui/main.slint:94:                open-github-update-requested => {
ui/main.slint:97:                open-downgrade-manager-requested => {
ui/main.slint:100:                open-archive-patcher-requested => {
ui/main.slint:121:                tool-action-requested(action_id) => {
ui/main.slint:132:                update-source-selected(value) => {
ui/main.slint:135:                log-level-selected(value) => {
ui/main.slint:151:                about-open-requested(action_id) => {
ui/main.slint:154:                about-copy-requested(action_id) => {
ui/main.slint:157:                about-copy-label-reset-requested(action_id) => {
src/main.rs:556:        Ok(action @ ToolsActionKind::DeferredUtility(_)) => {
src/main.rs:567:        Err(feedback) => {
src/main.rs:616:        Ok(action) => {
src/main.rs:628:        Err(feedback) => {
src/main.rs:857:        Ok(installation) => {
src/main.rs:907:        Err(error) => {
src/main.rs:938:            Ok(client) => {
src/main.rs:942:            Err(error) => {
src/main.rs:1174:        Err(error) => {
src/main.rs:1191:        Err(error) => {
src/main.rs:1208:        Err(error) => {
src/main.rs:1383:            domain::overview::OverviewRefreshPhase::Idle => {
src/main.rs:1388:            domain::overview::OverviewRefreshPhase::Partial => {
src/main.rs:1565:        OverviewDeferredActionTarget::Internal => {
src/main.rs:1568:        OverviewDeferredActionTarget::Path(_) | OverviewDeferredActionTarget::Url(_) => {
src/platform/mod.rs:168:            PlatformErrorKind::PermissionDenied => {
src/platform/settings_store.rs:183:            Err(error) if error.kind() == io::ErrorKind::NotFound => {
src/platform/settings_store.rs:191:            Err(_) => {
src/platform/settings_store.rs:203:            Err(SettingsParseError::MalformedJson(_)) | Err(SettingsParseError::NonObjectRoot) => {
src/platform/clipboard.rs:121:        Err(error) => {
src/workers/mod.rs:99:                Ok(Ok(WorkerTaskOutcome::Completed(payload))) => {
src/workers/mod.rs:109:                Ok(Ok(WorkerTaskOutcome::Cancelled(cancellation))) => {
src/workers/mod.rs:122:                Ok(Err(failure)) => {
src/workers/mod.rs:134:                Err(payload) => {
src/workers/mod.rs:449:            WorkerPayload::Error(failure) => {
src/platform/filesystem.rs:337:                FakeNode::File(bytes) => {
src/domain/tools.rs:103:            Self::PjmsPrecombinePrevisPatchingScripts => {
