src/main.rs:1280:    app.on_overview_open_archive_patcher_requested({
src/main.rs:4287:    app.set_overview_archive_rows(model_from_vec(format_count_panel_rows(
src/main.rs:4318:    app.set_overview_archive_patcher_label(
src/main.rs:4326:    app.set_overview_archive_patcher_enabled(false);
src/main.rs:4327:    app.set_overview_archive_patcher_status(
src/main.rs:4742:    #[test]
src/main.rs:4750:    #[test]
src/main.rs:4755:    #[test]
src/main.rs:4773:    #[test]
src/main.rs:4787:    #[test]
src/main.rs:4837:    #[test]
src/main.rs:4838:    fn s06_f4se_slint_contract_replaces_placeholder_with_reference_table_and_legend() {
src/main.rs:4884:    #[test]
src/main.rs:4885:    fn s06_f4se_slint_contract_main_window_forwards_properties_and_lazy_activation() {
src/main.rs:4930:    #[test]
src/main.rs:4957:    #[test]
src/main.rs:4971:    #[test]
src/main.rs:4997:    #[test]
src/main.rs:5039:    #[test]
src/main.rs:5074:    #[test]
src/main.rs:5075:    fn s08_scanner_autofix_slint_contract_replaces_placeholder_with_gated_auto_fix_surface() {
src/main.rs:5191:    #[test]
src/main.rs:5192:    fn s08_scanner_autofix_slint_contract_main_window_forwards_properties_models_and_callbacks() {
src/main.rs:5271:    #[test]
src/main.rs:5272:    fn s07_scanner_slint_contract_runtime_projection_uses_controller_snapshot() {
src/main.rs:5379:    #[test]
src/main.rs:5407:    #[test]
src/main.rs:5456:    #[test]
src/main.rs:5513:    #[test]
src/main.rs:5581:    #[test]
src/main.rs:5635:    #[test]
src/main.rs:5668:    #[test]
src/main.rs:5708:    #[test]
src/main.rs:5822:    #[test]
src/main.rs:5876:    #[test]
src/main.rs:5943:    #[test]
src/main.rs:6273:    #[test]
src/main.rs:6274:    fn s09_downgrader_runtime_wiring_about_projection_uses_reference_copy() {
src/main.rs:6290:    #[test]
src/main.rs:6291:    fn s09_downgrader_runtime_wiring_open_entrypoints_and_archive_patcher_deferred() {
src/main.rs:6298:        assert!(OVERVIEW_SLINT.contains("overview-archive-patcher-enabled: false"));
src/main.rs:6304:    #[test]
src/main.rs:6305:    fn s09_downgrader_runtime_wiring_settings_save_failure_reverts_visible_options() {
src/main.rs:6334:    #[test]
src/main.rs:6335:    fn s09_downgrader_runtime_wiring_live_feedback_stale_close_and_spawn_failure_project_safely() {
src/main.rs:6418:    #[test]
src/main.rs:6419:    fn s09_downgrader_runtime_wiring_completion_refresh_uses_current_settings_snapshot() {
src/main.rs:6435:    #[test]
src/main.rs:6436:    fn s09_downgrader_slint_contract_modal_source_exposes_reference_shape_and_labels() {
src/main.rs:6532:    #[test]
src/main.rs:6533:    fn s09_downgrader_slint_contract_entrypoints_forward_downgrader_but_keep_archive_patcher_deferred()
src/main.rs:6549:        assert!(OVERVIEW_SLINT.contains("overview-archive-patcher-enabled: false"));
src/main.rs:6561:                "action-id: \"tools.archive_patcher\"",
src/main.rs:6581:    #[test]
src/main.rs:6582:    fn s05_slint_contract_tools_tab_replaces_placeholder_with_reference_groups() {
src/main.rs:6611:                "action-id: \"tools.archive_patcher\"",
src/main.rs:6621:    #[test]
src/main.rs:6622:    fn s05_slint_contract_about_tab_replaces_placeholder_with_reference_assets_and_copy_state() {
src/main.rs:6680:    #[test]
src/main.rs:6681:    fn s05_slint_contract_main_window_forwards_tools_and_about_properties_and_callbacks() {
src/main.rs:6723:    #[test]
src/main.rs:6757:    #[test]
src/main.rs:6789:    #[test]
src/main.rs:6842:    #[test]
src/main.rs:6877:    #[test]
src/main.rs:6954:    #[test]
src/main.rs:6997:    #[test]
src/main.rs:7013:    #[test]
src/main.rs:7021:                "in-out property <[OverviewUiRow]> overview-archive-rows",
src/main.rs:7042:        assert!(OVERVIEW_SLINT.contains("overview-archive-patcher-enabled: false"));
src/main.rs:7048:    #[test]
src/main.rs:7113:    #[test]
src/main.rs:7138:    #[test]
src/main.rs:7163:    #[test]
src/main.rs:7188:    #[test]
src/main.rs:7195:    #[test]
src/main.rs:7205:                "in-out property <[OverviewUiRow]> overview-archive-rows",
src/main.rs:7212:                "callback overview-open-archive-patcher-requested()",
src/main.rs:7227:                "overview-archive-rows <=> root.overview-archive-rows",
src/main.rs:7231:                "overview-archive-patcher-enabled <=> root.overview-archive-patcher-enabled",
src/main.rs:7238:                "root.overview-open-archive-patcher-requested()",
src/main.rs:7243:    #[test]
src/domain/mod.rs:26:    #[test]
src/domain/discovery.rs:514:    #[test]
src/domain/discovery.rs:527:    #[test]
src/domain/discovery.rs:547:    #[test]
src/domain/discovery.rs:548:    fn archive_module_and_ini_records_are_pure_domain_state() {
src/domain/discovery.rs:585:    #[test]
src/domain/discovery.rs:598:    #[test]
src/domain/discovery.rs:618:    #[test]
src/domain/discovery.rs:634:    #[test]
src/domain/settings.rs:374:    #[test]
src/domain/settings.rs:384:    #[test]
src/domain/settings.rs:407:    #[test]
src/domain/settings.rs:420:    #[test]
src/domain/scanner.rs:1280:    #[test]
src/domain/scanner.rs:1317:    #[test]
src/domain/scanner.rs:1356:    #[test]
src/domain/scanner.rs:1381:    #[test]
src/domain/scanner.rs:1435:    #[test]
src/domain/scanner.rs:1491:    #[test]
src/domain/scanner.rs:1524:    #[test]
src/domain/scanner.rs:1589:    #[test]
src/domain/scanner.rs:1614:    #[test]
src/domain/scanner.rs:1640:    #[test]
src/domain/scanner.rs:1698:    #[test]
src/domain/tools.rs:99:            Self::ArchivePatcher => "tools.archive_patcher",
src/domain/tools.rs:501:    #[test]
src/domain/tools.rs:551:    #[test]
src/domain/tools.rs:690:    #[test]
src/domain/tools.rs:746:    #[test]
src/domain/tools.rs:834:    #[test]
src/domain/autofix.rs:441:    #[test]
src/domain/autofix.rs:468:    #[test]
src/domain/autofix.rs:479:    #[test]
src/domain/mod_manager.rs:557:    #[test]
src/domain/mod_manager.rs:568:    #[test]
src/domain/mod_manager.rs:608:    #[test]
src/domain/mod_manager.rs:634:    #[test]
src/domain/mod_manager.rs:650:    #[test]
src/domain/mod_manager.rs:674:    #[test]
src/domain/mod_manager.rs:692:    #[test]
src/domain/mod_manager.rs:709:    #[test]
src/workers/mod.rs:458:    #[test]
src/platform/settings_store.rs:249:    #[test]
src/platform/settings_store.rs:256:    #[test]
src/platform/settings_store.rs:269:    #[test]
src/platform/settings_store.rs:277:    #[test]
src/platform/settings_store.rs:296:    #[test]
src/platform/settings_store.rs:314:    #[test]
src/platform/settings_store.rs:334:    #[test]
src/platform/settings_store.rs:366:    #[test]
src/platform/settings_store.rs:404:    #[test]
src/app/tools_controller.rs:171:    #[test]
src/app/tools_controller.rs:194:    #[test]
src/app/tools_controller.rs:219:    #[test]
src/services/update.rs:1137:    #[test]
src/services/update.rs:1183:    #[test]
src/domain/downgrader.rs:819:    #[test]
src/domain/downgrader.rs:853:    #[test]
src/domain/downgrader.rs:890:    #[test]
src/domain/downgrader.rs:982:    #[test]
src/domain/downgrader.rs:1003:    #[test]
src/domain/downgrader.rs:1045:    #[test]
src/domain/downgrader.rs:1095:    #[test]
src/domain/downgrader.rs:1187:    #[test]
src/domain/f4se.rs:571:    #[test]
src/domain/f4se.rs:597:    #[test]
src/domain/f4se.rs:616:    #[test]
src/domain/f4se.rs:635:    #[test]
src/domain/f4se.rs:657:    #[test]
src/domain/f4se.rs:675:    #[test]
src/domain/f4se.rs:715:    #[test]
src/domain/f4se.rs:736:    #[test]
src/domain/f4se.rs:759:    #[test]
src/platform/filesystem.rs:631:    #[test]
src/platform/filesystem.rs:660:    #[test]
src/platform/filesystem.rs:678:    #[test]
src/workers/events.rs:917:    #[test]
src/workers/events.rs:945:    #[test]
src/workers/events.rs:960:    #[test]
src/workers/events.rs:995:    #[test]
src/workers/events.rs:1013:    #[test]
src/workers/events.rs:1056:    #[test]
src/workers/events.rs:1094:    #[test]
src/workers/events.rs:1232:    #[test]
src/workers/events.rs:1246:    #[test]
src/workers/events.rs:1270:    #[test]
src/workers/events.rs:1320:    #[test]
src/platform/process.rs:325:    #[test]
src/platform/process.rs:361:    #[test]
src/platform/process.rs:383:    #[test]
src/domain/overview.rs:1498:    #[test]
src/domain/overview.rs:1518:    #[test]
src/domain/overview.rs:1556:    #[test]
src/domain/overview.rs:1603:    #[test]
src/domain/overview.rs:1646:    #[test]
src/domain/overview.rs:1695:    #[test]
src/domain/overview.rs:1749:    #[test]
src/domain/overview.rs:1750:    fn archive_and_module_record_counts_keep_reference_order_and_severity() {
src/workers/handoff.rs:183:    #[test]
src/workers/handoff.rs:199:    #[test]
src/platform/clipboard.rs:144:    #[test]
src/platform/clipboard.rs:164:    #[test]
src/platform/desktop.rs:243:    #[test]
src/platform/desktop.rs:256:    #[test]
src/platform/desktop.rs:273:    #[test]
src/platform/registry.rs:192:    #[test]
src/platform/registry.rs:210:    #[test]
src/platform/registry.rs:230:    #[test]
src/app/settings_controller.rs:299:    #[test]
src/app/settings_controller.rs:316:    #[test]
src/app/settings_controller.rs:333:    #[test]
src/app/settings_controller.rs:350:    #[test]
src/app/settings_controller.rs:374:    #[test]
src/app/settings_controller.rs:392:    #[test]
src/app/settings_controller.rs:410:    #[test]
src/app/settings_controller.rs:427:    #[test]
src/app/settings_controller.rs:450:    #[test]
src/app/settings_controller.rs:472:    #[test]
src/app/settings_controller.rs:496:    #[test]
src/platform/mod.rs:280:    #[test]
src/platform/mod.rs:297:    #[test]
src/services/f4se.rs:1057:    #[test]
src/services/f4se.rs:1087:    #[test]
src/services/f4se.rs:1120:    #[test]
src/services/f4se.rs:1140:    #[test]
src/services/f4se.rs:1178:    #[test]
src/services/f4se.rs:1202:    #[test]
src/services/f4se.rs:1231:    #[test]
src/services/f4se.rs:1272:    #[test]
src/services/f4se.rs:1340:    #[test]
src/services/f4se.rs:1377:    #[test]
src/services/f4se.rs:1405:    #[test]
src/services/f4se.rs:1415:    #[test]
src/services/tools.rs:834:    #[test]
src/services/tools.rs:859:    #[test]
src/services/tools.rs:886:    #[test]
src/services/tools.rs:906:    #[test]
src/services/tools.rs:932:    #[test]
src/services/tools.rs:955:    #[test]
src/services/tools.rs:984:    #[test]
src/services/tools.rs:985:    fn s09_actions_downgrade_manager_is_routed_without_desktop_handoff_but_archive_patcher_stays_deferred()
src/services/overview.rs:718:fn append_archive_problems(
src/services/overview.rs:788:fn archive_version_mismatches_game(
src/services/overview.rs:799:fn archive_problem(
src/services/overview.rs:1229:    #[test]
src/services/overview.rs:1309:    #[test]
src/services/overview.rs:1359:    #[test]
src/services/overview.rs:1404:    #[test]
src/services/overview.rs:1445:    #[test]
src/services/overview.rs:1499:    #[test]
src/services/overview.rs:1587:    #[test]
src/services/overview.rs:1588:    fn overview_diagnostics_old_gen_rejects_next_gen_archive_versions() {
src/services/overview.rs:1632:    #[test]
src/services/overview.rs:1692:    #[test]
src/services/overview.rs:1729:    #[test]
src/services/overview.rs:1763:    #[test]
src/services/overview.rs:1832:    #[test]
src/services/overview.rs:1882:    #[test]
src/services/overview.rs:1931:    #[test]
src/services/discovery.rs:1590:    #[test]
src/services/discovery.rs:1637:    #[test]
src/services/discovery.rs:1676:    #[test]
src/services/discovery.rs:1715:    #[test]
src/services/discovery.rs:1741:    #[test]
src/services/discovery.rs:1762:    #[test]
src/services/discovery.rs:1785:    #[test]
src/services/discovery.rs:1852:    #[test]
src/services/discovery.rs:1892:    #[test]
src/services/discovery.rs:1926:    #[test]
src/services/discovery.rs:1961:    #[test]
src/services/discovery.rs:1994:    #[test]
src/services/discovery.rs:2024:    #[test]
src/services/discovery.rs:2045:    #[test]
src/services/discovery.rs:2089:    #[test]
src/services/discovery.rs:2119:    #[test]
src/services/autofix.rs:1294:    #[test]
src/services/autofix.rs:1326:    #[test]
src/services/autofix.rs:1387:    #[test]
