## src/domain/overview.rs
-- around 1082 --
1079: 
1080: /// Problem sources used by scanner-ready Overview records.
1081: #[derive(Debug, Clone, Copy, PartialEq, Eq)]
1082: pub enum OverviewProblemSource {
1083:     /// Problem originated in top-level discovery or top rows.
1084:     TopStatus,
1085:     /// Problem originated in binary/executable classification.
1086:     Binaries,
1087:     /// Problem originated in archive classification.
1088:     Archives,
1089:     /// Problem originated in module/plugin classification.
1090:     Modules,
-- around 1101 --
1098: 
1099: /// Reference-compatible problem labels used by Overview and scanner handoff.
1100: #[derive(Debug, Clone, PartialEq, Eq)]
1101: pub enum OverviewProblemType {
1102:     /// Reference `Invalid Archive` problem.
1103:     InvalidArchive,
1104:     /// Reference `Invalid Module` problem.
1105:     InvalidModule,
1106:     /// Reference `File Not Found` problem.
1107:     FileNotFound,
1108:     /// Reference `Wrong Version` problem.
1109:     WrongVersion,
-- around 1120 --
1117:     Custom(String),
1118: }
1119: 
1120: impl OverviewProblemType {
1121:     /// Returns the user-facing problem label.
1122:     pub fn label(&self) -> &str {
1123:         match self {
1124:             Self::InvalidArchive => "Invalid Archive",
1125:             Self::InvalidModule => "Invalid Module",
1126:             Self::FileNotFound => "File Not Found",
1127:             Self::WrongVersion => "Wrong Version",
1128:             Self::LimitExceeded => "Limit Exceeded",
-- around 1138 --
1135: 
1136: /// Optional link metadata attached to an Overview problem.
1137: #[derive(Debug, Clone, PartialEq, Eq)]
1138: pub struct OverviewProblemLink {
1139:     /// Optional display label for the link.
1140:     pub label: Option<String>,
1141:     /// URL to open via a later desktop adapter.
1142:     pub url: String,
1143: }
1144: 
1145: impl OverviewProblemLink {
1146:     /// Creates a problem link with an optional display label.
-- around 1145 --
1142:     pub url: String,
1143: }
1144: 
1145: impl OverviewProblemLink {
1146:     /// Creates a problem link with an optional display label.
1147:     pub fn new(label: impl Into<Option<String>>, url: impl Into<String>) -> Self {
1148:         Self {
1149:             label: label.into(),
1150:             url: url.into(),
1151:         }
1152:     }
1153: }
-- around 1157 --
1154: 
1155: /// Optional structured detail metadata attached to an Overview problem.
1156: #[derive(Debug, Clone, PartialEq, Eq)]
1157: pub struct OverviewProblemDetail {
1158:     /// Detail name or column heading.
1159:     pub name: String,
1160:     /// Detail value.
1161:     pub value: String,
1162: }
1163: 
1164: impl OverviewProblemDetail {
1165:     /// Creates a structured problem detail.
-- around 1164 --
1161:     pub value: String,
1162: }
1163: 
1164: impl OverviewProblemDetail {
1165:     /// Creates a structured problem detail.
1166:     pub fn new(name: impl Into<String>, value: impl Into<String>) -> Self {
1167:         Self {
1168:             name: name.into(),
1169:             value: value.into(),
1170:         }
1171:     }
1172: }
-- around 1176 --
1173: 
1174: /// Scanner-ready Overview problem record.
1175: #[derive(Debug, Clone, PartialEq, Eq)]
1176: pub struct OverviewProblem {
1177:     /// Source area that produced the problem.
1178:     pub source: OverviewProblemSource,
1179:     /// Reference-compatible problem type/label.
1180:     pub problem: OverviewProblemType,
1181:     /// Optional absolute path when one exists.
1182:     pub path: Option<PathBuf>,
1183:     /// Display path/name retained even for pathless simple problems.
1184:     pub display_path: String,
-- around 1194 --
1191:     /// Optional suggested solution text.
1192:     pub solution: Option<String>,
1193:     /// Optional links carried from reference `extra_data` values.
1194:     pub links: Vec<OverviewProblemLink>,
1195:     /// Optional structured details, such as HEDR/version detail rows.
1196:     pub details: Vec<OverviewProblemDetail>,
1197:     /// Severity/color intent for this problem.
1198:     pub severity: StatusSeverity,
1199: }
1200: 
1201: impl OverviewProblem {
1202:     /// Creates a problem without an absolute path.
-- around 1196 --
1193:     /// Optional links carried from reference `extra_data` values.
1194:     pub links: Vec<OverviewProblemLink>,
1195:     /// Optional structured details, such as HEDR/version detail rows.
1196:     pub details: Vec<OverviewProblemDetail>,
1197:     /// Severity/color intent for this problem.
1198:     pub severity: StatusSeverity,
1199: }
1200: 
1201: impl OverviewProblem {
1202:     /// Creates a problem without an absolute path.
1203:     pub fn pathless(
1204:         source: OverviewProblemSource,
-- around 1201 --
1198:     pub severity: StatusSeverity,
1199: }
1200: 
1201: impl OverviewProblem {
1202:     /// Creates a problem without an absolute path.
1203:     pub fn pathless(
1204:         source: OverviewProblemSource,
1205:         display_path: impl Into<String>,
1206:         problem: OverviewProblemType,
1207:         summary: impl Into<String>,
1208:         solution: impl Into<Option<String>>,
1209:     ) -> Self {
-- around 1257 --
1254:     }
1255: 
1256:     /// Attaches problem links.
1257:     pub fn with_links(mut self, links: Vec<OverviewProblemLink>) -> Self {
1258:         self.links = links;
1259:         self
1260:     }
1261: 
1262:     /// Attaches structured problem details.
1263:     pub fn with_details(mut self, details: Vec<OverviewProblemDetail>) -> Self {
1264:         self.details = details;
1265:         self
-- around 1263 --
1260:     }
1261: 
1262:     /// Attaches structured problem details.
1263:     pub fn with_details(mut self, details: Vec<OverviewProblemDetail>) -> Self {
1264:         self.details = details;
1265:         self
1266:     }
1267: 
1268:     /// Overrides the default error severity.
1269:     pub const fn with_severity(mut self, severity: StatusSeverity) -> Self {
1270:         self.severity = severity;
1271:         self
-- around 1706 --
1703:             None::<String>,
1704:         )
1705:         .with_mod_name(Some("<Unmanaged>".to_owned()))
1706:         .with_details(vec![OverviewProblemDetail::new("Version", "99")]);
1707: 
1708:         assert_eq!(path_problem.source, OverviewProblemSource::Archives);
1709:         assert_eq!(
1710:             path_problem.path.as_deref(),
1711:             Some(Path::new("C:/Games/Fallout 4/Data/Broken.ba2"))
1712:         );
1713:         assert_eq!(
1714:             path_problem.relative_path.as_deref(),
-- around 1732 --
1729:             "You have 300 General Archives enabled. The limit is 256.",
1730:             Some("Archives can be unpacked or merged to reduce your total.".to_owned()),
1731:         )
1732:         .with_links(vec![OverviewProblemLink::new(
1733:             Some("Unpackrr".to_owned()),
1734:             "https://www.nexusmods.com/fallout4/mods/82082",
1735:         )])
1736:         .with_details(vec![OverviewProblemDetail::new("Limit", "256")]);
1737: 
1738:         assert_eq!(pathless.path, None);
1739:         assert_eq!(pathless.display_path, "300 General Archives");
1740:         assert_eq!(pathless.problem.label(), "Limit Exceeded");
-- around 1736 --
1733:             Some("Unpackrr".to_owned()),
1734:             "https://www.nexusmods.com/fallout4/mods/82082",
1735:         )])
1736:         .with_details(vec![OverviewProblemDetail::new("Limit", "256")]);
1737: 
1738:         assert_eq!(pathless.path, None);
1739:         assert_eq!(pathless.display_path, "300 General Archives");
1740:         assert_eq!(pathless.problem.label(), "Limit Exceeded");
1741:         assert_eq!(
1742:             pathless.solution.as_deref(),
1743:             Some("Archives can be unpacked or merged to reduce your total.")
1744:         );
## src/main.rs
-- around 71 --
68: };
69: use slint::{ComponentHandle, ModelRc, SharedString, VecModel};
70: use workers::{
71:     AboutActionWorkerPayload, BlockingWorkerResult, SlintEventLoopSink, ToolsActionWorkerPayload,
72:     WorkerEvent, WorkerEventSink, WorkerFailure, WorkerPayload, WorkerRuntime, WorkerSpawnError,
73:     WorkerTask, WorkerTaskKind, WorkerTaskOutcome,
74: };
75: 
76: slint::include_modules!();
77: 
78: const TOOLS_WORKER_TASK_PREFIX: &str = "s05-tools-action:";
79: const ABOUT_WORKER_TASK_PREFIX: &str = "s05-about-action:";
-- around 72 --
69: use slint::{ComponentHandle, ModelRc, SharedString, VecModel};
70: use workers::{
71:     AboutActionWorkerPayload, BlockingWorkerResult, SlintEventLoopSink, ToolsActionWorkerPayload,
72:     WorkerEvent, WorkerEventSink, WorkerFailure, WorkerPayload, WorkerRuntime, WorkerSpawnError,
73:     WorkerTask, WorkerTaskKind, WorkerTaskOutcome,
74: };
75: 
76: slint::include_modules!();
77: 
78: const TOOLS_WORKER_TASK_PREFIX: &str = "s05-tools-action:";
79: const ABOUT_WORKER_TASK_PREFIX: &str = "s05-about-action:";
80: const TOOLS_ACTION_START_ERROR: &str = "Tools action could not be started.";
-- around 137 --
134:     let f4se_controller = Arc::new(Mutex::new(F4seController::new()));
135:     let tools_controller = Arc::new(Mutex::new(ToolsController::new()));
136:     let about_controller = Arc::new(Mutex::new(AboutController::new()));
137:     let worker_runtime = WorkerRuntime::new();
138: 
139:     app.set_update_source(settings_controller.borrow().visible_update_source().into());
140:     app.set_log_level(settings_controller.borrow().visible_log_level().into());
141:     apply_current_overview_snapshot(&app, &overview_controller);
142:     apply_current_f4se_snapshot(&app, &f4se_controller);
143:     apply_current_tools_state(&app, &tools_controller);
144:     apply_current_about_state(&app, &about_controller);
145: 
-- around 147 --
144:     apply_current_about_state(&app, &about_controller);
145: 
146:     let overview_sink = bind_overview_worker_sink(&app, Arc::clone(&overview_controller));
147:     let f4se_sink = bind_f4se_worker_sink(&app, Arc::clone(&f4se_controller));
148:     let tools_sink = bind_tools_worker_sink(&app, Arc::clone(&tools_controller));
149:     let about_sink = bind_about_worker_sink(&app, Arc::clone(&about_controller));
150:     bind_settings_callbacks(&app, Rc::clone(&settings_controller));
151:     bind_tools_callbacks(
152:         &app,
153:         Arc::clone(&tools_controller),
154:         worker_runtime,
155:         tools_sink.clone(),
-- around 163 --
160:         worker_runtime,
161:         about_sink,
162:     );
163:     bind_f4se_callbacks(
164:         &app,
165:         Arc::clone(&f4se_controller),
166:         worker_runtime,
167:         f4se_sink,
168:     );
169:     bind_overview_callbacks(
170:         &app,
171:         Arc::clone(&overview_controller),
-- around 231 --
228: fn bind_tools_worker_sink(
229:     app: &MainWindow,
230:     controller: Arc<Mutex<ToolsController>>,
231: ) -> SlintEventLoopSink {
232:     let app = app.as_weak();
233:     SlintEventLoopSink::new(move |event| {
234:         let task_id = event.task.id.to_string();
235:         let task_kind = event.task.kind.label();
236:         let status = event.status.label();
237:         let Some(app) = app.upgrade() else {
238:             tracing::warn!(
239:                 event = "s05-tools-worker-event-dropped",
-- around 233 --
230:     controller: Arc<Mutex<ToolsController>>,
231: ) -> SlintEventLoopSink {
232:     let app = app.as_weak();
233:     SlintEventLoopSink::new(move |event| {
234:         let task_id = event.task.id.to_string();
235:         let task_kind = event.task.kind.label();
236:         let status = event.status.label();
237:         let Some(app) = app.upgrade() else {
238:             tracing::warn!(
239:                 event = "s05-tools-worker-event-dropped",
240:                 task_id = %task_id,
241:                 task_kind,
-- around 278 --
275: fn bind_about_worker_sink(
276:     app: &MainWindow,
277:     controller: Arc<Mutex<AboutController>>,
278: ) -> SlintEventLoopSink {
279:     let app = app.as_weak();
280:     SlintEventLoopSink::new(move |event| {
281:         let task_id = event.task.id.to_string();
282:         let task_kind = event.task.kind.label();
283:         let status = event.status.label();
284:         let Some(app) = app.upgrade() else {
285:             tracing::warn!(
286:                 event = "s05-about-worker-event-dropped",
-- around 280 --
277:     controller: Arc<Mutex<AboutController>>,
278: ) -> SlintEventLoopSink {
279:     let app = app.as_weak();
280:     SlintEventLoopSink::new(move |event| {
281:         let task_id = event.task.id.to_string();
282:         let task_kind = event.task.kind.label();
283:         let status = event.status.label();
284:         let Some(app) = app.upgrade() else {
285:             tracing::warn!(
286:                 event = "s05-about-worker-event-dropped",
287:                 task_id = %task_id,
288:                 task_kind,
-- around 325 --
322: fn bind_tools_callbacks(
323:     app: &MainWindow,
324:     controller: Arc<Mutex<ToolsController>>,
325:     worker_runtime: WorkerRuntime,
326:     tools_sink: SlintEventLoopSink,
327: ) {
328:     app.on_tool_action_requested({
329:         let app = app.as_weak();
330:         let controller = Arc::clone(&controller);
331: 
332:         move |action_id| {
333:             if let Some(app) = app.upgrade() {
-- around 326 --
323:     app: &MainWindow,
324:     controller: Arc<Mutex<ToolsController>>,
325:     worker_runtime: WorkerRuntime,
326:     tools_sink: SlintEventLoopSink,
327: ) {
328:     app.on_tool_action_requested({
329:         let app = app.as_weak();
330:         let controller = Arc::clone(&controller);
331: 
332:         move |action_id| {
333:             if let Some(app) = app.upgrade() {
334:                 request_tools_action(
-- around 349 --
346: fn bind_about_callbacks(
347:     app: &MainWindow,
348:     controller: Arc<Mutex<AboutController>>,
349:     worker_runtime: WorkerRuntime,
350:     about_sink: SlintEventLoopSink,
351: ) {
352:     app.on_about_open_requested({
353:         let app = app.as_weak();
354:         let controller = Arc::clone(&controller);
355:         let about_sink = about_sink.clone();
356: 
357:         move |action_id| {
-- around 350 --
347:     app: &MainWindow,
348:     controller: Arc<Mutex<AboutController>>,
349:     worker_runtime: WorkerRuntime,
350:     about_sink: SlintEventLoopSink,
351: ) {
352:     app.on_about_open_requested({
353:         let app = app.as_weak();
354:         let controller = Arc::clone(&controller);
355:         let about_sink = about_sink.clone();
356: 
357:         move |action_id| {
358:             if let Some(app) = app.upgrade() {
-- around 427 --
424: fn bind_overview_worker_sink(
425:     app: &MainWindow,
426:     controller: Arc<Mutex<OverviewController>>,
427: ) -> SlintEventLoopSink {
428:     let app = app.as_weak();
429:     SlintEventLoopSink::new(move |event| {
430:         let Some(app) = app.upgrade() else {
431:             tracing::warn!(
432:                 event = "overview-worker-event-dropped",
433:                 "Overview worker event arrived after the Slint window was gone"
434:             );
435:             return;
-- around 429 --
426:     controller: Arc<Mutex<OverviewController>>,
427: ) -> SlintEventLoopSink {
428:     let app = app.as_weak();
429:     SlintEventLoopSink::new(move |event| {
430:         let Some(app) = app.upgrade() else {
431:             tracing::warn!(
432:                 event = "overview-worker-event-dropped",
433:                 "Overview worker event arrived after the Slint window was gone"
434:             );
435:             return;
436:         };
437: 
-- around 455 --
452:     app: &MainWindow,
453:     overview_controller: Arc<Mutex<OverviewController>>,
454:     settings_controller: Rc<RefCell<SettingsController<FileAssetResolver>>>,
455:     worker_runtime: WorkerRuntime,
456:     overview_sink: SlintEventLoopSink,
457:     runtime_handle: tokio::runtime::Handle,
458: ) {
459:     app.on_overview_refresh_requested({
460:         let app = app.as_weak();
461:         let overview_controller = Arc::clone(&overview_controller);
462:         let settings_controller = Rc::clone(&settings_controller);
463:         let overview_sink = overview_sink.clone();
-- around 456 --
453:     overview_controller: Arc<Mutex<OverviewController>>,
454:     settings_controller: Rc<RefCell<SettingsController<FileAssetResolver>>>,
455:     worker_runtime: WorkerRuntime,
456:     overview_sink: SlintEventLoopSink,
457:     runtime_handle: tokio::runtime::Handle,
458: ) {
459:     app.on_overview_refresh_requested({
460:         let app = app.as_weak();
461:         let overview_controller = Arc::clone(&overview_controller);
462:         let settings_controller = Rc::clone(&settings_controller);
463:         let overview_sink = overview_sink.clone();
464:         let runtime_handle = runtime_handle.clone();
-- around 573 --
570:     });
571: }
572: 
573: fn bind_f4se_worker_sink(
574:     app: &MainWindow,
575:     controller: Arc<Mutex<F4seController>>,
576: ) -> SlintEventLoopSink {
577:     let app = app.as_weak();
578:     SlintEventLoopSink::new(move |event| {
579:         let task_id = event.task.id.to_string();
580:         let task_kind = event.task.kind.label();
581:         let status = event.status.label();
-- around 576 --
573: fn bind_f4se_worker_sink(
574:     app: &MainWindow,
575:     controller: Arc<Mutex<F4seController>>,
576: ) -> SlintEventLoopSink {
577:     let app = app.as_weak();
578:     SlintEventLoopSink::new(move |event| {
579:         let task_id = event.task.id.to_string();
580:         let task_kind = event.task.kind.label();
581:         let status = event.status.label();
582:         let Some(app) = app.upgrade() else {
583:             tracing::warn!(
584:                 event = "s06-f4se-worker-event-dropped",
-- around 578 --
575:     controller: Arc<Mutex<F4seController>>,
576: ) -> SlintEventLoopSink {
577:     let app = app.as_weak();
578:     SlintEventLoopSink::new(move |event| {
579:         let task_id = event.task.id.to_string();
580:         let task_kind = event.task.kind.label();
581:         let status = event.status.label();
582:         let Some(app) = app.upgrade() else {
583:             tracing::warn!(
584:                 event = "s06-f4se-worker-event-dropped",
585:                 task_id = %task_id,
586:                 task_kind,
-- around 594 --
591:         };
592: 
593:         let Some(result) = with_f4se_controller_mut(&controller, |controller| {
594:             handle_f4se_worker_event(controller, event)
595:         }) else {
596:             return;
597:         };
598: 
599:         match result {
600:             F4seTransitionResult::Applied => apply_current_f4se_snapshot(&app, &controller),
601:             F4seTransitionResult::StaleIgnored => tracing::debug!(
602:                 event = "s06-f4se-worker-stale-ignored",
-- around 619 --
616:     })
617: }
618: 
619: fn bind_f4se_callbacks(
620:     app: &MainWindow,
621:     controller: Arc<Mutex<F4seController>>,
622:     worker_runtime: WorkerRuntime,
623:     f4se_sink: SlintEventLoopSink,
624: ) {
625:     app.on_f4se_tab_activated({
626:         let app = app.as_weak();
627:         let controller = Arc::clone(&controller);
-- around 622 --
619: fn bind_f4se_callbacks(
620:     app: &MainWindow,
621:     controller: Arc<Mutex<F4seController>>,
622:     worker_runtime: WorkerRuntime,
623:     f4se_sink: SlintEventLoopSink,
624: ) {
625:     app.on_f4se_tab_activated({
626:         let app = app.as_weak();
627:         let controller = Arc::clone(&controller);
628:         let f4se_sink = f4se_sink.clone();
629: 
630:         move || {
-- around 623 --
620:     app: &MainWindow,
621:     controller: Arc<Mutex<F4seController>>,
622:     worker_runtime: WorkerRuntime,
623:     f4se_sink: SlintEventLoopSink,
624: ) {
625:     app.on_f4se_tab_activated({
626:         let app = app.as_weak();
627:         let controller = Arc::clone(&controller);
628:         let f4se_sink = f4se_sink.clone();
629: 
630:         move || {
631:             if let Some(app) = app.upgrade() {
-- around 641 --
638: fn request_f4se_initial_scan(
639:     app: &MainWindow,
640:     controller: &Arc<Mutex<F4seController>>,
641:     worker_runtime: WorkerRuntime,
642:     f4se_sink: SlintEventLoopSink,
643: ) {
644:     let Some(request) = take_f4se_initial_scan_request(controller) else {
645:         tracing::debug!(
646:             event = "s06-f4se-lazy-activation-ignored",
647:             "F4SE tab activation did not schedule a duplicate scan"
648:         );
649:         return;
-- around 642 --
639:     app: &MainWindow,
640:     controller: &Arc<Mutex<F4seController>>,
641:     worker_runtime: WorkerRuntime,
642:     f4se_sink: SlintEventLoopSink,
643: ) {
644:     let Some(request) = take_f4se_initial_scan_request(controller) else {
645:         tracing::debug!(
646:             event = "s06-f4se-lazy-activation-ignored",
647:             "F4SE tab activation did not schedule a duplicate scan"
648:         );
649:         return;
650:     };
-- around 661 --
658:         "Scheduling lazy F4SE DLL scan worker"
659:     );
660: 
661:     if let Err(error) = worker_runtime.spawn_blocking_task(task, f4se_sink, move |_context| {
662:         build_f4se_scan_payload(scan_id)
663:     }) {
664:         tracing::error!(
665:             event = "s06-f4se-scan-spawn-failed",
666:             scan_id,
667:             error = %error,
668:             "F4SE scan worker could not be scheduled"
669:         );
-- around 871 --
868: fn request_tools_action(
869:     app: &MainWindow,
870:     controller: &Arc<Mutex<ToolsController>>,
871:     worker_runtime: WorkerRuntime,
872:     tools_sink: SlintEventLoopSink,
873:     action_id: String,
874: ) {
875:     let action = match tools_action_for_id(&action_id) {
876:         Ok(action @ ToolsActionKind::ExternalLink(_)) => action,
877:         Ok(action @ ToolsActionKind::DeferredUtility(_)) => {
878:             let feedback = ToolsActionFeedback::rejected(
879:                 action_id.as_str(),
-- around 872 --
869:     app: &MainWindow,
870:     controller: &Arc<Mutex<ToolsController>>,
871:     worker_runtime: WorkerRuntime,
872:     tools_sink: SlintEventLoopSink,
873:     action_id: String,
874: ) {
875:     let action = match tools_action_for_id(&action_id) {
876:         Ok(action @ ToolsActionKind::ExternalLink(_)) => action,
877:         Ok(action @ ToolsActionKind::DeferredUtility(_)) => {
878:             let feedback = ToolsActionFeedback::rejected(
879:                 action_id.as_str(),
880:                 Some(action),
-- around 910 --
907: 
908:     let task = tools_action_worker_task(&action_id);
909:     let worker_action_id = action_id.clone();
910:     if let Err(error) = worker_runtime.spawn_blocking_task(task, tools_sink, move |_context| {
911:         build_tools_action_payload(worker_action_id)
912:     }) {
913:         tracing::error!(
914:             event = "s05-tools-action-spawn-failed",
915:             action_id = action_id.as_str(),
916:             error = %error,
917:             "Tools action worker could not be scheduled"
918:         );
-- around 930 --
927: fn request_about_action(
928:     app: &MainWindow,
929:     controller: &Arc<Mutex<AboutController>>,
930:     worker_runtime: WorkerRuntime,
931:     about_sink: SlintEventLoopSink,
932:     action_id: String,
933:     callback_kind: AboutCallbackKind,
934: ) {
935:     let action = match about_action_for_id(&action_id) {
936:         Ok(action) if about_action_matches_callback(action, callback_kind) => action,
937:         Ok(action) => {
938:             let feedback = about_callback_mismatch_feedback(&action_id, action, callback_kind);
-- around 931 --
928:     app: &MainWindow,
929:     controller: &Arc<Mutex<AboutController>>,
930:     worker_runtime: WorkerRuntime,
931:     about_sink: SlintEventLoopSink,
932:     action_id: String,
933:     callback_kind: AboutCallbackKind,
934: ) {
935:     let action = match about_action_for_id(&action_id) {
936:         Ok(action) if about_action_matches_callback(action, callback_kind) => action,
937:         Ok(action) => {
938:             let feedback = about_callback_mismatch_feedback(&action_id, action, callback_kind);
939:             tracing::warn!(
-- around 973 --
970: 
971:     let task = about_action_worker_task(&action_id);
972:     let worker_action_id = action_id.clone();
973:     if let Err(error) = worker_runtime.spawn_blocking_task(task, about_sink, move |_context| {
974:         build_about_action_payload(worker_action_id)
975:     }) {
976:         tracing::error!(
977:             event = "s05-about-action-spawn-failed",
978:             action_id = action_id.as_str(),
979:             callback_kind = callback_kind.label(),
980:             error = %error,
981:             "About action worker could not be scheduled"
-- around 1084 --
1081:     app: &MainWindow,
1082:     overview_controller: &Arc<Mutex<OverviewController>>,
1083:     settings_controller: &Rc<RefCell<SettingsController<FileAssetResolver>>>,
1084:     worker_runtime: WorkerRuntime,
1085:     overview_sink: SlintEventLoopSink,
1086:     runtime_handle: tokio::runtime::Handle,
1087: ) {
1088:     let settings = settings_controller.borrow().current_settings().clone();
1089:     let Some(request) = with_overview_controller_mut(overview_controller, |controller| {
1090:         controller.request_refresh(settings.update_source)
1091:     }) else {
1092:         return;
-- around 1085 --
1082:     overview_controller: &Arc<Mutex<OverviewController>>,
1083:     settings_controller: &Rc<RefCell<SettingsController<FileAssetResolver>>>,
1084:     worker_runtime: WorkerRuntime,
1085:     overview_sink: SlintEventLoopSink,
1086:     runtime_handle: tokio::runtime::Handle,
1087: ) {
1088:     let settings = settings_controller.borrow().current_settings().clone();
1089:     let Some(request) = with_overview_controller_mut(overview_controller, |controller| {
1090:         controller.request_refresh(settings.update_source)
1091:     }) else {
1092:         return;
1093:     };
-- around 1103 --
1100:         "Scheduling Overview refresh worker"
1101:     );
1102: 
1103:     if let Err(error) = worker_runtime.spawn_blocking_task(
1104:         request.refresh_task(),
1105:         overview_sink.clone(),
1106:         move |_context| build_overview_refresh_payload(request.refresh_id, settings),
1107:     ) {
1108:         tracing::error!(
1109:             event = "overview-refresh-spawn-failed",
1110:             refresh_id = request.refresh_id,
1111:             error = %error,
-- around 1241 --
1238: 
1239: fn schedule_overview_update_check(
1240:     request: app::overview_controller::OverviewRefreshRequest,
1241:     overview_sink: SlintEventLoopSink,
1242:     runtime_handle: tokio::runtime::Handle,
1243: ) {
1244:     if !request.should_check_updates() {
1245:         tracing::debug!(
1246:             event = "overview-update-skipped",
1247:             refresh_id = request.refresh_id,
1248:             update_source = request.update_source.as_wire_value(),
1249:             "Overview update check skipped by settings"
-- around 1305 --
1302: fn schedule_overview_action(
1303:     app: &MainWindow,
1304:     overview_controller: &Arc<Mutex<OverviewController>>,
1305:     worker_runtime: WorkerRuntime,
1306:     overview_sink: SlintEventLoopSink,
1307:     action_kind: OverviewDeferredActionKind,
1308:     unavailable_message: &'static str,
1309:     action_lookup: impl FnOnce(&OverviewController) -> Option<OverviewDeferredAction>,
1310: ) {
1311:     let action =
1312:         with_overview_controller_mut(overview_controller, |controller| action_lookup(controller))
1313:             .flatten();
-- around 1306 --
1303:     app: &MainWindow,
1304:     overview_controller: &Arc<Mutex<OverviewController>>,
1305:     worker_runtime: WorkerRuntime,
1306:     overview_sink: SlintEventLoopSink,
1307:     action_kind: OverviewDeferredActionKind,
1308:     unavailable_message: &'static str,
1309:     action_lookup: impl FnOnce(&OverviewController) -> Option<OverviewDeferredAction>,
1310: ) {
1311:     let action =
1312:         with_overview_controller_mut(overview_controller, |controller| action_lookup(controller))
1313:             .flatten();
1314: 
-- around 1333 --
1330:     );
1331: 
1332:     let task = overview_desktop_task(action.kind);
1333:     if let Err(error) = worker_runtime.spawn_blocking_task(task, overview_sink, move |_context| {
1334:         execute_overview_action_payload(action)
1335:     }) {
1336:         tracing::error!(
1337:             event = "overview-desktop-action-spawn-failed",
1338:             action = ?action_kind,
1339:             error = %error,
1340:             "Overview desktop action worker could not be scheduled"
1341:         );
-- around 1409 --
1406:     apply_current_about_state(app, controller);
1407: }
1408: 
1409: fn handle_f4se_worker_event(
1410:     controller: &mut F4seController,
1411:     event: WorkerEvent,
1412: ) -> F4seTransitionResult {
1413:     controller.handle_worker_event(event)
1414: }
1415: 
1416: fn handle_tools_worker_event(
1417:     controller: &mut ToolsController,
-- around 1923 --
1920:         rows.push(overview_ui_row(
1921:             "More",
1922:             format!("+{} more", snapshot.problems.len() - 5),
1923:             "Open Scanner details in a later port slice.",
1924:             StatusSeverity::Info,
1925:         ));
1926:     }
1927:     rows
1928: }
1929: 
1930: fn format_problem_row(problem: &OverviewProblem) -> OverviewUiRow {
1931:     overview_ui_row(
-- around 2041 --
2038:         domain::DomainState,
2039:         platform::PlatformServices,
2040:         services::ServiceLayer,
2041:         workers::WorkerRuntime,
2042:     };
2043:     use crate::domain::{
2044:         f4se::{
2045:             F4SE_HEADING, F4SE_LEGEND_TEXT, F4SE_LOADING_TEXT, F4SE_TABLE_COLUMNS, F4seDllFacts,
2046:             render_f4se_dll_row,
2047:         },
2048:         tools::{
2049:             ABOUT_COPY_INVITE_LABEL, ABOUT_COPY_LINK_LABEL, ABOUT_COPY_SUCCESS_LABEL,
-- around 2071 --
2068:         ("ui/f4se_tab.slint", "F4seTab", "F4SE", F4SE_SLINT),
2069:         (
2070:             "ui/scanner_tab.slint",
2071:             "ScannerTab",
2072:             "Scanner",
2073:             include_str!("../ui/scanner_tab.slint"),
2074:         ),
2075:         ("ui/tools_tab.slint", "ToolsTab", "Tools", TOOLS_SLINT),
2076:         (
2077:             "ui/settings_tab.slint",
2078:             "SettingsTab",
2079:             "Settings",
-- around 2072 --
2069:         (
2070:             "ui/scanner_tab.slint",
2071:             "ScannerTab",
2072:             "Scanner",
2073:             include_str!("../ui/scanner_tab.slint"),
2074:         ),
2075:         ("ui/tools_tab.slint", "ToolsTab", "Tools", TOOLS_SLINT),
2076:         (
2077:             "ui/settings_tab.slint",
2078:             "SettingsTab",
2079:             "Settings",
2080:             SETTINGS_SLINT,
-- around 2154 --
2151:     fn shell_tab_labels_match_reference_order() {
2152:         assert_eq!(
2153:             shell_tab_labels(),
2154:             ["Overview", "F4SE", "Scanner", "Tools", "Settings", "About"]
2155:         );
2156:     }
2157: 
2158:     #[test]
2159:     fn shell_tab_labels_count_is_reference_count() {
2160:         assert_eq!(SHELL_TAB_LABELS.len(), 6);
2161:     }
2162: 
-- around 2297 --
2294:                 "root.f4se-tab-activation-observed = true",
2295:                 "root.f4se-tab-activated()",
2296:                 "TabWidget {",
2297:                 "current-index <=> root.active-tab-index",
2298:             ],
2299:         );
2300:         assert_source_contains_in_order(
2301:             MAIN_SLINT,
2302:             &[
2303:                 "title: \"Overview\"",
2304:                 "title: \"F4SE\"",
2305:                 "F4seTab {",
-- around 2311 --
2308:                 "f4se-loading-or-error-text <=> root.f4se-loading-or-error-text",
2309:                 "f4se-unknown-game-detail <=> root.f4se-unknown-game-detail",
2310:                 "f4se-rows <=> root.f4se-rows",
2311:                 "title: \"Scanner\"",
2312:                 "title: \"Tools\"",
2313:                 "title: \"Settings\"",
2314:                 "title: \"About\"",
2315:             ],
2316:         );
2317:         assert!(!MAIN_SLINT.contains("f4se-refresh"));
2318:         assert_eq!(
2319:             shell_tab_labels(),
-- around 2320 --
2317:         assert!(!MAIN_SLINT.contains("f4se-refresh"));
2318:         assert_eq!(
2319:             shell_tab_labels(),
2320:             ["Overview", "F4SE", "Scanner", "Tools", "Settings", "About"]
2321:         );
2322:     }
2323: 
2324:     #[test]
2325:     fn s06_f4se_runtime_wiring_projects_controller_snapshots_to_slint_rows() {
2326:         let facts = F4seDllFacts::f4se("modern.dll", true, true, Some(true), Some(false));
2327:         let row = render_f4se_dll_row(&facts, F4seGameTarget::NextGen);
2328:         let snapshot = F4seScanSnapshot::ready(vec![row]);
-- around 2412 --
2409:         );
2410: 
2411:         assert_eq!(
2412:             handle_f4se_worker_event(&mut controller, event),
2413:             F4seTransitionResult::Applied
2414:         );
2415:         let projection = project_f4se_snapshot(controller.snapshot());
2416:         assert_eq!(projection.status_text, "F4SE scan complete. DLLs: 1");
2417:         assert!(!projection.busy);
2418:         assert_eq!(projection.rows[0].dll.as_str(), "complete.dll");
2419:         assert_eq!(projection.rows[0].your_game.as_str(), "✔");
2420: 
-- around 2427 --
2424:             WorkerPayload::Generic(workers::WorkerMessage::new("Other complete.")),
2425:         );
2426:         assert_eq!(
2427:             handle_f4se_worker_event(&mut controller, unrelated),
2428:             F4seTransitionResult::Ignored
2429:         );
2430:         assert_eq!(controller.snapshot(), &before);
2431:     }
2432: 
2433:     #[test]
2434:     fn s06_f4se_runtime_wiring_error_empty_and_unknown_game_warning_states_are_visible() {
2435:         let idle_projection = project_f4se_snapshot(&F4seScanSnapshot::idle());
-- around 3130 --
3127:         let _domain = DomainState;
3128:         let _platform = PlatformServices;
3129:         let _services = ServiceLayer;
3130:         let _workers = WorkerRuntime;
3131:     }
3132: }
## src/services/f4se.rs
-- around 22 --
19:     },
20:     platform::{
21:         PlatformError,
22:         filesystem::{DirectoryEntry, FileType, Filesystem},
23:     },
24: };
25: 
26: const F4SE_PLUGINS_READ_ERROR_MESSAGE: &str = "Data/F4SE/Plugins folder could not be read.";
27: const F4SE_DATA_READ_ERROR_MESSAGE: &str = "Data folder could not be read.";
28: const DLL_READ_SAFE_MESSAGE: &str =
29:     "Could not read DLL. Check file permissions or whether the file is still available.";
30: const DLL_INSPECTION_SAFE_MESSAGE: &str =
-- around 46 --
43: 
44: /// Request input for a single F4SE plugin scan.
45: #[derive(Debug, Clone, Copy)]
46: pub struct F4seScanRequest<'a> {
47:     /// Optional discovered Fallout 4 installation.
48:     pub installation: Option<&'a Fallout4Installation>,
49:     /// Current game target used for the rendered `Your Game` column.
50:     pub current_game: F4seGameTarget,
51:     /// Whether a mod manager was already detected by discovery.
52:     pub mod_manager_detected: bool,
53: }
54: 
-- around 72 --
69: 
70: /// Complete scan result returned by [`F4seScanService`].
71: #[derive(Debug, Clone, PartialEq, Eq)]
72: pub struct F4seScanReport {
73:     /// UI-ready snapshot with safe messages and rendered rows.
74:     pub snapshot: F4seScanSnapshot,
75:     /// Structured scan counts and safe diagnostics for logs/tests/controllers.
76:     pub diagnostics: F4seScanDiagnostics,
77: }
78: 
79: impl F4seScanReport {
80:     fn new(snapshot: F4seScanSnapshot, diagnostics: F4seScanDiagnostics) -> Self {
-- around 109 --
106: 
107: /// Safe diagnostic detail for a path or scan prerequisite.
108: #[derive(Debug, Clone, PartialEq, Eq)]
109: pub struct F4seScanDiagnostic {
110:     /// Category of the diagnostic.
111:     pub kind: F4seScanDiagnosticKind,
112:     /// Path involved in the diagnostic, if any.
113:     pub path: Option<PathBuf>,
114:     /// User-safe diagnostic summary.
115:     pub safe_message: String,
116: }
117: 
-- around 120 --
117: 
118: /// Aggregate counts and safe diagnostics from a single F4SE scan.
119: #[derive(Debug, Default, Clone, PartialEq, Eq)]
120: pub struct F4seScanDiagnostics {
121:     /// Number of direct entries returned by `Data/F4SE/Plugins` enumeration.
122:     pub enumerated_entry_count: usize,
123:     /// Number of direct child DLLs considered after extension and `msdia` filters.
124:     pub dll_candidate_count: usize,
125:     /// Number of DLLs that reached the inspector.
126:     pub inspected_dll_count: usize,
127:     /// Number of inspected DLLs classified as F4SE DLLs.
128:     pub f4se_dll_count: usize,
-- around 169 --
166: 
167: /// Raw PE/export inspection facts before DLL names and UI rows are attached.
168: #[derive(Debug, Default, Clone, PartialEq, Eq)]
169: pub struct F4seDllInspection {
170:     /// Whether `F4SEPlugin_Load` was found.
171:     pub exports_load: bool,
172:     /// Whether `F4SEPlugin_Preload` was found.
173:     pub exports_preload: bool,
174:     /// Whether `F4SEPlugin_Query` was found.
175:     pub exports_query: bool,
176:     /// Whether `F4SEPlugin_Version` was found.
177:     pub exports_version: bool,
-- around 365 --
362: 
363: /// F4SE scan service over injected filesystem and DLL inspector adapters.
364: #[derive(Debug)]
365: pub struct F4seScanService<'a, F: Filesystem + ?Sized, I: F4seDllInspector + ?Sized> {
366:     filesystem: &'a F,
367:     inspector: &'a I,
368: }
369: 
370: impl<'a, F: Filesystem + ?Sized, I: F4seDllInspector + ?Sized> F4seScanService<'a, F, I> {
371:     /// Creates an F4SE scan service without touching the filesystem.
372:     pub const fn new(filesystem: &'a F, inspector: &'a I) -> Self {
373:         Self {
-- around 370 --
367:     inspector: &'a I,
368: }
369: 
370: impl<'a, F: Filesystem + ?Sized, I: F4seDllInspector + ?Sized> F4seScanService<'a, F, I> {
371:     /// Creates an F4SE scan service without touching the filesystem.
372:     pub const fn new(filesystem: &'a F, inspector: &'a I) -> Self {
373:         Self {
374:             filesystem,
375:             inspector,
376:         }
377:     }
378: 
-- around 384 --
381:     /// This method is intentionally infallible: missing prerequisites become
382:     /// error snapshots, and individual unreadable/malformed DLLs become visible
383:     /// warning rows while remaining DLLs continue to scan.
384:     pub fn scan(&self, request: F4seScanRequest<'_>) -> F4seScanReport {
385:         let span = info_span!(
386:             "f4se_scan_service.scan",
387:             current_game = ?request.current_game,
388:             mod_manager_detected = request.mod_manager_detected
389:         );
390:         let _guard = span.enter();
391:         info!(event = "f4se-scan-started", "F4SE DLL scan started");
392: 
-- around 812 --
809:     }
810: 
811:     #[derive(Debug, Default)]
812:     struct FakeFilesystem {
813:         nodes: BTreeMap<PathBuf, FakeNode>,
814:         full_reads: RefCell<Vec<PathBuf>>,
815:     }
816: 
817:     impl FakeFilesystem {
818:         fn with_dir(mut self, path: impl Into<PathBuf>) -> Self {
819:             let path = path.into();
820:             self.ensure_parent_dirs(&path);
-- around 817 --
814:         full_reads: RefCell<Vec<PathBuf>>,
815:     }
816: 
817:     impl FakeFilesystem {
818:         fn with_dir(mut self, path: impl Into<PathBuf>) -> Self {
819:             let path = path.into();
820:             self.ensure_parent_dirs(&path);
821:             self.nodes.insert(path, FakeNode::Directory);
822:             self
823:         }
824: 
825:         fn with_unreadable_dir(mut self, path: impl Into<PathBuf>) -> Self {
-- around 890 --
887:         }
888:     }
889: 
890:     impl Filesystem for FakeFilesystem {
891:         fn metadata(&self, path: &Path) -> PlatformResult<FileMetadata> {
892:             match self.node(path, PlatformOperation::ReadMetadata)? {
893:                 FakeNode::File(bytes) => Ok(FileMetadata {
894:                     file_type: FileType::File,
895:                     len: bytes.len() as u64,
896:                 }),
897:                 FakeNode::Directory | FakeNode::UnreadableDirectory => Ok(FileMetadata {
898:                     file_type: FileType::Directory,
-- around 1036 --
1033:         )
1034:     }
1035: 
1036:     fn base_fs() -> FakeFilesystem {
1037:         FakeFilesystem::default()
1038:             .with_dir("C:/Games/Fallout 4/Data")
1039:             .with_dir("C:/Games/Fallout 4/Data/F4SE/Plugins")
1040:     }
1041: 
1042:     fn scan(
1043:         fs: &FakeFilesystem,
1044:         inspector: &FakeInspector,
-- around 1037 --
1034:     }
1035: 
1036:     fn base_fs() -> FakeFilesystem {
1037:         FakeFilesystem::default()
1038:             .with_dir("C:/Games/Fallout 4/Data")
1039:             .with_dir("C:/Games/Fallout 4/Data/F4SE/Plugins")
1040:     }
1041: 
1042:     fn scan(
1043:         fs: &FakeFilesystem,
1044:         inspector: &FakeInspector,
1045:         installation: Option<&Fallout4Installation>,
-- around 1042 --
1039:             .with_dir("C:/Games/Fallout 4/Data/F4SE/Plugins")
1040:     }
1041: 
1042:     fn scan(
1043:         fs: &FakeFilesystem,
1044:         inspector: &FakeInspector,
1045:         installation: Option<&Fallout4Installation>,
1046:         current_game: F4seGameTarget,
1047:         mod_manager_detected: bool,
1048:     ) -> F4seScanReport {
1049:         F4seScanService::new(fs, inspector).scan(F4seScanRequest::new(
1050:             installation,
-- around 1043 --
1040:     }
1041: 
1042:     fn scan(
1043:         fs: &FakeFilesystem,
1044:         inspector: &FakeInspector,
1045:         installation: Option<&Fallout4Installation>,
1046:         current_game: F4seGameTarget,
1047:         mod_manager_detected: bool,
1048:     ) -> F4seScanReport {
1049:         F4seScanService::new(fs, inspector).scan(F4seScanRequest::new(
1050:             installation,
1051:             current_game,
-- around 1066 --
1063: 
1064:     #[test]
1065:     fn f4se_scan_service_missing_data_for_absent_installation_or_data_path() {
1066:         let fs = FakeFilesystem::default();
1067:         let inspector = FakeInspector::default();
1068:         let missing_installation = scan(&fs, &inspector, None, F4seGameTarget::OldGen, false);
1069:         assert_eq!(missing_installation.snapshot.status, F4seScanStatus::Error);
1070:         assert_eq!(
1071:             missing_installation.snapshot.status_message,
1072:             F4SE_DATA_FOLDER_NOT_FOUND_MESSAGE
1073:         );
1074:         assert_eq!(
-- around 1096 --
1093: 
1094:     #[test]
1095:     fn f4se_scan_service_missing_plugins_message_respects_manager_hint() {
1096:         let fs = FakeFilesystem::default().with_dir("C:/Games/Fallout 4/Data");
1097:         let inspector = FakeInspector::default();
1098:         let installation = installation_without_plugins();
1099: 
1100:         let unmanaged = scan(
1101:             &fs,
1102:             &inspector,
1103:             Some(&installation),
1104:             F4seGameTarget::OldGen,
-- around 1386 --
1383: 
1384:     #[test]
1385:     fn f4se_scan_service_plugins_read_error_returns_safe_scan_error() {
1386:         let fs = FakeFilesystem::default()
1387:             .with_dir("C:/Games/Fallout 4/Data")
1388:             .with_unreadable_dir("C:/Games/Fallout 4/Data/F4SE/Plugins");
1389:         let inspector = FakeInspector::default();
1390:         let installation = installation();
1391: 
1392:         let report = scan(
1393:             &fs,
1394:             &inspector,
## src/app/settings_controller.rs
-- around 11 --
8: /// Coordinates Settings-tab UI selections with persisted application settings.
9: ///
10: /// The controller keeps the last successfully persisted settings snapshot so a
11: /// failed immediate-save radio change can return the previous value for Slint to
12: /// display. It does not reconfigure runtime logging; log-level selections only
13: /// update the persisted `settings.json` value in this phase.
14: #[derive(Debug, Clone, PartialEq, Eq)]
15: pub struct SettingsController<R> {
16:     store: SettingsStore<R>,
17:     last_persisted: AppSettings,
18: }
19: 
-- around 15 --
12: /// display. It does not reconfigure runtime logging; log-level selections only
13: /// update the persisted `settings.json` value in this phase.
14: #[derive(Debug, Clone, PartialEq, Eq)]
15: pub struct SettingsController<R> {
16:     store: SettingsStore<R>,
17:     last_persisted: AppSettings,
18: }
19: 
20: impl<R: AssetResolver> SettingsController<R> {
21:     /// Loads settings through the provided store and initializes UI-facing state.
22:     ///
23:     /// Any repairs performed by the settings store are reflected in the initial
-- around 20 --
17:     last_persisted: AppSettings,
18: }
19: 
20: impl<R: AssetResolver> SettingsController<R> {
21:     /// Loads settings through the provided store and initializes UI-facing state.
22:     ///
23:     /// Any repairs performed by the settings store are reflected in the initial
24:     /// snapshot. Reference-valid persisted values, including `WARNING`, are
25:     /// preserved and mapped onto their displayed radio choices.
26:     pub fn load(store: SettingsStore<R>) -> io::Result<Self> {
27:         let loaded = store.load()?;
28: 
-- around 35 --
32:     /// Creates a controller around a known settings snapshot without loading from disk.
33:     ///
34:     /// This is used as a startup fallback when the production store cannot load or
35:     /// create `settings.json`; subsequent selections still attempt to save through
36:     /// the same store and revert to this snapshot if persistence continues to fail.
37:     pub fn from_settings(store: SettingsStore<R>, settings: AppSettings) -> Self {
38:         Self {
39:             store,
40:             last_persisted: settings,
41:         }
42:     }
43: 
-- around 80 --
77: 
78:         let mut candidate = self.last_persisted.clone();
79:         candidate.update_source = update_source;
80:         self.save_candidate(candidate, AppSettings::update_source_ui_value)
81:     }
82: 
83:     /// Persists a Log Level radio selection and returns the lowercase UI value to show.
84:     ///
85:     /// Slint emits lowercase values, while the domain model persists uppercase
86:     /// wire values. Unsupported callback strings are
87:     /// repaired to `INFO` before saving so tampered UI input cannot persist an
88:     /// unrepresented radio state.
-- around 100 --
97: 
98:         let mut candidate = self.last_persisted.clone();
99:         candidate.log_level = log_level;
100:         self.save_candidate(candidate, AppSettings::log_level_ui_value)
101:     }
102: 
103:     fn save_candidate(
104:         &mut self,
105:         candidate: AppSettings,
106:         visible_value: impl FnOnce(&AppSettings) -> &'static str,
107:     ) -> &'static str {
108:         let previous_update_source = self.visible_update_source();
-- around 103 --
100:         self.save_candidate(candidate, AppSettings::log_level_ui_value)
101:     }
102: 
103:     fn save_candidate(
104:         &mut self,
105:         candidate: AppSettings,
106:         visible_value: impl FnOnce(&AppSettings) -> &'static str,
107:     ) -> &'static str {
108:         let previous_update_source = self.visible_update_source();
109:         let previous_log_level = self.visible_log_level();
110: 
111:         match self.store.save(&candidate) {
-- around 111 --
108:         let previous_update_source = self.visible_update_source();
109:         let previous_log_level = self.visible_log_level();
110: 
111:         match self.store.save(&candidate) {
112:             Ok(()) => {
113:                 self.last_persisted = candidate;
114:                 visible_value(&self.last_persisted)
115:             }
116:             Err(error) => {
117:                 tracing::error!(
118:                     path = %self.store.settings_path().display(),
119:                     %error,
-- around 120 --
117:                 tracing::error!(
118:                     path = %self.store.settings_path().display(),
119:                     %error,
120:                     "Settings : Failed to save settings; reverting UI selection"
121:                 );
122:                 // Preserve the pre-save snapshot: callers reset the Slint property to this value.
123:                 match visible_value(&candidate) {
124:                     "debug" | "info" | "warning" | "error" => previous_log_level,
125:                     _ => previous_update_source,
126:                 }
127:             }
128:         }
-- around 122 --
119:                     %error,
120:                     "Settings : Failed to save settings; reverting UI selection"
121:                 );
122:                 // Preserve the pre-save snapshot: callers reset the Slint property to this value.
123:                 match visible_value(&candidate) {
124:                     "debug" | "info" | "warning" | "error" => previous_log_level,
125:                     _ => previous_update_source,
126:                 }
127:             }
128:         }
129:     }
130: }
-- around 170 --
167:     };
168: 
169:     use crate::{
170:         app::settings_controller::SettingsController,
171:         platform::settings_store::{SettingsStore, StaticAssetResolver},
172:     };
173: 
174:     #[test]
175:     fn settings_controller_saves_update_source_immediately() {
176:         let (_root, settings_path) = isolated_settings_path("update-source-save");
177:         let store = SettingsStore::with_asset_resolver(
178:             settings_path.clone(),
-- around 175 --
172:     };
173: 
174:     #[test]
175:     fn settings_controller_saves_update_source_immediately() {
176:         let (_root, settings_path) = isolated_settings_path("update-source-save");
177:         let store = SettingsStore::with_asset_resolver(
178:             settings_path.clone(),
179:             StaticAssetResolver::new(Some("nexus")),
180:         );
181:         let mut controller = SettingsController::load(store).expect("controller should load");
182: 
183:         let visible_value = controller.select_update_source("both");
-- around 176 --
173: 
174:     #[test]
175:     fn settings_controller_saves_update_source_immediately() {
176:         let (_root, settings_path) = isolated_settings_path("update-source-save");
177:         let store = SettingsStore::with_asset_resolver(
178:             settings_path.clone(),
179:             StaticAssetResolver::new(Some("nexus")),
180:         );
181:         let mut controller = SettingsController::load(store).expect("controller should load");
182: 
183:         let visible_value = controller.select_update_source("both");
184: 
-- around 181 --
178:             settings_path.clone(),
179:             StaticAssetResolver::new(Some("nexus")),
180:         );
181:         let mut controller = SettingsController::load(store).expect("controller should load");
182: 
183:         let visible_value = controller.select_update_source("both");
184: 
185:         assert_eq!(visible_value, "both");
186:         let persisted = fs::read_to_string(settings_path).expect("settings should persist");
187:         let persisted_json = persisted_json(&persisted);
188:         assert_eq!(persisted_json["update_source"], "both");
189:     }
-- around 192 --
189:     }
190: 
191:     #[test]
192:     fn settings_controller_saves_lowercase_log_level_as_uppercase_wire_value() {
193:         let (_root, settings_path) = isolated_settings_path("log-level-save");
194:         let store = SettingsStore::with_asset_resolver(
195:             settings_path.clone(),
196:             StaticAssetResolver::new(Some("nexus")),
197:         );
198:         let mut controller = SettingsController::load(store).expect("controller should load");
199: 
200:         let visible_value = controller.select_log_level("debug");
-- around 193 --
190: 
191:     #[test]
192:     fn settings_controller_saves_lowercase_log_level_as_uppercase_wire_value() {
193:         let (_root, settings_path) = isolated_settings_path("log-level-save");
194:         let store = SettingsStore::with_asset_resolver(
195:             settings_path.clone(),
196:             StaticAssetResolver::new(Some("nexus")),
197:         );
198:         let mut controller = SettingsController::load(store).expect("controller should load");
199: 
200:         let visible_value = controller.select_log_level("debug");
201: 
-- around 198 --
195:             settings_path.clone(),
196:             StaticAssetResolver::new(Some("nexus")),
197:         );
198:         let mut controller = SettingsController::load(store).expect("controller should load");
199: 
200:         let visible_value = controller.select_log_level("debug");
201: 
202:         assert_eq!(visible_value, "debug");
203:         let persisted = fs::read_to_string(settings_path).expect("settings should persist");
204:         let persisted_json = persisted_json(&persisted);
205:         assert_eq!(persisted_json["log_level"], "DEBUG");
206:     }
-- around 209 --
206:     }
207: 
208:     #[test]
209:     fn settings_controller_saves_warning_log_level_as_uppercase_wire_value() {
210:         let (_root, settings_path) = isolated_settings_path("warning-log-level-save");
211:         let store = SettingsStore::with_asset_resolver(
212:             settings_path.clone(),
213:             StaticAssetResolver::new(Some("nexus")),
214:         );
215:         let mut controller = SettingsController::load(store).expect("controller should load");
216: 
217:         let visible_value = controller.select_log_level("warning");
-- around 210 --
207: 
208:     #[test]
209:     fn settings_controller_saves_warning_log_level_as_uppercase_wire_value() {
210:         let (_root, settings_path) = isolated_settings_path("warning-log-level-save");
211:         let store = SettingsStore::with_asset_resolver(
212:             settings_path.clone(),
213:             StaticAssetResolver::new(Some("nexus")),
214:         );
215:         let mut controller = SettingsController::load(store).expect("controller should load");
216: 
217:         let visible_value = controller.select_log_level("warning");
218: 
-- around 215 --
212:             settings_path.clone(),
213:             StaticAssetResolver::new(Some("nexus")),
214:         );
215:         let mut controller = SettingsController::load(store).expect("controller should load");
216: 
217:         let visible_value = controller.select_log_level("warning");
218: 
219:         assert_eq!(visible_value, "warning");
220:         let persisted = fs::read_to_string(settings_path).expect("settings should persist");
221:         let persisted_json = persisted_json(&persisted);
222:         assert_eq!(persisted_json["log_level"], "WARNING");
223:     }
-- around 239 --
236:         );
237: 
238:         let controller =
239:             SettingsController::load(store).expect("controller should repair settings");
240: 
241:         assert_eq!(controller.visible_log_level(), "warning");
242:         assert_eq!(controller.visible_update_source(), "github");
243:         let persisted = fs::read_to_string(settings_path).expect("settings should persist");
244:         let persisted_json = persisted_json(&persisted);
245:         assert_eq!(persisted_json["log_level"], "WARNING");
246:         assert_eq!(persisted_json["update_source"], "github");
247:     }
-- around 250 --
247:     }
248: 
249:     #[test]
250:     fn settings_controller_reverts_to_last_persisted_value_on_save_failure() {
251:         let (_root, settings_path) = isolated_settings_path("save-failure-revert");
252:         let setup_store = SettingsStore::with_asset_resolver(
253:             settings_path.clone(),
254:             StaticAssetResolver::new(Some("nexus")),
255:         );
256:         let mut controller = SettingsController::load(setup_store).expect("controller should load");
257:         assert_eq!(controller.select_update_source("github"), "github");
258:         fs::remove_file(&settings_path).expect("settings file should be removable");
-- around 251 --
248: 
249:     #[test]
250:     fn settings_controller_reverts_to_last_persisted_value_on_save_failure() {
251:         let (_root, settings_path) = isolated_settings_path("save-failure-revert");
252:         let setup_store = SettingsStore::with_asset_resolver(
253:             settings_path.clone(),
254:             StaticAssetResolver::new(Some("nexus")),
255:         );
256:         let mut controller = SettingsController::load(setup_store).expect("controller should load");
257:         assert_eq!(controller.select_update_source("github"), "github");
258:         fs::remove_file(&settings_path).expect("settings file should be removable");
259:         fs::create_dir_all(&settings_path).expect("directory should block future saves");
-- around 256 --
253:             settings_path.clone(),
254:             StaticAssetResolver::new(Some("nexus")),
255:         );
256:         let mut controller = SettingsController::load(setup_store).expect("controller should load");
257:         assert_eq!(controller.select_update_source("github"), "github");
258:         fs::remove_file(&settings_path).expect("settings file should be removable");
259:         fs::create_dir_all(&settings_path).expect("directory should block future saves");
260: 
261:         let reverted_value = controller.select_update_source("both");
262: 
263:         assert_eq!(reverted_value, "github");
264:         assert_eq!(controller.visible_update_source(), "github");
-- around 259 --
256:         let mut controller = SettingsController::load(setup_store).expect("controller should load");
257:         assert_eq!(controller.select_update_source("github"), "github");
258:         fs::remove_file(&settings_path).expect("settings file should be removable");
259:         fs::create_dir_all(&settings_path).expect("directory should block future saves");
260: 
261:         let reverted_value = controller.select_update_source("both");
262: 
263:         assert_eq!(reverted_value, "github");
264:         assert_eq!(controller.visible_update_source(), "github");
265:     }
266: 
267:     #[test]
-- around 268 --
265:     }
266: 
267:     #[test]
268:     fn settings_controller_reverts_warning_log_level_on_save_failure() {
269:         let (_root, settings_path) = isolated_settings_path("warning-save-failure-revert");
270:         let setup_store = SettingsStore::with_asset_resolver(
271:             settings_path.clone(),
272:             StaticAssetResolver::new(Some("nexus")),
273:         );
274:         let mut controller = SettingsController::load(setup_store).expect("controller should load");
275:         assert_eq!(controller.select_log_level("warning"), "warning");
276:         fs::remove_file(&settings_path).expect("settings file should be removable");
-- around 269 --
266: 
267:     #[test]
268:     fn settings_controller_reverts_warning_log_level_on_save_failure() {
269:         let (_root, settings_path) = isolated_settings_path("warning-save-failure-revert");
270:         let setup_store = SettingsStore::with_asset_resolver(
271:             settings_path.clone(),
272:             StaticAssetResolver::new(Some("nexus")),
273:         );
274:         let mut controller = SettingsController::load(setup_store).expect("controller should load");
275:         assert_eq!(controller.select_log_level("warning"), "warning");
276:         fs::remove_file(&settings_path).expect("settings file should be removable");
277:         fs::create_dir_all(&settings_path).expect("directory should block future saves");
-- around 274 --
271:             settings_path.clone(),
272:             StaticAssetResolver::new(Some("nexus")),
273:         );
274:         let mut controller = SettingsController::load(setup_store).expect("controller should load");
275:         assert_eq!(controller.select_log_level("warning"), "warning");
276:         fs::remove_file(&settings_path).expect("settings file should be removable");
277:         fs::create_dir_all(&settings_path).expect("directory should block future saves");
278: 
279:         let reverted_value = controller.select_log_level("debug");
280: 
281:         assert_eq!(reverted_value, "warning");
282:         assert_eq!(controller.visible_log_level(), "warning");
-- around 277 --
274:         let mut controller = SettingsController::load(setup_store).expect("controller should load");
275:         assert_eq!(controller.select_log_level("warning"), "warning");
276:         fs::remove_file(&settings_path).expect("settings file should be removable");
277:         fs::create_dir_all(&settings_path).expect("directory should block future saves");
278: 
279:         let reverted_value = controller.select_log_level("debug");
280: 
281:         assert_eq!(reverted_value, "warning");
282:         assert_eq!(controller.visible_log_level(), "warning");
283:     }
284: 
285:     #[test]
-- around 292 --
289:             settings_path.clone(),
290:             StaticAssetResolver::new(Some("nexus")),
291:         );
292:         let mut controller = SettingsController::load(store).expect("controller should load");
293: 
294:         let visible_value = controller.select_log_level("WARNING");
295: 
296:         assert_eq!(visible_value, "info");
297:         let persisted = fs::read_to_string(settings_path).expect("settings should persist");
298:         let persisted_json = persisted_json(&persisted);
299:         assert_eq!(persisted_json["log_level"], "INFO");
300:     }
## src/platform/settings_store.rs
-- around 81 --
78:     }
79: }
80: 
81: /// Settings and asset paths used by [`SettingsStore`].
82: #[derive(Debug, Clone, PartialEq, Eq)]
83: pub struct SettingsPaths<R = FileAssetResolver> {
84:     settings_path: PathBuf,
85:     asset_resolver: R,
86: }
87: 
88: impl SettingsPaths<FileAssetResolver> {
89:     /// Creates production paths using current-directory `settings.json`.
-- around 113 --
110:     }
111: }
112: 
113: /// Filesystem-backed load/save boundary for [`crate::domain::settings::AppSettings`].
114: #[derive(Debug, Clone, PartialEq, Eq)]
115: pub struct SettingsStore<R = FileAssetResolver> {
116:     paths: SettingsPaths<R>,
117: }
118: 
119: /// Result returned by [`SettingsStore::load`] after any reference-style repair.
120: #[derive(Debug, Clone, PartialEq, Eq)]
121: pub struct LoadedSettings {
-- around 115 --
112: 
113: /// Filesystem-backed load/save boundary for [`crate::domain::settings::AppSettings`].
114: #[derive(Debug, Clone, PartialEq, Eq)]
115: pub struct SettingsStore<R = FileAssetResolver> {
116:     paths: SettingsPaths<R>,
117: }
118: 
119: /// Result returned by [`SettingsStore::load`] after any reference-style repair.
120: #[derive(Debug, Clone, PartialEq, Eq)]
121: pub struct LoadedSettings {
122:     /// Settings ready for UI/controller use.
123:     pub settings: AppSettings,
-- around 119 --
116:     paths: SettingsPaths<R>,
117: }
118: 
119: /// Result returned by [`SettingsStore::load`] after any reference-style repair.
120: #[derive(Debug, Clone, PartialEq, Eq)]
121: pub struct LoadedSettings {
122:     /// Settings ready for UI/controller use.
123:     pub settings: AppSettings,
124:     /// Non-sensitive repair diagnostics collected while loading.
125:     pub diagnostics: Vec<RepairDiagnostic>,
126:     /// True when the file was missing, malformed, unreadable, or non-object JSON.
127:     pub reset_to_defaults: bool,
-- around 130 --
127:     pub reset_to_defaults: bool,
128: }
129: 
130: impl SettingsStore<FileAssetResolver> {
131:     /// Creates a store with production current-directory settings and asset paths.
132:     pub fn production() -> Self {
133:         Self::new(SettingsPaths::production())
134:     }
135: }
136: 
137: impl<R: AssetResolver> SettingsStore<R> {
138:     /// Creates a store from explicit settings paths.
-- around 137 --
134:     }
135: }
136: 
137: impl<R: AssetResolver> SettingsStore<R> {
138:     /// Creates a store from explicit settings paths.
139:     pub fn new(paths: SettingsPaths<R>) -> Self {
140:         Self { paths }
141:     }
142: 
143:     /// Creates a store from a settings path and asset resolver.
144:     pub fn with_asset_resolver(settings_path: PathBuf, asset_resolver: R) -> Self {
145:         Self::new(SettingsPaths::injected(settings_path, asset_resolver))
-- around 171 --
168:     /// Loads settings, creating or repairing `settings.json` as needed.
169:     ///
170:     /// Missing files and malformed/non-object JSON reset to default settings and
171:     /// are saved immediately, matching the reference app's quiet first-run and
172:     /// recovery behavior. Syntactically valid objects preserve valid keys, repair
173:     /// invalid values, remove unknown keys on resave, and return diagnostics for
174:     /// later logging without surfacing UI errors.
175:     pub fn load(&self) -> io::Result<LoadedSettings> {
176:         let defaults = AppSettings {
177:             update_source: self.default_update_source(),
178:             ..Default::default()
179:         };
-- around 173 --
170:     /// Missing files and malformed/non-object JSON reset to default settings and
171:     /// are saved immediately, matching the reference app's quiet first-run and
172:     /// recovery behavior. Syntactically valid objects preserve valid keys, repair
173:     /// invalid values, remove unknown keys on resave, and return diagnostics for
174:     /// later logging without surfacing UI errors.
175:     pub fn load(&self) -> io::Result<LoadedSettings> {
176:         let defaults = AppSettings {
177:             update_source: self.default_update_source(),
178:             ..Default::default()
179:         };
180: 
181:         let source = match fs::read_to_string(&self.paths.settings_path) {
-- around 184 --
181:         let source = match fs::read_to_string(&self.paths.settings_path) {
182:             Ok(source) => source,
183:             Err(error) if error.kind() == io::ErrorKind::NotFound => {
184:                 self.save(&defaults)?;
185:                 return Ok(LoadedSettings {
186:                     settings: defaults,
187:                     diagnostics: Vec::new(),
188:                     reset_to_defaults: true,
189:                 });
190:             }
191:             Err(_) => {
192:                 self.save(&defaults)?;
-- around 192 --
189:                 });
190:             }
191:             Err(_) => {
192:                 self.save(&defaults)?;
193:                 return Ok(LoadedSettings {
194:                     settings: defaults,
195:                     diagnostics: Vec::new(),
196:                     reset_to_defaults: true,
197:                 });
198:             }
199:         };
200: 
-- around 204 --
201:         let repaired = match AppSettings::from_json_str(&source) {
202:             Ok(repaired) => repaired,
203:             Err(SettingsParseError::MalformedJson(_)) | Err(SettingsParseError::NonObjectRoot) => {
204:                 self.save(&defaults)?;
205:                 return Ok(LoadedSettings {
206:                     settings: defaults,
207:                     diagnostics: Vec::new(),
208:                     reset_to_defaults: true,
209:                 });
210:             }
211:         };
212: 
-- around 214 --
211:         };
212: 
213:         if !repaired.diagnostics.is_empty() {
214:             self.save(&repaired.settings)?;
215:         }
216: 
217:         Ok(LoadedSettings {
218:             settings: repaired.settings,
219:             diagnostics: repaired.diagnostics,
220:             reset_to_defaults: false,
221:         })
222:     }
-- around 229 --
226:     /// The serialized object is produced by the domain model, so unknown keys are
227:     /// never persisted and later UI/controller code can revert state if this file
228:     /// write fails.
229:     pub fn save(&self, settings: &AppSettings) -> io::Result<()> {
230:         let mut json =
231:             serde_json::to_string_pretty(&settings.to_json_value()).map_err(io::Error::other)?;
232:         json.push('\n');
233:         fs::write(&self.paths.settings_path, json)
234:     }
235: }
236: 
237: #[cfg(test)]
-- around 263 --
260:         let asset_path = temp_root.join("download-source.txt");
261:         let paths =
262:             SettingsPaths::injected(settings_path.clone(), FileAssetResolver::new(asset_path));
263:         let store = SettingsStore::new(paths);
264: 
265:         assert_eq!(store.settings_path(), settings_path.as_path());
266:         assert_eq!(store.default_update_source(), UpdateSource::Nexus);
267:     }
268: 
269:     #[test]
270:     fn asset_resolver_rejects_invalid_download_source_with_nexus_fallback() {
271:         let resolver = StaticAssetResolver::new(Some("invalid-source"));
-- around 272 --
269:     #[test]
270:     fn asset_resolver_rejects_invalid_download_source_with_nexus_fallback() {
271:         let resolver = StaticAssetResolver::new(Some("invalid-source"));
272:         let store = SettingsStore::with_asset_resolver(PathBuf::from("settings.json"), resolver);
273: 
274:         assert_eq!(store.default_update_source(), UpdateSource::Nexus);
275:     }
276: 
277:     #[test]
278:     fn file_asset_resolver_reads_valid_download_source_file_values() {
279:         for (wire_value, expected_source) in [
280:             ("github", UpdateSource::Github),
-- around 287 --
284:             let asset_path = root.join("download-source.txt");
285:             fs::write(&asset_path, format!("\n{wire_value}\n"))
286:                 .expect("test fixture should write download-source.txt");
287:             let store = SettingsStore::with_asset_resolver(
288:                 settings_path,
289:                 FileAssetResolver::new(asset_path),
290:             );
291: 
292:             assert_eq!(store.default_update_source(), expected_source);
293:         }
294:     }
295: 
-- around 299 --
296:     #[test]
297:     fn settings_missing_file_defaults() {
298:         let (_root, settings_path) = isolated_settings_path("missing-defaults");
299:         let store = SettingsStore::with_asset_resolver(
300:             settings_path.clone(),
301:             StaticAssetResolver::new(Some("github")),
302:         );
303: 
304:         let loaded = store
305:             .load()
306:             .expect("missing settings should create defaults");
307: 
-- around 318 --
315:     fn settings_repair_malformed_json_resets_to_defaults() {
316:         let (_root, settings_path) = isolated_settings_path("malformed-reset");
317:         fs::write(&settings_path, "{ not json").expect("test fixture should write malformed JSON");
318:         let store = SettingsStore::with_asset_resolver(
319:             settings_path.clone(),
320:             StaticAssetResolver::new(Some("both")),
321:         );
322: 
323:         let loaded = store
324:             .load()
325:             .expect("malformed JSON should reset to defaults");
326: 
-- around 348 --
345:             }"#,
346:         )
347:         .expect("test fixture should write partial JSON");
348:         let store = SettingsStore::with_asset_resolver(
349:             settings_path.clone(),
350:             StaticAssetResolver::new(Some("nexus")),
351:         );
352: 
353:         let loaded = store.load().expect("partial JSON should repair and resave");
354: 
355:         assert_eq!(loaded.settings.log_level, LogLevel::Warning);
356:         assert_eq!(loaded.settings.update_source, UpdateSource::Github);
-- around 353 --
350:             StaticAssetResolver::new(Some("nexus")),
351:         );
352: 
353:         let loaded = store.load().expect("partial JSON should repair and resave");
354: 
355:         assert_eq!(loaded.settings.log_level, LogLevel::Warning);
356:         assert_eq!(loaded.settings.update_source, UpdateSource::Github);
357:         assert!(!loaded.settings.scanner.overview_issues);
358:         let persisted =
359:             fs::read_to_string(settings_path).expect("repaired settings should be persisted");
360:         let persisted_json = persisted_json(&persisted);
361:         assert_eq!(persisted_json["log_level"], "WARNING");
-- around 369 --
366:     #[test]
367:     fn settings_persist_reference_keys() {
368:         let (_root, settings_path) = isolated_settings_path("persist-reference-keys");
369:         let store = SettingsStore::with_asset_resolver(
370:             settings_path.clone(),
371:             StaticAssetResolver::new(Some("nexus")),
372:         );
373: 
374:         store
375:             .save(&AppSettings::default())
376:             .expect("default settings should save");
377: 
-- around 375 --
372:         );
373: 
374:         store
375:             .save(&AppSettings::default())
376:             .expect("default settings should save");
377: 
378:         let persisted = fs::read_to_string(settings_path).expect("settings should be readable");
379:         let object = persisted_json(&persisted);
380:         let mut keys: Vec<&str> = object.keys().map(String::as_str).collect();
381:         keys.sort_unstable();
382:         assert_eq!(
383:             keys,
-- around 376 --
373: 
374:         store
375:             .save(&AppSettings::default())
376:             .expect("default settings should save");
377: 
378:         let persisted = fs::read_to_string(settings_path).expect("settings should be readable");
379:         let object = persisted_json(&persisted);
380:         let mut keys: Vec<&str> = object.keys().map(String::as_str).collect();
381:         keys.sort_unstable();
382:         assert_eq!(
383:             keys,
384:             vec![
-- around 405 --
402:     }
403: 
404:     #[test]
405:     fn settings_save_failure_is_returned() {
406:         let (_root, settings_path) = isolated_settings_path("save-failure");
407:         fs::create_dir_all(&settings_path)
408:             .expect("directory at settings path should block file write");
409:         let store =
410:             SettingsStore::with_asset_resolver(settings_path, StaticAssetResolver::new(None));
411: 
412:         let error = store
413:             .save(&AppSettings::default())
-- around 406 --
403: 
404:     #[test]
405:     fn settings_save_failure_is_returned() {
406:         let (_root, settings_path) = isolated_settings_path("save-failure");
407:         fs::create_dir_all(&settings_path)
408:             .expect("directory at settings path should block file write");
409:         let store =
410:             SettingsStore::with_asset_resolver(settings_path, StaticAssetResolver::new(None));
411: 
412:         let error = store
413:             .save(&AppSettings::default())
414:             .expect_err("save should return an observable filesystem error");
-- around 410 --
407:         fs::create_dir_all(&settings_path)
408:             .expect("directory at settings path should block file write");
409:         let store =
410:             SettingsStore::with_asset_resolver(settings_path, StaticAssetResolver::new(None));
411: 
412:         let error = store
413:             .save(&AppSettings::default())
414:             .expect_err("save should return an observable filesystem error");
415: 
416:         assert_ne!(error.kind(), io::ErrorKind::NotFound);
417:     }
418: 
-- around 413 --
410:             SettingsStore::with_asset_resolver(settings_path, StaticAssetResolver::new(None));
411: 
412:         let error = store
413:             .save(&AppSettings::default())
414:             .expect_err("save should return an observable filesystem error");
415: 
416:         assert_ne!(error.kind(), io::ErrorKind::NotFound);
417:     }
418: 
419:     fn isolated_settings_path(case_name: &str) -> (PathBuf, PathBuf) {
420:         let unique = SystemTime::now()
421:             .duration_since(UNIX_EPOCH)
-- around 414 --
411: 
412:         let error = store
413:             .save(&AppSettings::default())
414:             .expect_err("save should return an observable filesystem error");
415: 
416:         assert_ne!(error.kind(), io::ErrorKind::NotFound);
417:     }
418: 
419:     fn isolated_settings_path(case_name: &str) -> (PathBuf, PathBuf) {
420:         let unique = SystemTime::now()
421:             .duration_since(UNIX_EPOCH)
422:             .expect("system time should be after Unix epoch")
