app::archive_patcher_controller::tests::archive_patcher_controller_filter_and_target_changes_recandidate_and_invalidate_plan: test
app::archive_patcher_controller::tests::archive_patcher_controller_open_loads_candidates_and_ignores_stale_payloads: test
app::overview_controller::tests::overview_controller_game_path_action_is_available_only_after_path_discovery: test
app::scanner_controller::tests::scanner_controller_completion_sets_zero_result_text_and_restores_button: test
domain::discovery::tests::archive_module_and_ini_records_are_pure_domain_state: test
domain::discovery::tests::discovery_messages_keep_reference_path_exceptions: test
domain::discovery::tests::discovery_not_found_error_is_recoverable_and_does_not_require_file_picker: test
domain::discovery::tests::fallout4_installation_can_carry_optional_derived_paths: test
domain::discovery::tests::fallout4_installation_does_not_require_data_or_f4se_paths: test
domain::discovery::tests::install_type_and_semantic_version_reference_display_values_are_stable: test
domain::discovery::tests::tab_loading_error_messages_match_reference_text: test
domain::mod_manager::tests::vortex_detection_scope_is_identity_only_with_zero_version_fallback: test
domain::overview::overview_domain::discovery_parts_reuse_existing_types_in_overview_domain_snapshot: test
domain::scanner::scanner_domain::scanner_domain_grouping_is_deterministic_and_empty_sets_are_stable: test
domain::scanner::scanner_domain::scanner_domain_result_count_and_progress_text_include_zero: test
platform::clipboard::tests::s05_actions_real_clipboard_rejects_empty_text_before_os_access: test
services::archive_patcher::archive_patcher_service_plan::archive_patcher_service_plan_empty_overview_data_is_safe_noop: test
services::archive_patcher::archive_patcher_service_plan::archive_patcher_service_plan_selects_target_inversion_filters_and_sorted_candidates: test
services::autofix::scanner_autofix_service::scanner_autofix_service_production_registry_is_empty_and_rejects_typed_solution: test
services::discovery::tests::cwd_is_checked_before_bethesda_and_gog_registry_paths: test
services::discovery::tests::direct_fallout4_exe_candidate_normalizes_to_parent_game_directory: test
services::discovery::tests::invalid_bethesda_registry_path_returns_reference_registry_error_without_gog_fallthrough: test
services::discovery::tests::manager_game_path_is_checked_before_cwd_and_registry: test
services::discovery::tests::mo2_discovery_parses_paths_flags_skip_rules_and_custom_tools: test
services::discovery::tests::mo2_instance_discovery_checks_adjacent_files_before_hkcu_current_instance: test
services::discovery::tests::mo2_missing_selected_profile_returns_typed_manager_error: test
services::discovery::tests::mo2_non_fallout_game_name_returns_typed_manager_error: test
services::discovery::tests::mo2_portable_marker_without_ini_returns_manager_specific_error_and_does_not_fall_through: test
services::discovery::tests::not_found_result_is_recoverable_and_never_requires_file_picker_ui: test
services::discovery::tests::registry_read_errors_are_recoverable_diagnostics_and_gog_can_still_be_checked: test
services::discovery::tests::report_includes_fake_backed_system_metadata: test
services::discovery::tests::valid_game_directory_can_return_data_without_f4se_plugins: test
services::discovery::tests::valid_game_directory_can_return_partial_missing_derived_paths: test
services::discovery::tests::vortex_detection_is_identity_only_and_uses_parsed_version: test
services::discovery::tests::vortex_detection_uses_zero_version_fallback_when_metadata_is_absent: test
services::f4se::tests::f4se_scan_service_empty_plugin_folder_is_ready_with_zero_rows: test
services::overview::overview_diagnostics::overview_diagnostics_discovery_manager_and_system_errors_degrade_to_safe_snapshot: test
services::scanner::scanner_scan_service::scanner_scan_service_zero_results_complete_with_empty_groups: test
tests::s06_f4se_runtime_wiring_error_empty_and_unknown_game_warning_states_are_visible: test
tests::s07_scanner_runtime_wiring_applies_progress_completion_stale_and_zero_results: test
tests::s08_scanner_autofix_runtime_wiring_empty_production_hidden_state_and_tampered_callback_rejected: test
workers::events::tests::archive_patcher_worker_payload_round_trips_owned_candidates_plan_log_progress_patch_restore_and_failure: test
