398:fn bind_overview_worker_sink(
425:fn bind_overview_callbacks(
759:fn request_overview_refresh(
803:fn build_overview_refresh_payload(refresh_id: u64, settings: AppSettings) -> BlockingWorkerResult {
811:fn build_overview_snapshot(settings: AppSettings) -> Result<OverviewSnapshot, WorkerFailure> {
918:fn schedule_overview_update_check(
981:fn schedule_overview_action(
1030:fn execute_overview_action_payload(action: OverviewDeferredAction) -> BlockingWorkerResult {
1168:fn with_overview_controller_mut<T>(
1303:fn apply_current_overview_snapshot(app: &MainWindow, controller: &Arc<Mutex<OverviewController>>) {
1312:fn apply_overview_snapshot(app: &MainWindow, snapshot: &OverviewSnapshot) {
1518:fn overview_ui_row(
1664:fn slint_string_property_values(source: &str, property: &str) -> Vec<String> {
1698:fn slint_string_literal(value: &str) -> String {
1705:fn slint_assignment(property: &str, value: &str) -> String {
1709:fn slint_image_reference(resource_path: &str) -> String {
1729:fn shell_tab_labels_match_reference_order() {
1737:fn shell_tab_labels_count_is_reference_count() {
1742:fn shell_contract_main_slint_title_and_tabs_match_rust_contract() {
1760:fn shell_contract_inert_tab_components_are_static_placeholders() {
1810:fn s05_slint_contract_tools_tab_replaces_placeholder_with_reference_groups() {
1849:fn s05_slint_contract_about_tab_replaces_placeholder_with_reference_assets_and_copy_state() {
1908:fn s05_slint_contract_main_window_forwards_tools_and_about_properties_and_callbacks() {
1951:fn s05_runtime_wiring_tools_projection_uses_initial_status_and_safe_errors() {
1985:fn s05_runtime_wiring_about_projection_tracks_copy_success_and_reset() {
2017:fn s05_runtime_wiring_callback_id_mapping_fails_closed_before_workers() {
2063:fn s05_runtime_wiring_spawn_failure_feedback_maps_to_safe_errors() {
2098:fn s05_runtime_wiring_worker_payloads_apply_and_unrelated_payloads_are_ignored() {
2175:fn s05_runtime_wiring_worker_failure_payloads_map_by_surface_task_prefix() {
2218:fn s05_runtime_wiring_non_windows_real_desktop_actions_fail_safely() {
2234:fn overview_tab_exposes_refresh_action_status_panels_and_safe_error_state() {
2271:fn overview_projection_rows_lock_reference_order_and_deferred_status() {
2418:fn main_window_forwards_settings_and_overview_tab_api() {
2466:fn shell_contract_boundary_markers_construct_as_no_ops() {
