   Compiling cmt-rs v0.1.0 (/mnt/j/cmt-rs)
warning: this function has too many arguments (8/7)
    --> src/services/scanner.rs:1118:5
     |
1118 | /     fn scan_data_tree<P>(
1119 | |         &self,
1120 | |         data_path: &Path,
1121 | |         request: &ScannerScanRequest<'_>,
...    |
1127 | |     ) where
1128 | |         P: FnMut(&ScannerProgressEvent),
     | |________________________________________^
     |
     = help: for further information visit https://rust-lang.github.io/rust-clippy/rust-1.95.0/index.html#too_many_arguments
     = note: `#[warn(clippy::too_many_arguments)]` on by default

warning: this function has too many arguments (8/7)
   --> src/main.rs:698:1
    |
698 | / fn b...
699 | |     ...
700 | |     ...
701 | |     ...
...   |
706 | |     ...
707 | | ) {
    | |_^
    |
    = help: for further information visit https://rust-lang.github.io/rust-clippy/rust-1.95.0/index.html#too_many_arguments

warning: this function has too many arguments (9/7)
    --> src/main.rs:1110:1
     |
1110 | / fn b...
1111 | |     ...
1112 | |     ...
1113 | |     ...
...    |
1119 | |     ...
1120 | | ) {
     | |_^
     |
     = help: for further information visit https://rust-lang.github.io/rust-clippy/rust-1.95.0/index.html#too_many_arguments

warning: `cmt-rs` (bin "cmt-rs") generated 3 warnings
warning: `cmt-rs` (bin "cmt-rs" test) generated 3 warnings (3 duplicates)
    Finished `dev` profile [unoptimized + debuginfo] target(s) in 39.72s
