   Compiling cmt-rs v0.1.0 (/mnt/j/cmt-rs)
warning: this block may be rewritten with the `?` operator
   --> src/app/downgrader_controller.rs:599:17
    |
599 | /                 if s...
600 | |                     ...
601 | |                 }
    | |_________________^ help: replace it with: `self.status.as_ref()?;`
    |
    = help: for further information visit https://rust-lang.github.io/rust-clippy/rust-1.95.0/index.html#question_mark
    = note: `#[warn(clippy::question_mark)]` on by default

warning: field assignment outside of initializer for an instance created with Default::default()
    --> src/app/downgrader_controller.rs:1280:9
     |
1280 | ...   ..._execute);
     |       ...^^^^^^^^^^
     |
note: consider initializing the variable with `services::downgrader::DowngraderPreviewPlanCounts { mutating_step_count: usize::from(can_execute), failed_rows: usize::from(!can_execute), ..Default::default() }` and removing relevant reassignments
    --> src/app/downgrader_controller.rs:1279:9
     |
1279 | ...   ...default();
     |       ...^^^^^^^^^^
     = help: for further information visit https://rust-lang.github.io/rust-clippy/rust-1.95.0/index.html#field_reassign_with_default
     = note: `#[warn(clippy::field_reassign_with_default)]` on by default

warning: used `assert_eq!` with a literal bool
    --> src/app/downgrader_controller.rs:1345:9
     |
1345 | ...   ...ps, false);
     |       ...^^^^^^^^^^
     |
     = help: for further information visit https://rust-lang.github.io/rust-clippy/rust-1.95.0/index.html#bool_assert_comparison
     = note: `#[warn(clippy::bool_assert_comparison)]` on by default
help: replace it with `assert!(..)`
     |
1345 -         assert_eq!(controller.options().keep_backups, false);
1345 +         assert!(!controller.options().keep_backups);
     |

warning: this function has too many arguments (8/7)
    --> src/services/scanner.rs:1118:5
     |
1118 | /     fn scan_data_tree<P>(
1119 | |         &self,
1120 | |         data_path: &Path,
1121 | |         request: &ScannerScanRequest<'_>,
...    |
1127 | |     ) where
1128 | |         P: FnMut(&ScannerProgressEvent),
     | |________________________________________^
     |
     = help: for further information visit https://rust-lang.github.io/rust-clippy/rust-1.95.0/index.html#too_many_arguments
     = note: `#[warn(clippy::too_many_arguments)]` on by default

warning: `cmt-rs` (bin "cmt-rs") generated 2 warnings (run `cargo clippy --fix --bin "cmt-rs" -p cmt-rs -- ` to apply 1 suggestion)
warning: `cmt-rs` (bin "cmt-rs" test) generated 4 warnings (2 duplicates) (run `cargo clippy --fix --bin "cmt-rs" -p cmt-rs --tests -- ` to apply 1 suggestion)
    Finished `dev` profile [unoptimized + debuginfo] target(s) in 31.33s
