## TOOLTIP_SCAN
278: structure or corruption."""
279: 
280: TOOLTIP_SCAN_OVERVIEW = "Report details of issues from Overview"
281: TOOLTIP_SCAN_ERRORS = """Check for errors in mod configuration or files."""
282: TOOLTIP_SCAN_FORMATS = "Check file types against a whitelist per Data folder.\ne.g. MP3 instead of XWM/WAV in Data/Sound/."
283: TOOLTIP_SCAN_PREVIS = "Report loose Data/Vis/ and Data/Meshes/Precombined/ folders."
284: TOOLTIP_SCAN_JUNK = """Report junk files such as desktop.ini, Thumbs.db,
285: and leftover fomod folders."""
286: TOOLTIP_SCAN_BAD_OVERRIDES = """Check for overrides that typically cause issues
287: such as outdated F4SE script files or loose AnimTextData folders."""
288: INFO_SCAN_RACE_SUBGRAPHS = """Counts race animation subgraph records (RACE \\ SADD).
289: Depending on your PC, adding too many of these may result in stutter when loading Cells.
290: This issue needs more investigation as this may be mere correlation and not causation."""
291: TOOLTIP_SCAN_RACE_SUBGRAPHS = f"""{INFO_SCAN_RACE_SUBGRAPHS}
292: 
293: Base Game Count: 37
294: Warning Threshold: {RACE_SUBGRAPH_THRESHOLD}"""
295: 
296: TOOLTIP_SCAN_DDS = "Check dimensions and formats of DDS files for issues."
297: TOOLTIP_SCAN_BA2 = "Scan inside BA2 archives.\nNote: Checks may be limited for compressed archives."

279: 
280: TOOLTIP_SCAN_OVERVIEW = "Report details of issues from Overview"
281: TOOLTIP_SCAN_ERRORS = """Check for errors in mod configuration or files."""
282: TOOLTIP_SCAN_FORMATS = "Check file types against a whitelist per Data folder.\ne.g. MP3 instead of XWM/WAV in Data/Sound/."
283: TOOLTIP_SCAN_PREVIS = "Report loose Data/Vis/ and Data/Meshes/Precombined/ folders."
284: TOOLTIP_SCAN_JUNK = """Report junk files such as desktop.ini, Thumbs.db,
285: and leftover fomod folders."""
286: TOOLTIP_SCAN_BAD_OVERRIDES = """Check for overrides that typically cause issues
287: such as outdated F4SE script files or loose AnimTextData folders."""
288: INFO_SCAN_RACE_SUBGRAPHS = """Counts race animation subgraph records (RACE \\ SADD).
289: Depending on your PC, adding too many of these may result in stutter when loading Cells.
290: This issue needs more investigation as this may be mere correlation and not causation."""
291: TOOLTIP_SCAN_RACE_SUBGRAPHS = f"""{INFO_SCAN_RACE_SUBGRAPHS}
292: 
293: Base Game Count: 37
294: Warning Threshold: {RACE_SUBGRAPH_THRESHOLD}"""
295: 
296: TOOLTIP_SCAN_DDS = "Check dimensions and formats of DDS files for issues."
297: TOOLTIP_SCAN_BA2 = "Scan inside BA2 archives.\nNote: Checks may be limited for compressed archives."
298: TOOLTIP_SCAN_CONFLICTS = "Detect conflicting mods and mod settings."

280: TOOLTIP_SCAN_OVERVIEW = "Report details of issues from Overview"
281: TOOLTIP_SCAN_ERRORS = """Check for errors in mod configuration or files."""
282: TOOLTIP_SCAN_FORMATS = "Check file types against a whitelist per Data folder.\ne.g. MP3 instead of XWM/WAV in Data/Sound/."
283: TOOLTIP_SCAN_PREVIS = "Report loose Data/Vis/ and Data/Meshes/Precombined/ folders."
284: TOOLTIP_SCAN_JUNK = """Report junk files such as desktop.ini, Thumbs.db,
285: and leftover fomod folders."""
286: TOOLTIP_SCAN_BAD_OVERRIDES = """Check for overrides that typically cause issues
287: such as outdated F4SE script files or loose AnimTextData folders."""
288: INFO_SCAN_RACE_SUBGRAPHS = """Counts race animation subgraph records (RACE \\ SADD).
289: Depending on your PC, adding too many of these may result in stutter when loading Cells.
290: This issue needs more investigation as this may be mere correlation and not causation."""
291: TOOLTIP_SCAN_RACE_SUBGRAPHS = f"""{INFO_SCAN_RACE_SUBGRAPHS}
292: 
293: Base Game Count: 37
294: Warning Threshold: {RACE_SUBGRAPH_THRESHOLD}"""
295: 
296: TOOLTIP_SCAN_DDS = "Check dimensions and formats of DDS files for issues."
297: TOOLTIP_SCAN_BA2 = "Scan inside BA2 archives.\nNote: Checks may be limited for compressed archives."
298: TOOLTIP_SCAN_CONFLICTS = "Detect conflicting mods and mod settings."
299: TOOLTIP_SCAN_SUGGEST = "Make suggestions for changes to your mod setup."

281: TOOLTIP_SCAN_ERRORS = """Check for errors in mod configuration or files."""
282: TOOLTIP_SCAN_FORMATS = "Check file types against a whitelist per Data folder.\ne.g. MP3 instead of XWM/WAV in Data/Sound/."
283: TOOLTIP_SCAN_PREVIS = "Report loose Data/Vis/ and Data/Meshes/Precombined/ folders."
284: TOOLTIP_SCAN_JUNK = """Report junk files such as desktop.ini, Thumbs.db,
285: and leftover fomod folders."""
286: TOOLTIP_SCAN_BAD_OVERRIDES = """Check for overrides that typically cause issues
287: such as outdated F4SE script files or loose AnimTextData folders."""
288: INFO_SCAN_RACE_SUBGRAPHS = """Counts race animation subgraph records (RACE \\ SADD).
289: Depending on your PC, adding too many of these may result in stutter when loading Cells.
290: This issue needs more investigation as this may be mere correlation and not causation."""
291: TOOLTIP_SCAN_RACE_SUBGRAPHS = f"""{INFO_SCAN_RACE_SUBGRAPHS}
292: 
293: Base Game Count: 37
294: Warning Threshold: {RACE_SUBGRAPH_THRESHOLD}"""
295: 
296: TOOLTIP_SCAN_DDS = "Check dimensions and formats of DDS files for issues."
297: TOOLTIP_SCAN_BA2 = "Scan inside BA2 archives.\nNote: Checks may be limited for compressed archives."
298: TOOLTIP_SCAN_CONFLICTS = "Detect conflicting mods and mod settings."
299: TOOLTIP_SCAN_SUGGEST = "Make suggestions for changes to your mod setup."
300: 

282: TOOLTIP_SCAN_FORMATS = "Check file types against a whitelist per Data folder.\ne.g. MP3 instead of XWM/WAV in Data/Sound/."
283: TOOLTIP_SCAN_PREVIS = "Report loose Data/Vis/ and Data/Meshes/Precombined/ folders."
284: TOOLTIP_SCAN_JUNK = """Report junk files such as desktop.ini, Thumbs.db,
285: and leftover fomod folders."""
286: TOOLTIP_SCAN_BAD_OVERRIDES = """Check for overrides that typically cause issues
287: such as outdated F4SE script files or loose AnimTextData folders."""
288: INFO_SCAN_RACE_SUBGRAPHS = """Counts race animation subgraph records (RACE \\ SADD).
289: Depending on your PC, adding too many of these may result in stutter when loading Cells.
290: This issue needs more investigation as this may be mere correlation and not causation."""
291: TOOLTIP_SCAN_RACE_SUBGRAPHS = f"""{INFO_SCAN_RACE_SUBGRAPHS}
292: 
293: Base Game Count: 37
294: Warning Threshold: {RACE_SUBGRAPH_THRESHOLD}"""
295: 
296: TOOLTIP_SCAN_DDS = "Check dimensions and formats of DDS files for issues."
297: TOOLTIP_SCAN_BA2 = "Scan inside BA2 archives.\nNote: Checks may be limited for compressed archives."
298: TOOLTIP_SCAN_CONFLICTS = "Detect conflicting mods and mod settings."
299: TOOLTIP_SCAN_SUGGEST = "Make suggestions for changes to your mod setup."
300: 
301: TOOLTIP_UPDATE_SOURCE = """GitHub will always have the latest release.

284: TOOLTIP_SCAN_JUNK = """Report junk files such as desktop.ini, Thumbs.db,
285: and leftover fomod folders."""
286: TOOLTIP_SCAN_BAD_OVERRIDES = """Check for overrides that typically cause issues
287: such as outdated F4SE script files or loose AnimTextData folders."""
288: INFO_SCAN_RACE_SUBGRAPHS = """Counts race animation subgraph records (RACE \\ SADD).
289: Depending on your PC, adding too many of these may result in stutter when loading Cells.
290: This issue needs more investigation as this may be mere correlation and not causation."""
291: TOOLTIP_SCAN_RACE_SUBGRAPHS = f"""{INFO_SCAN_RACE_SUBGRAPHS}
292: 
293: Base Game Count: 37
294: Warning Threshold: {RACE_SUBGRAPH_THRESHOLD}"""
295: 
296: TOOLTIP_SCAN_DDS = "Check dimensions and formats of DDS files for issues."
297: TOOLTIP_SCAN_BA2 = "Scan inside BA2 archives.\nNote: Checks may be limited for compressed archives."
298: TOOLTIP_SCAN_CONFLICTS = "Detect conflicting mods and mod settings."
299: TOOLTIP_SCAN_SUGGEST = "Make suggestions for changes to your mod setup."
300: 
301: TOOLTIP_UPDATE_SOURCE = """GitHub will always have the latest release.
302: Nexus Mods releases may be delayed due to
303: their review process or to await more testing."""

289: Depending on your PC, adding too many of these may result in stutter when loading Cells.
290: This issue needs more investigation as this may be mere correlation and not causation."""
291: TOOLTIP_SCAN_RACE_SUBGRAPHS = f"""{INFO_SCAN_RACE_SUBGRAPHS}
292: 
293: Base Game Count: 37
294: Warning Threshold: {RACE_SUBGRAPH_THRESHOLD}"""
295: 
296: TOOLTIP_SCAN_DDS = "Check dimensions and formats of DDS files for issues."
297: TOOLTIP_SCAN_BA2 = "Scan inside BA2 archives.\nNote: Checks may be limited for compressed archives."
298: TOOLTIP_SCAN_CONFLICTS = "Detect conflicting mods and mod settings."
299: TOOLTIP_SCAN_SUGGEST = "Make suggestions for changes to your mod setup."
300: 
301: TOOLTIP_UPDATE_SOURCE = """GitHub will always have the latest release.
302: Nexus Mods releases may be delayed due to
303: their review process or to await more testing."""
304: TOOLTIP_LOG_LEVEL = """Sets the minimum importance level for messages sent to the log file.
305: DEBUG: Extra verbose.
306: INFO: Default.
307: ERROR: Only log errors."""
308: 

294: Warning Threshold: {RACE_SUBGRAPH_THRESHOLD}"""
295: 
296: TOOLTIP_SCAN_DDS = "Check dimensions and formats of DDS files for issues."
297: TOOLTIP_SCAN_BA2 = "Scan inside BA2 archives.\nNote: Checks may be limited for compressed archives."
298: TOOLTIP_SCAN_CONFLICTS = "Detect conflicting mods and mod settings."
299: TOOLTIP_SCAN_SUGGEST = "Make suggestions for changes to your mod setup."
300: 
301: TOOLTIP_UPDATE_SOURCE = """GitHub will always have the latest release.
302: Nexus Mods releases may be delayed due to
303: their review process or to await more testing."""
304: TOOLTIP_LOG_LEVEL = """Sets the minimum importance level for messages sent to the log file.
305: DEBUG: Extra verbose.
306: INFO: Default.
307: ERROR: Only log errors."""
308: 
309: TOOLTIP_DOWNGRADER_BACKUPS = """Backups are created prior to patching, and will be used instead of patches if present.
310: Simple Downgrader's backups will also be used.
311: 
312: Backups allow quicker switching between versions.
313: Uncheck this to delete backups after patching."""

295: 
296: TOOLTIP_SCAN_DDS = "Check dimensions and formats of DDS files for issues."
297: TOOLTIP_SCAN_BA2 = "Scan inside BA2 archives.\nNote: Checks may be limited for compressed archives."
298: TOOLTIP_SCAN_CONFLICTS = "Detect conflicting mods and mod settings."
299: TOOLTIP_SCAN_SUGGEST = "Make suggestions for changes to your mod setup."
300: 
301: TOOLTIP_UPDATE_SOURCE = """GitHub will always have the latest release.
302: Nexus Mods releases may be delayed due to
303: their review process or to await more testing."""
304: TOOLTIP_LOG_LEVEL = """Sets the minimum importance level for messages sent to the log file.
305: DEBUG: Extra verbose.
306: INFO: Default.
307: ERROR: Only log errors."""
308: 
309: TOOLTIP_DOWNGRADER_BACKUPS = """Backups are created prior to patching, and will be used instead of patches if present.
310: Simple Downgrader's backups will also be used.
311: 
312: Backups allow quicker switching between versions.
313: Uncheck this to delete backups after patching."""
314: TOOLTIP_DOWNGRADER_DELTAS = """Delta patches are downloaded as-needed and used to patch from one version to another.

296: TOOLTIP_SCAN_DDS = "Check dimensions and formats of DDS files for issues."
297: TOOLTIP_SCAN_BA2 = "Scan inside BA2 archives.\nNote: Checks may be limited for compressed archives."
298: TOOLTIP_SCAN_CONFLICTS = "Detect conflicting mods and mod settings."
299: TOOLTIP_SCAN_SUGGEST = "Make suggestions for changes to your mod setup."
300: 
301: TOOLTIP_UPDATE_SOURCE = """GitHub will always have the latest release.
302: Nexus Mods releases may be delayed due to
303: their review process or to await more testing."""
304: TOOLTIP_LOG_LEVEL = """Sets the minimum importance level for messages sent to the log file.
305: DEBUG: Extra verbose.
306: INFO: Default.
307: ERROR: Only log errors."""
308: 
309: TOOLTIP_DOWNGRADER_BACKUPS = """Backups are created prior to patching, and will be used instead of patches if present.
310: Simple Downgrader's backups will also be used.
311: 
312: Backups allow quicker switching between versions.
313: Uncheck this to delete backups after patching."""
314: TOOLTIP_DOWNGRADER_DELTAS = """Delta patches are downloaded as-needed and used to patch from one version to another.
315: If backups are present, they will be used instead.

297: TOOLTIP_SCAN_BA2 = "Scan inside BA2 archives.\nNote: Checks may be limited for compressed archives."
298: TOOLTIP_SCAN_CONFLICTS = "Detect conflicting mods and mod settings."
299: TOOLTIP_SCAN_SUGGEST = "Make suggestions for changes to your mod setup."
300: 
301: TOOLTIP_UPDATE_SOURCE = """GitHub will always have the latest release.
302: Nexus Mods releases may be delayed due to
303: their review process or to await more testing."""
304: TOOLTIP_LOG_LEVEL = """Sets the minimum importance level for messages sent to the log file.
305: DEBUG: Extra verbose.
306: INFO: Default.
307: ERROR: Only log errors."""
308: 
309: TOOLTIP_DOWNGRADER_BACKUPS = """Backups are created prior to patching, and will be used instead of patches if present.
310: Simple Downgrader's backups will also be used.
311: 
312: Backups allow quicker switching between versions.
313: Uncheck this to delete backups after patching."""
314: TOOLTIP_DOWNGRADER_DELTAS = """Delta patches are downloaded as-needed and used to patch from one version to another.
315: If backups are present, they will be used instead.
316: 

## INFO_SCAN_RACE_SUBGRAPHS
286: TOOLTIP_SCAN_BAD_OVERRIDES = """Check for overrides that typically cause issues
287: such as outdated F4SE script files or loose AnimTextData folders."""
288: INFO_SCAN_RACE_SUBGRAPHS = """Counts race animation subgraph records (RACE \\ SADD).
289: Depending on your PC, adding too many of these may result in stutter when loading Cells.
290: This issue needs more investigation as this may be mere correlation and not causation."""
291: TOOLTIP_SCAN_RACE_SUBGRAPHS = f"""{INFO_SCAN_RACE_SUBGRAPHS}
292: 
293: Base Game Count: 37
294: Warning Threshold: {RACE_SUBGRAPH_THRESHOLD}"""
295: 
296: TOOLTIP_SCAN_DDS = "Check dimensions and formats of DDS files for issues."
297: TOOLTIP_SCAN_BA2 = "Scan inside BA2 archives.\nNote: Checks may be limited for compressed archives."
298: TOOLTIP_SCAN_CONFLICTS = "Detect conflicting mods and mod settings."
299: TOOLTIP_SCAN_SUGGEST = "Make suggestions for changes to your mod setup."
300: 
301: TOOLTIP_UPDATE_SOURCE = """GitHub will always have the latest release.
302: Nexus Mods releases may be delayed due to
303: their review process or to await more testing."""
304: TOOLTIP_LOG_LEVEL = """Sets the minimum importance level for messages sent to the log file.
305: DEBUG: Extra verbose.

289: Depending on your PC, adding too many of these may result in stutter when loading Cells.
290: This issue needs more investigation as this may be mere correlation and not causation."""
291: TOOLTIP_SCAN_RACE_SUBGRAPHS = f"""{INFO_SCAN_RACE_SUBGRAPHS}
292: 
293: Base Game Count: 37
294: Warning Threshold: {RACE_SUBGRAPH_THRESHOLD}"""
295: 
296: TOOLTIP_SCAN_DDS = "Check dimensions and formats of DDS files for issues."
297: TOOLTIP_SCAN_BA2 = "Scan inside BA2 archives.\nNote: Checks may be limited for compressed archives."
298: TOOLTIP_SCAN_CONFLICTS = "Detect conflicting mods and mod settings."
299: TOOLTIP_SCAN_SUGGEST = "Make suggestions for changes to your mod setup."
300: 
301: TOOLTIP_UPDATE_SOURCE = """GitHub will always have the latest release.
302: Nexus Mods releases may be delayed due to
303: their review process or to await more testing."""
304: TOOLTIP_LOG_LEVEL = """Sets the minimum importance level for messages sent to the log file.
305: DEBUG: Extra verbose.
306: INFO: Default.
307: ERROR: Only log errors."""
308: 

## RACE_SUBGRAPH_THRESHOLD
77: FONT_LARGE = ("Cascadia Mono", 20)
78: 
79: RACE_SUBGRAPH_THRESHOLD = 100
80: 
81: 
82: BASE_FILES: dict[str, dict[str, InstallType]] = {
83: 	"Fallout4.exe": {
84: 		"1.10.120.0": InstallType.Obsolete,
85: 		"1.10.130.0": InstallType.Obsolete,
86: 		"1.10.138.0": InstallType.Obsolete,
87: 		"1.10.162.0": InstallType.Obsolete,
88: 		"1.10.163.0": InstallType.OG,
89: 		"1.10.980.0": InstallType.Obsolete,
90: 		"1.10.984.0": InstallType.NG,
91: 		"1.11.137.0": InstallType.Obsolete,
92: 		"1.11.159.0": InstallType.Obsolete,
93: 		"1.11.169.0": InstallType.Obsolete,
94: 		"1.11.191.0": InstallType.AE,
95: 	},
96: 	"Fallout4Launcher.exe": {

292: 
293: Base Game Count: 37
294: Warning Threshold: {RACE_SUBGRAPH_THRESHOLD}"""
295: 
296: TOOLTIP_SCAN_DDS = "Check dimensions and formats of DDS files for issues."
297: TOOLTIP_SCAN_BA2 = "Scan inside BA2 archives.\nNote: Checks may be limited for compressed archives."
298: TOOLTIP_SCAN_CONFLICTS = "Detect conflicting mods and mod settings."
299: TOOLTIP_SCAN_SUGGEST = "Make suggestions for changes to your mod setup."
300: 
301: TOOLTIP_UPDATE_SOURCE = """GitHub will always have the latest release.
302: Nexus Mods releases may be delayed due to
303: their review process or to await more testing."""
304: TOOLTIP_LOG_LEVEL = """Sets the minimum importance level for messages sent to the log file.
305: DEBUG: Extra verbose.
306: INFO: Default.
307: ERROR: Only log errors."""
308: 
309: TOOLTIP_DOWNGRADER_BACKUPS = """Backups are created prior to patching, and will be used instead of patches if present.
310: Simple Downgrader's backups will also be used.
311: 

## ARCHIVE_NAME_WHITELIST
144: )
145: 
146: ARCHIVE_NAME_WHITELIST = (
147: 	"creationkit - shaders.ba2",
148: 	"creationkit - textures.ba2",
149: 	"fallout4 - animations.ba2",
150: 	"fallout4 - interface.ba2",
151: 	"fallout4 - materials.ba2",
152: 	"fallout4 - meshes.ba2",
153: 	"fallout4 - meshesextra.ba2",
154: 	"fallout4 - misc.ba2",
155: 	"fallout4 - nvflex.ba2",
156: 	"fallout4 - shaders.ba2",
157: 	"fallout4 - sounds.ba2",
158: 	"fallout4 - startup.ba2",
159: 	"fallout4 - textures1.ba2",
160: 	"fallout4 - textures2.ba2",
161: 	"fallout4 - textures3.ba2",
162: 	"fallout4 - textures4.ba2",
163: 	"fallout4 - textures5.ba2",

## F4SE_CRC
318: Check this to delete xdeltas after patching."""
319: 
320: F4SE_CRC = {
321: 	"actor.pex": ("C250936E", "AE6222BE"),
322: 	"actorbase.pex": ("0681E1F5", "FB9BCDAB"),
323: 	"armor.pex": ("C145D146", "3F9E535A"),
324: 	"armoraddon.pex": ("B0D1B057", "4F62262C"),
325: 	"cell.pex": ("0CB47BBE", "29F5583B"),
326: 	"component.pex": ("EE3B04A6", "CF50DEA9"),
327: 	"constructibleobject.pex": ("9CDD93BE", "55489CE6"),
328: 	"defaultobject.pex": ("9DF10D4B", "D173AE18"),
329: 	"encounterzone.pex": ("4EC6CE1F", "A70D8729"),
330: 	"equipslot.pex": ("3ECC3CA5", "73A59F70"),
331: 	"f4se.pex": ("6EEEE7D9", "13E2A430"),
332: 	"favoritesmanager.pex": ("AC1694B2", "4933B1C6"),
333: 	"form.pex": ("57919410", "06E8A822"),
334: 	"game.pex": ("2B0602CC", "BCF2E430"),
335: 	"headpart.pex": ("8DC03678", "F6E4A814"),
336: 	"input.pex": ("92399489", "D5FC1734"),
337: 	"instancedata.pex": ("73F0FBBC", "C1F7FA69"),

