>>> cargo test scanner_autofix_domain
cargo test scanner_autofix_domain | exit=0 | duration=40s
--- cargo test scanner_autofix_domain summary ---
   Compiling cmt-rs v0.1.0 (/mnt/j/cmt-rs)
    Finished `test` profile [unoptimized + debuginfo] target(s) in 42.10s
test result: ok. 8 passed; 0 failed; 0 ignored; 0 measured; 279 filtered out; finished in 0.01s
>>> cargo test scanner_autofix_service
cargo test scanner_autofix_service | exit=0 | duration=9s
--- cargo test scanner_autofix_service summary ---
    Finished `test` profile [unoptimized + debuginfo] target(s) in 9.05s
test result: ok. 5 passed; 0 failed; 0 ignored; 0 measured; 282 filtered out; finished in 0.01s
>>> cargo test scanner_controller_autofix
cargo test scanner_controller_autofix | exit=0 | duration=7s
--- cargo test scanner_controller_autofix summary ---
    Finished `test` profile [unoptimized + debuginfo] target(s) in 9.02s
test result: ok. 6 passed; 0 failed; 0 ignored; 0 measured; 281 filtered out; finished in 0.01s
>>> cargo test scanner_worker_payload_autofix
cargo test scanner_worker_payload_autofix | exit=0 | duration=9s
--- cargo test scanner_worker_payload_autofix summary ---
    Finished `test` profile [unoptimized + debuginfo] target(s) in 9.07s
test result: ok. 1 passed; 0 failed; 0 ignored; 0 measured; 286 filtered out; finished in 0.01s
>>> cargo test s08_scanner_autofix_slint_contract
cargo test s08_scanner_autofix_slint_contract | exit=0 | duration=9s
--- cargo test s08_scanner_autofix_slint_contract summary ---
    Finished `test` profile [unoptimized + debuginfo] target(s) in 9.12s
test result: ok. 2 passed; 0 failed; 0 ignored; 0 measured; 285 filtered out; finished in 0.01s
>>> cargo test s08_scanner_autofix_runtime_wiring
cargo test s08_scanner_autofix_runtime_wiring | exit=0 | duration=6s
--- cargo test s08_scanner_autofix_runtime_wiring summary ---
    Finished `test` profile [unoptimized + debuginfo] target(s) in 9.03s
test result: ok. 6 passed; 0 failed; 0 ignored; 0 measured; 281 filtered out; finished in 0.02s
>>> cargo fmt --check
cargo fmt --check | exit=0 | duration=1s
>>> cargo check
cargo check | exit=0 | duration=18s
--- cargo check summary ---
    Checking cmt-rs v0.1.0 (/mnt/j/cmt-rs)
    Finished `dev` profile [unoptimized + debuginfo] target(s) in 17.72s
>>> cargo test
cargo test | exit=0 | duration=6s
--- cargo test summary ---
    Finished `test` profile [unoptimized + debuginfo] target(s) in 9.13s
test result: ok. 287 passed; 0 failed; 0 ignored; 0 measured; 0 filtered out; finished in 0.04s
>>> cargo clippy --all-targets --all-features
cargo clippy --all-targets --all-features | exit=0 | duration=24s
--- cargo clippy --all-targets --all-features summary ---
    Checking cmt-rs v0.1.0 (/mnt/j/cmt-rs)
warning: this function has too many arguments (8/7)
warning: `cmt-rs` (bin "cmt-rs") generated 1 warning
warning: `cmt-rs` (bin "cmt-rs" test) generated 1 warning (1 duplicate)
    Finished `dev` profile [unoptimized + debuginfo] target(s) in 23.60s
