EXISTENCE
Cargo.toml: True
src/domain/discovery.rs: True
src/domain/overview.rs: True
src/domain/tools.rs: True
src/domain/downgrader.rs: True
src/services/overview_collector.rs: True
src/services/overview.rs: True
src/services/tools.rs: True
src/services/downgrader.rs: True
src/app/overview_controller.rs: True
src/app/tools_controller.rs: True
src/app/downgrader_controller.rs: True
src/platform/filesystem.rs: True
src/workers/events.rs: True
src/workers/handoff.rs: True
src/workers/mod.rs: True
src/main.rs: True
ui/main.slint: True
ui/overview_tab.slint: True
ui/tools_tab.slint: True
ui/downgrader_window.slint: True
CMT/src/patcher/_archives.py: True
CMT/src/patcher/_base.py: True
CMT/src/globals.py: True
CMT/src/tabs/_overview.py: True
CMT/src/tabs/_tools.py: True

TEST FILES

MODULE FILES
src/domain count 10
  src\domain\downgrader.rs
  src\domain\overview.rs
  src\domain\tools.rs
src/services count 10
  src\services\downgrader.rs
  src\services\overview.rs
  src\services\overview_collector.rs
  src\services\tools.rs
src/app count 8
  src\app\downgrader_controller.rs
  src\app\overview_controller.rs
  src\app\tools_controller.rs
src/workers count 3
src/platform count 7
  src\platform\filesystem.rs
ui count 8
  ui\downgrader_window.slint
  ui\main.slint
  ui\overview_tab.slint
  ui\tools_tab.slint
