## RACE_SUBGRAPH_THRESHOLD
RACE_SUBGRAPH_THRESHOLD = 100
## ARCHIVE_NAME_WHITELIST
ARCHIVE_NAME_WHITELIST = (
	"creationkit - shaders.ba2",
	"creationkit - textures.ba2",
	"fallout4 - animations.ba2",
	"fallout4 - interface.ba2",
	"fallout4 - materials.ba2",
	"fallout4 - meshes.ba2",
	"fallout4 - meshesextra.ba2",
	"fallout4 - misc.ba2",
	"fallout4 - nvflex.ba2",
	"fallout4 - shaders.ba2",
	"fallout4 - sounds.ba2",
	"fallout4 - startup.ba2",
	"fallout4 - textures1.ba2",
	"fallout4 - textures2.ba2",
	"fallout4 - textures3.ba2",
	"fallout4 - textures4.ba2",
	"fallout4 - textures5.ba2",
	"fallout4 - textures6.ba2",
	"fallout4 - textures7.ba2",
	"fallout4 - textures8.ba2",
	"fallout4 - textures9.ba2",
	"fallout4 - texturespatch.ba2",
	"fallout4 - voices.ba2",
	"dlcultrahighresolution - textures01.ba2",
	"dlcultrahighresolution - textures02.ba2",
	"dlcultrahighresolution - textures03.ba2",
	"dlcultrahighresolution - textures04.ba2",
	"dlcultrahighresolution - textures05.ba2",
	"dlcultrahighresolution - textures06.ba2",
	"dlcultrahighresolution - textures07.ba2",
	"dlcultr
## F4SE_CRC summary
entries= 29
F4SE_CRC = {
	"actor.pex": ("C250936E", "AE6222BE"),
	"actorbase.pex": ("0681E1F5", "FB9BCDAB"),
	"armor.pex": ("C145D146", "3F9E535A"),
	"armoraddon.pex": ("B0D1B057", "4F62262C"),
	"cell.pex": ("0CB47BBE", "29F5583B"),
	"component.pex": ("EE3B04A6", "CF50DEA9"),
	"constructibleobject.pex": ("9CDD93BE", "55489CE6"),
	"defaultobject.pex": ("9DF10D4B", "D173AE18"),
	"encounterzone.pex": ("4EC6CE1F", "A70D8729"),
	"equipslot.pex": ("3ECC3CA5", "73A59F70"),
	"f4se.pex": ("6EEEE7D9", "13E2A430"),
...
	"ui.pex": ("00286C67", "749CC3DA"),
	"utility.pex": ("5FDFAB76", "9B902650"),
	"watertype.pex": ("6543E221", "946E310A"),
	"weapon.pex": ("E1E3A63C", "BCA3FD37"),
}
