Diff in /mnt/j/cmt-rs/src/domain/tools.rs:531:
         let external_entries = TOOL_GROUPS
             .iter()
             .flat_map(|group| group.entries.iter())
[31m-            .filter_map(|entry| entry.external_link().map(|link| (entry.label, entry.help_text, link)))
(B[m[32m+            .filter_map(|entry| {
(B[m[32m+                entry
(B[m[32m+                    .external_link()
(B[m[32m+                    .map(|link| (entry.label, entry.help_text, link))
(B[m[32m+            })
(B[m             .collect::<Vec<_>>();
 
         assert_eq!(external_entries.len(), 11);
Diff in /mnt/j/cmt-rs/src/domain/tools.rs:591:
                     "https://storage.icestormng-mods.de/s/QG43aExydefeGXy",
                     URL_HINT_OPEN_WEBSITE,
                 ),
[31m-                ("CapFrameX", "https://www.capframex.com/", URL_HINT_OPEN_WEBSITE),
(B[m[32m+                (
(B[m[32m+                    "CapFrameX",
(B[m[32m+                    "https://www.capframex.com/",
(B[m[32m+                    URL_HINT_OPEN_WEBSITE
(B[m[32m+                ),
(B[m             ]
         );
 
Diff in /mnt/j/cmt-rs/src/domain/tools.rs:651:
         for (_, _, link) in external_entries {
             assert_eq!(link.host_hint, url_host_hint(link.url));
         }
[31m-        assert_eq!(url_host_hint("https://example.invalid/tool"), URL_HINT_OPEN_WEBSITE);
(B[m[32m+        assert_eq!(
(B[m[32m+            url_host_hint("https://example.invalid/tool"),
(B[m[32m+            URL_HINT_OPEN_WEBSITE
(B[m[32m+        );
(B[m     }
 
     #[test]
Diff in /mnt/j/cmt-rs/src/domain/tools.rs:728:
 
         let deferred_entries = entries
             .iter()
[31m-            .filter_map(|entry| entry.deferred_utility().map(|utility| (entry.label, utility)))
(B[m[32m+            .filter_map(|entry| {
(B[m[32m+                entry
(B[m[32m+                    .deferred_utility()
(B[m[32m+                    .map(|utility| (entry.label, utility))
(B[m[32m+            })
(B[m             .collect::<Vec<_>>();
         assert_eq!(
             deferred_entries,
Diff in /mnt/j/cmt-rs/src/domain/tools.rs:754:
             assert!(!entry.is_enabled());
             assert!(entry.external_link().is_none());
         }
[31m-        for entry in entries.iter().filter(|entry| entry.external_link().is_some()) {
(B[m[32m+        for entry in entries
(B[m[32m+            .iter()
(B[m[32m+            .filter(|entry| entry.external_link().is_some())
(B[m[32m+        {
(B[m             assert!(entry.is_enabled());
             assert!(entry.deferred_utility().is_none());
         }
