   Compiling wayland-backend v0.3.15
   Compiling aws-lc-sys v0.41.0
   Compiling wayland-client v0.31.14
   Compiling wayland-csd-frame v0.3.0
   Compiling httparse v1.10.1
   Compiling cmt-rs v0.1.0 (/mnt/j/cmt-rs)
   Compiling hyper v1.9.0
   Compiling wayland-protocols v0.32.12
   Compiling wayland-cursor v0.31.14
   Compiling calloop-wayland-source v0.3.0
   Compiling calloop-wayland-source v0.4.1
   Compiling softbuffer v0.4.8
   Compiling hyper-util v0.1.20
   Compiling wayland-protocols-wlr v0.3.12
   Compiling wayland-protocols-misc v0.3.12
   Compiling wayland-protocols-experimental v20250721.0.1
   Compiling wayland-protocols-plasma v0.3.12
   Compiling smithay-client-toolkit v0.19.2
   Compiling smithay-client-toolkit v0.20.0
   Compiling sctk-adwaita v0.10.1
   Compiling smithay-clipboard v0.7.3
   Compiling winit v0.30.13
   Compiling copypasta v0.10.2
   Compiling glutin-winit v0.5.0
   Compiling accesskit_winit v0.30.0
   Compiling i-slint-backend-winit v1.16.1
   Compiling i-slint-backend-selector v1.16.1
   Compiling slint v1.16.1
   Compiling aws-lc-rs v1.17.0
   Compiling rustls v0.23.40
   Compiling rustls-webpki v0.103.13
   Compiling tokio-rustls v0.26.4
   Compiling rustls-platform-verifier v0.7.0
   Compiling hyper-rustls v0.27.9
   Compiling reqwest v0.13.3
    Finished `test` profile [unoptimized + debuginfo] target(s) in 59.55s
     Running unittests src/main.rs (target/debug/deps/cmt_rs-1eaba2067f35b79e)
