src/main.rs
 6123: std::env::temp_dir().join(format!("cmt-rs-main-{name}-{unique}"))
src/app/settings_controller.rs
 383: fs::remove_file(&settings_path).expect("settings file should be removable");
 401: fs::remove_file(&settings_path).expect("settings file should be removable");
 459: fs::remove_file(&settings_path).expect("settings file should be removable");
 505: fs::remove_file(&settings_path).expect("settings file should be removable");
 528: std::env::temp_dir().join(format!("cmt-rs-settings-controller-{case_name}-{unique}"));
src/platform/filesystem.rs
 204: fn remove_file(&self, path: &Path) -> PlatformResult<()>;
 427: let _ = fs::remove_file(&temp_path);
 452: fn remove_file(&self, path: &Path) -> PlatformResult<()> {
 453: fs::remove_file(path).map_err(|error| {
src/platform/settings_store.rs
 258: let temp_root = std::env::temp_dir().join("cmt-rs-settings-store-red");
 424: let root = std::env::temp_dir().join(format!("cmt-rs-{case_name}-{unique}"));
src/services/downgrader.rs
 1682: if let Err(diagnostic) = self.remove_file_under_root(
 1930: self.remove_file_under_root(
 2047: self.remove_file_under_root(
 2053: self.remove_file_under_root(
 2197: if let Err(diagnostic) = self.remove_file_under_root(
 2209: if let Err(diagnostic) = self.remove_file_under_root(
 2331: fn remove_file_under_root(
 2339: self.remove_file_with_context(path, row, step)
 2342: fn remove_file_with_context(
 2349: .remove_file(path)
 3550: fn remove_file(&self, path: &Path) -> PlatformResult<()> {
