src/domain/mod_manager.rs:348:pub enum ModManagerContext {
src/domain/mod_manager.rs:355:impl ModManagerContext {
src/services/overview.rs:30:    services::discovery::{DiscoveredModManager, DiscoveryReport},
src/services/overview.rs:440:        DiscoveredModManager::Vortex(_) => problems.push(
src/services/overview.rs:450:        DiscoveredModManager::ModOrganizer(configuration) => {
src/services/overview.rs:1124:        manager: Option<DiscoveredModManager>,
src/services/overview.rs:1189:    fn mo2(version: SemanticVersion) -> DiscoveredModManager {
src/services/overview.rs:1197:        DiscoveredModManager::ModOrganizer(Box::new(Mo2Configuration::new(context)))
src/services/overview.rs:1200:    fn vortex() -> DiscoveredModManager {
src/services/overview.rs:1201:        DiscoveredModManager::Vortex(VortexContext::new(
src/services/scanner.rs:22:        mod_manager::{ModManagerContext, ModOrganizerContext},
src/services/scanner.rs:157:    pub mod_manager: Option<&'a ModManagerContext>,
src/services/scanner.rs:209:    pub const fn with_mod_manager(mut self, mod_manager: &'a ModManagerContext) -> Self {
src/services/scanner.rs:579:                    ModManagerContext::ModOrganizer(context) => {
src/services/scanner.rs:594:                    ModManagerContext::Vortex(_) => {
src/services/scanner.rs:1072:            Some(ModManagerContext::ModOrganizer(context)) => {
src/services/scanner.rs:2082:    fn mo2_context() -> ModManagerContext {
src/services/scanner.rs:2097:        ModManagerContext::ModOrganizer(Box::new(context))
src/services/scanner.rs:2100:    fn vortex_context() -> ModManagerContext {
src/services/scanner.rs:2101:        ModManagerContext::Vortex(VortexContext::new(
src/services/scanner.rs:2150:        let manager = mo2_context();
src/services/scanner.rs:2160:        let request = ScannerScanRequest::new(7, &settings).with_mod_manager(&manager);
src/services/scanner.rs:2185:        let manager = vortex_context();
src/services/scanner.rs:2195:        let request = ScannerScanRequest::new(8, &settings).with_mod_manager(&manager);
src/services/scanner.rs:2327:        let manager = mo2_context();
src/services/scanner.rs:2333:        let request = ScannerScanRequest::new(12, &settings).with_mod_manager(&manager);
src/services/scanner.rs:2494:        let manager = mo2_context();
src/services/scanner.rs:2500:        let request = ScannerScanRequest::new(17, &settings).with_mod_manager(&manager);
src/services/scanner.rs:2539:        let manager = mo2_context();
src/services/scanner.rs:2550:            .with_mod_manager(&manager)
src/services/scanner.rs:2604:        let manager = mo2_context();
src/services/scanner.rs:2614:        let request = ScannerScanRequest::new(20, &settings).with_mod_manager(&manager);
src/domain/overview.rs:20:    services::discovery::DiscoveredModManager,
src/domain/overview.rs:282:    Detected(Box<DiscoveredModManager>),
src/domain/overview.rs:287:    pub fn detected(manager: DiscoveredModManager) -> Self {
src/domain/overview.rs:297:                    DiscoveredModManager::ModOrganizer(configuration) => {
src/domain/overview.rs:300:                    DiscoveredModManager::Vortex(_) => "Unknown",
src/domain/overview.rs:1349:        mod_manager: Option<DiscoveredModManager>,
src/domain/overview.rs:1485:    fn fake_mo2() -> DiscoveredModManager {
src/domain/overview.rs:1495:        DiscoveredModManager::ModOrganizer(Box::new(Mo2Configuration::new(context)))
src/services/discovery.rs:79:    pub mod_manager: Result<Option<DiscoveredModManager>, ModManagerDiscoveryError>,
src/services/discovery.rs:90:pub enum DiscoveredModManager {
src/services/discovery.rs:97:impl DiscoveredModManager {
src/services/discovery.rs:419:    ) -> Result<Option<DiscoveredModManager>, ModManagerDiscoveryError> {
src/services/discovery.rs:428:                    Some(DiscoveredModManager::ModOrganizer(Box::new(configuration)))
src/services/discovery.rs:437:                Ok(Some(DiscoveredModManager::Vortex(VortexContext {
src/services/discovery.rs:1824:        let Some(DiscoveredModManager::ModOrganizer(configuration)) =
src/services/discovery.rs:2015:        let Some(DiscoveredModManager::Vortex(context)) = report
