
running 21 tests
test app::tools_controller::tests::s05_actions_tools_controller_ignores_about_worker_payloads ... ok
test app::tools_controller::tests::s05_actions_tools_controller_sets_disabled_status_without_error_banner ... ok
test app::about_controller::tests::s05_actions_about_controller_ignores_tools_worker_payloads_and_unknown_resets ... ok
test app::tools_controller::tests::s05_actions_tools_controller_applies_failures_as_safe_error_banners ... ok
test domain::tools::tests::s05_reference_contract_about_title_credit_links_and_copy_labels_match_reference ... ok
test domain::tools::tests::s05_reference_contract_tool_urls_help_text_and_hints_match_reference ... ok
test domain::tools::tests::s05_reference_contract_tool_group_labels_and_button_order_match_reference ... ok
test domain::tools::tests::s05_reference_contract_toolkit_utilities_track_available_and_deferred_workflows ... ok
test services::tools::tests::s05_actions_about_clipboard_success_copies_only_reference_url ... ok
test services::tools::tests::s05_actions_unknown_action_ids_are_rejected_without_adapter_calls ... ok
test services::tools::tests::s05_actions_tools_open_success_uses_static_url ... ok
test services::tools::tests::s09_actions_downgrade_manager_is_routed_without_desktop_handoff_but_archive_patcher_stays_deferred ... ok
test workers::events::tests::s05_actions_worker_payload_round_trips_tools_and_about_feedback ... ok
test tests::s05_slint_contract_main_window_forwards_tools_and_about_properties_and_callbacks ... ok
test tests::s05_runtime_wiring_tools_projection_uses_initial_status_and_safe_errors ... ok
test tests::s05_slint_contract_tools_tab_replaces_placeholder_with_reference_groups ... ok
test services::tools::tests::s05_actions_unsupported_clipboard_adapter_failure_is_safe ... ok
test services::tools::tests::s05_actions_about_clipboard_failure_returns_safe_message_and_diagnostic ... ok
test services::tools::tests::s05_actions_tools_desktop_open_failure_returns_safe_message_and_diagnostic ... ok
test services::discovery::tests::mo2_discovery_parses_paths_flags_skip_rules_and_custom_tools ... ok
test domain::tools::tests::s05_reference_contract_image_resources_are_rust_owned_and_present ... ok

test result: ok. 21 passed; 0 failed; 0 ignored; 0 measured; 303 filtered out; finished in 0.02s

