46:        PROGRESS_REFRESHING_OVERVIEW_TEXT, ScannerActionDescriptor, ScannerActionFeedback,
47:        ScannerActionKind, ScannerActionTarget, ScannerCategoryKind, ScannerCategoryProjection,
93:const SCANNER_ACTION_TASK_PREFIX: &str = "s07-scanner-action:";
105:struct ScannerActionExecution {
107:    descriptor: ScannerActionDescriptor,
163:struct ScannerUiProjection {
224:    let scanner_sink = bind_scanner_worker_sink(&app, Arc::clone(&scanner_controller));
246:    bind_scanner_callbacks(
508:fn bind_scanner_worker_sink(
519:                event = "s07-scanner-worker-event-dropped",
537:                    event = "s07-scanner-worker-event-applied",
546:                event = "s07-scanner-worker-event-stale-ignored",
553:                event = "s07-scanner-worker-event-ignored",
560:                event = "s07-scanner-worker-event-rejected",
570:fn bind_scanner_callbacks(
585:                    event = "s07-scanner-category-toggle-invalid",
626:    app.on_scanner_result_selected({
633:                    event = "s07-scanner-result-selection-invalid",
664:                    ScannerActionKind::CopyDetails,
693:                    ScannerActionKind::OpenLocation,
711:                    ScannerActionKind::OpenSolutionUrl,
729:                    ScannerActionKind::CopySolutionUrl,
1411:        event = "s07-scanner-scan-schedule",
1421:            event = "s07-scanner-scan-spawn-failed",
1449:            event = "s07-scanner-scan-not-scheduled",
1468:            event = "s07-scanner-scan-not-scheduled",
1492:        event = "s07-scanner-worker-started",
1521:            event = "s07-scanner-discovery-failure",
1529:            event = "s07-scanner-manager-discovery-failure",
1553:        event = "s07-scanner-overview-facts-collected",
1578:        event = "s07-scanner-overview-refresh-phase",
1656:            event = "s07-scanner-progress-handoff-failed",
1690:        event = "s07-scanner-progress-emitted",
1704:        event = "s07-scanner-scan-output",
1722:            event = "s07-scanner-safe-diagnostic",
1753:    action: ScannerActionKind,
1764:        event = "s07-scanner-action-schedule",
1775:            event = "s07-scanner-action-spawn-failed",
1782:        let feedback = ScannerActionFeedback::failed(scan_id, action, SCANNER_ACTION_START_ERROR)
1793:    action: ScannerActionKind,
1794:) -> Option<ScannerActionExecution> {
1802:            .map(|descriptor| ScannerActionExecution {
1811:fn scanner_action_task(action: ScannerActionKind, scan_id: Option<u64>) -> WorkerTask {
1827:) -> Option<(Option<u64>, ScannerActionKind)> {
1835:    Some((scan_id, ScannerActionKind::from_id(action_id)?))
1838:fn execute_scanner_action_payload(execution: ScannerActionExecution) -> BlockingWorkerResult {
1850:    execution: ScannerActionExecution,
1853:) -> ScannerActionFeedback
1861:        (ScannerActionKind::CopyDetails, ScannerActionTarget::DetailsText) => {
1863:                return ScannerActionFeedback::failed(
1875:        (ScannerActionKind::OpenLocation, ScannerActionTarget::Path(path)) => {
1878:        (ScannerActionKind::OpenSolutionUrl, ScannerActionTarget::Url(url)) => {
1881:        (ScannerActionKind::CopySolutionUrl, ScannerActionTarget::Url(url)) => {
1884:        _ => ScannerActionFeedback::failed(scan_id, action, SCANNER_ACTION_UNAVAILABLE_MESSAGE),
1890:    action: ScannerActionKind,
1892:) -> ScannerActionFeedback {
1894:        ScannerActionFeedback::succeeded(scan_id, action, result.safe_message())
1896:        ScannerActionFeedback::failed(scan_id, action, result.safe_message())
1907:    action: ScannerActionKind,
1909:) -> ScannerActionFeedback {
1911:        ScannerActionFeedback::succeeded(scan_id, action, result.safe_message())
1913:        ScannerActionFeedback::failed(scan_id, action, result.safe_message())
2314:) -> Option<ScannerActionFeedback> {
2321:        ScannerActionFeedback::failed(scan_id, action, failure.safe_message.clone())
2431:                event = "s07-scanner-controller-lock-poisoned",
2577:fn project_scanner_state(controller: &ScannerController) -> ScannerUiProjection {
2582:    ScannerUiProjection {
2591:        result_rows: format_scanner_result_rows(controller.groups(), controller.results()),
2698:            ScannerActionKind::OpenLocation,
2702:            ScannerActionKind::OpenSolutionUrl,
2706:            ScannerActionKind::CopySolutionUrl,
2710:            ScannerActionKind::ShowFileList,
2725:    action: ScannerActionKind,
2733:fn format_scanner_result_rows(
2803:fn apply_scanner_projection(app: &MainWindow, projection: ScannerUiProjection) {
2818:    app.set_scanner_result_count_text(projection.result_count_text.as_str().into());
2819:    app.set_scanner_result_rows(model_from_vec(projection.result_rows));
4006:        assert_eq!(prepared.request.task.id.as_str(), "s07-scanner-scan:2");
4159:            prepare_scanner_action_execution(&controller, ScannerActionKind::CopyDetails)
4170:            prepare_scanner_action_execution(&controller, ScannerActionKind::OpenLocation)
4205:        let task = scanner_action_task(ScannerActionKind::OpenLocation, Some(request.scan_id));
4208:            Some((Some(request.scan_id), ScannerActionKind::OpenLocation))
