
## fn bind_tools_callbacks
751:             );
752:         }
753:     })
754: }
755: 
756: fn bind_tools_callbacks(
757:     app: &MainWindow,
758:     downgrader_window: &DowngraderWindow,
759:     controller: Arc<Mutex<ToolsController>>,
760:     downgrader_controller: Arc<Mutex<DowngraderController>>,
761:     settings_controller: Rc<RefCell<SettingsController<FileAssetResolver>>>,
762:     worker_runtime: WorkerRuntime,
763:     tools_sink: SlintEventLoopSink,
764:     downgrader_sink: SlintEventLoopSink,
765: ) {
766:     app.on_tool_action_requested({
767:         let app = app.as_weak();
768:         let downgrader_window = downgrader_window.as_weak();
769:         let controller = Arc::clone(&controller);
770:         let downgrader_controller = Arc::clone(&downgrader_controller);
771:         let settings_controller = Rc::clone(&settings_controller);
772:         let downgrader_sink = downgrader_sink.clone();
773: 
774:         move |action_id| {
775:             let action_id = action_id.to_string();
776:             if action_id == ToolActionId::DowngradeManager.as_str() {
777:                 if let Some(downgrader_window) = downgrader_window.upgrade() {
778:                     request_open_downgrader_modal(
779:                         &downgrader_window,
780:                         &downgrader_controller,
781:                         &settings_controller,

## fn bind_overview_callbacks
1163:             apply_current_overview_snapshot(&app, &controller);
1164:         }
1165:     })
1166: }
1167: 
1168: fn bind_overview_callbacks(
1169:     app: &MainWindow,
1170:     downgrader_window: &DowngraderWindow,
1171:     overview_controller: Arc<Mutex<OverviewController>>,
1172:     downgrader_controller: Arc<Mutex<DowngraderController>>,
1173:     settings_controller: Rc<RefCell<SettingsController<FileAssetResolver>>>,
1174:     worker_runtime: WorkerRuntime,
1175:     overview_sink: SlintEventLoopSink,
1176:     downgrader_sink: SlintEventLoopSink,
1177:     runtime_handle: tokio::runtime::Handle,
1178: ) {
1179:     app.on_overview_refresh_requested({
1180:         let app = app.as_weak();
1181:         let overview_controller = Arc::clone(&overview_controller);
1182:         let settings_controller = Rc::clone(&settings_controller);
1183:         let overview_sink = overview_sink.clone();
1184:         let runtime_handle = runtime_handle.clone();
1185: 
1186:         move || {
1187:             if let Some(app) = app.upgrade() {
1188:                 request_overview_refresh(
1189:                     &app,
1190:                     &overview_controller,
1191:                     &settings_controller,
1192:                     worker_runtime,
1193:                     overview_sink.clone(),

## fn open_downgrader_window
not found

## on_overview_open_archive_patcher_requested
1275:                 );
1276:             }
1277:         }
1278:     });
1279: 
1280:     app.on_overview_open_archive_patcher_requested({
1281:         let app = app.as_weak();
1282:         let overview_controller = Arc::clone(&overview_controller);
1283: 
1284:         move || {
1285:             if let Some(app) = app.upgrade() {
1286:                 apply_action_error(
1287:                     &app,
1288:                     &overview_controller,
1289:                     OverviewDeferredActionKind::OpenArchivePatcher,
1290:                     "Archive Patcher is reserved for a later port phase.".to_owned(),
1291:                 );
1292:             }
1293:         }
1294:     });
1295: }
1296: 
1297: fn bind_f4se_worker_sink(
1298:     app: &MainWindow,
1299:     controller: Arc<Mutex<F4seController>>,
1300: ) -> SlintEventLoopSink {
1301:     let app = app.as_weak();
1302:     SlintEventLoopSink::new(move |event| {
1303:         let task_id = event.task.id.to_string();
1304:         let task_kind = event.task.kind.label();
1305:         let status = event.status.label();

## ArchivePatcher
1284:         move || {
1285:             if let Some(app) = app.upgrade() {
1286:                 apply_action_error(
1287:                     &app,
1288:                     &overview_controller,
1289:                     OverviewDeferredActionKind::OpenArchivePatcher,
1290:                     "Archive Patcher is reserved for a later port phase.".to_owned(),
1291:                 );
1292:             }
1293:         }
1294:     });
1295: }
1296: 
1297: fn bind_f4se_worker_sink(
1298:     app: &MainWindow,
1299:     controller: Arc<Mutex<F4seController>>,
1300: ) -> SlintEventLoopSink {
1301:     let app = app.as_weak();
1302:     SlintEventLoopSink::new(move |event| {
1303:         let task_id = event.task.id.to_string();
1304:         let task_kind = event.task.kind.label();
1305:         let status = event.status.label();
1306:         let Some(app) = app.upgrade() else {
1307:             tracing::warn!(
1308:                 event = "s06-f4se-worker-event-dropped",
1309:                 task_id = %task_id,
1310:                 task_kind,
1311:                 status,
1312:                 "F4SE worker event arrived after the Slint window was gone"
1313:             );
1314:             return;

## DowngraderOpenSource
250:     title: String,
251:     body: String,
252: }
253: 
254: #[derive(Debug, Clone, Copy, PartialEq, Eq)]
255: enum DowngraderOpenSource {
256:     Overview,
257:     Tools,
258: }
259: 
260: impl DowngraderOpenSource {
261:     const fn label(self) -> &'static str {
262:         match self {
263:             Self::Overview => "overview",
264:             Self::Tools => "tools",
265:         }
266:     }
267: }
268: 
269: fn main() -> Result<(), Box<dyn std::error::Error>> {
270:     let tokio_runtime = tokio::runtime::Builder::new_multi_thread()
271:         .enable_all()
272:         .thread_name("cmt-rs-worker")
273:         .build()?;
274:     let runtime_handle = tokio_runtime.handle().clone();
275:     let _runtime_guard = tokio_runtime.enter();
276: 
277:     let app = MainWindow::new()?;
278:     let settings_controller = Rc::new(RefCell::new(load_settings_controller()));
279:     let shared_settings_snapshot = Arc::new(Mutex::new(
280:         settings_controller.borrow().current_settings().clone(),

## tools.archive_patcher
6556:                 "label: \"Downgrade Manager\"",
6557:                 "action-id: \"tools.downgrade_manager\"",
6558:                 "Open the Downgrade Manager workflow.",
6559:                 "root.open-downgrade-manager-requested()",
6560:                 "label: \"Archive Patcher\"",
6561:                 "action-id: \"tools.archive_patcher\"",
6562:                 "button-enabled: false;",
6563:                 "Deferred until S10 Archive Patcher workflow is ported.",
6564:             ],
6565:         );
6566:         assert_eq!(TOOLS_SLINT.matches("button-enabled: false;").count(), 1);
6567: 
6568:         assert_source_contains_in_order(
6569:             MAIN_SLINT,
6570:             &[
6571:                 "callback overview-open-downgrade-manager-requested()",
6572:                 "callback tools-open-downgrade-manager-requested()",
6573:                 "OverviewTab {",
6574:                 "root.overview-open-downgrade-manager-requested()",
6575:                 "ToolsTab {",
6576:                 "root.tools-open-downgrade-manager-requested()",
6577:             ],
6578:         );
6579:     }
6580: 
6581:     #[test]
6582:     fn s05_slint_contract_tools_tab_replaces_placeholder_with_reference_groups() {
6583:         assert!(TOOLS_SLINT.contains("export component ToolsTab"));
6584:         assert!(TOOLS_SLINT.contains("background: #202020;"));
6585:         assert!(TOOLS_SLINT.contains("in-out property <string> tools-last-action-error"));
6586:         assert!(TOOLS_SLINT.contains("in-out property <string> tools-disabled-utility-status"));

## open_archive
1275:                 );
1276:             }
1277:         }
1278:     });
1279: 
1280:     app.on_overview_open_archive_patcher_requested({
1281:         let app = app.as_weak();
1282:         let overview_controller = Arc::clone(&overview_controller);
1283: 
1284:         move || {
1285:             if let Some(app) = app.upgrade() {
1286:                 apply_action_error(
1287:                     &app,
1288:                     &overview_controller,
1289:                     OverviewDeferredActionKind::OpenArchivePatcher,
1290:                     "Archive Patcher is reserved for a later port phase.".to_owned(),
1291:                 );
1292:             }
1293:         }
1294:     });
1295: }
1296: 
1297: fn bind_f4se_worker_sink(
1298:     app: &MainWindow,
1299:     controller: Arc<Mutex<F4seController>>,
1300: ) -> SlintEventLoopSink {
1301:     let app = app.as_weak();
1302:     SlintEventLoopSink::new(move |event| {
1303:         let task_id = event.task.id.to_string();
1304:         let task_kind = event.task.kind.label();
1305:         let status = event.status.label();

## request_overview_refresh
369:         overview_sink.clone(),
370:         downgrader_sink,
371:         runtime_handle.clone(),
372:     );
373: 
374:     request_overview_refresh(
375:         &app,
376:         &overview_controller,
377:         &settings_controller,
378:         worker_runtime,
379:         overview_sink,
380:         runtime_handle,
381:     );
382: 
383:     Ok(app.run()?)
384: }
385: 
386: fn load_settings_controller() -> SettingsController<FileAssetResolver> {
387:     SettingsController::load(SettingsStore::production()).unwrap_or_else(|error| {
388:         tracing::error!(%error, "Settings : Failed to load settings; using in-memory defaults");
389:         SettingsController::from_settings(SettingsStore::production(), AppSettings::default())
390:     })
391: }
392: 
393: fn bind_settings_callbacks(
394:     app: &MainWindow,
395:     controller: Rc<RefCell<SettingsController<FileAssetResolver>>>,
396:     shared_settings_snapshot: Arc<Mutex<AppSettings>>,
397: ) {
398:     app.on_update_source_selected({
399:         let app = app.as_weak();

## fn bind_downgrader_worker_sink
439:             "Current settings snapshot could not be updated"
440:         ),
441:     }
442: }
443: 
444: fn bind_downgrader_worker_sink(
445:     app: &MainWindow,
446:     window: &DowngraderWindow,
447:     controller: Arc<Mutex<DowngraderController>>,
448:     overview_controller: Arc<Mutex<OverviewController>>,
449:     shared_settings_snapshot: Arc<Mutex<AppSettings>>,
450:     worker_runtime: WorkerRuntime,
451:     overview_sink: SlintEventLoopSink,
452:     runtime_handle: tokio::runtime::Handle,
453: ) -> SlintEventLoopSink {
454:     let app = app.as_weak();
455:     let window = window.as_weak();
456:     SlintEventLoopSink::new(move |event| {
457:         let task_id = event.task.id.to_string();
458:         let task_kind = event.task.kind.label();
459:         let status = event.status.label();
460:         let was_run_completion = matches!(
461:             &event.payload,
462:             WorkerPayload::Downgrader(workers::DowngraderWorkerPayload::RunCompleted { .. })
463:         );
464:         let Some(window) = window.upgrade() else {
465:             tracing::warn!(
466:                 event = "s09-downgrader-worker-event-dropped",
467:                 task_id = %task_id,
468:                 task_kind,
469:                 status,
