## S01 True
# S01: Slint Shell Port Architecture
**
# Phase 01 Plan 01: Slint Dependency/Build Pipeline Summary
**External Slint MainWindow build pipeline with aligned runtime/build crates and a Rust entry point that launches the generated window.**
**1. [Rule 3 - Blocking] Added a temporary no-op build script during Task 1**
## What Happened: # Phase 01 Plan 01: Slint Dependency/Build Pipeline Summary **External Slint MainWindow build pipeline with aligned runtime/build crates and a Rust entry point that launches the generated window.**
## Verification: - `cargo check` after Task 1: passed - `cargo check` after Task 2: passed - `cargo check` after Task 3: passed - `cargo fmt --check`: passed
## Files Created/Modified: - `Cargo.toml` - Declares `build = "build.rs"`, aligned Slint dependencies, and focused foundation crates. - `build.rs` - Compiles only the repository-local `ui/main.slint` path through `slint-build`. - `ui/main.slint` - Defines the first inert `MainWindow` shell with the required title. - `src/main.rs` - Includes generated Slint modules and runs the generated `MainWindow`.

## S02 True
# S02: Settings Defaults Parity
**Settings defaults, persistence, UI labels, and immediate-save rollback now have a typed Rust/Slint contract with automated parity coverage.**
key_files: src/domain/settings.rs, src/platform/settings_store.rs, src/app/settings_controller.rs, src/app/mod.rs, src/main.rs, ui/settings_tab.slint, Cargo.toml, .gsd/REQUIREMENTS.md
## What Happened: S02 established the Settings foundation for later port slices. The Rust domain now owns typed `AppSettings`, `UpdateSource`, `LogLevel`, scanner toggles, and downgrader preferences with reference-compatible JSON keys, defaults, wire values, diagnostics, and repair behavior. A platform settings store loads first-run defaults from the production `settings.json` path, uses an asset resolver for `download-source.txt`, supports injectable paths for tests, repairs valid-but-incomplete files, and repor
## Verification: All four S02 tasks are complete in GSD state. Prior closeout-safe verification evidence from this slice passed: `cargo fmt --check` exit 0 (gsd_exec e7c22043-947d-49cf-a291-e84da874e368, 263ms), `cargo check` exit 0 (2143d6ff-5143-47ab-af57-6acf9c214106, 8143ms), `cargo test` exit 0 with 31 tests passed (b3fc1048-23b4-4d29-91a9-050236a3b5a6, 7685ms), and `cargo clippy --all-targets --all-features` exit 0 (d4afdceb-e3dd-4764-b4b1-0fb24761b290, 8174ms). Automated coverage includes settings default
## Files Created/Modified: - `src/domain/settings.rs` — Added typed settings models, defaults, JSON wire handling, diagnostics, repair behavior, and tests. - `src/platform/settings_store.rs` — Added filesystem-backed settings load/save behavior, production path handling, asset resolver support, repair/resave semantics, and IO tests. - `src/app/settings_controller.rs` — Added controller state for startup load, immediate persistence, invalid selection repair, and save-failure rollback. - `src/app/mod.rs` — Exposes Settings 

## S03 True
# S03: S03
**Established typed Fallout 4 discovery contracts, fakeable platform seams, a tested discovery orchestration service, and reusable worker event handoff foundations without launching the GUI.**
key_files: src/domain/discovery.rs, src/domain/mod_manager.rs, src/domain/mod.rs, src/platform/mod.rs, src/platform/filesystem.rs, src/platform/registry.rs, src/platform/process.rs, src/platform/desktop.rs
## What Happened: S03 created the Phase 3 backend foundation for later Overview, F4SE, Scanner, Tools, Downgrader, and Archive Patcher work. The domain layer now represents Fallout 4 installation state, optional Data and Data/F4SE/Plugins paths, archive/module/INI records, semantic versions, install-type labels, Vortex identity-only context, MO2 directory/profile/skip-rule context, MO2 configuration output, and typed discovery/MO2 errors with reference-compatible user messages. The platform layer now exposes inje
## Verification: All four S03 tasks are complete and the recorded current-host verification gates passed via closeout-safe GSD verification evidence: cargo fmt --check passed, cargo check passed, cargo test passed with 87 tests, and cargo clippy --all-targets --all-features passed. Task-level coverage includes pure domain error/message contracts, fake platform adapter behavior, discovery ordering, path normalization, optional derived paths, registry error handling, MO2 portable/instance ordering and typed failur
## Files Created/Modified: - `src/domain/discovery.rs` — Fallout 4 installation, derived paths, archive/module/INI records, semantic versions, install types, and discovery errors. - `src/domain/mod_manager.rs` — MO2/Vortex identity, MO2 directories/profile/skip-rule context, configuration shape, and typed manager errors. - `src/domain/mod.rs` — Domain module exports and import smoke coverage. - `src/platform/mod.rs` — Shared platform error/operation contract and adapter module exports.

## S04 True
# S04: Overview Diagnostics & Updates
**Overview now renders typed, worker-refreshed game, binary, archive, module, update, and problem diagnostics instead of an inert placeholder.**
key_files: src/domain/overview.rs, src/services/overview.rs, src/services/overview_collector.rs, src/services/update.rs, src/app/overview_controller.rs, src/main.rs, src/workers/events.rs, src/workers/handoff.rs
## What Happened: S04 turned the Overview tab into the first visible consumer of the settings, discovery, platform, desktop, and worker seams built in earlier slices. The work introduced a pure `OverviewSnapshot` domain contract, a scanner-ready `OverviewProblem` feed, and a pure `OverviewDiagnostics` projection service so labels, counts, severities, deferred actions, update states, and partial-discovery errors can be tested without Slint or host OS access. An adapter-backed collector now reads bounded binary met
## Verification: Fresh closeout verification was run through `gsd_exec` in this retry. `cargo fmt --check` exited 0 in 360ms; `cargo check` exited 0 in 9150ms; `cargo test` exited 0 in 8883ms with 143 passed, 0 failed; `cargo clippy --all-targets --all-features` exited 0 in 9347ms (`.gsd/exec/59e398b8-da3d-4763-bc1d-261afc8d6f2a.stdout`). A supplemental closeout source-marker inspection verified the expected observability events, reference labels, disabled deferred controls, and safe error state markers (`.gsd/e
## Files Created/Modified: - `src/domain/overview.rs` — Added Overview snapshot, labels, rows, update states, deferred actions, safe errors, and scanner-ready problem contracts. - `src/services/overview.rs` — Added pure diagnostics projection from discovery/settings/facts into Overview snapshots and problem feeds. - `src/services/overview_collector.rs` — Added adapter-backed bounded filesystem/process collection for binaries, BA2 archives, modules, enablement files, and diagnostics. - `src/services/update.rs` — Added inje

## S05 True
# S05: Tools Shell, Links & About
**Tools and About are now reference-shaped Slint tabs with Rust-owned static contracts, safe link/copy actions, deferred utility entries, visible failure feedback, and passing slice gates.**
key_files: Cargo.toml, Cargo.lock, src/domain/tools.rs, src/domain/mod.rs, src/platform/clipboard.rs, src/platform/desktop.rs, src/platform/mod.rs, src/services/tools.rs
## What Happened: S05 replaced the inert Tools and About placeholders with a faithful, non-destructive Rust/Slint shell for the reference app's utility and attribution surfaces. T01 established `src/domain/tools.rs` as the pure Rust source of truth for ordered Tools groups, button labels, URLs, help text, About attribution/link definitions, copy-feedback constants, disabled utility metadata, and Rust-owned image resource paths; the required reference images were copied into `resources/images/` without modifying `
## Verification: Closeout verification was run with `gsd_exec`: `cargo fmt --check` passed with exit 0 in 463ms (6574d641-bd28-4bd5-bb83-b3e8e446f5e7); `cargo check` passed with exit 0 in 8513ms (485cec21-c96b-4b82-bd1a-a45fa46966cb); `cargo test` passed with exit 0 in 8268ms and reported `174 passed; 0 failed; 0 ignored` (473dd5d3-7978-4676-954a-db4d2a9c174b); `cargo clippy --all-targets --all-features` passed with exit 0 in 8481ms (e96e3a1c-5c3c-4832-acc1-f62b49305f52). Prior S05 T05 evidence was reused for th
## Files Created/Modified: - `Cargo.toml` — Added the focused production clipboard dependency used behind a fakeable boundary. - `Cargo.lock` — Updated dependency lockfile for clipboard support. - `src/domain/tools.rs` — Added the pure Tools/About reference contract with labels, ids, URLs, help text, image paths, copy constants, deferred utility metadata, and tests. - `src/domain/mod.rs` — Exported the Tools/About domain contract module.

## S06 True
# S06: F4SE Diagnostics
**Delivered a read-only, lazy, non-blocking F4SE DLL compatibility diagnostics tab with reference-shaped columns, legend, safe failures, and owned worker handoff.**
key_files: src/domain/f4se.rs, src/services/f4se.rs, src/app/f4se_controller.rs, src/workers/events.rs, src/workers/mod.rs, ui/f4se_tab.slint, ui/main.slint, src/main.rs
## What Happened: S06 replaced the inert F4SE placeholder with a faithful diagnostics workflow for `Data/F4SE/Plugins`. The implementation added a Slint-free F4SE domain contract with reference-locked labels, loading text, table columns (`DLL`, `OG`, `NG`, `AE`, `Your Game`), icon/legend semantics, row severities, scan snapshots, and current-game warning behavior. The scan service enumerates only direct child `.dll` files under the discovered plugins folder, skips `msdia*` DLLs, preserves empty-plugin-folder beha
## Verification: Closeout verification passed through `gsd_exec`: `cargo fmt --check` exit 0 (`58c8d4a8-62c7-4be3-8b96-57aa4285aa94`); `cargo check` exit 0 (`556db084-8a52-40ed-9990-e31731ac66a0`); `cargo test` exit 0 with 214 passed, 0 failed (`d9068a96-de9a-4495-9c3d-4905ea20f681`); `cargo clippy --all-targets --all-features` exit 0 (`8aedcb08-88bc-42e0-91f0-c35bc3e98c05`); focused S06 filters `cargo test f4se_domain`, `f4se_scan_service`, `f4se_dll_inspector`, `f4se_controller`, `f4se_worker_payload`, `s06_f4
## Files Created/Modified: - `src/domain/f4se.rs` — Added Slint-free F4SE domain contract, constants, compatibility rows/cells, snapshots, statuses, and render helpers. - `src/domain/mod.rs` — Exported the F4SE domain module. - `Cargo.toml` — Added Pelite dependency for local PE/DLL export inspection. - `Cargo.lock` — Refreshed dependency lockfile for Pelite.

## S07 True
# S07: Scanner Read Only Results
**Delivered the reference-shaped read-only Scanner tab, adapter-backed scan engine, controller/worker handoff, Slint surface, runtime wiring, and safe diagnostics/actions while keeping Auto-Fix deferred.**
key_files: src/domain/scanner.rs, src/services/scanner.rs, src/services/mod.rs, src/app/scanner_controller.rs, src/app/mod.rs, src/app/settings_controller.rs, src/workers/events.rs, src/workers/mod.rs
commands: cargo test scanner_domain; cargo test scanner_scan_service; cargo test scanner_controller; cargo test scanner_worker_payload; cargo test settings_controller_saves_scanner; cargo test s07_scanner_slint_contract
## What Happened: S07 replaced the Scanner placeholder with a faithful read-only Scanner workflow. T01 established the pure domain contract for reference category labels, settings projection, result grouping, detail records, action descriptors, Overview handoff, and copy-details rendering. T02 added the adapter-backed ScannerScanService over the fakeable Filesystem seam, including reference classification rules, MO2 attribution, Vortex Data-only behavior, progress events, safe diagnostics, and partial-failure con
## Verification: Final closeout verification was run through gsd_exec on the Windows-side cargo environment after restoring the missing T02 task summary and fixing display-only path normalization. All targeted S07 filters and full cargo gates exited 0: | # | Command | Exit Code | Verdict | Duration | |---|---------|-----------|---------|----------|
## Files Created/Modified: - `src/domain/scanner.rs` — Scanner domain contract, result/detail/action models, copy-details rendering, scan snapshots, and display-only slash normalization for detail paths. - `src/services/scanner.rs` — Adapter-backed read-only Scanner scan service, reference rule classification, MO2 index, Vortex Data-only behavior, progress events, and diagnostics. - `src/services/mod.rs` — Exports the scanner service module. - `src/app/scanner_controller.rs` — Slint-free Scanner controller for settings, s

## S08 True
# S08: Scanner Auto Fix Actions
**Added fail-closed Scanner Auto-Fix domain, service, controller, worker, Slint, and runtime plumbing while keeping the production registry empty for reference parity.**
key_files: src/domain/autofix.rs, src/domain/scanner.rs, src/services/autofix.rs, src/services/scanner.rs, src/app/scanner_controller.rs, src/workers/events.rs, ui/scanner_tab.slint, ui/main.slint
## What Happened: S08 extends the S07 Scanner foundation with a typed Auto-Fix architecture without enabling any real production file mutations. The reference app exposes Auto-Fix lifecycle strings, but `CMT/src/autofixes.py::AUTO_FIXES` is empty, so the Rust production path now mirrors that behavior: normal Scanner results do not render an Auto-Fix button unless a typed solution maps to a registered operation. The implementation added `src/domain/autofix.rs` with lifecycle labels, operation keys, operation plans
## Verification: Fresh closeout verification was run through `gsd_exec` in run `eaa555ac-0265-4c43-a786-ed3d9c347bfa`. All required slice checks passed: `cargo test scanner_autofix_domain` (8 passed), `cargo test scanner_autofix_service` (5 passed), `cargo test scanner_controller_autofix` (6 passed), `cargo test scanner_worker_payload_autofix` (1 passed), `cargo test s08_scanner_autofix_slint_contract` (2 passed), `cargo test s08_scanner_autofix_runtime_wiring` (6 passed), `cargo fmt --check`, `cargo check`, ful
## Files Created/Modified: - `src/domain/autofix.rs` — New typed Auto-Fix labels, operation keys, request/completion/rejection payloads, plan preview, confirmation, and precondition contracts. - `src/domain/scanner.rs` — Scanner results retain typed solution metadata and compute deterministic Auto-Fix selection identities. - `src/services/autofix.rs` — Empty production registry plus injected fake registry execution service with fail-closed validation and safe completion/rejection outputs. - `src/services/scanner.rs` — Sca

## S09 True
# S09: Downgrade Manager Workflow
**Delivered a live Downgrade Manager modal opened from Overview or Tools with reference-shaped status, options, inline plan confirmation, safe digest-bound execution, live progress/log feedback, and sandbox-proven mutation safeguards.**
key_files: src/domain/downgrader.rs, src/services/downgrader.rs, src/app/downgrader_controller.rs, src/workers/events.rs, src/platform/filesystem.rs, src/main.rs, ui/downgrader_window.slint, ui/main.slint
## What Happened: S09 ports the reference Downgrader workflow into the Rust/Slint application as a separate `Downgrader` window surfaced from both Overview and Tools. The slice added a Slint-free `domain::downgrader` contract for the reference labels, desired targets (`Old-Gen`, `Next-Gen`), managed Fallout 4 and Creation Kit file set, CRC/status vocabulary, backup naming, patch URL naming, about copy, plan rows, log rows, and progress payloads. `services::downgrader` classifies the six managed files through the 
## Verification: Fresh closeout verification was run through `gsd_exec` id `62a79917-b91a-4a94-9c84-b5d979e46132`. All required slice filters and quality gates exited 0: `cargo test downgrader_domain --quiet` (8 passed), `cargo test downgrader_service_plan --quiet` (8 passed), `cargo test downgrader_executor --quiet` (6 passed), `cargo test downgrader_controller --quiet` (10 passed), `cargo test downgrader_worker_payload --quiet` (1 passed), `cargo test s09_downgrader_slint_contract --quiet` (2 passed), `cargo t
## Files Created/Modified: - `src/domain/downgrader.rs` — Added the Slint-free Downgrader domain contract, reference strings, CRC/status mappings, file definitions, plan/log/progress payloads, backup helpers, and patch metadata helpers. - `src/services/downgrader.rs` — Added read-only status/plan generation, safe containment validation, digest-bound confirmed execution, delta integrity checks, bounded VCDIFF application, live event callbacks, and executor tests. - `src/app/downgrader_controller.rs` — Added the Slint-free 

## S10 True
# S10: Archive Patcher Workflow
**Delivered a live Archive Patcher workflow from Overview and Tools with fail-closed BA2 header patching, latest-run restore manifests, and off-thread Slint-safe workers.**
key_files: src/domain/archive_patcher.rs, src/services/archive_patcher.rs, src/platform/filesystem.rs, src/app/archive_patcher_controller.rs, src/workers/events.rs, src/workers/mod.rs, src/domain/overview.rs, src/services/overview.rs
## What Happened: S10 added the Archive Patcher as a real Rust/Slint workflow instead of a deferred utility. The slice began by defining Slint-free Archive Patcher domain models and a read-only preview planner that preserves the reference target inversion, labels, filter behavior, bounded 12-byte BA2 prefix probes, stable preview digests, candidate rows, plan rows, log rows, progress summaries, and restore-manifest payloads. It then implemented safe execution behind the filesystem seam: confirmed patching rebuild
## Verification: Fresh closeout verification was run through `gsd_exec` run `1cf70896-bf3c-45be-9cff-299e8d80c916` and all required S10 plan gates passed: `cargo test archive_patcher_domain --quiet` (4 passed), `cargo test archive_patcher_service_plan --quiet` (8 passed), `cargo test archive_patcher_executor --quiet` (9 passed), `cargo test archive_patcher_controller --quiet` (7 passed), `cargo test archive_patcher_worker_payload --quiet` (1 passed), `cargo test s10_archive_patcher_slint_contract --quiet` (4 pas
## Files Created/Modified: - `src/domain/archive_patcher.rs` — Added Archive Patcher domain constants, desired targets, candidate/plan/log/progress models, execution summaries, restore manifest payloads, and digest support. - `src/services/archive_patcher.rs` — Added read-only planning, fail-closed patch execution, restore-last-run execution, BA2 header validation, manifest handling, and per-file result aggregation. - `src/platform/filesystem.rs` — Extended the filesystem seam with bounded byte-range write support and rea

