    Checking bytemuck v1.25.0
    Checking zerofrom v0.1.8
    Checking tracing v0.1.44
    Checking wayland-client v0.31.14
    Checking yoke v0.8.2
    Checking font-types v0.11.3
    Checking zerovec v0.11.6
    Checking zerotrie v0.2.4
    Checking read-fonts v0.37.0
    Checking thiserror v1.0.69
    Checking calloop v0.13.0
    Checking zbus v5.15.0
    Checking tiny-skia-path v0.12.0
    Checking rustybuzz v0.20.1
    Checking rgb v0.8.53
    Checking tiny-skia-path v0.11.4
    Checking wayland-protocols v0.32.12
    Checking wayland-cursor v0.31.14
    Checking futures-util v0.3.32
    Checking const-field-offset v0.2.0
    Checking tinystr v0.8.3
    Checking potential_utf v0.1.5
    Checking calloop-wayland-source v0.3.0
    Checking tiny-skia v0.12.0
    Checking calloop v0.14.4
    Checking vtable v0.4.0
    Checking tiny-skia v0.11.4
    Checking image v0.25.10
    Checking icu_collections v2.2.0
    Checking icu_locale_core v2.2.0
    Checking glutin_egl_sys v0.7.1
    Checking glutin_glx_sys v0.6.1
    Checking tiny-xlib v0.2.5
   Compiling i-slint-backend-selector v1.16.1
   Compiling cmt-rs v0.1.0 (/mnt/j/cmt-rs)
    Checking calloop-wayland-source v0.4.1
    Checking tracing-subscriber v0.3.23
    Checking tokio v1.52.3
    Checking glutin v0.32.3
    Checking softbuffer v0.4.8
    Checking usvg v0.47.0
    Checking icu_provider v2.2.0
    Checking icu_properties v2.2.0
    Checking icu_normalizer v2.2.0
    Checking icu_locale v2.2.0
    Checking futures-executor v0.3.32
    Checking futures v0.3.32
    Checking resvg v0.47.0
    Checking icu_segmenter v2.2.0
    Checking parley_data v0.8.0
    Checking idna_adapter v1.2.2
    Checking skrifa v0.40.0
    Checking fontique v0.8.0
    Checking harfrust v0.5.2
    Checking idna v1.1.0
    Checking url v2.5.8
    Checking wayland-protocols-wlr v0.3.12
    Checking wayland-protocols-experimental v20250721.0.1
    Checking wayland-protocols-misc v0.3.12
    Checking wayland-protocols-plasma v0.3.12
    Checking webbrowser v1.2.1
    Checking atspi-common v0.13.0
    Checking smithay-client-toolkit v0.19.2
    Checking smithay-client-toolkit v0.20.0
    Checking swash v0.2.7
    Checking i-slint-common v1.16.1
    Checking parley v0.8.0
    Checking sctk-adwaita v0.10.1
    Checking smithay-clipboard v0.7.3
    Checking copypasta v0.10.2
    Checking winit v0.30.13
    Checking i-slint-core v1.16.1
    Checking femtovg v0.23.2
    Checking atspi-proxies v0.13.0
    Checking accesskit_atspi_common v0.15.0
    Checking glutin-winit v0.5.0
    Checking atspi v0.29.0
    Checking accesskit_unix v0.18.0
    Checking i-slint-renderer-software v1.16.1
    Checking i-slint-renderer-femtovg v1.16.1
    Checking accesskit_winit v0.30.0
    Checking i-slint-backend-winit v1.16.1
    Checking slint v1.16.1
    Finished `dev` profile [unoptimized + debuginfo] target(s) in 26.38s
