## src/services/discovery.rs
### hits DiscoveryReport
75:pub struct DiscoveryReport {
355:    pub fn discover(&self, request: &DiscoveryRequest) -> DiscoveryReport {
386:                return DiscoveryReport {
406:        DiscoveryReport {
1541:    ) -> DiscoveryReport {

### hits discover
1://! Fallout 4 and mod-manager discovery orchestration.
3://! The service in this module preserves the reference discovery order while
16:        discovery::{DiscoveryError, FALLOUT4_EXECUTABLE, Fallout4Installation, SemanticVersion},
51:    /// Creates a discovery request with no current process id or local appdata.
73:/// Full discovery report, including partial failures that later UI code can show safely.
84:    /// Ordered manager-discovery steps, useful for debugging MO2 portable/instance selection.
88:/// Supported manager discovery results.
130:/// Manager-specific discovery failures.
159:    /// Returns true when game discovery should stop rather than silently falling through.
160:    pub const fn blocks_game_discovery(&self) -> bool {
219:/// One ordered game-path discovery attempt.
270:/// MO2/manager discovery stages in the order they were checked.
289:/// Outcome for one manager discovery step.
302:/// One ordered manager discovery step.
345:    /// Creates a discovery service from injected platform adapters.
354:    /// Runs manager, game-path, and system metadata discovery without UI prompts.
355:    pub fn discover(&self, request: &DiscoveryRequest) -> DiscoveryReport {
358:                event = "discovery-system-metadata-error",
362:                "System metadata discovery failed"
367:        let mod_manager = self.discover_mod_manager(request, &mut manager_steps);
371:            Err(error) if error.blocks_game_discovery() => {
373:                    event = "discovery-manager-blocked-game-discovery",
375:                    "Manager-specific discovery failure blocked fallback probing"
382:                        "mod-manager discovery",
396:                    event = "discovery-manager-nonblocking-error",
398:                    "Manager discovery failed; continuing fallback game-path probing"
404:        let (game, attempts) = self.discover_game(manager_game_path, request);
415:    fn discover_mod_manager(
426:                .discover_mod_organizer(manager, request, steps)
543:    fn discover_mod_organizer(
863:    fn discover_game(
1020:            event = "fallout4-discovery-candidate",
1045:                    event = "fallout4-discovery-found",
1542:        DiscoveryService::new(filesystem, registry, process).discover(&request)
1637:            .expect("manager discovery should succeed")
1698:            crate::domain::discovery::DiscoveryErrorKind::Fallout4NotFound
1792:    fn mo2_discovery_parses_paths_flags_skip_rules_and_custom_tools() {
1859:    fn mo2_instance_discovery_checks_adjacent_files_before_hkcu_current_instance() {
1916:        assert!(manager_error.blocks_game_discovery());
2115:            crate::domain::discovery::DiscoveryErrorKind::InvalidRegistryPath { .. }

### hits f4se_plugins_path
1049:                    has_f4se_plugins_path = installation.f4se_plugins_path.is_some(),
1099:        let f4se_plugins_path = data_path
1103:        Fallout4Installation::with_optional_paths(game_path, data_path, f4se_plugins_path)
1765:        assert_eq!(installation.f4se_plugins_path, None);
1788:        assert_eq!(installation.f4se_plugins_path, None);

### hits data_path
1048:                    has_data_path = installation.data_path.is_some(),
1098:        let data_path = self.optional_directory(&data_candidate);
1099:        let f4se_plugins_path = data_path
1101:            .and_then(|data_path| self.optional_directory(&data_path.join("F4SE").join("Plugins")));
1103:        Fallout4Installation::with_optional_paths(game_path, data_path, f4se_plugins_path)
1764:        assert_eq!(installation.data_path, None);
1785:            installation.data_path.as_deref(),

### hits mod_manager
17:        mod_manager::{
79:    pub mod_manager: Result<Option<DiscoveredModManager>, ModManagerDiscoveryError>,
367:        let mod_manager = self.discover_mod_manager(request, &mut manager_steps);
368:        let manager_game_path = match &mod_manager {
388:                    mod_manager,
408:            mod_manager,
415:    fn discover_mod_manager(
1636:            .mod_manager
1825:            report.mod_manager.expect("MO2 should parse")
1914:        let manager_error = report.mod_manager.expect_err("MO2 error should surface");
1952:            .mod_manager
1986:        let manager_error = report.mod_manager.expect_err("missing profile should fail");
2016:            .mod_manager
2044:        let Some(manager) = report.mod_manager.expect("Vortex should be detected") else {

### hits manager
1://! Fallout 4 and mod-manager discovery orchestration.
17:        mod_manager::{
44:    /// Current working directory candidate checked after a manager game path.
60:    /// Adds the process id whose parent chain should be inspected for managers.
78:    /// Detected/parsed mod-manager state, or a manager-specific typed error.
79:    pub mod_manager: Result<Option<DiscoveredModManager>, ModManagerDiscoveryError>,
84:    /// Ordered manager-discovery steps, useful for debugging MO2 portable/instance selection.
85:    pub manager_steps: Vec<ModManagerDiscoveryStep>,
88:/// Supported manager discovery results.
98:    /// Returns the exact reference display name for the detected manager.
101:            Self::ModOrganizer(configuration) => configuration.context.manager.display_name(),
102:            Self::Vortex(context) => context.manager.display_name(),
106:    /// Returns the executable path that identified the manager.
109:            Self::ModOrganizer(configuration) => &configuration.context.manager.executable_path,
110:            Self::Vortex(context) => &context.manager.executable_path,
114:    /// Returns the parsed/fallback manager executable version.
117:            Self::ModOrganizer(configuration) => configuration.context.manager.version,
118:            Self::Vortex(context) => context.manager.version,
122:    fn manager_game_path(&self) -> Option<PathBuf> {
133:    /// Process-table inspection failed before a manager could be classified.
135:    /// A matching manager process did not expose an executable path.
139:        /// Process id that matched the manager executable name.
147:    /// Returns safe user-facing text for this manager failure.
184:    /// `gamePath` parsed from a running supported manager.
198:            Self::RunningManagerGamePath => "running-manager-game-path",
270:/// MO2/manager discovery stages in the order they were checked.
275:    /// Adjacent `ModOrganizer.ini` in the manager executable directory.
277:    /// Adjacent `portable.txt` in the manager executable directory.
289:/// Outcome for one manager discovery step.
302:/// One ordered manager discovery step.
354:    /// Runs manager, game-path, and system metadata discovery without UI prompts.
366:        let mut manager_steps = Vec::new();
367:        let mod_manager = self.discover_mod_manager(request, &mut manager_steps);
368:        let manager_game_path = match &mod_manager {
369:            Ok(Some(manager)) => manager.manager_game_path(),
373:                    event = "discovery-manager-blocked-game-discovery",
382:                        "mod-manager discovery",
388:                    mod_manager,
391:                    manager_steps,
396:                    event = "discovery-manager-nonblocking-error",
404:        let (game, attempts) = self.discover_game(manager_game_path, request);
408:            mod_manager,
411:            manager_steps,
415:    fn discover_mod_manager(
420:        let Some(manager) = self.detect_running_manager(request, steps)? else {
424:        match manager.kind {
426:                .discover_mod_organizer(manager, request, steps)
434:                    manager.executable_path.display().to_string(),
438:                    manager,
444:    fn detect_running_manager(
456:                event = "mod-manager-detection-skipped",
486:            if let Some(kind) = manager_kind_from_process_name(&process.name) {
495:                let version = self.manager_version_or_zero(&executable_path);
502:                    event = "mod-manager-detected",
503:                    manager = kind.display_name(),
507:                    "Detected supported mod manager in process ancestry"
526:    fn manager_version_or_zero(&self, executable_path: &Path) -> SemanticVersion {
532:                    event = "manager-version-metadata-error",
545:        manager: DetectedModManager,
549:        let manager_directory = manager
554:        let portable_ini_path = manager_directory.join("ModOrganizer.ini");
560:        let portable_txt_path = manager_directory.join("portable.txt");
571:            return self.parse_mo2_ini(manager, &portable_ini_path, Some(portable_txt_path), true);
587:                        self.parse_mo2_ini(manager.clone(), &instance_ini_path, None, false)?;
615:        self.parse_mo2_ini(manager, &portable_ini_path, None, true)
694:        manager: DetectedModManager,
792:        let mut context = ModOrganizerContext::new(manager, selected_profile, directories)
865:        manager_game_path: Option<PathBuf>,
874:        if let Some(candidate) = manager_game_path {
1287:fn manager_kind_from_process_name(name: &str) -> Option<ModManagerKind> {
1597:    fn manager_game_path_is_checked_before_cwd_and_registry() {
1619:        let installation = report.game.expect("manager game path should win");
1633:            "game registry should not be queried after manager hit"
1635:        let manager = report
1636:            .mod_manager
1637:            .expect("manager discovery should succeed")
1638:            .expect("manager should be detected");
1639:        assert_eq!(manager.display_name(), "Mod Organizer");
1640:        assert_eq!(manager.version(), SemanticVersion::new(2, 5, 2));
1825:            report.mod_manager.expect("MO2 should parse")
1882:            .manager_steps
1899:    fn mo2_portable_marker_without_ini_returns_manager_specific_error_and_does_not_fall_through() {
1914:        let manager_error = report.mod_manager.expect_err("MO2 error should surface");
1915:        assert!(manager_error.is_recoverable());
1916:        assert!(manager_error.blocks_game_discovery());
1918:            manager_error,
1933:    fn mo2_non_fallout_game_name_returns_typed_manager_error() {
1951:        let manager_error = report
1952:            .mod_manager
1955:            manager_error,
1962:            manager_error.user_message(),
1968:    fn mo2_missing_selected_profile_returns_typed_manager_error() {
1986:        let manager_error = report.mod_manager.expect_err("missing profile should fail");
1988:            manager_error,
1995:            manager_error.user_message(),
2016:            .mod_manager
2021:        assert_eq!(context.manager.display_name(), "Vortex");
2023:            context.manager.executable_path,
2026:        assert_eq!(context.manager.version, SemanticVersion::new(1, 12, 3));
2044:        let Some(manager) = report.mod_manager.expect("Vortex should be detected") else {
2045:            panic!("expected Vortex manager");
2047:        assert_eq!(manager.display_name(), "Vortex");
2048:        assert_eq!(manager.version(), SemanticVersion::zero());

### hits install_type

### hits is_
168:    pub const fn is_recoverable(&self) -> bool {
588:                    if configuration.context.game_path.is_some() {
624:        match self.filesystem.is_file(path) {
658:            Ok(Some(value)) if !value.is_empty() => {
748:        if path_is_empty(&mod_directory)
749:            || path_is_empty(&profiles_directory)
750:            || path_is_empty(&overwrite_directory)
771:            .is_some_and(|value| parse_mo2_bool(value));
775:            .is_some_and(|value| parse_mo2_bool(value));
809:            has_game_path = configuration.context.game_path.is_some(),
825:                if self.lenient_is_file(&executable_path) {
834:                    if self.lenient_is_file(&bsarch_path) {
847:    fn lenient_is_file(&self, path: &Path) -> bool {
848:        match self.filesystem.is_file(path) {
849:            Ok(is_file) => is_file,
953:        let diagnostic = (!diagnostics.is_empty()).then(|| diagnostics.join("; "));
967:            Ok(Some(value)) if !value.is_empty() => {
1041:        match self.is_fo4_dir(&normalized) {
1048:                    has_data_path = installation.data_path.is_some(),
1049:                    has_f4se_plugins_path = installation.f4se_plugins_path.is_some(),
1079:        if self.filesystem.is_file(&normalized)? {
1089:    fn is_fo4_dir(&self, path: &Path) -> Result<bool, PlatformError> {
1090:        if !self.filesystem.is_dir(path)? {
1093:        self.filesystem.is_file(&path.join(FALLOUT4_EXECUTABLE))
1107:        match self.filesystem.is_dir(path) {
1176:            "Settings" if is_supported_mo2_setting(setting) => {
1191:fn is_supported_mo2_setting(setting: &str) -> bool {
1223:        if relative.is_empty() {
1278:    if !item.is_empty() {
1283:fn path_is_empty(path: &Path) -> bool {
1284:    path.as_os_str().is_empty()
1319:    if normalized.as_os_str().is_empty() {
1597:    fn manager_game_path_is_checked_before_cwd_and_registry() {
1644:    fn cwd_is_checked_before_bethesda_and_gog_registry_paths() {
1677:            registry.reads.borrow().is_empty(),
1683:    fn not_found_result_is_recoverable_and_never_requires_file_picker_ui() {
1704:        assert!(error.is_recoverable());
1880:        assert!(report.game.is_ok());
1915:        assert!(manager_error.is_recoverable());
1924:        assert!(report.game.is_err());
2001:    fn vortex_detection_is_identity_only_and_uses_parsed_version() {
2031:    fn vortex_detection_uses_zero_version_fallback_when_metadata_is_absent() {

## src/domain/mod_manager.rs
### hits DiscoveryReport

### hits discover
1://! Pure domain contracts for mod-manager discovery results.
13:use crate::domain::discovery::SemanticVersion;
327:    /// Context required by game discovery and staged scanning.
365:/// Typed MO2 parse/discovery failure with safe user-facing text.
503:/// Manager-specific MO2 parse/discovery failure categories.

### hits f4se_plugins_path

### hits data_path

### hits mod_manager

### hits manager
1://! Pure domain contracts for mod-manager discovery results.
15:/// Exact display names for supported mod managers.
48:/// A mod manager executable detected by platform adapters.
51:    /// Kind of manager detected.
60:    /// Creates a detected manager from already-collected adapter data.
87:    /// Returns the exact reference display name for this manager.
92:    /// Returns whether this manager has staging/config parsing in the reference scope.
106:    pub manager: DetectedModManager,
113:            manager: DetectedModManager::vortex(executable_path, version),
234:    pub manager: DetectedModManager,
258:        manager: DetectedModManager,
263:            manager,
346:/// Supported mod-manager context variants.
359:            Self::ModOrganizer(context) => context.manager.display_name(),
360:            Self::Vortex(context) => context.manager.display_name(),
439:    /// Returns the manager kind these parse errors belong to.
440:    pub const fn manager_kind(&self) -> ModManagerKind {
546:    fn mo2_manager() -> DetectedModManager {
554:    fn manager_kind_display_names_and_executables_match_reference() {
574:        let context = ModOrganizerContext::new(mo2_manager(), "Default", directories)
587:        assert_eq!(context.manager.display_name(), "Mod Organizer");
607:        let context = ModOrganizerContext::new(mo2_manager(), "Default", directories);
635:        assert_eq!(context.manager.kind, ModManagerKind::Vortex);
636:        assert_eq!(context.manager.display_name(), "Vortex");
638:            context.manager.executable_path,
641:        assert_eq!(context.manager.version, SemanticVersion::zero());
642:        assert!(!context.manager.has_staging_configuration_scope());
649:        assert_eq!(portable.manager_kind(), ModManagerKind::ModOrganizer);
708:            mo2_manager(),

### hits install_type

### hits is_
490:    pub const fn is_recoverable(&self) -> bool {
627:        assert!(context.skip_rules.directories.is_empty());
631:    fn vortex_detection_scope_is_identity_only_with_zero_version_fallback() {
655:        assert!(portable.is_recoverable());

## src/services/overview.rs
### hits DiscoveryReport
30:    services::discovery::{DiscoveredModManager, DiscoveryReport},
67:    pub discovery: &'a DiscoveryReport,
352:    report: &DiscoveryReport,
378:    report: &'a DiscoveryReport,
397:    report: &DiscoveryReport,
1102:        discovery: &'a DiscoveryReport,
1126:    ) -> DiscoveryReport {
1127:        DiscoveryReport {
1136:    fn error_report() -> DiscoveryReport {
1137:        DiscoveryReport {

### hits discover
3://! The reference Overview tab gathers discovery, binary, archive, module,
13:        discovery::{
30:    services::discovery::{DiscoveredModManager, DiscoveryReport},
66:    /// Discovery report from the discovery service or a test fixture.
67:    pub discovery: &'a DiscoveryReport,
93:        let manager_status = manager_status(input.discovery, &mut problems);
94:        let installation = installation_or_problem(input.discovery, &mut problems);
96:        let system_metadata = system_metadata_or_problem(input.discovery, &mut problems);
453:                && version <= crate::domain::discovery::SemanticVersion::new(2, 5, 2)
1075:            discovery::{
1091:        services::discovery::{ModManagerDiscoveryError, ModManagerDiscoveryStep},
1102:        discovery: &'a DiscoveryReport,
1111:            discovery,
1231:        let discovery = report(
1275:            &discovery,
1313:        let discovery = report(
1334:            &discovery,
1361:        let discovery = report(
1379:            &discovery,
1406:        let discovery = report(
1422:            &discovery,
1447:        let discovery = report(
1472:            &discovery,
1501:        let discovery = report(
1548:            &discovery,
1589:        let discovery = report(
1610:            &discovery,
1634:        let discovery = report(
1668:            &discovery,
1694:        let discovery = report(
1710:            &discovery,
1731:        let discovery = report(
1747:            &discovery,
1765:        let discovery = report(
1780:            &discovery,
1797:            &discovery,
1813:            &discovery,
1833:    fn overview_diagnostics_discovery_manager_and_system_errors_degrade_to_safe_snapshot() {
1834:        let discovery = error_report();
1847:            discovery: &discovery,
1884:        let discovery = report(
1909:            &discovery,

### hits f4se_plugins_path
1312:        installation.f4se_plugins_path = None;

### hits data_path
485:    if matches!(installation, Some(installation) if installation.data_path.is_none()) {

### hits mod_manager
355:    match &report.mod_manager {
358:            problems.push(no_mod_manager_problem());
999:fn no_mod_manager_problem() -> OverviewProblem {
1078:            mod_manager::{
1129:            mod_manager: Ok(manager),
1139:            mod_manager: Err(ModManagerDiscoveryError::ProcessInspection(
1720:            snapshot.top.mod_manager.display_text(),
1932:    fn overview_diagnostics_imports_reference_mod_manager_kind_for_public_surface() {

### hits manager
93:        let manager_status = manager_status(input.discovery, &mut problems);
98:        append_manager_warnings(&manager_status, system_metadata.as_ref(), &mut problems);
112:            manager_status_has_manager(&manager_status),
125:            manager_status,
351:fn manager_status(
355:    match &report.mod_manager {
356:        Ok(Some(manager)) => OverviewModManagerStatus::detected(manager.clone()),
358:            problems.push(no_mod_manager_problem());
430:fn append_manager_warnings(
431:    manager_status: &OverviewModManagerStatus,
435:    let OverviewModManagerStatus::Detected(manager) = manager_status else {
439:    match manager.as_ref() {
451:            let version = configuration.context.manager.version;
665:    manager_detected: bool,
679:        Some(if manager_detected {
682:            "Launch this app with your mod manager.".to_owned()
999:fn no_mod_manager_problem() -> OverviewProblem {
1005:        Some("Your mod manager must launch the app to be detected.".to_owned()),
1009:fn manager_status_has_manager(manager_status: &OverviewModManagerStatus) -> bool {
1010:    matches!(manager_status, OverviewModManagerStatus::Detected(_))
1078:            mod_manager::{
1124:        manager: Option<DiscoveredModManager>,
1129:            mod_manager: Ok(manager),
1132:            manager_steps: Vec::<ModManagerDiscoveryStep>::new(),
1139:            mod_manager: Err(ModManagerDiscoveryError::ProcessInspection(
1154:            manager_steps: Vec::new(),
1190:        let manager = DetectedModManager::mod_organizer("C:/Modding/MO2/ModOrganizer.exe", version);
1192:            manager,
1720:            snapshot.top.mod_manager.display_text(),
1833:    fn overview_diagnostics_discovery_manager_and_system_errors_degrade_to_safe_snapshot() {
1932:    fn overview_diagnostics_imports_reference_mod_manager_kind_for_public_surface() {

### hits install_type
95:        let effective_install_type = effective_install_type(installation, input.binaries);
103:            effective_install_type,
115:        append_archive_problems(input.archives, effective_install_type, &mut problems);
129:            effective_install_type,
154:    pub install_type: Fallout4InstallType,
163:    pub fn new(file_name: impl Into<String>, install_type: Fallout4InstallType) -> Self {
167:            install_type,
418:fn effective_install_type(
425:        .map(|fact| fact.install_type)
426:        .or_else(|| installation.map(|installation| installation.install_type))
498:    install_type: Fallout4InstallType,
505:        let severity = binary_severity(fact, install_type);
506:        let mut row = BinaryStatusRow::new(binary_label(&fact.file_name), fact.install_type)
511:        append_binary_problem(fact, install_type, severity, problems);
527:fn binary_severity(fact: &OverviewBinaryFact, install_type: Fallout4InstallType) -> StatusSeverity {
528:    if is_compatible_binary_install_type(fact.install_type, install_type) {
532:    if fact.install_type == Fallout4InstallType::NotFound
533:        && is_optional_missing_binary(&fact.file_name, install_type)
538:    match fact.install_type {
552:    install_type: Fallout4InstallType,
556:    if !severity.is_problem() && fact.install_type != Fallout4InstallType::Unknown {
561:        && fact.install_type == Fallout4InstallType::Unknown
581:    if fact.install_type == Fallout4InstallType::NotFound
582:        && is_optional_missing_binary(&fact.file_name, install_type)
587:    let problem = if fact.install_type == Fallout4InstallType::NotFound {
592:    let summary = if fact.install_type == Fallout4InstallType::NotFound {
609:fn is_compatible_binary_install_type(
622:fn is_optional_missing_binary(file_name: &str, install_type: Fallout4InstallType) -> bool {
627:                install_type,
720:    install_type: Fallout4InstallType,
756:                if archive_version_mismatches_game(record.version, install_type) =>
790:    install_type: Fallout4InstallType,
794:            install_type,
1158:    fn installation(install_type: Fallout4InstallType) -> Fallout4Installation {
1164:        installation.install_type = install_type;
1168:    fn installation_without_data(install_type: Fallout4InstallType) -> Fallout4Installation {
1174:        installation.install_type = install_type;

### hits is_
452:            if metadata.is_some_and(is_windows_11_24h2_or_later)
470:fn is_windows_11_24h2_or_later(metadata: &SystemMetadata) -> bool {
485:    if matches!(installation, Some(installation) if installation.data_path.is_none()) {
528:    if is_compatible_binary_install_type(fact.install_type, install_type) {
533:        && is_optional_missing_binary(&fact.file_name, install_type)
556:    if !severity.is_problem() && fact.install_type != Fallout4InstallType::Unknown {
567:            .filter(|value| !value.is_empty())
582:        && is_optional_missing_binary(&fact.file_name, install_type)
609:fn is_compatible_binary_install_type(
622:fn is_optional_missing_binary(file_name: &str, install_type: Fallout4InstallType) -> bool {
829:            let display = if version.is_empty() {
885:    if games.is_empty() {
992:    if problems.is_empty() {
1054:        .filter(|name| !name.is_empty())
1300:        assert!(snapshot.problems.is_empty());
1350:        assert!(snapshot.problems.is_empty());
1405:    fn overview_diagnostics_missing_data_is_partial_not_fatal_even_without_f4se_path() {
1693:    fn overview_diagnostics_vortex_identity_only_is_detected_with_partial_support_warning() {

## src/services/overview_collector.rs
### hits DiscoveryReport

### hits discover
6://! mutating user files, launching discovered binaries, or depending on Slint.
17:    domain::discovery::{
214:    /// Installation discovered by the discovery service.
221:    /// Creates a collection request for a discovered Fallout 4 installation.
636:                "Data path was not supplied by discovery.",
1383:    document: &'a crate::domain::discovery::IniDocument,
1489:        domain::discovery::SemanticVersion,

### hits f4se_plugins_path

### hits data_path
588:        let Some(data_path) = installation.data_path.as_ref() else {
591:        let startup_path = data_path.join("Fallout4 - Startup.ba2");
631:        let Some(data_path) = installation.data_path.as_ref() else {
642:        match self.filesystem.metadata(data_path) {
648:                    Some(data_path.clone()),
657:                    Some(data_path.clone()),
665:        match self.filesystem.walk_dir(data_path) {
667:                let index = DataIndex::new(data_path.clone(), entries);
674:                    Some(data_path.clone()),
729:        let Some(data_path) = installation.data_path.as_ref() else {
742:        let address_library_path = data_path.join(&relative_path);

### hits mod_manager

### hits manager

### hits install_type
143:    install_type: Fallout4InstallType,
147:    const fn version(token: &'static str, install_type: Fallout4InstallType) -> Self {
151:            install_type,
155:    const fn hash(token: &'static str, install_type: Fallout4InstallType) -> Self {
159:            install_type,
410:        let detected_install_type = detected_install_type_from_binaries(&binaries);
416:            detected_install_type,
475:                detected_game_type = fact.install_type;
476:            } else if fact.install_type == Fallout4InstallType::NextGenAnniversary
482:                fact.install_type = detected_game_type;
528:            && let Some(install_type) =
529:                lookup_install_type(definition, BinaryClassificationSource::Version, version)
531:            return OverviewBinaryFact::new(definition.relative_path, install_type)
547:        let install_type = hash
550:                lookup_install_type(definition, BinaryClassificationSource::Hash, hash)
554:        OverviewBinaryFact::new(definition.relative_path, install_type)
584:        if fallout4_fact.install_type != Fallout4InstallType::OldGen {
597:                        fallout4_fact.install_type = Fallout4InstallType::DownGrade;
688:        install_type: Fallout4InstallType,
693:            self.collect_address_library(installation, install_type, diagnostics);
710:            install_type,
726:        _install_type: Fallout4InstallType,
923:        install_type: Fallout4InstallType,
975:        if install_type == Fallout4InstallType::Anniversary {
1263:fn lookup_install_type(
1274:        .map(|classification| classification.install_type)
1284:fn detected_install_type_from_binaries(binaries: &[OverviewBinaryFact]) -> Fallout4InstallType {
1288:        .map(|fact| fact.install_type)
1835:            row(&facts.binaries, "Fallout4.exe").install_type,
1839:            row(&facts.binaries, "Fallout4Launcher.exe").install_type,
1843:            row(&facts.binaries, "steam_api64.dll").install_type,
1847:            row(&facts.binaries, "f4se_loader.exe").install_type,
1851:            row(&facts.binaries, "CreationKit.exe").install_type,
1864:        missing_data_installation.install_type = Fallout4InstallType::Unknown;
2180:            row(&facts.binaries, "Fallout4Launcher.exe").install_type,

### hits is_
498:            Ok(metadata) if metadata.is_file() => {}
593:            Ok(metadata) if metadata.is_file() => match self.filesystem.read_bytes(&startup_path) {
643:            Ok(metadata) if metadata.is_dir() => {}
745:            Ok(metadata) if metadata.is_file() => {
787:            Ok(metadata) if metadata.is_file() => match self.filesystem.read_to_string(ccc_path) {
792:                            if line.is_empty() {
796:                                && is_module_path(&path)
860:            Ok(metadata) if metadata.is_file() => {
868:                                    && is_module_path(&path)
933:                Some(path) if is_archive_path(&path) => {
1019:            .filter(|path| is_archive_path(path))
1119:            .filter(|path| is_module_path(path))
1254:                Some(parent) if !parent.as_os_str().is_empty() => normalize_relative_text(
1280:        .filter(|raw| !raw.trim().is_empty())
1344:    for path in index.files.iter().filter(|path| is_module_path(path)) {
1355:                    if !item.is_empty() {
1376:    if !language.is_empty() && language != "en" {
1412:    if !value.is_finite() {
1430:fn is_archive_path(path: &Path) -> bool {
1434:fn is_module_path(path: &Path) -> bool {
1443:        .is_some_and(|extension| extension.eq_ignore_ascii_case(expected))
1449:        .is_some_and(|name| name.eq_ignore_ascii_case(expected))
1456:        .filter(|segment| !segment.is_empty())
1541:                if parent.as_os_str().is_empty() {
1969:                .any(|path| path.extension().is_some_and(|extension| extension == "ba2"))
2127:                .is_some_and(|path| path.ends_with("MissingFromIni.ba2"))

