src/main.rs:7401:    fn s09_downgrader_runtime_wiring_open_entrypoints_and_archive_patcher_deferred() {
src/main.rs:7408:        assert!(OVERVIEW_SLINT.contains("overview-archive-patcher-enabled: false"));
src/main.rs:7409:        assert!(OVERVIEW_SLINT.contains("Deferred until the Archive Patcher workflow is ported."));
src/main.rs:7411:        assert!(TOOLS_SLINT.contains("Deferred until S10 Archive Patcher workflow is ported."));
src/main.rs:7856:    fn s09_downgrader_slint_contract_entrypoints_forward_downgrader_but_keep_archive_patcher_deferred()
src/main.rs:7872:        assert!(OVERVIEW_SLINT.contains("overview-archive-patcher-enabled: false"));
src/main.rs:7873:        assert!(OVERVIEW_SLINT.contains("Deferred until the Archive Patcher workflow is ported."));
src/main.rs:7886:                "Deferred until S10 Archive Patcher workflow is ported.",
src/main.rs:7936:                "Deferred until S10 Archive Patcher workflow is ported.",
src/main.rs:8365:        assert!(OVERVIEW_SLINT.contains("overview-archive-patcher-enabled: false"));
src/main.rs:8367:        assert!(OVERVIEW_SLINT.contains("Deferred until the Archive Patcher workflow is ported."));
src/main.rs:7401:    fn s09_downgrader_runtime_wiring_open_entrypoints_and_archive_patcher_deferred() {
src/main.rs:7408:        assert!(OVERVIEW_SLINT.contains("overview-archive-patcher-enabled: false"));
src/main.rs:7409:        assert!(OVERVIEW_SLINT.contains("Deferred until the Archive Patcher workflow is ported."));
src/main.rs:7411:        assert!(TOOLS_SLINT.contains("Deferred until S10 Archive Patcher workflow is ported."));
src/main.rs:7856:    fn s09_downgrader_slint_contract_entrypoints_forward_downgrader_but_keep_archive_patcher_deferred()
src/main.rs:7872:        assert!(OVERVIEW_SLINT.contains("overview-archive-patcher-enabled: false"));
src/main.rs:7873:        assert!(OVERVIEW_SLINT.contains("Deferred until the Archive Patcher workflow is ported."));
src/main.rs:7886:                "Deferred until S10 Archive Patcher workflow is ported.",
src/main.rs:7936:                "Deferred until S10 Archive Patcher workflow is ported.",
src/main.rs:8365:        assert!(OVERVIEW_SLINT.contains("overview-archive-patcher-enabled: false"));
src/main.rs:8367:        assert!(OVERVIEW_SLINT.contains("Deferred until the Archive Patcher workflow is ported."));
