src/workers/events.rs:642:pub enum ArchivePatcherWorkerPayload {
src/workers/events.rs:644:    CandidatesLoaded {
src/workers/events.rs:651:    PlanReady {
src/workers/events.rs:676:    PatchCompleted {
src/workers/events.rs:683:    RestoreCompleted {
src/workers/events.rs:705:        Self::CandidatesLoaded {
src/workers/events.rs:713:        Self::PlanReady {
src/workers/events.rs:747:        Self::PatchCompleted {
src/workers/events.rs:755:        Self::RestoreCompleted {
src/workers/events.rs:779:            Self::CandidatesLoaded { request_id, .. }
src/workers/events.rs:780:            | Self::PlanReady { request_id, .. }
src/workers/events.rs:783:            | Self::PatchCompleted { request_id, .. }
src/workers/events.rs:784:            | Self::RestoreCompleted { request_id, .. }
src/workers/events.rs:792:            Self::CandidatesLoaded { .. } => ArchivePatcherWorkerStage::Candidates,
src/workers/events.rs:793:            Self::PlanReady { .. } => ArchivePatcherWorkerStage::Plan,
src/workers/events.rs:797:            Self::PatchCompleted { .. } => ArchivePatcherWorkerStage::Patch,
src/workers/events.rs:798:            Self::RestoreCompleted { .. } => ArchivePatcherWorkerStage::Restore,
src/workers/events.rs:836:    PlanReady {
src/workers/events.rs:887:        Self::PlanReady {
src/workers/events.rs:933:            | Self::PlanReady { request_id, .. }
src/workers/events.rs:945:            Self::PlanReady { .. } => DowngraderWorkerStage::Plan,
src/workers/events.rs:1401:            WorkerPayload::Downgrader(DowngraderWorkerPayload::PlanReady { request_id: 11, plan: actual })
src/workers/events.rs:1603:            WorkerPayload::ArchivePatcher(ArchivePatcherWorkerPayload::CandidatesLoaded { request_id: 20, snapshot })
src/workers/events.rs:1608:            WorkerPayload::ArchivePatcher(ArchivePatcherWorkerPayload::PlanReady { request_id: 21, plan: actual })
src/workers/events.rs:1629:            WorkerPayload::ArchivePatcher(ArchivePatcherWorkerPayload::PatchCompleted { request_id: 22, result })
src/workers/events.rs:1634:            WorkerPayload::ArchivePatcher(ArchivePatcherWorkerPayload::RestoreCompleted { request_id: 23, result })
src/app/archive_patcher_controller.rs:88:    PlanReady,
src/app/archive_patcher_controller.rs:484:            ArchivePatcherControllerPhase::PlanReady => ARCHIVE_PATCHER_PLAN_READY_MESSAGE,
src/app/archive_patcher_controller.rs:505:            ArchivePatcherControllerPhase::PlanReady => self
src/app/archive_patcher_controller.rs:524:                    | ArchivePatcherControllerPhase::PlanReady
src/app/archive_patcher_controller.rs:692:            ArchivePatcherControllerPhase::PlanReady => self
src/app/archive_patcher_controller.rs:743:        if self.phase != ArchivePatcherControllerPhase::PlanReady {
src/app/archive_patcher_controller.rs:812:                | ArchivePatcherControllerPhase::PlanReady
src/app/archive_patcher_controller.rs:966:        self.phase = ArchivePatcherControllerPhase::PlanReady;
src/app/archive_patcher_controller.rs:1245:            ArchivePatcherWorkerPayload::CandidatesLoaded {
src/app/archive_patcher_controller.rs:1249:            ArchivePatcherWorkerPayload::PlanReady { request_id, plan } => {
src/app/archive_patcher_controller.rs:1262:            ArchivePatcherWorkerPayload::PatchCompleted { request_id, result } => {
src/app/archive_patcher_controller.rs:1265:            ArchivePatcherWorkerPayload::RestoreCompleted { request_id, result } => {
src/app/archive_patcher_controller.rs:1537:        ArchivePatcherWorkerPayload::CandidatesLoaded { .. }
src/app/archive_patcher_controller.rs:1538:        | ArchivePatcherWorkerPayload::PlanReady { .. }
src/app/archive_patcher_controller.rs:1539:        | ArchivePatcherWorkerPayload::PatchCompleted { .. }
src/app/archive_patcher_controller.rs:1540:        | ArchivePatcherWorkerPayload::RestoreCompleted { .. } => {
src/app/archive_patcher_controller.rs:1868:        assert_eq!(controller.phase(), ArchivePatcherControllerPhase::PlanReady);
src/app/archive_patcher_controller.rs:1968:        assert_eq!(controller.phase(), ArchivePatcherControllerPhase::PlanReady);
