error: mismatched closing delimiter: `}`
   --> /mnt/j/cmt-rs/src/services/autofix.rs:701:47
    |
695 | ...   let completion = AutoFixCompletion {
    |                                          - closing delimiter possibly meant for this
...
701 | ...       status: AutoFixStatus::new(
    |                                     ^ unclosed delimiter
...
709 | ...   };
    |       ^ mismatched closing delimiter

error: unexpected closing delimiter: `}`
   --> /mnt/j/cmt-rs/src/services/autofix.rs:807:1
    |
538 |     ) -> AutoFixServiceResult {
    |                               - the nearest open delimiter
...
544 |         );
    |         - missing open `(` for this delimiter
...
807 | }
    | ^ unexpected closing delimiter

Error writing files: failed to resolve mod `autofix`: cannot parse /mnt/j/cmt-rs/src/services/autofix.rs
