
running 195 tests
test app::overview_controller::tests::overview_controller_desktop_action_success_clears_last_safe_error ... ok
test app::overview_controller::tests::overview_controller_desktop_action_failure_updates_last_safe_error ... ok
test app::overview_controller::tests::overview_controller_refresh_success_applies_latest_snapshot ... ok
test app::overview_controller::tests::overview_controller_ignores_stale_refresh_when_second_request_is_newer ... ok
test app::overview_controller::tests::overview_controller_update_provider_action_tracks_visible_banner ... ok
test app::overview_controller::tests::overview_controller_update_completed_before_refresh_is_applied_after_refresh ... ok
test app::overview_controller::tests::overview_controller_update_source_none_skips_update_work ... ok
test app::overview_controller::tests::overview_controller_initial_loading_sets_busy_snapshot_and_update_check_request ... ok
test app::overview_controller::tests::overview_controller_refresh_failure_maps_to_safe_error_snapshot ... ok
test app::overview_controller::tests::overview_controller_worker_panic_failure_event_maps_to_safe_refresh_error ... ok
test app::about_controller::tests::s05_actions_about_controller_ignores_tools_worker_payloads_and_unknown_resets ... ok
test app::overview_controller::tests::overview_controller_spawn_failure_maps_to_safe_refresh_error ... ok
test app::overview_controller::tests::overview_controller_worker_overview_payload_applies_refresh ... ok
test app::about_controller::tests::s05_actions_about_controller_failure_sets_safe_error_without_raw_diagnostic ... ok
test app::about_controller::tests::s05_actions_about_controller_copy_success_sets_only_target_label_and_reset_restores ... ok
test app::tools_controller::tests::s05_actions_tools_controller_applies_failures_as_safe_error_banners ... ok
test app::tools_controller::tests::s05_actions_tools_controller_ignores_about_worker_payloads ... ok
test app::tools_controller::tests::s05_actions_tools_controller_sets_disabled_status_without_error_banner ... ok
test domain::discovery::tests::tab_loading_error_messages_match_reference_text ... ok
test app::overview_controller::tests::overview_controller_game_path_action_is_available_only_after_path_discovery ... ok
test domain::f4se::tests::f4se_domain_current_game_mapping_is_target_specific ... ok
test domain::f4se::tests::f4se_domain_ambiguous_ngae_rendering_uses_warning_icons ... ok
test domain::f4se::tests::f4se_domain_f4se_without_version_export_is_confirmed_unsupported_for_ngae ... ok
test domain::discovery::tests::install_type_and_semantic_version_reference_display_values_are_stable ... ok
test domain::discovery::tests::discovery_messages_keep_reference_path_exceptions ... ok
test domain::discovery::tests::discovery_not_found_error_is_recoverable_and_does_not_require_file_picker ... ok
test domain::discovery::tests::fallout4_installation_does_not_require_data_or_f4se_paths ... ok
test domain::f4se::tests::f4se_domain_scan_snapshot_models_loading_and_safe_errors ... ok
test domain::discovery::tests::fallout4_installation_can_carry_optional_derived_paths ... ok
test domain::mod_manager::tests::manager_kind_display_names_and_executables_match_reference ... ok
test domain::f4se::tests::f4se_domain_icon_mapping_matches_reference ... ok
test domain::f4se::tests::f4se_domain_inspection_failures_render_safe_unknown_cells ... ok
test domain::f4se::tests::f4se_domain_unknown_game_target_warns_without_hiding_facts ... ok
test domain::f4se::tests::f4se_domain_non_f4se_rendering_matches_reference ... ok
test domain::f4se::tests::f4se_domain_reference_strings_are_locked ... ok
test domain::mod_manager::tests::mo2_parse_errors_are_typed_and_reference_compatible ... ok
test domain::mod_manager::tests::mo2_path_including_messages_match_reference_exceptions ... ok
test domain::mod_manager::tests::mo2_stage_setting_paths_stay_in_diagnostics_not_user_message ... ok
test domain::mod_manager::tests::vortex_detection_scope_is_identity_only_with_zero_version_fallback ... ok
test domain::mod_manager::tests::mo2_reference_defaults_match_python_defaults_without_filesystem_access ... ok
test domain::overview::overview_domain::default_loading_partial_and_error_overview_domain_states_are_explicit ... ok
test domain::overview::overview_domain::discovery_parts_reuse_existing_types_in_overview_domain_snapshot ... ok
test domain::overview::overview_domain::missing_game_path_and_data_marker_are_safe_overview_domain_states ... ok
test domain::overview::overview_domain::problem_feed_records_carry_scanner_ready_overview_domain_fields ... ok
test domain::overview::overview_domain::archive_and_module_record_counts_keep_reference_order_and_severity ... ok
test domain::overview::overview_domain::update_banner_overview_domain_states_match_reference_semantics ... ok
test domain::settings::tests::settings_missing_file_defaults ... ok
test domain::settings::tests::scanner_settings_defaults_enabled ... ok
test app::settings_controller::tests::settings_controller_preserves_loaded_warning_log_level_until_user_selection ... ok
test app::settings_controller::tests::settings_controller_saves_lowercase_log_level_as_uppercase_wire_value ... ok
test app::settings_controller::tests::settings_controller_saves_update_source_immediately ... ok
test app::settings_controller::tests::settings_controller_rejects_invalid_log_level_selection_to_info ... ok
test domain::tests::settings_domain_types_are_publicly_importable ... ok
test app::settings_controller::tests::settings_controller_saves_warning_log_level_as_uppercase_wire_value ... ok
test domain::settings::tests::settings_repair ... ok
test domain::settings::tests::settings_persist_reference_keys ... ok
test domain::overview::overview_domain::label_order_matches_reference_overview_domain_contract ... ok
test domain::discovery::tests::archive_module_and_ini_records_are_pure_domain_state ... ok
test app::settings_controller::tests::settings_controller_reverts_to_last_persisted_value_on_save_failure ... ok
test app::settings_controller::tests::settings_controller_reverts_warning_log_level_on_save_failure ... ok
test platform::clipboard::tests::s05_actions_clipboard_result_keeps_diagnostics_out_of_safe_text ... ok
test platform::clipboard::tests::s05_actions_real_clipboard_rejects_empty_text_before_os_access ... ok
test domain::tools::tests::s05_reference_contract_about_title_credit_links_and_copy_labels_match_reference ... ok
test domain::mod_manager::tests::mo2_configuration_result_can_hold_context_and_executables ... ok
test domain::tools::tests::s05_reference_contract_tool_urls_help_text_and_hints_match_reference ... ok
test domain::tools::tests::s05_reference_contract_tool_group_labels_and_button_order_match_reference ... ok
test domain::tools::tests::s05_reference_contract_deferred_utilities_are_disabled_and_ids_are_unique ... ok
test domain::mod_manager::tests::mo2_context_carries_required_reference_fields ... ok
test platform::desktop::tests::real_desktop_actions_are_explicitly_unsupported_off_windows ... ok
test platform::process::tests::fake_process_inspector_supports_manager_detection_inputs ... ok
test platform::desktop::tests::fake_desktop_actions_return_typed_success_values ... ok
test platform::process::tests::real_process_operations_are_explicitly_unsupported_off_windows ... ok
test platform::filesystem::tests::real_filesystem_missing_file_maps_to_typed_not_found ... ok
test platform::process::tests::fake_process_inspector_returns_typed_system_failures ... ok
test platform::registry::tests::fake_registry_returns_string_values_without_real_registry ... ok
test platform::desktop::tests::fake_desktop_actions_return_typed_failures_without_launching ... ok
test platform::filesystem::tests::fake_filesystem_surfaces_typed_failure_without_real_paths ... ok
test platform::filesystem::tests::fake_filesystem_drives_scan_style_directory_inputs ... ok
test platform::registry::tests::real_registry_is_explicitly_unsupported_off_windows ... ok
test platform::settings_store::tests::asset_resolver_rejects_invalid_download_source_with_nexus_fallback ... ok
test platform::registry::tests::fake_registry_surfaces_typed_failures ... ok
test platform::settings_store::tests::injected_paths_and_asset_resolver_drive_update_source_defaults ... ok
test platform::settings_store::tests::settings_store_uses_current_directory_settings_json_by_default ... ok
test platform::tests::platform_error_keeps_user_message_separate_from_diagnostics ... ok
test platform::tests::platform_adapter_types_are_publicly_importable ... ok
test services::discovery::tests::direct_fallout4_exe_candidate_normalizes_to_parent_game_directory ... ok
test services::discovery::tests::invalid_bethesda_registry_path_returns_reference_registry_error_without_gog_fallthrough ... ok
test services::discovery::tests::cwd_is_checked_before_bethesda_and_gog_registry_paths ... ok
test services::discovery::tests::mo2_portable_marker_without_ini_returns_manager_specific_error_and_does_not_fall_through ... ok
test services::discovery::tests::mo2_non_fallout_game_name_returns_typed_manager_error ... ok
test services::discovery::tests::mo2_missing_selected_profile_returns_typed_manager_error ... ok
test services::discovery::tests::report_includes_fake_backed_system_metadata ... ok
test platform::settings_store::tests::settings_missing_file_defaults ... ok
test services::discovery::tests::not_found_result_is_recoverable_and_never_requires_file_picker_ui ... ok
test services::discovery::tests::registry_read_errors_are_recoverable_diagnostics_and_gog_can_still_be_checked ... ok
test services::discovery::tests::mo2_instance_discovery_checks_adjacent_files_before_hkcu_current_instance ... ok
test services::discovery::tests::mo2_discovery_parses_paths_flags_skip_rules_and_custom_tools ... ok
test services::discovery::tests::valid_game_directory_can_return_partial_missing_derived_paths ... ok
test services::discovery::tests::valid_game_directory_can_return_data_without_f4se_plugins ... ok
test services::discovery::tests::manager_game_path_is_checked_before_cwd_and_registry ... ok
test platform::settings_store::tests::settings_repair_partial_json_preserves_valid_fields_and_removes_unknown_keys ... ok
test services::discovery::tests::vortex_detection_is_identity_only_and_uses_parsed_version ... ok
test services::f4se::tests::f4se_dll_inspector_malformed_bytes_return_typed_parse_failure ... ok
test services::f4se::tests::f4se_dll_inspector_compatible_version_mapping_only_proves_known_runtime_support ... ok
test services::discovery::tests::vortex_detection_uses_zero_version_fallback_when_metadata_is_absent ... ok
test services::f4se::tests::f4se_scan_service_empty_plugin_folder_is_ready_with_zero_rows ... ok
test platform::settings_store::tests::settings_repair_malformed_json_resets_to_defaults ... ok
test services::f4se::tests::f4se_scan_service_missing_plugins_message_respects_manager_hint ... ok
test services::f4se::tests::f4se_scan_service_classification_rows_use_export_facts ... ok
test services::f4se::tests::f4se_scan_service_direct_child_only_enumeration_and_deterministic_order ... ok
test services::f4se::tests::f4se_scan_service_malformed_parser_failure_stays_visible_and_continues ... ok
test services::f4se::tests::f4se_scan_service_plugins_read_error_returns_safe_scan_error ... ok
test services::f4se::tests::f4se_scan_service_missing_data_for_absent_installation_or_data_path ... ok
test services::f4se::tests::f4se_scan_service_unknown_game_target_keeps_your_game_warning ... ok
test services::f4se::tests::f4se_scan_service_unreadable_file_stays_visible_as_warning_row ... ok
test platform::settings_store::tests::settings_save_failure_is_returned ... ok
test platform::settings_store::tests::settings_persist_reference_keys ... ok
test services::f4se::tests::f4se_scan_service_msdia_ignore_skips_reference_helper_dlls ... ok
test services::overview::overview_diagnostics::overview_diagnostics_imports_reference_mod_manager_kind_for_public_surface ... ok
test platform::settings_store::tests::file_asset_resolver_reads_valid_download_source_file_values ... ok
test services::overview::overview_diagnostics::overview_diagnostics_discovery_manager_and_system_errors_degrade_to_safe_snapshot ... ok
test services::overview::overview_diagnostics::overview_diagnostics_mo2_windows_11_24h2_warning_matches_reference_threshold ... ok
test services::overview::overview_diagnostics::overview_diagnostics_missing_data_is_partial_not_fatal_even_without_f4se_path ... ok
test services::overview::overview_diagnostics::overview_diagnostics_update_banner_states_follow_settings_and_worker_result ... ok
test services::overview::overview_diagnostics::overview_diagnostics_vortex_identity_only_is_detected_with_partial_support_warning ... ok
test services::overview::overview_diagnostics::overview_diagnostics_next_gen_allows_missing_steam_loader_and_missing_f4se_path ... ok
test services::overview_collector::overview_collector_tests::overview_collector_parses_enablement_files_ini_archives_and_plugins_fallback ... ok
test services::overview::overview_diagnostics::overview_diagnostics_successful_old_gen_snapshot_has_reference_counts_and_no_problems ... ok
test services::overview::overview_diagnostics::overview_diagnostics_boundary_counts_do_not_create_limit_problems ... ok
test services::overview::overview_diagnostics::overview_diagnostics_anniversary_snapshot_projects_version_and_available_update ... ok
test services::overview::overview_diagnostics::overview_diagnostics_old_gen_rejects_next_gen_archive_versions ... ok
test services::overview::overview_diagnostics::overview_diagnostics_unreadable_invalid_and_wrong_version_records_create_problems ... ok
test services::overview::overview_diagnostics::overview_diagnostics_missing_enablement_files_and_address_library_are_reported ... ok
test services::overview_collector::overview_collector_tests::overview_collector_marks_missing_ccc_and_non_utf8_plugins_without_modal_fallback_failure ... ok
test services::overview_collector::overview_collector_tests::overview_collector_classifies_binary_versions_crc_fallback_unknown_and_missing_base_files ... ok
test services::overview_collector::overview_collector_tests::overview_collector_reads_bounded_ba2_headers_and_classifies_versions_formats_and_errors ... ok
test services::tools::tests::s05_actions_about_clipboard_failure_returns_safe_message_and_diagnostic ... ok
test services::tools::tests::s05_actions_about_clipboard_success_copies_only_reference_url ... ok
test services::overview_collector::overview_collector_tests::overview_collector_reports_missing_base_data_and_address_library_without_panics ... ok
test services::overview_collector::overview_collector_tests::overview_collector_reads_bounded_module_headers_and_classifies_light_full_hedr_and_unreadable ... ok
test services::tools::tests::s05_actions_tools_open_success_uses_static_url ... ok
test services::overview_collector::overview_collector_tests::overview_collector_records_version_adapter_failures_and_keeps_crc_fallback_testable ... ok
test domain::tools::tests::s05_reference_contract_image_resources_are_rust_owned_and_present ... ok
test services::tools::tests::s05_actions_tools_desktop_open_failure_returns_safe_message_and_diagnostic ... ok
test services::update::overview_update_tests::overview_update_desktop_action_failure_feedback_is_safe_for_links_and_paths ... ok
test services::tools::tests::s05_actions_unknown_action_ids_are_rejected_without_adapter_calls ... ok
test services::tools::tests::s05_actions_unsupported_clipboard_adapter_failure_is_safe ... ok
test services::tools::tests::s05_actions_disabled_utilities_are_rejected_without_launching ... ok
test services::update::overview_update_tests::overview_update_version_parser_normalizes_and_compares_numeric_parts ... ok
test tests::main_window_forwards_settings_and_overview_tab_api ... ok
test tests::s05_runtime_wiring_callback_id_mapping_fails_closed_before_workers ... ok
test tests::overview_projection_rows_lock_reference_order_and_deferred_status ... ok
test tests::overview_tab_exposes_refresh_action_status_panels_and_safe_error_state ... ok
test tests::s05_runtime_wiring_non_windows_real_desktop_actions_fail_safely ... ok
test tests::s05_runtime_wiring_spawn_failure_feedback_maps_to_safe_errors ... ok
test tests::s05_runtime_wiring_about_projection_tracks_copy_success_and_reset ... ok
test tests::s05_runtime_wiring_worker_failure_payloads_map_by_surface_task_prefix ... ok
test tests::s05_runtime_wiring_tools_projection_uses_initial_status_and_safe_errors ... ok
test services::update::overview_update_tests::overview_update_source_none_skips_all_clients ... ok
test services::update::overview_update_tests::overview_update_timeout_and_http_failure_are_silent_with_diagnostics ... ok
test services::update::overview_update_tests::overview_update_github_only_calls_github_and_reports_newer_version ... ok
test services::update::overview_update_tests::overview_update_nexus_page_without_version_meta_is_silent_with_diagnostics ... ok
test services::update::overview_update_tests::overview_update_malformed_github_json_is_silent_with_diagnostics ... ok
test services::update::overview_update_tests::overview_update_invalid_version_string_is_silent_with_diagnostics ... ok
test services::update::overview_update_tests::overview_update_newer_version_creates_visible_banner_metadata ... ok
test services::update::overview_update_tests::overview_update_nexus_only_calls_nexus_and_reports_newer_version ... ok
test services::update::overview_update_tests::overview_update_equal_or_older_versions_are_silent_no_update ... ok
test services::update::overview_update_tests::overview_update_both_sources_checks_nexus_then_github_without_retries ... ok
test tests::s05_runtime_wiring_worker_payloads_apply_and_unrelated_payloads_are_ignored ... ok
test tests::s05_slint_contract_about_tab_replaces_placeholder_with_reference_assets_and_copy_state ... ok
test tests::s05_slint_contract_main_window_forwards_tools_and_about_properties_and_callbacks ... ok
test tests::s05_slint_contract_tools_tab_replaces_placeholder_with_reference_groups ... ok
test tests::settings_tab_log_level_labels ... ok
test tests::settings_tab_labels_are_exact_and_in_display_order ... ok
test tests::shell_contract_boundary_markers_construct_as_no_ops ... ok
test tests::shell_contract_inert_tab_components_are_static_placeholders ... ok
test tests::settings_tab_uses_dark_mode_palette ... ok
test tests::shell_tab_labels_match_reference_order ... ok
test workers::events::tests::cancellation_request_acknowledgement_and_final_cancelled_are_distinct_events ... ok
test workers::events::tests::desktop_action_results_flow_through_external_action_payloads ... ok
test tests::shell_tab_labels_count_is_reference_count ... ok
test workers::events::tests::event_envelope_carries_task_status_and_typed_payload ... ok
test tests::shell_contract_main_slint_title_and_tabs_match_rust_contract ... ok
test tests::settings_tab_update_channel_labels ... ok
test workers::events::tests::s05_actions_worker_payload_round_trips_tools_and_about_feedback ... ok
test workers::events::tests::overview_payload_carries_owned_snapshot_and_update_state ... ok
test services::overview::overview_diagnostics::overview_diagnostics_exceeded_limits_create_reference_problem_feed_entries ... ok
test workers::events::tests::progress_supports_optional_text_and_counts_without_percentage_requirements ... ok
test workers::events::tests::task_kinds_cover_required_background_categories ... ok
test workers::handoff::tests::recording_sink_stores_owned_events ... ok
test workers::handoff::tests::slint_event_loop_sink_is_constructible_without_a_window ... ok
test workers::tests::spawning_without_tokio_runtime_returns_typed_error ... ok
test workers::tests::cancellation_request_acknowledgement_and_final_cancelled_flow_through_facade ... ok
test workers::tests::blocking_facade_runs_work_off_calling_thread_and_records_events ... ok
test workers::tests::worker_failures_emit_safe_failure_events ... ok

test result: ok. 195 passed; 0 failed; 0 ignored; 0 measured; 0 filtered out; finished in 0.03s

