## /home/evild/.cargo/registry/src/index.crates.io-1949cf8c6b5b557f/i-slint-compiler-1.16.1/builtins.slint
563: in-out property <int> current-index;
775: in property <int> current-index;
## /home/evild/.cargo/registry/src/index.crates.io-1949cf8c6b5b557f/i-slint-compiler-1.16.1/widgets/qt/combobox.slint
11: in-out property <int> current-index <=> base.current-index;
17: property <length> popup-scroll-y: -max(0, root.current-index - root.visible-items + 1) * 2rem;
81: is-selected: root.current-index == index;
123: is-selected: root.current-index == index;
## /home/evild/.cargo/registry/src/index.crates.io-1949cf8c6b5b557f/i-slint-compiler-1.16.1/widgets/material/tabwidget.slint
13: in property <int> current-index;
## /home/evild/.cargo/registry/src/index.crates.io-1949cf8c6b5b557f/i-slint-compiler-1.16.1/widgets/material/combobox.slint
14: in-out property <int> current-index <=> base.current-index;
20: property <length> popup-scroll-y: -max(0, root.current-index - root.visible-items + 1) * MaterialSizeSettings.item-height;
128: is-selected: index == root.current-index;
## /home/evild/.cargo/registry/src/index.crates.io-1949cf8c6b5b557f/i-slint-compiler-1.16.1/widgets/common/combobox-base.slint
10: in-out property <int> current-index: 0;
11: in-out property <string> current-value: root.model[root.current-index];
24: root.current-index = index;
26: if root.current-value != root.model[root.current-index] {
34: root.select(Math.max(root.current-index - 1, 0));
38: root.select(Math.min(root.current-index + 1, root.model.length - 1));
58: root.current-index = 0;
60: root.current-index = root.current-index.clamp(0, root.model.length - 1);
63: // via the changed handler of current-index
68: if root.current-index < 0 || root.current-index >= root.model.length {
72: root.current-value = root.model[root.current-index];
79: changed current-index => {
## /home/evild/.cargo/registry/src/index.crates.io-1949cf8c6b5b557f/i-slint-compiler-1.16.1/widgets/cosmic/tabwidget.slint
13: in property <int> current-index;
## /home/evild/.cargo/registry/src/index.crates.io-1949cf8c6b5b557f/i-slint-compiler-1.16.1/widgets/cosmic/combobox.slint
13: in-out property <int> current-index <=> base.current-index;
19: property <length> popup-scroll-y: -max(0, root.current-index - root.visible-items + 1) * CosmicSizeSettings.item-height;
123: is-selected: index == root.current-index;
## /home/evild/.cargo/registry/src/index.crates.io-1949cf8c6b5b557f/i-slint-compiler-1.16.1/widgets/fluent/tabwidget.slint
13: in property <int> current-index;
## /home/evild/.cargo/registry/src/index.crates.io-1949cf8c6b5b557f/i-slint-compiler-1.16.1/widgets/fluent/combobox.slint
13: in-out property <int> current-index <=> base.current-index;
19: property <length> popup-scroll-y: -max(0, root.current-index - root.visible-items + 1) * FluentSizeSettings.item-height;
136: is-selected: index == root.current-index;
## /home/evild/.cargo/registry/src/index.crates.io-1949cf8c6b5b557f/i-slint-compiler-1.16.1/widgets/cupertino/tabwidget.slint
13: in property <int> current-index;
## /home/evild/.cargo/registry/src/index.crates.io-1949cf8c6b5b557f/i-slint-compiler-1.16.1/widgets/cupertino/combobox.slint
13: in-out property <int> current-index <=> base.current-index;
20: property <length> popup-scroll-y: -max(0, root.current-index - root.visible-items + 1) * CupertinoSizeSettings.item-height;
201: is-selected: index == root.current-index;
