src/services/archive_patcher.rs:19:            ArchivePatcherArchiveFormat, ArchivePatcherCandidateRow,
src/services/archive_patcher.rs:1143:        marker if marker == BA2_FORMAT_GENERAL.as_slice() => ArchivePatcherArchiveFormat::General,
src/services/archive_patcher.rs:1145:            ArchivePatcherArchiveFormat::DirectX10
src/services/archive_patcher.rs:1191:            discovery::{ArchiveFormat, ArchiveVersion},
src/services/archive_patcher.rs:1338:        format: ArchiveFormat,
src/services/archive_patcher.rs:1339:        version: ArchiveVersion,
src/services/archive_patcher.rs:1341:    ) -> ArchiveRecord {
src/services/archive_patcher.rs:1342:        ArchiveRecord::new(path, format, version, enabled)
src/services/archive_patcher.rs:1363:                ArchiveFormat::General,
src/services/archive_patcher.rs:1364:                ArchiveVersion::NextGen8,
src/services/archive_patcher.rs:1369:                ArchiveFormat::DirectX10,
src/services/archive_patcher.rs:1370:                ArchiveVersion::NextGen7,
src/services/archive_patcher.rs:1375:                ArchiveFormat::General,
src/services/archive_patcher.rs:1376:                ArchiveVersion::NextGen8,
src/services/archive_patcher.rs:1381:                ArchiveFormat::General,
src/services/archive_patcher.rs:1382:                ArchiveVersion::OldGen,
src/services/archive_patcher.rs:1456:            ArchiveFormat::DirectX10,
src/services/archive_patcher.rs:1457:            ArchiveVersion::NextGen8,
src/services/archive_patcher.rs:1499:        assert_eq!(entry.format, ArchivePatcherArchiveFormat::DirectX10);
src/services/archive_patcher.rs:1507:                ArchiveFormat::General,
src/services/archive_patcher.rs:1508:                ArchiveVersion::NextGen8,
src/services/archive_patcher.rs:1513:                ArchiveFormat::General,
src/services/archive_patcher.rs:1514:                ArchiveVersion::NextGen8,
src/services/archive_patcher.rs:1519:                ArchiveFormat::General,
src/services/archive_patcher.rs:1520:                ArchiveVersion::NextGen8,
src/services/archive_patcher.rs:1525:                ArchiveFormat::General,
src/services/archive_patcher.rs:1526:                ArchiveVersion::NextGen8,
src/services/archive_patcher.rs:1566:                ArchiveFormat::General,
src/services/archive_patcher.rs:1567:                ArchiveVersion::NextGen8,
src/services/archive_patcher.rs:1572:                ArchiveFormat::General,
src/services/archive_patcher.rs:1573:                ArchiveVersion::NextGen8,
src/services/archive_patcher.rs:1578:                ArchiveFormat::General,
src/services/archive_patcher.rs:1579:                ArchiveVersion::NextGen8,
src/services/archive_patcher.rs:1619:            ArchiveFormat::General,
src/services/archive_patcher.rs:1620:            ArchiveVersion::OldGen,
src/services/archive_patcher.rs:1646:            ArchiveFormat::General,
src/services/archive_patcher.rs:1647:            ArchiveVersion::NextGen8,
src/services/archive_patcher.rs:1674:            ArchiveFormat::General,
src/services/archive_patcher.rs:1675:            ArchiveVersion::NextGen8,
src/services/archive_patcher.rs:1702:            ArchiveFormat::General,
src/services/archive_patcher.rs:1703:            ArchiveVersion::OldGen,
src/services/archive_patcher.rs:1722:            ArchiveFormat::General,
src/services/archive_patcher.rs:1723:            ArchiveVersion::NextGen8,
src/services/archive_patcher.rs:1757:            discovery::{ArchiveFormat, ArchiveVersion},
src/services/archive_patcher.rs:2072:        format: ArchiveFormat,
src/services/archive_patcher.rs:2073:        version: ArchiveVersion,
src/services/archive_patcher.rs:2075:    ) -> ArchiveRecord {
src/services/archive_patcher.rs:2076:        ArchiveRecord::new(path, format, version, enabled)
src/services/archive_patcher.rs:2123:                ArchiveFormat::General,
src/services/archive_patcher.rs:2124:                ArchiveVersion::NextGen7,
src/services/archive_patcher.rs:2129:                ArchiveFormat::DirectX10,
src/services/archive_patcher.rs:2130:                ArchiveVersion::NextGen8,
src/services/archive_patcher.rs:2188:            ArchiveFormat::General,
src/services/archive_patcher.rs:2189:            ArchiveVersion::OldGen,
src/services/archive_patcher.rs:2222:                ArchiveFormat::General,
src/services/archive_patcher.rs:2223:                ArchiveVersion::NextGen8,
src/services/archive_patcher.rs:2228:                ArchiveFormat::General,
src/services/archive_patcher.rs:2229:                ArchiveVersion::NextGen8,
src/services/archive_patcher.rs:2234:                ArchiveFormat::General,
src/services/archive_patcher.rs:2235:                ArchiveVersion::NextGen8,
src/services/archive_patcher.rs:2240:                ArchiveFormat::General,
src/services/archive_patcher.rs:2241:                ArchiveVersion::NextGen8,
src/services/archive_patcher.rs:2246:                ArchiveFormat::General,
src/services/archive_patcher.rs:2247:                ArchiveVersion::NextGen8,
src/services/archive_patcher.rs:2294:            ArchiveFormat::General,
src/services/archive_patcher.rs:2295:            ArchiveVersion::NextGen8,
src/services/archive_patcher.rs:2332:            ArchiveFormat::General,
src/services/archive_patcher.rs:2333:            ArchiveVersion::NextGen8,
src/services/archive_patcher.rs:2374:            ArchiveFormat::General,
src/services/archive_patcher.rs:2375:            ArchiveVersion::NextGen8,
src/services/archive_patcher.rs:2409:            ArchiveFormat::General,
src/services/archive_patcher.rs:2410:            ArchiveVersion::NextGen8,
src/services/archive_patcher.rs:2458:            ArchivePatcherArchiveFormat::General,
src/services/archive_patcher.rs:2503:            ArchiveFormat::General,
src/services/archive_patcher.rs:2504:            ArchiveVersion::NextGen8,
src/app/archive_patcher_controller.rs:1576:                ArchivePatcherArchiveFormat, ArchivePatcherExecutionFileResult,
src/app/archive_patcher_controller.rs:1583:            discovery::{ArchiveFormat, ArchiveVersion},
src/app/archive_patcher_controller.rs:1588:    fn archive_record(path: &str, version: ArchiveVersion) -> ArchiveRecord {
src/app/archive_patcher_controller.rs:1589:        ArchiveRecord::new(path, ArchiveFormat::General, version, true)
src/app/archive_patcher_controller.rs:1594:            archive_record("Game/Data/A.ba2", ArchiveVersion::NextGen8),
src/app/archive_patcher_controller.rs:1595:            archive_record("Game/Data/B.ba2", ArchiveVersion::NextGen7),
src/app/archive_patcher_controller.rs:1596:            archive_record("Game/Data/Old.ba2", ArchiveVersion::OldGen),
src/app/archive_patcher_controller.rs:1602:            ArchivePatcherTarget::OldGen => ArchiveVersion::NextGen8,
src/app/archive_patcher_controller.rs:1603:            ArchivePatcherTarget::NextGen => ArchiveVersion::OldGen,
src/app/archive_patcher_controller.rs:1608:            ArchiveFormat::General,
src/app/archive_patcher_controller.rs:1649:            ArchivePatcherHeader::new(current_version, ArchivePatcherArchiveFormat::General);
src/app/archive_patcher_controller.rs:1654:            ArchivePatcherArchiveFormat::General,
src/app/archive_patcher_controller.rs:1659:            ba2_header_prefix(current_version, ArchivePatcherArchiveFormat::General),
src/app/archive_patcher_controller.rs:1662:                ArchivePatcherArchiveFormat::General,
src/main.rs:53:        ABOUT_ARCHIVES_BODY, ABOUT_ARCHIVES_TITLE, ArchivePatcherArchiveFormat,
src/main.rs:4771:fn archive_format_label(format: &crate::domain::discovery::ArchiveFormat) -> String {
src/main.rs:4778:fn archive_version_label(version: crate::domain::discovery::ArchiveVersion) -> String {
src/main.rs:4780:        crate::domain::discovery::ArchiveVersion::OldGen => "v1".to_owned(),
src/main.rs:4781:        crate::domain::discovery::ArchiveVersion::NextGen7 => "v7".to_owned(),
src/main.rs:4782:        crate::domain::discovery::ArchiveVersion::NextGen8 => "v8".to_owned(),
src/main.rs:4783:        crate::domain::discovery::ArchiveVersion::Unknown(value) => format!("v{value}"),
