FILE .gsd/journal/2026-05-17.jsonl matches 1 size 53908
 190: {"ts":"2026-05-17T10:55:25.293Z","flowId":"18d9e437-4929-4711-ae24-07f466730ca5","seq":2,"eventType":"dispatch-match","rule":"planning (no research, not S01) → research-slice","data":{"unitType":"research-slice","unitId":"M001/S04"}}
FILE .gsd/journal/2026-05-18.jsonl matches 58 size 82466
 62: {"ts":"2026-05-18T00:49:40.107Z","flowId":"e4cf1e09-8351-4fd2-9609-5ccf8176436b","seq":2,"eventType":"dispatch-match","rule":"planning (no research, not S01) → research-slice","data":{"unitType":"research-slice","unitId":"M001/S05"}}
 130: {"ts":"2026-05-18T03:13:01.718Z","flowId":"auto-orchestrator-1779073981201","seq":2,"eventType":"dispatch-match","data":{"source":"auto-orchestrator","name":"advance","reason":"planning (no research, not S01) → research-slice","unitType":"research-slice","unitId":"M001/S06"}}
 132: {"ts":"2026-05-18T03:13:01.898Z","flowId":"97c09988-003b-47a9-bef2-d7bfd081933a","seq":2,"eventType":"dispatch-match","rule":"planning (no research, not S01) → research-slice","data":{"unitType":"research-slice","unitId":"M001/S06"}}
 196: {"ts":"2026-05-18T04:51:50.559Z","flowId":"4ec18304-3991-491e-b5f8-b454ecc9e5ac","seq":2,"eventType":"dispatch-match","rule":"planning (no research, not S01) → research-slice","data":{"unitType":"research-slice","unitId":"M001/S07"}}
 197: {"ts":"2026-05-18T04:51:50.599Z","flowId":"4ec18304-3991-491e-b5f8-b454ecc9e5ac","seq":3,"eventType":"unit-start","data":{"unitType":"research-slice","unitId":"M001/S07"}}
 198: {"ts":"2026-05-18T05:09:26.501Z","flowId":"4ec18304-3991-491e-b5f8-b454ecc9e5ac","seq":4,"eventType":"unit-end","data":{"unitType":"research-slice","unitId":"M001/S07","status":"completed","artifactVerified":true},"causedBy":{"flowId":"4ec18304-3991-491e-b5f8-b454ecc9e5ac","seq":3}}
 199: {"ts":"2026-05-18T05:09:26.505Z","flowId":"4ec18304-3991-491e-b5f8-b454ecc9e5ac","seq":5,"eventType":"post-unit-finalize-start","data":{"iteration":11,"unitType":"research-slice","unitId":"M001/S07"}}
 200: {"ts":"2026-05-18T05:09:26.863Z","flowId":"4ec18304-3991-491e-b5f8-b454ecc9e5ac","seq":6,"eventType":"post-unit-finalize-end","data":{"iteration":11,"unitType":"research-slice","unitId":"M001/S07","status":"completed","action":"next"}}
 203: {"ts":"2026-05-18T05:09:27.266Z","flowId":"fc45be35-018b-4d40-a8a3-4993b8ba6049","seq":2,"eventType":"dispatch-match","rule":"planning → plan-slice","data":{"unitType":"plan-slice","unitId":"M001/S07"}}
 204: {"ts":"2026-05-18T05:09:27.405Z","flowId":"fc45be35-018b-4d40-a8a3-4993b8ba6049","seq":3,"eventType":"unit-start","data":{"unitType":"plan-slice","unitId":"M001/S07"}}
 205: {"ts":"2026-05-18T05:19:45.675Z","flowId":"fc45be35-018b-4d40-a8a3-4993b8ba6049","seq":4,"eventType":"unit-end","data":{"unitType":"plan-slice","unitId":"M001/S07","status":"completed","artifactVerified":true},"causedBy":{"flowId":"fc45be35-018b-4d40-a8a3-4993b8ba6049","seq":3}}
 206: {"ts":"2026-05-18T05:19:45.680Z","flowId":"fc45be35-018b-4d40-a8a3-4993b8ba6049","seq":5,"eventType":"post-unit-finalize-start","data":{"iteration":12,"unitType":"plan-slice","unitId":"M001/S07"}}
 207: {"ts":"2026-05-18T05:19:45.855Z","flowId":"fc45be35-018b-4d40-a8a3-4993b8ba6049","seq":6,"eventType":"post-unit-finalize-end","data":{"iteration":12,"unitType":"plan-slice","unitId":"M001/S07","status":"completed","action":"next"}}
 211: {"ts":"2026-05-18T05:19:46.291Z","flowId":"8eb71a43-7d95-4cfa-8ce7-e259eee6fc4b","seq":2,"eventType":"dispatch-match","rule":"executing → execute-task","data":{"unitType":"execute-task","unitId":"M001/S07/T01"}}
 212: {"ts":"2026-05-18T05:19:46.611Z","flowId":"8eb71a43-7d95-4cfa-8ce7-e259eee6fc4b","seq":3,"eventType":"unit-start","data":{"unitType":"execute-task","unitId":"M001/S07/T01"}}
 213: {"ts":"2026-05-18T05:33:33.584Z","flowId":"8eb71a43-7d95-4cfa-8ce7-e259eee6fc4b","seq":4,"eventType":"unit-end","data":{"unitType":"execute-task","unitId":"M001/S07/T01","status":"completed","artifactVerified":true},"causedBy":{"flowId":"8eb71a43-7d95-4cfa-8ce7-e259eee6fc4b","seq":3}}
 214: {"ts":"2026-05-18T05:33:33.616Z","flowId":"8eb71a43-7d95-4cfa-8ce7-e259eee6fc4b","seq":5,"eventType":"post-unit-finalize-start","data":{"iteration":14,"unitType":"execute-task","unitId":"M001/S07/T01"}}
 215: {"ts":"2026-05-18T05:33:46.439Z","flowId":"8eb71a43-7d95-4cfa-8ce7-e259eee6fc4b","seq":6,"eventType":"post-unit-finalize-end","data":{"iteration":14,"unitType":"execute-task","unitId":"M001/S07/T01","status":"completed","action":"next"}}
 218: {"ts":"2026-05-18T05:33:46.706Z","flowId":"0a69e68c-fa42-4884-b522-6555c505d7d0","seq":2,"eventType":"dispatch-match","rule":"executing → execute-task","data":{"unitType":"execute-task","unitId":"M001/S07/T02"}}
 219: {"ts":"2026-05-18T05:33:47.062Z","flowId":"0a69e68c-fa42-4884-b522-6555c505d7d0","seq":3,"eventType":"unit-start","data":{"unitType":"execute-task","unitId":"M001/S07/T02"}}
 ...
FILE .gsd/journal/2026-05-19.jsonl matches 55 size 22917
 27: {"ts":"2026-05-19T00:46:00.728Z","flowId":"0b793415-004d-48cd-99db-88c8aefa9549","seq":2,"eventType":"dispatch-match","rule":"planning (no research, not S01) → research-slice","data":{"unitType":"research-slice","unitId":"M001/S10"}}
 28: {"ts":"2026-05-19T00:46:00.767Z","flowId":"0b793415-004d-48cd-99db-88c8aefa9549","seq":3,"eventType":"unit-start","data":{"unitType":"research-slice","unitId":"M001/S10"}}
 29: {"ts":"2026-05-19T01:01:53.433Z","flowId":"0b793415-004d-48cd-99db-88c8aefa9549","seq":4,"eventType":"unit-end","data":{"unitType":"research-slice","unitId":"M001/S10","status":"completed","artifactVerified":true},"causedBy":{"flowId":"0b793415-004d-48cd-99db-88c8aefa9549","seq":3}}
 30: {"ts":"2026-05-19T01:01:53.436Z","flowId":"0b793415-004d-48cd-99db-88c8aefa9549","seq":5,"eventType":"post-unit-finalize-start","data":{"iteration":8,"unitType":"research-slice","unitId":"M001/S10"}}
 31: {"ts":"2026-05-19T01:01:53.741Z","flowId":"0b793415-004d-48cd-99db-88c8aefa9549","seq":6,"eventType":"post-unit-finalize-end","data":{"iteration":8,"unitType":"research-slice","unitId":"M001/S10","status":"completed","action":"next"}}
 34: {"ts":"2026-05-19T01:01:54.013Z","flowId":"3f170973-6073-47c3-b20b-8837753218a0","seq":2,"eventType":"dispatch-match","rule":"planning → plan-slice","data":{"unitType":"plan-slice","unitId":"M001/S10"}}
 35: {"ts":"2026-05-19T01:01:54.131Z","flowId":"3f170973-6073-47c3-b20b-8837753218a0","seq":3,"eventType":"unit-start","data":{"unitType":"plan-slice","unitId":"M001/S10"}}
 36: {"ts":"2026-05-19T01:08:41.300Z","flowId":"3f170973-6073-47c3-b20b-8837753218a0","seq":4,"eventType":"unit-end","data":{"unitType":"plan-slice","unitId":"M001/S10","status":"completed","artifactVerified":true},"causedBy":{"flowId":"3f170973-6073-47c3-b20b-8837753218a0","seq":3}}
 37: {"ts":"2026-05-19T01:08:41.305Z","flowId":"3f170973-6073-47c3-b20b-8837753218a0","seq":5,"eventType":"post-unit-finalize-start","data":{"iteration":9,"unitType":"plan-slice","unitId":"M001/S10"}}
 38: {"ts":"2026-05-19T01:08:41.494Z","flowId":"3f170973-6073-47c3-b20b-8837753218a0","seq":6,"eventType":"post-unit-finalize-end","data":{"iteration":9,"unitType":"plan-slice","unitId":"M001/S10","status":"completed","action":"next"}}
 42: {"ts":"2026-05-19T01:08:41.855Z","flowId":"cfe015cd-ada0-4925-bc90-ad89719a30c3","seq":2,"eventType":"dispatch-match","rule":"executing → execute-task","data":{"unitType":"execute-task","unitId":"M001/S10/T01"}}
 43: {"ts":"2026-05-19T01:08:42.140Z","flowId":"cfe015cd-ada0-4925-bc90-ad89719a30c3","seq":3,"eventType":"unit-start","data":{"unitType":"execute-task","unitId":"M001/S10/T01"}}
 44: {"ts":"2026-05-19T01:35:57.690Z","flowId":"cfe015cd-ada0-4925-bc90-ad89719a30c3","seq":4,"eventType":"unit-end","data":{"unitType":"execute-task","unitId":"M001/S10/T01","status":"completed","artifactVerified":true},"causedBy":{"flowId":"cfe015cd-ada0-4925-bc90-ad89719a30c3","seq":3}}
 45: {"ts":"2026-05-19T01:35:57.725Z","flowId":"cfe015cd-ada0-4925-bc90-ad89719a30c3","seq":5,"eventType":"post-unit-finalize-start","data":{"iteration":11,"unitType":"execute-task","unitId":"M001/S10/T01"}}
 46: {"ts":"2026-05-19T01:36:31.654Z","flowId":"cfe015cd-ada0-4925-bc90-ad89719a30c3","seq":6,"eventType":"post-unit-finalize-end","data":{"iteration":11,"unitType":"execute-task","unitId":"M001/S10/T01","status":"completed","action":"next"}}
 49: {"ts":"2026-05-19T01:36:31.902Z","flowId":"978330c5-63fa-436c-b8b4-17cae98a5652","seq":2,"eventType":"dispatch-match","rule":"executing → execute-task","data":{"unitType":"execute-task","unitId":"M001/S10/T02"}}
 50: {"ts":"2026-05-19T01:36:32.208Z","flowId":"978330c5-63fa-436c-b8b4-17cae98a5652","seq":3,"eventType":"unit-start","data":{"unitType":"execute-task","unitId":"M001/S10/T02"}}
 51: {"ts":"2026-05-19T02:04:22.307Z","flowId":"978330c5-63fa-436c-b8b4-17cae98a5652","seq":4,"eventType":"unit-end","data":{"unitType":"execute-task","unitId":"M001/S10/T02","status":"completed","artifactVerified":true},"causedBy":{"flowId":"978330c5-63fa-436c-b8b4-17cae98a5652","seq":3}}
 52: {"ts":"2026-05-19T02:04:22.339Z","flowId":"978330c5-63fa-436c-b8b4-17cae98a5652","seq":5,"eventType":"post-unit-finalize-start","data":{"iteration":12,"unitType":"execute-task","unitId":"M001/S10/T02"}}
 53: {"ts":"2026-05-19T02:04:48.325Z","flowId":"978330c5-63fa-436c-b8b4-17cae98a5652","seq":6,"eventType":"post-unit-finalize-end","data":{"iteration":12,"unitType":"execute-task","unitId":"M001/S10/T02","status":"completed","action":"next"}}
 ...
