src/app/settings_controller.rs:233:        platform::settings_store::{SettingsStore, StaticAssetResolver},
src/app/settings_controller.rs:238:        let (_root, settings_path) = isolated_settings_path("update-source-save");
src/app/settings_controller.rs:241:            StaticAssetResolver::new(Some("nexus")),
src/app/settings_controller.rs:255:        let (_root, settings_path) = isolated_settings_path("log-level-save");
src/app/settings_controller.rs:258:            StaticAssetResolver::new(Some("nexus")),
src/app/settings_controller.rs:272:        let (_root, settings_path) = isolated_settings_path("warning-log-level-save");
src/app/settings_controller.rs:275:            StaticAssetResolver::new(Some("nexus")),
src/app/settings_controller.rs:289:        let (_root, settings_path) = isolated_settings_path("warning-preserve");
src/app/settings_controller.rs:297:            StaticAssetResolver::new(Some("nexus")),
src/app/settings_controller.rs:313:        let (_root, settings_path) = isolated_settings_path("save-failure-revert");
src/app/settings_controller.rs:316:            StaticAssetResolver::new(Some("nexus")),
src/app/settings_controller.rs:331:        let (_root, settings_path) = isolated_settings_path("warning-save-failure-revert");
src/app/settings_controller.rs:334:            StaticAssetResolver::new(Some("nexus")),
src/app/settings_controller.rs:349:        let (_root, settings_path) = isolated_settings_path("invalid-log-selection");
src/app/settings_controller.rs:352:            StaticAssetResolver::new(Some("nexus")),
src/app/settings_controller.rs:366:        let (_root, settings_path) = isolated_settings_path("scanner-save-on-start");
src/app/settings_controller.rs:369:            StaticAssetResolver::new(Some("nexus")),
src/app/settings_controller.rs:389:        let (_root, settings_path) = isolated_settings_path("scanner-save-failure-revert");
src/app/settings_controller.rs:392:            StaticAssetResolver::new(Some("nexus")),
src/app/settings_controller.rs:409:    fn isolated_settings_path(case_name: &str) -> (PathBuf, PathBuf) {
src/platform/desktop.rs:197:    struct FakeDesktopActions {
src/platform/desktop.rs:201:    impl FakeDesktopActions {
src/platform/desktop.rs:226:    impl DesktopActions for FakeDesktopActions {
src/platform/desktop.rs:245:        let desktop = FakeDesktopActions::default();
src/platform/desktop.rs:258:        let desktop = FakeDesktopActions::default().fail(
src/main.rs:1489:    let span = tracing::info_span!("s07_scanner_scan_worker", scan_id);
src/main.rs:3642:    fn s07_scanner_slint_contract_replaces_placeholder_with_read_only_surface() {
src/main.rs:3749:    fn s07_scanner_slint_contract_main_window_forwards_properties_models_and_callbacks() {
src/main.rs:3811:    fn s07_scanner_slint_contract_runtime_projection_uses_controller_snapshot() {
